<?xml version="1.0" encoding="UTF-8"?>
<testsuite xmlns:xsi="http://www.w3.org/2001/XMLSchema-instance" xsi:noNamespaceSchemaLocation="https://maven.apache.org/surefire/maven-surefire-plugin/xsd/surefire-test-report.xsd" version="3.0.2" name="uk.ac.ed.acp.cw2.AcpCw2ApplicationTests" time="328.978" tests="13" errors="0" skipped="0" failures="0">
  <properties>
    <property name="java.specification.version" value="21"/>
    <property name="sun.cpu.isalist" value="amd64"/>
    <property name="sun.jnu.encoding" value="Cp1252"/>
    <property name="java.class.path" value="C:\Users\miles\Documents\GitHub\AcpCw2\target\test-classes;C:\Users\miles\Documents\GitHub\AcpCw2\target\classes;C:\Users\miles\.m2\repository\org\springframework\boot\spring-boot-starter-web\3.4.3\spring-boot-starter-web-3.4.3.jar;C:\Users\miles\.m2\repository\org\springframework\boot\spring-boot-starter\3.4.3\spring-boot-starter-3.4.3.jar;C:\Users\miles\.m2\repository\org\springframework\boot\spring-boot\3.4.3\spring-boot-3.4.3.jar;C:\Users\miles\.m2\repository\org\springframework\boot\spring-boot-autoconfigure\3.4.3\spring-boot-autoconfigure-3.4.3.jar;C:\Users\miles\.m2\repository\org\springframework\boot\spring-boot-starter-logging\3.4.3\spring-boot-starter-logging-3.4.3.jar;C:\Users\miles\.m2\repository\ch\qos\logback\logback-classic\1.5.16\logback-classic-1.5.16.jar;C:\Users\miles\.m2\repository\ch\qos\logback\logback-core\1.5.16\logback-core-1.5.16.jar;C:\Users\miles\.m2\repository\org\apache\logging\log4j\log4j-to-slf4j\2.24.3\log4j-to-slf4j-2.24.3.jar;C:\Users\miles\.m2\repository\org\apache\logging\log4j\log4j-api\2.24.3\log4j-api-2.24.3.jar;C:\Users\miles\.m2\repository\org\slf4j\jul-to-slf4j\2.0.16\jul-to-slf4j-2.0.16.jar;C:\Users\miles\.m2\repository\jakarta\annotation\jakarta.annotation-api\2.1.1\jakarta.annotation-api-2.1.1.jar;C:\Users\miles\.m2\repository\org\yaml\snakeyaml\2.3\snakeyaml-2.3.jar;C:\Users\miles\.m2\repository\org\springframework\boot\spring-boot-starter-json\3.4.3\spring-boot-starter-json-3.4.3.jar;C:\Users\miles\.m2\repository\com\fasterxml\jackson\core\jackson-databind\2.18.2\jackson-databind-2.18.2.jar;C:\Users\miles\.m2\repository\com\fasterxml\jackson\core\jackson-core\2.18.2\jackson-core-2.18.2.jar;C:\Users\miles\.m2\repository\com\fasterxml\jackson\datatype\jackson-datatype-jdk8\2.18.2\jackson-datatype-jdk8-2.18.2.jar;C:\Users\miles\.m2\repository\com\fasterxml\jackson\datatype\jackson-datatype-jsr310\2.18.2\jackson-datatype-jsr310-2.18.2.jar;C:\Users\miles\.m2\repository\com\fasterxml\jackson\module\jackson-module-parameter-names\2.18.2\jackson-module-parameter-names-2.18.2.jar;C:\Users\miles\.m2\repository\org\springframework\boot\spring-boot-starter-tomcat\3.4.3\spring-boot-starter-tomcat-3.4.3.jar;C:\Users\miles\.m2\repository\org\apache\tomcat\embed\tomcat-embed-core\10.1.36\tomcat-embed-core-10.1.36.jar;C:\Users\miles\.m2\repository\org\apache\tomcat\embed\tomcat-embed-websocket\10.1.36\tomcat-embed-websocket-10.1.36.jar;C:\Users\miles\.m2\repository\org\springframework\spring-web\6.2.3\spring-web-6.2.3.jar;C:\Users\miles\.m2\repository\org\springframework\spring-beans\6.2.3\spring-beans-6.2.3.jar;C:\Users\miles\.m2\repository\org\springframework\spring-webmvc\6.2.3\spring-webmvc-6.2.3.jar;C:\Users\miles\.m2\repository\org\springframework\spring-context\6.2.3\spring-context-6.2.3.jar;C:\Users\miles\.m2\repository\org\springframework\spring-expression\6.2.3\spring-expression-6.2.3.jar;C:\Users\miles\.m2\repository\org\springframework\boot\spring-boot-starter-test\3.4.3\spring-boot-starter-test-3.4.3.jar;C:\Users\miles\.m2\repository\org\springframework\boot\spring-boot-test\3.4.3\spring-boot-test-3.4.3.jar;C:\Users\miles\.m2\repository\org\springframework\boot\spring-boot-test-autoconfigure\3.4.3\spring-boot-test-autoconfigure-3.4.3.jar;C:\Users\miles\.m2\repository\com\jayway\jsonpath\json-path\2.9.0\json-path-2.9.0.jar;C:\Users\miles\.m2\repository\jakarta\xml\bind\jakarta.xml.bind-api\4.0.2\jakarta.xml.bind-api-4.0.2.jar;C:\Users\miles\.m2\repository\jakarta\activation\jakarta.activation-api\2.1.3\jakarta.activation-api-2.1.3.jar;C:\Users\miles\.m2\repository\net\minidev\json-smart\2.5.2\json-smart-2.5.2.jar;C:\Users\miles\.m2\repository\net\minidev\accessors-smart\2.5.2\accessors-smart-2.5.2.jar;C:\Users\miles\.m2\repository\org\ow2\asm\asm\9.7.1\asm-9.7.1.jar;C:\Users\miles\.m2\repository\org\assertj\assertj-core\3.26.3\assertj-core-3.26.3.jar;C:\Users\miles\.m2\repository\net\bytebuddy\byte-buddy\1.15.11\byte-buddy-1.15.11.jar;C:\Users\miles\.m2\repository\org\awaitility\awaitility\4.2.2\awaitility-4.2.2.jar;C:\Users\miles\.m2\repository\org\hamcrest\hamcrest\2.2\hamcrest-2.2.jar;C:\Users\miles\.m2\repository\org\junit\jupiter\junit-jupiter\5.11.4\junit-jupiter-5.11.4.jar;C:\Users\miles\.m2\repository\org\junit\jupiter\junit-jupiter-api\5.11.4\junit-jupiter-api-5.11.4.jar;C:\Users\miles\.m2\repository\org\opentest4j\opentest4j\1.3.0\opentest4j-1.3.0.jar;C:\Users\miles\.m2\repository\org\junit\platform\junit-platform-commons\1.11.4\junit-platform-commons-1.11.4.jar;C:\Users\miles\.m2\repository\org\apiguardian\apiguardian-api\1.1.2\apiguardian-api-1.1.2.jar;C:\Users\miles\.m2\repository\org\junit\jupiter\junit-jupiter-params\5.11.4\junit-jupiter-params-5.11.4.jar;C:\Users\miles\.m2\repository\org\junit\jupiter\junit-jupiter-engine\5.11.4\junit-jupiter-engine-5.11.4.jar;C:\Users\miles\.m2\repository\org\junit\platform\junit-platform-engine\1.11.4\junit-platform-engine-1.11.4.jar;C:\Users\miles\.m2\repository\org\mockito\mockito-core\5.14.2\mockito-core-5.14.2.jar;C:\Users\miles\.m2\repository\net\bytebuddy\byte-buddy-agent\1.15.11\byte-buddy-agent-1.15.11.jar;C:\Users\miles\.m2\repository\org\objenesis\objenesis\3.3\objenesis-3.3.jar;C:\Users\miles\.m2\repository\org\mockito\mockito-junit-jupiter\5.14.2\mockito-junit-jupiter-5.14.2.jar;C:\Users\miles\.m2\repository\org\skyscreamer\jsonassert\1.5.3\jsonassert-1.5.3.jar;C:\Users\miles\.m2\repository\com\vaadin\external\google\android-json\0.0.20131108.vaadin1\android-json-0.0.20131108.vaadin1.jar;C:\Users\miles\.m2\repository\org\springframework\spring-core\6.2.3\spring-core-6.2.3.jar;C:\Users\miles\.m2\repository\org\springframework\spring-jcl\6.2.3\spring-jcl-6.2.3.jar;C:\Users\miles\.m2\repository\org\springframework\spring-test\6.2.3\spring-test-6.2.3.jar;C:\Users\miles\.m2\repository\org\xmlunit\xmlunit-core\2.10.0\xmlunit-core-2.10.0.jar;C:\Users\miles\.m2\repository\com\google\code\gson\gson\2.10.1\gson-2.10.1.jar;C:\Users\miles\.m2\repository\com\rabbitmq\amqp-client\5.20.0\amqp-client-5.20.0.jar;C:\Users\miles\.m2\repository\redis\clients\jedis\4.3.1\jedis-4.3.1.jar;C:\Users\miles\.m2\repository\org\apache\commons\commons-pool2\2.12.1\commons-pool2-2.12.1.jar;C:\Users\miles\.m2\repository\org\json\json\20220320\json-20220320.jar;C:\Users\miles\.m2\repository\org\projectlombok\lombok\1.18.36\lombok-1.18.36.jar;C:\Users\miles\.m2\repository\org\springframework\boot\spring-boot-starter-actuator\3.4.1\spring-boot-starter-actuator-3.4.1.jar;C:\Users\miles\.m2\repository\org\springframework\boot\spring-boot-actuator-autoconfigure\3.4.3\spring-boot-actuator-autoconfigure-3.4.3.jar;C:\Users\miles\.m2\repository\org\springframework\boot\spring-boot-actuator\3.4.3\spring-boot-actuator-3.4.3.jar;C:\Users\miles\.m2\repository\io\micrometer\micrometer-observation\1.14.4\micrometer-observation-1.14.4.jar;C:\Users\miles\.m2\repository\io\micrometer\micrometer-commons\1.14.4\micrometer-commons-1.14.4.jar;C:\Users\miles\.m2\repository\io\micrometer\micrometer-jakarta9\1.14.4\micrometer-jakarta9-1.14.4.jar;C:\Users\miles\.m2\repository\io\micrometer\micrometer-core\1.14.4\micrometer-core-1.14.4.jar;C:\Users\miles\.m2\repository\org\hdrhistogram\HdrHistogram\2.2.2\HdrHistogram-2.2.2.jar;C:\Users\miles\.m2\repository\org\latencyutils\LatencyUtils\2.0.3\LatencyUtils-2.0.3.jar;C:\Users\miles\.m2\repository\org\springframework\boot\spring-boot-starter-validation\3.4.2\spring-boot-starter-validation-3.4.2.jar;C:\Users\miles\.m2\repository\org\apache\tomcat\embed\tomcat-embed-el\10.1.36\tomcat-embed-el-10.1.36.jar;C:\Users\miles\.m2\repository\org\hibernate\validator\hibernate-validator\8.0.2.Final\hibernate-validator-8.0.2.Final.jar;C:\Users\miles\.m2\repository\jakarta\validation\jakarta.validation-api\3.0.2\jakarta.validation-api-3.0.2.jar;C:\Users\miles\.m2\repository\org\jboss\logging\jboss-logging\3.6.1.Final\jboss-logging-3.6.1.Final.jar;C:\Users\miles\.m2\repository\com\fasterxml\classmate\1.7.0\classmate-1.7.0.jar;C:\Users\miles\.m2\repository\org\springframework\boot\spring-boot-starter-aop\3.4.2\spring-boot-starter-aop-3.4.2.jar;C:\Users\miles\.m2\repository\org\springframework\spring-aop\6.2.3\spring-aop-6.2.3.jar;C:\Users\miles\.m2\repository\org\aspectj\aspectjweaver\1.9.22.1\aspectjweaver-1.9.22.1.jar;C:\Users\miles\.m2\repository\org\apache\kafka\kafka-clients\3.9.0\kafka-clients-3.9.0.jar;C:\Users\miles\.m2\repository\com\github\luben\zstd-jni\1.5.6-4\zstd-jni-1.5.6-4.jar;C:\Users\miles\.m2\repository\org\lz4\lz4-java\1.8.0\lz4-java-1.8.0.jar;C:\Users\miles\.m2\repository\org\xerial\snappy\snappy-java\1.1.10.5\snappy-java-1.1.10.5.jar;C:\Users\miles\.m2\repository\org\springdoc\springdoc-openapi-starter-webmvc-ui\2.8.5\springdoc-openapi-starter-webmvc-ui-2.8.5.jar;C:\Users\miles\.m2\repository\org\springdoc\springdoc-openapi-starter-webmvc-api\2.8.5\springdoc-openapi-starter-webmvc-api-2.8.5.jar;C:\Users\miles\.m2\repository\org\webjars\swagger-ui\5.18.3\swagger-ui-5.18.3.jar;C:\Users\miles\.m2\repository\org\webjars\webjars-locator-lite\1.0.1\webjars-locator-lite-1.0.1.jar;C:\Users\miles\.m2\repository\org\jspecify\jspecify\1.0.0\jspecify-1.0.0.jar;C:\Users\miles\.m2\repository\org\springdoc\springdoc-openapi-starter-webflux-api\2.8.5\springdoc-openapi-starter-webflux-api-2.8.5.jar;C:\Users\miles\.m2\repository\org\springdoc\springdoc-openapi-starter-common\2.8.5\springdoc-openapi-starter-common-2.8.5.jar;C:\Users\miles\.m2\repository\io\swagger\core\v3\swagger-core-jakarta\2.2.28\swagger-core-jakarta-2.2.28.jar;C:\Users\miles\.m2\repository\org\apache\commons\commons-lang3\3.17.0\commons-lang3-3.17.0.jar;C:\Users\miles\.m2\repository\io\swagger\core\v3\swagger-annotations-jakarta\2.2.28\swagger-annotations-jakarta-2.2.28.jar;C:\Users\miles\.m2\repository\io\swagger\core\v3\swagger-models-jakarta\2.2.28\swagger-models-jakarta-2.2.28.jar;C:\Users\miles\.m2\repository\com\fasterxml\jackson\dataformat\jackson-dataformat-yaml\2.18.2\jackson-dataformat-yaml-2.18.2.jar;C:\Users\miles\.m2\repository\org\springframework\spring-webflux\6.2.3\spring-webflux-6.2.3.jar;C:\Users\miles\.m2\repository\io\projectreactor\reactor-core\3.7.3\reactor-core-3.7.3.jar;C:\Users\miles\.m2\repository\org\reactivestreams\reactive-streams\1.0.4\reactive-streams-1.0.4.jar;C:\Users\miles\.m2\repository\org\testcontainers\testcontainers\1.20.5\testcontainers-1.20.5.jar;C:\Users\miles\.m2\repository\junit\junit\4.13.2\junit-4.13.2.jar;C:\Users\miles\.m2\repository\org\hamcrest\hamcrest-core\2.2\hamcrest-core-2.2.jar;C:\Users\miles\.m2\repository\org\apache\commons\commons-compress\1.24.0\commons-compress-1.24.0.jar;C:\Users\miles\.m2\repository\org\rnorth\duct-tape\duct-tape\1.0.8\duct-tape-1.0.8.jar;C:\Users\miles\.m2\repository\org\jetbrains\annotations\17.0.0\annotations-17.0.0.jar;C:\Users\miles\.m2\repository\com\github\docker-java\docker-java-api\3.4.1\docker-java-api-3.4.1.jar;C:\Users\miles\.m2\repository\com\fasterxml\jackson\core\jackson-annotations\2.18.2\jackson-annotations-2.18.2.jar;C:\Users\miles\.m2\repository\com\github\docker-java\docker-java-transport-zerodep\3.4.1\docker-java-transport-zerodep-3.4.1.jar;C:\Users\miles\.m2\repository\com\github\docker-java\docker-java-transport\3.4.1\docker-java-transport-3.4.1.jar;C:\Users\miles\.m2\repository\net\java\dev\jna\jna\5.13.0\jna-5.13.0.jar;C:\Users\miles\.m2\repository\org\testcontainers\junit-jupiter\1.20.5\junit-jupiter-1.20.5.jar;C:\Users\miles\.m2\repository\org\testcontainers\kafka\1.20.5\kafka-1.20.5.jar;C:\Users\miles\.m2\repository\org\testcontainers\rabbitmq\1.20.5\rabbitmq-1.20.5.jar;C:\Users\miles\.m2\repository\org\springframework\boot\spring-boot-starter-amqp\3.4.3\spring-boot-starter-amqp-3.4.3.jar;C:\Users\miles\.m2\repository\org\springframework\spring-messaging\6.2.3\spring-messaging-6.2.3.jar;C:\Users\miles\.m2\repository\org\springframework\amqp\spring-rabbit\3.2.3\spring-rabbit-3.2.3.jar;C:\Users\miles\.m2\repository\org\springframework\amqp\spring-amqp\3.2.3\spring-amqp-3.2.3.jar;C:\Users\miles\.m2\repository\org\springframework\retry\spring-retry\2.0.11\spring-retry-2.0.11.jar;C:\Users\miles\.m2\repository\org\springframework\spring-tx\6.2.3\spring-tx-6.2.3.jar;C:\Users\miles\.m2\repository\org\slf4j\slf4j-api\2.0.9\slf4j-api-2.0.9.jar;"/>
    <property name="java.vm.vendor" value="Oracle Corporation"/>
    <property name="sun.arch.data.model" value="64"/>
    <property name="user.variant" value=""/>
    <property name="catalina.useNaming" value="false"/>
    <property name="java.vendor.url" value="https://java.oracle.com/"/>
    <property name="user.timezone" value="Europe/London"/>
    <property name="org.jboss.logging.provider" value="slf4j"/>
    <property name="os.name" value="Windows 10"/>
    <property name="java.vm.specification.version" value="21"/>
    <property name="APPLICATION_NAME" value="acpCw2Service"/>
    <property name="sun.java.launcher" value="SUN_STANDARD"/>
    <property name="user.country" value="GB"/>
    <property name="sun.boot.library.path" value="C:\Program Files\Java\jdk-21\bin"/>
    <property name="sun.java.command" value="C:\Users\miles\AppData\Local\Temp\surefire16006142445669843509\surefirebooter-20250426022045494_3.jar C:\Users\miles\AppData\Local\Temp\surefire16006142445669843509 2025-04-26T02-20-45_299-jvmRun1 surefire-20250426022045494_1tmp surefire_0-20250426022045494_2tmp"/>
    <property name="jdk.debug" value="release"/>
    <property name="surefire.test.class.path" value="C:\Users\miles\Documents\GitHub\AcpCw2\target\test-classes;C:\Users\miles\Documents\GitHub\AcpCw2\target\classes;C:\Users\miles\.m2\repository\org\springframework\boot\spring-boot-starter-web\3.4.3\spring-boot-starter-web-3.4.3.jar;C:\Users\miles\.m2\repository\org\springframework\boot\spring-boot-starter\3.4.3\spring-boot-starter-3.4.3.jar;C:\Users\miles\.m2\repository\org\springframework\boot\spring-boot\3.4.3\spring-boot-3.4.3.jar;C:\Users\miles\.m2\repository\org\springframework\boot\spring-boot-autoconfigure\3.4.3\spring-boot-autoconfigure-3.4.3.jar;C:\Users\miles\.m2\repository\org\springframework\boot\spring-boot-starter-logging\3.4.3\spring-boot-starter-logging-3.4.3.jar;C:\Users\miles\.m2\repository\ch\qos\logback\logback-classic\1.5.16\logback-classic-1.5.16.jar;C:\Users\miles\.m2\repository\ch\qos\logback\logback-core\1.5.16\logback-core-1.5.16.jar;C:\Users\miles\.m2\repository\org\apache\logging\log4j\log4j-to-slf4j\2.24.3\log4j-to-slf4j-2.24.3.jar;C:\Users\miles\.m2\repository\org\apache\logging\log4j\log4j-api\2.24.3\log4j-api-2.24.3.jar;C:\Users\miles\.m2\repository\org\slf4j\jul-to-slf4j\2.0.16\jul-to-slf4j-2.0.16.jar;C:\Users\miles\.m2\repository\jakarta\annotation\jakarta.annotation-api\2.1.1\jakarta.annotation-api-2.1.1.jar;C:\Users\miles\.m2\repository\org\yaml\snakeyaml\2.3\snakeyaml-2.3.jar;C:\Users\miles\.m2\repository\org\springframework\boot\spring-boot-starter-json\3.4.3\spring-boot-starter-json-3.4.3.jar;C:\Users\miles\.m2\repository\com\fasterxml\jackson\core\jackson-databind\2.18.2\jackson-databind-2.18.2.jar;C:\Users\miles\.m2\repository\com\fasterxml\jackson\core\jackson-core\2.18.2\jackson-core-2.18.2.jar;C:\Users\miles\.m2\repository\com\fasterxml\jackson\datatype\jackson-datatype-jdk8\2.18.2\jackson-datatype-jdk8-2.18.2.jar;C:\Users\miles\.m2\repository\com\fasterxml\jackson\datatype\jackson-datatype-jsr310\2.18.2\jackson-datatype-jsr310-2.18.2.jar;C:\Users\miles\.m2\repository\com\fasterxml\jackson\module\jackson-module-parameter-names\2.18.2\jackson-module-parameter-names-2.18.2.jar;C:\Users\miles\.m2\repository\org\springframework\boot\spring-boot-starter-tomcat\3.4.3\spring-boot-starter-tomcat-3.4.3.jar;C:\Users\miles\.m2\repository\org\apache\tomcat\embed\tomcat-embed-core\10.1.36\tomcat-embed-core-10.1.36.jar;C:\Users\miles\.m2\repository\org\apache\tomcat\embed\tomcat-embed-websocket\10.1.36\tomcat-embed-websocket-10.1.36.jar;C:\Users\miles\.m2\repository\org\springframework\spring-web\6.2.3\spring-web-6.2.3.jar;C:\Users\miles\.m2\repository\org\springframework\spring-beans\6.2.3\spring-beans-6.2.3.jar;C:\Users\miles\.m2\repository\org\springframework\spring-webmvc\6.2.3\spring-webmvc-6.2.3.jar;C:\Users\miles\.m2\repository\org\springframework\spring-context\6.2.3\spring-context-6.2.3.jar;C:\Users\miles\.m2\repository\org\springframework\spring-expression\6.2.3\spring-expression-6.2.3.jar;C:\Users\miles\.m2\repository\org\springframework\boot\spring-boot-starter-test\3.4.3\spring-boot-starter-test-3.4.3.jar;C:\Users\miles\.m2\repository\org\springframework\boot\spring-boot-test\3.4.3\spring-boot-test-3.4.3.jar;C:\Users\miles\.m2\repository\org\springframework\boot\spring-boot-test-autoconfigure\3.4.3\spring-boot-test-autoconfigure-3.4.3.jar;C:\Users\miles\.m2\repository\com\jayway\jsonpath\json-path\2.9.0\json-path-2.9.0.jar;C:\Users\miles\.m2\repository\jakarta\xml\bind\jakarta.xml.bind-api\4.0.2\jakarta.xml.bind-api-4.0.2.jar;C:\Users\miles\.m2\repository\jakarta\activation\jakarta.activation-api\2.1.3\jakarta.activation-api-2.1.3.jar;C:\Users\miles\.m2\repository\net\minidev\json-smart\2.5.2\json-smart-2.5.2.jar;C:\Users\miles\.m2\repository\net\minidev\accessors-smart\2.5.2\accessors-smart-2.5.2.jar;C:\Users\miles\.m2\repository\org\ow2\asm\asm\9.7.1\asm-9.7.1.jar;C:\Users\miles\.m2\repository\org\assertj\assertj-core\3.26.3\assertj-core-3.26.3.jar;C:\Users\miles\.m2\repository\net\bytebuddy\byte-buddy\1.15.11\byte-buddy-1.15.11.jar;C:\Users\miles\.m2\repository\org\awaitility\awaitility\4.2.2\awaitility-4.2.2.jar;C:\Users\miles\.m2\repository\org\hamcrest\hamcrest\2.2\hamcrest-2.2.jar;C:\Users\miles\.m2\repository\org\junit\jupiter\junit-jupiter\5.11.4\junit-jupiter-5.11.4.jar;C:\Users\miles\.m2\repository\org\junit\jupiter\junit-jupiter-api\5.11.4\junit-jupiter-api-5.11.4.jar;C:\Users\miles\.m2\repository\org\opentest4j\opentest4j\1.3.0\opentest4j-1.3.0.jar;C:\Users\miles\.m2\repository\org\junit\platform\junit-platform-commons\1.11.4\junit-platform-commons-1.11.4.jar;C:\Users\miles\.m2\repository\org\apiguardian\apiguardian-api\1.1.2\apiguardian-api-1.1.2.jar;C:\Users\miles\.m2\repository\org\junit\jupiter\junit-jupiter-params\5.11.4\junit-jupiter-params-5.11.4.jar;C:\Users\miles\.m2\repository\org\junit\jupiter\junit-jupiter-engine\5.11.4\junit-jupiter-engine-5.11.4.jar;C:\Users\miles\.m2\repository\org\junit\platform\junit-platform-engine\1.11.4\junit-platform-engine-1.11.4.jar;C:\Users\miles\.m2\repository\org\mockito\mockito-core\5.14.2\mockito-core-5.14.2.jar;C:\Users\miles\.m2\repository\net\bytebuddy\byte-buddy-agent\1.15.11\byte-buddy-agent-1.15.11.jar;C:\Users\miles\.m2\repository\org\objenesis\objenesis\3.3\objenesis-3.3.jar;C:\Users\miles\.m2\repository\org\mockito\mockito-junit-jupiter\5.14.2\mockito-junit-jupiter-5.14.2.jar;C:\Users\miles\.m2\repository\org\skyscreamer\jsonassert\1.5.3\jsonassert-1.5.3.jar;C:\Users\miles\.m2\repository\com\vaadin\external\google\android-json\0.0.20131108.vaadin1\android-json-0.0.20131108.vaadin1.jar;C:\Users\miles\.m2\repository\org\springframework\spring-core\6.2.3\spring-core-6.2.3.jar;C:\Users\miles\.m2\repository\org\springframework\spring-jcl\6.2.3\spring-jcl-6.2.3.jar;C:\Users\miles\.m2\repository\org\springframework\spring-test\6.2.3\spring-test-6.2.3.jar;C:\Users\miles\.m2\repository\org\xmlunit\xmlunit-core\2.10.0\xmlunit-core-2.10.0.jar;C:\Users\miles\.m2\repository\com\google\code\gson\gson\2.10.1\gson-2.10.1.jar;C:\Users\miles\.m2\repository\com\rabbitmq\amqp-client\5.20.0\amqp-client-5.20.0.jar;C:\Users\miles\.m2\repository\redis\clients\jedis\4.3.1\jedis-4.3.1.jar;C:\Users\miles\.m2\repository\org\apache\commons\commons-pool2\2.12.1\commons-pool2-2.12.1.jar;C:\Users\miles\.m2\repository\org\json\json\20220320\json-20220320.jar;C:\Users\miles\.m2\repository\org\projectlombok\lombok\1.18.36\lombok-1.18.36.jar;C:\Users\miles\.m2\repository\org\springframework\boot\spring-boot-starter-actuator\3.4.1\spring-boot-starter-actuator-3.4.1.jar;C:\Users\miles\.m2\repository\org\springframework\boot\spring-boot-actuator-autoconfigure\3.4.3\spring-boot-actuator-autoconfigure-3.4.3.jar;C:\Users\miles\.m2\repository\org\springframework\boot\spring-boot-actuator\3.4.3\spring-boot-actuator-3.4.3.jar;C:\Users\miles\.m2\repository\io\micrometer\micrometer-observation\1.14.4\micrometer-observation-1.14.4.jar;C:\Users\miles\.m2\repository\io\micrometer\micrometer-commons\1.14.4\micrometer-commons-1.14.4.jar;C:\Users\miles\.m2\repository\io\micrometer\micrometer-jakarta9\1.14.4\micrometer-jakarta9-1.14.4.jar;C:\Users\miles\.m2\repository\io\micrometer\micrometer-core\1.14.4\micrometer-core-1.14.4.jar;C:\Users\miles\.m2\repository\org\hdrhistogram\HdrHistogram\2.2.2\HdrHistogram-2.2.2.jar;C:\Users\miles\.m2\repository\org\latencyutils\LatencyUtils\2.0.3\LatencyUtils-2.0.3.jar;C:\Users\miles\.m2\repository\org\springframework\boot\spring-boot-starter-validation\3.4.2\spring-boot-starter-validation-3.4.2.jar;C:\Users\miles\.m2\repository\org\apache\tomcat\embed\tomcat-embed-el\10.1.36\tomcat-embed-el-10.1.36.jar;C:\Users\miles\.m2\repository\org\hibernate\validator\hibernate-validator\8.0.2.Final\hibernate-validator-8.0.2.Final.jar;C:\Users\miles\.m2\repository\jakarta\validation\jakarta.validation-api\3.0.2\jakarta.validation-api-3.0.2.jar;C:\Users\miles\.m2\repository\org\jboss\logging\jboss-logging\3.6.1.Final\jboss-logging-3.6.1.Final.jar;C:\Users\miles\.m2\repository\com\fasterxml\classmate\1.7.0\classmate-1.7.0.jar;C:\Users\miles\.m2\repository\org\springframework\boot\spring-boot-starter-aop\3.4.2\spring-boot-starter-aop-3.4.2.jar;C:\Users\miles\.m2\repository\org\springframework\spring-aop\6.2.3\spring-aop-6.2.3.jar;C:\Users\miles\.m2\repository\org\aspectj\aspectjweaver\1.9.22.1\aspectjweaver-1.9.22.1.jar;C:\Users\miles\.m2\repository\org\apache\kafka\kafka-clients\3.9.0\kafka-clients-3.9.0.jar;C:\Users\miles\.m2\repository\com\github\luben\zstd-jni\1.5.6-4\zstd-jni-1.5.6-4.jar;C:\Users\miles\.m2\repository\org\lz4\lz4-java\1.8.0\lz4-java-1.8.0.jar;C:\Users\miles\.m2\repository\org\xerial\snappy\snappy-java\1.1.10.5\snappy-java-1.1.10.5.jar;C:\Users\miles\.m2\repository\org\springdoc\springdoc-openapi-starter-webmvc-ui\2.8.5\springdoc-openapi-starter-webmvc-ui-2.8.5.jar;C:\Users\miles\.m2\repository\org\springdoc\springdoc-openapi-starter-webmvc-api\2.8.5\springdoc-openapi-starter-webmvc-api-2.8.5.jar;C:\Users\miles\.m2\repository\org\webjars\swagger-ui\5.18.3\swagger-ui-5.18.3.jar;C:\Users\miles\.m2\repository\org\webjars\webjars-locator-lite\1.0.1\webjars-locator-lite-1.0.1.jar;C:\Users\miles\.m2\repository\org\jspecify\jspecify\1.0.0\jspecify-1.0.0.jar;C:\Users\miles\.m2\repository\org\springdoc\springdoc-openapi-starter-webflux-api\2.8.5\springdoc-openapi-starter-webflux-api-2.8.5.jar;C:\Users\miles\.m2\repository\org\springdoc\springdoc-openapi-starter-common\2.8.5\springdoc-openapi-starter-common-2.8.5.jar;C:\Users\miles\.m2\repository\io\swagger\core\v3\swagger-core-jakarta\2.2.28\swagger-core-jakarta-2.2.28.jar;C:\Users\miles\.m2\repository\org\apache\commons\commons-lang3\3.17.0\commons-lang3-3.17.0.jar;C:\Users\miles\.m2\repository\io\swagger\core\v3\swagger-annotations-jakarta\2.2.28\swagger-annotations-jakarta-2.2.28.jar;C:\Users\miles\.m2\repository\io\swagger\core\v3\swagger-models-jakarta\2.2.28\swagger-models-jakarta-2.2.28.jar;C:\Users\miles\.m2\repository\com\fasterxml\jackson\dataformat\jackson-dataformat-yaml\2.18.2\jackson-dataformat-yaml-2.18.2.jar;C:\Users\miles\.m2\repository\org\springframework\spring-webflux\6.2.3\spring-webflux-6.2.3.jar;C:\Users\miles\.m2\repository\io\projectreactor\reactor-core\3.7.3\reactor-core-3.7.3.jar;C:\Users\miles\.m2\repository\org\reactivestreams\reactive-streams\1.0.4\reactive-streams-1.0.4.jar;C:\Users\miles\.m2\repository\org\testcontainers\testcontainers\1.20.5\testcontainers-1.20.5.jar;C:\Users\miles\.m2\repository\junit\junit\4.13.2\junit-4.13.2.jar;C:\Users\miles\.m2\repository\org\hamcrest\hamcrest-core\2.2\hamcrest-core-2.2.jar;C:\Users\miles\.m2\repository\org\apache\commons\commons-compress\1.24.0\commons-compress-1.24.0.jar;C:\Users\miles\.m2\repository\org\rnorth\duct-tape\duct-tape\1.0.8\duct-tape-1.0.8.jar;C:\Users\miles\.m2\repository\org\jetbrains\annotations\17.0.0\annotations-17.0.0.jar;C:\Users\miles\.m2\repository\com\github\docker-java\docker-java-api\3.4.1\docker-java-api-3.4.1.jar;C:\Users\miles\.m2\repository\com\fasterxml\jackson\core\jackson-annotations\2.18.2\jackson-annotations-2.18.2.jar;C:\Users\miles\.m2\repository\com\github\docker-java\docker-java-transport-zerodep\3.4.1\docker-java-transport-zerodep-3.4.1.jar;C:\Users\miles\.m2\repository\com\github\docker-java\docker-java-transport\3.4.1\docker-java-transport-3.4.1.jar;C:\Users\miles\.m2\repository\net\java\dev\jna\jna\5.13.0\jna-5.13.0.jar;C:\Users\miles\.m2\repository\org\testcontainers\junit-jupiter\1.20.5\junit-jupiter-1.20.5.jar;C:\Users\miles\.m2\repository\org\testcontainers\kafka\1.20.5\kafka-1.20.5.jar;C:\Users\miles\.m2\repository\org\testcontainers\rabbitmq\1.20.5\rabbitmq-1.20.5.jar;C:\Users\miles\.m2\repository\org\springframework\boot\spring-boot-starter-amqp\3.4.3\spring-boot-starter-amqp-3.4.3.jar;C:\Users\miles\.m2\repository\org\springframework\spring-messaging\6.2.3\spring-messaging-6.2.3.jar;C:\Users\miles\.m2\repository\org\springframework\amqp\spring-rabbit\3.2.3\spring-rabbit-3.2.3.jar;C:\Users\miles\.m2\repository\org\springframework\amqp\spring-amqp\3.2.3\spring-amqp-3.2.3.jar;C:\Users\miles\.m2\repository\org\springframework\retry\spring-retry\2.0.11\spring-retry-2.0.11.jar;C:\Users\miles\.m2\repository\org\springframework\spring-tx\6.2.3\spring-tx-6.2.3.jar;C:\Users\miles\.m2\repository\org\slf4j\slf4j-api\2.0.9\slf4j-api-2.0.9.jar;"/>
    <property name="sun.cpu.endian" value="little"/>
    <property name="user.home" value="C:\Users\miles"/>
    <property name="user.language" value="en"/>
    <property name="java.specification.vendor" value="Oracle Corporation"/>
    <property name="java.version.date" value="2024-10-15"/>
    <property name="java.home" value="C:\Program Files\Java\jdk-21"/>
    <property name="file.separator" value="\"/>
    <property name="basedir" value="C:\Users\miles\Documents\GitHub\AcpCw2"/>
    <property name="java.vm.compressedOopsMode" value="32-bit"/>
    <property name="line.separator" value="&#10;"/>
    <property name="java.vm.specification.vendor" value="Oracle Corporation"/>
    <property name="java.specification.name" value="Java Platform API Specification"/>
    <property name="FILE_LOG_CHARSET" value="UTF-8"/>
    <property name="java.awt.headless" value="true"/>
    <property name="surefire.real.class.path" value="C:\Users\miles\AppData\Local\Temp\surefire16006142445669843509\surefirebooter-20250426022045494_3.jar"/>
    <property name="user.script" value=""/>
    <property name="sun.management.compiler" value="HotSpot 64-Bit Tiered Compilers"/>
    <property name="java.runtime.version" value="21.0.5+9-LTS-239"/>
    <property name="user.name" value="miles"/>
    <property name="stdout.encoding" value="Cp1252"/>
    <property name="path.separator" value=";"/>
    <property name="os.version" value="10.0"/>
    <property name="java.runtime.name" value="Java(TM) SE Runtime Environment"/>
    <property name="file.encoding" value="UTF-8"/>
    <property name="java.vm.name" value="Java HotSpot(TM) 64-Bit Server VM"/>
    <property name="localRepository" value="C:\Users\miles\.m2\repository"/>
    <property name="java.vendor.url.bug" value="https://bugreport.java.com/bugreport/"/>
    <property name="java.io.tmpdir" value="C:\Users\miles\AppData\Local\Temp\"/>
    <property name="idea.version" value="2023.2.3"/>
    <property name="catalina.home" value="C:\Users\miles\AppData\Local\Temp\tomcat.0.6011356293224827308"/>
    <property name="java.version" value="21.0.5"/>
    <property name="user.dir" value="C:\Users\miles\Documents\GitHub\AcpCw2"/>
    <property name="os.arch" value="amd64"/>
    <property name="java.vm.specification.name" value="Java Virtual Machine Specification"/>
    <property name="PID" value="17240"/>
    <property name="sun.os.patch.level" value=""/>
    <property name="CONSOLE_LOG_CHARSET" value="UTF-8"/>
    <property name="catalina.base" value="C:\Users\miles\AppData\Local\Temp\tomcat.0.6011356293224827308"/>
    <property name="native.encoding" value="Cp1252"/>
    <property name="java.library.path" value="C:\Program Files\Java\jdk-21\bin;C:\WINDOWS\Sun\Java\bin;C:\WINDOWS\system32;C:\WINDOWS;C:\Program Files\Common Files\Oracle\Java\javapath;C:\Program Files (x86)\Razer Chroma SDK\bin;C:\Program Files\Razer Chroma SDK\bin;C:\windows\system32;C:\windows;C:\windows\System32\Wbem;C:\windows\System32\WindowsPowerShell\v1.0\;C:\windows\System32\OpenSSH\;C:\ProgramData\chocolatey\bin;C:\Program Files (x86)\Razer\ChromaBroadcast\bin;C:\Program Files\Razer\ChromaBroadcast\bin;C:\windows\system32\config\systemprofile\AppData\Local\Microsoft\WindowsApps;C:\WINDOWS\system32;C:\WINDOWS;C:\WINDOWS\System32\Wbem;C:\WINDOWS\System32\WindowsPowerShell\v1.0\;C:\WINDOWS\System32\OpenSSH\;C:\Program Files\Git\cmd;C:\Program Files\WireGuard\;C:\Program Files\dotnet\;C:\Program Files\Docker\Docker\resources\bin;C:\Users\miles\AppData\Local\Microsoft\WindowsApps;C:\Users\miles\AppData\Roaming\cabal\bin;C:\ProgramData\chocolatey\lib\ghc\tools\ghc-8.10.2\bin;C:\tools\msys64;C:\Users\miles\AppData\Local\atom\bin;C:\Users\miles\AppData\Local\Microsoft\WindowsApps;C:\Users\miles\AppData\Local\Programs\Microsoft VS Code\bin;C:\Users\miles\AppData\Local\GitHubDesktop\bin;C:\Program Files\JetBrains\IntelliJ IDEA Community Edition 2022.2.2\bin;;C:\Users\miles\AppData\Local\Packages\PythonSoftwareFoundation.Python.3.10_qbz5n2kfra8p0\LocalCache\local-packages\Python310\Scripts;C:\Users\miles\AppData\Local\Packages\PythonSoftwareFoundation.Python.3.11_qbz5n2kfra8p0\LocalCache\local-packages\Python311\Scripts;C:\Users\miles\AppData\Local\Programs\cursor\resources\app\bin;."/>
    <property name="java.vm.info" value="mixed mode, sharing"/>
    <property name="stderr.encoding" value="Cp1252"/>
    <property name="java.vendor" value="Oracle Corporation"/>
    <property name="java.vm.version" value="21.0.5+9-LTS-239"/>
    <property name="sun.io.unicode.encoding" value="UnicodeLittle"/>
    <property name="java.class.version" value="65.0"/>
    <property name="CONSOLE_LOG_PATTERN" value="%d{HH:mm:ss.SSS} %-5level %logger{20} - %msg%n"/>
    <property name="LOGGED_APPLICATION_NAME" value="[acpCw2Service] "/>
  </properties>
  <testcase name="testRabbitBulk" classname="uk.ac.ed.acp.cw2.AcpCw2ApplicationTests" time="4.037">
    <system-out><![CDATA[02:20:47.390 [main] INFO org.springframework.test.context.support.AnnotationConfigContextLoaderUtils -- Could not detect default configuration classes for test class [uk.ac.ed.acp.cw2.AcpCw2ApplicationTests]: AcpCw2ApplicationTests does not declare any static, non-private, non-final, nested classes annotated with @Configuration.
02:20:47.625 [main] INFO org.springframework.boot.test.context.SpringBootTestContextBootstrapper -- Found @SpringBootConfiguration uk.ac.ed.acp.cw2.Application for test class uk.ac.ed.acp.cw2.AcpCw2ApplicationTests

  .   ____          _            __ _ _
 /\\ / ___'_ __ _ _(_)_ __  __ _ \ \ \ \
( ( )\___ | '_ | '_| | '_ \/ _` | \ \ \ \
 \\/  ___)| |_)| | | | | || (_| |  ) ) ) )
  '  |____| .__|_| |_|_| |_\__, | / / / /
 =========|_|==============|___/=/_/_/_/

 :: Spring Boot ::                (v3.4.3)

02:20:48.868 WARN  o.s.b.t.j.DuplicateJsonObjectContextCustomizerFactory$DuplicateJsonObjectContextCustomizer - 

Found multiple occurrences of org.json.JSONObject on the class path:

	jar:file:/C:/Users/miles/.m2/repository/com/vaadin/external/google/android-json/0.0.20131108.vaadin1/android-json-0.0.20131108.vaadin1.jar!/org/json/JSONObject.class
	jar:file:/C:/Users/miles/.m2/repository/org/json/json/20220320/json-20220320.jar!/org/json/JSONObject.class

You may wish to exclude one of them to ensure predictable runtime behavior

02:20:48.896 INFO  u.a.e.a.c.AcpCw2ApplicationTests - Starting AcpCw2ApplicationTests using Java 21.0.5 with PID 17240 (started by miles in C:\Users\miles\Documents\GitHub\AcpCw2)
02:20:48.897 INFO  u.a.e.a.c.AcpCw2ApplicationTests - No active profile set, falling back to 1 default profile: "default"
02:20:52.021 INFO  o.s.b.w.e.t.TomcatWebServer - Tomcat initialized with port 0 (http)
02:20:52.184 INFO  o.s.b.w.s.c.ServletWebServerApplicationContext - Root WebApplicationContext: initialization completed in 3246 ms
02:20:52.534 INFO  u.a.e.a.c.s.KafkaService - KafkaService constructor took 0 ms
02:20:56.221 INFO  o.s.b.a.e.w.EndpointLinksResolver - Exposing 3 endpoints beneath base path '/actuator'
02:20:56.385 INFO  o.s.b.w.e.t.TomcatWebServer - Tomcat started on port 59104 (http) with context path '/'
02:20:56.402 INFO  u.a.e.a.c.AcpCw2ApplicationTests - Started AcpCw2ApplicationTests in 8.118 seconds (process running for 10.653)
02:20:59.472 INFO  u.a.e.a.c.AcpCw2ApplicationTests - --------------RABBIT BULK TEST----------------
02:20:59.477 INFO  u.a.e.a.c.AcpCw2ApplicationTests - queueName: BulkRabbitTest-67609-cHc0s
02:20:59.707 INFO  o.s.w.s.DispatcherServlet - Initializing Servlet 'dispatcherServlet'
02:20:59.710 INFO  o.s.w.s.DispatcherServlet - Completed initialization in 3 ms
02:20:59.835 INFO  u.a.e.a.c.s.RabbitMqService - Sent 500/500 messages to BulkRabbitTest-67609-cHc0s
02:20:59.898 INFO  u.a.e.a.c.s.RabbitMqService - Reading queue BulkRabbitTest-67609-cHc0s: timeOut=500
02:21:00.403 INFO  u.a.e.a.c.s.RabbitMqService - Received 500 messages in 504/500ms
02:21:00.403 INFO  u.a.e.a.c.s.RabbitMqService - returning: [{"uid":"s2093547","counter":0}, {"uid":"s2093547","counter":1}, {"uid":"s2093547","counter":2}, {"uid":"s2093547","counter":3}, {"uid":"s2093547","counter":4}, {"uid":"s2093547","counter":5}, {"uid":"s2093547","counter":6}, {"uid":"s2093547","counter":7}, {"uid":"s2093547","counter":8}, {"uid":"s2093547","counter":9}, {"uid":"s2093547","counter":10}, {"uid":"s2093547","counter":11}, {"uid":"s2093547","counter":12}, {"uid":"s2093547","counter":13}, {"uid":"s2093547","counter":14}, {"uid":"s2093547","counter":15}, {"uid":"s2093547","counter":16}, {"uid":"s2093547","counter":17}, {"uid":"s2093547","counter":18}, {"uid":"s2093547","counter":19}, {"uid":"s2093547","counter":20}, {"uid":"s2093547","counter":21}, {"uid":"s2093547","counter":22}, {"uid":"s2093547","counter":23}, {"uid":"s2093547","counter":24}, {"uid":"s2093547","counter":25}, {"uid":"s2093547","counter":26}, {"uid":"s2093547","counter":27}, {"uid":"s2093547","counter":28}, {"uid":"s2093547","counter":29}, {"uid":"s2093547","counter":30}, {"uid":"s2093547","counter":31}, {"uid":"s2093547","counter":32}, {"uid":"s2093547","counter":33}, {"uid":"s2093547","counter":34}, {"uid":"s2093547","counter":35}, {"uid":"s2093547","counter":36}, {"uid":"s2093547","counter":37}, {"uid":"s2093547","counter":38}, {"uid":"s2093547","counter":39}, {"uid":"s2093547","counter":40}, {"uid":"s2093547","counter":41}, {"uid":"s2093547","counter":42}, {"uid":"s2093547","counter":43}, {"uid":"s2093547","counter":44}, {"uid":"s2093547","counter":45}, {"uid":"s2093547","counter":46}, {"uid":"s2093547","counter":47}, {"uid":"s2093547","counter":48}, {"uid":"s2093547","counter":49}, {"uid":"s2093547","counter":50}, {"uid":"s2093547","counter":51}, {"uid":"s2093547","counter":52}, {"uid":"s2093547","counter":53}, {"uid":"s2093547","counter":54}, {"uid":"s2093547","counter":55}, {"uid":"s2093547","counter":56}, {"uid":"s2093547","counter":57}, {"uid":"s2093547","counter":58}, {"uid":"s2093547","counter":59}, {"uid":"s2093547","counter":60}, {"uid":"s2093547","counter":61}, {"uid":"s2093547","counter":62}, {"uid":"s2093547","counter":63}, {"uid":"s2093547","counter":64}, {"uid":"s2093547","counter":65}, {"uid":"s2093547","counter":66}, {"uid":"s2093547","counter":67}, {"uid":"s2093547","counter":68}, {"uid":"s2093547","counter":69}, {"uid":"s2093547","counter":70}, {"uid":"s2093547","counter":71}, {"uid":"s2093547","counter":72}, {"uid":"s2093547","counter":73}, {"uid":"s2093547","counter":74}, {"uid":"s2093547","counter":75}, {"uid":"s2093547","counter":76}, {"uid":"s2093547","counter":77}, {"uid":"s2093547","counter":78}, {"uid":"s2093547","counter":79}, {"uid":"s2093547","counter":80}, {"uid":"s2093547","counter":81}, {"uid":"s2093547","counter":82}, {"uid":"s2093547","counter":83}, {"uid":"s2093547","counter":84}, {"uid":"s2093547","counter":85}, {"uid":"s2093547","counter":86}, {"uid":"s2093547","counter":87}, {"uid":"s2093547","counter":88}, {"uid":"s2093547","counter":89}, {"uid":"s2093547","counter":90}, {"uid":"s2093547","counter":91}, {"uid":"s2093547","counter":92}, {"uid":"s2093547","counter":93}, {"uid":"s2093547","counter":94}, {"uid":"s2093547","counter":95}, {"uid":"s2093547","counter":96}, {"uid":"s2093547","counter":97}, {"uid":"s2093547","counter":98}, {"uid":"s2093547","counter":99}, {"uid":"s2093547","counter":100}, {"uid":"s2093547","counter":101}, {"uid":"s2093547","counter":102}, {"uid":"s2093547","counter":103}, {"uid":"s2093547","counter":104}, {"uid":"s2093547","counter":105}, {"uid":"s2093547","counter":106}, {"uid":"s2093547","counter":107}, {"uid":"s2093547","counter":108}, {"uid":"s2093547","counter":109}, {"uid":"s2093547","counter":110}, {"uid":"s2093547","counter":111}, {"uid":"s2093547","counter":112}, {"uid":"s2093547","counter":113}, {"uid":"s2093547","counter":114}, {"uid":"s2093547","counter":115}, {"uid":"s2093547","counter":116}, {"uid":"s2093547","counter":117}, {"uid":"s2093547","counter":118}, {"uid":"s2093547","counter":119}, {"uid":"s2093547","counter":120}, {"uid":"s2093547","counter":121}, {"uid":"s2093547","counter":122}, {"uid":"s2093547","counter":123}, {"uid":"s2093547","counter":124}, {"uid":"s2093547","counter":125}, {"uid":"s2093547","counter":126}, {"uid":"s2093547","counter":127}, {"uid":"s2093547","counter":128}, {"uid":"s2093547","counter":129}, {"uid":"s2093547","counter":130}, {"uid":"s2093547","counter":131}, {"uid":"s2093547","counter":132}, {"uid":"s2093547","counter":133}, {"uid":"s2093547","counter":134}, {"uid":"s2093547","counter":135}, {"uid":"s2093547","counter":136}, {"uid":"s2093547","counter":137}, {"uid":"s2093547","counter":138}, {"uid":"s2093547","counter":139}, {"uid":"s2093547","counter":140}, {"uid":"s2093547","counter":141}, {"uid":"s2093547","counter":142}, {"uid":"s2093547","counter":143}, {"uid":"s2093547","counter":144}, {"uid":"s2093547","counter":145}, {"uid":"s2093547","counter":146}, {"uid":"s2093547","counter":147}, {"uid":"s2093547","counter":148}, {"uid":"s2093547","counter":149}, {"uid":"s2093547","counter":150}, {"uid":"s2093547","counter":151}, {"uid":"s2093547","counter":152}, {"uid":"s2093547","counter":153}, {"uid":"s2093547","counter":154}, {"uid":"s2093547","counter":155}, {"uid":"s2093547","counter":156}, {"uid":"s2093547","counter":157}, {"uid":"s2093547","counter":158}, {"uid":"s2093547","counter":159}, {"uid":"s2093547","counter":160}, {"uid":"s2093547","counter":161}, {"uid":"s2093547","counter":162}, {"uid":"s2093547","counter":163}, {"uid":"s2093547","counter":164}, {"uid":"s2093547","counter":165}, {"uid":"s2093547","counter":166}, {"uid":"s2093547","counter":167}, {"uid":"s2093547","counter":168}, {"uid":"s2093547","counter":169}, {"uid":"s2093547","counter":170}, {"uid":"s2093547","counter":171}, {"uid":"s2093547","counter":172}, {"uid":"s2093547","counter":173}, {"uid":"s2093547","counter":174}, {"uid":"s2093547","counter":175}, {"uid":"s2093547","counter":176}, {"uid":"s2093547","counter":177}, {"uid":"s2093547","counter":178}, {"uid":"s2093547","counter":179}, {"uid":"s2093547","counter":180}, {"uid":"s2093547","counter":181}, {"uid":"s2093547","counter":182}, {"uid":"s2093547","counter":183}, {"uid":"s2093547","counter":184}, {"uid":"s2093547","counter":185}, {"uid":"s2093547","counter":186}, {"uid":"s2093547","counter":187}, {"uid":"s2093547","counter":188}, {"uid":"s2093547","counter":189}, {"uid":"s2093547","counter":190}, {"uid":"s2093547","counter":191}, {"uid":"s2093547","counter":192}, {"uid":"s2093547","counter":193}, {"uid":"s2093547","counter":194}, {"uid":"s2093547","counter":195}, {"uid":"s2093547","counter":196}, {"uid":"s2093547","counter":197}, {"uid":"s2093547","counter":198}, {"uid":"s2093547","counter":199}, {"uid":"s2093547","counter":200}, {"uid":"s2093547","counter":201}, {"uid":"s2093547","counter":202}, {"uid":"s2093547","counter":203}, {"uid":"s2093547","counter":204}, {"uid":"s2093547","counter":205}, {"uid":"s2093547","counter":206}, {"uid":"s2093547","counter":207}, {"uid":"s2093547","counter":208}, {"uid":"s2093547","counter":209}, {"uid":"s2093547","counter":210}, {"uid":"s2093547","counter":211}, {"uid":"s2093547","counter":212}, {"uid":"s2093547","counter":213}, {"uid":"s2093547","counter":214}, {"uid":"s2093547","counter":215}, {"uid":"s2093547","counter":216}, {"uid":"s2093547","counter":217}, {"uid":"s2093547","counter":218}, {"uid":"s2093547","counter":219}, {"uid":"s2093547","counter":220}, {"uid":"s2093547","counter":221}, {"uid":"s2093547","counter":222}, {"uid":"s2093547","counter":223}, {"uid":"s2093547","counter":224}, {"uid":"s2093547","counter":225}, {"uid":"s2093547","counter":226}, {"uid":"s2093547","counter":227}, {"uid":"s2093547","counter":228}, {"uid":"s2093547","counter":229}, {"uid":"s2093547","counter":230}, {"uid":"s2093547","counter":231}, {"uid":"s2093547","counter":232}, {"uid":"s2093547","counter":233}, {"uid":"s2093547","counter":234}, {"uid":"s2093547","counter":235}, {"uid":"s2093547","counter":236}, {"uid":"s2093547","counter":237}, {"uid":"s2093547","counter":238}, {"uid":"s2093547","counter":239}, {"uid":"s2093547","counter":240}, {"uid":"s2093547","counter":241}, {"uid":"s2093547","counter":242}, {"uid":"s2093547","counter":243}, {"uid":"s2093547","counter":244}, {"uid":"s2093547","counter":245}, {"uid":"s2093547","counter":246}, {"uid":"s2093547","counter":247}, {"uid":"s2093547","counter":248}, {"uid":"s2093547","counter":249}, {"uid":"s2093547","counter":250}, {"uid":"s2093547","counter":251}, {"uid":"s2093547","counter":252}, {"uid":"s2093547","counter":253}, {"uid":"s2093547","counter":254}, {"uid":"s2093547","counter":255}, {"uid":"s2093547","counter":256}, {"uid":"s2093547","counter":257}, {"uid":"s2093547","counter":258}, {"uid":"s2093547","counter":259}, {"uid":"s2093547","counter":260}, {"uid":"s2093547","counter":261}, {"uid":"s2093547","counter":262}, {"uid":"s2093547","counter":263}, {"uid":"s2093547","counter":264}, {"uid":"s2093547","counter":265}, {"uid":"s2093547","counter":266}, {"uid":"s2093547","counter":267}, {"uid":"s2093547","counter":268}, {"uid":"s2093547","counter":269}, {"uid":"s2093547","counter":270}, {"uid":"s2093547","counter":271}, {"uid":"s2093547","counter":272}, {"uid":"s2093547","counter":273}, {"uid":"s2093547","counter":274}, {"uid":"s2093547","counter":275}, {"uid":"s2093547","counter":276}, {"uid":"s2093547","counter":277}, {"uid":"s2093547","counter":278}, {"uid":"s2093547","counter":279}, {"uid":"s2093547","counter":280}, {"uid":"s2093547","counter":281}, {"uid":"s2093547","counter":282}, {"uid":"s2093547","counter":283}, {"uid":"s2093547","counter":284}, {"uid":"s2093547","counter":285}, {"uid":"s2093547","counter":286}, {"uid":"s2093547","counter":287}, {"uid":"s2093547","counter":288}, {"uid":"s2093547","counter":289}, {"uid":"s2093547","counter":290}, {"uid":"s2093547","counter":291}, {"uid":"s2093547","counter":292}, {"uid":"s2093547","counter":293}, {"uid":"s2093547","counter":294}, {"uid":"s2093547","counter":295}, {"uid":"s2093547","counter":296}, {"uid":"s2093547","counter":297}, {"uid":"s2093547","counter":298}, {"uid":"s2093547","counter":299}, {"uid":"s2093547","counter":300}, {"uid":"s2093547","counter":301}, {"uid":"s2093547","counter":302}, {"uid":"s2093547","counter":303}, {"uid":"s2093547","counter":304}, {"uid":"s2093547","counter":305}, {"uid":"s2093547","counter":306}, {"uid":"s2093547","counter":307}, {"uid":"s2093547","counter":308}, {"uid":"s2093547","counter":309}, {"uid":"s2093547","counter":310}, {"uid":"s2093547","counter":311}, {"uid":"s2093547","counter":312}, {"uid":"s2093547","counter":313}, {"uid":"s2093547","counter":314}, {"uid":"s2093547","counter":315}, {"uid":"s2093547","counter":316}, {"uid":"s2093547","counter":317}, {"uid":"s2093547","counter":318}, {"uid":"s2093547","counter":319}, {"uid":"s2093547","counter":320}, {"uid":"s2093547","counter":321}, {"uid":"s2093547","counter":322}, {"uid":"s2093547","counter":323}, {"uid":"s2093547","counter":324}, {"uid":"s2093547","counter":325}, {"uid":"s2093547","counter":326}, {"uid":"s2093547","counter":327}, {"uid":"s2093547","counter":328}, {"uid":"s2093547","counter":329}, {"uid":"s2093547","counter":330}, {"uid":"s2093547","counter":331}, {"uid":"s2093547","counter":332}, {"uid":"s2093547","counter":333}, {"uid":"s2093547","counter":334}, {"uid":"s2093547","counter":335}, {"uid":"s2093547","counter":336}, {"uid":"s2093547","counter":337}, {"uid":"s2093547","counter":338}, {"uid":"s2093547","counter":339}, {"uid":"s2093547","counter":340}, {"uid":"s2093547","counter":341}, {"uid":"s2093547","counter":342}, {"uid":"s2093547","counter":343}, {"uid":"s2093547","counter":344}, {"uid":"s2093547","counter":345}, {"uid":"s2093547","counter":346}, {"uid":"s2093547","counter":347}, {"uid":"s2093547","counter":348}, {"uid":"s2093547","counter":349}, {"uid":"s2093547","counter":350}, {"uid":"s2093547","counter":351}, {"uid":"s2093547","counter":352}, {"uid":"s2093547","counter":353}, {"uid":"s2093547","counter":354}, {"uid":"s2093547","counter":355}, {"uid":"s2093547","counter":356}, {"uid":"s2093547","counter":357}, {"uid":"s2093547","counter":358}, {"uid":"s2093547","counter":359}, {"uid":"s2093547","counter":360}, {"uid":"s2093547","counter":361}, {"uid":"s2093547","counter":362}, {"uid":"s2093547","counter":363}, {"uid":"s2093547","counter":364}, {"uid":"s2093547","counter":365}, {"uid":"s2093547","counter":366}, {"uid":"s2093547","counter":367}, {"uid":"s2093547","counter":368}, {"uid":"s2093547","counter":369}, {"uid":"s2093547","counter":370}, {"uid":"s2093547","counter":371}, {"uid":"s2093547","counter":372}, {"uid":"s2093547","counter":373}, {"uid":"s2093547","counter":374}, {"uid":"s2093547","counter":375}, {"uid":"s2093547","counter":376}, {"uid":"s2093547","counter":377}, {"uid":"s2093547","counter":378}, {"uid":"s2093547","counter":379}, {"uid":"s2093547","counter":380}, {"uid":"s2093547","counter":381}, {"uid":"s2093547","counter":382}, {"uid":"s2093547","counter":383}, {"uid":"s2093547","counter":384}, {"uid":"s2093547","counter":385}, {"uid":"s2093547","counter":386}, {"uid":"s2093547","counter":387}, {"uid":"s2093547","counter":388}, {"uid":"s2093547","counter":389}, {"uid":"s2093547","counter":390}, {"uid":"s2093547","counter":391}, {"uid":"s2093547","counter":392}, {"uid":"s2093547","counter":393}, {"uid":"s2093547","counter":394}, {"uid":"s2093547","counter":395}, {"uid":"s2093547","counter":396}, {"uid":"s2093547","counter":397}, {"uid":"s2093547","counter":398}, {"uid":"s2093547","counter":399}, {"uid":"s2093547","counter":400}, {"uid":"s2093547","counter":401}, {"uid":"s2093547","counter":402}, {"uid":"s2093547","counter":403}, {"uid":"s2093547","counter":404}, {"uid":"s2093547","counter":405}, {"uid":"s2093547","counter":406}, {"uid":"s2093547","counter":407}, {"uid":"s2093547","counter":408}, {"uid":"s2093547","counter":409}, {"uid":"s2093547","counter":410}, {"uid":"s2093547","counter":411}, {"uid":"s2093547","counter":412}, {"uid":"s2093547","counter":413}, {"uid":"s2093547","counter":414}, {"uid":"s2093547","counter":415}, {"uid":"s2093547","counter":416}, {"uid":"s2093547","counter":417}, {"uid":"s2093547","counter":418}, {"uid":"s2093547","counter":419}, {"uid":"s2093547","counter":420}, {"uid":"s2093547","counter":421}, {"uid":"s2093547","counter":422}, {"uid":"s2093547","counter":423}, {"uid":"s2093547","counter":424}, {"uid":"s2093547","counter":425}, {"uid":"s2093547","counter":426}, {"uid":"s2093547","counter":427}, {"uid":"s2093547","counter":428}, {"uid":"s2093547","counter":429}, {"uid":"s2093547","counter":430}, {"uid":"s2093547","counter":431}, {"uid":"s2093547","counter":432}, {"uid":"s2093547","counter":433}, {"uid":"s2093547","counter":434}, {"uid":"s2093547","counter":435}, {"uid":"s2093547","counter":436}, {"uid":"s2093547","counter":437}, {"uid":"s2093547","counter":438}, {"uid":"s2093547","counter":439}, {"uid":"s2093547","counter":440}, {"uid":"s2093547","counter":441}, {"uid":"s2093547","counter":442}, {"uid":"s2093547","counter":443}, {"uid":"s2093547","counter":444}, {"uid":"s2093547","counter":445}, {"uid":"s2093547","counter":446}, {"uid":"s2093547","counter":447}, {"uid":"s2093547","counter":448}, {"uid":"s2093547","counter":449}, {"uid":"s2093547","counter":450}, {"uid":"s2093547","counter":451}, {"uid":"s2093547","counter":452}, {"uid":"s2093547","counter":453}, {"uid":"s2093547","counter":454}, {"uid":"s2093547","counter":455}, {"uid":"s2093547","counter":456}, {"uid":"s2093547","counter":457}, {"uid":"s2093547","counter":458}, {"uid":"s2093547","counter":459}, {"uid":"s2093547","counter":460}, {"uid":"s2093547","counter":461}, {"uid":"s2093547","counter":462}, {"uid":"s2093547","counter":463}, {"uid":"s2093547","counter":464}, {"uid":"s2093547","counter":465}, {"uid":"s2093547","counter":466}, {"uid":"s2093547","counter":467}, {"uid":"s2093547","counter":468}, {"uid":"s2093547","counter":469}, {"uid":"s2093547","counter":470}, {"uid":"s2093547","counter":471}, {"uid":"s2093547","counter":472}, {"uid":"s2093547","counter":473}, {"uid":"s2093547","counter":474}, {"uid":"s2093547","counter":475}, {"uid":"s2093547","counter":476}, {"uid":"s2093547","counter":477}, {"uid":"s2093547","counter":478}, {"uid":"s2093547","counter":479}, {"uid":"s2093547","counter":480}, {"uid":"s2093547","counter":481}, {"uid":"s2093547","counter":482}, {"uid":"s2093547","counter":483}, {"uid":"s2093547","counter":484}, {"uid":"s2093547","counter":485}, {"uid":"s2093547","counter":486}, {"uid":"s2093547","counter":487}, {"uid":"s2093547","counter":488}, {"uid":"s2093547","counter":489}, {"uid":"s2093547","counter":490}, {"uid":"s2093547","counter":491}, {"uid":"s2093547","counter":492}, {"uid":"s2093547","counter":493}, {"uid":"s2093547","counter":494}, {"uid":"s2093547","counter":495}, {"uid":"s2093547","counter":496}, {"uid":"s2093547","counter":497}, {"uid":"s2093547","counter":498}, {"uid":"s2093547","counter":499}]
02:21:00.447 INFO  u.a.e.a.c.AcpCw2ApplicationTests - Time taken: 557 ms
02:21:00.448 INFO  u.a.e.a.c.AcpCw2ApplicationTests - ========================PASSED=========================
]]></system-out>
    <system-err><![CDATA[Mockito is currently self-attaching to enable the inline-mock-maker. This will no longer work in future releases of the JDK. Please add Mockito as an agent to your build what is described in Mockito's documentation: https://javadoc.io/doc/org.mockito/mockito-core/latest/org/mockito/Mockito.html#0.3
WARNING: A Java agent has been loaded dynamically (C:\Users\miles\.m2\repository\net\bytebuddy\byte-buddy-agent\1.15.11\byte-buddy-agent-1.15.11.jar)
WARNING: If a serviceability tool is in use, please run with -XX:+EnableDynamicAgentLoading to hide this warning
WARNING: If a serviceability tool is not in use, please run with -Djdk.instrument.traceUsage for more information
WARNING: Dynamic loading of agents will be disallowed by default in a future release
]]></system-err>
  </testcase>
  <testcase name="testKafka" classname="uk.ac.ed.acp.cw2.AcpCw2ApplicationTests" time="5.245">
    <system-out><![CDATA[02:21:00.478 INFO  u.a.e.a.c.AcpCw2ApplicationTests - -----------STARTING KAFKA TIMEOUT TEST-------------
02:21:00.478 INFO  u.a.e.a.c.AcpCw2ApplicationTests - topicName: KafkaSent-68208-1WZPc
02:21:00.483 INFO  u.a.e.a.c.s.KafkaService - Pushing 5 messages to KafkaSent-68208-1WZPc
02:21:00.496 WARN  o.a.k.c.NetworkClient - [Producer clientId=producer-1] The metadata response from the cluster reported a recoverable issue with correlation id 6 : {KafkaSent-68208-1WZPc=UNKNOWN_TOPIC_OR_PARTITION}
02:21:00.691 INFO  u.a.e.a.c.s.KafkaService - Reading topic KafkaSent-68208-1WZPc: timeOut=5000
02:21:05.705 INFO  u.a.e.a.c.s.KafkaService - Received 5 messages in 5014/5000ms
Kafka Message - uid: s2093547, counter: 0
02:21:05.716 INFO  u.a.e.a.c.AcpCw2ApplicationTests - ========================PASSED=========================
]]></system-out>
  </testcase>
  <testcase name="testRabbitCount" classname="uk.ac.ed.acp.cw2.AcpCw2ApplicationTests" time="0.066">
    <system-out><![CDATA[02:21:05.725 INFO  u.a.e.a.c.AcpCw2ApplicationTests - --------------STARTING RABBIT COUNT TEST-------------
02:21:05.725 INFO  u.a.e.a.c.AcpCw2ApplicationTests - queueName: RabbitMQ-81259-MaKYi
02:21:05.734 INFO  u.a.e.a.c.s.RabbitMqService - Sent 5/5 messages to RabbitMQ-81259-MaKYi
02:21:05.736 INFO  u.a.e.a.c.s.RabbitMqService - Reading queue RabbitMQ-81259-MaKYi: count=5
02:21:05.782 INFO  u.a.e.a.c.s.RabbitMqService - Received 5/5 messages in 46ms
02:21:05.783 INFO  u.a.e.a.c.s.RabbitMqService - returning: [{"uid":"s2093547","counter":0}, {"uid":"s2093547","counter":1}, {"uid":"s2093547","counter":2}, {"uid":"s2093547","counter":3}, {"uid":"s2093547","counter":4}]
RabbitMQ Message - uid: s2093547, counter: 0
02:21:05.783 INFO  u.a.e.a.c.AcpCw2ApplicationTests - ========================PASSED=========================
]]></system-out>
  </testcase>
  <testcase name="testRabbitShort" classname="uk.ac.ed.acp.cw2.AcpCw2ApplicationTests" time="0.502">
    <system-out><![CDATA[02:21:05.790 INFO  u.a.e.a.c.AcpCw2ApplicationTests - --------------RABBIT SHORT TEST----------------
02:21:05.790 INFO  u.a.e.a.c.AcpCw2ApplicationTests - queueName: ShortTest-67661-jL2dE
02:21:05.849 INFO  u.a.e.a.c.s.RabbitMqService - Sent 500/500 messages to ShortTest-67661-jL2dE
02:21:05.855 INFO  u.a.e.a.c.s.RabbitMqService - Reading queue ShortTest-67661-jL2dE: timeOut=50
02:21:05.907 INFO  u.a.e.a.c.s.RabbitMqService - Received 500 messages in 52/50ms
02:21:05.907 INFO  u.a.e.a.c.s.RabbitMqService - returning: [{"uid":"s2093547","counter":0}, {"uid":"s2093547","counter":1}, {"uid":"s2093547","counter":2}, {"uid":"s2093547","counter":3}, {"uid":"s2093547","counter":4}, {"uid":"s2093547","counter":5}, {"uid":"s2093547","counter":6}, {"uid":"s2093547","counter":7}, {"uid":"s2093547","counter":8}, {"uid":"s2093547","counter":9}, {"uid":"s2093547","counter":10}, {"uid":"s2093547","counter":11}, {"uid":"s2093547","counter":12}, {"uid":"s2093547","counter":13}, {"uid":"s2093547","counter":14}, {"uid":"s2093547","counter":15}, {"uid":"s2093547","counter":16}, {"uid":"s2093547","counter":17}, {"uid":"s2093547","counter":18}, {"uid":"s2093547","counter":19}, {"uid":"s2093547","counter":20}, {"uid":"s2093547","counter":21}, {"uid":"s2093547","counter":22}, {"uid":"s2093547","counter":23}, {"uid":"s2093547","counter":24}, {"uid":"s2093547","counter":25}, {"uid":"s2093547","counter":26}, {"uid":"s2093547","counter":27}, {"uid":"s2093547","counter":28}, {"uid":"s2093547","counter":29}, {"uid":"s2093547","counter":30}, {"uid":"s2093547","counter":31}, {"uid":"s2093547","counter":32}, {"uid":"s2093547","counter":33}, {"uid":"s2093547","counter":34}, {"uid":"s2093547","counter":35}, {"uid":"s2093547","counter":36}, {"uid":"s2093547","counter":37}, {"uid":"s2093547","counter":38}, {"uid":"s2093547","counter":39}, {"uid":"s2093547","counter":40}, {"uid":"s2093547","counter":41}, {"uid":"s2093547","counter":42}, {"uid":"s2093547","counter":43}, {"uid":"s2093547","counter":44}, {"uid":"s2093547","counter":45}, {"uid":"s2093547","counter":46}, {"uid":"s2093547","counter":47}, {"uid":"s2093547","counter":48}, {"uid":"s2093547","counter":49}, {"uid":"s2093547","counter":50}, {"uid":"s2093547","counter":51}, {"uid":"s2093547","counter":52}, {"uid":"s2093547","counter":53}, {"uid":"s2093547","counter":54}, {"uid":"s2093547","counter":55}, {"uid":"s2093547","counter":56}, {"uid":"s2093547","counter":57}, {"uid":"s2093547","counter":58}, {"uid":"s2093547","counter":59}, {"uid":"s2093547","counter":60}, {"uid":"s2093547","counter":61}, {"uid":"s2093547","counter":62}, {"uid":"s2093547","counter":63}, {"uid":"s2093547","counter":64}, {"uid":"s2093547","counter":65}, {"uid":"s2093547","counter":66}, {"uid":"s2093547","counter":67}, {"uid":"s2093547","counter":68}, {"uid":"s2093547","counter":69}, {"uid":"s2093547","counter":70}, {"uid":"s2093547","counter":71}, {"uid":"s2093547","counter":72}, {"uid":"s2093547","counter":73}, {"uid":"s2093547","counter":74}, {"uid":"s2093547","counter":75}, {"uid":"s2093547","counter":76}, {"uid":"s2093547","counter":77}, {"uid":"s2093547","counter":78}, {"uid":"s2093547","counter":79}, {"uid":"s2093547","counter":80}, {"uid":"s2093547","counter":81}, {"uid":"s2093547","counter":82}, {"uid":"s2093547","counter":83}, {"uid":"s2093547","counter":84}, {"uid":"s2093547","counter":85}, {"uid":"s2093547","counter":86}, {"uid":"s2093547","counter":87}, {"uid":"s2093547","counter":88}, {"uid":"s2093547","counter":89}, {"uid":"s2093547","counter":90}, {"uid":"s2093547","counter":91}, {"uid":"s2093547","counter":92}, {"uid":"s2093547","counter":93}, {"uid":"s2093547","counter":94}, {"uid":"s2093547","counter":95}, {"uid":"s2093547","counter":96}, {"uid":"s2093547","counter":97}, {"uid":"s2093547","counter":98}, {"uid":"s2093547","counter":99}, {"uid":"s2093547","counter":100}, {"uid":"s2093547","counter":101}, {"uid":"s2093547","counter":102}, {"uid":"s2093547","counter":103}, {"uid":"s2093547","counter":104}, {"uid":"s2093547","counter":105}, {"uid":"s2093547","counter":106}, {"uid":"s2093547","counter":107}, {"uid":"s2093547","counter":108}, {"uid":"s2093547","counter":109}, {"uid":"s2093547","counter":110}, {"uid":"s2093547","counter":111}, {"uid":"s2093547","counter":112}, {"uid":"s2093547","counter":113}, {"uid":"s2093547","counter":114}, {"uid":"s2093547","counter":115}, {"uid":"s2093547","counter":116}, {"uid":"s2093547","counter":117}, {"uid":"s2093547","counter":118}, {"uid":"s2093547","counter":119}, {"uid":"s2093547","counter":120}, {"uid":"s2093547","counter":121}, {"uid":"s2093547","counter":122}, {"uid":"s2093547","counter":123}, {"uid":"s2093547","counter":124}, {"uid":"s2093547","counter":125}, {"uid":"s2093547","counter":126}, {"uid":"s2093547","counter":127}, {"uid":"s2093547","counter":128}, {"uid":"s2093547","counter":129}, {"uid":"s2093547","counter":130}, {"uid":"s2093547","counter":131}, {"uid":"s2093547","counter":132}, {"uid":"s2093547","counter":133}, {"uid":"s2093547","counter":134}, {"uid":"s2093547","counter":135}, {"uid":"s2093547","counter":136}, {"uid":"s2093547","counter":137}, {"uid":"s2093547","counter":138}, {"uid":"s2093547","counter":139}, {"uid":"s2093547","counter":140}, {"uid":"s2093547","counter":141}, {"uid":"s2093547","counter":142}, {"uid":"s2093547","counter":143}, {"uid":"s2093547","counter":144}, {"uid":"s2093547","counter":145}, {"uid":"s2093547","counter":146}, {"uid":"s2093547","counter":147}, {"uid":"s2093547","counter":148}, {"uid":"s2093547","counter":149}, {"uid":"s2093547","counter":150}, {"uid":"s2093547","counter":151}, {"uid":"s2093547","counter":152}, {"uid":"s2093547","counter":153}, {"uid":"s2093547","counter":154}, {"uid":"s2093547","counter":155}, {"uid":"s2093547","counter":156}, {"uid":"s2093547","counter":157}, {"uid":"s2093547","counter":158}, {"uid":"s2093547","counter":159}, {"uid":"s2093547","counter":160}, {"uid":"s2093547","counter":161}, {"uid":"s2093547","counter":162}, {"uid":"s2093547","counter":163}, {"uid":"s2093547","counter":164}, {"uid":"s2093547","counter":165}, {"uid":"s2093547","counter":166}, {"uid":"s2093547","counter":167}, {"uid":"s2093547","counter":168}, {"uid":"s2093547","counter":169}, {"uid":"s2093547","counter":170}, {"uid":"s2093547","counter":171}, {"uid":"s2093547","counter":172}, {"uid":"s2093547","counter":173}, {"uid":"s2093547","counter":174}, {"uid":"s2093547","counter":175}, {"uid":"s2093547","counter":176}, {"uid":"s2093547","counter":177}, {"uid":"s2093547","counter":178}, {"uid":"s2093547","counter":179}, {"uid":"s2093547","counter":180}, {"uid":"s2093547","counter":181}, {"uid":"s2093547","counter":182}, {"uid":"s2093547","counter":183}, {"uid":"s2093547","counter":184}, {"uid":"s2093547","counter":185}, {"uid":"s2093547","counter":186}, {"uid":"s2093547","counter":187}, {"uid":"s2093547","counter":188}, {"uid":"s2093547","counter":189}, {"uid":"s2093547","counter":190}, {"uid":"s2093547","counter":191}, {"uid":"s2093547","counter":192}, {"uid":"s2093547","counter":193}, {"uid":"s2093547","counter":194}, {"uid":"s2093547","counter":195}, {"uid":"s2093547","counter":196}, {"uid":"s2093547","counter":197}, {"uid":"s2093547","counter":198}, {"uid":"s2093547","counter":199}, {"uid":"s2093547","counter":200}, {"uid":"s2093547","counter":201}, {"uid":"s2093547","counter":202}, {"uid":"s2093547","counter":203}, {"uid":"s2093547","counter":204}, {"uid":"s2093547","counter":205}, {"uid":"s2093547","counter":206}, {"uid":"s2093547","counter":207}, {"uid":"s2093547","counter":208}, {"uid":"s2093547","counter":209}, {"uid":"s2093547","counter":210}, {"uid":"s2093547","counter":211}, {"uid":"s2093547","counter":212}, {"uid":"s2093547","counter":213}, {"uid":"s2093547","counter":214}, {"uid":"s2093547","counter":215}, {"uid":"s2093547","counter":216}, {"uid":"s2093547","counter":217}, {"uid":"s2093547","counter":218}, {"uid":"s2093547","counter":219}, {"uid":"s2093547","counter":220}, {"uid":"s2093547","counter":221}, {"uid":"s2093547","counter":222}, {"uid":"s2093547","counter":223}, {"uid":"s2093547","counter":224}, {"uid":"s2093547","counter":225}, {"uid":"s2093547","counter":226}, {"uid":"s2093547","counter":227}, {"uid":"s2093547","counter":228}, {"uid":"s2093547","counter":229}, {"uid":"s2093547","counter":230}, {"uid":"s2093547","counter":231}, {"uid":"s2093547","counter":232}, {"uid":"s2093547","counter":233}, {"uid":"s2093547","counter":234}, {"uid":"s2093547","counter":235}, {"uid":"s2093547","counter":236}, {"uid":"s2093547","counter":237}, {"uid":"s2093547","counter":238}, {"uid":"s2093547","counter":239}, {"uid":"s2093547","counter":240}, {"uid":"s2093547","counter":241}, {"uid":"s2093547","counter":242}, {"uid":"s2093547","counter":243}, {"uid":"s2093547","counter":244}, {"uid":"s2093547","counter":245}, {"uid":"s2093547","counter":246}, {"uid":"s2093547","counter":247}, {"uid":"s2093547","counter":248}, {"uid":"s2093547","counter":249}, {"uid":"s2093547","counter":250}, {"uid":"s2093547","counter":251}, {"uid":"s2093547","counter":252}, {"uid":"s2093547","counter":253}, {"uid":"s2093547","counter":254}, {"uid":"s2093547","counter":255}, {"uid":"s2093547","counter":256}, {"uid":"s2093547","counter":257}, {"uid":"s2093547","counter":258}, {"uid":"s2093547","counter":259}, {"uid":"s2093547","counter":260}, {"uid":"s2093547","counter":261}, {"uid":"s2093547","counter":262}, {"uid":"s2093547","counter":263}, {"uid":"s2093547","counter":264}, {"uid":"s2093547","counter":265}, {"uid":"s2093547","counter":266}, {"uid":"s2093547","counter":267}, {"uid":"s2093547","counter":268}, {"uid":"s2093547","counter":269}, {"uid":"s2093547","counter":270}, {"uid":"s2093547","counter":271}, {"uid":"s2093547","counter":272}, {"uid":"s2093547","counter":273}, {"uid":"s2093547","counter":274}, {"uid":"s2093547","counter":275}, {"uid":"s2093547","counter":276}, {"uid":"s2093547","counter":277}, {"uid":"s2093547","counter":278}, {"uid":"s2093547","counter":279}, {"uid":"s2093547","counter":280}, {"uid":"s2093547","counter":281}, {"uid":"s2093547","counter":282}, {"uid":"s2093547","counter":283}, {"uid":"s2093547","counter":284}, {"uid":"s2093547","counter":285}, {"uid":"s2093547","counter":286}, {"uid":"s2093547","counter":287}, {"uid":"s2093547","counter":288}, {"uid":"s2093547","counter":289}, {"uid":"s2093547","counter":290}, {"uid":"s2093547","counter":291}, {"uid":"s2093547","counter":292}, {"uid":"s2093547","counter":293}, {"uid":"s2093547","counter":294}, {"uid":"s2093547","counter":295}, {"uid":"s2093547","counter":296}, {"uid":"s2093547","counter":297}, {"uid":"s2093547","counter":298}, {"uid":"s2093547","counter":299}, {"uid":"s2093547","counter":300}, {"uid":"s2093547","counter":301}, {"uid":"s2093547","counter":302}, {"uid":"s2093547","counter":303}, {"uid":"s2093547","counter":304}, {"uid":"s2093547","counter":305}, {"uid":"s2093547","counter":306}, {"uid":"s2093547","counter":307}, {"uid":"s2093547","counter":308}, {"uid":"s2093547","counter":309}, {"uid":"s2093547","counter":310}, {"uid":"s2093547","counter":311}, {"uid":"s2093547","counter":312}, {"uid":"s2093547","counter":313}, {"uid":"s2093547","counter":314}, {"uid":"s2093547","counter":315}, {"uid":"s2093547","counter":316}, {"uid":"s2093547","counter":317}, {"uid":"s2093547","counter":318}, {"uid":"s2093547","counter":319}, {"uid":"s2093547","counter":320}, {"uid":"s2093547","counter":321}, {"uid":"s2093547","counter":322}, {"uid":"s2093547","counter":323}, {"uid":"s2093547","counter":324}, {"uid":"s2093547","counter":325}, {"uid":"s2093547","counter":326}, {"uid":"s2093547","counter":327}, {"uid":"s2093547","counter":328}, {"uid":"s2093547","counter":329}, {"uid":"s2093547","counter":330}, {"uid":"s2093547","counter":331}, {"uid":"s2093547","counter":332}, {"uid":"s2093547","counter":333}, {"uid":"s2093547","counter":334}, {"uid":"s2093547","counter":335}, {"uid":"s2093547","counter":336}, {"uid":"s2093547","counter":337}, {"uid":"s2093547","counter":338}, {"uid":"s2093547","counter":339}, {"uid":"s2093547","counter":340}, {"uid":"s2093547","counter":341}, {"uid":"s2093547","counter":342}, {"uid":"s2093547","counter":343}, {"uid":"s2093547","counter":344}, {"uid":"s2093547","counter":345}, {"uid":"s2093547","counter":346}, {"uid":"s2093547","counter":347}, {"uid":"s2093547","counter":348}, {"uid":"s2093547","counter":349}, {"uid":"s2093547","counter":350}, {"uid":"s2093547","counter":351}, {"uid":"s2093547","counter":352}, {"uid":"s2093547","counter":353}, {"uid":"s2093547","counter":354}, {"uid":"s2093547","counter":355}, {"uid":"s2093547","counter":356}, {"uid":"s2093547","counter":357}, {"uid":"s2093547","counter":358}, {"uid":"s2093547","counter":359}, {"uid":"s2093547","counter":360}, {"uid":"s2093547","counter":361}, {"uid":"s2093547","counter":362}, {"uid":"s2093547","counter":363}, {"uid":"s2093547","counter":364}, {"uid":"s2093547","counter":365}, {"uid":"s2093547","counter":366}, {"uid":"s2093547","counter":367}, {"uid":"s2093547","counter":368}, {"uid":"s2093547","counter":369}, {"uid":"s2093547","counter":370}, {"uid":"s2093547","counter":371}, {"uid":"s2093547","counter":372}, {"uid":"s2093547","counter":373}, {"uid":"s2093547","counter":374}, {"uid":"s2093547","counter":375}, {"uid":"s2093547","counter":376}, {"uid":"s2093547","counter":377}, {"uid":"s2093547","counter":378}, {"uid":"s2093547","counter":379}, {"uid":"s2093547","counter":380}, {"uid":"s2093547","counter":381}, {"uid":"s2093547","counter":382}, {"uid":"s2093547","counter":383}, {"uid":"s2093547","counter":384}, {"uid":"s2093547","counter":385}, {"uid":"s2093547","counter":386}, {"uid":"s2093547","counter":387}, {"uid":"s2093547","counter":388}, {"uid":"s2093547","counter":389}, {"uid":"s2093547","counter":390}, {"uid":"s2093547","counter":391}, {"uid":"s2093547","counter":392}, {"uid":"s2093547","counter":393}, {"uid":"s2093547","counter":394}, {"uid":"s2093547","counter":395}, {"uid":"s2093547","counter":396}, {"uid":"s2093547","counter":397}, {"uid":"s2093547","counter":398}, {"uid":"s2093547","counter":399}, {"uid":"s2093547","counter":400}, {"uid":"s2093547","counter":401}, {"uid":"s2093547","counter":402}, {"uid":"s2093547","counter":403}, {"uid":"s2093547","counter":404}, {"uid":"s2093547","counter":405}, {"uid":"s2093547","counter":406}, {"uid":"s2093547","counter":407}, {"uid":"s2093547","counter":408}, {"uid":"s2093547","counter":409}, {"uid":"s2093547","counter":410}, {"uid":"s2093547","counter":411}, {"uid":"s2093547","counter":412}, {"uid":"s2093547","counter":413}, {"uid":"s2093547","counter":414}, {"uid":"s2093547","counter":415}, {"uid":"s2093547","counter":416}, {"uid":"s2093547","counter":417}, {"uid":"s2093547","counter":418}, {"uid":"s2093547","counter":419}, {"uid":"s2093547","counter":420}, {"uid":"s2093547","counter":421}, {"uid":"s2093547","counter":422}, {"uid":"s2093547","counter":423}, {"uid":"s2093547","counter":424}, {"uid":"s2093547","counter":425}, {"uid":"s2093547","counter":426}, {"uid":"s2093547","counter":427}, {"uid":"s2093547","counter":428}, {"uid":"s2093547","counter":429}, {"uid":"s2093547","counter":430}, {"uid":"s2093547","counter":431}, {"uid":"s2093547","counter":432}, {"uid":"s2093547","counter":433}, {"uid":"s2093547","counter":434}, {"uid":"s2093547","counter":435}, {"uid":"s2093547","counter":436}, {"uid":"s2093547","counter":437}, {"uid":"s2093547","counter":438}, {"uid":"s2093547","counter":439}, {"uid":"s2093547","counter":440}, {"uid":"s2093547","counter":441}, {"uid":"s2093547","counter":442}, {"uid":"s2093547","counter":443}, {"uid":"s2093547","counter":444}, {"uid":"s2093547","counter":445}, {"uid":"s2093547","counter":446}, {"uid":"s2093547","counter":447}, {"uid":"s2093547","counter":448}, {"uid":"s2093547","counter":449}, {"uid":"s2093547","counter":450}, {"uid":"s2093547","counter":451}, {"uid":"s2093547","counter":452}, {"uid":"s2093547","counter":453}, {"uid":"s2093547","counter":454}, {"uid":"s2093547","counter":455}, {"uid":"s2093547","counter":456}, {"uid":"s2093547","counter":457}, {"uid":"s2093547","counter":458}, {"uid":"s2093547","counter":459}, {"uid":"s2093547","counter":460}, {"uid":"s2093547","counter":461}, {"uid":"s2093547","counter":462}, {"uid":"s2093547","counter":463}, {"uid":"s2093547","counter":464}, {"uid":"s2093547","counter":465}, {"uid":"s2093547","counter":466}, {"uid":"s2093547","counter":467}, {"uid":"s2093547","counter":468}, {"uid":"s2093547","counter":469}, {"uid":"s2093547","counter":470}, {"uid":"s2093547","counter":471}, {"uid":"s2093547","counter":472}, {"uid":"s2093547","counter":473}, {"uid":"s2093547","counter":474}, {"uid":"s2093547","counter":475}, {"uid":"s2093547","counter":476}, {"uid":"s2093547","counter":477}, {"uid":"s2093547","counter":478}, {"uid":"s2093547","counter":479}, {"uid":"s2093547","counter":480}, {"uid":"s2093547","counter":481}, {"uid":"s2093547","counter":482}, {"uid":"s2093547","counter":483}, {"uid":"s2093547","counter":484}, {"uid":"s2093547","counter":485}, {"uid":"s2093547","counter":486}, {"uid":"s2093547","counter":487}, {"uid":"s2093547","counter":488}, {"uid":"s2093547","counter":489}, {"uid":"s2093547","counter":490}, {"uid":"s2093547","counter":491}, {"uid":"s2093547","counter":492}, {"uid":"s2093547","counter":493}, {"uid":"s2093547","counter":494}, {"uid":"s2093547","counter":495}, {"uid":"s2093547","counter":496}, {"uid":"s2093547","counter":497}, {"uid":"s2093547","counter":498}, {"uid":"s2093547","counter":499}]
02:21:05.912 INFO  u.a.e.a.c.AcpCw2ApplicationTests - Time taken: 61 ms
02:21:05.912 INFO  u.a.e.a.c.AcpCw2ApplicationTests - ========================PASSED=========================
02:21:05.912 INFO  u.a.e.a.c.AcpCw2ApplicationTests - queueName: ShortTest-42290-yD5l6
02:21:05.944 INFO  u.a.e.a.c.s.RabbitMqService - Sent 500/500 messages to ShortTest-42290-yD5l6
02:21:05.951 INFO  u.a.e.a.c.s.RabbitMqService - Reading queue ShortTest-42290-yD5l6: timeOut=50
02:21:06.003 INFO  u.a.e.a.c.s.RabbitMqService - Received 500 messages in 52/50ms
02:21:06.003 INFO  u.a.e.a.c.s.RabbitMqService - returning: [{"uid":"s2093547","counter":0}, {"uid":"s2093547","counter":1}, {"uid":"s2093547","counter":2}, {"uid":"s2093547","counter":3}, {"uid":"s2093547","counter":4}, {"uid":"s2093547","counter":5}, {"uid":"s2093547","counter":6}, {"uid":"s2093547","counter":7}, {"uid":"s2093547","counter":8}, {"uid":"s2093547","counter":9}, {"uid":"s2093547","counter":10}, {"uid":"s2093547","counter":11}, {"uid":"s2093547","counter":12}, {"uid":"s2093547","counter":13}, {"uid":"s2093547","counter":14}, {"uid":"s2093547","counter":15}, {"uid":"s2093547","counter":16}, {"uid":"s2093547","counter":17}, {"uid":"s2093547","counter":18}, {"uid":"s2093547","counter":19}, {"uid":"s2093547","counter":20}, {"uid":"s2093547","counter":21}, {"uid":"s2093547","counter":22}, {"uid":"s2093547","counter":23}, {"uid":"s2093547","counter":24}, {"uid":"s2093547","counter":25}, {"uid":"s2093547","counter":26}, {"uid":"s2093547","counter":27}, {"uid":"s2093547","counter":28}, {"uid":"s2093547","counter":29}, {"uid":"s2093547","counter":30}, {"uid":"s2093547","counter":31}, {"uid":"s2093547","counter":32}, {"uid":"s2093547","counter":33}, {"uid":"s2093547","counter":34}, {"uid":"s2093547","counter":35}, {"uid":"s2093547","counter":36}, {"uid":"s2093547","counter":37}, {"uid":"s2093547","counter":38}, {"uid":"s2093547","counter":39}, {"uid":"s2093547","counter":40}, {"uid":"s2093547","counter":41}, {"uid":"s2093547","counter":42}, {"uid":"s2093547","counter":43}, {"uid":"s2093547","counter":44}, {"uid":"s2093547","counter":45}, {"uid":"s2093547","counter":46}, {"uid":"s2093547","counter":47}, {"uid":"s2093547","counter":48}, {"uid":"s2093547","counter":49}, {"uid":"s2093547","counter":50}, {"uid":"s2093547","counter":51}, {"uid":"s2093547","counter":52}, {"uid":"s2093547","counter":53}, {"uid":"s2093547","counter":54}, {"uid":"s2093547","counter":55}, {"uid":"s2093547","counter":56}, {"uid":"s2093547","counter":57}, {"uid":"s2093547","counter":58}, {"uid":"s2093547","counter":59}, {"uid":"s2093547","counter":60}, {"uid":"s2093547","counter":61}, {"uid":"s2093547","counter":62}, {"uid":"s2093547","counter":63}, {"uid":"s2093547","counter":64}, {"uid":"s2093547","counter":65}, {"uid":"s2093547","counter":66}, {"uid":"s2093547","counter":67}, {"uid":"s2093547","counter":68}, {"uid":"s2093547","counter":69}, {"uid":"s2093547","counter":70}, {"uid":"s2093547","counter":71}, {"uid":"s2093547","counter":72}, {"uid":"s2093547","counter":73}, {"uid":"s2093547","counter":74}, {"uid":"s2093547","counter":75}, {"uid":"s2093547","counter":76}, {"uid":"s2093547","counter":77}, {"uid":"s2093547","counter":78}, {"uid":"s2093547","counter":79}, {"uid":"s2093547","counter":80}, {"uid":"s2093547","counter":81}, {"uid":"s2093547","counter":82}, {"uid":"s2093547","counter":83}, {"uid":"s2093547","counter":84}, {"uid":"s2093547","counter":85}, {"uid":"s2093547","counter":86}, {"uid":"s2093547","counter":87}, {"uid":"s2093547","counter":88}, {"uid":"s2093547","counter":89}, {"uid":"s2093547","counter":90}, {"uid":"s2093547","counter":91}, {"uid":"s2093547","counter":92}, {"uid":"s2093547","counter":93}, {"uid":"s2093547","counter":94}, {"uid":"s2093547","counter":95}, {"uid":"s2093547","counter":96}, {"uid":"s2093547","counter":97}, {"uid":"s2093547","counter":98}, {"uid":"s2093547","counter":99}, {"uid":"s2093547","counter":100}, {"uid":"s2093547","counter":101}, {"uid":"s2093547","counter":102}, {"uid":"s2093547","counter":103}, {"uid":"s2093547","counter":104}, {"uid":"s2093547","counter":105}, {"uid":"s2093547","counter":106}, {"uid":"s2093547","counter":107}, {"uid":"s2093547","counter":108}, {"uid":"s2093547","counter":109}, {"uid":"s2093547","counter":110}, {"uid":"s2093547","counter":111}, {"uid":"s2093547","counter":112}, {"uid":"s2093547","counter":113}, {"uid":"s2093547","counter":114}, {"uid":"s2093547","counter":115}, {"uid":"s2093547","counter":116}, {"uid":"s2093547","counter":117}, {"uid":"s2093547","counter":118}, {"uid":"s2093547","counter":119}, {"uid":"s2093547","counter":120}, {"uid":"s2093547","counter":121}, {"uid":"s2093547","counter":122}, {"uid":"s2093547","counter":123}, {"uid":"s2093547","counter":124}, {"uid":"s2093547","counter":125}, {"uid":"s2093547","counter":126}, {"uid":"s2093547","counter":127}, {"uid":"s2093547","counter":128}, {"uid":"s2093547","counter":129}, {"uid":"s2093547","counter":130}, {"uid":"s2093547","counter":131}, {"uid":"s2093547","counter":132}, {"uid":"s2093547","counter":133}, {"uid":"s2093547","counter":134}, {"uid":"s2093547","counter":135}, {"uid":"s2093547","counter":136}, {"uid":"s2093547","counter":137}, {"uid":"s2093547","counter":138}, {"uid":"s2093547","counter":139}, {"uid":"s2093547","counter":140}, {"uid":"s2093547","counter":141}, {"uid":"s2093547","counter":142}, {"uid":"s2093547","counter":143}, {"uid":"s2093547","counter":144}, {"uid":"s2093547","counter":145}, {"uid":"s2093547","counter":146}, {"uid":"s2093547","counter":147}, {"uid":"s2093547","counter":148}, {"uid":"s2093547","counter":149}, {"uid":"s2093547","counter":150}, {"uid":"s2093547","counter":151}, {"uid":"s2093547","counter":152}, {"uid":"s2093547","counter":153}, {"uid":"s2093547","counter":154}, {"uid":"s2093547","counter":155}, {"uid":"s2093547","counter":156}, {"uid":"s2093547","counter":157}, {"uid":"s2093547","counter":158}, {"uid":"s2093547","counter":159}, {"uid":"s2093547","counter":160}, {"uid":"s2093547","counter":161}, {"uid":"s2093547","counter":162}, {"uid":"s2093547","counter":163}, {"uid":"s2093547","counter":164}, {"uid":"s2093547","counter":165}, {"uid":"s2093547","counter":166}, {"uid":"s2093547","counter":167}, {"uid":"s2093547","counter":168}, {"uid":"s2093547","counter":169}, {"uid":"s2093547","counter":170}, {"uid":"s2093547","counter":171}, {"uid":"s2093547","counter":172}, {"uid":"s2093547","counter":173}, {"uid":"s2093547","counter":174}, {"uid":"s2093547","counter":175}, {"uid":"s2093547","counter":176}, {"uid":"s2093547","counter":177}, {"uid":"s2093547","counter":178}, {"uid":"s2093547","counter":179}, {"uid":"s2093547","counter":180}, {"uid":"s2093547","counter":181}, {"uid":"s2093547","counter":182}, {"uid":"s2093547","counter":183}, {"uid":"s2093547","counter":184}, {"uid":"s2093547","counter":185}, {"uid":"s2093547","counter":186}, {"uid":"s2093547","counter":187}, {"uid":"s2093547","counter":188}, {"uid":"s2093547","counter":189}, {"uid":"s2093547","counter":190}, {"uid":"s2093547","counter":191}, {"uid":"s2093547","counter":192}, {"uid":"s2093547","counter":193}, {"uid":"s2093547","counter":194}, {"uid":"s2093547","counter":195}, {"uid":"s2093547","counter":196}, {"uid":"s2093547","counter":197}, {"uid":"s2093547","counter":198}, {"uid":"s2093547","counter":199}, {"uid":"s2093547","counter":200}, {"uid":"s2093547","counter":201}, {"uid":"s2093547","counter":202}, {"uid":"s2093547","counter":203}, {"uid":"s2093547","counter":204}, {"uid":"s2093547","counter":205}, {"uid":"s2093547","counter":206}, {"uid":"s2093547","counter":207}, {"uid":"s2093547","counter":208}, {"uid":"s2093547","counter":209}, {"uid":"s2093547","counter":210}, {"uid":"s2093547","counter":211}, {"uid":"s2093547","counter":212}, {"uid":"s2093547","counter":213}, {"uid":"s2093547","counter":214}, {"uid":"s2093547","counter":215}, {"uid":"s2093547","counter":216}, {"uid":"s2093547","counter":217}, {"uid":"s2093547","counter":218}, {"uid":"s2093547","counter":219}, {"uid":"s2093547","counter":220}, {"uid":"s2093547","counter":221}, {"uid":"s2093547","counter":222}, {"uid":"s2093547","counter":223}, {"uid":"s2093547","counter":224}, {"uid":"s2093547","counter":225}, {"uid":"s2093547","counter":226}, {"uid":"s2093547","counter":227}, {"uid":"s2093547","counter":228}, {"uid":"s2093547","counter":229}, {"uid":"s2093547","counter":230}, {"uid":"s2093547","counter":231}, {"uid":"s2093547","counter":232}, {"uid":"s2093547","counter":233}, {"uid":"s2093547","counter":234}, {"uid":"s2093547","counter":235}, {"uid":"s2093547","counter":236}, {"uid":"s2093547","counter":237}, {"uid":"s2093547","counter":238}, {"uid":"s2093547","counter":239}, {"uid":"s2093547","counter":240}, {"uid":"s2093547","counter":241}, {"uid":"s2093547","counter":242}, {"uid":"s2093547","counter":243}, {"uid":"s2093547","counter":244}, {"uid":"s2093547","counter":245}, {"uid":"s2093547","counter":246}, {"uid":"s2093547","counter":247}, {"uid":"s2093547","counter":248}, {"uid":"s2093547","counter":249}, {"uid":"s2093547","counter":250}, {"uid":"s2093547","counter":251}, {"uid":"s2093547","counter":252}, {"uid":"s2093547","counter":253}, {"uid":"s2093547","counter":254}, {"uid":"s2093547","counter":255}, {"uid":"s2093547","counter":256}, {"uid":"s2093547","counter":257}, {"uid":"s2093547","counter":258}, {"uid":"s2093547","counter":259}, {"uid":"s2093547","counter":260}, {"uid":"s2093547","counter":261}, {"uid":"s2093547","counter":262}, {"uid":"s2093547","counter":263}, {"uid":"s2093547","counter":264}, {"uid":"s2093547","counter":265}, {"uid":"s2093547","counter":266}, {"uid":"s2093547","counter":267}, {"uid":"s2093547","counter":268}, {"uid":"s2093547","counter":269}, {"uid":"s2093547","counter":270}, {"uid":"s2093547","counter":271}, {"uid":"s2093547","counter":272}, {"uid":"s2093547","counter":273}, {"uid":"s2093547","counter":274}, {"uid":"s2093547","counter":275}, {"uid":"s2093547","counter":276}, {"uid":"s2093547","counter":277}, {"uid":"s2093547","counter":278}, {"uid":"s2093547","counter":279}, {"uid":"s2093547","counter":280}, {"uid":"s2093547","counter":281}, {"uid":"s2093547","counter":282}, {"uid":"s2093547","counter":283}, {"uid":"s2093547","counter":284}, {"uid":"s2093547","counter":285}, {"uid":"s2093547","counter":286}, {"uid":"s2093547","counter":287}, {"uid":"s2093547","counter":288}, {"uid":"s2093547","counter":289}, {"uid":"s2093547","counter":290}, {"uid":"s2093547","counter":291}, {"uid":"s2093547","counter":292}, {"uid":"s2093547","counter":293}, {"uid":"s2093547","counter":294}, {"uid":"s2093547","counter":295}, {"uid":"s2093547","counter":296}, {"uid":"s2093547","counter":297}, {"uid":"s2093547","counter":298}, {"uid":"s2093547","counter":299}, {"uid":"s2093547","counter":300}, {"uid":"s2093547","counter":301}, {"uid":"s2093547","counter":302}, {"uid":"s2093547","counter":303}, {"uid":"s2093547","counter":304}, {"uid":"s2093547","counter":305}, {"uid":"s2093547","counter":306}, {"uid":"s2093547","counter":307}, {"uid":"s2093547","counter":308}, {"uid":"s2093547","counter":309}, {"uid":"s2093547","counter":310}, {"uid":"s2093547","counter":311}, {"uid":"s2093547","counter":312}, {"uid":"s2093547","counter":313}, {"uid":"s2093547","counter":314}, {"uid":"s2093547","counter":315}, {"uid":"s2093547","counter":316}, {"uid":"s2093547","counter":317}, {"uid":"s2093547","counter":318}, {"uid":"s2093547","counter":319}, {"uid":"s2093547","counter":320}, {"uid":"s2093547","counter":321}, {"uid":"s2093547","counter":322}, {"uid":"s2093547","counter":323}, {"uid":"s2093547","counter":324}, {"uid":"s2093547","counter":325}, {"uid":"s2093547","counter":326}, {"uid":"s2093547","counter":327}, {"uid":"s2093547","counter":328}, {"uid":"s2093547","counter":329}, {"uid":"s2093547","counter":330}, {"uid":"s2093547","counter":331}, {"uid":"s2093547","counter":332}, {"uid":"s2093547","counter":333}, {"uid":"s2093547","counter":334}, {"uid":"s2093547","counter":335}, {"uid":"s2093547","counter":336}, {"uid":"s2093547","counter":337}, {"uid":"s2093547","counter":338}, {"uid":"s2093547","counter":339}, {"uid":"s2093547","counter":340}, {"uid":"s2093547","counter":341}, {"uid":"s2093547","counter":342}, {"uid":"s2093547","counter":343}, {"uid":"s2093547","counter":344}, {"uid":"s2093547","counter":345}, {"uid":"s2093547","counter":346}, {"uid":"s2093547","counter":347}, {"uid":"s2093547","counter":348}, {"uid":"s2093547","counter":349}, {"uid":"s2093547","counter":350}, {"uid":"s2093547","counter":351}, {"uid":"s2093547","counter":352}, {"uid":"s2093547","counter":353}, {"uid":"s2093547","counter":354}, {"uid":"s2093547","counter":355}, {"uid":"s2093547","counter":356}, {"uid":"s2093547","counter":357}, {"uid":"s2093547","counter":358}, {"uid":"s2093547","counter":359}, {"uid":"s2093547","counter":360}, {"uid":"s2093547","counter":361}, {"uid":"s2093547","counter":362}, {"uid":"s2093547","counter":363}, {"uid":"s2093547","counter":364}, {"uid":"s2093547","counter":365}, {"uid":"s2093547","counter":366}, {"uid":"s2093547","counter":367}, {"uid":"s2093547","counter":368}, {"uid":"s2093547","counter":369}, {"uid":"s2093547","counter":370}, {"uid":"s2093547","counter":371}, {"uid":"s2093547","counter":372}, {"uid":"s2093547","counter":373}, {"uid":"s2093547","counter":374}, {"uid":"s2093547","counter":375}, {"uid":"s2093547","counter":376}, {"uid":"s2093547","counter":377}, {"uid":"s2093547","counter":378}, {"uid":"s2093547","counter":379}, {"uid":"s2093547","counter":380}, {"uid":"s2093547","counter":381}, {"uid":"s2093547","counter":382}, {"uid":"s2093547","counter":383}, {"uid":"s2093547","counter":384}, {"uid":"s2093547","counter":385}, {"uid":"s2093547","counter":386}, {"uid":"s2093547","counter":387}, {"uid":"s2093547","counter":388}, {"uid":"s2093547","counter":389}, {"uid":"s2093547","counter":390}, {"uid":"s2093547","counter":391}, {"uid":"s2093547","counter":392}, {"uid":"s2093547","counter":393}, {"uid":"s2093547","counter":394}, {"uid":"s2093547","counter":395}, {"uid":"s2093547","counter":396}, {"uid":"s2093547","counter":397}, {"uid":"s2093547","counter":398}, {"uid":"s2093547","counter":399}, {"uid":"s2093547","counter":400}, {"uid":"s2093547","counter":401}, {"uid":"s2093547","counter":402}, {"uid":"s2093547","counter":403}, {"uid":"s2093547","counter":404}, {"uid":"s2093547","counter":405}, {"uid":"s2093547","counter":406}, {"uid":"s2093547","counter":407}, {"uid":"s2093547","counter":408}, {"uid":"s2093547","counter":409}, {"uid":"s2093547","counter":410}, {"uid":"s2093547","counter":411}, {"uid":"s2093547","counter":412}, {"uid":"s2093547","counter":413}, {"uid":"s2093547","counter":414}, {"uid":"s2093547","counter":415}, {"uid":"s2093547","counter":416}, {"uid":"s2093547","counter":417}, {"uid":"s2093547","counter":418}, {"uid":"s2093547","counter":419}, {"uid":"s2093547","counter":420}, {"uid":"s2093547","counter":421}, {"uid":"s2093547","counter":422}, {"uid":"s2093547","counter":423}, {"uid":"s2093547","counter":424}, {"uid":"s2093547","counter":425}, {"uid":"s2093547","counter":426}, {"uid":"s2093547","counter":427}, {"uid":"s2093547","counter":428}, {"uid":"s2093547","counter":429}, {"uid":"s2093547","counter":430}, {"uid":"s2093547","counter":431}, {"uid":"s2093547","counter":432}, {"uid":"s2093547","counter":433}, {"uid":"s2093547","counter":434}, {"uid":"s2093547","counter":435}, {"uid":"s2093547","counter":436}, {"uid":"s2093547","counter":437}, {"uid":"s2093547","counter":438}, {"uid":"s2093547","counter":439}, {"uid":"s2093547","counter":440}, {"uid":"s2093547","counter":441}, {"uid":"s2093547","counter":442}, {"uid":"s2093547","counter":443}, {"uid":"s2093547","counter":444}, {"uid":"s2093547","counter":445}, {"uid":"s2093547","counter":446}, {"uid":"s2093547","counter":447}, {"uid":"s2093547","counter":448}, {"uid":"s2093547","counter":449}, {"uid":"s2093547","counter":450}, {"uid":"s2093547","counter":451}, {"uid":"s2093547","counter":452}, {"uid":"s2093547","counter":453}, {"uid":"s2093547","counter":454}, {"uid":"s2093547","counter":455}, {"uid":"s2093547","counter":456}, {"uid":"s2093547","counter":457}, {"uid":"s2093547","counter":458}, {"uid":"s2093547","counter":459}, {"uid":"s2093547","counter":460}, {"uid":"s2093547","counter":461}, {"uid":"s2093547","counter":462}, {"uid":"s2093547","counter":463}, {"uid":"s2093547","counter":464}, {"uid":"s2093547","counter":465}, {"uid":"s2093547","counter":466}, {"uid":"s2093547","counter":467}, {"uid":"s2093547","counter":468}, {"uid":"s2093547","counter":469}, {"uid":"s2093547","counter":470}, {"uid":"s2093547","counter":471}, {"uid":"s2093547","counter":472}, {"uid":"s2093547","counter":473}, {"uid":"s2093547","counter":474}, {"uid":"s2093547","counter":475}, {"uid":"s2093547","counter":476}, {"uid":"s2093547","counter":477}, {"uid":"s2093547","counter":478}, {"uid":"s2093547","counter":479}, {"uid":"s2093547","counter":480}, {"uid":"s2093547","counter":481}, {"uid":"s2093547","counter":482}, {"uid":"s2093547","counter":483}, {"uid":"s2093547","counter":484}, {"uid":"s2093547","counter":485}, {"uid":"s2093547","counter":486}, {"uid":"s2093547","counter":487}, {"uid":"s2093547","counter":488}, {"uid":"s2093547","counter":489}, {"uid":"s2093547","counter":490}, {"uid":"s2093547","counter":491}, {"uid":"s2093547","counter":492}, {"uid":"s2093547","counter":493}, {"uid":"s2093547","counter":494}, {"uid":"s2093547","counter":495}, {"uid":"s2093547","counter":496}, {"uid":"s2093547","counter":497}, {"uid":"s2093547","counter":498}, {"uid":"s2093547","counter":499}]
02:21:06.007 INFO  u.a.e.a.c.AcpCw2ApplicationTests - Time taken: 61 ms
02:21:06.008 INFO  u.a.e.a.c.AcpCw2ApplicationTests - ========================PASSED=========================
02:21:06.008 INFO  u.a.e.a.c.AcpCw2ApplicationTests - queueName: ShortTest-80038-9VsjV
02:21:06.033 INFO  u.a.e.a.c.s.RabbitMqService - Sent 500/500 messages to ShortTest-80038-9VsjV
02:21:06.040 INFO  u.a.e.a.c.s.RabbitMqService - Reading queue ShortTest-80038-9VsjV: timeOut=50
02:21:06.093 INFO  u.a.e.a.c.s.RabbitMqService - Received 500 messages in 53/50ms
02:21:06.093 INFO  u.a.e.a.c.s.RabbitMqService - returning: [{"uid":"s2093547","counter":0}, {"uid":"s2093547","counter":1}, {"uid":"s2093547","counter":2}, {"uid":"s2093547","counter":3}, {"uid":"s2093547","counter":4}, {"uid":"s2093547","counter":5}, {"uid":"s2093547","counter":6}, {"uid":"s2093547","counter":7}, {"uid":"s2093547","counter":8}, {"uid":"s2093547","counter":9}, {"uid":"s2093547","counter":10}, {"uid":"s2093547","counter":11}, {"uid":"s2093547","counter":12}, {"uid":"s2093547","counter":13}, {"uid":"s2093547","counter":14}, {"uid":"s2093547","counter":15}, {"uid":"s2093547","counter":16}, {"uid":"s2093547","counter":17}, {"uid":"s2093547","counter":18}, {"uid":"s2093547","counter":19}, {"uid":"s2093547","counter":20}, {"uid":"s2093547","counter":21}, {"uid":"s2093547","counter":22}, {"uid":"s2093547","counter":23}, {"uid":"s2093547","counter":24}, {"uid":"s2093547","counter":25}, {"uid":"s2093547","counter":26}, {"uid":"s2093547","counter":27}, {"uid":"s2093547","counter":28}, {"uid":"s2093547","counter":29}, {"uid":"s2093547","counter":30}, {"uid":"s2093547","counter":31}, {"uid":"s2093547","counter":32}, {"uid":"s2093547","counter":33}, {"uid":"s2093547","counter":34}, {"uid":"s2093547","counter":35}, {"uid":"s2093547","counter":36}, {"uid":"s2093547","counter":37}, {"uid":"s2093547","counter":38}, {"uid":"s2093547","counter":39}, {"uid":"s2093547","counter":40}, {"uid":"s2093547","counter":41}, {"uid":"s2093547","counter":42}, {"uid":"s2093547","counter":43}, {"uid":"s2093547","counter":44}, {"uid":"s2093547","counter":45}, {"uid":"s2093547","counter":46}, {"uid":"s2093547","counter":47}, {"uid":"s2093547","counter":48}, {"uid":"s2093547","counter":49}, {"uid":"s2093547","counter":50}, {"uid":"s2093547","counter":51}, {"uid":"s2093547","counter":52}, {"uid":"s2093547","counter":53}, {"uid":"s2093547","counter":54}, {"uid":"s2093547","counter":55}, {"uid":"s2093547","counter":56}, {"uid":"s2093547","counter":57}, {"uid":"s2093547","counter":58}, {"uid":"s2093547","counter":59}, {"uid":"s2093547","counter":60}, {"uid":"s2093547","counter":61}, {"uid":"s2093547","counter":62}, {"uid":"s2093547","counter":63}, {"uid":"s2093547","counter":64}, {"uid":"s2093547","counter":65}, {"uid":"s2093547","counter":66}, {"uid":"s2093547","counter":67}, {"uid":"s2093547","counter":68}, {"uid":"s2093547","counter":69}, {"uid":"s2093547","counter":70}, {"uid":"s2093547","counter":71}, {"uid":"s2093547","counter":72}, {"uid":"s2093547","counter":73}, {"uid":"s2093547","counter":74}, {"uid":"s2093547","counter":75}, {"uid":"s2093547","counter":76}, {"uid":"s2093547","counter":77}, {"uid":"s2093547","counter":78}, {"uid":"s2093547","counter":79}, {"uid":"s2093547","counter":80}, {"uid":"s2093547","counter":81}, {"uid":"s2093547","counter":82}, {"uid":"s2093547","counter":83}, {"uid":"s2093547","counter":84}, {"uid":"s2093547","counter":85}, {"uid":"s2093547","counter":86}, {"uid":"s2093547","counter":87}, {"uid":"s2093547","counter":88}, {"uid":"s2093547","counter":89}, {"uid":"s2093547","counter":90}, {"uid":"s2093547","counter":91}, {"uid":"s2093547","counter":92}, {"uid":"s2093547","counter":93}, {"uid":"s2093547","counter":94}, {"uid":"s2093547","counter":95}, {"uid":"s2093547","counter":96}, {"uid":"s2093547","counter":97}, {"uid":"s2093547","counter":98}, {"uid":"s2093547","counter":99}, {"uid":"s2093547","counter":100}, {"uid":"s2093547","counter":101}, {"uid":"s2093547","counter":102}, {"uid":"s2093547","counter":103}, {"uid":"s2093547","counter":104}, {"uid":"s2093547","counter":105}, {"uid":"s2093547","counter":106}, {"uid":"s2093547","counter":107}, {"uid":"s2093547","counter":108}, {"uid":"s2093547","counter":109}, {"uid":"s2093547","counter":110}, {"uid":"s2093547","counter":111}, {"uid":"s2093547","counter":112}, {"uid":"s2093547","counter":113}, {"uid":"s2093547","counter":114}, {"uid":"s2093547","counter":115}, {"uid":"s2093547","counter":116}, {"uid":"s2093547","counter":117}, {"uid":"s2093547","counter":118}, {"uid":"s2093547","counter":119}, {"uid":"s2093547","counter":120}, {"uid":"s2093547","counter":121}, {"uid":"s2093547","counter":122}, {"uid":"s2093547","counter":123}, {"uid":"s2093547","counter":124}, {"uid":"s2093547","counter":125}, {"uid":"s2093547","counter":126}, {"uid":"s2093547","counter":127}, {"uid":"s2093547","counter":128}, {"uid":"s2093547","counter":129}, {"uid":"s2093547","counter":130}, {"uid":"s2093547","counter":131}, {"uid":"s2093547","counter":132}, {"uid":"s2093547","counter":133}, {"uid":"s2093547","counter":134}, {"uid":"s2093547","counter":135}, {"uid":"s2093547","counter":136}, {"uid":"s2093547","counter":137}, {"uid":"s2093547","counter":138}, {"uid":"s2093547","counter":139}, {"uid":"s2093547","counter":140}, {"uid":"s2093547","counter":141}, {"uid":"s2093547","counter":142}, {"uid":"s2093547","counter":143}, {"uid":"s2093547","counter":144}, {"uid":"s2093547","counter":145}, {"uid":"s2093547","counter":146}, {"uid":"s2093547","counter":147}, {"uid":"s2093547","counter":148}, {"uid":"s2093547","counter":149}, {"uid":"s2093547","counter":150}, {"uid":"s2093547","counter":151}, {"uid":"s2093547","counter":152}, {"uid":"s2093547","counter":153}, {"uid":"s2093547","counter":154}, {"uid":"s2093547","counter":155}, {"uid":"s2093547","counter":156}, {"uid":"s2093547","counter":157}, {"uid":"s2093547","counter":158}, {"uid":"s2093547","counter":159}, {"uid":"s2093547","counter":160}, {"uid":"s2093547","counter":161}, {"uid":"s2093547","counter":162}, {"uid":"s2093547","counter":163}, {"uid":"s2093547","counter":164}, {"uid":"s2093547","counter":165}, {"uid":"s2093547","counter":166}, {"uid":"s2093547","counter":167}, {"uid":"s2093547","counter":168}, {"uid":"s2093547","counter":169}, {"uid":"s2093547","counter":170}, {"uid":"s2093547","counter":171}, {"uid":"s2093547","counter":172}, {"uid":"s2093547","counter":173}, {"uid":"s2093547","counter":174}, {"uid":"s2093547","counter":175}, {"uid":"s2093547","counter":176}, {"uid":"s2093547","counter":177}, {"uid":"s2093547","counter":178}, {"uid":"s2093547","counter":179}, {"uid":"s2093547","counter":180}, {"uid":"s2093547","counter":181}, {"uid":"s2093547","counter":182}, {"uid":"s2093547","counter":183}, {"uid":"s2093547","counter":184}, {"uid":"s2093547","counter":185}, {"uid":"s2093547","counter":186}, {"uid":"s2093547","counter":187}, {"uid":"s2093547","counter":188}, {"uid":"s2093547","counter":189}, {"uid":"s2093547","counter":190}, {"uid":"s2093547","counter":191}, {"uid":"s2093547","counter":192}, {"uid":"s2093547","counter":193}, {"uid":"s2093547","counter":194}, {"uid":"s2093547","counter":195}, {"uid":"s2093547","counter":196}, {"uid":"s2093547","counter":197}, {"uid":"s2093547","counter":198}, {"uid":"s2093547","counter":199}, {"uid":"s2093547","counter":200}, {"uid":"s2093547","counter":201}, {"uid":"s2093547","counter":202}, {"uid":"s2093547","counter":203}, {"uid":"s2093547","counter":204}, {"uid":"s2093547","counter":205}, {"uid":"s2093547","counter":206}, {"uid":"s2093547","counter":207}, {"uid":"s2093547","counter":208}, {"uid":"s2093547","counter":209}, {"uid":"s2093547","counter":210}, {"uid":"s2093547","counter":211}, {"uid":"s2093547","counter":212}, {"uid":"s2093547","counter":213}, {"uid":"s2093547","counter":214}, {"uid":"s2093547","counter":215}, {"uid":"s2093547","counter":216}, {"uid":"s2093547","counter":217}, {"uid":"s2093547","counter":218}, {"uid":"s2093547","counter":219}, {"uid":"s2093547","counter":220}, {"uid":"s2093547","counter":221}, {"uid":"s2093547","counter":222}, {"uid":"s2093547","counter":223}, {"uid":"s2093547","counter":224}, {"uid":"s2093547","counter":225}, {"uid":"s2093547","counter":226}, {"uid":"s2093547","counter":227}, {"uid":"s2093547","counter":228}, {"uid":"s2093547","counter":229}, {"uid":"s2093547","counter":230}, {"uid":"s2093547","counter":231}, {"uid":"s2093547","counter":232}, {"uid":"s2093547","counter":233}, {"uid":"s2093547","counter":234}, {"uid":"s2093547","counter":235}, {"uid":"s2093547","counter":236}, {"uid":"s2093547","counter":237}, {"uid":"s2093547","counter":238}, {"uid":"s2093547","counter":239}, {"uid":"s2093547","counter":240}, {"uid":"s2093547","counter":241}, {"uid":"s2093547","counter":242}, {"uid":"s2093547","counter":243}, {"uid":"s2093547","counter":244}, {"uid":"s2093547","counter":245}, {"uid":"s2093547","counter":246}, {"uid":"s2093547","counter":247}, {"uid":"s2093547","counter":248}, {"uid":"s2093547","counter":249}, {"uid":"s2093547","counter":250}, {"uid":"s2093547","counter":251}, {"uid":"s2093547","counter":252}, {"uid":"s2093547","counter":253}, {"uid":"s2093547","counter":254}, {"uid":"s2093547","counter":255}, {"uid":"s2093547","counter":256}, {"uid":"s2093547","counter":257}, {"uid":"s2093547","counter":258}, {"uid":"s2093547","counter":259}, {"uid":"s2093547","counter":260}, {"uid":"s2093547","counter":261}, {"uid":"s2093547","counter":262}, {"uid":"s2093547","counter":263}, {"uid":"s2093547","counter":264}, {"uid":"s2093547","counter":265}, {"uid":"s2093547","counter":266}, {"uid":"s2093547","counter":267}, {"uid":"s2093547","counter":268}, {"uid":"s2093547","counter":269}, {"uid":"s2093547","counter":270}, {"uid":"s2093547","counter":271}, {"uid":"s2093547","counter":272}, {"uid":"s2093547","counter":273}, {"uid":"s2093547","counter":274}, {"uid":"s2093547","counter":275}, {"uid":"s2093547","counter":276}, {"uid":"s2093547","counter":277}, {"uid":"s2093547","counter":278}, {"uid":"s2093547","counter":279}, {"uid":"s2093547","counter":280}, {"uid":"s2093547","counter":281}, {"uid":"s2093547","counter":282}, {"uid":"s2093547","counter":283}, {"uid":"s2093547","counter":284}, {"uid":"s2093547","counter":285}, {"uid":"s2093547","counter":286}, {"uid":"s2093547","counter":287}, {"uid":"s2093547","counter":288}, {"uid":"s2093547","counter":289}, {"uid":"s2093547","counter":290}, {"uid":"s2093547","counter":291}, {"uid":"s2093547","counter":292}, {"uid":"s2093547","counter":293}, {"uid":"s2093547","counter":294}, {"uid":"s2093547","counter":295}, {"uid":"s2093547","counter":296}, {"uid":"s2093547","counter":297}, {"uid":"s2093547","counter":298}, {"uid":"s2093547","counter":299}, {"uid":"s2093547","counter":300}, {"uid":"s2093547","counter":301}, {"uid":"s2093547","counter":302}, {"uid":"s2093547","counter":303}, {"uid":"s2093547","counter":304}, {"uid":"s2093547","counter":305}, {"uid":"s2093547","counter":306}, {"uid":"s2093547","counter":307}, {"uid":"s2093547","counter":308}, {"uid":"s2093547","counter":309}, {"uid":"s2093547","counter":310}, {"uid":"s2093547","counter":311}, {"uid":"s2093547","counter":312}, {"uid":"s2093547","counter":313}, {"uid":"s2093547","counter":314}, {"uid":"s2093547","counter":315}, {"uid":"s2093547","counter":316}, {"uid":"s2093547","counter":317}, {"uid":"s2093547","counter":318}, {"uid":"s2093547","counter":319}, {"uid":"s2093547","counter":320}, {"uid":"s2093547","counter":321}, {"uid":"s2093547","counter":322}, {"uid":"s2093547","counter":323}, {"uid":"s2093547","counter":324}, {"uid":"s2093547","counter":325}, {"uid":"s2093547","counter":326}, {"uid":"s2093547","counter":327}, {"uid":"s2093547","counter":328}, {"uid":"s2093547","counter":329}, {"uid":"s2093547","counter":330}, {"uid":"s2093547","counter":331}, {"uid":"s2093547","counter":332}, {"uid":"s2093547","counter":333}, {"uid":"s2093547","counter":334}, {"uid":"s2093547","counter":335}, {"uid":"s2093547","counter":336}, {"uid":"s2093547","counter":337}, {"uid":"s2093547","counter":338}, {"uid":"s2093547","counter":339}, {"uid":"s2093547","counter":340}, {"uid":"s2093547","counter":341}, {"uid":"s2093547","counter":342}, {"uid":"s2093547","counter":343}, {"uid":"s2093547","counter":344}, {"uid":"s2093547","counter":345}, {"uid":"s2093547","counter":346}, {"uid":"s2093547","counter":347}, {"uid":"s2093547","counter":348}, {"uid":"s2093547","counter":349}, {"uid":"s2093547","counter":350}, {"uid":"s2093547","counter":351}, {"uid":"s2093547","counter":352}, {"uid":"s2093547","counter":353}, {"uid":"s2093547","counter":354}, {"uid":"s2093547","counter":355}, {"uid":"s2093547","counter":356}, {"uid":"s2093547","counter":357}, {"uid":"s2093547","counter":358}, {"uid":"s2093547","counter":359}, {"uid":"s2093547","counter":360}, {"uid":"s2093547","counter":361}, {"uid":"s2093547","counter":362}, {"uid":"s2093547","counter":363}, {"uid":"s2093547","counter":364}, {"uid":"s2093547","counter":365}, {"uid":"s2093547","counter":366}, {"uid":"s2093547","counter":367}, {"uid":"s2093547","counter":368}, {"uid":"s2093547","counter":369}, {"uid":"s2093547","counter":370}, {"uid":"s2093547","counter":371}, {"uid":"s2093547","counter":372}, {"uid":"s2093547","counter":373}, {"uid":"s2093547","counter":374}, {"uid":"s2093547","counter":375}, {"uid":"s2093547","counter":376}, {"uid":"s2093547","counter":377}, {"uid":"s2093547","counter":378}, {"uid":"s2093547","counter":379}, {"uid":"s2093547","counter":380}, {"uid":"s2093547","counter":381}, {"uid":"s2093547","counter":382}, {"uid":"s2093547","counter":383}, {"uid":"s2093547","counter":384}, {"uid":"s2093547","counter":385}, {"uid":"s2093547","counter":386}, {"uid":"s2093547","counter":387}, {"uid":"s2093547","counter":388}, {"uid":"s2093547","counter":389}, {"uid":"s2093547","counter":390}, {"uid":"s2093547","counter":391}, {"uid":"s2093547","counter":392}, {"uid":"s2093547","counter":393}, {"uid":"s2093547","counter":394}, {"uid":"s2093547","counter":395}, {"uid":"s2093547","counter":396}, {"uid":"s2093547","counter":397}, {"uid":"s2093547","counter":398}, {"uid":"s2093547","counter":399}, {"uid":"s2093547","counter":400}, {"uid":"s2093547","counter":401}, {"uid":"s2093547","counter":402}, {"uid":"s2093547","counter":403}, {"uid":"s2093547","counter":404}, {"uid":"s2093547","counter":405}, {"uid":"s2093547","counter":406}, {"uid":"s2093547","counter":407}, {"uid":"s2093547","counter":408}, {"uid":"s2093547","counter":409}, {"uid":"s2093547","counter":410}, {"uid":"s2093547","counter":411}, {"uid":"s2093547","counter":412}, {"uid":"s2093547","counter":413}, {"uid":"s2093547","counter":414}, {"uid":"s2093547","counter":415}, {"uid":"s2093547","counter":416}, {"uid":"s2093547","counter":417}, {"uid":"s2093547","counter":418}, {"uid":"s2093547","counter":419}, {"uid":"s2093547","counter":420}, {"uid":"s2093547","counter":421}, {"uid":"s2093547","counter":422}, {"uid":"s2093547","counter":423}, {"uid":"s2093547","counter":424}, {"uid":"s2093547","counter":425}, {"uid":"s2093547","counter":426}, {"uid":"s2093547","counter":427}, {"uid":"s2093547","counter":428}, {"uid":"s2093547","counter":429}, {"uid":"s2093547","counter":430}, {"uid":"s2093547","counter":431}, {"uid":"s2093547","counter":432}, {"uid":"s2093547","counter":433}, {"uid":"s2093547","counter":434}, {"uid":"s2093547","counter":435}, {"uid":"s2093547","counter":436}, {"uid":"s2093547","counter":437}, {"uid":"s2093547","counter":438}, {"uid":"s2093547","counter":439}, {"uid":"s2093547","counter":440}, {"uid":"s2093547","counter":441}, {"uid":"s2093547","counter":442}, {"uid":"s2093547","counter":443}, {"uid":"s2093547","counter":444}, {"uid":"s2093547","counter":445}, {"uid":"s2093547","counter":446}, {"uid":"s2093547","counter":447}, {"uid":"s2093547","counter":448}, {"uid":"s2093547","counter":449}, {"uid":"s2093547","counter":450}, {"uid":"s2093547","counter":451}, {"uid":"s2093547","counter":452}, {"uid":"s2093547","counter":453}, {"uid":"s2093547","counter":454}, {"uid":"s2093547","counter":455}, {"uid":"s2093547","counter":456}, {"uid":"s2093547","counter":457}, {"uid":"s2093547","counter":458}, {"uid":"s2093547","counter":459}, {"uid":"s2093547","counter":460}, {"uid":"s2093547","counter":461}, {"uid":"s2093547","counter":462}, {"uid":"s2093547","counter":463}, {"uid":"s2093547","counter":464}, {"uid":"s2093547","counter":465}, {"uid":"s2093547","counter":466}, {"uid":"s2093547","counter":467}, {"uid":"s2093547","counter":468}, {"uid":"s2093547","counter":469}, {"uid":"s2093547","counter":470}, {"uid":"s2093547","counter":471}, {"uid":"s2093547","counter":472}, {"uid":"s2093547","counter":473}, {"uid":"s2093547","counter":474}, {"uid":"s2093547","counter":475}, {"uid":"s2093547","counter":476}, {"uid":"s2093547","counter":477}, {"uid":"s2093547","counter":478}, {"uid":"s2093547","counter":479}, {"uid":"s2093547","counter":480}, {"uid":"s2093547","counter":481}, {"uid":"s2093547","counter":482}, {"uid":"s2093547","counter":483}, {"uid":"s2093547","counter":484}, {"uid":"s2093547","counter":485}, {"uid":"s2093547","counter":486}, {"uid":"s2093547","counter":487}, {"uid":"s2093547","counter":488}, {"uid":"s2093547","counter":489}, {"uid":"s2093547","counter":490}, {"uid":"s2093547","counter":491}, {"uid":"s2093547","counter":492}, {"uid":"s2093547","counter":493}, {"uid":"s2093547","counter":494}, {"uid":"s2093547","counter":495}, {"uid":"s2093547","counter":496}, {"uid":"s2093547","counter":497}, {"uid":"s2093547","counter":498}, {"uid":"s2093547","counter":499}]
02:21:06.096 INFO  u.a.e.a.c.AcpCw2ApplicationTests - Time taken: 60 ms
02:21:06.096 INFO  u.a.e.a.c.AcpCw2ApplicationTests - ========================PASSED=========================
02:21:06.096 INFO  u.a.e.a.c.AcpCw2ApplicationTests - queueName: ShortTest-12917-evJh7
02:21:06.113 INFO  u.a.e.a.c.s.RabbitMqService - Sent 500/500 messages to ShortTest-12917-evJh7
02:21:06.118 INFO  u.a.e.a.c.s.RabbitMqService - Reading queue ShortTest-12917-evJh7: timeOut=50
02:21:06.174 INFO  u.a.e.a.c.s.RabbitMqService - Received 400 messages in 56/50ms
02:21:06.174 INFO  u.a.e.a.c.s.RabbitMqService - returning: [{"uid":"s2093547","counter":0}, {"uid":"s2093547","counter":1}, {"uid":"s2093547","counter":2}, {"uid":"s2093547","counter":3}, {"uid":"s2093547","counter":4}, {"uid":"s2093547","counter":5}, {"uid":"s2093547","counter":6}, {"uid":"s2093547","counter":7}, {"uid":"s2093547","counter":8}, {"uid":"s2093547","counter":9}, {"uid":"s2093547","counter":10}, {"uid":"s2093547","counter":11}, {"uid":"s2093547","counter":12}, {"uid":"s2093547","counter":13}, {"uid":"s2093547","counter":14}, {"uid":"s2093547","counter":15}, {"uid":"s2093547","counter":16}, {"uid":"s2093547","counter":17}, {"uid":"s2093547","counter":18}, {"uid":"s2093547","counter":19}, {"uid":"s2093547","counter":20}, {"uid":"s2093547","counter":21}, {"uid":"s2093547","counter":22}, {"uid":"s2093547","counter":23}, {"uid":"s2093547","counter":24}, {"uid":"s2093547","counter":25}, {"uid":"s2093547","counter":26}, {"uid":"s2093547","counter":27}, {"uid":"s2093547","counter":28}, {"uid":"s2093547","counter":29}, {"uid":"s2093547","counter":30}, {"uid":"s2093547","counter":31}, {"uid":"s2093547","counter":32}, {"uid":"s2093547","counter":33}, {"uid":"s2093547","counter":34}, {"uid":"s2093547","counter":35}, {"uid":"s2093547","counter":36}, {"uid":"s2093547","counter":37}, {"uid":"s2093547","counter":38}, {"uid":"s2093547","counter":39}, {"uid":"s2093547","counter":40}, {"uid":"s2093547","counter":41}, {"uid":"s2093547","counter":42}, {"uid":"s2093547","counter":43}, {"uid":"s2093547","counter":44}, {"uid":"s2093547","counter":45}, {"uid":"s2093547","counter":46}, {"uid":"s2093547","counter":47}, {"uid":"s2093547","counter":48}, {"uid":"s2093547","counter":49}, {"uid":"s2093547","counter":50}, {"uid":"s2093547","counter":51}, {"uid":"s2093547","counter":52}, {"uid":"s2093547","counter":53}, {"uid":"s2093547","counter":54}, {"uid":"s2093547","counter":55}, {"uid":"s2093547","counter":56}, {"uid":"s2093547","counter":57}, {"uid":"s2093547","counter":58}, {"uid":"s2093547","counter":59}, {"uid":"s2093547","counter":60}, {"uid":"s2093547","counter":61}, {"uid":"s2093547","counter":62}, {"uid":"s2093547","counter":63}, {"uid":"s2093547","counter":64}, {"uid":"s2093547","counter":65}, {"uid":"s2093547","counter":66}, {"uid":"s2093547","counter":67}, {"uid":"s2093547","counter":68}, {"uid":"s2093547","counter":69}, {"uid":"s2093547","counter":70}, {"uid":"s2093547","counter":71}, {"uid":"s2093547","counter":72}, {"uid":"s2093547","counter":73}, {"uid":"s2093547","counter":74}, {"uid":"s2093547","counter":75}, {"uid":"s2093547","counter":76}, {"uid":"s2093547","counter":77}, {"uid":"s2093547","counter":78}, {"uid":"s2093547","counter":79}, {"uid":"s2093547","counter":80}, {"uid":"s2093547","counter":81}, {"uid":"s2093547","counter":82}, {"uid":"s2093547","counter":83}, {"uid":"s2093547","counter":84}, {"uid":"s2093547","counter":85}, {"uid":"s2093547","counter":86}, {"uid":"s2093547","counter":87}, {"uid":"s2093547","counter":88}, {"uid":"s2093547","counter":89}, {"uid":"s2093547","counter":90}, {"uid":"s2093547","counter":91}, {"uid":"s2093547","counter":92}, {"uid":"s2093547","counter":93}, {"uid":"s2093547","counter":94}, {"uid":"s2093547","counter":95}, {"uid":"s2093547","counter":96}, {"uid":"s2093547","counter":97}, {"uid":"s2093547","counter":98}, {"uid":"s2093547","counter":99}, {"uid":"s2093547","counter":100}, {"uid":"s2093547","counter":101}, {"uid":"s2093547","counter":102}, {"uid":"s2093547","counter":103}, {"uid":"s2093547","counter":104}, {"uid":"s2093547","counter":105}, {"uid":"s2093547","counter":106}, {"uid":"s2093547","counter":107}, {"uid":"s2093547","counter":108}, {"uid":"s2093547","counter":109}, {"uid":"s2093547","counter":110}, {"uid":"s2093547","counter":111}, {"uid":"s2093547","counter":112}, {"uid":"s2093547","counter":113}, {"uid":"s2093547","counter":114}, {"uid":"s2093547","counter":115}, {"uid":"s2093547","counter":116}, {"uid":"s2093547","counter":117}, {"uid":"s2093547","counter":118}, {"uid":"s2093547","counter":119}, {"uid":"s2093547","counter":120}, {"uid":"s2093547","counter":121}, {"uid":"s2093547","counter":122}, {"uid":"s2093547","counter":123}, {"uid":"s2093547","counter":124}, {"uid":"s2093547","counter":125}, {"uid":"s2093547","counter":126}, {"uid":"s2093547","counter":127}, {"uid":"s2093547","counter":128}, {"uid":"s2093547","counter":129}, {"uid":"s2093547","counter":130}, {"uid":"s2093547","counter":131}, {"uid":"s2093547","counter":132}, {"uid":"s2093547","counter":133}, {"uid":"s2093547","counter":134}, {"uid":"s2093547","counter":135}, {"uid":"s2093547","counter":136}, {"uid":"s2093547","counter":137}, {"uid":"s2093547","counter":138}, {"uid":"s2093547","counter":139}, {"uid":"s2093547","counter":140}, {"uid":"s2093547","counter":141}, {"uid":"s2093547","counter":142}, {"uid":"s2093547","counter":143}, {"uid":"s2093547","counter":144}, {"uid":"s2093547","counter":145}, {"uid":"s2093547","counter":146}, {"uid":"s2093547","counter":147}, {"uid":"s2093547","counter":148}, {"uid":"s2093547","counter":149}, {"uid":"s2093547","counter":150}, {"uid":"s2093547","counter":151}, {"uid":"s2093547","counter":152}, {"uid":"s2093547","counter":153}, {"uid":"s2093547","counter":154}, {"uid":"s2093547","counter":155}, {"uid":"s2093547","counter":156}, {"uid":"s2093547","counter":157}, {"uid":"s2093547","counter":158}, {"uid":"s2093547","counter":159}, {"uid":"s2093547","counter":160}, {"uid":"s2093547","counter":161}, {"uid":"s2093547","counter":162}, {"uid":"s2093547","counter":163}, {"uid":"s2093547","counter":164}, {"uid":"s2093547","counter":165}, {"uid":"s2093547","counter":166}, {"uid":"s2093547","counter":167}, {"uid":"s2093547","counter":168}, {"uid":"s2093547","counter":169}, {"uid":"s2093547","counter":170}, {"uid":"s2093547","counter":171}, {"uid":"s2093547","counter":172}, {"uid":"s2093547","counter":173}, {"uid":"s2093547","counter":174}, {"uid":"s2093547","counter":175}, {"uid":"s2093547","counter":176}, {"uid":"s2093547","counter":177}, {"uid":"s2093547","counter":178}, {"uid":"s2093547","counter":179}, {"uid":"s2093547","counter":180}, {"uid":"s2093547","counter":181}, {"uid":"s2093547","counter":182}, {"uid":"s2093547","counter":183}, {"uid":"s2093547","counter":184}, {"uid":"s2093547","counter":185}, {"uid":"s2093547","counter":186}, {"uid":"s2093547","counter":187}, {"uid":"s2093547","counter":188}, {"uid":"s2093547","counter":189}, {"uid":"s2093547","counter":190}, {"uid":"s2093547","counter":191}, {"uid":"s2093547","counter":192}, {"uid":"s2093547","counter":193}, {"uid":"s2093547","counter":194}, {"uid":"s2093547","counter":195}, {"uid":"s2093547","counter":196}, {"uid":"s2093547","counter":197}, {"uid":"s2093547","counter":198}, {"uid":"s2093547","counter":199}, {"uid":"s2093547","counter":200}, {"uid":"s2093547","counter":201}, {"uid":"s2093547","counter":202}, {"uid":"s2093547","counter":203}, {"uid":"s2093547","counter":204}, {"uid":"s2093547","counter":205}, {"uid":"s2093547","counter":206}, {"uid":"s2093547","counter":207}, {"uid":"s2093547","counter":208}, {"uid":"s2093547","counter":209}, {"uid":"s2093547","counter":210}, {"uid":"s2093547","counter":211}, {"uid":"s2093547","counter":212}, {"uid":"s2093547","counter":213}, {"uid":"s2093547","counter":214}, {"uid":"s2093547","counter":215}, {"uid":"s2093547","counter":216}, {"uid":"s2093547","counter":217}, {"uid":"s2093547","counter":218}, {"uid":"s2093547","counter":219}, {"uid":"s2093547","counter":220}, {"uid":"s2093547","counter":221}, {"uid":"s2093547","counter":222}, {"uid":"s2093547","counter":223}, {"uid":"s2093547","counter":224}, {"uid":"s2093547","counter":225}, {"uid":"s2093547","counter":226}, {"uid":"s2093547","counter":227}, {"uid":"s2093547","counter":228}, {"uid":"s2093547","counter":229}, {"uid":"s2093547","counter":230}, {"uid":"s2093547","counter":231}, {"uid":"s2093547","counter":232}, {"uid":"s2093547","counter":233}, {"uid":"s2093547","counter":234}, {"uid":"s2093547","counter":235}, {"uid":"s2093547","counter":236}, {"uid":"s2093547","counter":237}, {"uid":"s2093547","counter":238}, {"uid":"s2093547","counter":239}, {"uid":"s2093547","counter":240}, {"uid":"s2093547","counter":241}, {"uid":"s2093547","counter":242}, {"uid":"s2093547","counter":243}, {"uid":"s2093547","counter":244}, {"uid":"s2093547","counter":245}, {"uid":"s2093547","counter":246}, {"uid":"s2093547","counter":247}, {"uid":"s2093547","counter":248}, {"uid":"s2093547","counter":249}, {"uid":"s2093547","counter":250}, {"uid":"s2093547","counter":251}, {"uid":"s2093547","counter":252}, {"uid":"s2093547","counter":253}, {"uid":"s2093547","counter":254}, {"uid":"s2093547","counter":255}, {"uid":"s2093547","counter":256}, {"uid":"s2093547","counter":257}, {"uid":"s2093547","counter":258}, {"uid":"s2093547","counter":259}, {"uid":"s2093547","counter":260}, {"uid":"s2093547","counter":261}, {"uid":"s2093547","counter":262}, {"uid":"s2093547","counter":263}, {"uid":"s2093547","counter":264}, {"uid":"s2093547","counter":265}, {"uid":"s2093547","counter":266}, {"uid":"s2093547","counter":267}, {"uid":"s2093547","counter":268}, {"uid":"s2093547","counter":269}, {"uid":"s2093547","counter":270}, {"uid":"s2093547","counter":271}, {"uid":"s2093547","counter":272}, {"uid":"s2093547","counter":273}, {"uid":"s2093547","counter":274}, {"uid":"s2093547","counter":275}, {"uid":"s2093547","counter":276}, {"uid":"s2093547","counter":277}, {"uid":"s2093547","counter":278}, {"uid":"s2093547","counter":279}, {"uid":"s2093547","counter":280}, {"uid":"s2093547","counter":281}, {"uid":"s2093547","counter":282}, {"uid":"s2093547","counter":283}, {"uid":"s2093547","counter":284}, {"uid":"s2093547","counter":285}, {"uid":"s2093547","counter":286}, {"uid":"s2093547","counter":287}, {"uid":"s2093547","counter":288}, {"uid":"s2093547","counter":289}, {"uid":"s2093547","counter":290}, {"uid":"s2093547","counter":291}, {"uid":"s2093547","counter":292}, {"uid":"s2093547","counter":293}, {"uid":"s2093547","counter":294}, {"uid":"s2093547","counter":295}, {"uid":"s2093547","counter":296}, {"uid":"s2093547","counter":297}, {"uid":"s2093547","counter":298}, {"uid":"s2093547","counter":299}, {"uid":"s2093547","counter":300}, {"uid":"s2093547","counter":301}, {"uid":"s2093547","counter":302}, {"uid":"s2093547","counter":303}, {"uid":"s2093547","counter":304}, {"uid":"s2093547","counter":305}, {"uid":"s2093547","counter":306}, {"uid":"s2093547","counter":307}, {"uid":"s2093547","counter":308}, {"uid":"s2093547","counter":309}, {"uid":"s2093547","counter":310}, {"uid":"s2093547","counter":311}, {"uid":"s2093547","counter":312}, {"uid":"s2093547","counter":313}, {"uid":"s2093547","counter":314}, {"uid":"s2093547","counter":315}, {"uid":"s2093547","counter":316}, {"uid":"s2093547","counter":317}, {"uid":"s2093547","counter":318}, {"uid":"s2093547","counter":319}, {"uid":"s2093547","counter":320}, {"uid":"s2093547","counter":321}, {"uid":"s2093547","counter":322}, {"uid":"s2093547","counter":323}, {"uid":"s2093547","counter":324}, {"uid":"s2093547","counter":325}, {"uid":"s2093547","counter":326}, {"uid":"s2093547","counter":327}, {"uid":"s2093547","counter":328}, {"uid":"s2093547","counter":329}, {"uid":"s2093547","counter":330}, {"uid":"s2093547","counter":331}, {"uid":"s2093547","counter":332}, {"uid":"s2093547","counter":333}, {"uid":"s2093547","counter":334}, {"uid":"s2093547","counter":335}, {"uid":"s2093547","counter":336}, {"uid":"s2093547","counter":337}, {"uid":"s2093547","counter":338}, {"uid":"s2093547","counter":339}, {"uid":"s2093547","counter":340}, {"uid":"s2093547","counter":341}, {"uid":"s2093547","counter":342}, {"uid":"s2093547","counter":343}, {"uid":"s2093547","counter":344}, {"uid":"s2093547","counter":345}, {"uid":"s2093547","counter":346}, {"uid":"s2093547","counter":347}, {"uid":"s2093547","counter":348}, {"uid":"s2093547","counter":349}, {"uid":"s2093547","counter":350}, {"uid":"s2093547","counter":351}, {"uid":"s2093547","counter":352}, {"uid":"s2093547","counter":353}, {"uid":"s2093547","counter":354}, {"uid":"s2093547","counter":355}, {"uid":"s2093547","counter":356}, {"uid":"s2093547","counter":357}, {"uid":"s2093547","counter":358}, {"uid":"s2093547","counter":359}, {"uid":"s2093547","counter":360}, {"uid":"s2093547","counter":361}, {"uid":"s2093547","counter":362}, {"uid":"s2093547","counter":363}, {"uid":"s2093547","counter":364}, {"uid":"s2093547","counter":365}, {"uid":"s2093547","counter":366}, {"uid":"s2093547","counter":367}, {"uid":"s2093547","counter":368}, {"uid":"s2093547","counter":369}, {"uid":"s2093547","counter":370}, {"uid":"s2093547","counter":371}, {"uid":"s2093547","counter":372}, {"uid":"s2093547","counter":373}, {"uid":"s2093547","counter":374}, {"uid":"s2093547","counter":375}, {"uid":"s2093547","counter":376}, {"uid":"s2093547","counter":377}, {"uid":"s2093547","counter":378}, {"uid":"s2093547","counter":379}, {"uid":"s2093547","counter":380}, {"uid":"s2093547","counter":381}, {"uid":"s2093547","counter":382}, {"uid":"s2093547","counter":383}, {"uid":"s2093547","counter":384}, {"uid":"s2093547","counter":385}, {"uid":"s2093547","counter":386}, {"uid":"s2093547","counter":387}, {"uid":"s2093547","counter":388}, {"uid":"s2093547","counter":389}, {"uid":"s2093547","counter":390}, {"uid":"s2093547","counter":391}, {"uid":"s2093547","counter":392}, {"uid":"s2093547","counter":393}, {"uid":"s2093547","counter":394}, {"uid":"s2093547","counter":395}, {"uid":"s2093547","counter":396}, {"uid":"s2093547","counter":397}, {"uid":"s2093547","counter":398}, {"uid":"s2093547","counter":399}]
02:21:06.178 INFO  u.a.e.a.c.AcpCw2ApplicationTests - Time taken: 62 ms
02:21:06.178 INFO  u.a.e.a.c.AcpCw2ApplicationTests - ========================PASSED=========================
02:21:06.178 INFO  u.a.e.a.c.AcpCw2ApplicationTests - queueName: ShortTest-24909-d3fmK
02:21:06.221 INFO  u.a.e.a.c.s.RabbitMqService - Sent 500/500 messages to ShortTest-24909-d3fmK
02:21:06.227 INFO  u.a.e.a.c.s.RabbitMqService - Reading queue ShortTest-24909-d3fmK: timeOut=50
02:21:06.280 INFO  u.a.e.a.c.s.RabbitMqService - Received 500 messages in 53/50ms
02:21:06.280 INFO  u.a.e.a.c.s.RabbitMqService - returning: [{"uid":"s2093547","counter":0}, {"uid":"s2093547","counter":1}, {"uid":"s2093547","counter":2}, {"uid":"s2093547","counter":3}, {"uid":"s2093547","counter":4}, {"uid":"s2093547","counter":5}, {"uid":"s2093547","counter":6}, {"uid":"s2093547","counter":7}, {"uid":"s2093547","counter":8}, {"uid":"s2093547","counter":9}, {"uid":"s2093547","counter":10}, {"uid":"s2093547","counter":11}, {"uid":"s2093547","counter":12}, {"uid":"s2093547","counter":13}, {"uid":"s2093547","counter":14}, {"uid":"s2093547","counter":15}, {"uid":"s2093547","counter":16}, {"uid":"s2093547","counter":17}, {"uid":"s2093547","counter":18}, {"uid":"s2093547","counter":19}, {"uid":"s2093547","counter":20}, {"uid":"s2093547","counter":21}, {"uid":"s2093547","counter":22}, {"uid":"s2093547","counter":23}, {"uid":"s2093547","counter":24}, {"uid":"s2093547","counter":25}, {"uid":"s2093547","counter":26}, {"uid":"s2093547","counter":27}, {"uid":"s2093547","counter":28}, {"uid":"s2093547","counter":29}, {"uid":"s2093547","counter":30}, {"uid":"s2093547","counter":31}, {"uid":"s2093547","counter":32}, {"uid":"s2093547","counter":33}, {"uid":"s2093547","counter":34}, {"uid":"s2093547","counter":35}, {"uid":"s2093547","counter":36}, {"uid":"s2093547","counter":37}, {"uid":"s2093547","counter":38}, {"uid":"s2093547","counter":39}, {"uid":"s2093547","counter":40}, {"uid":"s2093547","counter":41}, {"uid":"s2093547","counter":42}, {"uid":"s2093547","counter":43}, {"uid":"s2093547","counter":44}, {"uid":"s2093547","counter":45}, {"uid":"s2093547","counter":46}, {"uid":"s2093547","counter":47}, {"uid":"s2093547","counter":48}, {"uid":"s2093547","counter":49}, {"uid":"s2093547","counter":50}, {"uid":"s2093547","counter":51}, {"uid":"s2093547","counter":52}, {"uid":"s2093547","counter":53}, {"uid":"s2093547","counter":54}, {"uid":"s2093547","counter":55}, {"uid":"s2093547","counter":56}, {"uid":"s2093547","counter":57}, {"uid":"s2093547","counter":58}, {"uid":"s2093547","counter":59}, {"uid":"s2093547","counter":60}, {"uid":"s2093547","counter":61}, {"uid":"s2093547","counter":62}, {"uid":"s2093547","counter":63}, {"uid":"s2093547","counter":64}, {"uid":"s2093547","counter":65}, {"uid":"s2093547","counter":66}, {"uid":"s2093547","counter":67}, {"uid":"s2093547","counter":68}, {"uid":"s2093547","counter":69}, {"uid":"s2093547","counter":70}, {"uid":"s2093547","counter":71}, {"uid":"s2093547","counter":72}, {"uid":"s2093547","counter":73}, {"uid":"s2093547","counter":74}, {"uid":"s2093547","counter":75}, {"uid":"s2093547","counter":76}, {"uid":"s2093547","counter":77}, {"uid":"s2093547","counter":78}, {"uid":"s2093547","counter":79}, {"uid":"s2093547","counter":80}, {"uid":"s2093547","counter":81}, {"uid":"s2093547","counter":82}, {"uid":"s2093547","counter":83}, {"uid":"s2093547","counter":84}, {"uid":"s2093547","counter":85}, {"uid":"s2093547","counter":86}, {"uid":"s2093547","counter":87}, {"uid":"s2093547","counter":88}, {"uid":"s2093547","counter":89}, {"uid":"s2093547","counter":90}, {"uid":"s2093547","counter":91}, {"uid":"s2093547","counter":92}, {"uid":"s2093547","counter":93}, {"uid":"s2093547","counter":94}, {"uid":"s2093547","counter":95}, {"uid":"s2093547","counter":96}, {"uid":"s2093547","counter":97}, {"uid":"s2093547","counter":98}, {"uid":"s2093547","counter":99}, {"uid":"s2093547","counter":100}, {"uid":"s2093547","counter":101}, {"uid":"s2093547","counter":102}, {"uid":"s2093547","counter":103}, {"uid":"s2093547","counter":104}, {"uid":"s2093547","counter":105}, {"uid":"s2093547","counter":106}, {"uid":"s2093547","counter":107}, {"uid":"s2093547","counter":108}, {"uid":"s2093547","counter":109}, {"uid":"s2093547","counter":110}, {"uid":"s2093547","counter":111}, {"uid":"s2093547","counter":112}, {"uid":"s2093547","counter":113}, {"uid":"s2093547","counter":114}, {"uid":"s2093547","counter":115}, {"uid":"s2093547","counter":116}, {"uid":"s2093547","counter":117}, {"uid":"s2093547","counter":118}, {"uid":"s2093547","counter":119}, {"uid":"s2093547","counter":120}, {"uid":"s2093547","counter":121}, {"uid":"s2093547","counter":122}, {"uid":"s2093547","counter":123}, {"uid":"s2093547","counter":124}, {"uid":"s2093547","counter":125}, {"uid":"s2093547","counter":126}, {"uid":"s2093547","counter":127}, {"uid":"s2093547","counter":128}, {"uid":"s2093547","counter":129}, {"uid":"s2093547","counter":130}, {"uid":"s2093547","counter":131}, {"uid":"s2093547","counter":132}, {"uid":"s2093547","counter":133}, {"uid":"s2093547","counter":134}, {"uid":"s2093547","counter":135}, {"uid":"s2093547","counter":136}, {"uid":"s2093547","counter":137}, {"uid":"s2093547","counter":138}, {"uid":"s2093547","counter":139}, {"uid":"s2093547","counter":140}, {"uid":"s2093547","counter":141}, {"uid":"s2093547","counter":142}, {"uid":"s2093547","counter":143}, {"uid":"s2093547","counter":144}, {"uid":"s2093547","counter":145}, {"uid":"s2093547","counter":146}, {"uid":"s2093547","counter":147}, {"uid":"s2093547","counter":148}, {"uid":"s2093547","counter":149}, {"uid":"s2093547","counter":150}, {"uid":"s2093547","counter":151}, {"uid":"s2093547","counter":152}, {"uid":"s2093547","counter":153}, {"uid":"s2093547","counter":154}, {"uid":"s2093547","counter":155}, {"uid":"s2093547","counter":156}, {"uid":"s2093547","counter":157}, {"uid":"s2093547","counter":158}, {"uid":"s2093547","counter":159}, {"uid":"s2093547","counter":160}, {"uid":"s2093547","counter":161}, {"uid":"s2093547","counter":162}, {"uid":"s2093547","counter":163}, {"uid":"s2093547","counter":164}, {"uid":"s2093547","counter":165}, {"uid":"s2093547","counter":166}, {"uid":"s2093547","counter":167}, {"uid":"s2093547","counter":168}, {"uid":"s2093547","counter":169}, {"uid":"s2093547","counter":170}, {"uid":"s2093547","counter":171}, {"uid":"s2093547","counter":172}, {"uid":"s2093547","counter":173}, {"uid":"s2093547","counter":174}, {"uid":"s2093547","counter":175}, {"uid":"s2093547","counter":176}, {"uid":"s2093547","counter":177}, {"uid":"s2093547","counter":178}, {"uid":"s2093547","counter":179}, {"uid":"s2093547","counter":180}, {"uid":"s2093547","counter":181}, {"uid":"s2093547","counter":182}, {"uid":"s2093547","counter":183}, {"uid":"s2093547","counter":184}, {"uid":"s2093547","counter":185}, {"uid":"s2093547","counter":186}, {"uid":"s2093547","counter":187}, {"uid":"s2093547","counter":188}, {"uid":"s2093547","counter":189}, {"uid":"s2093547","counter":190}, {"uid":"s2093547","counter":191}, {"uid":"s2093547","counter":192}, {"uid":"s2093547","counter":193}, {"uid":"s2093547","counter":194}, {"uid":"s2093547","counter":195}, {"uid":"s2093547","counter":196}, {"uid":"s2093547","counter":197}, {"uid":"s2093547","counter":198}, {"uid":"s2093547","counter":199}, {"uid":"s2093547","counter":200}, {"uid":"s2093547","counter":201}, {"uid":"s2093547","counter":202}, {"uid":"s2093547","counter":203}, {"uid":"s2093547","counter":204}, {"uid":"s2093547","counter":205}, {"uid":"s2093547","counter":206}, {"uid":"s2093547","counter":207}, {"uid":"s2093547","counter":208}, {"uid":"s2093547","counter":209}, {"uid":"s2093547","counter":210}, {"uid":"s2093547","counter":211}, {"uid":"s2093547","counter":212}, {"uid":"s2093547","counter":213}, {"uid":"s2093547","counter":214}, {"uid":"s2093547","counter":215}, {"uid":"s2093547","counter":216}, {"uid":"s2093547","counter":217}, {"uid":"s2093547","counter":218}, {"uid":"s2093547","counter":219}, {"uid":"s2093547","counter":220}, {"uid":"s2093547","counter":221}, {"uid":"s2093547","counter":222}, {"uid":"s2093547","counter":223}, {"uid":"s2093547","counter":224}, {"uid":"s2093547","counter":225}, {"uid":"s2093547","counter":226}, {"uid":"s2093547","counter":227}, {"uid":"s2093547","counter":228}, {"uid":"s2093547","counter":229}, {"uid":"s2093547","counter":230}, {"uid":"s2093547","counter":231}, {"uid":"s2093547","counter":232}, {"uid":"s2093547","counter":233}, {"uid":"s2093547","counter":234}, {"uid":"s2093547","counter":235}, {"uid":"s2093547","counter":236}, {"uid":"s2093547","counter":237}, {"uid":"s2093547","counter":238}, {"uid":"s2093547","counter":239}, {"uid":"s2093547","counter":240}, {"uid":"s2093547","counter":241}, {"uid":"s2093547","counter":242}, {"uid":"s2093547","counter":243}, {"uid":"s2093547","counter":244}, {"uid":"s2093547","counter":245}, {"uid":"s2093547","counter":246}, {"uid":"s2093547","counter":247}, {"uid":"s2093547","counter":248}, {"uid":"s2093547","counter":249}, {"uid":"s2093547","counter":250}, {"uid":"s2093547","counter":251}, {"uid":"s2093547","counter":252}, {"uid":"s2093547","counter":253}, {"uid":"s2093547","counter":254}, {"uid":"s2093547","counter":255}, {"uid":"s2093547","counter":256}, {"uid":"s2093547","counter":257}, {"uid":"s2093547","counter":258}, {"uid":"s2093547","counter":259}, {"uid":"s2093547","counter":260}, {"uid":"s2093547","counter":261}, {"uid":"s2093547","counter":262}, {"uid":"s2093547","counter":263}, {"uid":"s2093547","counter":264}, {"uid":"s2093547","counter":265}, {"uid":"s2093547","counter":266}, {"uid":"s2093547","counter":267}, {"uid":"s2093547","counter":268}, {"uid":"s2093547","counter":269}, {"uid":"s2093547","counter":270}, {"uid":"s2093547","counter":271}, {"uid":"s2093547","counter":272}, {"uid":"s2093547","counter":273}, {"uid":"s2093547","counter":274}, {"uid":"s2093547","counter":275}, {"uid":"s2093547","counter":276}, {"uid":"s2093547","counter":277}, {"uid":"s2093547","counter":278}, {"uid":"s2093547","counter":279}, {"uid":"s2093547","counter":280}, {"uid":"s2093547","counter":281}, {"uid":"s2093547","counter":282}, {"uid":"s2093547","counter":283}, {"uid":"s2093547","counter":284}, {"uid":"s2093547","counter":285}, {"uid":"s2093547","counter":286}, {"uid":"s2093547","counter":287}, {"uid":"s2093547","counter":288}, {"uid":"s2093547","counter":289}, {"uid":"s2093547","counter":290}, {"uid":"s2093547","counter":291}, {"uid":"s2093547","counter":292}, {"uid":"s2093547","counter":293}, {"uid":"s2093547","counter":294}, {"uid":"s2093547","counter":295}, {"uid":"s2093547","counter":296}, {"uid":"s2093547","counter":297}, {"uid":"s2093547","counter":298}, {"uid":"s2093547","counter":299}, {"uid":"s2093547","counter":300}, {"uid":"s2093547","counter":301}, {"uid":"s2093547","counter":302}, {"uid":"s2093547","counter":303}, {"uid":"s2093547","counter":304}, {"uid":"s2093547","counter":305}, {"uid":"s2093547","counter":306}, {"uid":"s2093547","counter":307}, {"uid":"s2093547","counter":308}, {"uid":"s2093547","counter":309}, {"uid":"s2093547","counter":310}, {"uid":"s2093547","counter":311}, {"uid":"s2093547","counter":312}, {"uid":"s2093547","counter":313}, {"uid":"s2093547","counter":314}, {"uid":"s2093547","counter":315}, {"uid":"s2093547","counter":316}, {"uid":"s2093547","counter":317}, {"uid":"s2093547","counter":318}, {"uid":"s2093547","counter":319}, {"uid":"s2093547","counter":320}, {"uid":"s2093547","counter":321}, {"uid":"s2093547","counter":322}, {"uid":"s2093547","counter":323}, {"uid":"s2093547","counter":324}, {"uid":"s2093547","counter":325}, {"uid":"s2093547","counter":326}, {"uid":"s2093547","counter":327}, {"uid":"s2093547","counter":328}, {"uid":"s2093547","counter":329}, {"uid":"s2093547","counter":330}, {"uid":"s2093547","counter":331}, {"uid":"s2093547","counter":332}, {"uid":"s2093547","counter":333}, {"uid":"s2093547","counter":334}, {"uid":"s2093547","counter":335}, {"uid":"s2093547","counter":336}, {"uid":"s2093547","counter":337}, {"uid":"s2093547","counter":338}, {"uid":"s2093547","counter":339}, {"uid":"s2093547","counter":340}, {"uid":"s2093547","counter":341}, {"uid":"s2093547","counter":342}, {"uid":"s2093547","counter":343}, {"uid":"s2093547","counter":344}, {"uid":"s2093547","counter":345}, {"uid":"s2093547","counter":346}, {"uid":"s2093547","counter":347}, {"uid":"s2093547","counter":348}, {"uid":"s2093547","counter":349}, {"uid":"s2093547","counter":350}, {"uid":"s2093547","counter":351}, {"uid":"s2093547","counter":352}, {"uid":"s2093547","counter":353}, {"uid":"s2093547","counter":354}, {"uid":"s2093547","counter":355}, {"uid":"s2093547","counter":356}, {"uid":"s2093547","counter":357}, {"uid":"s2093547","counter":358}, {"uid":"s2093547","counter":359}, {"uid":"s2093547","counter":360}, {"uid":"s2093547","counter":361}, {"uid":"s2093547","counter":362}, {"uid":"s2093547","counter":363}, {"uid":"s2093547","counter":364}, {"uid":"s2093547","counter":365}, {"uid":"s2093547","counter":366}, {"uid":"s2093547","counter":367}, {"uid":"s2093547","counter":368}, {"uid":"s2093547","counter":369}, {"uid":"s2093547","counter":370}, {"uid":"s2093547","counter":371}, {"uid":"s2093547","counter":372}, {"uid":"s2093547","counter":373}, {"uid":"s2093547","counter":374}, {"uid":"s2093547","counter":375}, {"uid":"s2093547","counter":376}, {"uid":"s2093547","counter":377}, {"uid":"s2093547","counter":378}, {"uid":"s2093547","counter":379}, {"uid":"s2093547","counter":380}, {"uid":"s2093547","counter":381}, {"uid":"s2093547","counter":382}, {"uid":"s2093547","counter":383}, {"uid":"s2093547","counter":384}, {"uid":"s2093547","counter":385}, {"uid":"s2093547","counter":386}, {"uid":"s2093547","counter":387}, {"uid":"s2093547","counter":388}, {"uid":"s2093547","counter":389}, {"uid":"s2093547","counter":390}, {"uid":"s2093547","counter":391}, {"uid":"s2093547","counter":392}, {"uid":"s2093547","counter":393}, {"uid":"s2093547","counter":394}, {"uid":"s2093547","counter":395}, {"uid":"s2093547","counter":396}, {"uid":"s2093547","counter":397}, {"uid":"s2093547","counter":398}, {"uid":"s2093547","counter":399}, {"uid":"s2093547","counter":400}, {"uid":"s2093547","counter":401}, {"uid":"s2093547","counter":402}, {"uid":"s2093547","counter":403}, {"uid":"s2093547","counter":404}, {"uid":"s2093547","counter":405}, {"uid":"s2093547","counter":406}, {"uid":"s2093547","counter":407}, {"uid":"s2093547","counter":408}, {"uid":"s2093547","counter":409}, {"uid":"s2093547","counter":410}, {"uid":"s2093547","counter":411}, {"uid":"s2093547","counter":412}, {"uid":"s2093547","counter":413}, {"uid":"s2093547","counter":414}, {"uid":"s2093547","counter":415}, {"uid":"s2093547","counter":416}, {"uid":"s2093547","counter":417}, {"uid":"s2093547","counter":418}, {"uid":"s2093547","counter":419}, {"uid":"s2093547","counter":420}, {"uid":"s2093547","counter":421}, {"uid":"s2093547","counter":422}, {"uid":"s2093547","counter":423}, {"uid":"s2093547","counter":424}, {"uid":"s2093547","counter":425}, {"uid":"s2093547","counter":426}, {"uid":"s2093547","counter":427}, {"uid":"s2093547","counter":428}, {"uid":"s2093547","counter":429}, {"uid":"s2093547","counter":430}, {"uid":"s2093547","counter":431}, {"uid":"s2093547","counter":432}, {"uid":"s2093547","counter":433}, {"uid":"s2093547","counter":434}, {"uid":"s2093547","counter":435}, {"uid":"s2093547","counter":436}, {"uid":"s2093547","counter":437}, {"uid":"s2093547","counter":438}, {"uid":"s2093547","counter":439}, {"uid":"s2093547","counter":440}, {"uid":"s2093547","counter":441}, {"uid":"s2093547","counter":442}, {"uid":"s2093547","counter":443}, {"uid":"s2093547","counter":444}, {"uid":"s2093547","counter":445}, {"uid":"s2093547","counter":446}, {"uid":"s2093547","counter":447}, {"uid":"s2093547","counter":448}, {"uid":"s2093547","counter":449}, {"uid":"s2093547","counter":450}, {"uid":"s2093547","counter":451}, {"uid":"s2093547","counter":452}, {"uid":"s2093547","counter":453}, {"uid":"s2093547","counter":454}, {"uid":"s2093547","counter":455}, {"uid":"s2093547","counter":456}, {"uid":"s2093547","counter":457}, {"uid":"s2093547","counter":458}, {"uid":"s2093547","counter":459}, {"uid":"s2093547","counter":460}, {"uid":"s2093547","counter":461}, {"uid":"s2093547","counter":462}, {"uid":"s2093547","counter":463}, {"uid":"s2093547","counter":464}, {"uid":"s2093547","counter":465}, {"uid":"s2093547","counter":466}, {"uid":"s2093547","counter":467}, {"uid":"s2093547","counter":468}, {"uid":"s2093547","counter":469}, {"uid":"s2093547","counter":470}, {"uid":"s2093547","counter":471}, {"uid":"s2093547","counter":472}, {"uid":"s2093547","counter":473}, {"uid":"s2093547","counter":474}, {"uid":"s2093547","counter":475}, {"uid":"s2093547","counter":476}, {"uid":"s2093547","counter":477}, {"uid":"s2093547","counter":478}, {"uid":"s2093547","counter":479}, {"uid":"s2093547","counter":480}, {"uid":"s2093547","counter":481}, {"uid":"s2093547","counter":482}, {"uid":"s2093547","counter":483}, {"uid":"s2093547","counter":484}, {"uid":"s2093547","counter":485}, {"uid":"s2093547","counter":486}, {"uid":"s2093547","counter":487}, {"uid":"s2093547","counter":488}, {"uid":"s2093547","counter":489}, {"uid":"s2093547","counter":490}, {"uid":"s2093547","counter":491}, {"uid":"s2093547","counter":492}, {"uid":"s2093547","counter":493}, {"uid":"s2093547","counter":494}, {"uid":"s2093547","counter":495}, {"uid":"s2093547","counter":496}, {"uid":"s2093547","counter":497}, {"uid":"s2093547","counter":498}, {"uid":"s2093547","counter":499}]
02:21:06.284 INFO  u.a.e.a.c.AcpCw2ApplicationTests - Time taken: 61 ms
02:21:06.285 INFO  u.a.e.a.c.AcpCw2ApplicationTests - ========================PASSED=========================
]]></system-out>
  </testcase>
  <testcase name="testStorageService" classname="uk.ac.ed.acp.cw2.AcpCw2ApplicationTests" time="150.334">
    <system-out><![CDATA[02:21:06.298 INFO  u.a.e.a.c.AcpCw2ApplicationTests - -------------- STORAGE SERVICE TEST ----------------
02:21:06.299 INFO  u.a.e.a.c.AcpCw2ApplicationTests - Pushing blob to storage service
02:23:34.906 INFO  u.a.e.a.c.AcpCw2ApplicationTests - Receiving blob from storage service
02:23:35.395 INFO  u.a.e.a.c.AcpCw2ApplicationTests - Deleting blob from storage service
02:23:35.634 INFO  u.a.e.a.c.AcpCw2ApplicationTests - Checking if blob is deleted
02:23:36.582 ERROR u.a.e.a.c.s.StorageService - Error receiving blob: https://acp-storage.azurewebsites.net/api/v1/blob/9db27c55-df8a-4d0f-a619-cb04e5c6bd38 500 Internal Server Error on GET request for "https://acp-storage.azurewebsites.net/api/v1/blob/9db27c55-df8a-4d0f-a619-cb04e5c6bd38": "<html><body><h1>ACP-Storage-Service - Error Page</h1><div>Status code: <b>null</b></div><div>Exception Message: <b>N/A</b></div> <div>Original URL: <b>/api/v1/blob/9db27c55-df8a-4d0f-a619-cb04e5c6bd38</b></div> <br/><div>Timestamp: <b>2025/04/26 01:23:35</b></div><body></html>"
02:23:36.584 INFO  u.a.e.a.c.AcpCw2ApplicationTests - ========================PASSED=========================
]]></system-out>
  </testcase>
  <testcase name="testTransformBulk" classname="uk.ac.ed.acp.cw2.AcpCw2ApplicationTests" time="62.795">
    <system-out><![CDATA[02:23:36.635 INFO  u.a.e.a.c.AcpCw2ApplicationTests - --------------STARTING TRANSFORM BULK TEST----------------
02:23:36.635 INFO  u.a.e.a.c.AcpCw2ApplicationTests - --------------STARTING TRANSFORM TEST----------------
02:23:36.635 INFO  u.a.e.a.c.AcpCw2ApplicationTests - Generating 500 packets
02:23:36.678 INFO  u.a.e.a.c.s.RabbitMqService - Sent 500/500 messages to TransformTestRead-46497-4V7Q1
02:23:36.735 INFO  u.a.e.a.c.d.MessageTransformer - Transforming messages; read_queue:TransformTestRead-46497-4V7Q1, write_queue:TransformTestWrite-32690-faAGf, count:500
02:23:36.736 INFO  u.a.e.a.c.s.RabbitMqService - [With Validation]Reading queue TransformTestRead-46497-4V7Q1: count=500
02:23:36.766 INFO  u.a.e.a.c.s.RabbitMqService - [With Validation]Received 500/500 messages in 30ms
02:23:36.766 INFO  u.a.e.a.c.s.RabbitMqService - returning: [{"key":"iHV2S","version":0,"value":9.029169}, {"key":"7yMXH","version":1,"value":3.2321262}, {"key":"FTSui","version":0,"value":10.74301}, {"key":"BFlL7","version":1,"value":14.450542}, {"key":"iHV2S","version":1,"value":3.199979}, {"key":"0CVsg","version":0,"value":16.947496}, {"key":"BFlL7","version":0,"value":0.6890917}, {"key":"iHV2S","version":1,"value":6.5766726}, {"key":"66fAk","version":2,"value":0.4211092}, {"key":"FTSui","version":2,"value":15.399035}, {"key":"q4wjD","version":2,"value":5.7358828}, {"key":"FHVQU","version":0,"value":10.004854}, {"key":"q4wjD","version":2,"value":2.0992923}, {"key":"iHV2S","version":1,"value":5.8483386}, {"key":"iHV2S","version":0,"value":4.468731}, {"key":"wuu5L","version":2,"value":0.09006739}, {"key":"0CVsg"}, {"key":"iHV2S","version":1,"value":19.216114}, {"key":"iHV2S","version":1,"value":9.89905}, {"key":"10FGq","version":1,"value":14.343281}, {"key":"ugZxR","version":0,"value":18.059612}, {"key":"7yMXH","version":0,"value":5.0613546}, {"key":"10FGq","version":0,"value":7.6808047}, {"key":"66fAk","version":0,"value":7.9941807}, {"key":"FHVQU","version":0,"value":5.45555}, {"key":"FHVQU","version":1,"value":17.436224}, {"key":"QWCQ2","version":2,"value":12.707701}, {"key":"r4xyS","version":0,"value":9.820648}, {"key":"q4wjD","version":0,"value":11.060395}, {"key":"ugZxR","version":1,"value":1.4984155}, {"key":"iHV2S","version":2,"value":15.433849}, {"key":"ugZxR","version":0,"value":5.9124556}, {"key":"Rwlu8","version":0,"value":7.538372}, {"key":"7hA9f","version":1,"value":1.6609371}, {"key":"dqlyi","version":1,"value":8.596443}, {"key":"C161Q","version":2,"value":9.219984}, {"key":"QWCQ2","version":2,"value":5.9136963}, {"key":"dqlyi","version":1,"value":3.1774092}, {"key":"iHV2S","version":1,"value":9.340397}, {"key":"q4wjD","version":2,"value":9.1825485}, {"key":"10FGq","version":2,"value":7.823446}, {"key":"FHVQU","version":1,"value":15.330385}, {"key":"ZLwFa","version":2,"value":12.925083}, {"key":"7yMXH","version":0,"value":16.695612}, {"key":"74HwS","version":2,"value":8.506484}, {"key":"BFlL7","version":1,"value":13.877479}, {"key":"QWCQ2","version":0,"value":11.40201}, {"key":"10FGq","version":0,"value":9.852496}, {"key":"7hA9f","version":0,"value":7.6970935}, {"key":"C161Q","version":2,"value":4.123539}, {"key":"IuBXL","version":0,"value":17.39175}, {"key":"iHV2S","version":0,"value":4.6032834}, {"key":"r4xyS","version":1,"value":13.970427}, {"key":"7yMXH","version":1,"value":2.6750898}, {"key":"ZLwFa","version":0,"value":19.398182}, {"key":"7hA9f","version":1,"value":15.939381}, {"key":"UBTKO","version":1,"value":18.161541}, {"key":"q4wjD","version":0,"value":7.2847486}, {"key":"FHVQU","version":2,"value":0.34224033}, {"key":"74HwS","version":1,"value":18.511156}, {"key":"7hA9f","version":2,"value":6.1103687}, {"key":"ZLwFa","version":2,"value":7.65671}, {"key":"gALDK","version":1,"value":12.78666}, {"key":"FHVQU","version":0,"value":3.9888299}, {"key":"7hA9f","version":2,"value":4.807129}, {"key":"ugZxR","version":2,"value":15.767496}, {"key":"7yMXH","version":1,"value":0.047955513}, {"key":"C161Q","version":2,"value":15.140247}, {"key":"rH6rQ","version":2,"value":17.908806}, {"key":"jphyC","version":1,"value":6.564065}, {"key":"54SOY","version":1,"value":11.815941}, {"key":"4Zn2r","version":0,"value":14.711442}, {"key":"rHNw5","version":1,"value":18.223576}, {"key":"h9ag9","version":1,"value":16.535751}, {"key":"OllFw","version":2,"value":7.9603014}, {"key":"Jb8ou","version":2,"value":17.256096}, {"key":"Rwlu8","version":1,"value":5.355463}, {"key":"ugZxR","version":1,"value":18.477543}, {"key":"gALDK","version":0,"value":2.3258388}, {"key":"r4xyS","version":0,"value":1.0050809}, {"key":"ZLwFa","version":2,"value":18.907566}, {"key":"4Zn2r","version":0,"value":3.3907902}, {"key":"dqlyi","version":0,"value":1.1671913}, {"key":"7hA9f","version":2,"value":1.227721}, {"key":"66fAk","version":0,"value":5.182245}, {"key":"iHV2S","version":1,"value":13.625408}, {"key":"dqlyi","version":2,"value":15.092871}, {"key":"FGMwR","version":1,"value":9.232338}, {"key":"k56nd","version":2,"value":17.451464}, {"key":"C161Q","version":0,"value":9.62865}, {"key":"Bsr5P","version":0,"value":16.948257}, {"key":"wyTmm","version":2,"value":8.817597}, {"key":"rSHyr","version":2,"value":14.0138035}, {"key":"UxAwH","version":1,"value":14.029207}, {"key":"0Y11C","version":1,"value":15.61314}, {"key":"Jb8ou","version":0,"value":0.6942022}, {"key":"wyTmm","version":0,"value":1.1973655}, {"key":"51k3Z","version":1,"value":2.761445}, {"key":"7hA9f","version":0,"value":2.844354}, {"key":"Sotc7","version":2,"value":16.821863}, {"key":"yOxtl","version":1,"value":14.56047}, {"key":"MZLGD","version":1,"value":8.119392}, {"key":"pmgkO","version":2,"value":5.426117}, {"key":"ugZxR","TOTAL":70.10874}, {"key":"BFlL7","version":1,"value":8.376045}, {"key":"rH6rQ"}, {"key":"rSHyr","version":0,"value":13.948106}, {"key":"4Zn2r","TOTAL":48.11142}, {"key":"k56nd","version":1,"value":5.6917286}, {"key":"q4wjD","version":2,"value":8.219376}, {"key":"C161Q","version":0,"value":7.584665}, {"key":"10FGq","version":0,"value":11.380763}, {"key":"jWo2F","version":1,"value":12.83993}, {"key":"aqRBN","version":2,"value":19.198702}, {"key":"FHVQU","version":1,"value":11.434961}, {"key":"jWo2F","version":2,"value":13.836573}, {"key":"G9sP9","version":2,"value":2.9118931}, {"key":"FTSui","version":1,"value":15.829939}, {"key":"YP1n2","version":2,"value":11.460407}, {"key":"rHNw5","version":1,"value":8.599493}, {"key":"BFlL7","version":2,"value":8.772077}, {"key":"JG1iC","version":2,"value":11.935868}, {"key":"7B0YN","version":1,"value":7.443968}, {"key":"uCnO0","version":1,"value":15.804596}, {"key":"wyTmm","version":2,"value":2.7148128}, {"key":"bKFP9","version":2,"value":7.362467}, {"key":"q4wjD","version":0,"value":3.8070834}, {"key":"YP1n2","version":2,"value":5.3731956}, {"key":"rhVfG","version":2,"value":7.852533}, {"key":"yxxgQ","version":0,"value":12.461028}, {"key":"ZLwFa","version":1,"value":0.27342796}, {"key":"m9h6Z","version":0,"value":10.513371}, {"key":"51k3Z","version":1,"value":13.017072}, {"key":"h9ag9","version":0,"value":19.082087}, {"key":"10FGq","version":0,"value":19.43138}, {"key":"65j4c","version":1,"value":18.401432}, {"key":"gALDK","version":0,"value":2.0272553}, {"key":"5KPoe","version":1,"value":0.56779623}, {"key":"Rwlu8","version":0,"value":19.377117}, {"key":"dqlyi","version":1,"value":10.573884}, {"key":"tMS8h","version":0,"value":12.0636}, {"key":"UxAwH","version":2,"value":14.013543}, {"key":"iHV2S","version":1,"value":11.676699}, {"key":"FHVQU","version":2,"value":17.002422}, {"key":"JG1iC","version":0,"value":12.136257}, {"key":"rSHyr","version":1,"value":10.4419155}, {"key":"viVEb","version":1,"value":17.849594}, {"key":"h9ag9","version":2,"value":13.739791}, {"key":"iHV2S"}, {"key":"jWo2F","version":0,"value":8.960413}, {"key":"GHWuD","version":2,"value":14.80578}, {"key":"5KPoe","version":2,"value":9.513259}, {"key":"BFlL7","version":2,"value":19.597805}, {"key":"YP1n2","version":2,"value":4.293592}, {"key":"Bsr5P","version":2,"value":6.2429132}, {"key":"tZwCy","version":0,"value":6.598952}, {"key":"OF3r3","version":2,"value":15.425253}, {"key":"kfjsV","version":2,"value":15.709161}, {"key":"bKFP9","version":0,"value":10.930592}, {"key":"UBTKO","version":0,"value":10.901962}, {"key":"uCnO0","version":1,"value":2.1449494}, {"key":"IuBXL","version":2,"value":2.4910092}, {"key":"5KPoe","version":0,"value":7.7221155}, {"key":"7yMXH","version":2,"value":1.2559509}, {"key":"UxAwH","version":2,"value":5.673934}, {"key":"viVEb","version":1,"value":10.4333935}, {"key":"wyTmm","version":2,"value":19.707073}, {"key":"k56nd","version":1,"value":3.8327003}, {"key":"51k3Z","version":0,"value":12.274025}, {"key":"ttZFF","version":0,"value":10.041591}, {"key":"gALDK","version":1,"value":4.8457694}, {"key":"aqRBN","version":2,"value":19.980831}, {"key":"airWL","version":0,"value":7.207862}, {"key":"AetWV","version":0,"value":6.0091124}, {"key":"YP1n2","TOTAL":23.99435}, {"key":"7yMXH","version":1,"value":19.262548}, {"key":"h9ag9","version":2,"value":1.1564243}, {"key":"kfjsV","version":2,"value":9.643436}, {"key":"kfjsV","version":0,"value":2.4072826}, {"key":"tZwCy","version":2,"value":18.657116}, {"key":"m9h6Z","version":2,"value":5.166085}, {"key":"kfjsV","version":0,"value":13.204983}, {"key":"51k3Z","version":2,"value":8.114557}, {"key":"4vj6x","version":1,"value":5.469711}, {"key":"54Pix","version":0,"value":4.790243}, {"key":"44XLF","version":1,"value":15.104388}, {"key":"kfjsV","version":0,"value":17.88046}, {"key":"C161Q","version":1,"value":14.781023}, {"key":"UBGiR","version":0,"value":0.35159707}, {"key":"bKFP9","version":0,"value":5.897049}, {"key":"GHWuD","version":2,"value":4.3440294}, {"key":"JG1iC"}, {"key":"bKFP9","version":1,"value":2.1363616}, {"key":"aqRBN","version":2,"value":13.748539}, {"key":"rUNKi","version":2,"value":12.192387}, {"key":"wuu5L","version":0,"value":5.8690333}, {"key":"bKFP9","version":2,"value":12.329918}, {"key":"UxAwH","version":0,"value":5.782032}, {"key":"OllFw","version":0,"value":10.451726}, {"key":"FTSui","version":2,"value":5.4160967}, {"key":"4vj6x","version":1,"value":7.5587883}, {"key":"QWCQ2","version":1,"value":0.9958267}, {"key":"QNB53","version":0,"value":4.6512055}, {"key":"7yMXH","version":2,"value":18.465157}, {"key":"VylbA","version":2,"value":4.8116994}, {"key":"66fAk","version":1,"value":9.802247}, {"key":"jrV4Y","version":0,"value":10.433388}, {"key":"ZlZOc","version":2,"value":4.336232}, {"key":"uSZAc","version":2,"value":0.13089061}, {"key":"AetWV","version":0,"value":19.562365}, {"key":"G9sP9","version":1,"value":4.714779}, {"key":"DXx1P","version":2,"value":18.795246}, {"key":"yOxtl","version":1,"value":1.6770434}, {"key":"66fAk","version":1,"value":15.010575}, {"key":"aAj7v","version":0,"value":11.855274}, {"key":"MZLGD","version":2,"value":17.909706}, {"key":"Jb8ou","version":2,"value":4.0255537}, {"key":"6UCI8","version":1,"value":16.851551}, {"key":"7B0YN","version":0,"value":3.4047973}, {"key":"uCnO0","version":1,"value":0.15876889}, {"key":"QNB53","version":2,"value":16.606348}, {"key":"54SOY","version":1,"value":5.201876}, {"key":"VylbA","version":0,"value":16.013292}, {"key":"m9h6Z","version":2,"value":17.239855}, {"key":"FGMwR","version":0,"value":4.0011}, {"key":"MZLGD","version":0,"value":5.8722534}, {"key":"k56nd","version":1,"value":11.897581}, {"key":"cgxpD","version":0,"value":3.1313515}, {"key":"uSZAc","version":1,"value":8.5315075}, {"key":"rUNKi","version":0,"value":14.545766}, {"key":"pmgkO","version":1,"value":7.282965}, {"key":"jphyC","version":1,"value":0.097653866}, {"key":"xaBbI","version":1,"value":1.0235167}, {"key":"vTgD4","version":2,"value":17.044107}, {"key":"D6iMj","version":0,"value":14.291587}, {"key":"5DQQP","version":0,"value":2.1670425}, {"key":"rHNw5","version":1,"value":6.962447}, {"key":"airWL","version":0,"value":14.776173}, {"key":"wuu5L","version":2,"value":7.591213}, {"key":"66fAk","version":1,"value":11.224632}, {"key":"aAj7v","version":0,"value":0.12678623}, {"key":"88iwE","version":0,"value":13.038822}, {"key":"oZyj6","version":1,"value":7.944114}, {"key":"bKFP9","version":0,"value":2.7344751}, {"key":"aAj7v","version":1,"value":4.693779}, {"key":"lfRqw","version":0,"value":12.391816}, {"key":"rHNw5","version":2,"value":14.162444}, {"key":"tZwCy","version":0,"value":10.354132}, {"key":"pguSs","version":1,"value":9.744408}, {"key":"cgxpD","version":2,"value":13.333199}, {"key":"BoBW7","version":1,"value":9.590234}, {"key":"bKFP9","version":1,"value":10.093281}, {"key":"q4wjD","version":0,"value":10.749771}, {"key":"qrelC","version":1,"value":15.207695}, {"key":"UBTKO","version":2,"value":0.17789245}, {"key":"UxAwH","version":1,"value":9.717176}, {"key":"Rwlu8"}, {"key":"tZwCy","version":0,"value":5.9232273}, {"key":"rhVfG","version":1,"value":16.560242}, {"key":"m9h6Z","version":0,"value":17.262383}, {"key":"54SOY","version":2,"value":8.331116}, {"key":"QWCQ2"}, {"key":"r4xyS","version":0,"value":19.9137}, {"key":"T0whR","version":0,"value":8.274326}, {"key":"qrelC","version":2,"value":19.575588}, {"key":"0Y11C","version":2,"value":8.924551}, {"key":"UxAwH","version":2,"value":0.71353674}, {"key":"QdICb","version":2,"value":0.53988934}, {"key":"ED3gp","version":2,"value":4.3098106}, {"key":"BoBW7","version":0,"value":0.12902617}, {"key":"80KRl","version":1,"value":8.841566}, {"key":"pmgkO","version":1,"value":4.4359026}, {"key":"44XLF"}, {"key":"wyTmm","version":2,"value":8.138519}, {"key":"0Y11C","version":0,"value":11.663226}, {"key":"jrV4Y","version":2,"value":15.271601}, {"key":"GHWuD","version":1,"value":10.019828}, {"key":"7hA9f","version":1,"value":12.21259}, {"key":"UxAwH","version":2,"value":15.402001}, {"key":"YoHmO","version":2,"value":5.7820044}, {"key":"T0whR","version":0,"value":17.176516}, {"key":"qrelC","version":1,"value":8.626184}, {"key":"BFlL7","version":0,"value":8.48081}, {"key":"G9sP9","version":1,"value":19.84433}, {"key":"cE0Zo","version":1,"value":14.299487}, {"key":"0Y11C","version":2,"value":12.47252}, {"key":"oZyj6","version":0,"value":5.9916315}, {"key":"rHNw5","version":2,"value":10.893163}, {"key":"aAj7v","version":2,"value":3.6262715}, {"key":"m9h6Z","version":1,"value":14.138435}, {"key":"QdICb","version":1,"value":13.001679}, {"key":"airWL","TOTAL":22.799576}, {"key":"imOg0","version":0,"value":8.607506}, {"key":"rSHyr","version":0,"value":1.9092298}, {"key":"yxxgQ","version":0,"value":16.99989}, {"key":"BoBW7","version":1,"value":13.008833}, {"key":"UxAwH","version":2,"value":7.070973}, {"key":"HtSv2","version":2,"value":16.474483}, {"key":"YoHmO","version":2,"value":5.4636583}, {"key":"6nwAC","version":2,"value":1.7063117}, {"key":"D6iMj","version":2,"value":2.7967036}, {"key":"MZLGD","version":0,"value":4.926406}, {"key":"oZyj6","version":2,"value":6.653168}, {"key":"tMS8h","version":2,"value":15.016631}, {"key":"OAsfB","version":1,"value":19.815462}, {"key":"pguSs"}, {"key":"7yMXH","version":1,"value":18.756905}, {"key":"DXx1P","version":1,"value":8.125885}, {"key":"rUNKi","version":2,"value":3.7924767}, {"key":"Sotc7","version":0,"value":8.662404}, {"key":"FHVQU","version":1,"value":19.269196}, {"key":"uCnO0","version":2,"value":7.081317}, {"key":"uSZAc","version":2,"value":16.38055}, {"key":"VylbA","version":2,"value":5.365487}, {"key":"lfRqw","version":2,"value":18.457243}, {"key":"eMfY0","version":1,"value":19.665543}, {"key":"U1Edp","version":0,"value":3.8282144}, {"key":"Bo9q0","version":1,"value":7.159337}, {"key":"Sotc7","version":0,"value":12.835612}, {"key":"rhVfG","version":2,"value":2.7177346}, {"key":"SlNwf","version":0,"value":4.649532}, {"key":"oZyj6","version":2,"value":14.048422}, {"key":"f7ndU","version":1,"value":3.7926352}, {"key":"HtSv2"}, {"key":"OAsfB","version":0,"value":10.963717}, {"key":"Jb8ou","version":2,"value":14.975845}, {"key":"cE0Zo","version":0,"value":10.696183}, {"key":"eMfY0","version":0,"value":1.2078059}, {"key":"FTSui","version":1,"value":7.1245646}, {"key":"q4wjD","version":1,"value":0.89399576}, {"key":"uCnO0","version":1,"value":18.702797}, {"key":"10FGq"}, {"key":"C161Q","version":2,"value":7.8773665}, {"key":"m9h6Z","version":0,"value":4.229623}, {"key":"OF3r3","version":0,"value":5.229164}, {"key":"wyTmm","TOTAL":32.44058}, {"key":"q4wjD","version":2,"value":11.110075}, {"key":"g0kMK","version":1,"value":15.085306}, {"key":"Jb8ou","version":2,"value":5.697794}, {"key":"oZyj6","version":1,"value":1.9823146}, {"key":"OllFw","version":1,"value":15.967425}, {"key":"qkdBU","version":0,"value":8.788664}, {"key":"sFZk7","version":0,"value":19.223574}, {"key":"iM4GO","version":2,"value":12.816101}, {"key":"FHVQU"}, {"key":"ttZFF","version":2,"value":4.57759}, {"key":"gALDK","version":1,"value":10.8803425}, {"key":"VySvy","version":1,"value":18.523018}, {"key":"vTgD4","version":2,"value":5.22318}, {"key":"dqlyi","version":1,"value":17.83764}, {"key":"ZLwFa"}, {"key":"DXx1P","version":0,"value":1.1062169}, {"key":"rhVfG","version":0,"value":6.069704}, {"key":"yxxgQ","version":0,"value":5.316987}, {"key":"T0whR"}, {"key":"r4xyS","version":1,"value":4.3442655}, {"key":"65j4c","version":2,"value":0.016841888}, {"key":"uCnO0","version":2,"value":1.8639266}, {"key":"C161Q","version":2,"value":14.7448435}, {"key":"7yMXH","version":1,"value":0.7548666}, {"key":"h9ag9","version":1,"value":6.4750934}, {"key":"sFZk7","version":0,"value":8.973889}, {"key":"xaBbI","version":1,"value":18.3547}, {"key":"uSZAc","version":1,"value":2.759143}, {"key":"Wev2j","version":0,"value":3.4156704}, {"key":"4vj6x","version":0,"value":4.6217194}, {"key":"eMfY0","version":0,"value":0.80263615}, {"key":"jphyC","version":1,"value":4.791445}, {"key":"6EUTp","version":1,"value":4.440825}, {"key":"Jb8ou","version":1,"value":16.108131}, {"key":"PBEuc","version":0,"value":16.138517}, {"key":"q4wjD","version":1,"value":16.749046}, {"key":"KXID4","version":1,"value":15.110434}, {"key":"FTSui","TOTAL":50.355892}, {"key":"qrelC","version":1,"value":6.4024734}, {"key":"IhfEy","version":0,"value":7.3812}, {"key":"VySvy","version":2,"value":18.630367}, {"key":"dYZHk","version":2,"value":15.54617}, {"key":"jphyC","version":2,"value":15.913975}, {"key":"7hA9f","version":0,"value":16.195114}, {"key":"QNB53","version":2,"value":4.3396673}, {"key":"cgxpD","version":2,"value":13.230123}, {"key":"VHXDb","version":0,"value":10.599958}, {"key":"Sokif","version":2,"value":2.8411877}, {"key":"70A6P","version":0,"value":10.010909}, {"key":"C161Q","version":1,"value":18.046032}, {"key":"ZlZOc","version":1,"value":7.0998764}, {"key":"viVEb","version":0,"value":7.1124067}, {"key":"rHNw5","version":0,"value":19.11587}, {"key":"XI1ga","version":0,"value":0.8613813}, {"key":"rkvDZ","version":1,"value":18.310606}, {"key":"QdICb","version":0,"value":0.5968833}, {"key":"Sotc7","version":1,"value":7.7918425}, {"key":"OF3r3","version":1,"value":4.978249}, {"key":"6nwAC","version":1,"value":4.1127133}, {"key":"jrV4Y","version":1,"value":18.496153}, {"key":"Sokif","version":0,"value":7.4688244}, {"key":"tMS8h","version":2,"value":16.228018}, {"key":"UxAwH","version":0,"value":8.995408}, {"key":"7hA9f","version":1,"value":0.02091527}, {"key":"5ggOL","version":1,"value":9.123334}, {"key":"QdICb","version":2,"value":3.6562479}, {"key":"U1Edp","version":0,"value":5.1068187}, {"key":"aAj7v","version":1,"value":4.145418}, {"key":"wuu5L","version":2,"value":9.676734}, {"key":"ZlZOc","version":1,"value":6.921959}, {"key":"rUNKi","version":1,"value":12.740916}, {"key":"ZlZOc","version":1,"value":10.070568}, {"key":"IuBXL","version":1,"value":2.499522}, {"key":"YnaFb","version":1,"value":17.584145}, {"key":"70A6P","version":2,"value":6.1754155}, {"key":"Bo9q0","version":2,"value":1.9872761}, {"key":"6UCI8","version":1,"value":2.2400403}, {"key":"Wev2j","version":2,"value":16.000654}, {"key":"aAj7v","version":2,"value":16.61737}, {"key":"88iwE","version":2,"value":13.373491}, {"key":"6nwAC","version":0,"value":6.7493954}, {"key":"VySvy","version":1,"value":5.4280925}, {"key":"HtNm1","version":0,"value":16.35132}, {"key":"akElb","version":1,"value":9.4934845}, {"key":"mIOM7","version":1,"value":17.335869}, {"key":"0p12I","version":2,"value":19.93562}, {"key":"74HwS","TOTAL":40.155983}, {"key":"FGMwR","version":1,"value":17.147875}, {"key":"xaBbI","version":0,"value":8.026468}, {"key":"7hA9f","version":0,"value":10.658396}, {"key":"KXID4","version":1,"value":13.34584}, {"key":"cgxpD","version":2,"value":11.586908}, {"key":"qkdBU","version":1,"value":4.0374527}, {"key":"IhfEy","version":2,"value":19.033304}, {"key":"imOg0","version":1,"value":17.720295}, {"key":"jrV4Y","version":0,"value":17.802483}, {"key":"YoHmO","version":0,"value":8.130327}, {"key":"JOBnG","version":1,"value":14.023897}, {"key":"dYZHk","version":0,"value":18.633623}, {"key":"UxAwH","version":0,"value":5.457488}, {"key":"uSZAc","version":2,"value":9.453593}, {"key":"3UvVq","version":1,"value":3.7214446}, {"key":"GHWuD","version":0,"value":4.88696}, {"key":"tMS8h","version":2,"value":14.565396}, {"key":"2uCPu","version":0,"value":5.057566}, {"key":"rkvDZ","version":2,"value":3.9968324}, {"key":"UxAwH","version":0,"value":0.009440184}, {"key":"6EUTp","version":2,"value":16.010502}, {"key":"rUNKi","version":0,"value":3.5343373}, {"key":"MZLGD","version":2,"value":6.8795433}, {"key":"2uCPu","version":0,"value":1.6961002}, {"key":"rSHyr","version":2,"value":0.31768084}, {"key":"66fAk","version":2,"value":10.677986}, {"key":"rSHyr","version":0,"value":8.516793}, {"key":"nMVtZ","version":0,"value":9.8280735}, {"key":"r4xyS","version":0,"value":17.446182}, {"key":"7hA9f","version":2,"value":7.1724606}, {"key":"dYZHk","version":2,"value":12.404375}, {"key":"OF3r3","version":2,"value":9.612535}, {"key":"UBTKO","version":2,"value":0.6875062}, {"key":"65j4c","version":0,"value":19.693945}, {"key":"kfjsV","TOTAL":65.698326}, {"key":"vTgD4","version":2,"value":12.90246}, {"key":"lPGiM","version":2,"value":19.730274}, {"key":"UBGiR"}, {"key":"OkkCw","version":1,"value":13.44369}, {"key":"tZwCy","version":0,"value":9.265094}, {"key":"dYZHk","version":1,"value":17.726112}, {"key":"JOBnG","version":1,"value":11.891093}, {"key":"Bsr5P","version":1,"value":1.9122314}, {"key":"51k3Z","version":1,"value":14.292029}, {"key":"QNB53","version":1,"value":17.802967}, {"key":"feDmy","version":1,"value":3.2283068}, {"key":"54SOY","version":2,"value":15.470634}, {"key":"CiES6","version":2,"value":4.8725963}, {"key":"5DQQP","version":2,"value":14.451976}, {"key":"pmgkO"}, {"key":"IhfEy","version":2,"value":3.8624787}, {"key":"MlBg6","version":2,"value":17.22968}, {"key":"8Akp8","version":1,"value":14.969082}, {"key":"C161Q","version":0,"value":2.6691866}, {"key":"JeZAn","version":0,"value":10.250684}, {"key":"ZkCBk","version":1,"value":12.2969055}, {"key":"yOxtl","version":2,"value":5.837907}, {"key":"JQ3JV","version":2,"value":10.8702135}, {"key":"aELs3","version":1,"value":0.673697}, {"key":"akWd0","version":0,"value":15.754891}, {"key":"ZkCBk"}, {"key":"sFZk7","version":2,"value":17.415207}, {"key":"KDhcG","version":0,"value":9.513054}, {"key":"eMfY0","version":1,"value":17.91527}, {"key":"gtuhv","version":0,"value":14.091817}, {"key":"54SOY","version":0,"value":17.037613}, {"key":"VySvy","version":0,"value":1.3326001}, {"key":"0Y11C","version":0,"value":16.579205}, {"key":"VHXDb","version":2,"value":12.315676}, {"key":"gu8I0","version":1,"value":18.652578}, {"key":"jWo2F","version":2,"value":1.4975893}, {"key":"7B0YN","version":1,"value":8.295326}, {"key":"SlNwf","version":0,"value":18.91053}, {"key":"yxJVY","version":1,"value":4.190445}, {"key":"54Pix","version":0,"value":4.0866795}, {"key":"MZLGD","version":0,"value":11.9663105}, {"key":"rhVfG"}]
02:23:36.786 INFO  u.a.e.a.c.d.MessageTransformer - 0% complete...
02:23:39.923 INFO  u.a.e.a.c.d.MessageTransformer - 10% complete...
02:23:42.863 INFO  u.a.e.a.c.d.MessageTransformer - 20% complete...
02:23:45.512 INFO  u.a.e.a.c.d.MessageTransformer - 30% complete...
02:23:48.292 INFO  u.a.e.a.c.d.MessageTransformer - 40% complete...
02:23:50.901 INFO  u.a.e.a.c.d.MessageTransformer - 50% complete...
02:23:53.562 INFO  u.a.e.a.c.d.MessageTransformer - 60% complete...
02:23:56.212 INFO  u.a.e.a.c.d.MessageTransformer - 70% complete...
02:23:58.761 INFO  u.a.e.a.c.d.MessageTransformer - 80% complete...
02:24:01.789 INFO  u.a.e.a.c.d.MessageTransformer - 90% complete...
02:24:04.389 INFO  u.a.e.a.c.d.MessageTransformer - 100% complete. Tranformed 500 messages
02:24:04.393 INFO  u.a.e.a.c.s.RabbitMqService - Reading queue TransformTestWrite-32690-faAGf: count=500
02:24:04.456 INFO  u.a.e.a.c.s.RabbitMqService - Received 500/500 messages in 62ms
02:24:04.456 INFO  u.a.e.a.c.s.RabbitMqService - returning: [{"key":"iHV2S","version":0,"value":19.52917}, {"key":"7yMXH","version":1,"value":13.732126}, {"key":"FTSui","version":0,"value":21.24301}, {"key":"BFlL7","version":1,"value":24.950542}, {"key":"iHV2S","version":1,"value":13.699979}, {"key":"0CVsg","version":0,"value":27.447496}, {"key":"BFlL7","version":0,"value":0.6890917}, {"key":"iHV2S","version":1,"value":6.5766726}, {"key":"66fAk","version":2,"value":10.921109}, {"key":"FTSui","version":2,"value":25.899036}, {"key":"q4wjD","version":2,"value":16.235882}, {"key":"FHVQU","version":0,"value":20.504854}, {"key":"q4wjD","version":2,"value":2.0992923}, {"key":"iHV2S","version":1,"value":5.8483386}, {"key":"iHV2S","version":0,"value":4.468731}, {"key":"wuu5L","version":2,"value":10.590067}, {"totalMessagesWritten":16,"totalMessagesProcessed":17,"totalRedisUpdates":11,"totalValueWritten":224.43541,"totalAdded":115.5}, {"key":"iHV2S","version":1,"value":19.216114}, {"key":"iHV2S","version":1,"value":9.89905}, {"key":"10FGq","version":1,"value":24.84328}, {"key":"ugZxR","version":0,"value":28.559612}, {"key":"7yMXH","version":0,"value":5.0613546}, {"key":"10FGq","version":0,"value":7.6808047}, {"key":"66fAk","version":0,"value":7.9941807}, {"key":"FHVQU","version":0,"value":5.45555}, {"key":"FHVQU","version":1,"value":27.936224}, {"key":"QWCQ2","version":2,"value":23.2077}, {"key":"r4xyS","version":0,"value":20.320648}, {"key":"q4wjD","version":0,"value":11.060395}, {"key":"ugZxR","version":1,"value":11.998415}, {"key":"iHV2S","version":2,"value":25.93385}, {"key":"ugZxR","version":0,"value":5.9124556}, {"key":"Rwlu8","version":0,"value":18.038372}, {"key":"7hA9f","version":1,"value":12.160937}, {"key":"dqlyi","version":1,"value":19.096443}, {"key":"C161Q","version":2,"value":19.719984}, {"key":"QWCQ2","version":2,"value":5.9136963}, {"key":"dqlyi","version":1,"value":3.1774092}, {"key":"iHV2S","version":1,"value":9.340397}, {"key":"q4wjD","version":2,"value":9.1825485}, {"key":"10FGq","version":2,"value":18.323446}, {"key":"FHVQU","version":1,"value":15.330385}, {"key":"ZLwFa","version":2,"value":23.425083}, {"key":"7yMXH","version":0,"value":16.695612}, {"key":"74HwS","version":2,"value":19.006485}, {"key":"BFlL7","version":1,"value":13.877479}, {"key":"QWCQ2","version":0,"value":11.40201}, {"key":"10FGq","version":0,"value":9.852496}, {"key":"7hA9f","version":0,"value":7.6970935}, {"key":"C161Q","version":2,"value":4.123539}, {"key":"IuBXL","version":0,"value":27.89175}, {"key":"iHV2S","version":0,"value":4.6032834}, {"key":"r4xyS","version":1,"value":24.470427}, {"key":"7yMXH","version":1,"value":2.6750898}, {"key":"ZLwFa","version":0,"value":19.398182}, {"key":"7hA9f","version":1,"value":15.939381}, {"key":"UBTKO","version":1,"value":28.661541}, {"key":"q4wjD","version":0,"value":7.2847486}, {"key":"FHVQU","version":2,"value":10.84224}, {"key":"74HwS","version":1,"value":18.511156}, {"key":"7hA9f","version":2,"value":16.610369}, {"key":"ZLwFa","version":2,"value":7.65671}, {"key":"gALDK","version":1,"value":23.28666}, {"key":"FHVQU","version":0,"value":3.9888299}, {"key":"7hA9f","version":2,"value":4.807129}, {"key":"ugZxR","version":2,"value":26.267496}, {"key":"7yMXH","version":1,"value":0.047955513}, {"key":"C161Q","version":2,"value":15.140247}, {"key":"rH6rQ","version":2,"value":28.408806}, {"key":"jphyC","version":1,"value":17.064064}, {"key":"54SOY","version":1,"value":22.31594}, {"key":"4Zn2r","version":0,"value":25.211441}, {"key":"rHNw5","version":1,"value":28.723576}, {"key":"h9ag9","version":1,"value":27.035751}, {"key":"OllFw","version":2,"value":18.4603}, {"key":"Jb8ou","version":2,"value":27.756096}, {"key":"Rwlu8","version":1,"value":15.855463}, {"key":"ugZxR","version":1,"value":18.477543}, {"key":"gALDK","version":0,"value":2.3258388}, {"key":"r4xyS","version":0,"value":1.0050809}, {"key":"ZLwFa","version":2,"value":18.907566}, {"key":"4Zn2r","version":0,"value":3.3907902}, {"key":"dqlyi","version":0,"value":1.1671913}, {"key":"7hA9f","version":2,"value":1.227721}, {"key":"66fAk","version":0,"value":5.182245}, {"key":"iHV2S","version":1,"value":13.625408}, {"key":"dqlyi","version":2,"value":25.59287}, {"key":"FGMwR","version":1,"value":19.732338}, {"key":"k56nd","version":2,"value":27.951464}, {"key":"C161Q","version":0,"value":9.62865}, {"key":"Bsr5P","version":0,"value":27.448257}, {"key":"wyTmm","version":2,"value":19.317596}, {"key":"rSHyr","version":2,"value":24.513803}, {"key":"UxAwH","version":1,"value":24.529207}, {"key":"0Y11C","version":1,"value":26.11314}, {"key":"Jb8ou","version":0,"value":0.6942022}, {"key":"wyTmm","version":0,"value":1.1973655}, {"key":"51k3Z","version":1,"value":13.261445}, {"key":"7hA9f","version":0,"value":2.844354}, {"key":"Sotc7","version":2,"value":27.321863}, {"key":"yOxtl","version":1,"value":25.06047}, {"key":"MZLGD","version":1,"value":18.619392}, {"key":"pmgkO","version":2,"value":15.926117}, {"totalMessagesWritten":102,"totalMessagesProcessed":104,"totalRedisUpdates":54,"totalValueWritten":1609.9639,"totalAdded":567.0}, {"key":"BFlL7","version":1,"value":8.376045}, {"totalMessagesWritten":103,"totalMessagesProcessed":106,"totalRedisUpdates":54,"totalValueWritten":1618.34,"totalAdded":567.0}, {"key":"rSHyr","version":0,"value":13.948106}, {"totalMessagesWritten":104,"totalMessagesProcessed":108,"totalRedisUpdates":54,"totalValueWritten":1680.3995,"totalAdded":567.0}, {"key":"k56nd","version":1,"value":5.6917286}, {"key":"q4wjD","version":2,"value":8.219376}, {"key":"C161Q","version":0,"value":7.584665}, {"key":"10FGq","version":0,"value":11.380763}, {"key":"jWo2F","version":1,"value":23.33993}, {"key":"aqRBN","version":2,"value":29.698702}, {"key":"FHVQU","version":1,"value":11.434961}, {"key":"jWo2F","version":2,"value":24.336573}, {"key":"G9sP9","version":2,"value":13.411893}, {"key":"FTSui","version":1,"value":15.829939}, {"key":"YP1n2","version":2,"value":21.960407}, {"key":"rHNw5","version":1,"value":8.599493}, {"key":"BFlL7","version":2,"value":19.272076}, {"key":"JG1iC","version":2,"value":22.435867}, {"key":"7B0YN","version":1,"value":17.943968}, {"key":"uCnO0","version":1,"value":26.304596}, {"key":"wyTmm","version":2,"value":2.7148128}, {"key":"bKFP9","version":2,"value":17.862467}, {"key":"q4wjD","version":0,"value":3.8070834}, {"key":"YP1n2","version":2,"value":5.3731956}, {"key":"rhVfG","version":2,"value":18.352533}, {"key":"yxxgQ","version":0,"value":22.96103}, {"key":"ZLwFa","version":1,"value":0.27342796}, {"key":"m9h6Z","version":0,"value":21.01337}, {"key":"51k3Z","version":1,"value":13.017072}, {"key":"h9ag9","version":0,"value":19.082087}, {"key":"10FGq","version":0,"value":19.43138}, {"key":"65j4c","version":1,"value":28.901432}, {"key":"gALDK","version":0,"value":2.0272553}, {"key":"5KPoe","version":1,"value":11.067797}, {"key":"Rwlu8","version":0,"value":19.377117}, {"key":"dqlyi","version":1,"value":10.573884}, {"key":"tMS8h","version":0,"value":22.563599}, {"key":"UxAwH","version":2,"value":24.513542}, {"key":"iHV2S","version":1,"value":11.676699}, {"key":"FHVQU","version":2,"value":17.002422}, {"key":"JG1iC","version":0,"value":12.136257}, {"key":"rSHyr","version":1,"value":10.4419155}, {"key":"viVEb","version":1,"value":28.349594}, {"key":"h9ag9","version":2,"value":24.239792}, {"totalMessagesWritten":144,"totalMessagesProcessed":149,"totalRedisUpdates":73,"totalValueWritten":2314.6047,"totalAdded":766.5}, {"key":"jWo2F","version":0,"value":8.960413}, {"key":"GHWuD","version":2,"value":25.30578}, {"key":"5KPoe","version":2,"value":20.01326}, {"key":"BFlL7","version":2,"value":19.597805}, {"key":"YP1n2","version":2,"value":4.293592}, {"key":"Bsr5P","version":2,"value":16.742912}, {"key":"tZwCy","version":0,"value":17.098951}, {"key":"OF3r3","version":2,"value":25.925253}, {"key":"kfjsV","version":2,"value":26.20916}, {"key":"bKFP9","version":0,"value":10.930592}, {"key":"UBTKO","version":0,"value":10.901962}, {"key":"uCnO0","version":1,"value":2.1449494}, {"key":"IuBXL","version":2,"value":12.991009}, {"key":"5KPoe","version":0,"value":7.7221155}, {"key":"7yMXH","version":2,"value":11.755951}, {"key":"UxAwH","version":2,"value":5.673934}, {"key":"viVEb","version":1,"value":10.4333935}, {"key":"wyTmm","version":2,"value":19.707073}, {"key":"k56nd","version":1,"value":3.8327003}, {"key":"51k3Z","version":0,"value":12.274025}, {"key":"ttZFF","version":0,"value":20.541592}, {"key":"gALDK","version":1,"value":4.8457694}, {"key":"aqRBN","version":2,"value":19.980831}, {"key":"airWL","version":0,"value":17.707863}, {"key":"AetWV","version":0,"value":16.509113}, {"totalMessagesWritten":169,"totalMessagesProcessed":175,"totalRedisUpdates":84,"totalValueWritten":2690.6985,"totalAdded":882.0}, {"key":"7yMXH","version":1,"value":19.262548}, {"key":"h9ag9","version":2,"value":1.1564243}, {"key":"kfjsV","version":2,"value":9.643436}, {"key":"kfjsV","version":0,"value":2.4072826}, {"key":"tZwCy","version":2,"value":29.157116}, {"key":"m9h6Z","version":2,"value":15.666084}, {"key":"kfjsV","version":0,"value":13.204983}, {"key":"51k3Z","version":2,"value":18.614557}, {"key":"4vj6x","version":1,"value":15.969711}, {"key":"54Pix","version":0,"value":15.290243}, {"key":"44XLF","version":1,"value":25.60439}, {"key":"kfjsV","version":0,"value":17.88046}, {"key":"C161Q","version":1,"value":14.781023}, {"key":"UBGiR","version":0,"value":10.851597}, {"key":"bKFP9","version":0,"value":5.897049}, {"key":"GHWuD","version":2,"value":4.3440294}, {"totalMessagesWritten":185,"totalMessagesProcessed":192,"totalRedisUpdates":91,"totalValueWritten":2910.4294,"totalAdded":955.5}, {"key":"bKFP9","version":1,"value":2.1363616}, {"key":"aqRBN","version":2,"value":13.748539}, {"key":"rUNKi","version":2,"value":22.692387}, {"key":"wuu5L","version":0,"value":5.8690333}, {"key":"bKFP9","version":2,"value":12.329918}, {"key":"UxAwH","version":0,"value":5.782032}, {"key":"OllFw","version":0,"value":10.451726}, {"key":"FTSui","version":2,"value":5.4160967}, {"key":"4vj6x","version":1,"value":7.5587883}, {"key":"QWCQ2","version":1,"value":0.9958267}, {"key":"QNB53","version":0,"value":15.151205}, {"key":"7yMXH","version":2,"value":18.465157}, {"key":"VylbA","version":2,"value":15.311699}, {"key":"66fAk","version":1,"value":9.802247}, {"key":"jrV4Y","version":0,"value":20.933388}, {"key":"ZlZOc","version":2,"value":14.836232}, {"key":"uSZAc","version":2,"value":10.630891}, {"key":"AetWV","version":0,"value":19.562365}, {"key":"G9sP9","version":1,"value":4.714779}, {"key":"DXx1P","version":2,"value":29.295246}, {"key":"yOxtl","version":1,"value":1.6770434}, {"key":"66fAk","version":1,"value":15.010575}, {"key":"aAj7v","version":0,"value":22.355274}, {"key":"MZLGD","version":2,"value":28.409706}, {"key":"Jb8ou","version":2,"value":4.0255537}, {"key":"6UCI8","version":1,"value":27.351551}, {"key":"7B0YN","version":0,"value":3.4047973}, {"key":"uCnO0","version":1,"value":0.15876889}, {"key":"QNB53","version":2,"value":27.106348}, {"key":"54SOY","version":1,"value":5.201876}, {"key":"VylbA","version":0,"value":16.013292}, {"key":"m9h6Z","version":2,"value":17.239855}, {"key":"FGMwR","version":0,"value":4.0011}, {"key":"MZLGD","version":0,"value":5.8722534}, {"key":"k56nd","version":1,"value":11.897581}, {"key":"cgxpD","version":0,"value":13.631351}, {"key":"uSZAc","version":1,"value":8.5315075}, {"key":"rUNKi","version":0,"value":14.545766}, {"key":"pmgkO","version":1,"value":7.282965}, {"key":"jphyC","version":1,"value":0.097653866}, {"key":"xaBbI","version":1,"value":11.523517}, {"key":"vTgD4","version":2,"value":27.544107}, {"key":"D6iMj","version":0,"value":24.791588}, {"key":"5DQQP","version":0,"value":12.667043}, {"key":"rHNw5","version":1,"value":6.962447}, {"key":"airWL","version":0,"value":14.776173}, {"key":"wuu5L","version":2,"value":7.591213}, {"key":"66fAk","version":1,"value":11.224632}, {"key":"aAj7v","version":0,"value":0.12678623}, {"key":"88iwE","version":0,"value":23.538822}, {"key":"oZyj6","version":1,"value":18.444115}, {"key":"bKFP9","version":0,"value":2.7344751}, {"key":"aAj7v","version":1,"value":15.193779}, {"key":"lfRqw","version":0,"value":22.891815}, {"key":"rHNw5","version":2,"value":24.662445}, {"key":"tZwCy","version":0,"value":10.354132}, {"key":"pguSs","version":1,"value":20.244408}, {"key":"cgxpD","version":2,"value":23.833199}, {"key":"BoBW7","version":1,"value":20.090233}, {"key":"bKFP9","version":1,"value":10.093281}, {"key":"q4wjD","version":0,"value":10.749771}, {"key":"qrelC","version":1,"value":25.707695}, {"key":"UBTKO","version":2,"value":10.677893}, {"key":"UxAwH","version":1,"value":9.717176}, {"totalMessagesWritten":249,"totalMessagesProcessed":257,"totalRedisUpdates":117,"totalValueWritten":3756.0684,"totalAdded":1228.5}, {"key":"tZwCy","version":0,"value":5.9232273}, {"key":"rhVfG","version":1,"value":16.560242}, {"key":"m9h6Z","version":0,"value":17.262383}, {"key":"54SOY","version":2,"value":18.831116}, {"totalMessagesWritten":253,"totalMessagesProcessed":262,"totalRedisUpdates":118,"totalValueWritten":3814.6455,"totalAdded":1239.0}, {"key":"r4xyS","version":0,"value":19.9137}, {"key":"T0whR","version":0,"value":18.774326}, {"key":"qrelC","version":2,"value":30.075588}, {"key":"0Y11C","version":2,"value":19.424551}, {"key":"UxAwH","version":2,"value":0.71353674}, {"key":"QdICb","version":2,"value":11.039889}, {"key":"ED3gp","version":2,"value":14.809811}, {"key":"BoBW7","version":0,"value":0.12902617}, {"key":"80KRl","version":1,"value":19.341566}, {"key":"pmgkO","version":1,"value":4.4359026}, {"totalMessagesWritten":263,"totalMessagesProcessed":273,"totalRedisUpdates":124,"totalValueWritten":3953.3035,"totalAdded":1302.0}, {"key":"wyTmm","version":2,"value":8.138519}, {"key":"0Y11C","version":0,"value":11.663226}, {"key":"jrV4Y","version":2,"value":25.7716}, {"key":"GHWuD","version":1,"value":10.019828}, {"key":"7hA9f","version":1,"value":12.21259}, {"key":"UxAwH","version":2,"value":15.402001}, {"key":"YoHmO","version":2,"value":16.282005}, {"key":"T0whR","version":0,"value":17.176516}, {"key":"qrelC","version":1,"value":8.626184}, {"key":"BFlL7","version":0,"value":8.48081}, {"key":"G9sP9","version":1,"value":19.84433}, {"key":"cE0Zo","version":1,"value":24.799488}, {"key":"0Y11C","version":2,"value":12.47252}, {"key":"oZyj6","version":0,"value":5.9916315}, {"key":"rHNw5","version":2,"value":10.893163}, {"key":"aAj7v","version":2,"value":14.126271}, {"key":"m9h6Z","version":1,"value":14.138435}, {"key":"QdICb","version":1,"value":13.001679}, {"totalMessagesWritten":281,"totalMessagesProcessed":292,"totalRedisUpdates":128,"totalValueWritten":4225.144,"totalAdded":1344.0}, {"key":"imOg0","version":0,"value":19.107506}, {"key":"rSHyr","version":0,"value":1.9092298}, {"key":"yxxgQ","version":0,"value":16.99989}, {"key":"BoBW7","version":1,"value":13.008833}, {"key":"UxAwH","version":2,"value":7.070973}, {"key":"HtSv2","version":2,"value":26.974483}, {"key":"YoHmO","version":2,"value":5.4636583}, {"key":"6nwAC","version":2,"value":12.206312}, {"key":"D6iMj","version":2,"value":13.296703}, {"key":"MZLGD","version":0,"value":4.926406}, {"key":"oZyj6","version":2,"value":17.153168}, {"key":"tMS8h","version":2,"value":25.516632}, {"key":"OAsfB","version":1,"value":30.315462}, {"totalMessagesWritten":294,"totalMessagesProcessed":306,"totalRedisUpdates":135,"totalValueWritten":4419.0938,"totalAdded":1417.5}, {"key":"7yMXH","version":1,"value":18.756905}, {"key":"DXx1P","version":1,"value":8.125885}, {"key":"rUNKi","version":2,"value":3.7924767}, {"key":"Sotc7","version":0,"value":8.662404}, {"key":"FHVQU","version":1,"value":19.269196}, {"key":"uCnO0","version":2,"value":17.581318}, {"key":"uSZAc","version":2,"value":16.38055}, {"key":"VylbA","version":2,"value":5.365487}, {"key":"lfRqw","version":2,"value":28.957243}, {"key":"eMfY0","version":1,"value":30.165543}, {"key":"U1Edp","version":0,"value":14.328215}, {"key":"Bo9q0","version":1,"value":17.659336}, {"key":"Sotc7","version":0,"value":12.835612}, {"key":"rhVfG","version":2,"value":2.7177346}, {"key":"SlNwf","version":0,"value":15.149532}, {"key":"oZyj6","version":2,"value":14.048422}, {"key":"f7ndU","version":1,"value":14.292635}, {"totalMessagesWritten":311,"totalMessagesProcessed":324,"totalRedisUpdates":142,"totalValueWritten":4667.1816,"totalAdded":1491.0}, {"key":"OAsfB","version":0,"value":10.963717}, {"key":"Jb8ou","version":2,"value":14.975845}, {"key":"cE0Zo","version":0,"value":10.696183}, {"key":"eMfY0","version":0,"value":1.2078059}, {"key":"FTSui","version":1,"value":7.1245646}, {"key":"q4wjD","version":1,"value":0.89399576}, {"key":"uCnO0","version":1,"value":18.702797}, {"totalMessagesWritten":318,"totalMessagesProcessed":332,"totalRedisUpdates":142,"totalValueWritten":4731.747,"totalAdded":1491.0}, {"key":"C161Q","version":2,"value":7.8773665}, {"key":"m9h6Z","version":0,"value":4.229623}, {"key":"OF3r3","version":0,"value":5.229164}, {"totalMessagesWritten":321,"totalMessagesProcessed":336,"totalRedisUpdates":142,"totalValueWritten":4781.5234,"totalAdded":1491.0}, {"key":"q4wjD","version":2,"value":11.110075}, {"key":"g0kMK","version":1,"value":25.585306}, {"key":"Jb8ou","version":2,"value":5.697794}, {"key":"oZyj6","version":1,"value":1.9823146}, {"key":"OllFw","version":1,"value":15.967425}, {"key":"qkdBU","version":0,"value":19.288664}, {"key":"sFZk7","version":0,"value":29.723574}, {"key":"iM4GO","version":2,"value":23.316101}, {"totalMessagesWritten":329,"totalMessagesProcessed":345,"totalRedisUpdates":146,"totalValueWritten":4914.1943,"totalAdded":1533.0}, {"key":"ttZFF","version":2,"value":15.07759}, {"key":"gALDK","version":1,"value":10.8803425}, {"key":"VySvy","version":1,"value":29.023018}, {"key":"vTgD4","version":2,"value":5.22318}, {"key":"dqlyi","version":1,"value":17.83764}, {"totalMessagesWritten":334,"totalMessagesProcessed":351,"totalRedisUpdates":148,"totalValueWritten":4992.236,"totalAdded":1554.0}, {"key":"DXx1P","version":0,"value":1.1062169}, {"key":"rhVfG","version":0,"value":6.069704}, {"key":"yxxgQ","version":0,"value":5.316987}, {"totalMessagesWritten":337,"totalMessagesProcessed":355,"totalRedisUpdates":148,"totalValueWritten":5004.729,"totalAdded":1554.0}, {"key":"r4xyS","version":1,"value":4.3442655}, {"key":"65j4c","version":2,"value":10.516842}, {"key":"uCnO0","version":2,"value":1.8639266}, {"key":"C161Q","version":2,"value":14.7448435}, {"key":"7yMXH","version":1,"value":0.7548666}, {"key":"h9ag9","version":1,"value":6.4750934}, {"key":"sFZk7","version":0,"value":8.973889}, {"key":"xaBbI","version":1,"value":18.3547}, {"key":"uSZAc","version":1,"value":2.759143}, {"key":"Wev2j","version":0,"value":13.91567}, {"key":"4vj6x","version":0,"value":4.6217194}, {"key":"eMfY0","version":0,"value":0.80263615}, {"key":"jphyC","version":1,"value":4.791445}, {"key":"6EUTp","version":1,"value":14.9408245}, {"key":"Jb8ou","version":1,"value":16.108131}, {"key":"PBEuc","version":0,"value":26.638517}, {"key":"q4wjD","version":1,"value":16.749046}, {"key":"KXID4","version":1,"value":25.610434}, {"totalMessagesWritten":355,"totalMessagesProcessed":374,"totalRedisUpdates":153,"totalValueWritten":5248.0503,"totalAdded":1606.5}, {"key":"qrelC","version":1,"value":6.4024734}, {"key":"IhfEy","version":0,"value":17.881199}, {"key":"VySvy","version":2,"value":29.130367}, {"key":"dYZHk","version":2,"value":26.04617}, {"key":"jphyC","version":2,"value":26.413975}, {"key":"7hA9f","version":0,"value":16.195114}, {"key":"QNB53","version":2,"value":4.3396673}, {"key":"cgxpD","version":2,"value":13.230123}, {"key":"VHXDb","version":0,"value":21.099958}, {"key":"Sokif","version":2,"value":13.3411875}, {"key":"70A6P","version":0,"value":20.51091}, {"key":"C161Q","version":1,"value":18.046032}, {"key":"ZlZOc","version":1,"value":7.0998764}, {"key":"viVEb","version":0,"value":7.1124067}, {"key":"rHNw5","version":0,"value":19.11587}, {"key":"XI1ga","version":0,"value":11.361382}, {"key":"rkvDZ","version":1,"value":28.810606}, {"key":"QdICb","version":0,"value":0.5968833}, {"key":"Sotc7","version":1,"value":7.7918425}, {"key":"OF3r3","version":1,"value":4.978249}, {"key":"6nwAC","version":1,"value":4.1127133}, {"key":"jrV4Y","version":1,"value":18.496153}, {"key":"Sokif","version":0,"value":7.4688244}, {"key":"tMS8h","version":2,"value":16.228018}, {"key":"UxAwH","version":0,"value":8.995408}, {"key":"7hA9f","version":1,"value":0.02091527}, {"key":"5ggOL","version":1,"value":19.623333}, {"key":"QdICb","version":2,"value":3.6562479}, {"key":"U1Edp","version":0,"value":5.1068187}, {"key":"aAj7v","version":1,"value":4.145418}, {"key":"wuu5L","version":2,"value":9.676734}, {"key":"ZlZOc","version":1,"value":6.921959}, {"key":"rUNKi","version":1,"value":12.740916}, {"key":"ZlZOc","version":1,"value":10.070568}, {"key":"IuBXL","version":1,"value":2.499522}, {"key":"YnaFb","version":1,"value":28.084145}, {"key":"70A6P","version":2,"value":16.675415}, {"key":"Bo9q0","version":2,"value":12.487276}, {"key":"6UCI8","version":1,"value":2.2400403}, {"key":"Wev2j","version":2,"value":26.500654}, {"key":"aAj7v","version":2,"value":16.61737}, {"key":"88iwE","version":2,"value":23.873491}, {"key":"6nwAC","version":0,"value":6.7493954}, {"key":"VySvy","version":1,"value":5.4280925}, {"key":"HtNm1","version":0,"value":26.85132}, {"key":"akElb","version":1,"value":19.993484}, {"key":"mIOM7","version":1,"value":27.835869}, {"key":"0p12I","version":2,"value":30.43562}, {"totalMessagesWritten":403,"totalMessagesProcessed":423,"totalRedisUpdates":172,"totalValueWritten":5961.247,"totalAdded":1806.0}, {"key":"FGMwR","version":1,"value":17.147875}, {"key":"xaBbI","version":0,"value":8.026468}, {"key":"7hA9f","version":0,"value":10.658396}, {"key":"KXID4","version":1,"value":13.34584}, {"key":"cgxpD","version":2,"value":11.586908}, {"key":"qkdBU","version":1,"value":14.537453}, {"key":"IhfEy","version":2,"value":29.533304}, {"key":"imOg0","version":1,"value":28.220295}, {"key":"jrV4Y","version":0,"value":17.802483}, {"key":"YoHmO","version":0,"value":8.130327}, {"key":"JOBnG","version":1,"value":24.523897}, {"key":"dYZHk","version":0,"value":18.633623}, {"key":"UxAwH","version":0,"value":5.457488}, {"key":"uSZAc","version":2,"value":9.453593}, {"key":"3UvVq","version":1,"value":14.221445}, {"key":"GHWuD","version":0,"value":4.88696}, {"key":"tMS8h","version":2,"value":14.565396}, {"key":"2uCPu","version":0,"value":15.557566}, {"key":"rkvDZ","version":2,"value":14.496832}, {"key":"UxAwH","version":0,"value":0.009440184}, {"key":"6EUTp","version":2,"value":26.510502}, {"key":"rUNKi","version":0,"value":3.5343373}, {"key":"MZLGD","version":2,"value":6.8795433}, {"key":"2uCPu","version":0,"value":1.6961002}, {"key":"rSHyr","version":2,"value":0.31768084}, {"key":"66fAk","version":2,"value":10.677986}, {"key":"rSHyr","version":0,"value":8.516793}, {"key":"nMVtZ","version":0,"value":20.328074}, {"key":"r4xyS","version":0,"value":17.446182}, {"key":"7hA9f","version":2,"value":7.1724606}, {"key":"dYZHk","version":2,"value":12.404375}, {"key":"OF3r3","version":2,"value":9.612535}, {"key":"UBTKO","version":2,"value":0.6875062}, {"key":"65j4c","version":0,"value":19.693945}, {"totalMessagesWritten":437,"totalMessagesProcessed":458,"totalRedisUpdates":181,"totalValueWritten":6453.2188,"totalAdded":1900.5}, {"key":"vTgD4","version":2,"value":12.90246}, {"key":"lPGiM","version":2,"value":30.230274}, {"totalMessagesWritten":439,"totalMessagesProcessed":461,"totalRedisUpdates":182,"totalValueWritten":6496.3516,"totalAdded":1911.0}, {"key":"OkkCw","version":1,"value":23.943691}, {"key":"tZwCy","version":0,"value":9.265094}, {"key":"dYZHk","version":1,"value":17.726112}, {"key":"JOBnG","version":1,"value":11.891093}, {"key":"Bsr5P","version":1,"value":1.9122314}, {"key":"51k3Z","version":1,"value":14.292029}, {"key":"QNB53","version":1,"value":17.802967}, {"key":"feDmy","version":1,"value":13.728307}, {"key":"54SOY","version":2,"value":15.470634}, {"key":"CiES6","version":2,"value":15.372597}, {"key":"5DQQP","version":2,"value":24.951977}, {"totalMessagesWritten":450,"totalMessagesProcessed":473,"totalRedisUpdates":186,"totalValueWritten":6662.7085,"totalAdded":1953.0}, {"key":"IhfEy","version":2,"value":3.8624787}, {"key":"MlBg6","version":2,"value":27.72968}, {"key":"8Akp8","version":1,"value":25.469082}, {"key":"C161Q","version":0,"value":2.6691866}, {"key":"JeZAn","version":0,"value":20.750683}, {"key":"ZkCBk","version":1,"value":22.796906}, {"key":"yOxtl","version":2,"value":16.337906}, {"key":"JQ3JV","version":2,"value":21.370213}, {"key":"aELs3","version":1,"value":11.1736965}, {"key":"akWd0","version":0,"value":26.25489}, {"totalMessagesWritten":460,"totalMessagesProcessed":484,"totalRedisUpdates":194,"totalValueWritten":6841.1226,"totalAdded":2037.0}, {"key":"sFZk7","version":2,"value":27.915207}, {"key":"KDhcG","version":0,"value":20.013054}, {"key":"eMfY0","version":1,"value":17.91527}, {"key":"gtuhv","version":0,"value":24.591816}, {"key":"54SOY","version":0,"value":17.037613}, {"key":"VySvy","version":0,"value":1.3326001}, {"key":"0Y11C","version":0,"value":16.579205}, {"key":"VHXDb","version":2,"value":22.815676}, {"key":"gu8I0","version":1,"value":29.152578}, {"key":"jWo2F","version":2,"value":1.4975893}, {"key":"7B0YN","version":1,"value":8.295326}, {"key":"SlNwf","version":0,"value":18.91053}, {"key":"yxJVY","version":1,"value":14.690445}, {"key":"54Pix","version":0,"value":4.0866795}, {"key":"MZLGD","version":0,"value":11.9663105}, {"totalMessagesWritten":475,"totalMessagesProcessed":500,"totalRedisUpdates":200,"totalValueWritten":7077.9224,"totalAdded":2100.0}]
02:24:10.319 INFO  u.a.e.a.c.s.RabbitMqService - Sent 500/500 messages to TransformTestRead-44826-FbusB
02:24:10.319 INFO  u.a.e.a.c.d.MessageTransformer - Transforming messages; read_queue:TransformTestRead-44826-FbusB, write_queue:TransformTestWrite-91814-fHfqE, count:500
02:24:10.319 INFO  u.a.e.a.c.s.RabbitMqService - [With Validation]Reading queue TransformTestRead-44826-FbusB: count=500
02:24:10.374 INFO  u.a.e.a.c.s.RabbitMqService - [With Validation]Received 500/500 messages in 55ms
02:24:10.374 INFO  u.a.e.a.c.s.RabbitMqService - returning: [{"key":"iHV2S","version":0,"value":9.029169}, {"key":"7yMXH","version":1,"value":3.2321262}, {"key":"FTSui","version":0,"value":10.74301}, {"key":"BFlL7","version":1,"value":14.450542}, {"key":"iHV2S","version":1,"value":3.199979}, {"key":"0CVsg","version":0,"value":16.947496}, {"key":"BFlL7","version":0,"value":0.6890917}, {"key":"iHV2S","version":1,"value":6.5766726}, {"key":"66fAk","version":2,"value":0.4211092}, {"key":"FTSui","version":2,"value":15.399035}, {"key":"q4wjD","version":2,"value":5.7358828}, {"key":"FHVQU","version":0,"value":10.004854}, {"key":"q4wjD","version":2,"value":2.0992923}, {"key":"iHV2S","version":1,"value":5.8483386}, {"key":"iHV2S","version":0,"value":4.468731}, {"key":"wuu5L","version":2,"value":0.09006739}, {"key":"0CVsg"}, {"key":"iHV2S","version":1,"value":19.216114}, {"key":"iHV2S","version":1,"value":9.89905}, {"key":"10FGq","version":1,"value":14.343281}, {"key":"ugZxR","version":0,"value":18.059612}, {"key":"7yMXH","version":0,"value":5.0613546}, {"key":"10FGq","version":0,"value":7.6808047}, {"key":"66fAk","version":0,"value":7.9941807}, {"key":"FHVQU","version":0,"value":5.45555}, {"key":"FHVQU","version":1,"value":17.436224}, {"key":"QWCQ2","version":2,"value":12.707701}, {"key":"r4xyS","version":0,"value":9.820648}, {"key":"q4wjD","version":0,"value":11.060395}, {"key":"ugZxR","version":1,"value":1.4984155}, {"key":"iHV2S","version":2,"value":15.433849}, {"key":"ugZxR","version":0,"value":5.9124556}, {"key":"Rwlu8","version":0,"value":7.538372}, {"key":"7hA9f","version":1,"value":1.6609371}, {"key":"dqlyi","version":1,"value":8.596443}, {"key":"C161Q","version":2,"value":9.219984}, {"key":"QWCQ2","version":2,"value":5.9136963}, {"key":"dqlyi","version":1,"value":3.1774092}, {"key":"iHV2S","version":1,"value":9.340397}, {"key":"q4wjD","version":2,"value":9.1825485}, {"key":"10FGq","version":2,"value":7.823446}, {"key":"FHVQU","version":1,"value":15.330385}, {"key":"ZLwFa","version":2,"value":12.925083}, {"key":"7yMXH","version":0,"value":16.695612}, {"key":"74HwS","version":2,"value":8.506484}, {"key":"BFlL7","version":1,"value":13.877479}, {"key":"QWCQ2","version":0,"value":11.40201}, {"key":"10FGq","version":0,"value":9.852496}, {"key":"7hA9f","version":0,"value":7.6970935}, {"key":"C161Q","version":2,"value":4.123539}, {"key":"IuBXL","version":0,"value":17.39175}, {"key":"iHV2S","version":0,"value":4.6032834}, {"key":"r4xyS","version":1,"value":13.970427}, {"key":"7yMXH","version":1,"value":2.6750898}, {"key":"ZLwFa","version":0,"value":19.398182}, {"key":"7hA9f","version":1,"value":15.939381}, {"key":"UBTKO","version":1,"value":18.161541}, {"key":"q4wjD","version":0,"value":7.2847486}, {"key":"FHVQU","version":2,"value":0.34224033}, {"key":"74HwS","version":1,"value":18.511156}, {"key":"7hA9f","version":2,"value":6.1103687}, {"key":"ZLwFa","version":2,"value":7.65671}, {"key":"gALDK","version":1,"value":12.78666}, {"key":"FHVQU","version":0,"value":3.9888299}, {"key":"7hA9f","version":2,"value":4.807129}, {"key":"ugZxR","version":2,"value":15.767496}, {"key":"7yMXH","version":1,"value":0.047955513}, {"key":"C161Q","version":2,"value":15.140247}, {"key":"rH6rQ","version":2,"value":17.908806}, {"key":"jphyC","version":1,"value":6.564065}, {"key":"54SOY","version":1,"value":11.815941}, {"key":"4Zn2r","version":0,"value":14.711442}, {"key":"rHNw5","version":1,"value":18.223576}, {"key":"h9ag9","version":1,"value":16.535751}, {"key":"OllFw","version":2,"value":7.9603014}, {"key":"Jb8ou","version":2,"value":17.256096}, {"key":"Rwlu8","version":1,"value":5.355463}, {"key":"ugZxR","version":1,"value":18.477543}, {"key":"gALDK","version":0,"value":2.3258388}, {"key":"r4xyS","version":0,"value":1.0050809}, {"key":"ZLwFa","version":2,"value":18.907566}, {"key":"4Zn2r","version":0,"value":3.3907902}, {"key":"dqlyi","version":0,"value":1.1671913}, {"key":"7hA9f","version":2,"value":1.227721}, {"key":"66fAk","version":0,"value":5.182245}, {"key":"iHV2S","version":1,"value":13.625408}, {"key":"dqlyi","version":2,"value":15.092871}, {"key":"FGMwR","version":1,"value":9.232338}, {"key":"k56nd","version":2,"value":17.451464}, {"key":"C161Q","version":0,"value":9.62865}, {"key":"Bsr5P","version":0,"value":16.948257}, {"key":"wyTmm","version":2,"value":8.817597}, {"key":"rSHyr","version":2,"value":14.0138035}, {"key":"UxAwH","version":1,"value":14.029207}, {"key":"0Y11C","version":1,"value":15.61314}, {"key":"Jb8ou","version":0,"value":0.6942022}, {"key":"wyTmm","version":0,"value":1.1973655}, {"key":"51k3Z","version":1,"value":2.761445}, {"key":"7hA9f","version":0,"value":2.844354}, {"key":"Sotc7","version":2,"value":16.821863}, {"key":"yOxtl","version":1,"value":14.56047}, {"key":"MZLGD","version":1,"value":8.119392}, {"key":"pmgkO","version":2,"value":5.426117}, {"key":"ugZxR","TOTAL":70.10874}, {"key":"BFlL7","version":1,"value":8.376045}, {"key":"rH6rQ"}, {"key":"rSHyr","version":0,"value":13.948106}, {"key":"4Zn2r","TOTAL":48.11142}, {"key":"k56nd","version":1,"value":5.6917286}, {"key":"q4wjD","version":2,"value":8.219376}, {"key":"C161Q","version":0,"value":7.584665}, {"key":"10FGq","version":0,"value":11.380763}, {"key":"jWo2F","version":1,"value":12.83993}, {"key":"aqRBN","version":2,"value":19.198702}, {"key":"FHVQU","version":1,"value":11.434961}, {"key":"jWo2F","version":2,"value":13.836573}, {"key":"G9sP9","version":2,"value":2.9118931}, {"key":"FTSui","version":1,"value":15.829939}, {"key":"YP1n2","version":2,"value":11.460407}, {"key":"rHNw5","version":1,"value":8.599493}, {"key":"BFlL7","version":2,"value":8.772077}, {"key":"JG1iC","version":2,"value":11.935868}, {"key":"7B0YN","version":1,"value":7.443968}, {"key":"uCnO0","version":1,"value":15.804596}, {"key":"wyTmm","version":2,"value":2.7148128}, {"key":"bKFP9","version":2,"value":7.362467}, {"key":"q4wjD","version":0,"value":3.8070834}, {"key":"YP1n2","version":2,"value":5.3731956}, {"key":"rhVfG","version":2,"value":7.852533}, {"key":"yxxgQ","version":0,"value":12.461028}, {"key":"ZLwFa","version":1,"value":0.27342796}, {"key":"m9h6Z","version":0,"value":10.513371}, {"key":"51k3Z","version":1,"value":13.017072}, {"key":"h9ag9","version":0,"value":19.082087}, {"key":"10FGq","version":0,"value":19.43138}, {"key":"65j4c","version":1,"value":18.401432}, {"key":"gALDK","version":0,"value":2.0272553}, {"key":"5KPoe","version":1,"value":0.56779623}, {"key":"Rwlu8","version":0,"value":19.377117}, {"key":"dqlyi","version":1,"value":10.573884}, {"key":"tMS8h","version":0,"value":12.0636}, {"key":"UxAwH","version":2,"value":14.013543}, {"key":"iHV2S","version":1,"value":11.676699}, {"key":"FHVQU","version":2,"value":17.002422}, {"key":"JG1iC","version":0,"value":12.136257}, {"key":"rSHyr","version":1,"value":10.4419155}, {"key":"viVEb","version":1,"value":17.849594}, {"key":"h9ag9","version":2,"value":13.739791}, {"key":"iHV2S"}, {"key":"jWo2F","version":0,"value":8.960413}, {"key":"GHWuD","version":2,"value":14.80578}, {"key":"5KPoe","version":2,"value":9.513259}, {"key":"BFlL7","version":2,"value":19.597805}, {"key":"YP1n2","version":2,"value":4.293592}, {"key":"Bsr5P","version":2,"value":6.2429132}, {"key":"tZwCy","version":0,"value":6.598952}, {"key":"OF3r3","version":2,"value":15.425253}, {"key":"kfjsV","version":2,"value":15.709161}, {"key":"bKFP9","version":0,"value":10.930592}, {"key":"UBTKO","version":0,"value":10.901962}, {"key":"uCnO0","version":1,"value":2.1449494}, {"key":"IuBXL","version":2,"value":2.4910092}, {"key":"5KPoe","version":0,"value":7.7221155}, {"key":"7yMXH","version":2,"value":1.2559509}, {"key":"UxAwH","version":2,"value":5.673934}, {"key":"viVEb","version":1,"value":10.4333935}, {"key":"wyTmm","version":2,"value":19.707073}, {"key":"k56nd","version":1,"value":3.8327003}, {"key":"51k3Z","version":0,"value":12.274025}, {"key":"ttZFF","version":0,"value":10.041591}, {"key":"gALDK","version":1,"value":4.8457694}, {"key":"aqRBN","version":2,"value":19.980831}, {"key":"airWL","version":0,"value":7.207862}, {"key":"AetWV","version":0,"value":6.0091124}, {"key":"YP1n2","TOTAL":23.99435}, {"key":"7yMXH","version":1,"value":19.262548}, {"key":"h9ag9","version":2,"value":1.1564243}, {"key":"kfjsV","version":2,"value":9.643436}, {"key":"kfjsV","version":0,"value":2.4072826}, {"key":"tZwCy","version":2,"value":18.657116}, {"key":"m9h6Z","version":2,"value":5.166085}, {"key":"kfjsV","version":0,"value":13.204983}, {"key":"51k3Z","version":2,"value":8.114557}, {"key":"4vj6x","version":1,"value":5.469711}, {"key":"54Pix","version":0,"value":4.790243}, {"key":"44XLF","version":1,"value":15.104388}, {"key":"kfjsV","version":0,"value":17.88046}, {"key":"C161Q","version":1,"value":14.781023}, {"key":"UBGiR","version":0,"value":0.35159707}, {"key":"bKFP9","version":0,"value":5.897049}, {"key":"GHWuD","version":2,"value":4.3440294}, {"key":"JG1iC"}, {"key":"bKFP9","version":1,"value":2.1363616}, {"key":"aqRBN","version":2,"value":13.748539}, {"key":"rUNKi","version":2,"value":12.192387}, {"key":"wuu5L","version":0,"value":5.8690333}, {"key":"bKFP9","version":2,"value":12.329918}, {"key":"UxAwH","version":0,"value":5.782032}, {"key":"OllFw","version":0,"value":10.451726}, {"key":"FTSui","version":2,"value":5.4160967}, {"key":"4vj6x","version":1,"value":7.5587883}, {"key":"QWCQ2","version":1,"value":0.9958267}, {"key":"QNB53","version":0,"value":4.6512055}, {"key":"7yMXH","version":2,"value":18.465157}, {"key":"VylbA","version":2,"value":4.8116994}, {"key":"66fAk","version":1,"value":9.802247}, {"key":"jrV4Y","version":0,"value":10.433388}, {"key":"ZlZOc","version":2,"value":4.336232}, {"key":"uSZAc","version":2,"value":0.13089061}, {"key":"AetWV","version":0,"value":19.562365}, {"key":"G9sP9","version":1,"value":4.714779}, {"key":"DXx1P","version":2,"value":18.795246}, {"key":"yOxtl","version":1,"value":1.6770434}, {"key":"66fAk","version":1,"value":15.010575}, {"key":"aAj7v","version":0,"value":11.855274}, {"key":"MZLGD","version":2,"value":17.909706}, {"key":"Jb8ou","version":2,"value":4.0255537}, {"key":"6UCI8","version":1,"value":16.851551}, {"key":"7B0YN","version":0,"value":3.4047973}, {"key":"uCnO0","version":1,"value":0.15876889}, {"key":"QNB53","version":2,"value":16.606348}, {"key":"54SOY","version":1,"value":5.201876}, {"key":"VylbA","version":0,"value":16.013292}, {"key":"m9h6Z","version":2,"value":17.239855}, {"key":"FGMwR","version":0,"value":4.0011}, {"key":"MZLGD","version":0,"value":5.8722534}, {"key":"k56nd","version":1,"value":11.897581}, {"key":"cgxpD","version":0,"value":3.1313515}, {"key":"uSZAc","version":1,"value":8.5315075}, {"key":"rUNKi","version":0,"value":14.545766}, {"key":"pmgkO","version":1,"value":7.282965}, {"key":"jphyC","version":1,"value":0.097653866}, {"key":"xaBbI","version":1,"value":1.0235167}, {"key":"vTgD4","version":2,"value":17.044107}, {"key":"D6iMj","version":0,"value":14.291587}, {"key":"5DQQP","version":0,"value":2.1670425}, {"key":"rHNw5","version":1,"value":6.962447}, {"key":"airWL","version":0,"value":14.776173}, {"key":"wuu5L","version":2,"value":7.591213}, {"key":"66fAk","version":1,"value":11.224632}, {"key":"aAj7v","version":0,"value":0.12678623}, {"key":"88iwE","version":0,"value":13.038822}, {"key":"oZyj6","version":1,"value":7.944114}, {"key":"bKFP9","version":0,"value":2.7344751}, {"key":"aAj7v","version":1,"value":4.693779}, {"key":"lfRqw","version":0,"value":12.391816}, {"key":"rHNw5","version":2,"value":14.162444}, {"key":"tZwCy","version":0,"value":10.354132}, {"key":"pguSs","version":1,"value":9.744408}, {"key":"cgxpD","version":2,"value":13.333199}, {"key":"BoBW7","version":1,"value":9.590234}, {"key":"bKFP9","version":1,"value":10.093281}, {"key":"q4wjD","version":0,"value":10.749771}, {"key":"qrelC","version":1,"value":15.207695}, {"key":"UBTKO","version":2,"value":0.17789245}, {"key":"UxAwH","version":1,"value":9.717176}, {"key":"Rwlu8"}, {"key":"tZwCy","version":0,"value":5.9232273}, {"key":"rhVfG","version":1,"value":16.560242}, {"key":"m9h6Z","version":0,"value":17.262383}, {"key":"54SOY","version":2,"value":8.331116}, {"key":"QWCQ2"}, {"key":"r4xyS","version":0,"value":19.9137}, {"key":"T0whR","version":0,"value":8.274326}, {"key":"qrelC","version":2,"value":19.575588}, {"key":"0Y11C","version":2,"value":8.924551}, {"key":"UxAwH","version":2,"value":0.71353674}, {"key":"QdICb","version":2,"value":0.53988934}, {"key":"ED3gp","version":2,"value":4.3098106}, {"key":"BoBW7","version":0,"value":0.12902617}, {"key":"80KRl","version":1,"value":8.841566}, {"key":"pmgkO","version":1,"value":4.4359026}, {"key":"44XLF"}, {"key":"wyTmm","version":2,"value":8.138519}, {"key":"0Y11C","version":0,"value":11.663226}, {"key":"jrV4Y","version":2,"value":15.271601}, {"key":"GHWuD","version":1,"value":10.019828}, {"key":"7hA9f","version":1,"value":12.21259}, {"key":"UxAwH","version":2,"value":15.402001}, {"key":"YoHmO","version":2,"value":5.7820044}, {"key":"T0whR","version":0,"value":17.176516}, {"key":"qrelC","version":1,"value":8.626184}, {"key":"BFlL7","version":0,"value":8.48081}, {"key":"G9sP9","version":1,"value":19.84433}, {"key":"cE0Zo","version":1,"value":14.299487}, {"key":"0Y11C","version":2,"value":12.47252}, {"key":"oZyj6","version":0,"value":5.9916315}, {"key":"rHNw5","version":2,"value":10.893163}, {"key":"aAj7v","version":2,"value":3.6262715}, {"key":"m9h6Z","version":1,"value":14.138435}, {"key":"QdICb","version":1,"value":13.001679}, {"key":"airWL","TOTAL":22.799576}, {"key":"imOg0","version":0,"value":8.607506}, {"key":"rSHyr","version":0,"value":1.9092298}, {"key":"yxxgQ","version":0,"value":16.99989}, {"key":"BoBW7","version":1,"value":13.008833}, {"key":"UxAwH","version":2,"value":7.070973}, {"key":"HtSv2","version":2,"value":16.474483}, {"key":"YoHmO","version":2,"value":5.4636583}, {"key":"6nwAC","version":2,"value":1.7063117}, {"key":"D6iMj","version":2,"value":2.7967036}, {"key":"MZLGD","version":0,"value":4.926406}, {"key":"oZyj6","version":2,"value":6.653168}, {"key":"tMS8h","version":2,"value":15.016631}, {"key":"OAsfB","version":1,"value":19.815462}, {"key":"pguSs"}, {"key":"7yMXH","version":1,"value":18.756905}, {"key":"DXx1P","version":1,"value":8.125885}, {"key":"rUNKi","version":2,"value":3.7924767}, {"key":"Sotc7","version":0,"value":8.662404}, {"key":"FHVQU","version":1,"value":19.269196}, {"key":"uCnO0","version":2,"value":7.081317}, {"key":"uSZAc","version":2,"value":16.38055}, {"key":"VylbA","version":2,"value":5.365487}, {"key":"lfRqw","version":2,"value":18.457243}, {"key":"eMfY0","version":1,"value":19.665543}, {"key":"U1Edp","version":0,"value":3.8282144}, {"key":"Bo9q0","version":1,"value":7.159337}, {"key":"Sotc7","version":0,"value":12.835612}, {"key":"rhVfG","version":2,"value":2.7177346}, {"key":"SlNwf","version":0,"value":4.649532}, {"key":"oZyj6","version":2,"value":14.048422}, {"key":"f7ndU","version":1,"value":3.7926352}, {"key":"HtSv2"}, {"key":"OAsfB","version":0,"value":10.963717}, {"key":"Jb8ou","version":2,"value":14.975845}, {"key":"cE0Zo","version":0,"value":10.696183}, {"key":"eMfY0","version":0,"value":1.2078059}, {"key":"FTSui","version":1,"value":7.1245646}, {"key":"q4wjD","version":1,"value":0.89399576}, {"key":"uCnO0","version":1,"value":18.702797}, {"key":"10FGq"}, {"key":"C161Q","version":2,"value":7.8773665}, {"key":"m9h6Z","version":0,"value":4.229623}, {"key":"OF3r3","version":0,"value":5.229164}, {"key":"wyTmm","TOTAL":32.44058}, {"key":"q4wjD","version":2,"value":11.110075}, {"key":"g0kMK","version":1,"value":15.085306}, {"key":"Jb8ou","version":2,"value":5.697794}, {"key":"oZyj6","version":1,"value":1.9823146}, {"key":"OllFw","version":1,"value":15.967425}, {"key":"qkdBU","version":0,"value":8.788664}, {"key":"sFZk7","version":0,"value":19.223574}, {"key":"iM4GO","version":2,"value":12.816101}, {"key":"FHVQU"}, {"key":"ttZFF","version":2,"value":4.57759}, {"key":"gALDK","version":1,"value":10.8803425}, {"key":"VySvy","version":1,"value":18.523018}, {"key":"vTgD4","version":2,"value":5.22318}, {"key":"dqlyi","version":1,"value":17.83764}, {"key":"ZLwFa"}, {"key":"DXx1P","version":0,"value":1.1062169}, {"key":"rhVfG","version":0,"value":6.069704}, {"key":"yxxgQ","version":0,"value":5.316987}, {"key":"T0whR"}, {"key":"r4xyS","version":1,"value":4.3442655}, {"key":"65j4c","version":2,"value":0.016841888}, {"key":"uCnO0","version":2,"value":1.8639266}, {"key":"C161Q","version":2,"value":14.7448435}, {"key":"7yMXH","version":1,"value":0.7548666}, {"key":"h9ag9","version":1,"value":6.4750934}, {"key":"sFZk7","version":0,"value":8.973889}, {"key":"xaBbI","version":1,"value":18.3547}, {"key":"uSZAc","version":1,"value":2.759143}, {"key":"Wev2j","version":0,"value":3.4156704}, {"key":"4vj6x","version":0,"value":4.6217194}, {"key":"eMfY0","version":0,"value":0.80263615}, {"key":"jphyC","version":1,"value":4.791445}, {"key":"6EUTp","version":1,"value":4.440825}, {"key":"Jb8ou","version":1,"value":16.108131}, {"key":"PBEuc","version":0,"value":16.138517}, {"key":"q4wjD","version":1,"value":16.749046}, {"key":"KXID4","version":1,"value":15.110434}, {"key":"FTSui","TOTAL":50.355892}, {"key":"qrelC","version":1,"value":6.4024734}, {"key":"IhfEy","version":0,"value":7.3812}, {"key":"VySvy","version":2,"value":18.630367}, {"key":"dYZHk","version":2,"value":15.54617}, {"key":"jphyC","version":2,"value":15.913975}, {"key":"7hA9f","version":0,"value":16.195114}, {"key":"QNB53","version":2,"value":4.3396673}, {"key":"cgxpD","version":2,"value":13.230123}, {"key":"VHXDb","version":0,"value":10.599958}, {"key":"Sokif","version":2,"value":2.8411877}, {"key":"70A6P","version":0,"value":10.010909}, {"key":"C161Q","version":1,"value":18.046032}, {"key":"ZlZOc","version":1,"value":7.0998764}, {"key":"viVEb","version":0,"value":7.1124067}, {"key":"rHNw5","version":0,"value":19.11587}, {"key":"XI1ga","version":0,"value":0.8613813}, {"key":"rkvDZ","version":1,"value":18.310606}, {"key":"QdICb","version":0,"value":0.5968833}, {"key":"Sotc7","version":1,"value":7.7918425}, {"key":"OF3r3","version":1,"value":4.978249}, {"key":"6nwAC","version":1,"value":4.1127133}, {"key":"jrV4Y","version":1,"value":18.496153}, {"key":"Sokif","version":0,"value":7.4688244}, {"key":"tMS8h","version":2,"value":16.228018}, {"key":"UxAwH","version":0,"value":8.995408}, {"key":"7hA9f","version":1,"value":0.02091527}, {"key":"5ggOL","version":1,"value":9.123334}, {"key":"QdICb","version":2,"value":3.6562479}, {"key":"U1Edp","version":0,"value":5.1068187}, {"key":"aAj7v","version":1,"value":4.145418}, {"key":"wuu5L","version":2,"value":9.676734}, {"key":"ZlZOc","version":1,"value":6.921959}, {"key":"rUNKi","version":1,"value":12.740916}, {"key":"ZlZOc","version":1,"value":10.070568}, {"key":"IuBXL","version":1,"value":2.499522}, {"key":"YnaFb","version":1,"value":17.584145}, {"key":"70A6P","version":2,"value":6.1754155}, {"key":"Bo9q0","version":2,"value":1.9872761}, {"key":"6UCI8","version":1,"value":2.2400403}, {"key":"Wev2j","version":2,"value":16.000654}, {"key":"aAj7v","version":2,"value":16.61737}, {"key":"88iwE","version":2,"value":13.373491}, {"key":"6nwAC","version":0,"value":6.7493954}, {"key":"VySvy","version":1,"value":5.4280925}, {"key":"HtNm1","version":0,"value":16.35132}, {"key":"akElb","version":1,"value":9.4934845}, {"key":"mIOM7","version":1,"value":17.335869}, {"key":"0p12I","version":2,"value":19.93562}, {"key":"74HwS","TOTAL":40.155983}, {"key":"FGMwR","version":1,"value":17.147875}, {"key":"xaBbI","version":0,"value":8.026468}, {"key":"7hA9f","version":0,"value":10.658396}, {"key":"KXID4","version":1,"value":13.34584}, {"key":"cgxpD","version":2,"value":11.586908}, {"key":"qkdBU","version":1,"value":4.0374527}, {"key":"IhfEy","version":2,"value":19.033304}, {"key":"imOg0","version":1,"value":17.720295}, {"key":"jrV4Y","version":0,"value":17.802483}, {"key":"YoHmO","version":0,"value":8.130327}, {"key":"JOBnG","version":1,"value":14.023897}, {"key":"dYZHk","version":0,"value":18.633623}, {"key":"UxAwH","version":0,"value":5.457488}, {"key":"uSZAc","version":2,"value":9.453593}, {"key":"3UvVq","version":1,"value":3.7214446}, {"key":"GHWuD","version":0,"value":4.88696}, {"key":"tMS8h","version":2,"value":14.565396}, {"key":"2uCPu","version":0,"value":5.057566}, {"key":"rkvDZ","version":2,"value":3.9968324}, {"key":"UxAwH","version":0,"value":0.009440184}, {"key":"6EUTp","version":2,"value":16.010502}, {"key":"rUNKi","version":0,"value":3.5343373}, {"key":"MZLGD","version":2,"value":6.8795433}, {"key":"2uCPu","version":0,"value":1.6961002}, {"key":"rSHyr","version":2,"value":0.31768084}, {"key":"66fAk","version":2,"value":10.677986}, {"key":"rSHyr","version":0,"value":8.516793}, {"key":"nMVtZ","version":0,"value":9.8280735}, {"key":"r4xyS","version":0,"value":17.446182}, {"key":"7hA9f","version":2,"value":7.1724606}, {"key":"dYZHk","version":2,"value":12.404375}, {"key":"OF3r3","version":2,"value":9.612535}, {"key":"UBTKO","version":2,"value":0.6875062}, {"key":"65j4c","version":0,"value":19.693945}, {"key":"kfjsV","TOTAL":65.698326}, {"key":"vTgD4","version":2,"value":12.90246}, {"key":"lPGiM","version":2,"value":19.730274}, {"key":"UBGiR"}, {"key":"OkkCw","version":1,"value":13.44369}, {"key":"tZwCy","version":0,"value":9.265094}, {"key":"dYZHk","version":1,"value":17.726112}, {"key":"JOBnG","version":1,"value":11.891093}, {"key":"Bsr5P","version":1,"value":1.9122314}, {"key":"51k3Z","version":1,"value":14.292029}, {"key":"QNB53","version":1,"value":17.802967}, {"key":"feDmy","version":1,"value":3.2283068}, {"key":"54SOY","version":2,"value":15.470634}, {"key":"CiES6","version":2,"value":4.8725963}, {"key":"5DQQP","version":2,"value":14.451976}, {"key":"pmgkO"}, {"key":"IhfEy","version":2,"value":3.8624787}, {"key":"MlBg6","version":2,"value":17.22968}, {"key":"8Akp8","version":1,"value":14.969082}, {"key":"C161Q","version":0,"value":2.6691866}, {"key":"JeZAn","version":0,"value":10.250684}, {"key":"ZkCBk","version":1,"value":12.2969055}, {"key":"yOxtl","version":2,"value":5.837907}, {"key":"JQ3JV","version":2,"value":10.8702135}, {"key":"aELs3","version":1,"value":0.673697}, {"key":"akWd0","version":0,"value":15.754891}, {"key":"ZkCBk"}, {"key":"sFZk7","version":2,"value":17.415207}, {"key":"KDhcG","version":0,"value":9.513054}, {"key":"eMfY0","version":1,"value":17.91527}, {"key":"gtuhv","version":0,"value":14.091817}, {"key":"54SOY","version":0,"value":17.037613}, {"key":"VySvy","version":0,"value":1.3326001}, {"key":"0Y11C","version":0,"value":16.579205}, {"key":"VHXDb","version":2,"value":12.315676}, {"key":"gu8I0","version":1,"value":18.652578}, {"key":"jWo2F","version":2,"value":1.4975893}, {"key":"7B0YN","version":1,"value":8.295326}, {"key":"SlNwf","version":0,"value":18.91053}, {"key":"yxJVY","version":1,"value":4.190445}, {"key":"54Pix","version":0,"value":4.0866795}, {"key":"MZLGD","version":0,"value":11.9663105}, {"key":"rhVfG"}]
02:24:10.381 INFO  u.a.e.a.c.d.MessageTransformer - 0% complete...
02:24:13.001 INFO  u.a.e.a.c.d.MessageTransformer - 10% complete...
02:24:15.640 INFO  u.a.e.a.c.d.MessageTransformer - 20% complete...
02:24:18.210 INFO  u.a.e.a.c.d.MessageTransformer - 30% complete...
02:24:20.840 INFO  u.a.e.a.c.d.MessageTransformer - 40% complete...
02:24:23.360 INFO  u.a.e.a.c.d.MessageTransformer - 50% complete...
02:24:25.940 INFO  u.a.e.a.c.d.MessageTransformer - 60% complete...
02:24:28.550 INFO  u.a.e.a.c.d.MessageTransformer - 70% complete...
02:24:31.130 INFO  u.a.e.a.c.d.MessageTransformer - 80% complete...
02:24:33.720 INFO  u.a.e.a.c.d.MessageTransformer - 90% complete...
02:24:36.329 INFO  u.a.e.a.c.d.MessageTransformer - 100% complete. Tranformed 500 messages
02:24:36.329 INFO  u.a.e.a.c.s.RabbitMqService - Reading queue TransformTestWrite-91814-fHfqE: count=500
02:24:36.388 INFO  u.a.e.a.c.s.RabbitMqService - Received 500/500 messages in 58ms
02:24:36.388 INFO  u.a.e.a.c.s.RabbitMqService - returning: [{"key":"iHV2S","version":0,"value":19.52917}, {"key":"7yMXH","version":1,"value":13.732126}, {"key":"FTSui","version":0,"value":21.24301}, {"key":"BFlL7","version":1,"value":24.950542}, {"key":"iHV2S","version":1,"value":13.699979}, {"key":"0CVsg","version":0,"value":27.447496}, {"key":"BFlL7","version":0,"value":0.6890917}, {"key":"iHV2S","version":1,"value":6.5766726}, {"key":"66fAk","version":2,"value":10.921109}, {"key":"FTSui","version":2,"value":25.899036}, {"key":"q4wjD","version":2,"value":16.235882}, {"key":"FHVQU","version":0,"value":20.504854}, {"key":"q4wjD","version":2,"value":2.0992923}, {"key":"iHV2S","version":1,"value":5.8483386}, {"key":"iHV2S","version":0,"value":4.468731}, {"key":"wuu5L","version":2,"value":10.590067}, {"totalMessagesWritten":16,"totalMessagesProcessed":17,"totalRedisUpdates":11,"totalValueWritten":224.43541,"totalAdded":115.5}, {"key":"iHV2S","version":1,"value":19.216114}, {"key":"iHV2S","version":1,"value":9.89905}, {"key":"10FGq","version":1,"value":24.84328}, {"key":"ugZxR","version":0,"value":28.559612}, {"key":"7yMXH","version":0,"value":5.0613546}, {"key":"10FGq","version":0,"value":7.6808047}, {"key":"66fAk","version":0,"value":7.9941807}, {"key":"FHVQU","version":0,"value":5.45555}, {"key":"FHVQU","version":1,"value":27.936224}, {"key":"QWCQ2","version":2,"value":23.2077}, {"key":"r4xyS","version":0,"value":20.320648}, {"key":"q4wjD","version":0,"value":11.060395}, {"key":"ugZxR","version":1,"value":11.998415}, {"key":"iHV2S","version":2,"value":25.93385}, {"key":"ugZxR","version":0,"value":5.9124556}, {"key":"Rwlu8","version":0,"value":18.038372}, {"key":"7hA9f","version":1,"value":12.160937}, {"key":"dqlyi","version":1,"value":19.096443}, {"key":"C161Q","version":2,"value":19.719984}, {"key":"QWCQ2","version":2,"value":5.9136963}, {"key":"dqlyi","version":1,"value":3.1774092}, {"key":"iHV2S","version":1,"value":9.340397}, {"key":"q4wjD","version":2,"value":9.1825485}, {"key":"10FGq","version":2,"value":18.323446}, {"key":"FHVQU","version":1,"value":15.330385}, {"key":"ZLwFa","version":2,"value":23.425083}, {"key":"7yMXH","version":0,"value":16.695612}, {"key":"74HwS","version":2,"value":19.006485}, {"key":"BFlL7","version":1,"value":13.877479}, {"key":"QWCQ2","version":0,"value":11.40201}, {"key":"10FGq","version":0,"value":9.852496}, {"key":"7hA9f","version":0,"value":7.6970935}, {"key":"C161Q","version":2,"value":4.123539}, {"key":"IuBXL","version":0,"value":27.89175}, {"key":"iHV2S","version":0,"value":4.6032834}, {"key":"r4xyS","version":1,"value":24.470427}, {"key":"7yMXH","version":1,"value":2.6750898}, {"key":"ZLwFa","version":0,"value":19.398182}, {"key":"7hA9f","version":1,"value":15.939381}, {"key":"UBTKO","version":1,"value":28.661541}, {"key":"q4wjD","version":0,"value":7.2847486}, {"key":"FHVQU","version":2,"value":10.84224}, {"key":"74HwS","version":1,"value":18.511156}, {"key":"7hA9f","version":2,"value":16.610369}, {"key":"ZLwFa","version":2,"value":7.65671}, {"key":"gALDK","version":1,"value":23.28666}, {"key":"FHVQU","version":0,"value":3.9888299}, {"key":"7hA9f","version":2,"value":4.807129}, {"key":"ugZxR","version":2,"value":26.267496}, {"key":"7yMXH","version":1,"value":0.047955513}, {"key":"C161Q","version":2,"value":15.140247}, {"key":"rH6rQ","version":2,"value":28.408806}, {"key":"jphyC","version":1,"value":17.064064}, {"key":"54SOY","version":1,"value":22.31594}, {"key":"4Zn2r","version":0,"value":25.211441}, {"key":"rHNw5","version":1,"value":28.723576}, {"key":"h9ag9","version":1,"value":27.035751}, {"key":"OllFw","version":2,"value":18.4603}, {"key":"Jb8ou","version":2,"value":27.756096}, {"key":"Rwlu8","version":1,"value":15.855463}, {"key":"ugZxR","version":1,"value":18.477543}, {"key":"gALDK","version":0,"value":2.3258388}, {"key":"r4xyS","version":0,"value":1.0050809}, {"key":"ZLwFa","version":2,"value":18.907566}, {"key":"4Zn2r","version":0,"value":3.3907902}, {"key":"dqlyi","version":0,"value":1.1671913}, {"key":"7hA9f","version":2,"value":1.227721}, {"key":"66fAk","version":0,"value":5.182245}, {"key":"iHV2S","version":1,"value":13.625408}, {"key":"dqlyi","version":2,"value":25.59287}, {"key":"FGMwR","version":1,"value":19.732338}, {"key":"k56nd","version":2,"value":27.951464}, {"key":"C161Q","version":0,"value":9.62865}, {"key":"Bsr5P","version":0,"value":27.448257}, {"key":"wyTmm","version":2,"value":19.317596}, {"key":"rSHyr","version":2,"value":24.513803}, {"key":"UxAwH","version":1,"value":24.529207}, {"key":"0Y11C","version":1,"value":26.11314}, {"key":"Jb8ou","version":0,"value":0.6942022}, {"key":"wyTmm","version":0,"value":1.1973655}, {"key":"51k3Z","version":1,"value":13.261445}, {"key":"7hA9f","version":0,"value":2.844354}, {"key":"Sotc7","version":2,"value":27.321863}, {"key":"yOxtl","version":1,"value":25.06047}, {"key":"MZLGD","version":1,"value":18.619392}, {"key":"pmgkO","version":2,"value":15.926117}, {"totalMessagesWritten":102,"totalMessagesProcessed":104,"totalRedisUpdates":54,"totalValueWritten":1609.9639,"totalAdded":567.0}, {"key":"BFlL7","version":1,"value":8.376045}, {"totalMessagesWritten":103,"totalMessagesProcessed":106,"totalRedisUpdates":54,"totalValueWritten":1618.34,"totalAdded":567.0}, {"key":"rSHyr","version":0,"value":13.948106}, {"totalMessagesWritten":104,"totalMessagesProcessed":108,"totalRedisUpdates":54,"totalValueWritten":1680.3995,"totalAdded":567.0}, {"key":"k56nd","version":1,"value":5.6917286}, {"key":"q4wjD","version":2,"value":8.219376}, {"key":"C161Q","version":0,"value":7.584665}, {"key":"10FGq","version":0,"value":11.380763}, {"key":"jWo2F","version":1,"value":23.33993}, {"key":"aqRBN","version":2,"value":29.698702}, {"key":"FHVQU","version":1,"value":11.434961}, {"key":"jWo2F","version":2,"value":24.336573}, {"key":"G9sP9","version":2,"value":13.411893}, {"key":"FTSui","version":1,"value":15.829939}, {"key":"YP1n2","version":2,"value":21.960407}, {"key":"rHNw5","version":1,"value":8.599493}, {"key":"BFlL7","version":2,"value":19.272076}, {"key":"JG1iC","version":2,"value":22.435867}, {"key":"7B0YN","version":1,"value":17.943968}, {"key":"uCnO0","version":1,"value":26.304596}, {"key":"wyTmm","version":2,"value":2.7148128}, {"key":"bKFP9","version":2,"value":17.862467}, {"key":"q4wjD","version":0,"value":3.8070834}, {"key":"YP1n2","version":2,"value":5.3731956}, {"key":"rhVfG","version":2,"value":18.352533}, {"key":"yxxgQ","version":0,"value":22.96103}, {"key":"ZLwFa","version":1,"value":0.27342796}, {"key":"m9h6Z","version":0,"value":21.01337}, {"key":"51k3Z","version":1,"value":13.017072}, {"key":"h9ag9","version":0,"value":19.082087}, {"key":"10FGq","version":0,"value":19.43138}, {"key":"65j4c","version":1,"value":28.901432}, {"key":"gALDK","version":0,"value":2.0272553}, {"key":"5KPoe","version":1,"value":11.067797}, {"key":"Rwlu8","version":0,"value":19.377117}, {"key":"dqlyi","version":1,"value":10.573884}, {"key":"tMS8h","version":0,"value":22.563599}, {"key":"UxAwH","version":2,"value":24.513542}, {"key":"iHV2S","version":1,"value":11.676699}, {"key":"FHVQU","version":2,"value":17.002422}, {"key":"JG1iC","version":0,"value":12.136257}, {"key":"rSHyr","version":1,"value":10.4419155}, {"key":"viVEb","version":1,"value":28.349594}, {"key":"h9ag9","version":2,"value":24.239792}, {"totalMessagesWritten":144,"totalMessagesProcessed":149,"totalRedisUpdates":73,"totalValueWritten":2314.6047,"totalAdded":766.5}, {"key":"jWo2F","version":0,"value":8.960413}, {"key":"GHWuD","version":2,"value":25.30578}, {"key":"5KPoe","version":2,"value":20.01326}, {"key":"BFlL7","version":2,"value":19.597805}, {"key":"YP1n2","version":2,"value":4.293592}, {"key":"Bsr5P","version":2,"value":16.742912}, {"key":"tZwCy","version":0,"value":17.098951}, {"key":"OF3r3","version":2,"value":25.925253}, {"key":"kfjsV","version":2,"value":26.20916}, {"key":"bKFP9","version":0,"value":10.930592}, {"key":"UBTKO","version":0,"value":10.901962}, {"key":"uCnO0","version":1,"value":2.1449494}, {"key":"IuBXL","version":2,"value":12.991009}, {"key":"5KPoe","version":0,"value":7.7221155}, {"key":"7yMXH","version":2,"value":11.755951}, {"key":"UxAwH","version":2,"value":5.673934}, {"key":"viVEb","version":1,"value":10.4333935}, {"key":"wyTmm","version":2,"value":19.707073}, {"key":"k56nd","version":1,"value":3.8327003}, {"key":"51k3Z","version":0,"value":12.274025}, {"key":"ttZFF","version":0,"value":20.541592}, {"key":"gALDK","version":1,"value":4.8457694}, {"key":"aqRBN","version":2,"value":19.980831}, {"key":"airWL","version":0,"value":17.707863}, {"key":"AetWV","version":0,"value":16.509113}, {"totalMessagesWritten":169,"totalMessagesProcessed":175,"totalRedisUpdates":84,"totalValueWritten":2690.6985,"totalAdded":882.0}, {"key":"7yMXH","version":1,"value":19.262548}, {"key":"h9ag9","version":2,"value":1.1564243}, {"key":"kfjsV","version":2,"value":9.643436}, {"key":"kfjsV","version":0,"value":2.4072826}, {"key":"tZwCy","version":2,"value":29.157116}, {"key":"m9h6Z","version":2,"value":15.666084}, {"key":"kfjsV","version":0,"value":13.204983}, {"key":"51k3Z","version":2,"value":18.614557}, {"key":"4vj6x","version":1,"value":15.969711}, {"key":"54Pix","version":0,"value":15.290243}, {"key":"44XLF","version":1,"value":25.60439}, {"key":"kfjsV","version":0,"value":17.88046}, {"key":"C161Q","version":1,"value":14.781023}, {"key":"UBGiR","version":0,"value":10.851597}, {"key":"bKFP9","version":0,"value":5.897049}, {"key":"GHWuD","version":2,"value":4.3440294}, {"totalMessagesWritten":185,"totalMessagesProcessed":192,"totalRedisUpdates":91,"totalValueWritten":2910.4294,"totalAdded":955.5}, {"key":"bKFP9","version":1,"value":2.1363616}, {"key":"aqRBN","version":2,"value":13.748539}, {"key":"rUNKi","version":2,"value":22.692387}, {"key":"wuu5L","version":0,"value":5.8690333}, {"key":"bKFP9","version":2,"value":12.329918}, {"key":"UxAwH","version":0,"value":5.782032}, {"key":"OllFw","version":0,"value":10.451726}, {"key":"FTSui","version":2,"value":5.4160967}, {"key":"4vj6x","version":1,"value":7.5587883}, {"key":"QWCQ2","version":1,"value":0.9958267}, {"key":"QNB53","version":0,"value":15.151205}, {"key":"7yMXH","version":2,"value":18.465157}, {"key":"VylbA","version":2,"value":15.311699}, {"key":"66fAk","version":1,"value":9.802247}, {"key":"jrV4Y","version":0,"value":20.933388}, {"key":"ZlZOc","version":2,"value":14.836232}, {"key":"uSZAc","version":2,"value":10.630891}, {"key":"AetWV","version":0,"value":19.562365}, {"key":"G9sP9","version":1,"value":4.714779}, {"key":"DXx1P","version":2,"value":29.295246}, {"key":"yOxtl","version":1,"value":1.6770434}, {"key":"66fAk","version":1,"value":15.010575}, {"key":"aAj7v","version":0,"value":22.355274}, {"key":"MZLGD","version":2,"value":28.409706}, {"key":"Jb8ou","version":2,"value":4.0255537}, {"key":"6UCI8","version":1,"value":27.351551}, {"key":"7B0YN","version":0,"value":3.4047973}, {"key":"uCnO0","version":1,"value":0.15876889}, {"key":"QNB53","version":2,"value":27.106348}, {"key":"54SOY","version":1,"value":5.201876}, {"key":"VylbA","version":0,"value":16.013292}, {"key":"m9h6Z","version":2,"value":17.239855}, {"key":"FGMwR","version":0,"value":4.0011}, {"key":"MZLGD","version":0,"value":5.8722534}, {"key":"k56nd","version":1,"value":11.897581}, {"key":"cgxpD","version":0,"value":13.631351}, {"key":"uSZAc","version":1,"value":8.5315075}, {"key":"rUNKi","version":0,"value":14.545766}, {"key":"pmgkO","version":1,"value":7.282965}, {"key":"jphyC","version":1,"value":0.097653866}, {"key":"xaBbI","version":1,"value":11.523517}, {"key":"vTgD4","version":2,"value":27.544107}, {"key":"D6iMj","version":0,"value":24.791588}, {"key":"5DQQP","version":0,"value":12.667043}, {"key":"rHNw5","version":1,"value":6.962447}, {"key":"airWL","version":0,"value":14.776173}, {"key":"wuu5L","version":2,"value":7.591213}, {"key":"66fAk","version":1,"value":11.224632}, {"key":"aAj7v","version":0,"value":0.12678623}, {"key":"88iwE","version":0,"value":23.538822}, {"key":"oZyj6","version":1,"value":18.444115}, {"key":"bKFP9","version":0,"value":2.7344751}, {"key":"aAj7v","version":1,"value":15.193779}, {"key":"lfRqw","version":0,"value":22.891815}, {"key":"rHNw5","version":2,"value":24.662445}, {"key":"tZwCy","version":0,"value":10.354132}, {"key":"pguSs","version":1,"value":20.244408}, {"key":"cgxpD","version":2,"value":23.833199}, {"key":"BoBW7","version":1,"value":20.090233}, {"key":"bKFP9","version":1,"value":10.093281}, {"key":"q4wjD","version":0,"value":10.749771}, {"key":"qrelC","version":1,"value":25.707695}, {"key":"UBTKO","version":2,"value":10.677893}, {"key":"UxAwH","version":1,"value":9.717176}, {"totalMessagesWritten":249,"totalMessagesProcessed":257,"totalRedisUpdates":117,"totalValueWritten":3756.0684,"totalAdded":1228.5}, {"key":"tZwCy","version":0,"value":5.9232273}, {"key":"rhVfG","version":1,"value":16.560242}, {"key":"m9h6Z","version":0,"value":17.262383}, {"key":"54SOY","version":2,"value":18.831116}, {"totalMessagesWritten":253,"totalMessagesProcessed":262,"totalRedisUpdates":118,"totalValueWritten":3814.6455,"totalAdded":1239.0}, {"key":"r4xyS","version":0,"value":19.9137}, {"key":"T0whR","version":0,"value":18.774326}, {"key":"qrelC","version":2,"value":30.075588}, {"key":"0Y11C","version":2,"value":19.424551}, {"key":"UxAwH","version":2,"value":0.71353674}, {"key":"QdICb","version":2,"value":11.039889}, {"key":"ED3gp","version":2,"value":14.809811}, {"key":"BoBW7","version":0,"value":0.12902617}, {"key":"80KRl","version":1,"value":19.341566}, {"key":"pmgkO","version":1,"value":4.4359026}, {"totalMessagesWritten":263,"totalMessagesProcessed":273,"totalRedisUpdates":124,"totalValueWritten":3953.3035,"totalAdded":1302.0}, {"key":"wyTmm","version":2,"value":8.138519}, {"key":"0Y11C","version":0,"value":11.663226}, {"key":"jrV4Y","version":2,"value":25.7716}, {"key":"GHWuD","version":1,"value":10.019828}, {"key":"7hA9f","version":1,"value":12.21259}, {"key":"UxAwH","version":2,"value":15.402001}, {"key":"YoHmO","version":2,"value":16.282005}, {"key":"T0whR","version":0,"value":17.176516}, {"key":"qrelC","version":1,"value":8.626184}, {"key":"BFlL7","version":0,"value":8.48081}, {"key":"G9sP9","version":1,"value":19.84433}, {"key":"cE0Zo","version":1,"value":24.799488}, {"key":"0Y11C","version":2,"value":12.47252}, {"key":"oZyj6","version":0,"value":5.9916315}, {"key":"rHNw5","version":2,"value":10.893163}, {"key":"aAj7v","version":2,"value":14.126271}, {"key":"m9h6Z","version":1,"value":14.138435}, {"key":"QdICb","version":1,"value":13.001679}, {"totalMessagesWritten":281,"totalMessagesProcessed":292,"totalRedisUpdates":128,"totalValueWritten":4225.144,"totalAdded":1344.0}, {"key":"imOg0","version":0,"value":19.107506}, {"key":"rSHyr","version":0,"value":1.9092298}, {"key":"yxxgQ","version":0,"value":16.99989}, {"key":"BoBW7","version":1,"value":13.008833}, {"key":"UxAwH","version":2,"value":7.070973}, {"key":"HtSv2","version":2,"value":26.974483}, {"key":"YoHmO","version":2,"value":5.4636583}, {"key":"6nwAC","version":2,"value":12.206312}, {"key":"D6iMj","version":2,"value":13.296703}, {"key":"MZLGD","version":0,"value":4.926406}, {"key":"oZyj6","version":2,"value":17.153168}, {"key":"tMS8h","version":2,"value":25.516632}, {"key":"OAsfB","version":1,"value":30.315462}, {"totalMessagesWritten":294,"totalMessagesProcessed":306,"totalRedisUpdates":135,"totalValueWritten":4419.0938,"totalAdded":1417.5}, {"key":"7yMXH","version":1,"value":18.756905}, {"key":"DXx1P","version":1,"value":8.125885}, {"key":"rUNKi","version":2,"value":3.7924767}, {"key":"Sotc7","version":0,"value":8.662404}, {"key":"FHVQU","version":1,"value":19.269196}, {"key":"uCnO0","version":2,"value":17.581318}, {"key":"uSZAc","version":2,"value":16.38055}, {"key":"VylbA","version":2,"value":5.365487}, {"key":"lfRqw","version":2,"value":28.957243}, {"key":"eMfY0","version":1,"value":30.165543}, {"key":"U1Edp","version":0,"value":14.328215}, {"key":"Bo9q0","version":1,"value":17.659336}, {"key":"Sotc7","version":0,"value":12.835612}, {"key":"rhVfG","version":2,"value":2.7177346}, {"key":"SlNwf","version":0,"value":15.149532}, {"key":"oZyj6","version":2,"value":14.048422}, {"key":"f7ndU","version":1,"value":14.292635}, {"totalMessagesWritten":311,"totalMessagesProcessed":324,"totalRedisUpdates":142,"totalValueWritten":4667.1816,"totalAdded":1491.0}, {"key":"OAsfB","version":0,"value":10.963717}, {"key":"Jb8ou","version":2,"value":14.975845}, {"key":"cE0Zo","version":0,"value":10.696183}, {"key":"eMfY0","version":0,"value":1.2078059}, {"key":"FTSui","version":1,"value":7.1245646}, {"key":"q4wjD","version":1,"value":0.89399576}, {"key":"uCnO0","version":1,"value":18.702797}, {"totalMessagesWritten":318,"totalMessagesProcessed":332,"totalRedisUpdates":142,"totalValueWritten":4731.747,"totalAdded":1491.0}, {"key":"C161Q","version":2,"value":7.8773665}, {"key":"m9h6Z","version":0,"value":4.229623}, {"key":"OF3r3","version":0,"value":5.229164}, {"totalMessagesWritten":321,"totalMessagesProcessed":336,"totalRedisUpdates":142,"totalValueWritten":4781.5234,"totalAdded":1491.0}, {"key":"q4wjD","version":2,"value":11.110075}, {"key":"g0kMK","version":1,"value":25.585306}, {"key":"Jb8ou","version":2,"value":5.697794}, {"key":"oZyj6","version":1,"value":1.9823146}, {"key":"OllFw","version":1,"value":15.967425}, {"key":"qkdBU","version":0,"value":19.288664}, {"key":"sFZk7","version":0,"value":29.723574}, {"key":"iM4GO","version":2,"value":23.316101}, {"totalMessagesWritten":329,"totalMessagesProcessed":345,"totalRedisUpdates":146,"totalValueWritten":4914.1943,"totalAdded":1533.0}, {"key":"ttZFF","version":2,"value":15.07759}, {"key":"gALDK","version":1,"value":10.8803425}, {"key":"VySvy","version":1,"value":29.023018}, {"key":"vTgD4","version":2,"value":5.22318}, {"key":"dqlyi","version":1,"value":17.83764}, {"totalMessagesWritten":334,"totalMessagesProcessed":351,"totalRedisUpdates":148,"totalValueWritten":4992.236,"totalAdded":1554.0}, {"key":"DXx1P","version":0,"value":1.1062169}, {"key":"rhVfG","version":0,"value":6.069704}, {"key":"yxxgQ","version":0,"value":5.316987}, {"totalMessagesWritten":337,"totalMessagesProcessed":355,"totalRedisUpdates":148,"totalValueWritten":5004.729,"totalAdded":1554.0}, {"key":"r4xyS","version":1,"value":4.3442655}, {"key":"65j4c","version":2,"value":10.516842}, {"key":"uCnO0","version":2,"value":1.8639266}, {"key":"C161Q","version":2,"value":14.7448435}, {"key":"7yMXH","version":1,"value":0.7548666}, {"key":"h9ag9","version":1,"value":6.4750934}, {"key":"sFZk7","version":0,"value":8.973889}, {"key":"xaBbI","version":1,"value":18.3547}, {"key":"uSZAc","version":1,"value":2.759143}, {"key":"Wev2j","version":0,"value":13.91567}, {"key":"4vj6x","version":0,"value":4.6217194}, {"key":"eMfY0","version":0,"value":0.80263615}, {"key":"jphyC","version":1,"value":4.791445}, {"key":"6EUTp","version":1,"value":14.9408245}, {"key":"Jb8ou","version":1,"value":16.108131}, {"key":"PBEuc","version":0,"value":26.638517}, {"key":"q4wjD","version":1,"value":16.749046}, {"key":"KXID4","version":1,"value":25.610434}, {"totalMessagesWritten":355,"totalMessagesProcessed":374,"totalRedisUpdates":153,"totalValueWritten":5248.0503,"totalAdded":1606.5}, {"key":"qrelC","version":1,"value":6.4024734}, {"key":"IhfEy","version":0,"value":17.881199}, {"key":"VySvy","version":2,"value":29.130367}, {"key":"dYZHk","version":2,"value":26.04617}, {"key":"jphyC","version":2,"value":26.413975}, {"key":"7hA9f","version":0,"value":16.195114}, {"key":"QNB53","version":2,"value":4.3396673}, {"key":"cgxpD","version":2,"value":13.230123}, {"key":"VHXDb","version":0,"value":21.099958}, {"key":"Sokif","version":2,"value":13.3411875}, {"key":"70A6P","version":0,"value":20.51091}, {"key":"C161Q","version":1,"value":18.046032}, {"key":"ZlZOc","version":1,"value":7.0998764}, {"key":"viVEb","version":0,"value":7.1124067}, {"key":"rHNw5","version":0,"value":19.11587}, {"key":"XI1ga","version":0,"value":11.361382}, {"key":"rkvDZ","version":1,"value":28.810606}, {"key":"QdICb","version":0,"value":0.5968833}, {"key":"Sotc7","version":1,"value":7.7918425}, {"key":"OF3r3","version":1,"value":4.978249}, {"key":"6nwAC","version":1,"value":4.1127133}, {"key":"jrV4Y","version":1,"value":18.496153}, {"key":"Sokif","version":0,"value":7.4688244}, {"key":"tMS8h","version":2,"value":16.228018}, {"key":"UxAwH","version":0,"value":8.995408}, {"key":"7hA9f","version":1,"value":0.02091527}, {"key":"5ggOL","version":1,"value":19.623333}, {"key":"QdICb","version":2,"value":3.6562479}, {"key":"U1Edp","version":0,"value":5.1068187}, {"key":"aAj7v","version":1,"value":4.145418}, {"key":"wuu5L","version":2,"value":9.676734}, {"key":"ZlZOc","version":1,"value":6.921959}, {"key":"rUNKi","version":1,"value":12.740916}, {"key":"ZlZOc","version":1,"value":10.070568}, {"key":"IuBXL","version":1,"value":2.499522}, {"key":"YnaFb","version":1,"value":28.084145}, {"key":"70A6P","version":2,"value":16.675415}, {"key":"Bo9q0","version":2,"value":12.487276}, {"key":"6UCI8","version":1,"value":2.2400403}, {"key":"Wev2j","version":2,"value":26.500654}, {"key":"aAj7v","version":2,"value":16.61737}, {"key":"88iwE","version":2,"value":23.873491}, {"key":"6nwAC","version":0,"value":6.7493954}, {"key":"VySvy","version":1,"value":5.4280925}, {"key":"HtNm1","version":0,"value":26.85132}, {"key":"akElb","version":1,"value":19.993484}, {"key":"mIOM7","version":1,"value":27.835869}, {"key":"0p12I","version":2,"value":30.43562}, {"totalMessagesWritten":403,"totalMessagesProcessed":423,"totalRedisUpdates":172,"totalValueWritten":5961.247,"totalAdded":1806.0}, {"key":"FGMwR","version":1,"value":17.147875}, {"key":"xaBbI","version":0,"value":8.026468}, {"key":"7hA9f","version":0,"value":10.658396}, {"key":"KXID4","version":1,"value":13.34584}, {"key":"cgxpD","version":2,"value":11.586908}, {"key":"qkdBU","version":1,"value":14.537453}, {"key":"IhfEy","version":2,"value":29.533304}, {"key":"imOg0","version":1,"value":28.220295}, {"key":"jrV4Y","version":0,"value":17.802483}, {"key":"YoHmO","version":0,"value":8.130327}, {"key":"JOBnG","version":1,"value":24.523897}, {"key":"dYZHk","version":0,"value":18.633623}, {"key":"UxAwH","version":0,"value":5.457488}, {"key":"uSZAc","version":2,"value":9.453593}, {"key":"3UvVq","version":1,"value":14.221445}, {"key":"GHWuD","version":0,"value":4.88696}, {"key":"tMS8h","version":2,"value":14.565396}, {"key":"2uCPu","version":0,"value":15.557566}, {"key":"rkvDZ","version":2,"value":14.496832}, {"key":"UxAwH","version":0,"value":0.009440184}, {"key":"6EUTp","version":2,"value":26.510502}, {"key":"rUNKi","version":0,"value":3.5343373}, {"key":"MZLGD","version":2,"value":6.8795433}, {"key":"2uCPu","version":0,"value":1.6961002}, {"key":"rSHyr","version":2,"value":0.31768084}, {"key":"66fAk","version":2,"value":10.677986}, {"key":"rSHyr","version":0,"value":8.516793}, {"key":"nMVtZ","version":0,"value":20.328074}, {"key":"r4xyS","version":0,"value":17.446182}, {"key":"7hA9f","version":2,"value":7.1724606}, {"key":"dYZHk","version":2,"value":12.404375}, {"key":"OF3r3","version":2,"value":9.612535}, {"key":"UBTKO","version":2,"value":0.6875062}, {"key":"65j4c","version":0,"value":19.693945}, {"totalMessagesWritten":437,"totalMessagesProcessed":458,"totalRedisUpdates":181,"totalValueWritten":6453.2188,"totalAdded":1900.5}, {"key":"vTgD4","version":2,"value":12.90246}, {"key":"lPGiM","version":2,"value":30.230274}, {"totalMessagesWritten":439,"totalMessagesProcessed":461,"totalRedisUpdates":182,"totalValueWritten":6496.3516,"totalAdded":1911.0}, {"key":"OkkCw","version":1,"value":23.943691}, {"key":"tZwCy","version":0,"value":9.265094}, {"key":"dYZHk","version":1,"value":17.726112}, {"key":"JOBnG","version":1,"value":11.891093}, {"key":"Bsr5P","version":1,"value":1.9122314}, {"key":"51k3Z","version":1,"value":14.292029}, {"key":"QNB53","version":1,"value":17.802967}, {"key":"feDmy","version":1,"value":13.728307}, {"key":"54SOY","version":2,"value":15.470634}, {"key":"CiES6","version":2,"value":15.372597}, {"key":"5DQQP","version":2,"value":24.951977}, {"totalMessagesWritten":450,"totalMessagesProcessed":473,"totalRedisUpdates":186,"totalValueWritten":6662.7085,"totalAdded":1953.0}, {"key":"IhfEy","version":2,"value":3.8624787}, {"key":"MlBg6","version":2,"value":27.72968}, {"key":"8Akp8","version":1,"value":25.469082}, {"key":"C161Q","version":0,"value":2.6691866}, {"key":"JeZAn","version":0,"value":20.750683}, {"key":"ZkCBk","version":1,"value":22.796906}, {"key":"yOxtl","version":2,"value":16.337906}, {"key":"JQ3JV","version":2,"value":21.370213}, {"key":"aELs3","version":1,"value":11.1736965}, {"key":"akWd0","version":0,"value":26.25489}, {"totalMessagesWritten":460,"totalMessagesProcessed":484,"totalRedisUpdates":194,"totalValueWritten":6841.1226,"totalAdded":2037.0}, {"key":"sFZk7","version":2,"value":27.915207}, {"key":"KDhcG","version":0,"value":20.013054}, {"key":"eMfY0","version":1,"value":17.91527}, {"key":"gtuhv","version":0,"value":24.591816}, {"key":"54SOY","version":0,"value":17.037613}, {"key":"VySvy","version":0,"value":1.3326001}, {"key":"0Y11C","version":0,"value":16.579205}, {"key":"VHXDb","version":2,"value":22.815676}, {"key":"gu8I0","version":1,"value":29.152578}, {"key":"jWo2F","version":2,"value":1.4975893}, {"key":"7B0YN","version":1,"value":8.295326}, {"key":"SlNwf","version":0,"value":18.91053}, {"key":"yxJVY","version":1,"value":14.690445}, {"key":"54Pix","version":0,"value":4.0866795}, {"key":"MZLGD","version":0,"value":11.9663105}, {"totalMessagesWritten":475,"totalMessagesProcessed":500,"totalRedisUpdates":200,"totalValueWritten":7077.9224,"totalAdded":2100.0}]
02:24:39.418 INFO  u.a.e.a.c.AcpCw2ApplicationTests - ===============================PASSED===================================
02:24:39.418 INFO  u.a.e.a.c.AcpCw2ApplicationTests - ========================PASSED=========================
]]></system-out>
  </testcase>
  <testcase name="testRabbitTimeout" classname="uk.ac.ed.acp.cw2.AcpCw2ApplicationTests" time="1.044">
    <system-out><![CDATA[02:24:39.437 INFO  u.a.e.a.c.AcpCw2ApplicationTests - --------------STARTING RABBIT TIMEOUT TEST-------------
02:24:39.437 INFO  u.a.e.a.c.AcpCw2ApplicationTests - queueName: RabbitMQ-10729-ihPpB
02:24:39.448 INFO  u.a.e.a.c.s.RabbitMqService - Sent 5/5 messages to RabbitMQ-10729-ihPpB
02:24:39.459 INFO  u.a.e.a.c.s.RabbitMqService - Reading queue RabbitMQ-10729-ihPpB: timeOut=1000
02:24:40.463 INFO  u.a.e.a.c.s.RabbitMqService - Received 5 messages in 1004/1000ms
02:24:40.464 INFO  u.a.e.a.c.s.RabbitMqService - returning: [{"uid":"s2093547","counter":0}, {"uid":"s2093547","counter":1}, {"uid":"s2093547","counter":2}, {"uid":"s2093547","counter":3}, {"uid":"s2093547","counter":4}]
RabbitMQ Message - uid: s2093547, counter: 0
02:24:40.470 INFO  u.a.e.a.c.AcpCw2ApplicationTests - ========================PASSED=========================
]]></system-out>
  </testcase>
  <testcase name="testTransormMultiple" classname="uk.ac.ed.acp.cw2.AcpCw2ApplicationTests" time="47.572">
    <system-out><![CDATA[02:24:40.483 INFO  u.a.e.a.c.AcpCw2ApplicationTests - --------------STARTING TRANSFORM MULTIPLE TEST----------------
02:24:40.484 INFO  u.a.e.a.c.AcpCw2ApplicationTests - --------------STARTING TRANSFORM TEST----------------
02:24:40.484 INFO  u.a.e.a.c.AcpCw2ApplicationTests - Generating 137 packets
02:24:40.494 INFO  u.a.e.a.c.s.RabbitMqService - Sent 137/137 messages to TransformTestRead-86036-wQCkM
02:24:40.500 INFO  u.a.e.a.c.d.MessageTransformer - Transforming messages; read_queue:TransformTestRead-86036-wQCkM, write_queue:TransformTestWrite-80734-8zSIF, count:137
02:24:40.500 INFO  u.a.e.a.c.s.RabbitMqService - [With Validation]Reading queue TransformTestRead-86036-wQCkM: count=137
02:24:40.548 INFO  u.a.e.a.c.s.RabbitMqService - [With Validation]Received 137/137 messages in 48ms
02:24:40.548 INFO  u.a.e.a.c.s.RabbitMqService - returning: [{"key":"tPiWv","version":2,"value":9.3021}, {"key":"fIUGU","version":2,"value":11.390418}, {"key":"55Ztj","version":2,"value":19.257658}, {"key":"G5FL1","version":1,"value":18.565266}, {"key":"3aLNc","version":1,"value":17.262516}, {"key":"L2anH","version":0,"value":0.48229456}, {"key":"55Ztj","version":0,"value":11.336634}, {"key":"tPiWv","version":2,"value":8.275046}, {"key":"1NeBM","version":2,"value":17.770142}, {"key":"L2anH","version":1,"value":15.11333}, {"key":"55Ztj"}, {"key":"Y1qUY","version":0,"value":16.987936}, {"key":"3aLNc","version":2,"value":3.960663}, {"key":"Y1qUY","version":2,"value":13.830461}, {"key":"tPiWv","version":2,"value":2.7788925}, {"key":"joFrq","version":0,"value":11.859999}, {"key":"NCUXQ","version":0,"value":17.730165}, {"key":"GqOS8","version":2,"value":17.983301}, {"key":"gukgX","version":2,"value":17.940844}, {"key":"jmgna","version":0,"value":14.968816}, {"key":"fIUGU"}, {"key":"GqOS8","version":2,"value":18.165882}, {"key":"tPiWv"}, {"key":"NCUXQ","version":2,"value":19.9864}, {"key":"Elalw","version":2,"value":12.929727}, {"key":"frDJx","version":2,"value":14.128865}, {"key":"GqOS8","version":2,"value":13.845963}, {"key":"1NeBM","version":1,"value":0.8847821}, {"key":"94SrD","version":2,"value":7.3146343}, {"key":"frDJx","version":0,"value":1.4367962}, {"key":"Jfnwm","version":1,"value":4.1761723}, {"key":"94SrD","version":0,"value":19.802156}, {"key":"TJj6l","version":2,"value":18.319263}, {"key":"KWLlV","version":0,"value":12.152742}, {"key":"Jfnwm","version":1,"value":13.792173}, {"key":"scn9O","version":1,"value":15.981378}, {"key":"WPgHR","version":2,"value":1.0909736}, {"key":"1NeBM","version":1,"value":13.313854}, {"key":"VQkCM","version":1,"value":15.920078}, {"key":"GqOS8","version":0,"value":0.5890715}, {"key":"ArGVk","version":0,"value":17.107008}, {"key":"aC88F","version":1,"value":10.213463}, {"key":"GqOS8","version":2,"value":3.9968193}, {"key":"E26O9","version":2,"value":0.24117231}, {"key":"ArGVk","version":1,"value":6.6859255}, {"key":"3PoKW","version":2,"value":8.760099}, {"key":"00wqW","version":0,"value":15.783184}, {"key":"uZNnZ","version":1,"value":13.8267}, {"key":"GqOS8","version":2,"value":6.9379244}, {"key":"frDJx","version":0,"value":1.5089643}, {"key":"HmZZv","version":0,"value":0.5066836}, {"key":"evmg1","version":2,"value":3.6976683}, {"key":"scn9O","version":1,"value":10.213812}, {"key":"3PoKW","version":2,"value":8.257575}, {"key":"orEIH","version":1,"value":8.453549}, {"key":"NCUXQ","version":0,"value":7.092575}, {"key":"aXS6r","version":1,"value":6.9950175}, {"key":"uZNnZ","version":0,"value":4.423442}, {"key":"Zq64F","version":0,"value":18.579058}, {"key":"4cgCH","version":2,"value":16.242393}, {"key":"Jfnwm","version":0,"value":7.4475813}, {"key":"Jfnwm","version":2,"value":14.374474}, {"key":"uZNnZ","version":0,"value":18.649086}, {"key":"KWLlV","TOTAL":48.768436}, {"key":"MSuU1","version":1,"value":19.003498}, {"key":"4cgCH","version":2,"value":14.365923}, {"key":"G5FL1","version":2,"value":11.056313}, {"key":"frDJx","version":2,"value":18.548904}, {"key":"frDJx","version":2,"value":13.824162}, {"key":"frDJx","version":2,"value":10.821828}, {"key":"X3HJe","version":1,"value":16.20568}, {"key":"3PoKW","version":2,"value":0.03639102}, {"key":"cUNcA","version":0,"value":10.817361}, {"key":"kueKc","version":2,"value":15.782438}, {"key":"ptg0W","version":2,"value":8.34476}, {"key":"NCUXQ","version":0,"value":14.9464035}, {"key":"WPgHR","version":2,"value":11.158422}, {"key":"c5WpZ","version":0,"value":0.06568432}, {"key":"3PoKW","version":0,"value":18.020535}, {"key":"k0iL7","version":0,"value":10.577148}, {"key":"sJeWm","version":0,"value":12.1965885}, {"key":"JQp1Z","version":2,"value":10.194635}, {"key":"lWEri","version":2,"value":16.6417}, {"key":"YosHQ","version":0,"value":10.434225}, {"key":"aNA9p","version":1,"value":7.349106}, {"key":"llh8b","version":0,"value":14.110811}, {"key":"lWEri","TOTAL":72.311554}, {"key":"HmZZv","version":2,"value":5.9573507}, {"key":"Ecu0r","version":0,"value":10.802536}, {"key":"15Abb","version":2,"value":0.35366654}, {"key":"aXS6r","version":2,"value":7.6178718}, {"key":"X3HJe"}, {"key":"ptg0W","version":2,"value":4.4096494}, {"key":"YosHQ","version":0,"value":17.323578}, {"key":"iQXqs","version":0,"value":3.3903897}, {"key":"gukgX","TOTAL":91.604576}, {"key":"7MVlp","version":0,"value":0.35468578}, {"key":"yGF3T","version":0,"value":5.0889864}, {"key":"sVIbF","version":0,"value":1.490463}, {"key":"Jfnwm","TOTAL":29.50226}, {"key":"M0ZAh","version":0,"value":1.6650593}, {"key":"XZ0wU","version":1,"value":8.909481}, {"key":"YosHQ"}, {"key":"q0NdV","version":1,"value":13.757484}, {"key":"llh8b","version":2,"value":9.429001}, {"key":"cUNcA","version":2,"value":12.792547}, {"key":"HcnlM","version":1,"value":14.942463}, {"key":"G5FL1","version":0,"value":14.116692}, {"key":"fTr60","version":2,"value":4.633839}, {"key":"X22O1","version":1,"value":13.541033}, {"key":"kueKc","version":2,"value":19.415928}, {"key":"tti5s","version":0,"value":4.9308434}, {"key":"3PoKW","TOTAL":50.73717}, {"key":"4cgCH","version":2,"value":0.53920627}, {"key":"M0ZAh"}, {"key":"BmC03","version":0,"value":3.6694765}, {"key":"9gWL8","version":0,"value":12.417349}, {"key":"XZ0wU","version":1,"value":11.905178}, {"key":"sB4i2","version":0,"value":17.164087}, {"key":"Ujfdm","version":2,"value":7.9686522}, {"key":"RkFY2","version":0,"value":12.881499}, {"key":"rbH47","version":2,"value":1.9084823}, {"key":"MJ6md","version":1,"value":1.682986}, {"key":"evmg1","version":1,"value":9.611359}, {"key":"pDdbY","version":2,"value":1.7811096}, {"key":"rbH47","version":2,"value":0.77082515}, {"key":"llh8b","version":2,"value":6.766118}, {"key":"ra8IF","version":2,"value":8.650061}, {"key":"6MiWG","version":0,"value":16.970013}, {"key":"Ecu0r"}, {"key":"FCedJ","version":1,"value":12.349909}, {"key":"frDJx","version":0,"value":19.135801}, {"key":"94SrD","version":1,"value":11.955534}, {"key":"XZ0wU"}, {"key":"D3gH1","version":0,"value":13.531885}, {"key":"n2ct8","version":1,"value":5.9042525}, {"key":"6MiWG"}]
02:24:40.551 INFO  u.a.e.a.c.d.MessageTransformer - 0% complete...
02:24:41.188 INFO  u.a.e.a.c.d.MessageTransformer - 10% complete...
02:24:41.890 INFO  u.a.e.a.c.d.MessageTransformer - 20% complete...
02:24:42.589 INFO  u.a.e.a.c.d.MessageTransformer - 30% complete...
02:24:43.320 INFO  u.a.e.a.c.d.MessageTransformer - 40% complete...
02:24:43.990 INFO  u.a.e.a.c.d.MessageTransformer - 50% complete...
02:24:44.670 INFO  u.a.e.a.c.d.MessageTransformer - 60% complete...
02:24:45.339 INFO  u.a.e.a.c.d.MessageTransformer - 70% complete...
02:24:45.999 INFO  u.a.e.a.c.d.MessageTransformer - 80% complete...
02:24:46.670 INFO  u.a.e.a.c.d.MessageTransformer - 90% complete...
02:24:47.329 INFO  u.a.e.a.c.d.MessageTransformer - 100% complete...
02:24:47.700 INFO  u.a.e.a.c.d.MessageTransformer - 100% complete. Tranformed 137 messages
02:24:47.705 INFO  u.a.e.a.c.s.RabbitMqService - Reading queue TransformTestWrite-80734-8zSIF: count=137
02:24:47.753 INFO  u.a.e.a.c.s.RabbitMqService - Received 137/137 messages in 48ms
02:24:47.753 INFO  u.a.e.a.c.s.RabbitMqService - returning: [{"key":"tPiWv","version":2,"value":19.802101}, {"key":"fIUGU","version":2,"value":21.890419}, {"key":"55Ztj","version":2,"value":29.757658}, {"key":"G5FL1","version":1,"value":29.065266}, {"key":"3aLNc","version":1,"value":27.762516}, {"key":"L2anH","version":0,"value":10.982294}, {"key":"55Ztj","version":0,"value":11.336634}, {"key":"tPiWv","version":2,"value":8.275046}, {"key":"1NeBM","version":2,"value":28.270142}, {"key":"L2anH","version":1,"value":25.61333}, {"totalMessagesWritten":10,"totalMessagesProcessed":11,"totalRedisUpdates":8,"totalValueWritten":212.7554,"totalAdded":84.0}, {"key":"Y1qUY","version":0,"value":27.487936}, {"key":"3aLNc","version":2,"value":14.460663}, {"key":"Y1qUY","version":2,"value":24.33046}, {"key":"tPiWv","version":2,"value":2.7788925}, {"key":"joFrq","version":0,"value":22.359999}, {"key":"NCUXQ","version":0,"value":28.230165}, {"key":"GqOS8","version":2,"value":28.483301}, {"key":"gukgX","version":2,"value":28.440844}, {"key":"jmgna","version":0,"value":25.468815}, {"totalMessagesWritten":19,"totalMessagesProcessed":21,"totalRedisUpdates":16,"totalValueWritten":414.79648,"totalAdded":168.0}, {"key":"GqOS8","version":2,"value":18.165882}, {"totalMessagesWritten":20,"totalMessagesProcessed":23,"totalRedisUpdates":16,"totalValueWritten":432.96237,"totalAdded":168.0}, {"key":"NCUXQ","version":2,"value":30.4864}, {"key":"Elalw","version":2,"value":23.429726}, {"key":"frDJx","version":2,"value":24.628864}, {"key":"GqOS8","version":2,"value":13.845963}, {"key":"1NeBM","version":1,"value":0.8847821}, {"key":"94SrD","version":2,"value":17.814634}, {"key":"frDJx","version":0,"value":1.4367962}, {"key":"Jfnwm","version":1,"value":14.676172}, {"key":"94SrD","version":0,"value":19.802156}, {"key":"TJj6l","version":2,"value":28.819263}, {"key":"KWLlV","version":0,"value":22.652742}, {"key":"Jfnwm","version":1,"value":13.792173}, {"key":"scn9O","version":1,"value":26.481377}, {"key":"WPgHR","version":2,"value":11.590974}, {"key":"1NeBM","version":1,"value":13.313854}, {"key":"VQkCM","version":1,"value":26.420078}, {"key":"GqOS8","version":0,"value":0.5890715}, {"key":"ArGVk","version":0,"value":27.607008}, {"key":"aC88F","version":1,"value":20.713463}, {"key":"GqOS8","version":2,"value":3.9968193}, {"key":"E26O9","version":2,"value":10.741173}, {"key":"ArGVk","version":1,"value":17.185925}, {"key":"3PoKW","version":2,"value":19.2601}, {"key":"00wqW","version":0,"value":26.283184}, {"key":"uZNnZ","version":1,"value":24.3267}, {"key":"GqOS8","version":2,"value":6.9379244}, {"key":"frDJx","version":0,"value":1.5089643}, {"key":"HmZZv","version":0,"value":11.006683}, {"key":"evmg1","version":2,"value":14.197668}, {"key":"scn9O","version":1,"value":10.213812}, {"key":"3PoKW","version":2,"value":8.257575}, {"key":"orEIH","version":1,"value":18.953548}, {"key":"NCUXQ","version":0,"value":7.092575}, {"key":"aXS6r","version":1,"value":17.495018}, {"key":"uZNnZ","version":0,"value":4.423442}, {"key":"Zq64F","version":0,"value":29.079058}, {"key":"4cgCH","version":2,"value":26.742393}, {"key":"Jfnwm","version":0,"value":7.4475813}, {"key":"Jfnwm","version":2,"value":24.874474}, {"key":"uZNnZ","version":0,"value":18.649086}, {"totalMessagesWritten":60,"totalMessagesProcessed":64,"totalRedisUpdates":40,"totalValueWritten":1129.39,"totalAdded":420.0}, {"key":"MSuU1","version":1,"value":29.503498}, {"key":"4cgCH","version":2,"value":14.365923}, {"key":"G5FL1","version":2,"value":21.556313}, {"key":"frDJx","version":2,"value":18.548904}, {"key":"frDJx","version":2,"value":13.824162}, {"key":"frDJx","version":2,"value":10.821828}, {"key":"X3HJe","version":1,"value":26.70568}, {"key":"3PoKW","version":2,"value":0.03639102}, {"key":"cUNcA","version":0,"value":21.31736}, {"key":"kueKc","version":2,"value":26.282438}, {"key":"ptg0W","version":2,"value":18.84476}, {"key":"NCUXQ","version":0,"value":14.9464035}, {"key":"WPgHR","version":2,"value":11.158422}, {"key":"c5WpZ","version":0,"value":10.565684}, {"key":"3PoKW","version":0,"value":18.020535}, {"key":"k0iL7","version":0,"value":21.077148}, {"key":"sJeWm","version":0,"value":22.696589}, {"key":"JQp1Z","version":2,"value":20.694635}, {"key":"lWEri","version":2,"value":27.1417}, {"key":"YosHQ","version":0,"value":20.934225}, {"key":"aNA9p","version":1,"value":17.849106}, {"key":"llh8b","version":0,"value":24.610811}, {"totalMessagesWritten":82,"totalMessagesProcessed":87,"totalRedisUpdates":54,"totalValueWritten":1613.2041,"totalAdded":567.0}, {"key":"HmZZv","version":2,"value":16.457352}, {"key":"Ecu0r","version":0,"value":21.302536}, {"key":"15Abb","version":2,"value":10.853666}, {"key":"aXS6r","version":2,"value":18.117872}, {"totalMessagesWritten":86,"totalMessagesProcessed":92,"totalRedisUpdates":58,"totalValueWritten":1679.9355,"totalAdded":609.0}, {"key":"ptg0W","version":2,"value":4.4096494}, {"key":"YosHQ","version":0,"value":17.323578}, {"key":"iQXqs","version":0,"value":13.890389}, {"totalMessagesWritten":89,"totalMessagesProcessed":96,"totalRedisUpdates":59,"totalValueWritten":1807.1638,"totalAdded":619.5}, {"key":"7MVlp","version":0,"value":10.854686}, {"key":"yGF3T","version":0,"value":15.588986}, {"key":"sVIbF","version":0,"value":11.990463}, {"totalMessagesWritten":92,"totalMessagesProcessed":100,"totalRedisUpdates":62,"totalValueWritten":1875.1003,"totalAdded":651.0}, {"key":"M0ZAh","version":0,"value":12.165059}, {"key":"XZ0wU","version":1,"value":19.409481}, {"totalMessagesWritten":94,"totalMessagesProcessed":103,"totalRedisUpdates":64,"totalValueWritten":1906.6748,"totalAdded":672.0}, {"key":"q0NdV","version":1,"value":24.257484}, {"key":"llh8b","version":2,"value":19.929}, {"key":"cUNcA","version":2,"value":23.292547}, {"key":"HcnlM","version":1,"value":25.442463}, {"key":"G5FL1","version":0,"value":14.116692}, {"key":"fTr60","version":2,"value":15.133839}, {"key":"X22O1","version":1,"value":24.041033}, {"key":"kueKc","version":2,"value":19.415928}, {"key":"tti5s","version":0,"value":15.430843}, {"totalMessagesWritten":103,"totalMessagesProcessed":113,"totalRedisUpdates":71,"totalValueWritten":2138.472,"totalAdded":745.5}, {"key":"4cgCH","version":2,"value":0.53920627}, {"totalMessagesWritten":104,"totalMessagesProcessed":115,"totalRedisUpdates":71,"totalValueWritten":2139.0112,"totalAdded":745.5}, {"key":"BmC03","version":0,"value":14.1694765}, {"key":"9gWL8","version":0,"value":22.917349}, {"key":"XZ0wU","version":1,"value":11.905178}, {"key":"sB4i2","version":0,"value":27.664087}, {"key":"Ujfdm","version":2,"value":18.468653}, {"key":"RkFY2","version":0,"value":23.3815}, {"key":"rbH47","version":2,"value":12.408483}, {"key":"MJ6md","version":1,"value":12.182986}, {"key":"evmg1","version":1,"value":9.611359}, {"key":"pDdbY","version":2,"value":12.28111}, {"key":"rbH47","version":2,"value":0.77082515}, {"key":"llh8b","version":2,"value":6.766118}, {"key":"ra8IF","version":2,"value":19.15006}, {"key":"6MiWG","version":0,"value":27.470013}, {"totalMessagesWritten":118,"totalMessagesProcessed":130,"totalRedisUpdates":81,"totalValueWritten":2358.1584,"totalAdded":850.5}, {"key":"FCedJ","version":1,"value":22.849909}, {"key":"frDJx","version":0,"value":19.135801}, {"key":"94SrD","version":1,"value":11.955534}, {"totalMessagesWritten":121,"totalMessagesProcessed":134,"totalRedisUpdates":82,"totalValueWritten":2412.0996,"totalAdded":861.0}, {"key":"D3gH1","version":0,"value":24.031885}, {"key":"n2ct8","version":1,"value":16.404253}, {"totalMessagesWritten":123,"totalMessagesProcessed":137,"totalRedisUpdates":84,"totalValueWritten":2452.536,"totalAdded":882.0}]
02:24:48.710 INFO  u.a.e.a.c.s.RabbitMqService - Sent 137/137 messages to TransformTestRead-21406-ZXysb
02:24:48.710 INFO  u.a.e.a.c.d.MessageTransformer - Transforming messages; read_queue:TransformTestRead-21406-ZXysb, write_queue:TransformTestWrite-41348-VDCNv, count:137
02:24:48.710 INFO  u.a.e.a.c.s.RabbitMqService - [With Validation]Reading queue TransformTestRead-21406-ZXysb: count=137
02:24:48.771 INFO  u.a.e.a.c.s.RabbitMqService - [With Validation]Received 137/137 messages in 61ms
02:24:48.771 INFO  u.a.e.a.c.s.RabbitMqService - returning: [{"key":"tPiWv","version":2,"value":9.3021}, {"key":"fIUGU","version":2,"value":11.390418}, {"key":"55Ztj","version":2,"value":19.257658}, {"key":"G5FL1","version":1,"value":18.565266}, {"key":"3aLNc","version":1,"value":17.262516}, {"key":"L2anH","version":0,"value":0.48229456}, {"key":"55Ztj","version":0,"value":11.336634}, {"key":"tPiWv","version":2,"value":8.275046}, {"key":"1NeBM","version":2,"value":17.770142}, {"key":"L2anH","version":1,"value":15.11333}, {"key":"55Ztj"}, {"key":"Y1qUY","version":0,"value":16.987936}, {"key":"3aLNc","version":2,"value":3.960663}, {"key":"Y1qUY","version":2,"value":13.830461}, {"key":"tPiWv","version":2,"value":2.7788925}, {"key":"joFrq","version":0,"value":11.859999}, {"key":"NCUXQ","version":0,"value":17.730165}, {"key":"GqOS8","version":2,"value":17.983301}, {"key":"gukgX","version":2,"value":17.940844}, {"key":"jmgna","version":0,"value":14.968816}, {"key":"fIUGU"}, {"key":"GqOS8","version":2,"value":18.165882}, {"key":"tPiWv"}, {"key":"NCUXQ","version":2,"value":19.9864}, {"key":"Elalw","version":2,"value":12.929727}, {"key":"frDJx","version":2,"value":14.128865}, {"key":"GqOS8","version":2,"value":13.845963}, {"key":"1NeBM","version":1,"value":0.8847821}, {"key":"94SrD","version":2,"value":7.3146343}, {"key":"frDJx","version":0,"value":1.4367962}, {"key":"Jfnwm","version":1,"value":4.1761723}, {"key":"94SrD","version":0,"value":19.802156}, {"key":"TJj6l","version":2,"value":18.319263}, {"key":"KWLlV","version":0,"value":12.152742}, {"key":"Jfnwm","version":1,"value":13.792173}, {"key":"scn9O","version":1,"value":15.981378}, {"key":"WPgHR","version":2,"value":1.0909736}, {"key":"1NeBM","version":1,"value":13.313854}, {"key":"VQkCM","version":1,"value":15.920078}, {"key":"GqOS8","version":0,"value":0.5890715}, {"key":"ArGVk","version":0,"value":17.107008}, {"key":"aC88F","version":1,"value":10.213463}, {"key":"GqOS8","version":2,"value":3.9968193}, {"key":"E26O9","version":2,"value":0.24117231}, {"key":"ArGVk","version":1,"value":6.6859255}, {"key":"3PoKW","version":2,"value":8.760099}, {"key":"00wqW","version":0,"value":15.783184}, {"key":"uZNnZ","version":1,"value":13.8267}, {"key":"GqOS8","version":2,"value":6.9379244}, {"key":"frDJx","version":0,"value":1.5089643}, {"key":"HmZZv","version":0,"value":0.5066836}, {"key":"evmg1","version":2,"value":3.6976683}, {"key":"scn9O","version":1,"value":10.213812}, {"key":"3PoKW","version":2,"value":8.257575}, {"key":"orEIH","version":1,"value":8.453549}, {"key":"NCUXQ","version":0,"value":7.092575}, {"key":"aXS6r","version":1,"value":6.9950175}, {"key":"uZNnZ","version":0,"value":4.423442}, {"key":"Zq64F","version":0,"value":18.579058}, {"key":"4cgCH","version":2,"value":16.242393}, {"key":"Jfnwm","version":0,"value":7.4475813}, {"key":"Jfnwm","version":2,"value":14.374474}, {"key":"uZNnZ","version":0,"value":18.649086}, {"key":"KWLlV","TOTAL":48.768436}, {"key":"MSuU1","version":1,"value":19.003498}, {"key":"4cgCH","version":2,"value":14.365923}, {"key":"G5FL1","version":2,"value":11.056313}, {"key":"frDJx","version":2,"value":18.548904}, {"key":"frDJx","version":2,"value":13.824162}, {"key":"frDJx","version":2,"value":10.821828}, {"key":"X3HJe","version":1,"value":16.20568}, {"key":"3PoKW","version":2,"value":0.03639102}, {"key":"cUNcA","version":0,"value":10.817361}, {"key":"kueKc","version":2,"value":15.782438}, {"key":"ptg0W","version":2,"value":8.34476}, {"key":"NCUXQ","version":0,"value":14.9464035}, {"key":"WPgHR","version":2,"value":11.158422}, {"key":"c5WpZ","version":0,"value":0.06568432}, {"key":"3PoKW","version":0,"value":18.020535}, {"key":"k0iL7","version":0,"value":10.577148}, {"key":"sJeWm","version":0,"value":12.1965885}, {"key":"JQp1Z","version":2,"value":10.194635}, {"key":"lWEri","version":2,"value":16.6417}, {"key":"YosHQ","version":0,"value":10.434225}, {"key":"aNA9p","version":1,"value":7.349106}, {"key":"llh8b","version":0,"value":14.110811}, {"key":"lWEri","TOTAL":72.311554}, {"key":"HmZZv","version":2,"value":5.9573507}, {"key":"Ecu0r","version":0,"value":10.802536}, {"key":"15Abb","version":2,"value":0.35366654}, {"key":"aXS6r","version":2,"value":7.6178718}, {"key":"X3HJe"}, {"key":"ptg0W","version":2,"value":4.4096494}, {"key":"YosHQ","version":0,"value":17.323578}, {"key":"iQXqs","version":0,"value":3.3903897}, {"key":"gukgX","TOTAL":91.604576}, {"key":"7MVlp","version":0,"value":0.35468578}, {"key":"yGF3T","version":0,"value":5.0889864}, {"key":"sVIbF","version":0,"value":1.490463}, {"key":"Jfnwm","TOTAL":29.50226}, {"key":"M0ZAh","version":0,"value":1.6650593}, {"key":"XZ0wU","version":1,"value":8.909481}, {"key":"YosHQ"}, {"key":"q0NdV","version":1,"value":13.757484}, {"key":"llh8b","version":2,"value":9.429001}, {"key":"cUNcA","version":2,"value":12.792547}, {"key":"HcnlM","version":1,"value":14.942463}, {"key":"G5FL1","version":0,"value":14.116692}, {"key":"fTr60","version":2,"value":4.633839}, {"key":"X22O1","version":1,"value":13.541033}, {"key":"kueKc","version":2,"value":19.415928}, {"key":"tti5s","version":0,"value":4.9308434}, {"key":"3PoKW","TOTAL":50.73717}, {"key":"4cgCH","version":2,"value":0.53920627}, {"key":"M0ZAh"}, {"key":"BmC03","version":0,"value":3.6694765}, {"key":"9gWL8","version":0,"value":12.417349}, {"key":"XZ0wU","version":1,"value":11.905178}, {"key":"sB4i2","version":0,"value":17.164087}, {"key":"Ujfdm","version":2,"value":7.9686522}, {"key":"RkFY2","version":0,"value":12.881499}, {"key":"rbH47","version":2,"value":1.9084823}, {"key":"MJ6md","version":1,"value":1.682986}, {"key":"evmg1","version":1,"value":9.611359}, {"key":"pDdbY","version":2,"value":1.7811096}, {"key":"rbH47","version":2,"value":0.77082515}, {"key":"llh8b","version":2,"value":6.766118}, {"key":"ra8IF","version":2,"value":8.650061}, {"key":"6MiWG","version":0,"value":16.970013}, {"key":"Ecu0r"}, {"key":"FCedJ","version":1,"value":12.349909}, {"key":"frDJx","version":0,"value":19.135801}, {"key":"94SrD","version":1,"value":11.955534}, {"key":"XZ0wU"}, {"key":"D3gH1","version":0,"value":13.531885}, {"key":"n2ct8","version":1,"value":5.9042525}, {"key":"6MiWG"}]
02:24:48.772 INFO  u.a.e.a.c.d.MessageTransformer - 0% complete...
02:24:49.419 INFO  u.a.e.a.c.d.MessageTransformer - 10% complete...
02:24:50.078 INFO  u.a.e.a.c.d.MessageTransformer - 20% complete...
02:24:50.750 INFO  u.a.e.a.c.d.MessageTransformer - 30% complete...
02:24:51.429 INFO  u.a.e.a.c.d.MessageTransformer - 40% complete...
02:24:52.098 INFO  u.a.e.a.c.d.MessageTransformer - 50% complete...
02:24:52.798 INFO  u.a.e.a.c.d.MessageTransformer - 60% complete...
02:24:53.469 INFO  u.a.e.a.c.d.MessageTransformer - 70% complete...
02:24:54.148 INFO  u.a.e.a.c.d.MessageTransformer - 80% complete...
02:24:54.799 INFO  u.a.e.a.c.d.MessageTransformer - 90% complete...
02:24:55.459 INFO  u.a.e.a.c.d.MessageTransformer - 100% complete...
02:24:55.828 INFO  u.a.e.a.c.d.MessageTransformer - 100% complete. Tranformed 137 messages
02:24:55.829 INFO  u.a.e.a.c.s.RabbitMqService - Reading queue TransformTestWrite-41348-VDCNv: count=137
02:24:55.888 INFO  u.a.e.a.c.s.RabbitMqService - Received 137/137 messages in 59ms
02:24:55.889 INFO  u.a.e.a.c.s.RabbitMqService - returning: [{"key":"tPiWv","version":2,"value":19.802101}, {"key":"fIUGU","version":2,"value":21.890419}, {"key":"55Ztj","version":2,"value":29.757658}, {"key":"G5FL1","version":1,"value":29.065266}, {"key":"3aLNc","version":1,"value":27.762516}, {"key":"L2anH","version":0,"value":10.982294}, {"key":"55Ztj","version":0,"value":11.336634}, {"key":"tPiWv","version":2,"value":8.275046}, {"key":"1NeBM","version":2,"value":28.270142}, {"key":"L2anH","version":1,"value":25.61333}, {"totalMessagesWritten":10,"totalMessagesProcessed":11,"totalRedisUpdates":8,"totalValueWritten":212.7554,"totalAdded":84.0}, {"key":"Y1qUY","version":0,"value":27.487936}, {"key":"3aLNc","version":2,"value":14.460663}, {"key":"Y1qUY","version":2,"value":24.33046}, {"key":"tPiWv","version":2,"value":2.7788925}, {"key":"joFrq","version":0,"value":22.359999}, {"key":"NCUXQ","version":0,"value":28.230165}, {"key":"GqOS8","version":2,"value":28.483301}, {"key":"gukgX","version":2,"value":28.440844}, {"key":"jmgna","version":0,"value":25.468815}, {"totalMessagesWritten":19,"totalMessagesProcessed":21,"totalRedisUpdates":16,"totalValueWritten":414.79648,"totalAdded":168.0}, {"key":"GqOS8","version":2,"value":18.165882}, {"totalMessagesWritten":20,"totalMessagesProcessed":23,"totalRedisUpdates":16,"totalValueWritten":432.96237,"totalAdded":168.0}, {"key":"NCUXQ","version":2,"value":30.4864}, {"key":"Elalw","version":2,"value":23.429726}, {"key":"frDJx","version":2,"value":24.628864}, {"key":"GqOS8","version":2,"value":13.845963}, {"key":"1NeBM","version":1,"value":0.8847821}, {"key":"94SrD","version":2,"value":17.814634}, {"key":"frDJx","version":0,"value":1.4367962}, {"key":"Jfnwm","version":1,"value":14.676172}, {"key":"94SrD","version":0,"value":19.802156}, {"key":"TJj6l","version":2,"value":28.819263}, {"key":"KWLlV","version":0,"value":22.652742}, {"key":"Jfnwm","version":1,"value":13.792173}, {"key":"scn9O","version":1,"value":26.481377}, {"key":"WPgHR","version":2,"value":11.590974}, {"key":"1NeBM","version":1,"value":13.313854}, {"key":"VQkCM","version":1,"value":26.420078}, {"key":"GqOS8","version":0,"value":0.5890715}, {"key":"ArGVk","version":0,"value":27.607008}, {"key":"aC88F","version":1,"value":20.713463}, {"key":"GqOS8","version":2,"value":3.9968193}, {"key":"E26O9","version":2,"value":10.741173}, {"key":"ArGVk","version":1,"value":17.185925}, {"key":"3PoKW","version":2,"value":19.2601}, {"key":"00wqW","version":0,"value":26.283184}, {"key":"uZNnZ","version":1,"value":24.3267}, {"key":"GqOS8","version":2,"value":6.9379244}, {"key":"frDJx","version":0,"value":1.5089643}, {"key":"HmZZv","version":0,"value":11.006683}, {"key":"evmg1","version":2,"value":14.197668}, {"key":"scn9O","version":1,"value":10.213812}, {"key":"3PoKW","version":2,"value":8.257575}, {"key":"orEIH","version":1,"value":18.953548}, {"key":"NCUXQ","version":0,"value":7.092575}, {"key":"aXS6r","version":1,"value":17.495018}, {"key":"uZNnZ","version":0,"value":4.423442}, {"key":"Zq64F","version":0,"value":29.079058}, {"key":"4cgCH","version":2,"value":26.742393}, {"key":"Jfnwm","version":0,"value":7.4475813}, {"key":"Jfnwm","version":2,"value":24.874474}, {"key":"uZNnZ","version":0,"value":18.649086}, {"totalMessagesWritten":60,"totalMessagesProcessed":64,"totalRedisUpdates":40,"totalValueWritten":1129.39,"totalAdded":420.0}, {"key":"MSuU1","version":1,"value":29.503498}, {"key":"4cgCH","version":2,"value":14.365923}, {"key":"G5FL1","version":2,"value":21.556313}, {"key":"frDJx","version":2,"value":18.548904}, {"key":"frDJx","version":2,"value":13.824162}, {"key":"frDJx","version":2,"value":10.821828}, {"key":"X3HJe","version":1,"value":26.70568}, {"key":"3PoKW","version":2,"value":0.03639102}, {"key":"cUNcA","version":0,"value":21.31736}, {"key":"kueKc","version":2,"value":26.282438}, {"key":"ptg0W","version":2,"value":18.84476}, {"key":"NCUXQ","version":0,"value":14.9464035}, {"key":"WPgHR","version":2,"value":11.158422}, {"key":"c5WpZ","version":0,"value":10.565684}, {"key":"3PoKW","version":0,"value":18.020535}, {"key":"k0iL7","version":0,"value":21.077148}, {"key":"sJeWm","version":0,"value":22.696589}, {"key":"JQp1Z","version":2,"value":20.694635}, {"key":"lWEri","version":2,"value":27.1417}, {"key":"YosHQ","version":0,"value":20.934225}, {"key":"aNA9p","version":1,"value":17.849106}, {"key":"llh8b","version":0,"value":24.610811}, {"totalMessagesWritten":82,"totalMessagesProcessed":87,"totalRedisUpdates":54,"totalValueWritten":1613.2041,"totalAdded":567.0}, {"key":"HmZZv","version":2,"value":16.457352}, {"key":"Ecu0r","version":0,"value":21.302536}, {"key":"15Abb","version":2,"value":10.853666}, {"key":"aXS6r","version":2,"value":18.117872}, {"totalMessagesWritten":86,"totalMessagesProcessed":92,"totalRedisUpdates":58,"totalValueWritten":1679.9355,"totalAdded":609.0}, {"key":"ptg0W","version":2,"value":4.4096494}, {"key":"YosHQ","version":0,"value":17.323578}, {"key":"iQXqs","version":0,"value":13.890389}, {"totalMessagesWritten":89,"totalMessagesProcessed":96,"totalRedisUpdates":59,"totalValueWritten":1807.1638,"totalAdded":619.5}, {"key":"7MVlp","version":0,"value":10.854686}, {"key":"yGF3T","version":0,"value":15.588986}, {"key":"sVIbF","version":0,"value":11.990463}, {"totalMessagesWritten":92,"totalMessagesProcessed":100,"totalRedisUpdates":62,"totalValueWritten":1875.1003,"totalAdded":651.0}, {"key":"M0ZAh","version":0,"value":12.165059}, {"key":"XZ0wU","version":1,"value":19.409481}, {"totalMessagesWritten":94,"totalMessagesProcessed":103,"totalRedisUpdates":64,"totalValueWritten":1906.6748,"totalAdded":672.0}, {"key":"q0NdV","version":1,"value":24.257484}, {"key":"llh8b","version":2,"value":19.929}, {"key":"cUNcA","version":2,"value":23.292547}, {"key":"HcnlM","version":1,"value":25.442463}, {"key":"G5FL1","version":0,"value":14.116692}, {"key":"fTr60","version":2,"value":15.133839}, {"key":"X22O1","version":1,"value":24.041033}, {"key":"kueKc","version":2,"value":19.415928}, {"key":"tti5s","version":0,"value":15.430843}, {"totalMessagesWritten":103,"totalMessagesProcessed":113,"totalRedisUpdates":71,"totalValueWritten":2138.472,"totalAdded":745.5}, {"key":"4cgCH","version":2,"value":0.53920627}, {"totalMessagesWritten":104,"totalMessagesProcessed":115,"totalRedisUpdates":71,"totalValueWritten":2139.0112,"totalAdded":745.5}, {"key":"BmC03","version":0,"value":14.1694765}, {"key":"9gWL8","version":0,"value":22.917349}, {"key":"XZ0wU","version":1,"value":11.905178}, {"key":"sB4i2","version":0,"value":27.664087}, {"key":"Ujfdm","version":2,"value":18.468653}, {"key":"RkFY2","version":0,"value":23.3815}, {"key":"rbH47","version":2,"value":12.408483}, {"key":"MJ6md","version":1,"value":12.182986}, {"key":"evmg1","version":1,"value":9.611359}, {"key":"pDdbY","version":2,"value":12.28111}, {"key":"rbH47","version":2,"value":0.77082515}, {"key":"llh8b","version":2,"value":6.766118}, {"key":"ra8IF","version":2,"value":19.15006}, {"key":"6MiWG","version":0,"value":27.470013}, {"totalMessagesWritten":118,"totalMessagesProcessed":130,"totalRedisUpdates":81,"totalValueWritten":2358.1584,"totalAdded":850.5}, {"key":"FCedJ","version":1,"value":22.849909}, {"key":"frDJx","version":0,"value":19.135801}, {"key":"94SrD","version":1,"value":11.955534}, {"totalMessagesWritten":121,"totalMessagesProcessed":134,"totalRedisUpdates":82,"totalValueWritten":2412.0996,"totalAdded":861.0}, {"key":"D3gH1","version":0,"value":24.031885}, {"key":"n2ct8","version":1,"value":16.404253}, {"totalMessagesWritten":123,"totalMessagesProcessed":137,"totalRedisUpdates":84,"totalValueWritten":2452.536,"totalAdded":882.0}]
02:24:56.840 INFO  u.a.e.a.c.AcpCw2ApplicationTests - ===============================PASSED===================================
02:24:56.841 INFO  u.a.e.a.c.AcpCw2ApplicationTests - --------------STARTING TRANSFORM TEST----------------
02:24:56.841 INFO  u.a.e.a.c.AcpCw2ApplicationTests - Generating 126 packets
02:24:56.850 INFO  u.a.e.a.c.s.RabbitMqService - Sent 126/126 messages to TransformTestRead-63424-bNdJm
02:24:56.857 INFO  u.a.e.a.c.d.MessageTransformer - Transforming messages; read_queue:TransformTestRead-63424-bNdJm, write_queue:TransformTestWrite-87426-zF0Au, count:126
02:24:56.857 INFO  u.a.e.a.c.s.RabbitMqService - [With Validation]Reading queue TransformTestRead-63424-bNdJm: count=126
02:24:56.905 INFO  u.a.e.a.c.s.RabbitMqService - [With Validation]Received 126/126 messages in 48ms
02:24:56.905 INFO  u.a.e.a.c.s.RabbitMqService - returning: [{"key":"pfMJL","version":0,"value":1.420443}, {"key":"yB94N","version":0,"value":14.576316}, {"key":"uinl6","version":1,"value":14.207178}, {"key":"vuRCu","version":1,"value":2.140013}, {"key":"uinl6","version":2,"value":13.532166}, {"key":"qcm02","version":0,"value":3.83196}, {"key":"pfMJL","version":1,"value":18.557163}, {"key":"xbwun","version":0,"value":11.202917}, {"key":"AXcep","version":0,"value":15.535505}, {"key":"psGvM","version":1,"value":13.600011}, {"key":"AXcep","version":2,"value":18.553995}, {"key":"lNgat","version":0,"value":8.077665}, {"key":"KJGeb","version":0,"value":19.650229}, {"key":"bfgoL","version":0,"value":16.223162}, {"key":"lNgat","version":1,"value":3.942064}, {"key":"qcm02","TOTAL":63.958614}, {"key":"yB94N"}, {"key":"OG9xk","version":2,"value":3.8950753}, {"key":"BKf75","version":1,"value":2.9427063}, {"key":"5yOYg","version":2,"value":6.660079}, {"key":"bfgoL","version":1,"value":11.050643}, {"key":"B92tX","version":2,"value":15.02928}, {"key":"61Epf","version":1,"value":6.934284}, {"key":"uinl6"}, {"key":"pfMJL","version":0,"value":15.964912}, {"key":"ppyIc","version":2,"value":15.97447}, {"key":"lNgat","version":2,"value":12.716045}, {"key":"bfgoL","version":0,"value":2.9246151}, {"key":"OG9xk","version":2,"value":13.145521}, {"key":"TCqC2","version":1,"value":14.223504}, {"key":"JhMKT","version":2,"value":8.096691}, {"key":"KJGeb","version":1,"value":8.318072}, {"key":"0qVKY","version":1,"value":12.907488}, {"key":"B92tX","version":2,"value":15.257891}, {"key":"HSqDa","version":0,"value":15.176682}, {"key":"B92tX","version":2,"value":7.2794304}, {"key":"6iktU","version":1,"value":9.282508}, {"key":"47sB5","version":2,"value":2.8959131}, {"key":"61Epf","version":1,"value":12.764001}, {"key":"5yOYg","version":1,"value":3.415085}, {"key":"KJGeb","TOTAL":81.08179}, {"key":"61Epf"}, {"key":"JQ7cO","version":2,"value":10.876413}, {"key":"LjBmj","version":1,"value":13.080558}, {"key":"Og6pI","version":0,"value":19.62487}, {"key":"L2sng","version":2,"value":5.2687407}, {"key":"OG9xk","version":2,"value":9.684644}, {"key":"vuRCu","version":2,"value":12.79207}, {"key":"cVKgs","version":0,"value":13.570179}, {"key":"BKf75","version":0,"value":17.883322}, {"key":"u3gBS","version":0,"value":17.4679}, {"key":"t6Ot4","version":1,"value":4.278476}, {"key":"U9p9b","version":2,"value":13.315239}, {"key":"iQDjI","version":0,"value":0.24650097}, {"key":"cBmbp","version":2,"value":6.9351387}, {"key":"6Wg5Z","version":0,"value":1.8355107}, {"key":"OG9xk","version":1,"value":1.9714999}, {"key":"ppyIc","version":0,"value":8.535295}, {"key":"TCqC2","version":0,"value":5.1605296}, {"key":"wOPwB","version":1,"value":12.845}, {"key":"NOXP9","version":1,"value":6.94436}, {"key":"ItUY7","version":2,"value":6.108215}, {"key":"5yOYg","version":1,"value":16.392616}, {"key":"bfgoL","version":0,"value":16.218594}, {"key":"iQDjI","version":2,"value":4.9377546}, {"key":"dWOCr","version":2,"value":1.2412608}, {"key":"TygbU","version":1,"value":3.4430563}, {"key":"G6qOr","version":1,"value":7.303169}, {"key":"7R6ot","version":2,"value":16.033943}, {"key":"rljUc","version":1,"value":10.550843}, {"key":"imyCP","version":1,"value":4.163766}, {"key":"uPbe1","version":1,"value":2.0953023}, {"key":"xbwun","version":1,"value":8.777499}, {"key":"ValRm","version":0,"value":11.24766}, {"key":"QmoYq","version":0,"value":8.479291}, {"key":"ZwABX","version":2,"value":6.017522}, {"key":"RO6XR","version":2,"value":12.573694}, {"key":"gEmVE","version":2,"value":0.0067079067}, {"key":"0qVKY","version":2,"value":1.9875872}, {"key":"7R6ot","version":1,"value":6.4903116}, {"key":"7R6ot","version":2,"value":14.260498}, {"key":"TCqC2","version":1,"value":9.959187}, {"key":"cBmbp","version":1,"value":5.0451875}, {"key":"Og6pI","version":1,"value":5.1645126}, {"key":"i5bOU","version":0,"value":16.595495}, {"key":"VrA61","version":2,"value":8.390103}, {"key":"WVkq3","version":0,"value":13.447915}, {"key":"xbwun","version":0,"value":5.798773}, {"key":"kh6pu","version":0,"value":14.240213}, {"key":"Rk5kg","version":1,"value":6.3037767}, {"key":"VxCsM","version":1,"value":17.77455}, {"key":"imyCP","version":0,"value":12.834258}, {"key":"TygbU","version":2,"value":10.424763}, {"key":"WVkq3","version":0,"value":3.8830364}, {"key":"VFDqG","version":2,"value":1.0784721}, {"key":"OVexG","version":0,"value":2.741053}, {"key":"oFUmt","version":1,"value":12.536465}, {"key":"hCg2u","version":0,"value":6.965808}, {"key":"RO6XR"}, {"key":"QmoYq","version":2,"value":5.131502}, {"key":"KVEU7","version":2,"value":18.607056}, {"key":"OVexG","version":2,"value":5.9646883}, {"key":"VxCsM","version":0,"value":4.763391}, {"key":"ItUY7","version":0,"value":17.083029}, {"key":"LjBmj","version":1,"value":19.103554}, {"key":"hWlIJ","version":1,"value":4.9810314}, {"key":"9Cb8i","version":1,"value":16.99451}, {"key":"fMNKL","version":1,"value":12.550508}, {"key":"U9p9b","version":2,"value":9.694786}, {"key":"GlWcO","version":2,"value":13.525225}, {"key":"hWlIJ","version":2,"value":3.3083236}, {"key":"AXcep","version":2,"value":9.077734}, {"key":"1HBMW","version":2,"value":0.9345329}, {"key":"i5bOU","version":1,"value":5.033927}, {"key":"wAiAE","version":1,"value":10.717579}, {"key":"nBwji","version":1,"value":19.144947}, {"key":"2hOVt","version":2,"value":19.15216}, {"key":"ValRm"}, {"key":"pAbE9","version":0,"value":17.753962}, {"key":"6iktU","version":0,"value":6.699382}, {"key":"13upL","version":0,"value":16.883745}, {"key":"xbwun","version":1,"value":10.281533}, {"key":"lBmX1","version":0,"value":14.287019}, {"key":"Rd4Ku","version":1,"value":4.2558336}, {"key":"L2sng","version":1,"value":2.1994019}, {"key":"TygbU","TOTAL":95.43692}]
02:24:56.906 INFO  u.a.e.a.c.d.MessageTransformer - 0% complete...
02:24:57.479 INFO  u.a.e.a.c.d.MessageTransformer - 10% complete...
02:24:58.098 INFO  u.a.e.a.c.d.MessageTransformer - 20% complete...
02:24:58.738 INFO  u.a.e.a.c.d.MessageTransformer - 30% complete...
02:24:59.349 INFO  u.a.e.a.c.d.MessageTransformer - 40% complete...
02:24:59.968 INFO  u.a.e.a.c.d.MessageTransformer - 50% complete...
02:25:00.607 INFO  u.a.e.a.c.d.MessageTransformer - 60% complete...
02:25:01.238 INFO  u.a.e.a.c.d.MessageTransformer - 70% complete...
02:25:01.878 INFO  u.a.e.a.c.d.MessageTransformer - 80% complete...
02:25:02.498 INFO  u.a.e.a.c.d.MessageTransformer - 90% complete...
02:25:03.168 INFO  u.a.e.a.c.d.MessageTransformer - 100% complete...
02:25:03.487 INFO  u.a.e.a.c.d.MessageTransformer - 100% complete. Tranformed 126 messages
02:25:03.492 INFO  u.a.e.a.c.s.RabbitMqService - Reading queue TransformTestWrite-87426-zF0Au: count=126
02:25:03.547 INFO  u.a.e.a.c.s.RabbitMqService - Received 126/126 messages in 55ms
02:25:03.547 INFO  u.a.e.a.c.s.RabbitMqService - returning: [{"key":"pfMJL","version":0,"value":11.920443}, {"key":"yB94N","version":0,"value":25.076317}, {"key":"uinl6","version":1,"value":24.707178}, {"key":"vuRCu","version":1,"value":12.640013}, {"key":"uinl6","version":2,"value":24.032166}, {"key":"qcm02","version":0,"value":14.33196}, {"key":"pfMJL","version":1,"value":29.057163}, {"key":"xbwun","version":0,"value":21.702917}, {"key":"AXcep","version":0,"value":26.035505}, {"key":"psGvM","version":1,"value":24.10001}, {"key":"AXcep","version":2,"value":29.053995}, {"key":"lNgat","version":0,"value":18.577665}, {"key":"KJGeb","version":0,"value":30.150229}, {"key":"bfgoL","version":0,"value":26.723162}, {"key":"lNgat","version":1,"value":14.442064}, {"totalMessagesWritten":15,"totalMessagesProcessed":16,"totalRedisUpdates":15,"totalValueWritten":396.50943,"totalAdded":157.5}, {"totalMessagesWritten":15,"totalMessagesProcessed":17,"totalRedisUpdates":15,"totalValueWritten":396.50943,"totalAdded":157.5}, {"key":"OG9xk","version":2,"value":14.395075}, {"key":"BKf75","version":1,"value":13.442706}, {"key":"5yOYg","version":2,"value":17.16008}, {"key":"bfgoL","version":1,"value":21.550644}, {"key":"B92tX","version":2,"value":25.52928}, {"key":"61Epf","version":1,"value":17.434284}, {"totalMessagesWritten":21,"totalMessagesProcessed":24,"totalRedisUpdates":21,"totalValueWritten":506.02155,"totalAdded":220.5}, {"key":"pfMJL","version":0,"value":15.964912}, {"key":"ppyIc","version":2,"value":26.47447}, {"key":"lNgat","version":2,"value":23.216045}, {"key":"bfgoL","version":0,"value":2.9246151}, {"key":"OG9xk","version":2,"value":13.145521}, {"key":"TCqC2","version":1,"value":24.723503}, {"key":"JhMKT","version":2,"value":18.596691}, {"key":"KJGeb","version":1,"value":18.818073}, {"key":"0qVKY","version":1,"value":23.407488}, {"key":"B92tX","version":2,"value":15.257891}, {"key":"HSqDa","version":0,"value":25.676682}, {"key":"B92tX","version":2,"value":7.2794304}, {"key":"6iktU","version":1,"value":19.782509}, {"key":"47sB5","version":2,"value":13.395913}, {"key":"61Epf","version":1,"value":12.764001}, {"key":"5yOYg","version":1,"value":3.415085}, {"totalMessagesWritten":37,"totalMessagesProcessed":41,"totalRedisUpdates":30,"totalValueWritten":851.94617,"totalAdded":315.0}, {"totalMessagesWritten":37,"totalMessagesProcessed":42,"totalRedisUpdates":30,"totalValueWritten":851.94617,"totalAdded":315.0}, {"key":"JQ7cO","version":2,"value":21.376413}, {"key":"LjBmj","version":1,"value":23.580559}, {"key":"Og6pI","version":0,"value":30.12487}, {"key":"L2sng","version":2,"value":15.768741}, {"key":"OG9xk","version":2,"value":9.684644}, {"key":"vuRCu","version":2,"value":23.29207}, {"key":"cVKgs","version":0,"value":24.070179}, {"key":"BKf75","version":0,"value":17.883322}, {"key":"u3gBS","version":0,"value":27.9679}, {"key":"t6Ot4","version":1,"value":14.778477}, {"key":"U9p9b","version":2,"value":23.815239}, {"key":"iQDjI","version":0,"value":10.746501}, {"key":"cBmbp","version":2,"value":17.435139}, {"key":"6Wg5Z","version":0,"value":12.33551}, {"key":"OG9xk","version":1,"value":1.9714999}, {"key":"ppyIc","version":0,"value":8.535295}, {"key":"TCqC2","version":0,"value":5.1605296}, {"key":"wOPwB","version":1,"value":23.345001}, {"key":"NOXP9","version":1,"value":17.444359}, {"key":"ItUY7","version":2,"value":16.608215}, {"key":"5yOYg","version":1,"value":16.392616}, {"key":"bfgoL","version":0,"value":16.218594}, {"key":"iQDjI","version":2,"value":15.437755}, {"key":"dWOCr","version":2,"value":11.741261}, {"key":"TygbU","version":1,"value":13.943056}, {"key":"G6qOr","version":1,"value":17.80317}, {"key":"7R6ot","version":2,"value":26.533943}, {"key":"rljUc","version":1,"value":21.050842}, {"key":"imyCP","version":1,"value":14.663766}, {"key":"uPbe1","version":1,"value":12.595303}, {"key":"xbwun","version":1,"value":19.2775}, {"key":"ValRm","version":0,"value":21.74766}, {"key":"QmoYq","version":0,"value":18.97929}, {"key":"ZwABX","version":2,"value":16.51752}, {"key":"RO6XR","version":2,"value":23.073694}, {"key":"gEmVE","version":2,"value":10.506708}, {"key":"0qVKY","version":2,"value":12.487587}, {"key":"7R6ot","version":1,"value":6.4903116}, {"key":"7R6ot","version":2,"value":14.260498}, {"key":"TCqC2","version":1,"value":9.959187}, {"key":"cBmbp","version":1,"value":5.0451875}, {"key":"Og6pI","version":1,"value":15.664513}, {"key":"i5bOU","version":0,"value":27.095495}, {"key":"VrA61","version":2,"value":18.890102}, {"key":"WVkq3","version":0,"value":23.947914}, {"key":"xbwun","version":0,"value":5.798773}, {"key":"kh6pu","version":0,"value":24.740213}, {"key":"Rk5kg","version":1,"value":16.803776}, {"key":"VxCsM","version":1,"value":28.27455}, {"key":"imyCP","version":0,"value":12.834258}, {"key":"TygbU","version":2,"value":20.924763}, {"key":"WVkq3","version":0,"value":3.8830364}, {"key":"VFDqG","version":2,"value":11.578472}, {"key":"OVexG","version":0,"value":13.241053}, {"key":"oFUmt","version":1,"value":23.036465}, {"key":"hCg2u","version":0,"value":17.465809}, {"totalMessagesWritten":93,"totalMessagesProcessed":99,"totalRedisUpdates":72,"totalValueWritten":1786.7758,"totalAdded":756.0}, {"key":"QmoYq","version":2,"value":15.631502}, {"key":"KVEU7","version":2,"value":29.107056}, {"key":"OVexG","version":2,"value":16.464687}, {"key":"VxCsM","version":0,"value":4.763391}, {"key":"ItUY7","version":0,"value":17.083029}, {"key":"LjBmj","version":1,"value":19.103554}, {"key":"hWlIJ","version":1,"value":15.481031}, {"key":"9Cb8i","version":1,"value":27.49451}, {"key":"fMNKL","version":1,"value":23.050507}, {"key":"U9p9b","version":2,"value":9.694786}, {"key":"GlWcO","version":2,"value":24.025225}, {"key":"hWlIJ","version":2,"value":13.808324}, {"key":"AXcep","version":2,"value":9.077734}, {"key":"1HBMW","version":2,"value":11.434533}, {"key":"i5bOU","version":1,"value":15.533927}, {"key":"wAiAE","version":1,"value":21.217579}, {"key":"nBwji","version":1,"value":29.644947}, {"key":"2hOVt","version":2,"value":29.65216}, {"totalMessagesWritten":111,"totalMessagesProcessed":118,"totalRedisUpdates":85,"totalValueWritten":2119.0444,"totalAdded":892.5}, {"key":"pAbE9","version":0,"value":28.253962}, {"key":"6iktU","version":0,"value":6.699382}, {"key":"13upL","version":0,"value":27.383745}, {"key":"xbwun","version":1,"value":10.281533}, {"key":"lBmX1","version":0,"value":24.787018}, {"key":"Rd4Ku","version":1,"value":14.755834}, {"key":"L2sng","version":1,"value":2.1994019}, {"totalMessagesWritten":118,"totalMessagesProcessed":126,"totalRedisUpdates":89,"totalValueWritten":2328.8425,"totalAdded":934.5}]
02:25:04.464 INFO  u.a.e.a.c.s.RabbitMqService - Sent 126/126 messages to TransformTestRead-10483-iHyu9
02:25:04.464 INFO  u.a.e.a.c.d.MessageTransformer - Transforming messages; read_queue:TransformTestRead-10483-iHyu9, write_queue:TransformTestWrite-22035-Jv3sU, count:126
02:25:04.464 INFO  u.a.e.a.c.s.RabbitMqService - [With Validation]Reading queue TransformTestRead-10483-iHyu9: count=126
02:25:04.517 INFO  u.a.e.a.c.s.RabbitMqService - [With Validation]Received 126/126 messages in 53ms
02:25:04.517 INFO  u.a.e.a.c.s.RabbitMqService - returning: [{"key":"pfMJL","version":0,"value":1.420443}, {"key":"yB94N","version":0,"value":14.576316}, {"key":"uinl6","version":1,"value":14.207178}, {"key":"vuRCu","version":1,"value":2.140013}, {"key":"uinl6","version":2,"value":13.532166}, {"key":"qcm02","version":0,"value":3.83196}, {"key":"pfMJL","version":1,"value":18.557163}, {"key":"xbwun","version":0,"value":11.202917}, {"key":"AXcep","version":0,"value":15.535505}, {"key":"psGvM","version":1,"value":13.600011}, {"key":"AXcep","version":2,"value":18.553995}, {"key":"lNgat","version":0,"value":8.077665}, {"key":"KJGeb","version":0,"value":19.650229}, {"key":"bfgoL","version":0,"value":16.223162}, {"key":"lNgat","version":1,"value":3.942064}, {"key":"qcm02","TOTAL":63.958614}, {"key":"yB94N"}, {"key":"OG9xk","version":2,"value":3.8950753}, {"key":"BKf75","version":1,"value":2.9427063}, {"key":"5yOYg","version":2,"value":6.660079}, {"key":"bfgoL","version":1,"value":11.050643}, {"key":"B92tX","version":2,"value":15.02928}, {"key":"61Epf","version":1,"value":6.934284}, {"key":"uinl6"}, {"key":"pfMJL","version":0,"value":15.964912}, {"key":"ppyIc","version":2,"value":15.97447}, {"key":"lNgat","version":2,"value":12.716045}, {"key":"bfgoL","version":0,"value":2.9246151}, {"key":"OG9xk","version":2,"value":13.145521}, {"key":"TCqC2","version":1,"value":14.223504}, {"key":"JhMKT","version":2,"value":8.096691}, {"key":"KJGeb","version":1,"value":8.318072}, {"key":"0qVKY","version":1,"value":12.907488}, {"key":"B92tX","version":2,"value":15.257891}, {"key":"HSqDa","version":0,"value":15.176682}, {"key":"B92tX","version":2,"value":7.2794304}, {"key":"6iktU","version":1,"value":9.282508}, {"key":"47sB5","version":2,"value":2.8959131}, {"key":"61Epf","version":1,"value":12.764001}, {"key":"5yOYg","version":1,"value":3.415085}, {"key":"KJGeb","TOTAL":81.08179}, {"key":"61Epf"}, {"key":"JQ7cO","version":2,"value":10.876413}, {"key":"LjBmj","version":1,"value":13.080558}, {"key":"Og6pI","version":0,"value":19.62487}, {"key":"L2sng","version":2,"value":5.2687407}, {"key":"OG9xk","version":2,"value":9.684644}, {"key":"vuRCu","version":2,"value":12.79207}, {"key":"cVKgs","version":0,"value":13.570179}, {"key":"BKf75","version":0,"value":17.883322}, {"key":"u3gBS","version":0,"value":17.4679}, {"key":"t6Ot4","version":1,"value":4.278476}, {"key":"U9p9b","version":2,"value":13.315239}, {"key":"iQDjI","version":0,"value":0.24650097}, {"key":"cBmbp","version":2,"value":6.9351387}, {"key":"6Wg5Z","version":0,"value":1.8355107}, {"key":"OG9xk","version":1,"value":1.9714999}, {"key":"ppyIc","version":0,"value":8.535295}, {"key":"TCqC2","version":0,"value":5.1605296}, {"key":"wOPwB","version":1,"value":12.845}, {"key":"NOXP9","version":1,"value":6.94436}, {"key":"ItUY7","version":2,"value":6.108215}, {"key":"5yOYg","version":1,"value":16.392616}, {"key":"bfgoL","version":0,"value":16.218594}, {"key":"iQDjI","version":2,"value":4.9377546}, {"key":"dWOCr","version":2,"value":1.2412608}, {"key":"TygbU","version":1,"value":3.4430563}, {"key":"G6qOr","version":1,"value":7.303169}, {"key":"7R6ot","version":2,"value":16.033943}, {"key":"rljUc","version":1,"value":10.550843}, {"key":"imyCP","version":1,"value":4.163766}, {"key":"uPbe1","version":1,"value":2.0953023}, {"key":"xbwun","version":1,"value":8.777499}, {"key":"ValRm","version":0,"value":11.24766}, {"key":"QmoYq","version":0,"value":8.479291}, {"key":"ZwABX","version":2,"value":6.017522}, {"key":"RO6XR","version":2,"value":12.573694}, {"key":"gEmVE","version":2,"value":0.0067079067}, {"key":"0qVKY","version":2,"value":1.9875872}, {"key":"7R6ot","version":1,"value":6.4903116}, {"key":"7R6ot","version":2,"value":14.260498}, {"key":"TCqC2","version":1,"value":9.959187}, {"key":"cBmbp","version":1,"value":5.0451875}, {"key":"Og6pI","version":1,"value":5.1645126}, {"key":"i5bOU","version":0,"value":16.595495}, {"key":"VrA61","version":2,"value":8.390103}, {"key":"WVkq3","version":0,"value":13.447915}, {"key":"xbwun","version":0,"value":5.798773}, {"key":"kh6pu","version":0,"value":14.240213}, {"key":"Rk5kg","version":1,"value":6.3037767}, {"key":"VxCsM","version":1,"value":17.77455}, {"key":"imyCP","version":0,"value":12.834258}, {"key":"TygbU","version":2,"value":10.424763}, {"key":"WVkq3","version":0,"value":3.8830364}, {"key":"VFDqG","version":2,"value":1.0784721}, {"key":"OVexG","version":0,"value":2.741053}, {"key":"oFUmt","version":1,"value":12.536465}, {"key":"hCg2u","version":0,"value":6.965808}, {"key":"RO6XR"}, {"key":"QmoYq","version":2,"value":5.131502}, {"key":"KVEU7","version":2,"value":18.607056}, {"key":"OVexG","version":2,"value":5.9646883}, {"key":"VxCsM","version":0,"value":4.763391}, {"key":"ItUY7","version":0,"value":17.083029}, {"key":"LjBmj","version":1,"value":19.103554}, {"key":"hWlIJ","version":1,"value":4.9810314}, {"key":"9Cb8i","version":1,"value":16.99451}, {"key":"fMNKL","version":1,"value":12.550508}, {"key":"U9p9b","version":2,"value":9.694786}, {"key":"GlWcO","version":2,"value":13.525225}, {"key":"hWlIJ","version":2,"value":3.3083236}, {"key":"AXcep","version":2,"value":9.077734}, {"key":"1HBMW","version":2,"value":0.9345329}, {"key":"i5bOU","version":1,"value":5.033927}, {"key":"wAiAE","version":1,"value":10.717579}, {"key":"nBwji","version":1,"value":19.144947}, {"key":"2hOVt","version":2,"value":19.15216}, {"key":"ValRm"}, {"key":"pAbE9","version":0,"value":17.753962}, {"key":"6iktU","version":0,"value":6.699382}, {"key":"13upL","version":0,"value":16.883745}, {"key":"xbwun","version":1,"value":10.281533}, {"key":"lBmX1","version":0,"value":14.287019}, {"key":"Rd4Ku","version":1,"value":4.2558336}, {"key":"L2sng","version":1,"value":2.1994019}, {"key":"TygbU","TOTAL":95.43692}]
02:25:04.518 INFO  u.a.e.a.c.d.MessageTransformer - 0% complete...
02:25:05.097 INFO  u.a.e.a.c.d.MessageTransformer - 10% complete...
02:25:05.716 INFO  u.a.e.a.c.d.MessageTransformer - 20% complete...
02:25:06.337 INFO  u.a.e.a.c.d.MessageTransformer - 30% complete...
02:25:06.988 INFO  u.a.e.a.c.d.MessageTransformer - 40% complete...
02:25:07.617 INFO  u.a.e.a.c.d.MessageTransformer - 50% complete...
02:25:08.218 INFO  u.a.e.a.c.d.MessageTransformer - 60% complete...
02:25:08.826 INFO  u.a.e.a.c.d.MessageTransformer - 70% complete...
02:25:09.467 INFO  u.a.e.a.c.d.MessageTransformer - 80% complete...
02:25:10.076 INFO  u.a.e.a.c.d.MessageTransformer - 90% complete...
02:25:10.727 INFO  u.a.e.a.c.d.MessageTransformer - 100% complete...
02:25:11.047 INFO  u.a.e.a.c.d.MessageTransformer - 100% complete. Tranformed 126 messages
02:25:11.047 INFO  u.a.e.a.c.s.RabbitMqService - Reading queue TransformTestWrite-22035-Jv3sU: count=126
02:25:11.117 INFO  u.a.e.a.c.s.RabbitMqService - Received 126/126 messages in 70ms
02:25:11.117 INFO  u.a.e.a.c.s.RabbitMqService - returning: [{"key":"pfMJL","version":0,"value":11.920443}, {"key":"yB94N","version":0,"value":25.076317}, {"key":"uinl6","version":1,"value":24.707178}, {"key":"vuRCu","version":1,"value":12.640013}, {"key":"uinl6","version":2,"value":24.032166}, {"key":"qcm02","version":0,"value":14.33196}, {"key":"pfMJL","version":1,"value":29.057163}, {"key":"xbwun","version":0,"value":21.702917}, {"key":"AXcep","version":0,"value":26.035505}, {"key":"psGvM","version":1,"value":24.10001}, {"key":"AXcep","version":2,"value":29.053995}, {"key":"lNgat","version":0,"value":18.577665}, {"key":"KJGeb","version":0,"value":30.150229}, {"key":"bfgoL","version":0,"value":26.723162}, {"key":"lNgat","version":1,"value":14.442064}, {"totalMessagesWritten":15,"totalMessagesProcessed":16,"totalRedisUpdates":15,"totalValueWritten":396.50943,"totalAdded":157.5}, {"totalMessagesWritten":15,"totalMessagesProcessed":17,"totalRedisUpdates":15,"totalValueWritten":396.50943,"totalAdded":157.5}, {"key":"OG9xk","version":2,"value":14.395075}, {"key":"BKf75","version":1,"value":13.442706}, {"key":"5yOYg","version":2,"value":17.16008}, {"key":"bfgoL","version":1,"value":21.550644}, {"key":"B92tX","version":2,"value":25.52928}, {"key":"61Epf","version":1,"value":17.434284}, {"totalMessagesWritten":21,"totalMessagesProcessed":24,"totalRedisUpdates":21,"totalValueWritten":506.02155,"totalAdded":220.5}, {"key":"pfMJL","version":0,"value":15.964912}, {"key":"ppyIc","version":2,"value":26.47447}, {"key":"lNgat","version":2,"value":23.216045}, {"key":"bfgoL","version":0,"value":2.9246151}, {"key":"OG9xk","version":2,"value":13.145521}, {"key":"TCqC2","version":1,"value":24.723503}, {"key":"JhMKT","version":2,"value":18.596691}, {"key":"KJGeb","version":1,"value":18.818073}, {"key":"0qVKY","version":1,"value":23.407488}, {"key":"B92tX","version":2,"value":15.257891}, {"key":"HSqDa","version":0,"value":25.676682}, {"key":"B92tX","version":2,"value":7.2794304}, {"key":"6iktU","version":1,"value":19.782509}, {"key":"47sB5","version":2,"value":13.395913}, {"key":"61Epf","version":1,"value":12.764001}, {"key":"5yOYg","version":1,"value":3.415085}, {"totalMessagesWritten":37,"totalMessagesProcessed":41,"totalRedisUpdates":30,"totalValueWritten":851.94617,"totalAdded":315.0}, {"totalMessagesWritten":37,"totalMessagesProcessed":42,"totalRedisUpdates":30,"totalValueWritten":851.94617,"totalAdded":315.0}, {"key":"JQ7cO","version":2,"value":21.376413}, {"key":"LjBmj","version":1,"value":23.580559}, {"key":"Og6pI","version":0,"value":30.12487}, {"key":"L2sng","version":2,"value":15.768741}, {"key":"OG9xk","version":2,"value":9.684644}, {"key":"vuRCu","version":2,"value":23.29207}, {"key":"cVKgs","version":0,"value":24.070179}, {"key":"BKf75","version":0,"value":17.883322}, {"key":"u3gBS","version":0,"value":27.9679}, {"key":"t6Ot4","version":1,"value":14.778477}, {"key":"U9p9b","version":2,"value":23.815239}, {"key":"iQDjI","version":0,"value":10.746501}, {"key":"cBmbp","version":2,"value":17.435139}, {"key":"6Wg5Z","version":0,"value":12.33551}, {"key":"OG9xk","version":1,"value":1.9714999}, {"key":"ppyIc","version":0,"value":8.535295}, {"key":"TCqC2","version":0,"value":5.1605296}, {"key":"wOPwB","version":1,"value":23.345001}, {"key":"NOXP9","version":1,"value":17.444359}, {"key":"ItUY7","version":2,"value":16.608215}, {"key":"5yOYg","version":1,"value":16.392616}, {"key":"bfgoL","version":0,"value":16.218594}, {"key":"iQDjI","version":2,"value":15.437755}, {"key":"dWOCr","version":2,"value":11.741261}, {"key":"TygbU","version":1,"value":13.943056}, {"key":"G6qOr","version":1,"value":17.80317}, {"key":"7R6ot","version":2,"value":26.533943}, {"key":"rljUc","version":1,"value":21.050842}, {"key":"imyCP","version":1,"value":14.663766}, {"key":"uPbe1","version":1,"value":12.595303}, {"key":"xbwun","version":1,"value":19.2775}, {"key":"ValRm","version":0,"value":21.74766}, {"key":"QmoYq","version":0,"value":18.97929}, {"key":"ZwABX","version":2,"value":16.51752}, {"key":"RO6XR","version":2,"value":23.073694}, {"key":"gEmVE","version":2,"value":10.506708}, {"key":"0qVKY","version":2,"value":12.487587}, {"key":"7R6ot","version":1,"value":6.4903116}, {"key":"7R6ot","version":2,"value":14.260498}, {"key":"TCqC2","version":1,"value":9.959187}, {"key":"cBmbp","version":1,"value":5.0451875}, {"key":"Og6pI","version":1,"value":15.664513}, {"key":"i5bOU","version":0,"value":27.095495}, {"key":"VrA61","version":2,"value":18.890102}, {"key":"WVkq3","version":0,"value":23.947914}, {"key":"xbwun","version":0,"value":5.798773}, {"key":"kh6pu","version":0,"value":24.740213}, {"key":"Rk5kg","version":1,"value":16.803776}, {"key":"VxCsM","version":1,"value":28.27455}, {"key":"imyCP","version":0,"value":12.834258}, {"key":"TygbU","version":2,"value":20.924763}, {"key":"WVkq3","version":0,"value":3.8830364}, {"key":"VFDqG","version":2,"value":11.578472}, {"key":"OVexG","version":0,"value":13.241053}, {"key":"oFUmt","version":1,"value":23.036465}, {"key":"hCg2u","version":0,"value":17.465809}, {"totalMessagesWritten":93,"totalMessagesProcessed":99,"totalRedisUpdates":72,"totalValueWritten":1786.7758,"totalAdded":756.0}, {"key":"QmoYq","version":2,"value":15.631502}, {"key":"KVEU7","version":2,"value":29.107056}, {"key":"OVexG","version":2,"value":16.464687}, {"key":"VxCsM","version":0,"value":4.763391}, {"key":"ItUY7","version":0,"value":17.083029}, {"key":"LjBmj","version":1,"value":19.103554}, {"key":"hWlIJ","version":1,"value":15.481031}, {"key":"9Cb8i","version":1,"value":27.49451}, {"key":"fMNKL","version":1,"value":23.050507}, {"key":"U9p9b","version":2,"value":9.694786}, {"key":"GlWcO","version":2,"value":24.025225}, {"key":"hWlIJ","version":2,"value":13.808324}, {"key":"AXcep","version":2,"value":9.077734}, {"key":"1HBMW","version":2,"value":11.434533}, {"key":"i5bOU","version":1,"value":15.533927}, {"key":"wAiAE","version":1,"value":21.217579}, {"key":"nBwji","version":1,"value":29.644947}, {"key":"2hOVt","version":2,"value":29.65216}, {"totalMessagesWritten":111,"totalMessagesProcessed":118,"totalRedisUpdates":85,"totalValueWritten":2119.0444,"totalAdded":892.5}, {"key":"pAbE9","version":0,"value":28.253962}, {"key":"6iktU","version":0,"value":6.699382}, {"key":"13upL","version":0,"value":27.383745}, {"key":"xbwun","version":1,"value":10.281533}, {"key":"lBmX1","version":0,"value":24.787018}, {"key":"Rd4Ku","version":1,"value":14.755834}, {"key":"L2sng","version":1,"value":2.1994019}, {"totalMessagesWritten":118,"totalMessagesProcessed":126,"totalRedisUpdates":89,"totalValueWritten":2328.8425,"totalAdded":934.5}]
02:25:12.092 INFO  u.a.e.a.c.AcpCw2ApplicationTests - ===============================PASSED===================================
02:25:12.092 INFO  u.a.e.a.c.AcpCw2ApplicationTests - --------------STARTING TRANSFORM TEST----------------
02:25:12.092 INFO  u.a.e.a.c.AcpCw2ApplicationTests - Generating 135 packets
02:25:12.100 INFO  u.a.e.a.c.s.RabbitMqService - Sent 135/135 messages to TransformTestRead-80767-dXfmd
02:25:12.105 INFO  u.a.e.a.c.d.MessageTransformer - Transforming messages; read_queue:TransformTestRead-80767-dXfmd, write_queue:TransformTestWrite-55229-w48X3, count:135
02:25:12.105 INFO  u.a.e.a.c.s.RabbitMqService - [With Validation]Reading queue TransformTestRead-80767-dXfmd: count=135
02:25:12.167 INFO  u.a.e.a.c.s.RabbitMqService - [With Validation]Received 135/135 messages in 62ms
02:25:12.167 INFO  u.a.e.a.c.s.RabbitMqService - returning: [{"key":"RVSSR","version":2,"value":11.931888}, {"key":"GS5aM","version":2,"value":16.916601}, {"key":"bMoQG","version":2,"value":11.217556}, {"key":"2tgUS","version":1,"value":11.590737}, {"key":"6PAf5","version":0,"value":9.881462}, {"key":"2tgUS"}, {"key":"km2be","version":2,"value":4.0247097}, {"key":"9Bgkf","version":0,"value":15.700112}, {"key":"GS5aM","version":0,"value":9.381181}, {"key":"5JNOP","version":0,"value":15.357103}, {"key":"JyaDI","version":1,"value":14.72558}, {"key":"9Bgkf","version":0,"value":6.539315}, {"key":"GS5aM","version":0,"value":17.427328}, {"key":"FkvDs","version":1,"value":2.7433896}, {"key":"JyaDI","version":2,"value":9.42857}, {"key":"VCEQQ","version":1,"value":5.1048303}, {"key":"6PAf5","version":1,"value":15.98014}, {"key":"wjaW6","version":2,"value":16.130861}, {"key":"9Bgkf"}, {"key":"7hQu7","version":0,"value":3.759421}, {"key":"8nMVa","version":0,"value":11.005982}, {"key":"fXkY1","version":1,"value":6.8946686}, {"key":"GS5aM"}, {"key":"6PAf5"}, {"key":"8nMVa","version":0,"value":19.664213}, {"key":"prtYE","version":1,"value":3.974024}, {"key":"9gxva","version":0,"value":6.3953185}, {"key":"71xmn","version":1,"value":7.1697974}, {"key":"C9BjL","version":2,"value":5.590185}, {"key":"71xmn","version":1,"value":11.716705}, {"key":"bMoQG","version":1,"value":9.494547}, {"key":"iSBfq","version":1,"value":12.62006}, {"key":"7hQu7","TOTAL":88.51268}, {"key":"wjaW6","version":0,"value":14.939627}, {"key":"fXkY1"}, {"key":"ld53w","version":2,"value":18.033693}, {"key":"C9BjL"}, {"key":"km2be","version":0,"value":0.31116486}, {"key":"wjaW6","version":1,"value":5.015169}, {"key":"wjaW6","version":0,"value":13.612164}, {"key":"wjaW6","version":2,"value":5.9338856}, {"key":"XK61S","version":1,"value":12.434083}, {"key":"QPIaf","version":1,"value":7.8170013}, {"key":"BpD31","version":2,"value":9.776622}, {"key":"QPIaf","version":1,"value":5.4018116}, {"key":"9gxva"}, {"key":"OY8bB","version":1,"value":4.9723315}, {"key":"XK61S","version":0,"value":8.169151}, {"key":"VCEQQ","version":2,"value":18.024185}, {"key":"XK61S","version":0,"value":3.3843875}, {"key":"QPIaf","version":2,"value":2.2368753}, {"key":"ntpJa","version":1,"value":19.125198}, {"key":"c9shp","version":0,"value":12.948372}, {"key":"BpD31","version":0,"value":12.527645}, {"key":"bMoQG","version":0,"value":11.461982}, {"key":"cq9Dt","version":2,"value":6.094369}, {"key":"VCEQQ","version":2,"value":11.261675}, {"key":"3Nl1v","version":2,"value":14.515754}, {"key":"yHMCl","version":2,"value":19.273487}, {"key":"nfK9X","version":2,"value":9.054489}, {"key":"c1NW1","version":0,"value":3.7408817}, {"key":"bMoQG","version":0,"value":0.13635874}, {"key":"71xmn","version":2,"value":0.22146344}, {"key":"FkvDs","version":2,"value":13.555802}, {"key":"gPOVJ","version":1,"value":18.074963}, {"key":"yVMXO","version":1,"value":13.558754}, {"key":"RivI3","version":0,"value":11.649532}, {"key":"5JNOP","version":0,"value":7.511716}, {"key":"bMoQG","version":2,"value":8.365932}, {"key":"km2be"}, {"key":"sTuwr","version":2,"value":14.751525}, {"key":"OY8bB","TOTAL":65.95005}, {"key":"ld53w","version":1,"value":12.611222}, {"key":"EsvbA","version":1,"value":0.4393959}, {"key":"xN9Ox","version":2,"value":15.43214}, {"key":"iSBfq","version":0,"value":2.1361268}, {"key":"71xmn","TOTAL":31.048267}, {"key":"ME2NE","version":1,"value":0.10405183}, {"key":"c1NW1","version":0,"value":14.366077}, {"key":"fhds7","version":2,"value":12.597891}, {"key":"IoJ8w","version":0,"value":5.2882147}, {"key":"gPOVJ","TOTAL":30.21062}, {"key":"YyWWR","version":1,"value":5.7200003}, {"key":"1quc1","version":0,"value":19.654552}, {"key":"iSBfq"}, {"key":"c1NW1","version":0,"value":7.168826}, {"key":"JyaDI","version":2,"value":0.48681617}, {"key":"I17lW","version":0,"value":2.9430366}, {"key":"bMoQG"}, {"key":"10QxO","version":2,"value":2.2407734}, {"key":"LM6EW","version":2,"value":17.587801}, {"key":"WefOR","version":2,"value":7.6355815}, {"key":"SxopM","version":1,"value":8.366055}, {"key":"paZjr","version":0,"value":9.40284}, {"key":"cafdH","version":2,"value":4.2030325}, {"key":"PqHLR","version":1,"value":8.907504}, {"key":"olx24","version":0,"value":4.3332624}, {"key":"yVMXO"}, {"key":"8nMVa","version":0,"value":4.1154647}, {"key":"RVSSR","version":0,"value":8.232659}, {"key":"xRw75","version":2,"value":3.87151}, {"key":"ZhiWw","version":0,"value":8.187386}, {"key":"IvcAx","version":2,"value":11.811026}, {"key":"oVKUw","version":2,"value":17.993906}, {"key":"XK61S","version":0,"value":10.894652}, {"key":"c5o5c","version":2,"value":5.3108587}, {"key":"L4yqa","version":2,"value":14.8888035}, {"key":"b7bhp","version":0,"value":16.433105}, {"key":"6ODLs","version":2,"value":4.4097557}, {"key":"SNJKj","version":1,"value":8.7131405}, {"key":"xRw75","version":1,"value":9.074469}, {"key":"oVKUw"}, {"key":"RivI3","version":0,"value":3.9961267}, {"key":"Segce","version":2,"value":5.6278586}, {"key":"gP8rp","version":2,"value":2.3079681}, {"key":"c9shp","TOTAL":24.310667}, {"key":"BpD31"}, {"key":"ME2NE","version":0,"value":3.4494412}, {"key":"sLOmH","version":2,"value":10.245806}, {"key":"3Nl1v","version":2,"value":15.059047}, {"key":"cnxcl","version":2,"value":15.424352}, {"key":"n6L1t","version":0,"value":15.077871}, {"key":"lMFuH","version":1,"value":2.9044259}, {"key":"LxENG","version":1,"value":5.770743}, {"key":"ZhiWw","version":0,"value":10.771197}, {"key":"b7bhp","version":1,"value":10.335804}, {"key":"10QxO"}, {"key":"Segce","TOTAL":94.43453}, {"key":"jvNWC","version":2,"value":15.629864}, {"key":"Cc6G4","version":2,"value":7.6806984}, {"key":"UHb6X","version":2,"value":19.511297}, {"key":"0R8Ot","version":1,"value":14.387951}, {"key":"AxdOM","version":0,"value":2.4783516}, {"key":"LxENG","version":2,"value":19.606716}, {"key":"wjaW6"}]
02:25:12.168 INFO  u.a.e.a.c.d.MessageTransformer - 0% complete...
02:25:12.806 INFO  u.a.e.a.c.d.MessageTransformer - 10% complete...
02:25:13.477 INFO  u.a.e.a.c.d.MessageTransformer - 20% complete...
02:25:14.147 INFO  u.a.e.a.c.d.MessageTransformer - 30% complete...
02:25:14.817 INFO  u.a.e.a.c.d.MessageTransformer - 40% complete...
02:25:15.487 INFO  u.a.e.a.c.d.MessageTransformer - 50% complete...
02:25:16.168 INFO  u.a.e.a.c.d.MessageTransformer - 60% complete...
02:25:16.837 INFO  u.a.e.a.c.d.MessageTransformer - 70% complete...
02:25:17.496 INFO  u.a.e.a.c.d.MessageTransformer - 80% complete...
02:25:18.176 INFO  u.a.e.a.c.d.MessageTransformer - 90% complete...
02:25:18.886 INFO  u.a.e.a.c.d.MessageTransformer - 100% complete...
02:25:19.146 INFO  u.a.e.a.c.d.MessageTransformer - 100% complete. Tranformed 135 messages
02:25:19.149 INFO  u.a.e.a.c.s.RabbitMqService - Reading queue TransformTestWrite-55229-w48X3: count=135
02:25:19.201 INFO  u.a.e.a.c.s.RabbitMqService - Received 135/135 messages in 52ms
02:25:19.201 INFO  u.a.e.a.c.s.RabbitMqService - returning: [{"key":"RVSSR","version":2,"value":22.431889}, {"key":"GS5aM","version":2,"value":27.416601}, {"key":"bMoQG","version":2,"value":21.717556}, {"key":"2tgUS","version":1,"value":22.090736}, {"key":"6PAf5","version":0,"value":20.381462}, {"totalMessagesWritten":5,"totalMessagesProcessed":6,"totalRedisUpdates":5,"totalValueWritten":114.03824,"totalAdded":52.5}, {"key":"km2be","version":2,"value":14.52471}, {"key":"9Bgkf","version":0,"value":26.200111}, {"key":"GS5aM","version":0,"value":9.381181}, {"key":"5JNOP","version":0,"value":25.857103}, {"key":"JyaDI","version":1,"value":25.22558}, {"key":"9Bgkf","version":0,"value":6.539315}, {"key":"GS5aM","version":0,"value":17.427328}, {"key":"FkvDs","version":1,"value":13.243389}, {"key":"JyaDI","version":2,"value":19.92857}, {"key":"VCEQQ","version":1,"value":15.60483}, {"key":"6PAf5","version":1,"value":26.48014}, {"key":"wjaW6","version":2,"value":26.630861}, {"totalMessagesWritten":17,"totalMessagesProcessed":19,"totalRedisUpdates":14,"totalValueWritten":341.08136,"totalAdded":147.0}, {"key":"7hQu7","version":0,"value":14.259421}, {"key":"8nMVa","version":0,"value":21.505981}, {"key":"fXkY1","version":1,"value":17.394669}, {"totalMessagesWritten":20,"totalMessagesProcessed":23,"totalRedisUpdates":17,"totalValueWritten":394.24146,"totalAdded":178.5}, {"totalMessagesWritten":20,"totalMessagesProcessed":24,"totalRedisUpdates":17,"totalValueWritten":394.24146,"totalAdded":178.5}, {"key":"8nMVa","version":0,"value":19.664213}, {"key":"prtYE","version":1,"value":14.474024}, {"key":"9gxva","version":0,"value":16.895319}, {"key":"71xmn","version":1,"value":17.669798}, {"key":"C9BjL","version":2,"value":16.090185}, {"key":"71xmn","version":1,"value":11.716705}, {"key":"bMoQG","version":1,"value":9.494547}, {"key":"iSBfq","version":1,"value":23.12006}, {"totalMessagesWritten":28,"totalMessagesProcessed":33,"totalRedisUpdates":22,"totalValueWritten":611.879,"totalAdded":231.0}, {"key":"wjaW6","version":0,"value":14.939627}, {"totalMessagesWritten":29,"totalMessagesProcessed":35,"totalRedisUpdates":22,"totalValueWritten":626.81866,"totalAdded":231.0}, {"key":"ld53w","version":2,"value":28.533693}, {"totalMessagesWritten":30,"totalMessagesProcessed":37,"totalRedisUpdates":23,"totalValueWritten":655.35236,"totalAdded":241.5}, {"key":"km2be","version":0,"value":0.31116486}, {"key":"wjaW6","version":1,"value":5.015169}, {"key":"wjaW6","version":0,"value":13.612164}, {"key":"wjaW6","version":2,"value":5.9338856}, {"key":"XK61S","version":1,"value":22.934082}, {"key":"QPIaf","version":1,"value":18.317001}, {"key":"BpD31","version":2,"value":20.276623}, {"key":"QPIaf","version":1,"value":5.4018116}, {"totalMessagesWritten":38,"totalMessagesProcessed":46,"totalRedisUpdates":26,"totalValueWritten":747.1543,"totalAdded":273.0}, {"key":"OY8bB","version":1,"value":15.472332}, {"key":"XK61S","version":0,"value":8.169151}, {"key":"VCEQQ","version":2,"value":28.524185}, {"key":"XK61S","version":0,"value":3.3843875}, {"key":"QPIaf","version":2,"value":12.736876}, {"key":"ntpJa","version":1,"value":29.625198}, {"key":"c9shp","version":0,"value":23.448372}, {"key":"BpD31","version":0,"value":12.527645}, {"key":"bMoQG","version":0,"value":11.461982}, {"key":"cq9Dt","version":2,"value":16.594368}, {"key":"VCEQQ","version":2,"value":11.261675}, {"key":"3Nl1v","version":2,"value":25.015755}, {"key":"yHMCl","version":2,"value":29.773487}, {"key":"nfK9X","version":2,"value":19.55449}, {"key":"c1NW1","version":0,"value":14.240882}, {"key":"bMoQG","version":0,"value":0.13635874}, {"key":"71xmn","version":2,"value":10.721463}, {"key":"FkvDs","version":2,"value":24.055801}, {"key":"gPOVJ","version":1,"value":28.574963}, {"key":"yVMXO","version":1,"value":24.058754}, {"key":"RivI3","version":0,"value":22.149532}, {"key":"5JNOP","version":0,"value":7.511716}, {"key":"bMoQG","version":2,"value":8.365932}, {"totalMessagesWritten":61,"totalMessagesProcessed":70,"totalRedisUpdates":41,"totalValueWritten":1134.5195,"totalAdded":430.5}, {"key":"sTuwr","version":2,"value":25.251526}, {"totalMessagesWritten":62,"totalMessagesProcessed":72,"totalRedisUpdates":42,"totalValueWritten":1225.7211,"totalAdded":441.0}, {"key":"ld53w","version":1,"value":12.611222}, {"key":"EsvbA","version":1,"value":10.939396}, {"key":"xN9Ox","version":2,"value":25.93214}, {"key":"iSBfq","version":0,"value":2.1361268}, {"totalMessagesWritten":66,"totalMessagesProcessed":77,"totalRedisUpdates":44,"totalValueWritten":1308.3882,"totalAdded":462.0}, {"key":"ME2NE","version":1,"value":10.604052}, {"key":"c1NW1","version":0,"value":14.366077}, {"key":"fhds7","version":2,"value":23.09789}, {"key":"IoJ8w","version":0,"value":15.788215}, {"totalMessagesWritten":70,"totalMessagesProcessed":82,"totalRedisUpdates":47,"totalValueWritten":1402.455,"totalAdded":493.5}, {"key":"YyWWR","version":1,"value":16.220001}, {"key":"1quc1","version":0,"value":30.154552}, {"totalMessagesWritten":72,"totalMessagesProcessed":85,"totalRedisUpdates":49,"totalValueWritten":1448.8295,"totalAdded":514.5}, {"key":"c1NW1","version":0,"value":7.168826}, {"key":"JyaDI","version":2,"value":0.48681617}, {"key":"I17lW","version":0,"value":13.443037}, {"totalMessagesWritten":75,"totalMessagesProcessed":89,"totalRedisUpdates":50,"totalValueWritten":1469.9281,"totalAdded":525.0}, {"key":"10QxO","version":2,"value":12.740773}, {"key":"LM6EW","version":2,"value":28.087801}, {"key":"WefOR","version":2,"value":18.135582}, {"key":"SxopM","version":1,"value":18.866055}, {"key":"paZjr","version":0,"value":19.90284}, {"key":"cafdH","version":2,"value":14.7030325}, {"key":"PqHLR","version":1,"value":19.407505}, {"key":"olx24","version":0,"value":14.833262}, {"totalMessagesWritten":83,"totalMessagesProcessed":98,"totalRedisUpdates":58,"totalValueWritten":1616.6049,"totalAdded":609.0}, {"key":"8nMVa","version":0,"value":4.1154647}, {"key":"RVSSR","version":0,"value":8.232659}, {"key":"xRw75","version":2,"value":14.37151}, {"key":"ZhiWw","version":0,"value":18.687386}, {"key":"IvcAx","version":2,"value":22.311026}, {"key":"oVKUw","version":2,"value":28.493906}, {"key":"XK61S","version":0,"value":10.894652}, {"key":"c5o5c","version":2,"value":15.810859}, {"key":"L4yqa","version":2,"value":25.388803}, {"key":"b7bhp","version":0,"value":26.933105}, {"key":"6ODLs","version":2,"value":14.909756}, {"key":"SNJKj","version":1,"value":19.21314}, {"key":"xRw75","version":1,"value":9.074469}, {"totalMessagesWritten":96,"totalMessagesProcessed":112,"totalRedisUpdates":67,"totalValueWritten":1835.0416,"totalAdded":703.5}, {"key":"RivI3","version":0,"value":3.9961267}, {"key":"Segce","version":2,"value":16.12786}, {"key":"gP8rp","version":2,"value":12.807968}, {"totalMessagesWritten":99,"totalMessagesProcessed":116,"totalRedisUpdates":69,"totalValueWritten":1892.2842,"totalAdded":724.5}, {"totalMessagesWritten":99,"totalMessagesProcessed":117,"totalRedisUpdates":69,"totalValueWritten":1892.2842,"totalAdded":724.5}, {"key":"ME2NE","version":0,"value":3.4494412}, {"key":"sLOmH","version":2,"value":20.745806}, {"key":"3Nl1v","version":2,"value":15.059047}, {"key":"cnxcl","version":2,"value":25.92435}, {"key":"n6L1t","version":0,"value":25.577871}, {"key":"lMFuH","version":1,"value":13.404426}, {"key":"LxENG","version":1,"value":16.270742}, {"key":"ZhiWw","version":0,"value":10.771197}, {"key":"b7bhp","version":1,"value":20.835804}, {"totalMessagesWritten":108,"totalMessagesProcessed":127,"totalRedisUpdates":75,"totalValueWritten":2044.323,"totalAdded":787.5}, {"totalMessagesWritten":108,"totalMessagesProcessed":128,"totalRedisUpdates":75,"totalValueWritten":2138.7576,"totalAdded":787.5}, {"key":"jvNWC","version":2,"value":26.129864}, {"key":"Cc6G4","version":2,"value":18.180698}, {"key":"UHb6X","version":2,"value":30.011297}, {"key":"0R8Ot","version":1,"value":24.88795}, {"key":"AxdOM","version":0,"value":12.978352}, {"key":"LxENG","version":2,"value":30.106716}, {"totalMessagesWritten":114,"totalMessagesProcessed":135,"totalRedisUpdates":81,"totalValueWritten":2281.0522,"totalAdded":850.5}]
02:25:20.124 INFO  u.a.e.a.c.s.RabbitMqService - Sent 135/135 messages to TransformTestRead-51401-7Aywc
02:25:20.124 INFO  u.a.e.a.c.d.MessageTransformer - Transforming messages; read_queue:TransformTestRead-51401-7Aywc, write_queue:TransformTestWrite-45826-4ZK6V, count:135
02:25:20.124 INFO  u.a.e.a.c.s.RabbitMqService - [With Validation]Reading queue TransformTestRead-51401-7Aywc: count=135
02:25:20.184 INFO  u.a.e.a.c.s.RabbitMqService - [With Validation]Received 135/135 messages in 60ms
02:25:20.185 INFO  u.a.e.a.c.s.RabbitMqService - returning: [{"key":"RVSSR","version":2,"value":11.931888}, {"key":"GS5aM","version":2,"value":16.916601}, {"key":"bMoQG","version":2,"value":11.217556}, {"key":"2tgUS","version":1,"value":11.590737}, {"key":"6PAf5","version":0,"value":9.881462}, {"key":"2tgUS"}, {"key":"km2be","version":2,"value":4.0247097}, {"key":"9Bgkf","version":0,"value":15.700112}, {"key":"GS5aM","version":0,"value":9.381181}, {"key":"5JNOP","version":0,"value":15.357103}, {"key":"JyaDI","version":1,"value":14.72558}, {"key":"9Bgkf","version":0,"value":6.539315}, {"key":"GS5aM","version":0,"value":17.427328}, {"key":"FkvDs","version":1,"value":2.7433896}, {"key":"JyaDI","version":2,"value":9.42857}, {"key":"VCEQQ","version":1,"value":5.1048303}, {"key":"6PAf5","version":1,"value":15.98014}, {"key":"wjaW6","version":2,"value":16.130861}, {"key":"9Bgkf"}, {"key":"7hQu7","version":0,"value":3.759421}, {"key":"8nMVa","version":0,"value":11.005982}, {"key":"fXkY1","version":1,"value":6.8946686}, {"key":"GS5aM"}, {"key":"6PAf5"}, {"key":"8nMVa","version":0,"value":19.664213}, {"key":"prtYE","version":1,"value":3.974024}, {"key":"9gxva","version":0,"value":6.3953185}, {"key":"71xmn","version":1,"value":7.1697974}, {"key":"C9BjL","version":2,"value":5.590185}, {"key":"71xmn","version":1,"value":11.716705}, {"key":"bMoQG","version":1,"value":9.494547}, {"key":"iSBfq","version":1,"value":12.62006}, {"key":"7hQu7","TOTAL":88.51268}, {"key":"wjaW6","version":0,"value":14.939627}, {"key":"fXkY1"}, {"key":"ld53w","version":2,"value":18.033693}, {"key":"C9BjL"}, {"key":"km2be","version":0,"value":0.31116486}, {"key":"wjaW6","version":1,"value":5.015169}, {"key":"wjaW6","version":0,"value":13.612164}, {"key":"wjaW6","version":2,"value":5.9338856}, {"key":"XK61S","version":1,"value":12.434083}, {"key":"QPIaf","version":1,"value":7.8170013}, {"key":"BpD31","version":2,"value":9.776622}, {"key":"QPIaf","version":1,"value":5.4018116}, {"key":"9gxva"}, {"key":"OY8bB","version":1,"value":4.9723315}, {"key":"XK61S","version":0,"value":8.169151}, {"key":"VCEQQ","version":2,"value":18.024185}, {"key":"XK61S","version":0,"value":3.3843875}, {"key":"QPIaf","version":2,"value":2.2368753}, {"key":"ntpJa","version":1,"value":19.125198}, {"key":"c9shp","version":0,"value":12.948372}, {"key":"BpD31","version":0,"value":12.527645}, {"key":"bMoQG","version":0,"value":11.461982}, {"key":"cq9Dt","version":2,"value":6.094369}, {"key":"VCEQQ","version":2,"value":11.261675}, {"key":"3Nl1v","version":2,"value":14.515754}, {"key":"yHMCl","version":2,"value":19.273487}, {"key":"nfK9X","version":2,"value":9.054489}, {"key":"c1NW1","version":0,"value":3.7408817}, {"key":"bMoQG","version":0,"value":0.13635874}, {"key":"71xmn","version":2,"value":0.22146344}, {"key":"FkvDs","version":2,"value":13.555802}, {"key":"gPOVJ","version":1,"value":18.074963}, {"key":"yVMXO","version":1,"value":13.558754}, {"key":"RivI3","version":0,"value":11.649532}, {"key":"5JNOP","version":0,"value":7.511716}, {"key":"bMoQG","version":2,"value":8.365932}, {"key":"km2be"}, {"key":"sTuwr","version":2,"value":14.751525}, {"key":"OY8bB","TOTAL":65.95005}, {"key":"ld53w","version":1,"value":12.611222}, {"key":"EsvbA","version":1,"value":0.4393959}, {"key":"xN9Ox","version":2,"value":15.43214}, {"key":"iSBfq","version":0,"value":2.1361268}, {"key":"71xmn","TOTAL":31.048267}, {"key":"ME2NE","version":1,"value":0.10405183}, {"key":"c1NW1","version":0,"value":14.366077}, {"key":"fhds7","version":2,"value":12.597891}, {"key":"IoJ8w","version":0,"value":5.2882147}, {"key":"gPOVJ","TOTAL":30.21062}, {"key":"YyWWR","version":1,"value":5.7200003}, {"key":"1quc1","version":0,"value":19.654552}, {"key":"iSBfq"}, {"key":"c1NW1","version":0,"value":7.168826}, {"key":"JyaDI","version":2,"value":0.48681617}, {"key":"I17lW","version":0,"value":2.9430366}, {"key":"bMoQG"}, {"key":"10QxO","version":2,"value":2.2407734}, {"key":"LM6EW","version":2,"value":17.587801}, {"key":"WefOR","version":2,"value":7.6355815}, {"key":"SxopM","version":1,"value":8.366055}, {"key":"paZjr","version":0,"value":9.40284}, {"key":"cafdH","version":2,"value":4.2030325}, {"key":"PqHLR","version":1,"value":8.907504}, {"key":"olx24","version":0,"value":4.3332624}, {"key":"yVMXO"}, {"key":"8nMVa","version":0,"value":4.1154647}, {"key":"RVSSR","version":0,"value":8.232659}, {"key":"xRw75","version":2,"value":3.87151}, {"key":"ZhiWw","version":0,"value":8.187386}, {"key":"IvcAx","version":2,"value":11.811026}, {"key":"oVKUw","version":2,"value":17.993906}, {"key":"XK61S","version":0,"value":10.894652}, {"key":"c5o5c","version":2,"value":5.3108587}, {"key":"L4yqa","version":2,"value":14.8888035}, {"key":"b7bhp","version":0,"value":16.433105}, {"key":"6ODLs","version":2,"value":4.4097557}, {"key":"SNJKj","version":1,"value":8.7131405}, {"key":"xRw75","version":1,"value":9.074469}, {"key":"oVKUw"}, {"key":"RivI3","version":0,"value":3.9961267}, {"key":"Segce","version":2,"value":5.6278586}, {"key":"gP8rp","version":2,"value":2.3079681}, {"key":"c9shp","TOTAL":24.310667}, {"key":"BpD31"}, {"key":"ME2NE","version":0,"value":3.4494412}, {"key":"sLOmH","version":2,"value":10.245806}, {"key":"3Nl1v","version":2,"value":15.059047}, {"key":"cnxcl","version":2,"value":15.424352}, {"key":"n6L1t","version":0,"value":15.077871}, {"key":"lMFuH","version":1,"value":2.9044259}, {"key":"LxENG","version":1,"value":5.770743}, {"key":"ZhiWw","version":0,"value":10.771197}, {"key":"b7bhp","version":1,"value":10.335804}, {"key":"10QxO"}, {"key":"Segce","TOTAL":94.43453}, {"key":"jvNWC","version":2,"value":15.629864}, {"key":"Cc6G4","version":2,"value":7.6806984}, {"key":"UHb6X","version":2,"value":19.511297}, {"key":"0R8Ot","version":1,"value":14.387951}, {"key":"AxdOM","version":0,"value":2.4783516}, {"key":"LxENG","version":2,"value":19.606716}, {"key":"wjaW6"}]
02:25:20.186 INFO  u.a.e.a.c.d.MessageTransformer - 0% complete...
02:25:20.836 INFO  u.a.e.a.c.d.MessageTransformer - 10% complete...
02:25:21.497 INFO  u.a.e.a.c.d.MessageTransformer - 20% complete...
02:25:22.177 INFO  u.a.e.a.c.d.MessageTransformer - 30% complete...
02:25:22.835 INFO  u.a.e.a.c.d.MessageTransformer - 40% complete...
02:25:23.516 INFO  u.a.e.a.c.d.MessageTransformer - 50% complete...
02:25:24.227 INFO  u.a.e.a.c.d.MessageTransformer - 60% complete...
02:25:24.896 INFO  u.a.e.a.c.d.MessageTransformer - 70% complete...
02:25:25.576 INFO  u.a.e.a.c.d.MessageTransformer - 80% complete...
02:25:26.236 INFO  u.a.e.a.c.d.MessageTransformer - 90% complete...
02:25:26.917 INFO  u.a.e.a.c.d.MessageTransformer - 100% complete...
02:25:27.186 INFO  u.a.e.a.c.d.MessageTransformer - 100% complete. Tranformed 135 messages
02:25:27.186 INFO  u.a.e.a.c.s.RabbitMqService - Reading queue TransformTestWrite-45826-4ZK6V: count=135
02:25:27.242 INFO  u.a.e.a.c.s.RabbitMqService - Received 135/135 messages in 56ms
02:25:27.242 INFO  u.a.e.a.c.s.RabbitMqService - returning: [{"key":"RVSSR","version":2,"value":22.431889}, {"key":"GS5aM","version":2,"value":27.416601}, {"key":"bMoQG","version":2,"value":21.717556}, {"key":"2tgUS","version":1,"value":22.090736}, {"key":"6PAf5","version":0,"value":20.381462}, {"totalMessagesWritten":5,"totalMessagesProcessed":6,"totalRedisUpdates":5,"totalValueWritten":114.03824,"totalAdded":52.5}, {"key":"km2be","version":2,"value":14.52471}, {"key":"9Bgkf","version":0,"value":26.200111}, {"key":"GS5aM","version":0,"value":9.381181}, {"key":"5JNOP","version":0,"value":25.857103}, {"key":"JyaDI","version":1,"value":25.22558}, {"key":"9Bgkf","version":0,"value":6.539315}, {"key":"GS5aM","version":0,"value":17.427328}, {"key":"FkvDs","version":1,"value":13.243389}, {"key":"JyaDI","version":2,"value":19.92857}, {"key":"VCEQQ","version":1,"value":15.60483}, {"key":"6PAf5","version":1,"value":26.48014}, {"key":"wjaW6","version":2,"value":26.630861}, {"totalMessagesWritten":17,"totalMessagesProcessed":19,"totalRedisUpdates":14,"totalValueWritten":341.08136,"totalAdded":147.0}, {"key":"7hQu7","version":0,"value":14.259421}, {"key":"8nMVa","version":0,"value":21.505981}, {"key":"fXkY1","version":1,"value":17.394669}, {"totalMessagesWritten":20,"totalMessagesProcessed":23,"totalRedisUpdates":17,"totalValueWritten":394.24146,"totalAdded":178.5}, {"totalMessagesWritten":20,"totalMessagesProcessed":24,"totalRedisUpdates":17,"totalValueWritten":394.24146,"totalAdded":178.5}, {"key":"8nMVa","version":0,"value":19.664213}, {"key":"prtYE","version":1,"value":14.474024}, {"key":"9gxva","version":0,"value":16.895319}, {"key":"71xmn","version":1,"value":17.669798}, {"key":"C9BjL","version":2,"value":16.090185}, {"key":"71xmn","version":1,"value":11.716705}, {"key":"bMoQG","version":1,"value":9.494547}, {"key":"iSBfq","version":1,"value":23.12006}, {"totalMessagesWritten":28,"totalMessagesProcessed":33,"totalRedisUpdates":22,"totalValueWritten":611.879,"totalAdded":231.0}, {"key":"wjaW6","version":0,"value":14.939627}, {"totalMessagesWritten":29,"totalMessagesProcessed":35,"totalRedisUpdates":22,"totalValueWritten":626.81866,"totalAdded":231.0}, {"key":"ld53w","version":2,"value":28.533693}, {"totalMessagesWritten":30,"totalMessagesProcessed":37,"totalRedisUpdates":23,"totalValueWritten":655.35236,"totalAdded":241.5}, {"key":"km2be","version":0,"value":0.31116486}, {"key":"wjaW6","version":1,"value":5.015169}, {"key":"wjaW6","version":0,"value":13.612164}, {"key":"wjaW6","version":2,"value":5.9338856}, {"key":"XK61S","version":1,"value":22.934082}, {"key":"QPIaf","version":1,"value":18.317001}, {"key":"BpD31","version":2,"value":20.276623}, {"key":"QPIaf","version":1,"value":5.4018116}, {"totalMessagesWritten":38,"totalMessagesProcessed":46,"totalRedisUpdates":26,"totalValueWritten":747.1543,"totalAdded":273.0}, {"key":"OY8bB","version":1,"value":15.472332}, {"key":"XK61S","version":0,"value":8.169151}, {"key":"VCEQQ","version":2,"value":28.524185}, {"key":"XK61S","version":0,"value":3.3843875}, {"key":"QPIaf","version":2,"value":12.736876}, {"key":"ntpJa","version":1,"value":29.625198}, {"key":"c9shp","version":0,"value":23.448372}, {"key":"BpD31","version":0,"value":12.527645}, {"key":"bMoQG","version":0,"value":11.461982}, {"key":"cq9Dt","version":2,"value":16.594368}, {"key":"VCEQQ","version":2,"value":11.261675}, {"key":"3Nl1v","version":2,"value":25.015755}, {"key":"yHMCl","version":2,"value":29.773487}, {"key":"nfK9X","version":2,"value":19.55449}, {"key":"c1NW1","version":0,"value":14.240882}, {"key":"bMoQG","version":0,"value":0.13635874}, {"key":"71xmn","version":2,"value":10.721463}, {"key":"FkvDs","version":2,"value":24.055801}, {"key":"gPOVJ","version":1,"value":28.574963}, {"key":"yVMXO","version":1,"value":24.058754}, {"key":"RivI3","version":0,"value":22.149532}, {"key":"5JNOP","version":0,"value":7.511716}, {"key":"bMoQG","version":2,"value":8.365932}, {"totalMessagesWritten":61,"totalMessagesProcessed":70,"totalRedisUpdates":41,"totalValueWritten":1134.5195,"totalAdded":430.5}, {"key":"sTuwr","version":2,"value":25.251526}, {"totalMessagesWritten":62,"totalMessagesProcessed":72,"totalRedisUpdates":42,"totalValueWritten":1225.7211,"totalAdded":441.0}, {"key":"ld53w","version":1,"value":12.611222}, {"key":"EsvbA","version":1,"value":10.939396}, {"key":"xN9Ox","version":2,"value":25.93214}, {"key":"iSBfq","version":0,"value":2.1361268}, {"totalMessagesWritten":66,"totalMessagesProcessed":77,"totalRedisUpdates":44,"totalValueWritten":1308.3882,"totalAdded":462.0}, {"key":"ME2NE","version":1,"value":10.604052}, {"key":"c1NW1","version":0,"value":14.366077}, {"key":"fhds7","version":2,"value":23.09789}, {"key":"IoJ8w","version":0,"value":15.788215}, {"totalMessagesWritten":70,"totalMessagesProcessed":82,"totalRedisUpdates":47,"totalValueWritten":1402.455,"totalAdded":493.5}, {"key":"YyWWR","version":1,"value":16.220001}, {"key":"1quc1","version":0,"value":30.154552}, {"totalMessagesWritten":72,"totalMessagesProcessed":85,"totalRedisUpdates":49,"totalValueWritten":1448.8295,"totalAdded":514.5}, {"key":"c1NW1","version":0,"value":7.168826}, {"key":"JyaDI","version":2,"value":0.48681617}, {"key":"I17lW","version":0,"value":13.443037}, {"totalMessagesWritten":75,"totalMessagesProcessed":89,"totalRedisUpdates":50,"totalValueWritten":1469.9281,"totalAdded":525.0}, {"key":"10QxO","version":2,"value":12.740773}, {"key":"LM6EW","version":2,"value":28.087801}, {"key":"WefOR","version":2,"value":18.135582}, {"key":"SxopM","version":1,"value":18.866055}, {"key":"paZjr","version":0,"value":19.90284}, {"key":"cafdH","version":2,"value":14.7030325}, {"key":"PqHLR","version":1,"value":19.407505}, {"key":"olx24","version":0,"value":14.833262}, {"totalMessagesWritten":83,"totalMessagesProcessed":98,"totalRedisUpdates":58,"totalValueWritten":1616.6049,"totalAdded":609.0}, {"key":"8nMVa","version":0,"value":4.1154647}, {"key":"RVSSR","version":0,"value":8.232659}, {"key":"xRw75","version":2,"value":14.37151}, {"key":"ZhiWw","version":0,"value":18.687386}, {"key":"IvcAx","version":2,"value":22.311026}, {"key":"oVKUw","version":2,"value":28.493906}, {"key":"XK61S","version":0,"value":10.894652}, {"key":"c5o5c","version":2,"value":15.810859}, {"key":"L4yqa","version":2,"value":25.388803}, {"key":"b7bhp","version":0,"value":26.933105}, {"key":"6ODLs","version":2,"value":14.909756}, {"key":"SNJKj","version":1,"value":19.21314}, {"key":"xRw75","version":1,"value":9.074469}, {"totalMessagesWritten":96,"totalMessagesProcessed":112,"totalRedisUpdates":67,"totalValueWritten":1835.0416,"totalAdded":703.5}, {"key":"RivI3","version":0,"value":3.9961267}, {"key":"Segce","version":2,"value":16.12786}, {"key":"gP8rp","version":2,"value":12.807968}, {"totalMessagesWritten":99,"totalMessagesProcessed":116,"totalRedisUpdates":69,"totalValueWritten":1892.2842,"totalAdded":724.5}, {"totalMessagesWritten":99,"totalMessagesProcessed":117,"totalRedisUpdates":69,"totalValueWritten":1892.2842,"totalAdded":724.5}, {"key":"ME2NE","version":0,"value":3.4494412}, {"key":"sLOmH","version":2,"value":20.745806}, {"key":"3Nl1v","version":2,"value":15.059047}, {"key":"cnxcl","version":2,"value":25.92435}, {"key":"n6L1t","version":0,"value":25.577871}, {"key":"lMFuH","version":1,"value":13.404426}, {"key":"LxENG","version":1,"value":16.270742}, {"key":"ZhiWw","version":0,"value":10.771197}, {"key":"b7bhp","version":1,"value":20.835804}, {"totalMessagesWritten":108,"totalMessagesProcessed":127,"totalRedisUpdates":75,"totalValueWritten":2044.323,"totalAdded":787.5}, {"totalMessagesWritten":108,"totalMessagesProcessed":128,"totalRedisUpdates":75,"totalValueWritten":2138.7576,"totalAdded":787.5}, {"key":"jvNWC","version":2,"value":26.129864}, {"key":"Cc6G4","version":2,"value":18.180698}, {"key":"UHb6X","version":2,"value":30.011297}, {"key":"0R8Ot","version":1,"value":24.88795}, {"key":"AxdOM","version":0,"value":12.978352}, {"key":"LxENG","version":2,"value":30.106716}, {"totalMessagesWritten":114,"totalMessagesProcessed":135,"totalRedisUpdates":81,"totalValueWritten":2281.0522,"totalAdded":850.5}]
02:25:28.048 INFO  u.a.e.a.c.AcpCw2ApplicationTests - ===============================PASSED===================================
02:25:28.049 INFO  u.a.e.a.c.AcpCw2ApplicationTests - ========================PASSED=========================
]]></system-out>
  </testcase>
  <testcase name="testKafkaCount" classname="uk.ac.ed.acp.cw2.AcpCw2ApplicationTests" time="3.193">
    <system-out><![CDATA[02:25:28.057 INFO  u.a.e.a.c.AcpCw2ApplicationTests - -----------STARTING KAFKA COUNT TEST-------------
02:25:28.057 INFO  u.a.e.a.c.AcpCw2ApplicationTests - topicName: KafkaSent-49656-xcnm1
02:25:28.062 INFO  u.a.e.a.c.s.KafkaService - Pushing 5 messages to KafkaSent-49656-xcnm1
02:25:28.066 WARN  o.a.k.c.NetworkClient - [Producer clientId=producer-1] The metadata response from the cluster reported a recoverable issue with correlation id 13 : {KafkaSent-49656-xcnm1=UNKNOWN_TOPIC_OR_PARTITION}
02:25:28.206 INFO  u.a.e.a.c.s.KafkaService - Reading topic KafkaSent-49656-xcnm1: count=5
02:25:31.243 INFO  u.a.e.a.c.s.KafkaService - Received 5/5 messages in 3037ms
Kafka Message - uid: s2093547, counter: 0
02:25:31.244 INFO  u.a.e.a.c.AcpCw2ApplicationTests - ========================PASSED=========================
]]></system-out>
  </testcase>
  <testcase name="testKafkaShort" classname="uk.ac.ed.acp.cw2.AcpCw2ApplicationTests" time="15.297">
    <system-out><![CDATA[02:25:31.254 INFO  u.a.e.a.c.AcpCw2ApplicationTests - --------------KAFKA SHORT TEST----------------
02:25:31.254 INFO  u.a.e.a.c.AcpCw2ApplicationTests - topicName: ShortTest-78173-yz4bh
02:25:31.258 INFO  u.a.e.a.c.s.KafkaService - Pushing 500 messages to ShortTest-78173-yz4bh
02:25:31.260 WARN  o.a.k.c.NetworkClient - [Producer clientId=producer-1] The metadata response from the cluster reported a recoverable issue with correlation id 20 : {ShortTest-78173-yz4bh=UNKNOWN_TOPIC_OR_PARTITION}
02:25:32.323 INFO  u.a.e.a.c.s.KafkaService - Reading topic ShortTest-78173-yz4bh: timeOut=500
02:25:32.830 INFO  u.a.e.a.c.s.KafkaService - Received 0 messages in 506/500ms
02:25:32.833 INFO  u.a.e.a.c.AcpCw2ApplicationTests - Time taken: 514 ms
02:25:34.348 INFO  u.a.e.a.c.AcpCw2ApplicationTests - ========================PASSED=========================
02:25:34.348 INFO  u.a.e.a.c.AcpCw2ApplicationTests - topicName: ShortTest-18914-6Wnuy
02:25:34.354 INFO  u.a.e.a.c.s.KafkaService - Pushing 500 messages to ShortTest-18914-6Wnuy
02:25:34.357 WARN  o.a.k.c.NetworkClient - [Producer clientId=producer-1] The metadata response from the cluster reported a recoverable issue with correlation id 522 : {ShortTest-18914-6Wnuy=UNKNOWN_TOPIC_OR_PARTITION}
02:25:35.273 INFO  u.a.e.a.c.s.KafkaService - Reading topic ShortTest-18914-6Wnuy: timeOut=500
02:25:35.774 INFO  u.a.e.a.c.s.KafkaService - Received 0 messages in 501/500ms
02:25:35.776 INFO  u.a.e.a.c.AcpCw2ApplicationTests - Time taken: 506 ms
02:25:37.282 INFO  u.a.e.a.c.AcpCw2ApplicationTests - ========================PASSED=========================
02:25:37.282 INFO  u.a.e.a.c.AcpCw2ApplicationTests - topicName: ShortTest-30611-iGpk3
02:25:37.287 INFO  u.a.e.a.c.s.KafkaService - Pushing 500 messages to ShortTest-30611-iGpk3
02:25:37.290 WARN  o.a.k.c.NetworkClient - [Producer clientId=producer-1] The metadata response from the cluster reported a recoverable issue with correlation id 1024 : {ShortTest-30611-iGpk3=UNKNOWN_TOPIC_OR_PARTITION}
02:25:38.716 INFO  u.a.e.a.c.s.KafkaService - Reading topic ShortTest-30611-iGpk3: timeOut=500
02:25:39.223 INFO  u.a.e.a.c.s.KafkaService - Received 0 messages in 507/500ms
02:25:39.227 INFO  u.a.e.a.c.AcpCw2ApplicationTests - Time taken: 515 ms
02:25:40.728 INFO  u.a.e.a.c.AcpCw2ApplicationTests - ========================PASSED=========================
02:25:40.728 INFO  u.a.e.a.c.AcpCw2ApplicationTests - topicName: ShortTest-76428-pEuiN
02:25:40.732 INFO  u.a.e.a.c.s.KafkaService - Pushing 500 messages to ShortTest-76428-pEuiN
02:25:40.735 WARN  o.a.k.c.NetworkClient - [Producer clientId=producer-1] The metadata response from the cluster reported a recoverable issue with correlation id 1526 : {ShortTest-76428-pEuiN=UNKNOWN_TOPIC_OR_PARTITION}
02:25:41.652 INFO  u.a.e.a.c.s.KafkaService - Reading topic ShortTest-76428-pEuiN: timeOut=500
02:25:42.161 INFO  u.a.e.a.c.s.KafkaService - Received 0 messages in 509/500ms
02:25:42.165 INFO  u.a.e.a.c.AcpCw2ApplicationTests - Time taken: 517 ms
02:25:43.668 INFO  u.a.e.a.c.AcpCw2ApplicationTests - ========================PASSED=========================
02:25:43.668 INFO  u.a.e.a.c.AcpCw2ApplicationTests - topicName: ShortTest-54765-D7BYL
02:25:43.674 INFO  u.a.e.a.c.s.KafkaService - Pushing 500 messages to ShortTest-54765-D7BYL
02:25:43.678 WARN  o.a.k.c.NetworkClient - [Producer clientId=producer-1] The metadata response from the cluster reported a recoverable issue with correlation id 2028 : {ShortTest-54765-D7BYL=UNKNOWN_TOPIC_OR_PARTITION}
02:25:44.509 INFO  u.a.e.a.c.s.KafkaService - Reading topic ShortTest-54765-D7BYL: timeOut=500
02:25:45.022 INFO  u.a.e.a.c.s.KafkaService - Received 0 messages in 513/500ms
02:25:45.026 INFO  u.a.e.a.c.AcpCw2ApplicationTests - Time taken: 520 ms
02:25:46.542 INFO  u.a.e.a.c.AcpCw2ApplicationTests - ========================PASSED=========================
]]></system-out>
  </testcase>
  <testcase name="testKafkaBulk" classname="uk.ac.ed.acp.cw2.AcpCw2ApplicationTests" time="5.773">
    <system-out><![CDATA[02:25:46.553 INFO  u.a.e.a.c.AcpCw2ApplicationTests - --------------KAFKA BULK TEST----------------
02:25:46.553 INFO  u.a.e.a.c.AcpCw2ApplicationTests - topicName: BulkTest-81906-hxFUF
02:25:46.556 INFO  u.a.e.a.c.s.KafkaService - Pushing 500 messages to BulkTest-81906-hxFUF
02:25:46.559 WARN  o.a.k.c.NetworkClient - [Producer clientId=producer-1] The metadata response from the cluster reported a recoverable issue with correlation id 2530 : {BulkTest-81906-hxFUF=UNKNOWN_TOPIC_OR_PARTITION}
02:25:47.306 INFO  u.a.e.a.c.s.KafkaService - Reading topic BulkTest-81906-hxFUF: timeOut=5000
02:25:52.316 INFO  u.a.e.a.c.s.KafkaService - Received 500 messages in 5010/5000ms
02:25:52.320 INFO  u.a.e.a.c.AcpCw2ApplicationTests - Time taken: 5017 ms
02:25:52.321 INFO  u.a.e.a.c.AcpCw2ApplicationTests - ========================PASSED=========================
]]></system-out>
  </testcase>
  <testcase name="testService" classname="uk.ac.ed.acp.cw2.AcpCw2ApplicationTests" time="8.326">
    <system-out><![CDATA[02:25:52.327 INFO  u.a.e.a.c.AcpCw2ApplicationTests - --------------STARTING SERVICE TEST----------------
02:25:52.328 INFO  u.a.e.a.c.AcpCw2ApplicationTests - readTopic: ServiceTestRead-99320-isKxr, Good: ServiceTestGood-26581-pMnec, Bad: ServiceTestBad-34788-EfhNm, Count: 25
02:25:52.332 INFO  u.a.e.a.c.AcpCw2ApplicationTests - Created 17 good messages, 8 bad messages
02:25:52.332 INFO  u.a.e.a.c.s.KafkaService - Pushing 25 messages to ServiceTestRead-99320-isKxr
02:25:52.334 WARN  o.a.k.c.NetworkClient - [Producer clientId=producer-1] The metadata response from the cluster reported a recoverable issue with correlation id 3032 : {ServiceTestRead-99320-isKxr=UNKNOWN_TOPIC_OR_PARTITION}
02:25:52.497 INFO  u.a.e.a.c.d.MessageProcessor - Processing messages; topic:ServiceTestRead-99320-isKxr, good_queue:ServiceTestGood-26581-pMnec, bad_queue:ServiceTestBad-34788-EfhNm, count:25
02:25:52.497 INFO  u.a.e.a.c.s.KafkaService - [With Validation]Reading topic ServiceTestRead-99320-isKxr: count=25
02:25:55.524 INFO  u.a.e.a.c.s.KafkaService - [With Validation]Received 25/25 messages in 3027ms
02:25:55.527 INFO  u.a.e.a.c.d.MessageProcessor - goodTotal: 0.0, badTotal: 0.0
02:25:55.528 INFO  u.a.e.a.c.d.MessageProcessor - Checking Messages... 0%
02:25:55.528 INFO  u.a.e.a.c.d.MessageProcessor - Checking Messages... 25%
02:25:55.528 INFO  u.a.e.a.c.d.MessageProcessor - Checking Messages... 50%
02:25:55.528 INFO  u.a.e.a.c.d.MessageProcessor - Checking Messages... 75%
02:25:55.528 INFO  u.a.e.a.c.d.MessageProcessor - Checking Messages... 100%
02:25:55.528 INFO  u.a.e.a.c.d.MessageProcessor - Checked Messages.    100%
02:25:55.528 INFO  u.a.e.a.c.d.MessageProcessor - Storing 17 good messages
02:25:57.833 INFO  u.a.e.a.c.d.MessageProcessor - Queueing 17 good messages
02:25:57.841 INFO  u.a.e.a.c.s.RabbitMqService - Sent 17/17 messages to ServiceTestGood-26581-pMnec
02:25:57.842 INFO  u.a.e.a.c.d.MessageProcessor - Queueing 8 bad messages
02:25:57.892 INFO  u.a.e.a.c.s.RabbitMqService - Sent 8/8 messages to ServiceTestBad-34788-EfhNm
02:25:57.892 INFO  u.a.e.a.c.d.MessageProcessor - Sending Good total
02:25:57.944 INFO  u.a.e.a.c.d.MessageProcessor - Sending Bad total
02:25:58.002 INFO  u.a.e.a.c.s.RabbitMqService - Reading queue ServiceTestGood-26581-pMnec: timeOut=500
02:25:58.506 INFO  u.a.e.a.c.s.RabbitMqService - Received 18 messages in 503/500ms
02:25:58.506 INFO  u.a.e.a.c.s.RabbitMqService - returning: [{"uid":"s2093547","key":"JBY","comment":" ","value":39.12,"uuid":"be693d4a-1b19-43ee-b02e-6a3d494f44ee"}, {"uid":"s2093547","key":"MLY","comment":" ","value":12.78,"uuid":"d3cae95c-2ad1-49f2-81c0-7ece1262c21f"}, {"uid":"s2093547","key":"WCC","comment":" ","value":11.91,"uuid":"348a657d-c446-4cb9-a572-3dc4afe21385"}, {"uid":"s2093547","key":"GVA","comment":" ","value":42.88,"uuid":"71fa380d-a4bd-4cad-844a-0691bbdac51d"}, {"uid":"s2093547","key":"NBNN","comment":" ","value":38.46,"uuid":"1ac56168-31cb-4570-841f-4710aa5d8286"}, {"uid":"s2093547","key":"ZGLR","comment":" ","value":40.96,"uuid":"19aff6a1-78fe-46c0-abf1-74b859a8a1b5"}, {"uid":"s2093547","key":"KMRU","comment":" ","value":11.9,"uuid":"fd09bafc-e520-4d63-8b2a-e2ce7b4a6d6a"}, {"uid":"s2093547","key":"PHE","comment":" ","value":45.65,"uuid":"b5471613-5f30-48ff-85ea-9b4e3faeb630"}, {"uid":"s2093547","key":"ZNDG","comment":" ","value":15.02,"uuid":"064fbbbe-80bd-4f95-9ec9-24dae8aee3a9"}, {"uid":"s2093547","key":"LVB","comment":" ","value":41.86,"uuid":"95d950be-0177-4a5a-9654-f3e2653667c4"}, {"uid":"s2093547","key":"KHW","comment":" ","value":41.72,"uuid":"6908b7e3-5623-419d-868a-f7fc4cef2f00"}, {"uid":"s2093547","key":"HAV","comment":" ","value":24.13,"uuid":"19ab3172-21af-40f4-879e-a9dc30a2e7e1"}, {"uid":"s2093547","key":"JFJE","comment":" ","value":36.67,"uuid":"caadabfb-a6ee-452e-8082-6f288dbc32b7"}, {"uid":"s2093547","key":"VQL","comment":" ","value":40.3,"uuid":"e23b9153-ea5a-460a-8c24-e313908feadc"}, {"uid":"s2093547","key":"GBEQ","comment":" ","value":17.78,"uuid":"db9a72ee-ad7e-4f4e-b269-bd1e96612523"}, {"uid":"s2093547","key":"UVUZ","comment":" ","value":5.11,"uuid":"bb46ed78-4161-426d-aeff-bdb54fca8662"}, {"uid":"s2093547","key":"LTG","comment":" ","value":37.06,"uuid":"0588cf87-2a1a-4d7e-a2a4-c62b64e39bb1"}, {"TOTAL":503.30997}]
02:25:58.515 INFO  u.a.e.a.c.s.RabbitMqService - Reading queue ServiceTestBad-34788-EfhNm: timeOut=500
02:25:59.019 INFO  u.a.e.a.c.s.RabbitMqService - Received 9 messages in 504/500ms
02:25:59.020 INFO  u.a.e.a.c.s.RabbitMqService - returning: [{"uid":"s2093547","key":"MGGTC","comment":" ","value":46.92}, {"uid":"s2093547","key":"CEORC","comment":" ","value":34.85}, {"uid":"s2093547","key":"CBMDL","comment":" ","value":17.99}, {"uid":"s2093547","key":"FXLXY","comment":" ","value":21.51}, {"uid":"s2093547","key":"MMZVR","comment":" ","value":33.39}, {"uid":"s2093547","key":"AGOXJ","comment":" ","value":31.83}, {"uid":"s2093547","key":"ZOKKI","comment":" ","value":27.57}, {"uid":"s2093547","key":"SZDTH","comment":" ","value":1.59}, {"TOTAL":215.65}]
02:26:00.647 INFO  u.a.e.a.c.AcpCw2ApplicationTests - Good packets passed
02:26:00.647 INFO  u.a.e.a.c.AcpCw2ApplicationTests - Bad packets passed
02:26:00.647 INFO  u.a.e.a.c.AcpCw2ApplicationTests - ===============================PASSED===================================
]]></system-out>
  </testcase>
  <testcase name="testKafkaMultipleReads" classname="uk.ac.ed.acp.cw2.AcpCw2ApplicationTests" time="15.343">
    <system-out><![CDATA[02:26:00.655 INFO  u.a.e.a.c.AcpCw2ApplicationTests - --------------STARTING KAFKA MULTIPLE READS TEST----------------
02:26:00.655 INFO  u.a.e.a.c.AcpCw2ApplicationTests - topicName: KafkaMultipleReads-54271-4UL3M
02:26:00.659 INFO  u.a.e.a.c.s.KafkaService - Pushing 100 messages to KafkaMultipleReads-54271-4UL3M
02:26:00.661 WARN  o.a.k.c.NetworkClient - [Producer clientId=producer-1] The metadata response from the cluster reported a recoverable issue with correlation id 3060 : {KafkaMultipleReads-54271-4UL3M=UNKNOWN_TOPIC_OR_PARTITION}
02:26:00.966 INFO  u.a.e.a.c.s.KafkaService - Reading topic KafkaMultipleReads-54271-4UL3M: timeOut=5000
02:26:05.966 INFO  u.a.e.a.c.s.KafkaService - Received 100 messages in 5000/5000ms
02:26:05.970 INFO  u.a.e.a.c.AcpCw2ApplicationTests - [0] MessageCount: 100, readMessages: 100, timeout: 5000, time: 5008
02:26:05.977 INFO  u.a.e.a.c.s.KafkaService - Reading topic KafkaMultipleReads-54271-4UL3M: timeOut=5000
02:26:10.979 INFO  u.a.e.a.c.s.KafkaService - Received 100 messages in 5002/5000ms
02:26:10.984 INFO  u.a.e.a.c.AcpCw2ApplicationTests - [1] MessageCount: 100, readMessages: 100, timeout: 5000, time: 5014
02:26:10.987 INFO  u.a.e.a.c.s.KafkaService - Reading topic KafkaMultipleReads-54271-4UL3M: timeOut=5000
02:26:15.987 INFO  u.a.e.a.c.s.KafkaService - Received 100 messages in 5000/5000ms
02:26:15.991 INFO  u.a.e.a.c.AcpCw2ApplicationTests - [2] MessageCount: 100, readMessages: 100, timeout: 5000, time: 5007
02:26:15.992 INFO  u.a.e.a.c.AcpCw2ApplicationTests - ========================PASSED=========================
]]></system-out>
  </testcase>
</testsuite>