<?xml version="1.0" encoding="UTF-8"?>
<testsuite xmlns:xsi="http://www.w3.org/2001/XMLSchema-instance" xsi:noNamespaceSchemaLocation="https://maven.apache.org/surefire/maven-surefire-plugin/xsd/surefire-test-report.xsd" version="3.0.2" name="uk.ac.ed.acp.cw2.AcpCw2ApplicationTests" time="42.38" tests="6" errors="0" skipped="0" failures="0">
  <properties>
    <property name="java.specification.version" value="21"/>
    <property name="sun.cpu.isalist" value="amd64"/>
    <property name="sun.jnu.encoding" value="Cp1252"/>
    <property name="java.class.path" value="C:\Users\miles\Documents\GitHub\AcpCw2\target\test-classes;C:\Users\miles\Documents\GitHub\AcpCw2\target\classes;C:\Users\miles\.m2\repository\org\springframework\boot\spring-boot-starter-web\3.4.3\spring-boot-starter-web-3.4.3.jar;C:\Users\miles\.m2\repository\org\springframework\boot\spring-boot-starter\3.4.3\spring-boot-starter-3.4.3.jar;C:\Users\miles\.m2\repository\org\springframework\boot\spring-boot\3.4.3\spring-boot-3.4.3.jar;C:\Users\miles\.m2\repository\org\springframework\boot\spring-boot-autoconfigure\3.4.3\spring-boot-autoconfigure-3.4.3.jar;C:\Users\miles\.m2\repository\org\springframework\boot\spring-boot-starter-logging\3.4.3\spring-boot-starter-logging-3.4.3.jar;C:\Users\miles\.m2\repository\ch\qos\logback\logback-classic\1.5.16\logback-classic-1.5.16.jar;C:\Users\miles\.m2\repository\ch\qos\logback\logback-core\1.5.16\logback-core-1.5.16.jar;C:\Users\miles\.m2\repository\org\apache\logging\log4j\log4j-to-slf4j\2.24.3\log4j-to-slf4j-2.24.3.jar;C:\Users\miles\.m2\repository\org\apache\logging\log4j\log4j-api\2.24.3\log4j-api-2.24.3.jar;C:\Users\miles\.m2\repository\org\slf4j\jul-to-slf4j\2.0.16\jul-to-slf4j-2.0.16.jar;C:\Users\miles\.m2\repository\jakarta\annotation\jakarta.annotation-api\2.1.1\jakarta.annotation-api-2.1.1.jar;C:\Users\miles\.m2\repository\org\yaml\snakeyaml\2.3\snakeyaml-2.3.jar;C:\Users\miles\.m2\repository\org\springframework\boot\spring-boot-starter-json\3.4.3\spring-boot-starter-json-3.4.3.jar;C:\Users\miles\.m2\repository\com\fasterxml\jackson\core\jackson-databind\2.18.2\jackson-databind-2.18.2.jar;C:\Users\miles\.m2\repository\com\fasterxml\jackson\core\jackson-core\2.18.2\jackson-core-2.18.2.jar;C:\Users\miles\.m2\repository\com\fasterxml\jackson\datatype\jackson-datatype-jdk8\2.18.2\jackson-datatype-jdk8-2.18.2.jar;C:\Users\miles\.m2\repository\com\fasterxml\jackson\datatype\jackson-datatype-jsr310\2.18.2\jackson-datatype-jsr310-2.18.2.jar;C:\Users\miles\.m2\repository\com\fasterxml\jackson\module\jackson-module-parameter-names\2.18.2\jackson-module-parameter-names-2.18.2.jar;C:\Users\miles\.m2\repository\org\springframework\boot\spring-boot-starter-tomcat\3.4.3\spring-boot-starter-tomcat-3.4.3.jar;C:\Users\miles\.m2\repository\org\apache\tomcat\embed\tomcat-embed-core\10.1.36\tomcat-embed-core-10.1.36.jar;C:\Users\miles\.m2\repository\org\apache\tomcat\embed\tomcat-embed-websocket\10.1.36\tomcat-embed-websocket-10.1.36.jar;C:\Users\miles\.m2\repository\org\springframework\spring-web\6.2.3\spring-web-6.2.3.jar;C:\Users\miles\.m2\repository\org\springframework\spring-beans\6.2.3\spring-beans-6.2.3.jar;C:\Users\miles\.m2\repository\org\springframework\spring-webmvc\6.2.3\spring-webmvc-6.2.3.jar;C:\Users\miles\.m2\repository\org\springframework\spring-context\6.2.3\spring-context-6.2.3.jar;C:\Users\miles\.m2\repository\org\springframework\spring-expression\6.2.3\spring-expression-6.2.3.jar;C:\Users\miles\.m2\repository\org\springframework\boot\spring-boot-starter-test\3.4.3\spring-boot-starter-test-3.4.3.jar;C:\Users\miles\.m2\repository\org\springframework\boot\spring-boot-test\3.4.3\spring-boot-test-3.4.3.jar;C:\Users\miles\.m2\repository\org\springframework\boot\spring-boot-test-autoconfigure\3.4.3\spring-boot-test-autoconfigure-3.4.3.jar;C:\Users\miles\.m2\repository\com\jayway\jsonpath\json-path\2.9.0\json-path-2.9.0.jar;C:\Users\miles\.m2\repository\jakarta\xml\bind\jakarta.xml.bind-api\4.0.2\jakarta.xml.bind-api-4.0.2.jar;C:\Users\miles\.m2\repository\jakarta\activation\jakarta.activation-api\2.1.3\jakarta.activation-api-2.1.3.jar;C:\Users\miles\.m2\repository\net\minidev\json-smart\2.5.2\json-smart-2.5.2.jar;C:\Users\miles\.m2\repository\net\minidev\accessors-smart\2.5.2\accessors-smart-2.5.2.jar;C:\Users\miles\.m2\repository\org\ow2\asm\asm\9.7.1\asm-9.7.1.jar;C:\Users\miles\.m2\repository\org\assertj\assertj-core\3.26.3\assertj-core-3.26.3.jar;C:\Users\miles\.m2\repository\net\bytebuddy\byte-buddy\1.15.11\byte-buddy-1.15.11.jar;C:\Users\miles\.m2\repository\org\awaitility\awaitility\4.2.2\awaitility-4.2.2.jar;C:\Users\miles\.m2\repository\org\hamcrest\hamcrest\2.2\hamcrest-2.2.jar;C:\Users\miles\.m2\repository\org\junit\jupiter\junit-jupiter\5.11.4\junit-jupiter-5.11.4.jar;C:\Users\miles\.m2\repository\org\junit\jupiter\junit-jupiter-api\5.11.4\junit-jupiter-api-5.11.4.jar;C:\Users\miles\.m2\repository\org\opentest4j\opentest4j\1.3.0\opentest4j-1.3.0.jar;C:\Users\miles\.m2\repository\org\junit\platform\junit-platform-commons\1.11.4\junit-platform-commons-1.11.4.jar;C:\Users\miles\.m2\repository\org\apiguardian\apiguardian-api\1.1.2\apiguardian-api-1.1.2.jar;C:\Users\miles\.m2\repository\org\junit\jupiter\junit-jupiter-params\5.11.4\junit-jupiter-params-5.11.4.jar;C:\Users\miles\.m2\repository\org\junit\jupiter\junit-jupiter-engine\5.11.4\junit-jupiter-engine-5.11.4.jar;C:\Users\miles\.m2\repository\org\junit\platform\junit-platform-engine\1.11.4\junit-platform-engine-1.11.4.jar;C:\Users\miles\.m2\repository\org\mockito\mockito-core\5.14.2\mockito-core-5.14.2.jar;C:\Users\miles\.m2\repository\net\bytebuddy\byte-buddy-agent\1.15.11\byte-buddy-agent-1.15.11.jar;C:\Users\miles\.m2\repository\org\objenesis\objenesis\3.3\objenesis-3.3.jar;C:\Users\miles\.m2\repository\org\mockito\mockito-junit-jupiter\5.14.2\mockito-junit-jupiter-5.14.2.jar;C:\Users\miles\.m2\repository\org\skyscreamer\jsonassert\1.5.3\jsonassert-1.5.3.jar;C:\Users\miles\.m2\repository\com\vaadin\external\google\android-json\0.0.20131108.vaadin1\android-json-0.0.20131108.vaadin1.jar;C:\Users\miles\.m2\repository\org\springframework\spring-core\6.2.3\spring-core-6.2.3.jar;C:\Users\miles\.m2\repository\org\springframework\spring-jcl\6.2.3\spring-jcl-6.2.3.jar;C:\Users\miles\.m2\repository\org\springframework\spring-test\6.2.3\spring-test-6.2.3.jar;C:\Users\miles\.m2\repository\org\xmlunit\xmlunit-core\2.10.0\xmlunit-core-2.10.0.jar;C:\Users\miles\.m2\repository\com\google\code\gson\gson\2.10.1\gson-2.10.1.jar;C:\Users\miles\.m2\repository\com\rabbitmq\amqp-client\5.20.0\amqp-client-5.20.0.jar;C:\Users\miles\.m2\repository\redis\clients\jedis\4.3.1\jedis-4.3.1.jar;C:\Users\miles\.m2\repository\org\apache\commons\commons-pool2\2.12.1\commons-pool2-2.12.1.jar;C:\Users\miles\.m2\repository\org\json\json\20220320\json-20220320.jar;C:\Users\miles\.m2\repository\org\projectlombok\lombok\1.18.36\lombok-1.18.36.jar;C:\Users\miles\.m2\repository\org\springframework\boot\spring-boot-starter-actuator\3.4.1\spring-boot-starter-actuator-3.4.1.jar;C:\Users\miles\.m2\repository\org\springframework\boot\spring-boot-actuator-autoconfigure\3.4.3\spring-boot-actuator-autoconfigure-3.4.3.jar;C:\Users\miles\.m2\repository\org\springframework\boot\spring-boot-actuator\3.4.3\spring-boot-actuator-3.4.3.jar;C:\Users\miles\.m2\repository\io\micrometer\micrometer-observation\1.14.4\micrometer-observation-1.14.4.jar;C:\Users\miles\.m2\repository\io\micrometer\micrometer-commons\1.14.4\micrometer-commons-1.14.4.jar;C:\Users\miles\.m2\repository\io\micrometer\micrometer-jakarta9\1.14.4\micrometer-jakarta9-1.14.4.jar;C:\Users\miles\.m2\repository\io\micrometer\micrometer-core\1.14.4\micrometer-core-1.14.4.jar;C:\Users\miles\.m2\repository\org\hdrhistogram\HdrHistogram\2.2.2\HdrHistogram-2.2.2.jar;C:\Users\miles\.m2\repository\org\latencyutils\LatencyUtils\2.0.3\LatencyUtils-2.0.3.jar;C:\Users\miles\.m2\repository\org\springframework\boot\spring-boot-starter-validation\3.4.2\spring-boot-starter-validation-3.4.2.jar;C:\Users\miles\.m2\repository\org\apache\tomcat\embed\tomcat-embed-el\10.1.36\tomcat-embed-el-10.1.36.jar;C:\Users\miles\.m2\repository\org\hibernate\validator\hibernate-validator\8.0.2.Final\hibernate-validator-8.0.2.Final.jar;C:\Users\miles\.m2\repository\jakarta\validation\jakarta.validation-api\3.0.2\jakarta.validation-api-3.0.2.jar;C:\Users\miles\.m2\repository\org\jboss\logging\jboss-logging\3.6.1.Final\jboss-logging-3.6.1.Final.jar;C:\Users\miles\.m2\repository\com\fasterxml\classmate\1.7.0\classmate-1.7.0.jar;C:\Users\miles\.m2\repository\org\springframework\boot\spring-boot-starter-aop\3.4.2\spring-boot-starter-aop-3.4.2.jar;C:\Users\miles\.m2\repository\org\springframework\spring-aop\6.2.3\spring-aop-6.2.3.jar;C:\Users\miles\.m2\repository\org\aspectj\aspectjweaver\1.9.22.1\aspectjweaver-1.9.22.1.jar;C:\Users\miles\.m2\repository\org\apache\kafka\kafka-clients\3.9.0\kafka-clients-3.9.0.jar;C:\Users\miles\.m2\repository\com\github\luben\zstd-jni\1.5.6-4\zstd-jni-1.5.6-4.jar;C:\Users\miles\.m2\repository\org\lz4\lz4-java\1.8.0\lz4-java-1.8.0.jar;C:\Users\miles\.m2\repository\org\xerial\snappy\snappy-java\1.1.10.5\snappy-java-1.1.10.5.jar;C:\Users\miles\.m2\repository\org\springdoc\springdoc-openapi-starter-webmvc-ui\2.8.5\springdoc-openapi-starter-webmvc-ui-2.8.5.jar;C:\Users\miles\.m2\repository\org\springdoc\springdoc-openapi-starter-webmvc-api\2.8.5\springdoc-openapi-starter-webmvc-api-2.8.5.jar;C:\Users\miles\.m2\repository\org\webjars\swagger-ui\5.18.3\swagger-ui-5.18.3.jar;C:\Users\miles\.m2\repository\org\webjars\webjars-locator-lite\1.0.1\webjars-locator-lite-1.0.1.jar;C:\Users\miles\.m2\repository\org\jspecify\jspecify\1.0.0\jspecify-1.0.0.jar;C:\Users\miles\.m2\repository\org\springdoc\springdoc-openapi-starter-webflux-api\2.8.5\springdoc-openapi-starter-webflux-api-2.8.5.jar;C:\Users\miles\.m2\repository\org\springdoc\springdoc-openapi-starter-common\2.8.5\springdoc-openapi-starter-common-2.8.5.jar;C:\Users\miles\.m2\repository\io\swagger\core\v3\swagger-core-jakarta\2.2.28\swagger-core-jakarta-2.2.28.jar;C:\Users\miles\.m2\repository\org\apache\commons\commons-lang3\3.17.0\commons-lang3-3.17.0.jar;C:\Users\miles\.m2\repository\io\swagger\core\v3\swagger-annotations-jakarta\2.2.28\swagger-annotations-jakarta-2.2.28.jar;C:\Users\miles\.m2\repository\io\swagger\core\v3\swagger-models-jakarta\2.2.28\swagger-models-jakarta-2.2.28.jar;C:\Users\miles\.m2\repository\com\fasterxml\jackson\dataformat\jackson-dataformat-yaml\2.18.2\jackson-dataformat-yaml-2.18.2.jar;C:\Users\miles\.m2\repository\org\springframework\spring-webflux\6.2.3\spring-webflux-6.2.3.jar;C:\Users\miles\.m2\repository\io\projectreactor\reactor-core\3.7.3\reactor-core-3.7.3.jar;C:\Users\miles\.m2\repository\org\reactivestreams\reactive-streams\1.0.4\reactive-streams-1.0.4.jar;C:\Users\miles\.m2\repository\org\testcontainers\testcontainers\1.20.5\testcontainers-1.20.5.jar;C:\Users\miles\.m2\repository\junit\junit\4.13.2\junit-4.13.2.jar;C:\Users\miles\.m2\repository\org\hamcrest\hamcrest-core\2.2\hamcrest-core-2.2.jar;C:\Users\miles\.m2\repository\org\apache\commons\commons-compress\1.24.0\commons-compress-1.24.0.jar;C:\Users\miles\.m2\repository\org\rnorth\duct-tape\duct-tape\1.0.8\duct-tape-1.0.8.jar;C:\Users\miles\.m2\repository\org\jetbrains\annotations\17.0.0\annotations-17.0.0.jar;C:\Users\miles\.m2\repository\com\github\docker-java\docker-java-api\3.4.1\docker-java-api-3.4.1.jar;C:\Users\miles\.m2\repository\com\fasterxml\jackson\core\jackson-annotations\2.18.2\jackson-annotations-2.18.2.jar;C:\Users\miles\.m2\repository\com\github\docker-java\docker-java-transport-zerodep\3.4.1\docker-java-transport-zerodep-3.4.1.jar;C:\Users\miles\.m2\repository\com\github\docker-java\docker-java-transport\3.4.1\docker-java-transport-3.4.1.jar;C:\Users\miles\.m2\repository\net\java\dev\jna\jna\5.13.0\jna-5.13.0.jar;C:\Users\miles\.m2\repository\org\testcontainers\junit-jupiter\1.20.5\junit-jupiter-1.20.5.jar;C:\Users\miles\.m2\repository\org\testcontainers\kafka\1.20.5\kafka-1.20.5.jar;C:\Users\miles\.m2\repository\org\testcontainers\rabbitmq\1.20.5\rabbitmq-1.20.5.jar;C:\Users\miles\.m2\repository\org\springframework\boot\spring-boot-starter-amqp\3.4.3\spring-boot-starter-amqp-3.4.3.jar;C:\Users\miles\.m2\repository\org\springframework\spring-messaging\6.2.3\spring-messaging-6.2.3.jar;C:\Users\miles\.m2\repository\org\springframework\amqp\spring-rabbit\3.2.3\spring-rabbit-3.2.3.jar;C:\Users\miles\.m2\repository\org\springframework\amqp\spring-amqp\3.2.3\spring-amqp-3.2.3.jar;C:\Users\miles\.m2\repository\org\springframework\retry\spring-retry\2.0.11\spring-retry-2.0.11.jar;C:\Users\miles\.m2\repository\org\springframework\spring-tx\6.2.3\spring-tx-6.2.3.jar;C:\Users\miles\.m2\repository\org\slf4j\slf4j-api\2.0.9\slf4j-api-2.0.9.jar;"/>
    <property name="java.vm.vendor" value="Oracle Corporation"/>
    <property name="sun.arch.data.model" value="64"/>
    <property name="user.variant" value=""/>
    <property name="catalina.useNaming" value="false"/>
    <property name="java.vendor.url" value="https://java.oracle.com/"/>
    <property name="user.timezone" value="Europe/London"/>
    <property name="org.jboss.logging.provider" value="slf4j"/>
    <property name="os.name" value="Windows 10"/>
    <property name="java.vm.specification.version" value="21"/>
    <property name="APPLICATION_NAME" value="acpCw2Service"/>
    <property name="sun.java.launcher" value="SUN_STANDARD"/>
    <property name="user.country" value="GB"/>
    <property name="sun.boot.library.path" value="C:\Program Files\Java\jdk-21\bin"/>
    <property name="sun.java.command" value="C:\Users\miles\AppData\Local\Temp\surefire5095796502913799871\surefirebooter-20250423184943033_3.jar C:\Users\miles\AppData\Local\Temp\surefire5095796502913799871 2025-04-23T18-49-42_861-jvmRun1 surefire-20250423184943033_1tmp surefire_0-20250423184943033_2tmp"/>
    <property name="jdk.debug" value="release"/>
    <property name="surefire.test.class.path" value="C:\Users\miles\Documents\GitHub\AcpCw2\target\test-classes;C:\Users\miles\Documents\GitHub\AcpCw2\target\classes;C:\Users\miles\.m2\repository\org\springframework\boot\spring-boot-starter-web\3.4.3\spring-boot-starter-web-3.4.3.jar;C:\Users\miles\.m2\repository\org\springframework\boot\spring-boot-starter\3.4.3\spring-boot-starter-3.4.3.jar;C:\Users\miles\.m2\repository\org\springframework\boot\spring-boot\3.4.3\spring-boot-3.4.3.jar;C:\Users\miles\.m2\repository\org\springframework\boot\spring-boot-autoconfigure\3.4.3\spring-boot-autoconfigure-3.4.3.jar;C:\Users\miles\.m2\repository\org\springframework\boot\spring-boot-starter-logging\3.4.3\spring-boot-starter-logging-3.4.3.jar;C:\Users\miles\.m2\repository\ch\qos\logback\logback-classic\1.5.16\logback-classic-1.5.16.jar;C:\Users\miles\.m2\repository\ch\qos\logback\logback-core\1.5.16\logback-core-1.5.16.jar;C:\Users\miles\.m2\repository\org\apache\logging\log4j\log4j-to-slf4j\2.24.3\log4j-to-slf4j-2.24.3.jar;C:\Users\miles\.m2\repository\org\apache\logging\log4j\log4j-api\2.24.3\log4j-api-2.24.3.jar;C:\Users\miles\.m2\repository\org\slf4j\jul-to-slf4j\2.0.16\jul-to-slf4j-2.0.16.jar;C:\Users\miles\.m2\repository\jakarta\annotation\jakarta.annotation-api\2.1.1\jakarta.annotation-api-2.1.1.jar;C:\Users\miles\.m2\repository\org\yaml\snakeyaml\2.3\snakeyaml-2.3.jar;C:\Users\miles\.m2\repository\org\springframework\boot\spring-boot-starter-json\3.4.3\spring-boot-starter-json-3.4.3.jar;C:\Users\miles\.m2\repository\com\fasterxml\jackson\core\jackson-databind\2.18.2\jackson-databind-2.18.2.jar;C:\Users\miles\.m2\repository\com\fasterxml\jackson\core\jackson-core\2.18.2\jackson-core-2.18.2.jar;C:\Users\miles\.m2\repository\com\fasterxml\jackson\datatype\jackson-datatype-jdk8\2.18.2\jackson-datatype-jdk8-2.18.2.jar;C:\Users\miles\.m2\repository\com\fasterxml\jackson\datatype\jackson-datatype-jsr310\2.18.2\jackson-datatype-jsr310-2.18.2.jar;C:\Users\miles\.m2\repository\com\fasterxml\jackson\module\jackson-module-parameter-names\2.18.2\jackson-module-parameter-names-2.18.2.jar;C:\Users\miles\.m2\repository\org\springframework\boot\spring-boot-starter-tomcat\3.4.3\spring-boot-starter-tomcat-3.4.3.jar;C:\Users\miles\.m2\repository\org\apache\tomcat\embed\tomcat-embed-core\10.1.36\tomcat-embed-core-10.1.36.jar;C:\Users\miles\.m2\repository\org\apache\tomcat\embed\tomcat-embed-websocket\10.1.36\tomcat-embed-websocket-10.1.36.jar;C:\Users\miles\.m2\repository\org\springframework\spring-web\6.2.3\spring-web-6.2.3.jar;C:\Users\miles\.m2\repository\org\springframework\spring-beans\6.2.3\spring-beans-6.2.3.jar;C:\Users\miles\.m2\repository\org\springframework\spring-webmvc\6.2.3\spring-webmvc-6.2.3.jar;C:\Users\miles\.m2\repository\org\springframework\spring-context\6.2.3\spring-context-6.2.3.jar;C:\Users\miles\.m2\repository\org\springframework\spring-expression\6.2.3\spring-expression-6.2.3.jar;C:\Users\miles\.m2\repository\org\springframework\boot\spring-boot-starter-test\3.4.3\spring-boot-starter-test-3.4.3.jar;C:\Users\miles\.m2\repository\org\springframework\boot\spring-boot-test\3.4.3\spring-boot-test-3.4.3.jar;C:\Users\miles\.m2\repository\org\springframework\boot\spring-boot-test-autoconfigure\3.4.3\spring-boot-test-autoconfigure-3.4.3.jar;C:\Users\miles\.m2\repository\com\jayway\jsonpath\json-path\2.9.0\json-path-2.9.0.jar;C:\Users\miles\.m2\repository\jakarta\xml\bind\jakarta.xml.bind-api\4.0.2\jakarta.xml.bind-api-4.0.2.jar;C:\Users\miles\.m2\repository\jakarta\activation\jakarta.activation-api\2.1.3\jakarta.activation-api-2.1.3.jar;C:\Users\miles\.m2\repository\net\minidev\json-smart\2.5.2\json-smart-2.5.2.jar;C:\Users\miles\.m2\repository\net\minidev\accessors-smart\2.5.2\accessors-smart-2.5.2.jar;C:\Users\miles\.m2\repository\org\ow2\asm\asm\9.7.1\asm-9.7.1.jar;C:\Users\miles\.m2\repository\org\assertj\assertj-core\3.26.3\assertj-core-3.26.3.jar;C:\Users\miles\.m2\repository\net\bytebuddy\byte-buddy\1.15.11\byte-buddy-1.15.11.jar;C:\Users\miles\.m2\repository\org\awaitility\awaitility\4.2.2\awaitility-4.2.2.jar;C:\Users\miles\.m2\repository\org\hamcrest\hamcrest\2.2\hamcrest-2.2.jar;C:\Users\miles\.m2\repository\org\junit\jupiter\junit-jupiter\5.11.4\junit-jupiter-5.11.4.jar;C:\Users\miles\.m2\repository\org\junit\jupiter\junit-jupiter-api\5.11.4\junit-jupiter-api-5.11.4.jar;C:\Users\miles\.m2\repository\org\opentest4j\opentest4j\1.3.0\opentest4j-1.3.0.jar;C:\Users\miles\.m2\repository\org\junit\platform\junit-platform-commons\1.11.4\junit-platform-commons-1.11.4.jar;C:\Users\miles\.m2\repository\org\apiguardian\apiguardian-api\1.1.2\apiguardian-api-1.1.2.jar;C:\Users\miles\.m2\repository\org\junit\jupiter\junit-jupiter-params\5.11.4\junit-jupiter-params-5.11.4.jar;C:\Users\miles\.m2\repository\org\junit\jupiter\junit-jupiter-engine\5.11.4\junit-jupiter-engine-5.11.4.jar;C:\Users\miles\.m2\repository\org\junit\platform\junit-platform-engine\1.11.4\junit-platform-engine-1.11.4.jar;C:\Users\miles\.m2\repository\org\mockito\mockito-core\5.14.2\mockito-core-5.14.2.jar;C:\Users\miles\.m2\repository\net\bytebuddy\byte-buddy-agent\1.15.11\byte-buddy-agent-1.15.11.jar;C:\Users\miles\.m2\repository\org\objenesis\objenesis\3.3\objenesis-3.3.jar;C:\Users\miles\.m2\repository\org\mockito\mockito-junit-jupiter\5.14.2\mockito-junit-jupiter-5.14.2.jar;C:\Users\miles\.m2\repository\org\skyscreamer\jsonassert\1.5.3\jsonassert-1.5.3.jar;C:\Users\miles\.m2\repository\com\vaadin\external\google\android-json\0.0.20131108.vaadin1\android-json-0.0.20131108.vaadin1.jar;C:\Users\miles\.m2\repository\org\springframework\spring-core\6.2.3\spring-core-6.2.3.jar;C:\Users\miles\.m2\repository\org\springframework\spring-jcl\6.2.3\spring-jcl-6.2.3.jar;C:\Users\miles\.m2\repository\org\springframework\spring-test\6.2.3\spring-test-6.2.3.jar;C:\Users\miles\.m2\repository\org\xmlunit\xmlunit-core\2.10.0\xmlunit-core-2.10.0.jar;C:\Users\miles\.m2\repository\com\google\code\gson\gson\2.10.1\gson-2.10.1.jar;C:\Users\miles\.m2\repository\com\rabbitmq\amqp-client\5.20.0\amqp-client-5.20.0.jar;C:\Users\miles\.m2\repository\redis\clients\jedis\4.3.1\jedis-4.3.1.jar;C:\Users\miles\.m2\repository\org\apache\commons\commons-pool2\2.12.1\commons-pool2-2.12.1.jar;C:\Users\miles\.m2\repository\org\json\json\20220320\json-20220320.jar;C:\Users\miles\.m2\repository\org\projectlombok\lombok\1.18.36\lombok-1.18.36.jar;C:\Users\miles\.m2\repository\org\springframework\boot\spring-boot-starter-actuator\3.4.1\spring-boot-starter-actuator-3.4.1.jar;C:\Users\miles\.m2\repository\org\springframework\boot\spring-boot-actuator-autoconfigure\3.4.3\spring-boot-actuator-autoconfigure-3.4.3.jar;C:\Users\miles\.m2\repository\org\springframework\boot\spring-boot-actuator\3.4.3\spring-boot-actuator-3.4.3.jar;C:\Users\miles\.m2\repository\io\micrometer\micrometer-observation\1.14.4\micrometer-observation-1.14.4.jar;C:\Users\miles\.m2\repository\io\micrometer\micrometer-commons\1.14.4\micrometer-commons-1.14.4.jar;C:\Users\miles\.m2\repository\io\micrometer\micrometer-jakarta9\1.14.4\micrometer-jakarta9-1.14.4.jar;C:\Users\miles\.m2\repository\io\micrometer\micrometer-core\1.14.4\micrometer-core-1.14.4.jar;C:\Users\miles\.m2\repository\org\hdrhistogram\HdrHistogram\2.2.2\HdrHistogram-2.2.2.jar;C:\Users\miles\.m2\repository\org\latencyutils\LatencyUtils\2.0.3\LatencyUtils-2.0.3.jar;C:\Users\miles\.m2\repository\org\springframework\boot\spring-boot-starter-validation\3.4.2\spring-boot-starter-validation-3.4.2.jar;C:\Users\miles\.m2\repository\org\apache\tomcat\embed\tomcat-embed-el\10.1.36\tomcat-embed-el-10.1.36.jar;C:\Users\miles\.m2\repository\org\hibernate\validator\hibernate-validator\8.0.2.Final\hibernate-validator-8.0.2.Final.jar;C:\Users\miles\.m2\repository\jakarta\validation\jakarta.validation-api\3.0.2\jakarta.validation-api-3.0.2.jar;C:\Users\miles\.m2\repository\org\jboss\logging\jboss-logging\3.6.1.Final\jboss-logging-3.6.1.Final.jar;C:\Users\miles\.m2\repository\com\fasterxml\classmate\1.7.0\classmate-1.7.0.jar;C:\Users\miles\.m2\repository\org\springframework\boot\spring-boot-starter-aop\3.4.2\spring-boot-starter-aop-3.4.2.jar;C:\Users\miles\.m2\repository\org\springframework\spring-aop\6.2.3\spring-aop-6.2.3.jar;C:\Users\miles\.m2\repository\org\aspectj\aspectjweaver\1.9.22.1\aspectjweaver-1.9.22.1.jar;C:\Users\miles\.m2\repository\org\apache\kafka\kafka-clients\3.9.0\kafka-clients-3.9.0.jar;C:\Users\miles\.m2\repository\com\github\luben\zstd-jni\1.5.6-4\zstd-jni-1.5.6-4.jar;C:\Users\miles\.m2\repository\org\lz4\lz4-java\1.8.0\lz4-java-1.8.0.jar;C:\Users\miles\.m2\repository\org\xerial\snappy\snappy-java\1.1.10.5\snappy-java-1.1.10.5.jar;C:\Users\miles\.m2\repository\org\springdoc\springdoc-openapi-starter-webmvc-ui\2.8.5\springdoc-openapi-starter-webmvc-ui-2.8.5.jar;C:\Users\miles\.m2\repository\org\springdoc\springdoc-openapi-starter-webmvc-api\2.8.5\springdoc-openapi-starter-webmvc-api-2.8.5.jar;C:\Users\miles\.m2\repository\org\webjars\swagger-ui\5.18.3\swagger-ui-5.18.3.jar;C:\Users\miles\.m2\repository\org\webjars\webjars-locator-lite\1.0.1\webjars-locator-lite-1.0.1.jar;C:\Users\miles\.m2\repository\org\jspecify\jspecify\1.0.0\jspecify-1.0.0.jar;C:\Users\miles\.m2\repository\org\springdoc\springdoc-openapi-starter-webflux-api\2.8.5\springdoc-openapi-starter-webflux-api-2.8.5.jar;C:\Users\miles\.m2\repository\org\springdoc\springdoc-openapi-starter-common\2.8.5\springdoc-openapi-starter-common-2.8.5.jar;C:\Users\miles\.m2\repository\io\swagger\core\v3\swagger-core-jakarta\2.2.28\swagger-core-jakarta-2.2.28.jar;C:\Users\miles\.m2\repository\org\apache\commons\commons-lang3\3.17.0\commons-lang3-3.17.0.jar;C:\Users\miles\.m2\repository\io\swagger\core\v3\swagger-annotations-jakarta\2.2.28\swagger-annotations-jakarta-2.2.28.jar;C:\Users\miles\.m2\repository\io\swagger\core\v3\swagger-models-jakarta\2.2.28\swagger-models-jakarta-2.2.28.jar;C:\Users\miles\.m2\repository\com\fasterxml\jackson\dataformat\jackson-dataformat-yaml\2.18.2\jackson-dataformat-yaml-2.18.2.jar;C:\Users\miles\.m2\repository\org\springframework\spring-webflux\6.2.3\spring-webflux-6.2.3.jar;C:\Users\miles\.m2\repository\io\projectreactor\reactor-core\3.7.3\reactor-core-3.7.3.jar;C:\Users\miles\.m2\repository\org\reactivestreams\reactive-streams\1.0.4\reactive-streams-1.0.4.jar;C:\Users\miles\.m2\repository\org\testcontainers\testcontainers\1.20.5\testcontainers-1.20.5.jar;C:\Users\miles\.m2\repository\junit\junit\4.13.2\junit-4.13.2.jar;C:\Users\miles\.m2\repository\org\hamcrest\hamcrest-core\2.2\hamcrest-core-2.2.jar;C:\Users\miles\.m2\repository\org\apache\commons\commons-compress\1.24.0\commons-compress-1.24.0.jar;C:\Users\miles\.m2\repository\org\rnorth\duct-tape\duct-tape\1.0.8\duct-tape-1.0.8.jar;C:\Users\miles\.m2\repository\org\jetbrains\annotations\17.0.0\annotations-17.0.0.jar;C:\Users\miles\.m2\repository\com\github\docker-java\docker-java-api\3.4.1\docker-java-api-3.4.1.jar;C:\Users\miles\.m2\repository\com\fasterxml\jackson\core\jackson-annotations\2.18.2\jackson-annotations-2.18.2.jar;C:\Users\miles\.m2\repository\com\github\docker-java\docker-java-transport-zerodep\3.4.1\docker-java-transport-zerodep-3.4.1.jar;C:\Users\miles\.m2\repository\com\github\docker-java\docker-java-transport\3.4.1\docker-java-transport-3.4.1.jar;C:\Users\miles\.m2\repository\net\java\dev\jna\jna\5.13.0\jna-5.13.0.jar;C:\Users\miles\.m2\repository\org\testcontainers\junit-jupiter\1.20.5\junit-jupiter-1.20.5.jar;C:\Users\miles\.m2\repository\org\testcontainers\kafka\1.20.5\kafka-1.20.5.jar;C:\Users\miles\.m2\repository\org\testcontainers\rabbitmq\1.20.5\rabbitmq-1.20.5.jar;C:\Users\miles\.m2\repository\org\springframework\boot\spring-boot-starter-amqp\3.4.3\spring-boot-starter-amqp-3.4.3.jar;C:\Users\miles\.m2\repository\org\springframework\spring-messaging\6.2.3\spring-messaging-6.2.3.jar;C:\Users\miles\.m2\repository\org\springframework\amqp\spring-rabbit\3.2.3\spring-rabbit-3.2.3.jar;C:\Users\miles\.m2\repository\org\springframework\amqp\spring-amqp\3.2.3\spring-amqp-3.2.3.jar;C:\Users\miles\.m2\repository\org\springframework\retry\spring-retry\2.0.11\spring-retry-2.0.11.jar;C:\Users\miles\.m2\repository\org\springframework\spring-tx\6.2.3\spring-tx-6.2.3.jar;C:\Users\miles\.m2\repository\org\slf4j\slf4j-api\2.0.9\slf4j-api-2.0.9.jar;"/>
    <property name="sun.cpu.endian" value="little"/>
    <property name="user.home" value="C:\Users\miles"/>
    <property name="user.language" value="en"/>
    <property name="java.specification.vendor" value="Oracle Corporation"/>
    <property name="java.version.date" value="2024-10-15"/>
    <property name="java.home" value="C:\Program Files\Java\jdk-21"/>
    <property name="file.separator" value="\"/>
    <property name="basedir" value="C:\Users\miles\Documents\GitHub\AcpCw2"/>
    <property name="java.vm.compressedOopsMode" value="32-bit"/>
    <property name="line.separator" value="&#10;"/>
    <property name="java.vm.specification.vendor" value="Oracle Corporation"/>
    <property name="java.specification.name" value="Java Platform API Specification"/>
    <property name="FILE_LOG_CHARSET" value="UTF-8"/>
    <property name="java.awt.headless" value="true"/>
    <property name="surefire.real.class.path" value="C:\Users\miles\AppData\Local\Temp\surefire5095796502913799871\surefirebooter-20250423184943033_3.jar"/>
    <property name="user.script" value=""/>
    <property name="sun.management.compiler" value="HotSpot 64-Bit Tiered Compilers"/>
    <property name="java.runtime.version" value="21.0.5+9-LTS-239"/>
    <property name="user.name" value="miles"/>
    <property name="stdout.encoding" value="Cp1252"/>
    <property name="path.separator" value=";"/>
    <property name="os.version" value="10.0"/>
    <property name="java.runtime.name" value="Java(TM) SE Runtime Environment"/>
    <property name="file.encoding" value="UTF-8"/>
    <property name="java.vm.name" value="Java HotSpot(TM) 64-Bit Server VM"/>
    <property name="localRepository" value="C:\Users\miles\.m2\repository"/>
    <property name="java.vendor.url.bug" value="https://bugreport.java.com/bugreport/"/>
    <property name="java.io.tmpdir" value="C:\Users\miles\AppData\Local\Temp\"/>
    <property name="idea.version" value="2023.2.3"/>
    <property name="catalina.home" value="C:\Users\miles\AppData\Local\Temp\tomcat.0.2294113813898064770"/>
    <property name="java.version" value="21.0.5"/>
    <property name="user.dir" value="C:\Users\miles\Documents\GitHub\AcpCw2"/>
    <property name="os.arch" value="amd64"/>
    <property name="java.vm.specification.name" value="Java Virtual Machine Specification"/>
    <property name="PID" value="18292"/>
    <property name="sun.os.patch.level" value=""/>
    <property name="CONSOLE_LOG_CHARSET" value="UTF-8"/>
    <property name="catalina.base" value="C:\Users\miles\AppData\Local\Temp\tomcat.0.2294113813898064770"/>
    <property name="native.encoding" value="Cp1252"/>
    <property name="java.library.path" value="C:\Program Files\Java\jdk-21\bin;C:\WINDOWS\Sun\Java\bin;C:\WINDOWS\system32;C:\WINDOWS;C:\Program Files\Common Files\Oracle\Java\javapath;C:\Program Files (x86)\Razer Chroma SDK\bin;C:\Program Files\Razer Chroma SDK\bin;C:\windows\system32;C:\windows;C:\windows\System32\Wbem;C:\windows\System32\WindowsPowerShell\v1.0\;C:\windows\System32\OpenSSH\;C:\ProgramData\chocolatey\bin;C:\Program Files (x86)\Razer\ChromaBroadcast\bin;C:\Program Files\Razer\ChromaBroadcast\bin;C:\windows\system32\config\systemprofile\AppData\Local\Microsoft\WindowsApps;C:\WINDOWS\system32;C:\WINDOWS;C:\WINDOWS\System32\Wbem;C:\WINDOWS\System32\WindowsPowerShell\v1.0\;C:\WINDOWS\System32\OpenSSH\;C:\Program Files\Git\cmd;C:\Program Files\WireGuard\;C:\Program Files\Docker\Docker\resources\bin;C:\Program Files\dotnet\;C:\Users\miles\AppData\Local\Microsoft\WindowsApps;C:\Users\miles\AppData\Roaming\cabal\bin;C:\ProgramData\chocolatey\lib\ghc\tools\ghc-8.10.2\bin;C:\tools\msys64;C:\Users\miles\AppData\Local\atom\bin;C:\Users\miles\AppData\Local\Microsoft\WindowsApps;C:\Users\miles\AppData\Local\Programs\Microsoft VS Code\bin;C:\Users\miles\AppData\Local\GitHubDesktop\bin;C:\Program Files\JetBrains\IntelliJ IDEA Community Edition 2022.2.2\bin;;C:\Users\miles\AppData\Local\Packages\PythonSoftwareFoundation.Python.3.10_qbz5n2kfra8p0\LocalCache\local-packages\Python310\Scripts;C:\Users\miles\AppData\Local\Packages\PythonSoftwareFoundation.Python.3.11_qbz5n2kfra8p0\LocalCache\local-packages\Python311\Scripts;C:\Users\miles\AppData\Local\Programs\cursor\resources\app\bin;."/>
    <property name="java.vm.info" value="mixed mode, sharing"/>
    <property name="stderr.encoding" value="Cp1252"/>
    <property name="java.vendor" value="Oracle Corporation"/>
    <property name="java.vm.version" value="21.0.5+9-LTS-239"/>
    <property name="sun.io.unicode.encoding" value="UnicodeLittle"/>
    <property name="java.class.version" value="65.0"/>
    <property name="CONSOLE_LOG_PATTERN" value="%d{HH:mm:ss.SSS} %-5level %logger{20} - %msg%n"/>
    <property name="LOGGED_APPLICATION_NAME" value="[acpCw2Service] "/>
  </properties>
  <testcase name="testStorageService" classname="uk.ac.ed.acp.cw2.AcpCw2ApplicationTests" time="2.268">
    <system-out><![CDATA[18:49:44.403 [main] INFO org.springframework.test.context.support.AnnotationConfigContextLoaderUtils -- Could not detect default configuration classes for test class [uk.ac.ed.acp.cw2.AcpCw2ApplicationTests]: AcpCw2ApplicationTests does not declare any static, non-private, non-final, nested classes annotated with @Configuration.
18:49:44.617 [main] INFO org.springframework.boot.test.context.SpringBootTestContextBootstrapper -- Found @SpringBootConfiguration uk.ac.ed.acp.cw2.Application for test class uk.ac.ed.acp.cw2.AcpCw2ApplicationTests

  .   ____          _            __ _ _
 /\\ / ___'_ __ _ _(_)_ __  __ _ \ \ \ \
( ( )\___ | '_ | '_| | '_ \/ _` | \ \ \ \
 \\/  ___)| |_)| | | | | || (_| |  ) ) ) )
  '  |____| .__|_| |_|_| |_\__, | / / / /
 =========|_|==============|___/=/_/_/_/

 :: Spring Boot ::                (v3.4.3)

18:49:45.625 WARN  o.s.b.t.j.DuplicateJsonObjectContextCustomizerFactory$DuplicateJsonObjectContextCustomizer - 

Found multiple occurrences of org.json.JSONObject on the class path:

	jar:file:/C:/Users/miles/.m2/repository/com/vaadin/external/google/android-json/0.0.20131108.vaadin1/android-json-0.0.20131108.vaadin1.jar!/org/json/JSONObject.class
	jar:file:/C:/Users/miles/.m2/repository/org/json/json/20220320/json-20220320.jar!/org/json/JSONObject.class

You may wish to exclude one of them to ensure predictable runtime behavior

18:49:45.658 INFO  u.a.e.a.c.AcpCw2ApplicationTests - Starting AcpCw2ApplicationTests using Java 21.0.5 with PID 18292 (started by miles in C:\Users\miles\Documents\GitHub\AcpCw2)
18:49:45.660 INFO  u.a.e.a.c.AcpCw2ApplicationTests - No active profile set, falling back to 1 default profile: "default"
18:49:48.476 INFO  o.s.b.w.e.t.TomcatWebServer - Tomcat initialized with port 0 (http)
18:49:48.585 INFO  o.s.b.w.s.c.ServletWebServerApplicationContext - Root WebApplicationContext: initialization completed in 2880 ms
18:49:51.537 INFO  o.s.b.a.e.w.EndpointLinksResolver - Exposing 3 endpoints beneath base path '/actuator'
18:49:51.768 INFO  o.s.b.w.e.t.TomcatWebServer - Tomcat started on port 56048 (http) with context path '/'
18:49:51.789 INFO  u.a.e.a.c.AcpCw2ApplicationTests - Started AcpCw2ApplicationTests in 6.681 seconds (process running for 8.558)
18:49:53.403 INFO  u.a.e.a.c.AcpCw2ApplicationTests - -------------- STORAGE SERVICE TEST ----------------
18:49:53.403 INFO  u.a.e.a.c.AcpCw2ApplicationTests - Pushing blob to storage service
18:49:53.984 INFO  u.a.e.a.c.s.StorageService - Pushed to store-test-34527-cLWjJ in d282beec-3061-4d5e-b926-11fa85305475: "d282beec-3061-4d5e-b926-11fa85305475" 
18:49:53.991 INFO  u.a.e.a.c.AcpCw2ApplicationTests - Receiving blob from storage service
18:49:54.093 INFO  u.a.e.a.c.s.StorageService - Received from d282beec-3061-4d5e-b926-11fa85305475 in store-test-34527-cLWjJ: store-test-70503-I0t8x
18:49:54.095 INFO  u.a.e.a.c.AcpCw2ApplicationTests - Deleting blob from storage service
18:49:54.165 INFO  u.a.e.a.c.s.StorageService - Deleted blob: d282beec-3061-4d5e-b926-11fa85305475
18:49:54.166 INFO  u.a.e.a.c.AcpCw2ApplicationTests - Checking if blob is deleted
18:49:54.335 ERROR u.a.e.a.c.s.StorageService - Error receiving blob: https://acp-storage.azurewebsites.net/api/v1/blob/d282beec-3061-4d5e-b926-11fa85305475 500 Internal Server Error on GET request for "https://acp-storage.azurewebsites.net/api/v1/blob/d282beec-3061-4d5e-b926-11fa85305475": "<html><body><h1>ACP-Storage-Service - Error Page</h1><div>Status code: <b>null</b></div><div>Exception Message: <b>N/A</b></div> <div>Original URL: <b>/api/v1/blob/d282beec-3061-4d5e-b926-11fa85305475</b></div> <br/><div>Timestamp: <b>2025/04/23 17:49:54</b></div><body></html>"
]]></system-out>
    <system-err><![CDATA[Mockito is currently self-attaching to enable the inline-mock-maker. This will no longer work in future releases of the JDK. Please add Mockito as an agent to your build what is described in Mockito's documentation: https://javadoc.io/doc/org.mockito/mockito-core/latest/org/mockito/Mockito.html#0.3
WARNING: A Java agent has been loaded dynamically (C:\Users\miles\.m2\repository\net\bytebuddy\byte-buddy-agent\1.15.11\byte-buddy-agent-1.15.11.jar)
WARNING: If a serviceability tool is in use, please run with -XX:+EnableDynamicAgentLoading to hide this warning
WARNING: If a serviceability tool is not in use, please run with -Djdk.instrument.traceUsage for more information
WARNING: Dynamic loading of agents will be disallowed by default in a future release
]]></system-err>
  </testcase>
  <testcase name="testRabbitMQ" classname="uk.ac.ed.acp.cw2.AcpCw2ApplicationTests" time="0.851">
    <system-out><![CDATA[18:49:54.364 INFO  u.a.e.a.c.AcpCw2ApplicationTests - --------------STARTING RABBIT MQ TEST-------------
18:49:54.364 INFO  u.a.e.a.c.AcpCw2ApplicationTests - queueName: RabbitMQ-60267-MNzLa
18:49:54.531 INFO  o.s.w.s.DispatcherServlet - Initializing Servlet 'dispatcherServlet'
18:49:54.532 INFO  o.s.w.s.DispatcherServlet - Completed initialization in 1 ms
18:49:55.028 INFO  u.a.e.a.c.s.RabbitMqService - Sent 5 messages to RabbitMQ-60267-MNzLa
18:49:55.075 INFO  u.a.e.a.c.s.RabbitMqService - Reading queue RabbitMQ-60267-MNzLa: count=0
18:49:55.187 INFO  u.a.e.a.c.s.RabbitMqService - Received 5/0 messages in 112ms
RabbitMQ Message - uid: s2093547, counter: 0
]]></system-out>
  </testcase>
  <testcase name="testKafkaSent" classname="uk.ac.ed.acp.cw2.AcpCw2ApplicationTests" time="6.789">
    <system-out><![CDATA[18:49:55.216 INFO  u.a.e.a.c.AcpCw2ApplicationTests - -----------STARTING KAFKA TEST-------------
18:49:55.216 INFO  u.a.e.a.c.AcpCw2ApplicationTests - topicName: KafkaSent-15094-Rt3KS
18:49:55.220 INFO  u.a.e.a.c.s.KafkaService - Pushing 5 messages to KafkaSent-15094-Rt3KS
18:49:56.268 WARN  o.a.k.c.NetworkClient - [Producer clientId=producer-1] The metadata response from the cluster reported a recoverable issue with correlation id 1 : {KafkaSent-15094-Rt3KS=UNKNOWN_TOPIC_OR_PARTITION}
18:49:56.478 INFO  u.a.e.a.c.s.KafkaService - Reading topic KafkaSent-15094-Rt3KS: count=0
18:50:01.681 INFO  u.a.e.a.c.s.KafkaService - Received 5/0 messages in 5203ms
Kafka Message - uid: s2093547, counter: 0
]]></system-out>
  </testcase>
  <testcase name="testService" classname="uk.ac.ed.acp.cw2.AcpCw2ApplicationTests" time="5.251">
    <system-out><![CDATA[18:50:02.008 INFO  u.a.e.a.c.AcpCw2ApplicationTests - --------------STARTING SERVICE TEST----------------
18:50:02.008 INFO  u.a.e.a.c.AcpCw2ApplicationTests - readTopic: ServiceTestRead-62266-uUQPn, Good: ServiceTestGood-44446-o2pNU, Bad: ServiceTestBad-27617-sVHRq, Count: 10
18:50:02.013 INFO  u.a.e.a.c.AcpCw2ApplicationTests - Created 6 good messages, 4 bad messages
18:50:02.033 INFO  u.a.e.a.c.s.KafkaService - Pushing 10 messages to ServiceTestRead-62266-uUQPn
18:50:02.050 WARN  o.a.k.c.NetworkClient - [Producer clientId=producer-2] The metadata response from the cluster reported a recoverable issue with correlation id 1 : {ServiceTestRead-62266-uUQPn=UNKNOWN_TOPIC_OR_PARTITION}
18:50:02.260 INFO  u.a.e.a.c.s.MessageProcessor - Processing messages; topic:ServiceTestRead-62266-uUQPn, good_queue:ServiceTestGood-44446-o2pNU, bad_queue:ServiceTestBad-27617-sVHRq, count:10
18:50:05.871 INFO  u.a.e.a.c.s.KafkaService - Returned 10/10 messages in 3611 ms)
18:50:05.874 INFO  u.a.e.a.c.s.MessageProcessor - goodTotal: 0.0, badTotal: 0.0
18:50:06.029 INFO  u.a.e.a.c.s.StorageService - Pushed to store-s2093547 in 7b979b57-5854-4f63-8ce0-ed40f3f19e40: "7b979b57-5854-4f63-8ce0-ed40f3f19e40" 
18:50:06.124 INFO  u.a.e.a.c.s.StorageService - Pushed to store-s2093547 in eb0d7192-893f-4605-9025-9aaabf144402: "eb0d7192-893f-4605-9025-9aaabf144402" 
18:50:06.200 INFO  u.a.e.a.c.s.StorageService - Pushed to store-s2093547 in d7283bfc-5edc-45ce-803e-4d901d5c281d: "d7283bfc-5edc-45ce-803e-4d901d5c281d" 
18:50:06.300 INFO  u.a.e.a.c.s.StorageService - Pushed to store-s2093547 in 384981e5-b667-4d4e-88ff-559e623c2c20: "384981e5-b667-4d4e-88ff-559e623c2c20" 
18:50:06.408 INFO  u.a.e.a.c.s.StorageService - Pushed to store-s2093547 in 28cabfd0-2141-4c90-846c-5b079f5156fc: "28cabfd0-2141-4c90-846c-5b079f5156fc" 
18:50:06.510 INFO  u.a.e.a.c.s.StorageService - Pushed to store-s2093547 in f394cefa-a8db-435e-af91-04b809649cef: "f394cefa-a8db-435e-af91-04b809649cef" 
18:50:06.586 INFO  u.a.e.a.c.s.RabbitMqService - Sent 6 messages to ServiceTestGood-44446-o2pNU
18:50:06.719 INFO  u.a.e.a.c.s.RabbitMqService - Sent 4 messages to ServiceTestBad-27617-sVHRq
18:50:06.784 INFO  u.a.e.a.c.s.RabbitMqService - Sent 1 messages to ServiceTestGood-44446-o2pNU
18:50:06.801 INFO  u.a.e.a.c.s.RabbitMqService - Sent 1 messages to ServiceTestBad-27617-sVHRq
18:50:06.806 INFO  u.a.e.a.c.AcpCw2ApplicationTests - -------------- RECEIVING MESSAGES ----------------
18:50:06.810 INFO  u.a.e.a.c.s.RabbitMqService - Reading queue ServiceTestGood-44446-o2pNU: count=0
18:50:06.873 INFO  u.a.e.a.c.s.RabbitMqService - Received 7/0 messages in 62ms
18:50:06.882 INFO  u.a.e.a.c.s.RabbitMqService - Reading queue ServiceTestBad-27617-sVHRq: count=0
18:50:06.897 INFO  u.a.e.a.c.s.RabbitMqService - Received 5/0 messages in 15ms
18:50:06.905 INFO  u.a.e.a.c.AcpCw2ApplicationTests - -------------- GOOD QUEUE ----------------
18:50:06.979 INFO  u.a.e.a.c.s.StorageService - Received from 7b979b57-5854-4f63-8ce0-ed40f3f19e40 in store-s2093547: {"uid":"s2093547","key":"GJP","comment":" ","value":10.16,"runningTotalValue":10.16}
18:50:07.023 INFO  u.a.e.a.c.s.StorageService - Received from eb0d7192-893f-4605-9025-9aaabf144402 in store-s2093547: {"uid":"s2093547","key":"RQVR","comment":" ","value":42.67,"runningTotalValue":52.829998}
18:50:07.078 INFO  u.a.e.a.c.s.StorageService - Received from d7283bfc-5edc-45ce-803e-4d901d5c281d in store-s2093547: {"uid":"s2093547","key":"ENJ","comment":" ","value":30.88,"runningTotalValue":83.71}
18:50:07.129 INFO  u.a.e.a.c.s.StorageService - Received from 384981e5-b667-4d4e-88ff-559e623c2c20 in store-s2093547: {"uid":"s2093547","key":"MYI","comment":" ","value":35.47,"runningTotalValue":119.18}
18:50:07.201 INFO  u.a.e.a.c.s.StorageService - Received from 28cabfd0-2141-4c90-846c-5b079f5156fc in store-s2093547: {"uid":"s2093547","key":"IJZ","comment":" ","value":41.97,"runningTotalValue":161.15}
18:50:07.252 INFO  u.a.e.a.c.s.StorageService - Received from f394cefa-a8db-435e-af91-04b809649cef in store-s2093547: {"uid":"s2093547","key":"SQAM","comment":" ","value":3.0,"runningTotalValue":164.15}
18:50:07.252 INFO  u.a.e.a.c.AcpCw2ApplicationTests - Good packets passed
18:50:07.252 INFO  u.a.e.a.c.AcpCw2ApplicationTests - -------------- BAD QUEUE ----------------
18:50:07.252 INFO  u.a.e.a.c.AcpCw2ApplicationTests - Bad packets passed
]]></system-out>
  </testcase>
  <testcase name="testKafkaMultipleReads" classname="uk.ac.ed.acp.cw2.AcpCw2ApplicationTests" time="17.28">
    <system-out><![CDATA[18:50:07.261 INFO  u.a.e.a.c.AcpCw2ApplicationTests - --------------STARTING KAFKA MULTIPLE READS TEST----------------
18:50:07.261 INFO  u.a.e.a.c.AcpCw2ApplicationTests - topicName: KafkaMultipleReads-37610-5zTwm
18:50:07.273 INFO  u.a.e.a.c.s.KafkaService - Pushing 100 messages to KafkaMultipleReads-37610-5zTwm
18:50:07.286 WARN  o.a.k.c.NetworkClient - [Producer clientId=producer-3] The metadata response from the cluster reported a recoverable issue with correlation id 1 : {KafkaMultipleReads-37610-5zTwm=UNKNOWN_TOPIC_OR_PARTITION}
18:50:07.713 INFO  u.a.e.a.c.s.KafkaService - Reading topic KafkaMultipleReads-37610-5zTwm: count=0
18:50:12.924 INFO  u.a.e.a.c.s.KafkaService - Received 100/0 messages in 5211ms
18:50:13.368 INFO  u.a.e.a.c.AcpCw2ApplicationTests - [0] MessageCount: 100, readMessages: 100, timeout: 5000, time: 5661
18:50:13.371 INFO  u.a.e.a.c.s.KafkaService - Reading topic KafkaMultipleReads-37610-5zTwm: count=0
18:50:18.579 INFO  u.a.e.a.c.s.KafkaService - Received 100/0 messages in 5208ms
18:50:18.952 INFO  u.a.e.a.c.AcpCw2ApplicationTests - [1] MessageCount: 100, readMessages: 100, timeout: 5000, time: 5584
18:50:18.955 INFO  u.a.e.a.c.s.KafkaService - Reading topic KafkaMultipleReads-37610-5zTwm: count=0
18:50:24.167 INFO  u.a.e.a.c.s.KafkaService - Received 100/0 messages in 5212ms
18:50:24.533 INFO  u.a.e.a.c.AcpCw2ApplicationTests - [2] MessageCount: 100, readMessages: 100, timeout: 5000, time: 5581
]]></system-out>
  </testcase>
  <testcase name="testTransform" classname="uk.ac.ed.acp.cw2.AcpCw2ApplicationTests" time="1.955">
    <system-out><![CDATA[18:50:24.541 INFO  u.a.e.a.c.AcpCw2ApplicationTests - --------------STARTING TRANSFORM TEST----------------
18:50:24.571 INFO  u.a.e.a.c.s.RabbitMqService - Sent 10 messages to TransformTestRead-77617-S8YBO
18:50:24.583 INFO  u.a.e.a.c.s.MessageTransformer - Transforming messages; read_queue:TransformTestRead-77617-S8YBO, write_queue:TransformTestWrite-14669-bISDf, count:10
18:50:24.583 INFO  u.a.e.a.c.s.RabbitMqService - Receiving 10 valid messages from queue: TransformTestRead-77617-S8YBO
18:50:24.601 INFO  u.a.e.a.c.s.RabbitMqService - Received 10/10 valid messages in 17ms, queue=TransformTestRead-77617-S8YBO
18:50:24.831 INFO  u.a.e.a.c.s.RabbitMqService - Sent 1 messages to TransformTestWrite-14669-bISDf
18:50:24.911 INFO  u.a.e.a.c.s.RabbitMqService - Sent 1 messages to TransformTestWrite-14669-bISDf
18:50:24.990 INFO  u.a.e.a.c.s.RabbitMqService - Sent 1 messages to TransformTestWrite-14669-bISDf
18:50:25.065 INFO  u.a.e.a.c.s.RabbitMqService - Sent 1 messages to TransformTestWrite-14669-bISDf
18:50:25.139 INFO  u.a.e.a.c.s.RabbitMqService - Sent 1 messages to TransformTestWrite-14669-bISDf
18:50:25.258 INFO  u.a.e.a.c.s.RabbitMqService - Sent 1 messages to TransformTestWrite-14669-bISDf
18:50:25.337 INFO  u.a.e.a.c.s.RabbitMqService - Sent 1 messages to TransformTestWrite-14669-bISDf
18:50:25.405 INFO  u.a.e.a.c.s.RabbitMqService - Sent 1 messages to TransformTestWrite-14669-bISDf
18:50:25.526 INFO  u.a.e.a.c.s.RabbitMqService - Sent 1 messages to TransformTestWrite-14669-bISDf
18:50:25.652 INFO  u.a.e.a.c.s.RabbitMqService - Sent 1 messages to TransformTestWrite-14669-bISDf
18:50:25.722 INFO  u.a.e.a.c.s.RabbitMqService - Reading queue TransformTestWrite-14669-bISDf: count=0
18:50:25.798 INFO  u.a.e.a.c.s.RabbitMqService - Received 10/0 messages in 76ms
18:50:25.843 INFO  u.a.e.a.c.s.CacheService - Retrieving Dctk4 from cache
18:50:25.852 INFO  u.a.e.a.c.s.CacheService - Retrieving JsXLZ from cache
18:50:25.860 INFO  u.a.e.a.c.s.CacheService - Retrieving TGyTb from cache
18:50:25.868 INFO  u.a.e.a.c.s.CacheService - Retrieving OXurk from cache
18:50:25.876 INFO  u.a.e.a.c.s.CacheService - Retrieving lVrPd from cache
18:50:25.886 INFO  u.a.e.a.c.s.CacheService - Retrieving TgoKZ from cache
18:50:25.895 INFO  u.a.e.a.c.s.CacheService - Retrieving aDhkQ from cache
18:50:25.904 INFO  u.a.e.a.c.s.CacheService - Retrieving qZrfj from cache
18:50:25.929 INFO  u.a.e.a.c.s.RabbitMqService - Sent 10 messages to TransformTestRead-86620-LlA5M
18:50:25.934 INFO  u.a.e.a.c.s.MessageTransformer - Transforming messages; read_queue:TransformTestRead-86620-LlA5M, write_queue:TransformTestWrite-72007-Qa0ht, count:10
18:50:25.934 INFO  u.a.e.a.c.s.RabbitMqService - Receiving 10 valid messages from queue: TransformTestRead-86620-LlA5M
18:50:25.953 INFO  u.a.e.a.c.s.RabbitMqService - Received 10/10 valid messages in 19ms, queue=TransformTestRead-86620-LlA5M
18:50:25.979 INFO  u.a.e.a.c.s.RabbitMqService - Sent 1 messages to TransformTestWrite-72007-Qa0ht
18:50:26.000 INFO  u.a.e.a.c.s.RabbitMqService - Sent 1 messages to TransformTestWrite-72007-Qa0ht
18:50:26.019 INFO  u.a.e.a.c.s.RabbitMqService - Sent 1 messages to TransformTestWrite-72007-Qa0ht
18:50:26.040 INFO  u.a.e.a.c.s.RabbitMqService - Sent 1 messages to TransformTestWrite-72007-Qa0ht
18:50:26.108 INFO  u.a.e.a.c.s.RabbitMqService - Sent 1 messages to TransformTestWrite-72007-Qa0ht
18:50:26.236 INFO  u.a.e.a.c.s.RabbitMqService - Sent 1 messages to TransformTestWrite-72007-Qa0ht
18:50:26.348 INFO  u.a.e.a.c.s.RabbitMqService - Sent 1 messages to TransformTestWrite-72007-Qa0ht
18:50:26.427 INFO  u.a.e.a.c.s.RabbitMqService - Sent 1 messages to TransformTestWrite-72007-Qa0ht
18:50:26.447 INFO  u.a.e.a.c.s.RabbitMqService - Sent 1 messages to TransformTestWrite-72007-Qa0ht
18:50:26.467 INFO  u.a.e.a.c.s.RabbitMqService - Sent 1 messages to TransformTestWrite-72007-Qa0ht
18:50:26.473 INFO  u.a.e.a.c.s.RabbitMqService - Reading queue TransformTestWrite-72007-Qa0ht: count=0
18:50:26.485 INFO  u.a.e.a.c.s.RabbitMqService - Received 10/0 messages in 12ms
]]></system-out>
  </testcase>
</testsuite>