<?xml version="1.0" encoding="UTF-8"?>
<testsuite xmlns:xsi="http://www.w3.org/2001/XMLSchema-instance" xsi:noNamespaceSchemaLocation="https://maven.apache.org/surefire/maven-surefire-plugin/xsd/surefire-test-report.xsd" version="3.0.2" name="uk.ac.ed.acp.cw2.AcpCw2ApplicationTests" time="358.989" tests="12" errors="0" skipped="0" failures="1">
  <properties>
    <property name="java.specification.version" value="21"/>
    <property name="sun.cpu.isalist" value="amd64"/>
    <property name="sun.jnu.encoding" value="Cp1252"/>
    <property name="java.class.path" value="C:\Users\miles\Documents\GitHub\AcpCw2\target\test-classes;C:\Users\miles\Documents\GitHub\AcpCw2\target\classes;C:\Users\miles\.m2\repository\org\springframework\boot\spring-boot-starter-web\3.4.3\spring-boot-starter-web-3.4.3.jar;C:\Users\miles\.m2\repository\org\springframework\boot\spring-boot-starter\3.4.3\spring-boot-starter-3.4.3.jar;C:\Users\miles\.m2\repository\org\springframework\boot\spring-boot\3.4.3\spring-boot-3.4.3.jar;C:\Users\miles\.m2\repository\org\springframework\boot\spring-boot-autoconfigure\3.4.3\spring-boot-autoconfigure-3.4.3.jar;C:\Users\miles\.m2\repository\org\springframework\boot\spring-boot-starter-logging\3.4.3\spring-boot-starter-logging-3.4.3.jar;C:\Users\miles\.m2\repository\ch\qos\logback\logback-classic\1.5.16\logback-classic-1.5.16.jar;C:\Users\miles\.m2\repository\ch\qos\logback\logback-core\1.5.16\logback-core-1.5.16.jar;C:\Users\miles\.m2\repository\org\apache\logging\log4j\log4j-to-slf4j\2.24.3\log4j-to-slf4j-2.24.3.jar;C:\Users\miles\.m2\repository\org\apache\logging\log4j\log4j-api\2.24.3\log4j-api-2.24.3.jar;C:\Users\miles\.m2\repository\org\slf4j\jul-to-slf4j\2.0.16\jul-to-slf4j-2.0.16.jar;C:\Users\miles\.m2\repository\jakarta\annotation\jakarta.annotation-api\2.1.1\jakarta.annotation-api-2.1.1.jar;C:\Users\miles\.m2\repository\org\yaml\snakeyaml\2.3\snakeyaml-2.3.jar;C:\Users\miles\.m2\repository\org\springframework\boot\spring-boot-starter-json\3.4.3\spring-boot-starter-json-3.4.3.jar;C:\Users\miles\.m2\repository\com\fasterxml\jackson\core\jackson-databind\2.18.2\jackson-databind-2.18.2.jar;C:\Users\miles\.m2\repository\com\fasterxml\jackson\core\jackson-core\2.18.2\jackson-core-2.18.2.jar;C:\Users\miles\.m2\repository\com\fasterxml\jackson\datatype\jackson-datatype-jdk8\2.18.2\jackson-datatype-jdk8-2.18.2.jar;C:\Users\miles\.m2\repository\com\fasterxml\jackson\datatype\jackson-datatype-jsr310\2.18.2\jackson-datatype-jsr310-2.18.2.jar;C:\Users\miles\.m2\repository\com\fasterxml\jackson\module\jackson-module-parameter-names\2.18.2\jackson-module-parameter-names-2.18.2.jar;C:\Users\miles\.m2\repository\org\springframework\boot\spring-boot-starter-tomcat\3.4.3\spring-boot-starter-tomcat-3.4.3.jar;C:\Users\miles\.m2\repository\org\apache\tomcat\embed\tomcat-embed-core\10.1.36\tomcat-embed-core-10.1.36.jar;C:\Users\miles\.m2\repository\org\apache\tomcat\embed\tomcat-embed-websocket\10.1.36\tomcat-embed-websocket-10.1.36.jar;C:\Users\miles\.m2\repository\org\springframework\spring-web\6.2.3\spring-web-6.2.3.jar;C:\Users\miles\.m2\repository\org\springframework\spring-beans\6.2.3\spring-beans-6.2.3.jar;C:\Users\miles\.m2\repository\org\springframework\spring-webmvc\6.2.3\spring-webmvc-6.2.3.jar;C:\Users\miles\.m2\repository\org\springframework\spring-context\6.2.3\spring-context-6.2.3.jar;C:\Users\miles\.m2\repository\org\springframework\spring-expression\6.2.3\spring-expression-6.2.3.jar;C:\Users\miles\.m2\repository\org\springframework\boot\spring-boot-starter-test\3.4.3\spring-boot-starter-test-3.4.3.jar;C:\Users\miles\.m2\repository\org\springframework\boot\spring-boot-test\3.4.3\spring-boot-test-3.4.3.jar;C:\Users\miles\.m2\repository\org\springframework\boot\spring-boot-test-autoconfigure\3.4.3\spring-boot-test-autoconfigure-3.4.3.jar;C:\Users\miles\.m2\repository\com\jayway\jsonpath\json-path\2.9.0\json-path-2.9.0.jar;C:\Users\miles\.m2\repository\jakarta\xml\bind\jakarta.xml.bind-api\4.0.2\jakarta.xml.bind-api-4.0.2.jar;C:\Users\miles\.m2\repository\jakarta\activation\jakarta.activation-api\2.1.3\jakarta.activation-api-2.1.3.jar;C:\Users\miles\.m2\repository\net\minidev\json-smart\2.5.2\json-smart-2.5.2.jar;C:\Users\miles\.m2\repository\net\minidev\accessors-smart\2.5.2\accessors-smart-2.5.2.jar;C:\Users\miles\.m2\repository\org\ow2\asm\asm\9.7.1\asm-9.7.1.jar;C:\Users\miles\.m2\repository\org\assertj\assertj-core\3.26.3\assertj-core-3.26.3.jar;C:\Users\miles\.m2\repository\net\bytebuddy\byte-buddy\1.15.11\byte-buddy-1.15.11.jar;C:\Users\miles\.m2\repository\org\awaitility\awaitility\4.2.2\awaitility-4.2.2.jar;C:\Users\miles\.m2\repository\org\hamcrest\hamcrest\2.2\hamcrest-2.2.jar;C:\Users\miles\.m2\repository\org\junit\jupiter\junit-jupiter\5.11.4\junit-jupiter-5.11.4.jar;C:\Users\miles\.m2\repository\org\junit\jupiter\junit-jupiter-api\5.11.4\junit-jupiter-api-5.11.4.jar;C:\Users\miles\.m2\repository\org\opentest4j\opentest4j\1.3.0\opentest4j-1.3.0.jar;C:\Users\miles\.m2\repository\org\junit\platform\junit-platform-commons\1.11.4\junit-platform-commons-1.11.4.jar;C:\Users\miles\.m2\repository\org\apiguardian\apiguardian-api\1.1.2\apiguardian-api-1.1.2.jar;C:\Users\miles\.m2\repository\org\junit\jupiter\junit-jupiter-params\5.11.4\junit-jupiter-params-5.11.4.jar;C:\Users\miles\.m2\repository\org\junit\jupiter\junit-jupiter-engine\5.11.4\junit-jupiter-engine-5.11.4.jar;C:\Users\miles\.m2\repository\org\junit\platform\junit-platform-engine\1.11.4\junit-platform-engine-1.11.4.jar;C:\Users\miles\.m2\repository\org\mockito\mockito-core\5.14.2\mockito-core-5.14.2.jar;C:\Users\miles\.m2\repository\net\bytebuddy\byte-buddy-agent\1.15.11\byte-buddy-agent-1.15.11.jar;C:\Users\miles\.m2\repository\org\objenesis\objenesis\3.3\objenesis-3.3.jar;C:\Users\miles\.m2\repository\org\mockito\mockito-junit-jupiter\5.14.2\mockito-junit-jupiter-5.14.2.jar;C:\Users\miles\.m2\repository\org\skyscreamer\jsonassert\1.5.3\jsonassert-1.5.3.jar;C:\Users\miles\.m2\repository\com\vaadin\external\google\android-json\0.0.20131108.vaadin1\android-json-0.0.20131108.vaadin1.jar;C:\Users\miles\.m2\repository\org\springframework\spring-core\6.2.3\spring-core-6.2.3.jar;C:\Users\miles\.m2\repository\org\springframework\spring-jcl\6.2.3\spring-jcl-6.2.3.jar;C:\Users\miles\.m2\repository\org\springframework\spring-test\6.2.3\spring-test-6.2.3.jar;C:\Users\miles\.m2\repository\org\xmlunit\xmlunit-core\2.10.0\xmlunit-core-2.10.0.jar;C:\Users\miles\.m2\repository\com\google\code\gson\gson\2.10.1\gson-2.10.1.jar;C:\Users\miles\.m2\repository\com\rabbitmq\amqp-client\5.20.0\amqp-client-5.20.0.jar;C:\Users\miles\.m2\repository\redis\clients\jedis\4.3.1\jedis-4.3.1.jar;C:\Users\miles\.m2\repository\org\apache\commons\commons-pool2\2.12.1\commons-pool2-2.12.1.jar;C:\Users\miles\.m2\repository\org\json\json\20220320\json-20220320.jar;C:\Users\miles\.m2\repository\org\projectlombok\lombok\1.18.36\lombok-1.18.36.jar;C:\Users\miles\.m2\repository\org\springframework\boot\spring-boot-starter-actuator\3.4.1\spring-boot-starter-actuator-3.4.1.jar;C:\Users\miles\.m2\repository\org\springframework\boot\spring-boot-actuator-autoconfigure\3.4.3\spring-boot-actuator-autoconfigure-3.4.3.jar;C:\Users\miles\.m2\repository\org\springframework\boot\spring-boot-actuator\3.4.3\spring-boot-actuator-3.4.3.jar;C:\Users\miles\.m2\repository\io\micrometer\micrometer-observation\1.14.4\micrometer-observation-1.14.4.jar;C:\Users\miles\.m2\repository\io\micrometer\micrometer-commons\1.14.4\micrometer-commons-1.14.4.jar;C:\Users\miles\.m2\repository\io\micrometer\micrometer-jakarta9\1.14.4\micrometer-jakarta9-1.14.4.jar;C:\Users\miles\.m2\repository\io\micrometer\micrometer-core\1.14.4\micrometer-core-1.14.4.jar;C:\Users\miles\.m2\repository\org\hdrhistogram\HdrHistogram\2.2.2\HdrHistogram-2.2.2.jar;C:\Users\miles\.m2\repository\org\latencyutils\LatencyUtils\2.0.3\LatencyUtils-2.0.3.jar;C:\Users\miles\.m2\repository\org\springframework\boot\spring-boot-starter-validation\3.4.2\spring-boot-starter-validation-3.4.2.jar;C:\Users\miles\.m2\repository\org\apache\tomcat\embed\tomcat-embed-el\10.1.36\tomcat-embed-el-10.1.36.jar;C:\Users\miles\.m2\repository\org\hibernate\validator\hibernate-validator\8.0.2.Final\hibernate-validator-8.0.2.Final.jar;C:\Users\miles\.m2\repository\jakarta\validation\jakarta.validation-api\3.0.2\jakarta.validation-api-3.0.2.jar;C:\Users\miles\.m2\repository\org\jboss\logging\jboss-logging\3.6.1.Final\jboss-logging-3.6.1.Final.jar;C:\Users\miles\.m2\repository\com\fasterxml\classmate\1.7.0\classmate-1.7.0.jar;C:\Users\miles\.m2\repository\org\springframework\boot\spring-boot-starter-aop\3.4.2\spring-boot-starter-aop-3.4.2.jar;C:\Users\miles\.m2\repository\org\springframework\spring-aop\6.2.3\spring-aop-6.2.3.jar;C:\Users\miles\.m2\repository\org\aspectj\aspectjweaver\1.9.22.1\aspectjweaver-1.9.22.1.jar;C:\Users\miles\.m2\repository\org\apache\kafka\kafka-clients\3.9.0\kafka-clients-3.9.0.jar;C:\Users\miles\.m2\repository\com\github\luben\zstd-jni\1.5.6-4\zstd-jni-1.5.6-4.jar;C:\Users\miles\.m2\repository\org\lz4\lz4-java\1.8.0\lz4-java-1.8.0.jar;C:\Users\miles\.m2\repository\org\xerial\snappy\snappy-java\1.1.10.5\snappy-java-1.1.10.5.jar;C:\Users\miles\.m2\repository\org\springdoc\springdoc-openapi-starter-webmvc-ui\2.8.5\springdoc-openapi-starter-webmvc-ui-2.8.5.jar;C:\Users\miles\.m2\repository\org\springdoc\springdoc-openapi-starter-webmvc-api\2.8.5\springdoc-openapi-starter-webmvc-api-2.8.5.jar;C:\Users\miles\.m2\repository\org\webjars\swagger-ui\5.18.3\swagger-ui-5.18.3.jar;C:\Users\miles\.m2\repository\org\webjars\webjars-locator-lite\1.0.1\webjars-locator-lite-1.0.1.jar;C:\Users\miles\.m2\repository\org\jspecify\jspecify\1.0.0\jspecify-1.0.0.jar;C:\Users\miles\.m2\repository\org\springdoc\springdoc-openapi-starter-webflux-api\2.8.5\springdoc-openapi-starter-webflux-api-2.8.5.jar;C:\Users\miles\.m2\repository\org\springdoc\springdoc-openapi-starter-common\2.8.5\springdoc-openapi-starter-common-2.8.5.jar;C:\Users\miles\.m2\repository\io\swagger\core\v3\swagger-core-jakarta\2.2.28\swagger-core-jakarta-2.2.28.jar;C:\Users\miles\.m2\repository\org\apache\commons\commons-lang3\3.17.0\commons-lang3-3.17.0.jar;C:\Users\miles\.m2\repository\io\swagger\core\v3\swagger-annotations-jakarta\2.2.28\swagger-annotations-jakarta-2.2.28.jar;C:\Users\miles\.m2\repository\io\swagger\core\v3\swagger-models-jakarta\2.2.28\swagger-models-jakarta-2.2.28.jar;C:\Users\miles\.m2\repository\com\fasterxml\jackson\dataformat\jackson-dataformat-yaml\2.18.2\jackson-dataformat-yaml-2.18.2.jar;C:\Users\miles\.m2\repository\org\springframework\spring-webflux\6.2.3\spring-webflux-6.2.3.jar;C:\Users\miles\.m2\repository\io\projectreactor\reactor-core\3.7.3\reactor-core-3.7.3.jar;C:\Users\miles\.m2\repository\org\reactivestreams\reactive-streams\1.0.4\reactive-streams-1.0.4.jar;C:\Users\miles\.m2\repository\org\testcontainers\testcontainers\1.20.5\testcontainers-1.20.5.jar;C:\Users\miles\.m2\repository\junit\junit\4.13.2\junit-4.13.2.jar;C:\Users\miles\.m2\repository\org\hamcrest\hamcrest-core\2.2\hamcrest-core-2.2.jar;C:\Users\miles\.m2\repository\org\apache\commons\commons-compress\1.24.0\commons-compress-1.24.0.jar;C:\Users\miles\.m2\repository\org\rnorth\duct-tape\duct-tape\1.0.8\duct-tape-1.0.8.jar;C:\Users\miles\.m2\repository\org\jetbrains\annotations\17.0.0\annotations-17.0.0.jar;C:\Users\miles\.m2\repository\com\github\docker-java\docker-java-api\3.4.1\docker-java-api-3.4.1.jar;C:\Users\miles\.m2\repository\com\fasterxml\jackson\core\jackson-annotations\2.18.2\jackson-annotations-2.18.2.jar;C:\Users\miles\.m2\repository\com\github\docker-java\docker-java-transport-zerodep\3.4.1\docker-java-transport-zerodep-3.4.1.jar;C:\Users\miles\.m2\repository\com\github\docker-java\docker-java-transport\3.4.1\docker-java-transport-3.4.1.jar;C:\Users\miles\.m2\repository\net\java\dev\jna\jna\5.13.0\jna-5.13.0.jar;C:\Users\miles\.m2\repository\org\testcontainers\junit-jupiter\1.20.5\junit-jupiter-1.20.5.jar;C:\Users\miles\.m2\repository\org\testcontainers\kafka\1.20.5\kafka-1.20.5.jar;C:\Users\miles\.m2\repository\org\testcontainers\rabbitmq\1.20.5\rabbitmq-1.20.5.jar;C:\Users\miles\.m2\repository\org\springframework\boot\spring-boot-starter-amqp\3.4.3\spring-boot-starter-amqp-3.4.3.jar;C:\Users\miles\.m2\repository\org\springframework\spring-messaging\6.2.3\spring-messaging-6.2.3.jar;C:\Users\miles\.m2\repository\org\springframework\amqp\spring-rabbit\3.2.3\spring-rabbit-3.2.3.jar;C:\Users\miles\.m2\repository\org\springframework\amqp\spring-amqp\3.2.3\spring-amqp-3.2.3.jar;C:\Users\miles\.m2\repository\org\springframework\retry\spring-retry\2.0.11\spring-retry-2.0.11.jar;C:\Users\miles\.m2\repository\org\springframework\spring-tx\6.2.3\spring-tx-6.2.3.jar;C:\Users\miles\.m2\repository\org\slf4j\slf4j-api\2.0.9\slf4j-api-2.0.9.jar;"/>
    <property name="java.vm.vendor" value="Oracle Corporation"/>
    <property name="sun.arch.data.model" value="64"/>
    <property name="user.variant" value=""/>
    <property name="catalina.useNaming" value="false"/>
    <property name="java.vendor.url" value="https://java.oracle.com/"/>
    <property name="user.timezone" value="Europe/London"/>
    <property name="org.jboss.logging.provider" value="slf4j"/>
    <property name="os.name" value="Windows 10"/>
    <property name="java.vm.specification.version" value="21"/>
    <property name="APPLICATION_NAME" value="acpCw2Service"/>
    <property name="sun.java.launcher" value="SUN_STANDARD"/>
    <property name="user.country" value="GB"/>
    <property name="sun.boot.library.path" value="C:\Program Files\Java\jdk-21\bin"/>
    <property name="sun.java.command" value="C:\Users\miles\AppData\Local\Temp\surefire8156252628060899897\surefirebooter-20250425025946837_3.jar C:\Users\miles\AppData\Local\Temp\surefire8156252628060899897 2025-04-25T02-59-46_715-jvmRun1 surefire-20250425025946837_1tmp surefire_0-20250425025946837_2tmp"/>
    <property name="jdk.debug" value="release"/>
    <property name="surefire.test.class.path" value="C:\Users\miles\Documents\GitHub\AcpCw2\target\test-classes;C:\Users\miles\Documents\GitHub\AcpCw2\target\classes;C:\Users\miles\.m2\repository\org\springframework\boot\spring-boot-starter-web\3.4.3\spring-boot-starter-web-3.4.3.jar;C:\Users\miles\.m2\repository\org\springframework\boot\spring-boot-starter\3.4.3\spring-boot-starter-3.4.3.jar;C:\Users\miles\.m2\repository\org\springframework\boot\spring-boot\3.4.3\spring-boot-3.4.3.jar;C:\Users\miles\.m2\repository\org\springframework\boot\spring-boot-autoconfigure\3.4.3\spring-boot-autoconfigure-3.4.3.jar;C:\Users\miles\.m2\repository\org\springframework\boot\spring-boot-starter-logging\3.4.3\spring-boot-starter-logging-3.4.3.jar;C:\Users\miles\.m2\repository\ch\qos\logback\logback-classic\1.5.16\logback-classic-1.5.16.jar;C:\Users\miles\.m2\repository\ch\qos\logback\logback-core\1.5.16\logback-core-1.5.16.jar;C:\Users\miles\.m2\repository\org\apache\logging\log4j\log4j-to-slf4j\2.24.3\log4j-to-slf4j-2.24.3.jar;C:\Users\miles\.m2\repository\org\apache\logging\log4j\log4j-api\2.24.3\log4j-api-2.24.3.jar;C:\Users\miles\.m2\repository\org\slf4j\jul-to-slf4j\2.0.16\jul-to-slf4j-2.0.16.jar;C:\Users\miles\.m2\repository\jakarta\annotation\jakarta.annotation-api\2.1.1\jakarta.annotation-api-2.1.1.jar;C:\Users\miles\.m2\repository\org\yaml\snakeyaml\2.3\snakeyaml-2.3.jar;C:\Users\miles\.m2\repository\org\springframework\boot\spring-boot-starter-json\3.4.3\spring-boot-starter-json-3.4.3.jar;C:\Users\miles\.m2\repository\com\fasterxml\jackson\core\jackson-databind\2.18.2\jackson-databind-2.18.2.jar;C:\Users\miles\.m2\repository\com\fasterxml\jackson\core\jackson-core\2.18.2\jackson-core-2.18.2.jar;C:\Users\miles\.m2\repository\com\fasterxml\jackson\datatype\jackson-datatype-jdk8\2.18.2\jackson-datatype-jdk8-2.18.2.jar;C:\Users\miles\.m2\repository\com\fasterxml\jackson\datatype\jackson-datatype-jsr310\2.18.2\jackson-datatype-jsr310-2.18.2.jar;C:\Users\miles\.m2\repository\com\fasterxml\jackson\module\jackson-module-parameter-names\2.18.2\jackson-module-parameter-names-2.18.2.jar;C:\Users\miles\.m2\repository\org\springframework\boot\spring-boot-starter-tomcat\3.4.3\spring-boot-starter-tomcat-3.4.3.jar;C:\Users\miles\.m2\repository\org\apache\tomcat\embed\tomcat-embed-core\10.1.36\tomcat-embed-core-10.1.36.jar;C:\Users\miles\.m2\repository\org\apache\tomcat\embed\tomcat-embed-websocket\10.1.36\tomcat-embed-websocket-10.1.36.jar;C:\Users\miles\.m2\repository\org\springframework\spring-web\6.2.3\spring-web-6.2.3.jar;C:\Users\miles\.m2\repository\org\springframework\spring-beans\6.2.3\spring-beans-6.2.3.jar;C:\Users\miles\.m2\repository\org\springframework\spring-webmvc\6.2.3\spring-webmvc-6.2.3.jar;C:\Users\miles\.m2\repository\org\springframework\spring-context\6.2.3\spring-context-6.2.3.jar;C:\Users\miles\.m2\repository\org\springframework\spring-expression\6.2.3\spring-expression-6.2.3.jar;C:\Users\miles\.m2\repository\org\springframework\boot\spring-boot-starter-test\3.4.3\spring-boot-starter-test-3.4.3.jar;C:\Users\miles\.m2\repository\org\springframework\boot\spring-boot-test\3.4.3\spring-boot-test-3.4.3.jar;C:\Users\miles\.m2\repository\org\springframework\boot\spring-boot-test-autoconfigure\3.4.3\spring-boot-test-autoconfigure-3.4.3.jar;C:\Users\miles\.m2\repository\com\jayway\jsonpath\json-path\2.9.0\json-path-2.9.0.jar;C:\Users\miles\.m2\repository\jakarta\xml\bind\jakarta.xml.bind-api\4.0.2\jakarta.xml.bind-api-4.0.2.jar;C:\Users\miles\.m2\repository\jakarta\activation\jakarta.activation-api\2.1.3\jakarta.activation-api-2.1.3.jar;C:\Users\miles\.m2\repository\net\minidev\json-smart\2.5.2\json-smart-2.5.2.jar;C:\Users\miles\.m2\repository\net\minidev\accessors-smart\2.5.2\accessors-smart-2.5.2.jar;C:\Users\miles\.m2\repository\org\ow2\asm\asm\9.7.1\asm-9.7.1.jar;C:\Users\miles\.m2\repository\org\assertj\assertj-core\3.26.3\assertj-core-3.26.3.jar;C:\Users\miles\.m2\repository\net\bytebuddy\byte-buddy\1.15.11\byte-buddy-1.15.11.jar;C:\Users\miles\.m2\repository\org\awaitility\awaitility\4.2.2\awaitility-4.2.2.jar;C:\Users\miles\.m2\repository\org\hamcrest\hamcrest\2.2\hamcrest-2.2.jar;C:\Users\miles\.m2\repository\org\junit\jupiter\junit-jupiter\5.11.4\junit-jupiter-5.11.4.jar;C:\Users\miles\.m2\repository\org\junit\jupiter\junit-jupiter-api\5.11.4\junit-jupiter-api-5.11.4.jar;C:\Users\miles\.m2\repository\org\opentest4j\opentest4j\1.3.0\opentest4j-1.3.0.jar;C:\Users\miles\.m2\repository\org\junit\platform\junit-platform-commons\1.11.4\junit-platform-commons-1.11.4.jar;C:\Users\miles\.m2\repository\org\apiguardian\apiguardian-api\1.1.2\apiguardian-api-1.1.2.jar;C:\Users\miles\.m2\repository\org\junit\jupiter\junit-jupiter-params\5.11.4\junit-jupiter-params-5.11.4.jar;C:\Users\miles\.m2\repository\org\junit\jupiter\junit-jupiter-engine\5.11.4\junit-jupiter-engine-5.11.4.jar;C:\Users\miles\.m2\repository\org\junit\platform\junit-platform-engine\1.11.4\junit-platform-engine-1.11.4.jar;C:\Users\miles\.m2\repository\org\mockito\mockito-core\5.14.2\mockito-core-5.14.2.jar;C:\Users\miles\.m2\repository\net\bytebuddy\byte-buddy-agent\1.15.11\byte-buddy-agent-1.15.11.jar;C:\Users\miles\.m2\repository\org\objenesis\objenesis\3.3\objenesis-3.3.jar;C:\Users\miles\.m2\repository\org\mockito\mockito-junit-jupiter\5.14.2\mockito-junit-jupiter-5.14.2.jar;C:\Users\miles\.m2\repository\org\skyscreamer\jsonassert\1.5.3\jsonassert-1.5.3.jar;C:\Users\miles\.m2\repository\com\vaadin\external\google\android-json\0.0.20131108.vaadin1\android-json-0.0.20131108.vaadin1.jar;C:\Users\miles\.m2\repository\org\springframework\spring-core\6.2.3\spring-core-6.2.3.jar;C:\Users\miles\.m2\repository\org\springframework\spring-jcl\6.2.3\spring-jcl-6.2.3.jar;C:\Users\miles\.m2\repository\org\springframework\spring-test\6.2.3\spring-test-6.2.3.jar;C:\Users\miles\.m2\repository\org\xmlunit\xmlunit-core\2.10.0\xmlunit-core-2.10.0.jar;C:\Users\miles\.m2\repository\com\google\code\gson\gson\2.10.1\gson-2.10.1.jar;C:\Users\miles\.m2\repository\com\rabbitmq\amqp-client\5.20.0\amqp-client-5.20.0.jar;C:\Users\miles\.m2\repository\redis\clients\jedis\4.3.1\jedis-4.3.1.jar;C:\Users\miles\.m2\repository\org\apache\commons\commons-pool2\2.12.1\commons-pool2-2.12.1.jar;C:\Users\miles\.m2\repository\org\json\json\20220320\json-20220320.jar;C:\Users\miles\.m2\repository\org\projectlombok\lombok\1.18.36\lombok-1.18.36.jar;C:\Users\miles\.m2\repository\org\springframework\boot\spring-boot-starter-actuator\3.4.1\spring-boot-starter-actuator-3.4.1.jar;C:\Users\miles\.m2\repository\org\springframework\boot\spring-boot-actuator-autoconfigure\3.4.3\spring-boot-actuator-autoconfigure-3.4.3.jar;C:\Users\miles\.m2\repository\org\springframework\boot\spring-boot-actuator\3.4.3\spring-boot-actuator-3.4.3.jar;C:\Users\miles\.m2\repository\io\micrometer\micrometer-observation\1.14.4\micrometer-observation-1.14.4.jar;C:\Users\miles\.m2\repository\io\micrometer\micrometer-commons\1.14.4\micrometer-commons-1.14.4.jar;C:\Users\miles\.m2\repository\io\micrometer\micrometer-jakarta9\1.14.4\micrometer-jakarta9-1.14.4.jar;C:\Users\miles\.m2\repository\io\micrometer\micrometer-core\1.14.4\micrometer-core-1.14.4.jar;C:\Users\miles\.m2\repository\org\hdrhistogram\HdrHistogram\2.2.2\HdrHistogram-2.2.2.jar;C:\Users\miles\.m2\repository\org\latencyutils\LatencyUtils\2.0.3\LatencyUtils-2.0.3.jar;C:\Users\miles\.m2\repository\org\springframework\boot\spring-boot-starter-validation\3.4.2\spring-boot-starter-validation-3.4.2.jar;C:\Users\miles\.m2\repository\org\apache\tomcat\embed\tomcat-embed-el\10.1.36\tomcat-embed-el-10.1.36.jar;C:\Users\miles\.m2\repository\org\hibernate\validator\hibernate-validator\8.0.2.Final\hibernate-validator-8.0.2.Final.jar;C:\Users\miles\.m2\repository\jakarta\validation\jakarta.validation-api\3.0.2\jakarta.validation-api-3.0.2.jar;C:\Users\miles\.m2\repository\org\jboss\logging\jboss-logging\3.6.1.Final\jboss-logging-3.6.1.Final.jar;C:\Users\miles\.m2\repository\com\fasterxml\classmate\1.7.0\classmate-1.7.0.jar;C:\Users\miles\.m2\repository\org\springframework\boot\spring-boot-starter-aop\3.4.2\spring-boot-starter-aop-3.4.2.jar;C:\Users\miles\.m2\repository\org\springframework\spring-aop\6.2.3\spring-aop-6.2.3.jar;C:\Users\miles\.m2\repository\org\aspectj\aspectjweaver\1.9.22.1\aspectjweaver-1.9.22.1.jar;C:\Users\miles\.m2\repository\org\apache\kafka\kafka-clients\3.9.0\kafka-clients-3.9.0.jar;C:\Users\miles\.m2\repository\com\github\luben\zstd-jni\1.5.6-4\zstd-jni-1.5.6-4.jar;C:\Users\miles\.m2\repository\org\lz4\lz4-java\1.8.0\lz4-java-1.8.0.jar;C:\Users\miles\.m2\repository\org\xerial\snappy\snappy-java\1.1.10.5\snappy-java-1.1.10.5.jar;C:\Users\miles\.m2\repository\org\springdoc\springdoc-openapi-starter-webmvc-ui\2.8.5\springdoc-openapi-starter-webmvc-ui-2.8.5.jar;C:\Users\miles\.m2\repository\org\springdoc\springdoc-openapi-starter-webmvc-api\2.8.5\springdoc-openapi-starter-webmvc-api-2.8.5.jar;C:\Users\miles\.m2\repository\org\webjars\swagger-ui\5.18.3\swagger-ui-5.18.3.jar;C:\Users\miles\.m2\repository\org\webjars\webjars-locator-lite\1.0.1\webjars-locator-lite-1.0.1.jar;C:\Users\miles\.m2\repository\org\jspecify\jspecify\1.0.0\jspecify-1.0.0.jar;C:\Users\miles\.m2\repository\org\springdoc\springdoc-openapi-starter-webflux-api\2.8.5\springdoc-openapi-starter-webflux-api-2.8.5.jar;C:\Users\miles\.m2\repository\org\springdoc\springdoc-openapi-starter-common\2.8.5\springdoc-openapi-starter-common-2.8.5.jar;C:\Users\miles\.m2\repository\io\swagger\core\v3\swagger-core-jakarta\2.2.28\swagger-core-jakarta-2.2.28.jar;C:\Users\miles\.m2\repository\org\apache\commons\commons-lang3\3.17.0\commons-lang3-3.17.0.jar;C:\Users\miles\.m2\repository\io\swagger\core\v3\swagger-annotations-jakarta\2.2.28\swagger-annotations-jakarta-2.2.28.jar;C:\Users\miles\.m2\repository\io\swagger\core\v3\swagger-models-jakarta\2.2.28\swagger-models-jakarta-2.2.28.jar;C:\Users\miles\.m2\repository\com\fasterxml\jackson\dataformat\jackson-dataformat-yaml\2.18.2\jackson-dataformat-yaml-2.18.2.jar;C:\Users\miles\.m2\repository\org\springframework\spring-webflux\6.2.3\spring-webflux-6.2.3.jar;C:\Users\miles\.m2\repository\io\projectreactor\reactor-core\3.7.3\reactor-core-3.7.3.jar;C:\Users\miles\.m2\repository\org\reactivestreams\reactive-streams\1.0.4\reactive-streams-1.0.4.jar;C:\Users\miles\.m2\repository\org\testcontainers\testcontainers\1.20.5\testcontainers-1.20.5.jar;C:\Users\miles\.m2\repository\junit\junit\4.13.2\junit-4.13.2.jar;C:\Users\miles\.m2\repository\org\hamcrest\hamcrest-core\2.2\hamcrest-core-2.2.jar;C:\Users\miles\.m2\repository\org\apache\commons\commons-compress\1.24.0\commons-compress-1.24.0.jar;C:\Users\miles\.m2\repository\org\rnorth\duct-tape\duct-tape\1.0.8\duct-tape-1.0.8.jar;C:\Users\miles\.m2\repository\org\jetbrains\annotations\17.0.0\annotations-17.0.0.jar;C:\Users\miles\.m2\repository\com\github\docker-java\docker-java-api\3.4.1\docker-java-api-3.4.1.jar;C:\Users\miles\.m2\repository\com\fasterxml\jackson\core\jackson-annotations\2.18.2\jackson-annotations-2.18.2.jar;C:\Users\miles\.m2\repository\com\github\docker-java\docker-java-transport-zerodep\3.4.1\docker-java-transport-zerodep-3.4.1.jar;C:\Users\miles\.m2\repository\com\github\docker-java\docker-java-transport\3.4.1\docker-java-transport-3.4.1.jar;C:\Users\miles\.m2\repository\net\java\dev\jna\jna\5.13.0\jna-5.13.0.jar;C:\Users\miles\.m2\repository\org\testcontainers\junit-jupiter\1.20.5\junit-jupiter-1.20.5.jar;C:\Users\miles\.m2\repository\org\testcontainers\kafka\1.20.5\kafka-1.20.5.jar;C:\Users\miles\.m2\repository\org\testcontainers\rabbitmq\1.20.5\rabbitmq-1.20.5.jar;C:\Users\miles\.m2\repository\org\springframework\boot\spring-boot-starter-amqp\3.4.3\spring-boot-starter-amqp-3.4.3.jar;C:\Users\miles\.m2\repository\org\springframework\spring-messaging\6.2.3\spring-messaging-6.2.3.jar;C:\Users\miles\.m2\repository\org\springframework\amqp\spring-rabbit\3.2.3\spring-rabbit-3.2.3.jar;C:\Users\miles\.m2\repository\org\springframework\amqp\spring-amqp\3.2.3\spring-amqp-3.2.3.jar;C:\Users\miles\.m2\repository\org\springframework\retry\spring-retry\2.0.11\spring-retry-2.0.11.jar;C:\Users\miles\.m2\repository\org\springframework\spring-tx\6.2.3\spring-tx-6.2.3.jar;C:\Users\miles\.m2\repository\org\slf4j\slf4j-api\2.0.9\slf4j-api-2.0.9.jar;"/>
    <property name="sun.cpu.endian" value="little"/>
    <property name="user.home" value="C:\Users\miles"/>
    <property name="user.language" value="en"/>
    <property name="java.specification.vendor" value="Oracle Corporation"/>
    <property name="java.version.date" value="2024-10-15"/>
    <property name="java.home" value="C:\Program Files\Java\jdk-21"/>
    <property name="file.separator" value="\"/>
    <property name="basedir" value="C:\Users\miles\Documents\GitHub\AcpCw2"/>
    <property name="java.vm.compressedOopsMode" value="32-bit"/>
    <property name="line.separator" value="&#10;"/>
    <property name="java.vm.specification.vendor" value="Oracle Corporation"/>
    <property name="java.specification.name" value="Java Platform API Specification"/>
    <property name="FILE_LOG_CHARSET" value="UTF-8"/>
    <property name="java.awt.headless" value="true"/>
    <property name="surefire.real.class.path" value="C:\Users\miles\AppData\Local\Temp\surefire8156252628060899897\surefirebooter-20250425025946837_3.jar"/>
    <property name="user.script" value=""/>
    <property name="sun.management.compiler" value="HotSpot 64-Bit Tiered Compilers"/>
    <property name="java.runtime.version" value="21.0.5+9-LTS-239"/>
    <property name="user.name" value="miles"/>
    <property name="stdout.encoding" value="Cp1252"/>
    <property name="path.separator" value=";"/>
    <property name="os.version" value="10.0"/>
    <property name="java.runtime.name" value="Java(TM) SE Runtime Environment"/>
    <property name="file.encoding" value="UTF-8"/>
    <property name="java.vm.name" value="Java HotSpot(TM) 64-Bit Server VM"/>
    <property name="localRepository" value="C:\Users\miles\.m2\repository"/>
    <property name="java.vendor.url.bug" value="https://bugreport.java.com/bugreport/"/>
    <property name="java.io.tmpdir" value="C:\Users\miles\AppData\Local\Temp\"/>
    <property name="idea.version" value="2023.2.3"/>
    <property name="catalina.home" value="C:\Users\miles\AppData\Local\Temp\tomcat.0.11983440102640496597"/>
    <property name="java.version" value="21.0.5"/>
    <property name="user.dir" value="C:\Users\miles\Documents\GitHub\AcpCw2"/>
    <property name="os.arch" value="amd64"/>
    <property name="java.vm.specification.name" value="Java Virtual Machine Specification"/>
    <property name="PID" value="13812"/>
    <property name="sun.os.patch.level" value=""/>
    <property name="CONSOLE_LOG_CHARSET" value="UTF-8"/>
    <property name="catalina.base" value="C:\Users\miles\AppData\Local\Temp\tomcat.0.11983440102640496597"/>
    <property name="native.encoding" value="Cp1252"/>
    <property name="java.library.path" value="C:\Program Files\Java\jdk-21\bin;C:\WINDOWS\Sun\Java\bin;C:\WINDOWS\system32;C:\WINDOWS;C:\Program Files\Common Files\Oracle\Java\javapath;C:\Program Files (x86)\Razer Chroma SDK\bin;C:\Program Files\Razer Chroma SDK\bin;C:\windows\system32;C:\windows;C:\windows\System32\Wbem;C:\windows\System32\WindowsPowerShell\v1.0\;C:\windows\System32\OpenSSH\;C:\ProgramData\chocolatey\bin;C:\Program Files (x86)\Razer\ChromaBroadcast\bin;C:\Program Files\Razer\ChromaBroadcast\bin;C:\windows\system32\config\systemprofile\AppData\Local\Microsoft\WindowsApps;C:\WINDOWS\system32;C:\WINDOWS;C:\WINDOWS\System32\Wbem;C:\WINDOWS\System32\WindowsPowerShell\v1.0\;C:\WINDOWS\System32\OpenSSH\;C:\Program Files\Git\cmd;C:\Program Files\WireGuard\;C:\Program Files\Docker\Docker\resources\bin;C:\Program Files\dotnet\;C:\Users\miles\AppData\Local\Microsoft\WindowsApps;C:\Users\miles\AppData\Roaming\cabal\bin;C:\ProgramData\chocolatey\lib\ghc\tools\ghc-8.10.2\bin;C:\tools\msys64;C:\Users\miles\AppData\Local\atom\bin;C:\Users\miles\AppData\Local\Microsoft\WindowsApps;C:\Users\miles\AppData\Local\Programs\Microsoft VS Code\bin;C:\Users\miles\AppData\Local\GitHubDesktop\bin;C:\Program Files\JetBrains\IntelliJ IDEA Community Edition 2022.2.2\bin;;C:\Users\miles\AppData\Local\Packages\PythonSoftwareFoundation.Python.3.10_qbz5n2kfra8p0\LocalCache\local-packages\Python310\Scripts;C:\Users\miles\AppData\Local\Packages\PythonSoftwareFoundation.Python.3.11_qbz5n2kfra8p0\LocalCache\local-packages\Python311\Scripts;C:\Users\miles\AppData\Local\Programs\cursor\resources\app\bin;."/>
    <property name="java.vm.info" value="mixed mode, sharing"/>
    <property name="stderr.encoding" value="Cp1252"/>
    <property name="java.vendor" value="Oracle Corporation"/>
    <property name="java.vm.version" value="21.0.5+9-LTS-239"/>
    <property name="sun.io.unicode.encoding" value="UnicodeLittle"/>
    <property name="java.class.version" value="65.0"/>
    <property name="CONSOLE_LOG_PATTERN" value="%d{HH:mm:ss.SSS} %-5level %logger{20} - %msg%n"/>
    <property name="LOGGED_APPLICATION_NAME" value="[acpCw2Service] "/>
  </properties>
  <testcase name="testRabbitBulk" classname="uk.ac.ed.acp.cw2.AcpCw2ApplicationTests" time="2.004">
    <system-out><![CDATA[02:59:48.086 [main] INFO org.springframework.test.context.support.AnnotationConfigContextLoaderUtils -- Could not detect default configuration classes for test class [uk.ac.ed.acp.cw2.AcpCw2ApplicationTests]: AcpCw2ApplicationTests does not declare any static, non-private, non-final, nested classes annotated with @Configuration.
02:59:48.287 [main] INFO org.springframework.boot.test.context.SpringBootTestContextBootstrapper -- Found @SpringBootConfiguration uk.ac.ed.acp.cw2.Application for test class uk.ac.ed.acp.cw2.AcpCw2ApplicationTests

  .   ____          _            __ _ _
 /\\ / ___'_ __ _ _(_)_ __  __ _ \ \ \ \
( ( )\___ | '_ | '_| | '_ \/ _` | \ \ \ \
 \\/  ___)| |_)| | | | | || (_| |  ) ) ) )
  '  |____| .__|_| |_|_| |_\__, | / / / /
 =========|_|==============|___/=/_/_/_/

 :: Spring Boot ::                (v3.4.3)

02:59:49.282 WARN  o.s.b.t.j.DuplicateJsonObjectContextCustomizerFactory$DuplicateJsonObjectContextCustomizer - 

Found multiple occurrences of org.json.JSONObject on the class path:

	jar:file:/C:/Users/miles/.m2/repository/com/vaadin/external/google/android-json/0.0.20131108.vaadin1/android-json-0.0.20131108.vaadin1.jar!/org/json/JSONObject.class
	jar:file:/C:/Users/miles/.m2/repository/org/json/json/20220320/json-20220320.jar!/org/json/JSONObject.class

You may wish to exclude one of them to ensure predictable runtime behavior

02:59:49.307 INFO  u.a.e.a.c.AcpCw2ApplicationTests - Starting AcpCw2ApplicationTests using Java 21.0.5 with PID 13812 (started by miles in C:\Users\miles\Documents\GitHub\AcpCw2)
02:59:49.307 INFO  u.a.e.a.c.AcpCw2ApplicationTests - No active profile set, falling back to 1 default profile: "default"
02:59:52.277 INFO  o.s.b.w.e.t.TomcatWebServer - Tomcat initialized with port 0 (http)
02:59:52.420 INFO  o.s.b.w.s.c.ServletWebServerApplicationContext - Root WebApplicationContext: initialization completed in 3050 ms
02:59:52.818 INFO  u.a.e.a.c.s.KafkaService - KafkaService constructor took 0 ms
02:59:55.923 INFO  o.s.b.a.e.w.EndpointLinksResolver - Exposing 3 endpoints beneath base path '/actuator'
02:59:56.054 INFO  o.s.b.w.e.t.TomcatWebServer - Tomcat started on port 65104 (http) with context path '/'
02:59:56.070 INFO  u.a.e.a.c.AcpCw2ApplicationTests - Started AcpCw2ApplicationTests in 7.286 seconds (process running for 9.056)
02:59:57.169 INFO  u.a.e.a.c.AcpCw2ApplicationTests - --------------RABBIT BULK TEST----------------
02:59:57.185 INFO  u.a.e.a.c.AcpCw2ApplicationTests - queueName: BulkRabbitTest-32198-PKVuO
02:59:57.352 INFO  o.s.w.s.DispatcherServlet - Initializing Servlet 'dispatcherServlet'
02:59:57.352 INFO  o.s.w.s.DispatcherServlet - Completed initialization in 0 ms
02:59:57.472 INFO  u.a.e.a.c.s.RabbitMqService - Sent 500/500 messages to BulkRabbitTest-32198-PKVuO
02:59:57.519 INFO  u.a.e.a.c.s.RabbitMqService - Reading queue BulkRabbitTest-32198-PKVuO: timeOut=500
02:59:58.027 INFO  u.a.e.a.c.s.RabbitMqService - Received 500 messages in 508/500ms
02:59:58.027 INFO  u.a.e.a.c.s.RabbitMqService - returning: [{"uid":"s2093547","counter":0}, {"uid":"s2093547","counter":1}, {"uid":"s2093547","counter":2}, {"uid":"s2093547","counter":3}, {"uid":"s2093547","counter":4}, {"uid":"s2093547","counter":5}, {"uid":"s2093547","counter":6}, {"uid":"s2093547","counter":7}, {"uid":"s2093547","counter":8}, {"uid":"s2093547","counter":9}, {"uid":"s2093547","counter":10}, {"uid":"s2093547","counter":11}, {"uid":"s2093547","counter":12}, {"uid":"s2093547","counter":13}, {"uid":"s2093547","counter":14}, {"uid":"s2093547","counter":15}, {"uid":"s2093547","counter":16}, {"uid":"s2093547","counter":17}, {"uid":"s2093547","counter":18}, {"uid":"s2093547","counter":19}, {"uid":"s2093547","counter":20}, {"uid":"s2093547","counter":21}, {"uid":"s2093547","counter":22}, {"uid":"s2093547","counter":23}, {"uid":"s2093547","counter":24}, {"uid":"s2093547","counter":25}, {"uid":"s2093547","counter":26}, {"uid":"s2093547","counter":27}, {"uid":"s2093547","counter":28}, {"uid":"s2093547","counter":29}, {"uid":"s2093547","counter":30}, {"uid":"s2093547","counter":31}, {"uid":"s2093547","counter":32}, {"uid":"s2093547","counter":33}, {"uid":"s2093547","counter":34}, {"uid":"s2093547","counter":35}, {"uid":"s2093547","counter":36}, {"uid":"s2093547","counter":37}, {"uid":"s2093547","counter":38}, {"uid":"s2093547","counter":39}, {"uid":"s2093547","counter":40}, {"uid":"s2093547","counter":41}, {"uid":"s2093547","counter":42}, {"uid":"s2093547","counter":43}, {"uid":"s2093547","counter":44}, {"uid":"s2093547","counter":45}, {"uid":"s2093547","counter":46}, {"uid":"s2093547","counter":47}, {"uid":"s2093547","counter":48}, {"uid":"s2093547","counter":49}, {"uid":"s2093547","counter":50}, {"uid":"s2093547","counter":51}, {"uid":"s2093547","counter":52}, {"uid":"s2093547","counter":53}, {"uid":"s2093547","counter":54}, {"uid":"s2093547","counter":55}, {"uid":"s2093547","counter":56}, {"uid":"s2093547","counter":57}, {"uid":"s2093547","counter":58}, {"uid":"s2093547","counter":59}, {"uid":"s2093547","counter":60}, {"uid":"s2093547","counter":61}, {"uid":"s2093547","counter":62}, {"uid":"s2093547","counter":63}, {"uid":"s2093547","counter":64}, {"uid":"s2093547","counter":65}, {"uid":"s2093547","counter":66}, {"uid":"s2093547","counter":67}, {"uid":"s2093547","counter":68}, {"uid":"s2093547","counter":69}, {"uid":"s2093547","counter":70}, {"uid":"s2093547","counter":71}, {"uid":"s2093547","counter":72}, {"uid":"s2093547","counter":73}, {"uid":"s2093547","counter":74}, {"uid":"s2093547","counter":75}, {"uid":"s2093547","counter":76}, {"uid":"s2093547","counter":77}, {"uid":"s2093547","counter":78}, {"uid":"s2093547","counter":79}, {"uid":"s2093547","counter":80}, {"uid":"s2093547","counter":81}, {"uid":"s2093547","counter":82}, {"uid":"s2093547","counter":83}, {"uid":"s2093547","counter":84}, {"uid":"s2093547","counter":85}, {"uid":"s2093547","counter":86}, {"uid":"s2093547","counter":87}, {"uid":"s2093547","counter":88}, {"uid":"s2093547","counter":89}, {"uid":"s2093547","counter":90}, {"uid":"s2093547","counter":91}, {"uid":"s2093547","counter":92}, {"uid":"s2093547","counter":93}, {"uid":"s2093547","counter":94}, {"uid":"s2093547","counter":95}, {"uid":"s2093547","counter":96}, {"uid":"s2093547","counter":97}, {"uid":"s2093547","counter":98}, {"uid":"s2093547","counter":99}, {"uid":"s2093547","counter":100}, {"uid":"s2093547","counter":101}, {"uid":"s2093547","counter":102}, {"uid":"s2093547","counter":103}, {"uid":"s2093547","counter":104}, {"uid":"s2093547","counter":105}, {"uid":"s2093547","counter":106}, {"uid":"s2093547","counter":107}, {"uid":"s2093547","counter":108}, {"uid":"s2093547","counter":109}, {"uid":"s2093547","counter":110}, {"uid":"s2093547","counter":111}, {"uid":"s2093547","counter":112}, {"uid":"s2093547","counter":113}, {"uid":"s2093547","counter":114}, {"uid":"s2093547","counter":115}, {"uid":"s2093547","counter":116}, {"uid":"s2093547","counter":117}, {"uid":"s2093547","counter":118}, {"uid":"s2093547","counter":119}, {"uid":"s2093547","counter":120}, {"uid":"s2093547","counter":121}, {"uid":"s2093547","counter":122}, {"uid":"s2093547","counter":123}, {"uid":"s2093547","counter":124}, {"uid":"s2093547","counter":125}, {"uid":"s2093547","counter":126}, {"uid":"s2093547","counter":127}, {"uid":"s2093547","counter":128}, {"uid":"s2093547","counter":129}, {"uid":"s2093547","counter":130}, {"uid":"s2093547","counter":131}, {"uid":"s2093547","counter":132}, {"uid":"s2093547","counter":133}, {"uid":"s2093547","counter":134}, {"uid":"s2093547","counter":135}, {"uid":"s2093547","counter":136}, {"uid":"s2093547","counter":137}, {"uid":"s2093547","counter":138}, {"uid":"s2093547","counter":139}, {"uid":"s2093547","counter":140}, {"uid":"s2093547","counter":141}, {"uid":"s2093547","counter":142}, {"uid":"s2093547","counter":143}, {"uid":"s2093547","counter":144}, {"uid":"s2093547","counter":145}, {"uid":"s2093547","counter":146}, {"uid":"s2093547","counter":147}, {"uid":"s2093547","counter":148}, {"uid":"s2093547","counter":149}, {"uid":"s2093547","counter":150}, {"uid":"s2093547","counter":151}, {"uid":"s2093547","counter":152}, {"uid":"s2093547","counter":153}, {"uid":"s2093547","counter":154}, {"uid":"s2093547","counter":155}, {"uid":"s2093547","counter":156}, {"uid":"s2093547","counter":157}, {"uid":"s2093547","counter":158}, {"uid":"s2093547","counter":159}, {"uid":"s2093547","counter":160}, {"uid":"s2093547","counter":161}, {"uid":"s2093547","counter":162}, {"uid":"s2093547","counter":163}, {"uid":"s2093547","counter":164}, {"uid":"s2093547","counter":165}, {"uid":"s2093547","counter":166}, {"uid":"s2093547","counter":167}, {"uid":"s2093547","counter":168}, {"uid":"s2093547","counter":169}, {"uid":"s2093547","counter":170}, {"uid":"s2093547","counter":171}, {"uid":"s2093547","counter":172}, {"uid":"s2093547","counter":173}, {"uid":"s2093547","counter":174}, {"uid":"s2093547","counter":175}, {"uid":"s2093547","counter":176}, {"uid":"s2093547","counter":177}, {"uid":"s2093547","counter":178}, {"uid":"s2093547","counter":179}, {"uid":"s2093547","counter":180}, {"uid":"s2093547","counter":181}, {"uid":"s2093547","counter":182}, {"uid":"s2093547","counter":183}, {"uid":"s2093547","counter":184}, {"uid":"s2093547","counter":185}, {"uid":"s2093547","counter":186}, {"uid":"s2093547","counter":187}, {"uid":"s2093547","counter":188}, {"uid":"s2093547","counter":189}, {"uid":"s2093547","counter":190}, {"uid":"s2093547","counter":191}, {"uid":"s2093547","counter":192}, {"uid":"s2093547","counter":193}, {"uid":"s2093547","counter":194}, {"uid":"s2093547","counter":195}, {"uid":"s2093547","counter":196}, {"uid":"s2093547","counter":197}, {"uid":"s2093547","counter":198}, {"uid":"s2093547","counter":199}, {"uid":"s2093547","counter":200}, {"uid":"s2093547","counter":201}, {"uid":"s2093547","counter":202}, {"uid":"s2093547","counter":203}, {"uid":"s2093547","counter":204}, {"uid":"s2093547","counter":205}, {"uid":"s2093547","counter":206}, {"uid":"s2093547","counter":207}, {"uid":"s2093547","counter":208}, {"uid":"s2093547","counter":209}, {"uid":"s2093547","counter":210}, {"uid":"s2093547","counter":211}, {"uid":"s2093547","counter":212}, {"uid":"s2093547","counter":213}, {"uid":"s2093547","counter":214}, {"uid":"s2093547","counter":215}, {"uid":"s2093547","counter":216}, {"uid":"s2093547","counter":217}, {"uid":"s2093547","counter":218}, {"uid":"s2093547","counter":219}, {"uid":"s2093547","counter":220}, {"uid":"s2093547","counter":221}, {"uid":"s2093547","counter":222}, {"uid":"s2093547","counter":223}, {"uid":"s2093547","counter":224}, {"uid":"s2093547","counter":225}, {"uid":"s2093547","counter":226}, {"uid":"s2093547","counter":227}, {"uid":"s2093547","counter":228}, {"uid":"s2093547","counter":229}, {"uid":"s2093547","counter":230}, {"uid":"s2093547","counter":231}, {"uid":"s2093547","counter":232}, {"uid":"s2093547","counter":233}, {"uid":"s2093547","counter":234}, {"uid":"s2093547","counter":235}, {"uid":"s2093547","counter":236}, {"uid":"s2093547","counter":237}, {"uid":"s2093547","counter":238}, {"uid":"s2093547","counter":239}, {"uid":"s2093547","counter":240}, {"uid":"s2093547","counter":241}, {"uid":"s2093547","counter":242}, {"uid":"s2093547","counter":243}, {"uid":"s2093547","counter":244}, {"uid":"s2093547","counter":245}, {"uid":"s2093547","counter":246}, {"uid":"s2093547","counter":247}, {"uid":"s2093547","counter":248}, {"uid":"s2093547","counter":249}, {"uid":"s2093547","counter":250}, {"uid":"s2093547","counter":251}, {"uid":"s2093547","counter":252}, {"uid":"s2093547","counter":253}, {"uid":"s2093547","counter":254}, {"uid":"s2093547","counter":255}, {"uid":"s2093547","counter":256}, {"uid":"s2093547","counter":257}, {"uid":"s2093547","counter":258}, {"uid":"s2093547","counter":259}, {"uid":"s2093547","counter":260}, {"uid":"s2093547","counter":261}, {"uid":"s2093547","counter":262}, {"uid":"s2093547","counter":263}, {"uid":"s2093547","counter":264}, {"uid":"s2093547","counter":265}, {"uid":"s2093547","counter":266}, {"uid":"s2093547","counter":267}, {"uid":"s2093547","counter":268}, {"uid":"s2093547","counter":269}, {"uid":"s2093547","counter":270}, {"uid":"s2093547","counter":271}, {"uid":"s2093547","counter":272}, {"uid":"s2093547","counter":273}, {"uid":"s2093547","counter":274}, {"uid":"s2093547","counter":275}, {"uid":"s2093547","counter":276}, {"uid":"s2093547","counter":277}, {"uid":"s2093547","counter":278}, {"uid":"s2093547","counter":279}, {"uid":"s2093547","counter":280}, {"uid":"s2093547","counter":281}, {"uid":"s2093547","counter":282}, {"uid":"s2093547","counter":283}, {"uid":"s2093547","counter":284}, {"uid":"s2093547","counter":285}, {"uid":"s2093547","counter":286}, {"uid":"s2093547","counter":287}, {"uid":"s2093547","counter":288}, {"uid":"s2093547","counter":289}, {"uid":"s2093547","counter":290}, {"uid":"s2093547","counter":291}, {"uid":"s2093547","counter":292}, {"uid":"s2093547","counter":293}, {"uid":"s2093547","counter":294}, {"uid":"s2093547","counter":295}, {"uid":"s2093547","counter":296}, {"uid":"s2093547","counter":297}, {"uid":"s2093547","counter":298}, {"uid":"s2093547","counter":299}, {"uid":"s2093547","counter":300}, {"uid":"s2093547","counter":301}, {"uid":"s2093547","counter":302}, {"uid":"s2093547","counter":303}, {"uid":"s2093547","counter":304}, {"uid":"s2093547","counter":305}, {"uid":"s2093547","counter":306}, {"uid":"s2093547","counter":307}, {"uid":"s2093547","counter":308}, {"uid":"s2093547","counter":309}, {"uid":"s2093547","counter":310}, {"uid":"s2093547","counter":311}, {"uid":"s2093547","counter":312}, {"uid":"s2093547","counter":313}, {"uid":"s2093547","counter":314}, {"uid":"s2093547","counter":315}, {"uid":"s2093547","counter":316}, {"uid":"s2093547","counter":317}, {"uid":"s2093547","counter":318}, {"uid":"s2093547","counter":319}, {"uid":"s2093547","counter":320}, {"uid":"s2093547","counter":321}, {"uid":"s2093547","counter":322}, {"uid":"s2093547","counter":323}, {"uid":"s2093547","counter":324}, {"uid":"s2093547","counter":325}, {"uid":"s2093547","counter":326}, {"uid":"s2093547","counter":327}, {"uid":"s2093547","counter":328}, {"uid":"s2093547","counter":329}, {"uid":"s2093547","counter":330}, {"uid":"s2093547","counter":331}, {"uid":"s2093547","counter":332}, {"uid":"s2093547","counter":333}, {"uid":"s2093547","counter":334}, {"uid":"s2093547","counter":335}, {"uid":"s2093547","counter":336}, {"uid":"s2093547","counter":337}, {"uid":"s2093547","counter":338}, {"uid":"s2093547","counter":339}, {"uid":"s2093547","counter":340}, {"uid":"s2093547","counter":341}, {"uid":"s2093547","counter":342}, {"uid":"s2093547","counter":343}, {"uid":"s2093547","counter":344}, {"uid":"s2093547","counter":345}, {"uid":"s2093547","counter":346}, {"uid":"s2093547","counter":347}, {"uid":"s2093547","counter":348}, {"uid":"s2093547","counter":349}, {"uid":"s2093547","counter":350}, {"uid":"s2093547","counter":351}, {"uid":"s2093547","counter":352}, {"uid":"s2093547","counter":353}, {"uid":"s2093547","counter":354}, {"uid":"s2093547","counter":355}, {"uid":"s2093547","counter":356}, {"uid":"s2093547","counter":357}, {"uid":"s2093547","counter":358}, {"uid":"s2093547","counter":359}, {"uid":"s2093547","counter":360}, {"uid":"s2093547","counter":361}, {"uid":"s2093547","counter":362}, {"uid":"s2093547","counter":363}, {"uid":"s2093547","counter":364}, {"uid":"s2093547","counter":365}, {"uid":"s2093547","counter":366}, {"uid":"s2093547","counter":367}, {"uid":"s2093547","counter":368}, {"uid":"s2093547","counter":369}, {"uid":"s2093547","counter":370}, {"uid":"s2093547","counter":371}, {"uid":"s2093547","counter":372}, {"uid":"s2093547","counter":373}, {"uid":"s2093547","counter":374}, {"uid":"s2093547","counter":375}, {"uid":"s2093547","counter":376}, {"uid":"s2093547","counter":377}, {"uid":"s2093547","counter":378}, {"uid":"s2093547","counter":379}, {"uid":"s2093547","counter":380}, {"uid":"s2093547","counter":381}, {"uid":"s2093547","counter":382}, {"uid":"s2093547","counter":383}, {"uid":"s2093547","counter":384}, {"uid":"s2093547","counter":385}, {"uid":"s2093547","counter":386}, {"uid":"s2093547","counter":387}, {"uid":"s2093547","counter":388}, {"uid":"s2093547","counter":389}, {"uid":"s2093547","counter":390}, {"uid":"s2093547","counter":391}, {"uid":"s2093547","counter":392}, {"uid":"s2093547","counter":393}, {"uid":"s2093547","counter":394}, {"uid":"s2093547","counter":395}, {"uid":"s2093547","counter":396}, {"uid":"s2093547","counter":397}, {"uid":"s2093547","counter":398}, {"uid":"s2093547","counter":399}, {"uid":"s2093547","counter":400}, {"uid":"s2093547","counter":401}, {"uid":"s2093547","counter":402}, {"uid":"s2093547","counter":403}, {"uid":"s2093547","counter":404}, {"uid":"s2093547","counter":405}, {"uid":"s2093547","counter":406}, {"uid":"s2093547","counter":407}, {"uid":"s2093547","counter":408}, {"uid":"s2093547","counter":409}, {"uid":"s2093547","counter":410}, {"uid":"s2093547","counter":411}, {"uid":"s2093547","counter":412}, {"uid":"s2093547","counter":413}, {"uid":"s2093547","counter":414}, {"uid":"s2093547","counter":415}, {"uid":"s2093547","counter":416}, {"uid":"s2093547","counter":417}, {"uid":"s2093547","counter":418}, {"uid":"s2093547","counter":419}, {"uid":"s2093547","counter":420}, {"uid":"s2093547","counter":421}, {"uid":"s2093547","counter":422}, {"uid":"s2093547","counter":423}, {"uid":"s2093547","counter":424}, {"uid":"s2093547","counter":425}, {"uid":"s2093547","counter":426}, {"uid":"s2093547","counter":427}, {"uid":"s2093547","counter":428}, {"uid":"s2093547","counter":429}, {"uid":"s2093547","counter":430}, {"uid":"s2093547","counter":431}, {"uid":"s2093547","counter":432}, {"uid":"s2093547","counter":433}, {"uid":"s2093547","counter":434}, {"uid":"s2093547","counter":435}, {"uid":"s2093547","counter":436}, {"uid":"s2093547","counter":437}, {"uid":"s2093547","counter":438}, {"uid":"s2093547","counter":439}, {"uid":"s2093547","counter":440}, {"uid":"s2093547","counter":441}, {"uid":"s2093547","counter":442}, {"uid":"s2093547","counter":443}, {"uid":"s2093547","counter":444}, {"uid":"s2093547","counter":445}, {"uid":"s2093547","counter":446}, {"uid":"s2093547","counter":447}, {"uid":"s2093547","counter":448}, {"uid":"s2093547","counter":449}, {"uid":"s2093547","counter":450}, {"uid":"s2093547","counter":451}, {"uid":"s2093547","counter":452}, {"uid":"s2093547","counter":453}, {"uid":"s2093547","counter":454}, {"uid":"s2093547","counter":455}, {"uid":"s2093547","counter":456}, {"uid":"s2093547","counter":457}, {"uid":"s2093547","counter":458}, {"uid":"s2093547","counter":459}, {"uid":"s2093547","counter":460}, {"uid":"s2093547","counter":461}, {"uid":"s2093547","counter":462}, {"uid":"s2093547","counter":463}, {"uid":"s2093547","counter":464}, {"uid":"s2093547","counter":465}, {"uid":"s2093547","counter":466}, {"uid":"s2093547","counter":467}, {"uid":"s2093547","counter":468}, {"uid":"s2093547","counter":469}, {"uid":"s2093547","counter":470}, {"uid":"s2093547","counter":471}, {"uid":"s2093547","counter":472}, {"uid":"s2093547","counter":473}, {"uid":"s2093547","counter":474}, {"uid":"s2093547","counter":475}, {"uid":"s2093547","counter":476}, {"uid":"s2093547","counter":477}, {"uid":"s2093547","counter":478}, {"uid":"s2093547","counter":479}, {"uid":"s2093547","counter":480}, {"uid":"s2093547","counter":481}, {"uid":"s2093547","counter":482}, {"uid":"s2093547","counter":483}, {"uid":"s2093547","counter":484}, {"uid":"s2093547","counter":485}, {"uid":"s2093547","counter":486}, {"uid":"s2093547","counter":487}, {"uid":"s2093547","counter":488}, {"uid":"s2093547","counter":489}, {"uid":"s2093547","counter":490}, {"uid":"s2093547","counter":491}, {"uid":"s2093547","counter":492}, {"uid":"s2093547","counter":493}, {"uid":"s2093547","counter":494}, {"uid":"s2093547","counter":495}, {"uid":"s2093547","counter":496}, {"uid":"s2093547","counter":497}, {"uid":"s2093547","counter":498}, {"uid":"s2093547","counter":499}]
02:59:58.059 INFO  u.a.e.a.c.AcpCw2ApplicationTests - Time taken: 540 ms
02:59:58.059 INFO  u.a.e.a.c.AcpCw2ApplicationTests - ========================PASSED=========================
]]></system-out>
    <system-err><![CDATA[Mockito is currently self-attaching to enable the inline-mock-maker. This will no longer work in future releases of the JDK. Please add Mockito as an agent to your build what is described in Mockito's documentation: https://javadoc.io/doc/org.mockito/mockito-core/latest/org/mockito/Mockito.html#0.3
WARNING: A Java agent has been loaded dynamically (C:\Users\miles\.m2\repository\net\bytebuddy\byte-buddy-agent\1.15.11\byte-buddy-agent-1.15.11.jar)
WARNING: If a serviceability tool is in use, please run with -XX:+EnableDynamicAgentLoading to hide this warning
WARNING: If a serviceability tool is not in use, please run with -Djdk.instrument.traceUsage for more information
WARNING: Dynamic loading of agents will be disallowed by default in a future release
]]></system-err>
  </testcase>
  <testcase name="testKafka" classname="uk.ac.ed.acp.cw2.AcpCw2ApplicationTests" time="5.226">
    <system-out><![CDATA[02:59:58.090 INFO  u.a.e.a.c.AcpCw2ApplicationTests - -----------STARTING KAFKA TIMEOUT TEST-------------
02:59:58.090 INFO  u.a.e.a.c.AcpCw2ApplicationTests - topicName: KafkaSent-71970-UqSSl
02:59:58.106 INFO  u.a.e.a.c.s.KafkaService - Pushing 5 messages to KafkaSent-71970-UqSSl
02:59:58.126 WARN  o.a.k.c.NetworkClient - [Producer clientId=producer-1] The metadata response from the cluster reported a recoverable issue with correlation id 5 : {KafkaSent-71970-UqSSl=UNKNOWN_TOPIC_OR_PARTITION}
02:59:58.304 INFO  u.a.e.a.c.s.KafkaService - Reading topic KafkaSent-71970-UqSSl: timeOut=5000
03:00:03.305 INFO  u.a.e.a.c.s.KafkaService - Received 5 messages in 5001/5000ms
Kafka Message - uid: s2093547, counter: 0
03:00:03.316 INFO  u.a.e.a.c.AcpCw2ApplicationTests - ========================PASSED=========================
]]></system-out>
  </testcase>
  <testcase name="testRabbitCount" classname="uk.ac.ed.acp.cw2.AcpCw2ApplicationTests" time="0.07">
    <system-out><![CDATA[03:00:03.332 INFO  u.a.e.a.c.AcpCw2ApplicationTests - --------------STARTING RABBIT COUNT TEST-------------
03:00:03.332 INFO  u.a.e.a.c.AcpCw2ApplicationTests - queueName: RabbitMQ-84254-XYee1
03:00:03.332 INFO  u.a.e.a.c.s.RabbitMqService - Sent 5/5 messages to RabbitMQ-84254-XYee1
03:00:03.332 INFO  u.a.e.a.c.s.RabbitMqService - Reading queue RabbitMQ-84254-XYee1: count=5
03:00:03.386 INFO  u.a.e.a.c.s.RabbitMqService - Received 5/5 messages in 54ms
03:00:03.386 INFO  u.a.e.a.c.s.RabbitMqService - returning: [{"uid":"s2093547","counter":0}, {"uid":"s2093547","counter":1}, {"uid":"s2093547","counter":2}, {"uid":"s2093547","counter":3}, {"uid":"s2093547","counter":4}]
RabbitMQ Message - uid: s2093547, counter: 0
03:00:03.386 INFO  u.a.e.a.c.AcpCw2ApplicationTests - ========================PASSED=========================
]]></system-out>
  </testcase>
  <testcase name="testRabbitShort" classname="uk.ac.ed.acp.cw2.AcpCw2ApplicationTests" time="0.427">
    <failure message="Failed to receive messages from Kafka ==&gt; expected: &lt;200 OK&gt; but was: &lt;500 INTERNAL_SERVER_ERROR&gt;" type="org.opentest4j.AssertionFailedError"><![CDATA[org.opentest4j.AssertionFailedError: Failed to receive messages from Kafka ==> expected: <200 OK> but was: <500 INTERNAL_SERVER_ERROR>
	at org.junit.jupiter.api.AssertionFailureBuilder.build(AssertionFailureBuilder.java:151)
	at org.junit.jupiter.api.AssertionFailureBuilder.buildAndThrow(AssertionFailureBuilder.java:132)
	at org.junit.jupiter.api.AssertEquals.failNotEqual(AssertEquals.java:197)
	at org.junit.jupiter.api.AssertEquals.assertEquals(AssertEquals.java:182)
	at org.junit.jupiter.api.Assertions.assertEquals(Assertions.java:1156)
	at uk.ac.ed.acp.cw2.utilities.http.timeRabbit(http.java:55)
	at uk.ac.ed.acp.cw2.AcpCw2ApplicationTests.testRabbitShort(AcpCw2ApplicationTests.java:326)
	at java.base/java.lang.reflect.Method.invoke(Method.java:580)
	at java.base/java.util.ArrayList.forEach(ArrayList.java:1596)
	at java.base/java.util.ArrayList.forEach(ArrayList.java:1596)
]]></failure>
    <system-out><![CDATA[03:00:03.386 INFO  u.a.e.a.c.AcpCw2ApplicationTests - --------------RABBIT SHORT TEST----------------
03:00:03.386 INFO  u.a.e.a.c.AcpCw2ApplicationTests - queueName: ShortTest-35990-X9pRF
03:00:03.453 INFO  u.a.e.a.c.s.RabbitMqService - Sent 500/500 messages to ShortTest-35990-X9pRF
03:00:03.458 INFO  u.a.e.a.c.s.RabbitMqService - Reading queue ShortTest-35990-X9pRF: timeOut=50
03:00:03.525 INFO  u.a.e.a.c.s.RabbitMqService - Received 500 messages in 67/50ms
03:00:03.525 INFO  u.a.e.a.c.s.RabbitMqService - returning: [{"uid":"s2093547","counter":0}, {"uid":"s2093547","counter":1}, {"uid":"s2093547","counter":2}, {"uid":"s2093547","counter":3}, {"uid":"s2093547","counter":4}, {"uid":"s2093547","counter":5}, {"uid":"s2093547","counter":6}, {"uid":"s2093547","counter":7}, {"uid":"s2093547","counter":8}, {"uid":"s2093547","counter":9}, {"uid":"s2093547","counter":10}, {"uid":"s2093547","counter":11}, {"uid":"s2093547","counter":12}, {"uid":"s2093547","counter":13}, {"uid":"s2093547","counter":14}, {"uid":"s2093547","counter":15}, {"uid":"s2093547","counter":16}, {"uid":"s2093547","counter":17}, {"uid":"s2093547","counter":18}, {"uid":"s2093547","counter":19}, {"uid":"s2093547","counter":20}, {"uid":"s2093547","counter":21}, {"uid":"s2093547","counter":22}, {"uid":"s2093547","counter":23}, {"uid":"s2093547","counter":24}, {"uid":"s2093547","counter":25}, {"uid":"s2093547","counter":26}, {"uid":"s2093547","counter":27}, {"uid":"s2093547","counter":28}, {"uid":"s2093547","counter":29}, {"uid":"s2093547","counter":30}, {"uid":"s2093547","counter":31}, {"uid":"s2093547","counter":32}, {"uid":"s2093547","counter":33}, {"uid":"s2093547","counter":34}, {"uid":"s2093547","counter":35}, {"uid":"s2093547","counter":36}, {"uid":"s2093547","counter":37}, {"uid":"s2093547","counter":38}, {"uid":"s2093547","counter":39}, {"uid":"s2093547","counter":40}, {"uid":"s2093547","counter":41}, {"uid":"s2093547","counter":42}, {"uid":"s2093547","counter":43}, {"uid":"s2093547","counter":44}, {"uid":"s2093547","counter":45}, {"uid":"s2093547","counter":46}, {"uid":"s2093547","counter":47}, {"uid":"s2093547","counter":48}, {"uid":"s2093547","counter":49}, {"uid":"s2093547","counter":50}, {"uid":"s2093547","counter":51}, {"uid":"s2093547","counter":52}, {"uid":"s2093547","counter":53}, {"uid":"s2093547","counter":54}, {"uid":"s2093547","counter":55}, {"uid":"s2093547","counter":56}, {"uid":"s2093547","counter":57}, {"uid":"s2093547","counter":58}, {"uid":"s2093547","counter":59}, {"uid":"s2093547","counter":60}, {"uid":"s2093547","counter":61}, {"uid":"s2093547","counter":62}, {"uid":"s2093547","counter":63}, {"uid":"s2093547","counter":64}, {"uid":"s2093547","counter":65}, {"uid":"s2093547","counter":66}, {"uid":"s2093547","counter":67}, {"uid":"s2093547","counter":68}, {"uid":"s2093547","counter":69}, {"uid":"s2093547","counter":70}, {"uid":"s2093547","counter":71}, {"uid":"s2093547","counter":72}, {"uid":"s2093547","counter":73}, {"uid":"s2093547","counter":74}, {"uid":"s2093547","counter":75}, {"uid":"s2093547","counter":76}, {"uid":"s2093547","counter":77}, {"uid":"s2093547","counter":78}, {"uid":"s2093547","counter":79}, {"uid":"s2093547","counter":80}, {"uid":"s2093547","counter":81}, {"uid":"s2093547","counter":82}, {"uid":"s2093547","counter":83}, {"uid":"s2093547","counter":84}, {"uid":"s2093547","counter":85}, {"uid":"s2093547","counter":86}, {"uid":"s2093547","counter":87}, {"uid":"s2093547","counter":88}, {"uid":"s2093547","counter":89}, {"uid":"s2093547","counter":90}, {"uid":"s2093547","counter":91}, {"uid":"s2093547","counter":92}, {"uid":"s2093547","counter":93}, {"uid":"s2093547","counter":94}, {"uid":"s2093547","counter":95}, {"uid":"s2093547","counter":96}, {"uid":"s2093547","counter":97}, {"uid":"s2093547","counter":98}, {"uid":"s2093547","counter":99}, {"uid":"s2093547","counter":100}, {"uid":"s2093547","counter":101}, {"uid":"s2093547","counter":102}, {"uid":"s2093547","counter":103}, {"uid":"s2093547","counter":104}, {"uid":"s2093547","counter":105}, {"uid":"s2093547","counter":106}, {"uid":"s2093547","counter":107}, {"uid":"s2093547","counter":108}, {"uid":"s2093547","counter":109}, {"uid":"s2093547","counter":110}, {"uid":"s2093547","counter":111}, {"uid":"s2093547","counter":112}, {"uid":"s2093547","counter":113}, {"uid":"s2093547","counter":114}, {"uid":"s2093547","counter":115}, {"uid":"s2093547","counter":116}, {"uid":"s2093547","counter":117}, {"uid":"s2093547","counter":118}, {"uid":"s2093547","counter":119}, {"uid":"s2093547","counter":120}, {"uid":"s2093547","counter":121}, {"uid":"s2093547","counter":122}, {"uid":"s2093547","counter":123}, {"uid":"s2093547","counter":124}, {"uid":"s2093547","counter":125}, {"uid":"s2093547","counter":126}, {"uid":"s2093547","counter":127}, {"uid":"s2093547","counter":128}, {"uid":"s2093547","counter":129}, {"uid":"s2093547","counter":130}, {"uid":"s2093547","counter":131}, {"uid":"s2093547","counter":132}, {"uid":"s2093547","counter":133}, {"uid":"s2093547","counter":134}, {"uid":"s2093547","counter":135}, {"uid":"s2093547","counter":136}, {"uid":"s2093547","counter":137}, {"uid":"s2093547","counter":138}, {"uid":"s2093547","counter":139}, {"uid":"s2093547","counter":140}, {"uid":"s2093547","counter":141}, {"uid":"s2093547","counter":142}, {"uid":"s2093547","counter":143}, {"uid":"s2093547","counter":144}, {"uid":"s2093547","counter":145}, {"uid":"s2093547","counter":146}, {"uid":"s2093547","counter":147}, {"uid":"s2093547","counter":148}, {"uid":"s2093547","counter":149}, {"uid":"s2093547","counter":150}, {"uid":"s2093547","counter":151}, {"uid":"s2093547","counter":152}, {"uid":"s2093547","counter":153}, {"uid":"s2093547","counter":154}, {"uid":"s2093547","counter":155}, {"uid":"s2093547","counter":156}, {"uid":"s2093547","counter":157}, {"uid":"s2093547","counter":158}, {"uid":"s2093547","counter":159}, {"uid":"s2093547","counter":160}, {"uid":"s2093547","counter":161}, {"uid":"s2093547","counter":162}, {"uid":"s2093547","counter":163}, {"uid":"s2093547","counter":164}, {"uid":"s2093547","counter":165}, {"uid":"s2093547","counter":166}, {"uid":"s2093547","counter":167}, {"uid":"s2093547","counter":168}, {"uid":"s2093547","counter":169}, {"uid":"s2093547","counter":170}, {"uid":"s2093547","counter":171}, {"uid":"s2093547","counter":172}, {"uid":"s2093547","counter":173}, {"uid":"s2093547","counter":174}, {"uid":"s2093547","counter":175}, {"uid":"s2093547","counter":176}, {"uid":"s2093547","counter":177}, {"uid":"s2093547","counter":178}, {"uid":"s2093547","counter":179}, {"uid":"s2093547","counter":180}, {"uid":"s2093547","counter":181}, {"uid":"s2093547","counter":182}, {"uid":"s2093547","counter":183}, {"uid":"s2093547","counter":184}, {"uid":"s2093547","counter":185}, {"uid":"s2093547","counter":186}, {"uid":"s2093547","counter":187}, {"uid":"s2093547","counter":188}, {"uid":"s2093547","counter":189}, {"uid":"s2093547","counter":190}, {"uid":"s2093547","counter":191}, {"uid":"s2093547","counter":192}, {"uid":"s2093547","counter":193}, {"uid":"s2093547","counter":194}, {"uid":"s2093547","counter":195}, {"uid":"s2093547","counter":196}, {"uid":"s2093547","counter":197}, {"uid":"s2093547","counter":198}, {"uid":"s2093547","counter":199}, {"uid":"s2093547","counter":200}, {"uid":"s2093547","counter":201}, {"uid":"s2093547","counter":202}, {"uid":"s2093547","counter":203}, {"uid":"s2093547","counter":204}, {"uid":"s2093547","counter":205}, {"uid":"s2093547","counter":206}, {"uid":"s2093547","counter":207}, {"uid":"s2093547","counter":208}, {"uid":"s2093547","counter":209}, {"uid":"s2093547","counter":210}, {"uid":"s2093547","counter":211}, {"uid":"s2093547","counter":212}, {"uid":"s2093547","counter":213}, {"uid":"s2093547","counter":214}, {"uid":"s2093547","counter":215}, {"uid":"s2093547","counter":216}, {"uid":"s2093547","counter":217}, {"uid":"s2093547","counter":218}, {"uid":"s2093547","counter":219}, {"uid":"s2093547","counter":220}, {"uid":"s2093547","counter":221}, {"uid":"s2093547","counter":222}, {"uid":"s2093547","counter":223}, {"uid":"s2093547","counter":224}, {"uid":"s2093547","counter":225}, {"uid":"s2093547","counter":226}, {"uid":"s2093547","counter":227}, {"uid":"s2093547","counter":228}, {"uid":"s2093547","counter":229}, {"uid":"s2093547","counter":230}, {"uid":"s2093547","counter":231}, {"uid":"s2093547","counter":232}, {"uid":"s2093547","counter":233}, {"uid":"s2093547","counter":234}, {"uid":"s2093547","counter":235}, {"uid":"s2093547","counter":236}, {"uid":"s2093547","counter":237}, {"uid":"s2093547","counter":238}, {"uid":"s2093547","counter":239}, {"uid":"s2093547","counter":240}, {"uid":"s2093547","counter":241}, {"uid":"s2093547","counter":242}, {"uid":"s2093547","counter":243}, {"uid":"s2093547","counter":244}, {"uid":"s2093547","counter":245}, {"uid":"s2093547","counter":246}, {"uid":"s2093547","counter":247}, {"uid":"s2093547","counter":248}, {"uid":"s2093547","counter":249}, {"uid":"s2093547","counter":250}, {"uid":"s2093547","counter":251}, {"uid":"s2093547","counter":252}, {"uid":"s2093547","counter":253}, {"uid":"s2093547","counter":254}, {"uid":"s2093547","counter":255}, {"uid":"s2093547","counter":256}, {"uid":"s2093547","counter":257}, {"uid":"s2093547","counter":258}, {"uid":"s2093547","counter":259}, {"uid":"s2093547","counter":260}, {"uid":"s2093547","counter":261}, {"uid":"s2093547","counter":262}, {"uid":"s2093547","counter":263}, {"uid":"s2093547","counter":264}, {"uid":"s2093547","counter":265}, {"uid":"s2093547","counter":266}, {"uid":"s2093547","counter":267}, {"uid":"s2093547","counter":268}, {"uid":"s2093547","counter":269}, {"uid":"s2093547","counter":270}, {"uid":"s2093547","counter":271}, {"uid":"s2093547","counter":272}, {"uid":"s2093547","counter":273}, {"uid":"s2093547","counter":274}, {"uid":"s2093547","counter":275}, {"uid":"s2093547","counter":276}, {"uid":"s2093547","counter":277}, {"uid":"s2093547","counter":278}, {"uid":"s2093547","counter":279}, {"uid":"s2093547","counter":280}, {"uid":"s2093547","counter":281}, {"uid":"s2093547","counter":282}, {"uid":"s2093547","counter":283}, {"uid":"s2093547","counter":284}, {"uid":"s2093547","counter":285}, {"uid":"s2093547","counter":286}, {"uid":"s2093547","counter":287}, {"uid":"s2093547","counter":288}, {"uid":"s2093547","counter":289}, {"uid":"s2093547","counter":290}, {"uid":"s2093547","counter":291}, {"uid":"s2093547","counter":292}, {"uid":"s2093547","counter":293}, {"uid":"s2093547","counter":294}, {"uid":"s2093547","counter":295}, {"uid":"s2093547","counter":296}, {"uid":"s2093547","counter":297}, {"uid":"s2093547","counter":298}, {"uid":"s2093547","counter":299}, {"uid":"s2093547","counter":300}, {"uid":"s2093547","counter":301}, {"uid":"s2093547","counter":302}, {"uid":"s2093547","counter":303}, {"uid":"s2093547","counter":304}, {"uid":"s2093547","counter":305}, {"uid":"s2093547","counter":306}, {"uid":"s2093547","counter":307}, {"uid":"s2093547","counter":308}, {"uid":"s2093547","counter":309}, {"uid":"s2093547","counter":310}, {"uid":"s2093547","counter":311}, {"uid":"s2093547","counter":312}, {"uid":"s2093547","counter":313}, {"uid":"s2093547","counter":314}, {"uid":"s2093547","counter":315}, {"uid":"s2093547","counter":316}, {"uid":"s2093547","counter":317}, {"uid":"s2093547","counter":318}, {"uid":"s2093547","counter":319}, {"uid":"s2093547","counter":320}, {"uid":"s2093547","counter":321}, {"uid":"s2093547","counter":322}, {"uid":"s2093547","counter":323}, {"uid":"s2093547","counter":324}, {"uid":"s2093547","counter":325}, {"uid":"s2093547","counter":326}, {"uid":"s2093547","counter":327}, {"uid":"s2093547","counter":328}, {"uid":"s2093547","counter":329}, {"uid":"s2093547","counter":330}, {"uid":"s2093547","counter":331}, {"uid":"s2093547","counter":332}, {"uid":"s2093547","counter":333}, {"uid":"s2093547","counter":334}, {"uid":"s2093547","counter":335}, {"uid":"s2093547","counter":336}, {"uid":"s2093547","counter":337}, {"uid":"s2093547","counter":338}, {"uid":"s2093547","counter":339}, {"uid":"s2093547","counter":340}, {"uid":"s2093547","counter":341}, {"uid":"s2093547","counter":342}, {"uid":"s2093547","counter":343}, {"uid":"s2093547","counter":344}, {"uid":"s2093547","counter":345}, {"uid":"s2093547","counter":346}, {"uid":"s2093547","counter":347}, {"uid":"s2093547","counter":348}, {"uid":"s2093547","counter":349}, {"uid":"s2093547","counter":350}, {"uid":"s2093547","counter":351}, {"uid":"s2093547","counter":352}, {"uid":"s2093547","counter":353}, {"uid":"s2093547","counter":354}, {"uid":"s2093547","counter":355}, {"uid":"s2093547","counter":356}, {"uid":"s2093547","counter":357}, {"uid":"s2093547","counter":358}, {"uid":"s2093547","counter":359}, {"uid":"s2093547","counter":360}, {"uid":"s2093547","counter":361}, {"uid":"s2093547","counter":362}, {"uid":"s2093547","counter":363}, {"uid":"s2093547","counter":364}, {"uid":"s2093547","counter":365}, {"uid":"s2093547","counter":366}, {"uid":"s2093547","counter":367}, {"uid":"s2093547","counter":368}, {"uid":"s2093547","counter":369}, {"uid":"s2093547","counter":370}, {"uid":"s2093547","counter":371}, {"uid":"s2093547","counter":372}, {"uid":"s2093547","counter":373}, {"uid":"s2093547","counter":374}, {"uid":"s2093547","counter":375}, {"uid":"s2093547","counter":376}, {"uid":"s2093547","counter":377}, {"uid":"s2093547","counter":378}, {"uid":"s2093547","counter":379}, {"uid":"s2093547","counter":380}, {"uid":"s2093547","counter":381}, {"uid":"s2093547","counter":382}, {"uid":"s2093547","counter":383}, {"uid":"s2093547","counter":384}, {"uid":"s2093547","counter":385}, {"uid":"s2093547","counter":386}, {"uid":"s2093547","counter":387}, {"uid":"s2093547","counter":388}, {"uid":"s2093547","counter":389}, {"uid":"s2093547","counter":390}, {"uid":"s2093547","counter":391}, {"uid":"s2093547","counter":392}, {"uid":"s2093547","counter":393}, {"uid":"s2093547","counter":394}, {"uid":"s2093547","counter":395}, {"uid":"s2093547","counter":396}, {"uid":"s2093547","counter":397}, {"uid":"s2093547","counter":398}, {"uid":"s2093547","counter":399}, {"uid":"s2093547","counter":400}, {"uid":"s2093547","counter":401}, {"uid":"s2093547","counter":402}, {"uid":"s2093547","counter":403}, {"uid":"s2093547","counter":404}, {"uid":"s2093547","counter":405}, {"uid":"s2093547","counter":406}, {"uid":"s2093547","counter":407}, {"uid":"s2093547","counter":408}, {"uid":"s2093547","counter":409}, {"uid":"s2093547","counter":410}, {"uid":"s2093547","counter":411}, {"uid":"s2093547","counter":412}, {"uid":"s2093547","counter":413}, {"uid":"s2093547","counter":414}, {"uid":"s2093547","counter":415}, {"uid":"s2093547","counter":416}, {"uid":"s2093547","counter":417}, {"uid":"s2093547","counter":418}, {"uid":"s2093547","counter":419}, {"uid":"s2093547","counter":420}, {"uid":"s2093547","counter":421}, {"uid":"s2093547","counter":422}, {"uid":"s2093547","counter":423}, {"uid":"s2093547","counter":424}, {"uid":"s2093547","counter":425}, {"uid":"s2093547","counter":426}, {"uid":"s2093547","counter":427}, {"uid":"s2093547","counter":428}, {"uid":"s2093547","counter":429}, {"uid":"s2093547","counter":430}, {"uid":"s2093547","counter":431}, {"uid":"s2093547","counter":432}, {"uid":"s2093547","counter":433}, {"uid":"s2093547","counter":434}, {"uid":"s2093547","counter":435}, {"uid":"s2093547","counter":436}, {"uid":"s2093547","counter":437}, {"uid":"s2093547","counter":438}, {"uid":"s2093547","counter":439}, {"uid":"s2093547","counter":440}, {"uid":"s2093547","counter":441}, {"uid":"s2093547","counter":442}, {"uid":"s2093547","counter":443}, {"uid":"s2093547","counter":444}, {"uid":"s2093547","counter":445}, {"uid":"s2093547","counter":446}, {"uid":"s2093547","counter":447}, {"uid":"s2093547","counter":448}, {"uid":"s2093547","counter":449}, {"uid":"s2093547","counter":450}, {"uid":"s2093547","counter":451}, {"uid":"s2093547","counter":452}, {"uid":"s2093547","counter":453}, {"uid":"s2093547","counter":454}, {"uid":"s2093547","counter":455}, {"uid":"s2093547","counter":456}, {"uid":"s2093547","counter":457}, {"uid":"s2093547","counter":458}, {"uid":"s2093547","counter":459}, {"uid":"s2093547","counter":460}, {"uid":"s2093547","counter":461}, {"uid":"s2093547","counter":462}, {"uid":"s2093547","counter":463}, {"uid":"s2093547","counter":464}, {"uid":"s2093547","counter":465}, {"uid":"s2093547","counter":466}, {"uid":"s2093547","counter":467}, {"uid":"s2093547","counter":468}, {"uid":"s2093547","counter":469}, {"uid":"s2093547","counter":470}, {"uid":"s2093547","counter":471}, {"uid":"s2093547","counter":472}, {"uid":"s2093547","counter":473}, {"uid":"s2093547","counter":474}, {"uid":"s2093547","counter":475}, {"uid":"s2093547","counter":476}, {"uid":"s2093547","counter":477}, {"uid":"s2093547","counter":478}, {"uid":"s2093547","counter":479}, {"uid":"s2093547","counter":480}, {"uid":"s2093547","counter":481}, {"uid":"s2093547","counter":482}, {"uid":"s2093547","counter":483}, {"uid":"s2093547","counter":484}, {"uid":"s2093547","counter":485}, {"uid":"s2093547","counter":486}, {"uid":"s2093547","counter":487}, {"uid":"s2093547","counter":488}, {"uid":"s2093547","counter":489}, {"uid":"s2093547","counter":490}, {"uid":"s2093547","counter":491}, {"uid":"s2093547","counter":492}, {"uid":"s2093547","counter":493}, {"uid":"s2093547","counter":494}, {"uid":"s2093547","counter":495}, {"uid":"s2093547","counter":496}, {"uid":"s2093547","counter":497}, {"uid":"s2093547","counter":498}, {"uid":"s2093547","counter":499}]
03:00:03.525 INFO  u.a.e.a.c.AcpCw2ApplicationTests - Time taken: 70 ms
03:00:03.525 INFO  u.a.e.a.c.AcpCw2ApplicationTests - ========================PASSED=========================
03:00:03.525 INFO  u.a.e.a.c.AcpCw2ApplicationTests - queueName: ShortTest-22986-M65jj
03:00:03.556 INFO  u.a.e.a.c.s.RabbitMqService - Sent 500/500 messages to ShortTest-22986-M65jj
03:00:03.556 INFO  u.a.e.a.c.s.RabbitMqService - Reading queue ShortTest-22986-M65jj: timeOut=50
03:00:03.618 INFO  u.a.e.a.c.s.RabbitMqService - Received 500 messages in 62/50ms
03:00:03.618 INFO  u.a.e.a.c.s.RabbitMqService - returning: [{"uid":"s2093547","counter":0}, {"uid":"s2093547","counter":1}, {"uid":"s2093547","counter":2}, {"uid":"s2093547","counter":3}, {"uid":"s2093547","counter":4}, {"uid":"s2093547","counter":5}, {"uid":"s2093547","counter":6}, {"uid":"s2093547","counter":7}, {"uid":"s2093547","counter":8}, {"uid":"s2093547","counter":9}, {"uid":"s2093547","counter":10}, {"uid":"s2093547","counter":11}, {"uid":"s2093547","counter":12}, {"uid":"s2093547","counter":13}, {"uid":"s2093547","counter":14}, {"uid":"s2093547","counter":15}, {"uid":"s2093547","counter":16}, {"uid":"s2093547","counter":17}, {"uid":"s2093547","counter":18}, {"uid":"s2093547","counter":19}, {"uid":"s2093547","counter":20}, {"uid":"s2093547","counter":21}, {"uid":"s2093547","counter":22}, {"uid":"s2093547","counter":23}, {"uid":"s2093547","counter":24}, {"uid":"s2093547","counter":25}, {"uid":"s2093547","counter":26}, {"uid":"s2093547","counter":27}, {"uid":"s2093547","counter":28}, {"uid":"s2093547","counter":29}, {"uid":"s2093547","counter":30}, {"uid":"s2093547","counter":31}, {"uid":"s2093547","counter":32}, {"uid":"s2093547","counter":33}, {"uid":"s2093547","counter":34}, {"uid":"s2093547","counter":35}, {"uid":"s2093547","counter":36}, {"uid":"s2093547","counter":37}, {"uid":"s2093547","counter":38}, {"uid":"s2093547","counter":39}, {"uid":"s2093547","counter":40}, {"uid":"s2093547","counter":41}, {"uid":"s2093547","counter":42}, {"uid":"s2093547","counter":43}, {"uid":"s2093547","counter":44}, {"uid":"s2093547","counter":45}, {"uid":"s2093547","counter":46}, {"uid":"s2093547","counter":47}, {"uid":"s2093547","counter":48}, {"uid":"s2093547","counter":49}, {"uid":"s2093547","counter":50}, {"uid":"s2093547","counter":51}, {"uid":"s2093547","counter":52}, {"uid":"s2093547","counter":53}, {"uid":"s2093547","counter":54}, {"uid":"s2093547","counter":55}, {"uid":"s2093547","counter":56}, {"uid":"s2093547","counter":57}, {"uid":"s2093547","counter":58}, {"uid":"s2093547","counter":59}, {"uid":"s2093547","counter":60}, {"uid":"s2093547","counter":61}, {"uid":"s2093547","counter":62}, {"uid":"s2093547","counter":63}, {"uid":"s2093547","counter":64}, {"uid":"s2093547","counter":65}, {"uid":"s2093547","counter":66}, {"uid":"s2093547","counter":67}, {"uid":"s2093547","counter":68}, {"uid":"s2093547","counter":69}, {"uid":"s2093547","counter":70}, {"uid":"s2093547","counter":71}, {"uid":"s2093547","counter":72}, {"uid":"s2093547","counter":73}, {"uid":"s2093547","counter":74}, {"uid":"s2093547","counter":75}, {"uid":"s2093547","counter":76}, {"uid":"s2093547","counter":77}, {"uid":"s2093547","counter":78}, {"uid":"s2093547","counter":79}, {"uid":"s2093547","counter":80}, {"uid":"s2093547","counter":81}, {"uid":"s2093547","counter":82}, {"uid":"s2093547","counter":83}, {"uid":"s2093547","counter":84}, {"uid":"s2093547","counter":85}, {"uid":"s2093547","counter":86}, {"uid":"s2093547","counter":87}, {"uid":"s2093547","counter":88}, {"uid":"s2093547","counter":89}, {"uid":"s2093547","counter":90}, {"uid":"s2093547","counter":91}, {"uid":"s2093547","counter":92}, {"uid":"s2093547","counter":93}, {"uid":"s2093547","counter":94}, {"uid":"s2093547","counter":95}, {"uid":"s2093547","counter":96}, {"uid":"s2093547","counter":97}, {"uid":"s2093547","counter":98}, {"uid":"s2093547","counter":99}, {"uid":"s2093547","counter":100}, {"uid":"s2093547","counter":101}, {"uid":"s2093547","counter":102}, {"uid":"s2093547","counter":103}, {"uid":"s2093547","counter":104}, {"uid":"s2093547","counter":105}, {"uid":"s2093547","counter":106}, {"uid":"s2093547","counter":107}, {"uid":"s2093547","counter":108}, {"uid":"s2093547","counter":109}, {"uid":"s2093547","counter":110}, {"uid":"s2093547","counter":111}, {"uid":"s2093547","counter":112}, {"uid":"s2093547","counter":113}, {"uid":"s2093547","counter":114}, {"uid":"s2093547","counter":115}, {"uid":"s2093547","counter":116}, {"uid":"s2093547","counter":117}, {"uid":"s2093547","counter":118}, {"uid":"s2093547","counter":119}, {"uid":"s2093547","counter":120}, {"uid":"s2093547","counter":121}, {"uid":"s2093547","counter":122}, {"uid":"s2093547","counter":123}, {"uid":"s2093547","counter":124}, {"uid":"s2093547","counter":125}, {"uid":"s2093547","counter":126}, {"uid":"s2093547","counter":127}, {"uid":"s2093547","counter":128}, {"uid":"s2093547","counter":129}, {"uid":"s2093547","counter":130}, {"uid":"s2093547","counter":131}, {"uid":"s2093547","counter":132}, {"uid":"s2093547","counter":133}, {"uid":"s2093547","counter":134}, {"uid":"s2093547","counter":135}, {"uid":"s2093547","counter":136}, {"uid":"s2093547","counter":137}, {"uid":"s2093547","counter":138}, {"uid":"s2093547","counter":139}, {"uid":"s2093547","counter":140}, {"uid":"s2093547","counter":141}, {"uid":"s2093547","counter":142}, {"uid":"s2093547","counter":143}, {"uid":"s2093547","counter":144}, {"uid":"s2093547","counter":145}, {"uid":"s2093547","counter":146}, {"uid":"s2093547","counter":147}, {"uid":"s2093547","counter":148}, {"uid":"s2093547","counter":149}, {"uid":"s2093547","counter":150}, {"uid":"s2093547","counter":151}, {"uid":"s2093547","counter":152}, {"uid":"s2093547","counter":153}, {"uid":"s2093547","counter":154}, {"uid":"s2093547","counter":155}, {"uid":"s2093547","counter":156}, {"uid":"s2093547","counter":157}, {"uid":"s2093547","counter":158}, {"uid":"s2093547","counter":159}, {"uid":"s2093547","counter":160}, {"uid":"s2093547","counter":161}, {"uid":"s2093547","counter":162}, {"uid":"s2093547","counter":163}, {"uid":"s2093547","counter":164}, {"uid":"s2093547","counter":165}, {"uid":"s2093547","counter":166}, {"uid":"s2093547","counter":167}, {"uid":"s2093547","counter":168}, {"uid":"s2093547","counter":169}, {"uid":"s2093547","counter":170}, {"uid":"s2093547","counter":171}, {"uid":"s2093547","counter":172}, {"uid":"s2093547","counter":173}, {"uid":"s2093547","counter":174}, {"uid":"s2093547","counter":175}, {"uid":"s2093547","counter":176}, {"uid":"s2093547","counter":177}, {"uid":"s2093547","counter":178}, {"uid":"s2093547","counter":179}, {"uid":"s2093547","counter":180}, {"uid":"s2093547","counter":181}, {"uid":"s2093547","counter":182}, {"uid":"s2093547","counter":183}, {"uid":"s2093547","counter":184}, {"uid":"s2093547","counter":185}, {"uid":"s2093547","counter":186}, {"uid":"s2093547","counter":187}, {"uid":"s2093547","counter":188}, {"uid":"s2093547","counter":189}, {"uid":"s2093547","counter":190}, {"uid":"s2093547","counter":191}, {"uid":"s2093547","counter":192}, {"uid":"s2093547","counter":193}, {"uid":"s2093547","counter":194}, {"uid":"s2093547","counter":195}, {"uid":"s2093547","counter":196}, {"uid":"s2093547","counter":197}, {"uid":"s2093547","counter":198}, {"uid":"s2093547","counter":199}, {"uid":"s2093547","counter":200}, {"uid":"s2093547","counter":201}, {"uid":"s2093547","counter":202}, {"uid":"s2093547","counter":203}, {"uid":"s2093547","counter":204}, {"uid":"s2093547","counter":205}, {"uid":"s2093547","counter":206}, {"uid":"s2093547","counter":207}, {"uid":"s2093547","counter":208}, {"uid":"s2093547","counter":209}, {"uid":"s2093547","counter":210}, {"uid":"s2093547","counter":211}, {"uid":"s2093547","counter":212}, {"uid":"s2093547","counter":213}, {"uid":"s2093547","counter":214}, {"uid":"s2093547","counter":215}, {"uid":"s2093547","counter":216}, {"uid":"s2093547","counter":217}, {"uid":"s2093547","counter":218}, {"uid":"s2093547","counter":219}, {"uid":"s2093547","counter":220}, {"uid":"s2093547","counter":221}, {"uid":"s2093547","counter":222}, {"uid":"s2093547","counter":223}, {"uid":"s2093547","counter":224}, {"uid":"s2093547","counter":225}, {"uid":"s2093547","counter":226}, {"uid":"s2093547","counter":227}, {"uid":"s2093547","counter":228}, {"uid":"s2093547","counter":229}, {"uid":"s2093547","counter":230}, {"uid":"s2093547","counter":231}, {"uid":"s2093547","counter":232}, {"uid":"s2093547","counter":233}, {"uid":"s2093547","counter":234}, {"uid":"s2093547","counter":235}, {"uid":"s2093547","counter":236}, {"uid":"s2093547","counter":237}, {"uid":"s2093547","counter":238}, {"uid":"s2093547","counter":239}, {"uid":"s2093547","counter":240}, {"uid":"s2093547","counter":241}, {"uid":"s2093547","counter":242}, {"uid":"s2093547","counter":243}, {"uid":"s2093547","counter":244}, {"uid":"s2093547","counter":245}, {"uid":"s2093547","counter":246}, {"uid":"s2093547","counter":247}, {"uid":"s2093547","counter":248}, {"uid":"s2093547","counter":249}, {"uid":"s2093547","counter":250}, {"uid":"s2093547","counter":251}, {"uid":"s2093547","counter":252}, {"uid":"s2093547","counter":253}, {"uid":"s2093547","counter":254}, {"uid":"s2093547","counter":255}, {"uid":"s2093547","counter":256}, {"uid":"s2093547","counter":257}, {"uid":"s2093547","counter":258}, {"uid":"s2093547","counter":259}, {"uid":"s2093547","counter":260}, {"uid":"s2093547","counter":261}, {"uid":"s2093547","counter":262}, {"uid":"s2093547","counter":263}, {"uid":"s2093547","counter":264}, {"uid":"s2093547","counter":265}, {"uid":"s2093547","counter":266}, {"uid":"s2093547","counter":267}, {"uid":"s2093547","counter":268}, {"uid":"s2093547","counter":269}, {"uid":"s2093547","counter":270}, {"uid":"s2093547","counter":271}, {"uid":"s2093547","counter":272}, {"uid":"s2093547","counter":273}, {"uid":"s2093547","counter":274}, {"uid":"s2093547","counter":275}, {"uid":"s2093547","counter":276}, {"uid":"s2093547","counter":277}, {"uid":"s2093547","counter":278}, {"uid":"s2093547","counter":279}, {"uid":"s2093547","counter":280}, {"uid":"s2093547","counter":281}, {"uid":"s2093547","counter":282}, {"uid":"s2093547","counter":283}, {"uid":"s2093547","counter":284}, {"uid":"s2093547","counter":285}, {"uid":"s2093547","counter":286}, {"uid":"s2093547","counter":287}, {"uid":"s2093547","counter":288}, {"uid":"s2093547","counter":289}, {"uid":"s2093547","counter":290}, {"uid":"s2093547","counter":291}, {"uid":"s2093547","counter":292}, {"uid":"s2093547","counter":293}, {"uid":"s2093547","counter":294}, {"uid":"s2093547","counter":295}, {"uid":"s2093547","counter":296}, {"uid":"s2093547","counter":297}, {"uid":"s2093547","counter":298}, {"uid":"s2093547","counter":299}, {"uid":"s2093547","counter":300}, {"uid":"s2093547","counter":301}, {"uid":"s2093547","counter":302}, {"uid":"s2093547","counter":303}, {"uid":"s2093547","counter":304}, {"uid":"s2093547","counter":305}, {"uid":"s2093547","counter":306}, {"uid":"s2093547","counter":307}, {"uid":"s2093547","counter":308}, {"uid":"s2093547","counter":309}, {"uid":"s2093547","counter":310}, {"uid":"s2093547","counter":311}, {"uid":"s2093547","counter":312}, {"uid":"s2093547","counter":313}, {"uid":"s2093547","counter":314}, {"uid":"s2093547","counter":315}, {"uid":"s2093547","counter":316}, {"uid":"s2093547","counter":317}, {"uid":"s2093547","counter":318}, {"uid":"s2093547","counter":319}, {"uid":"s2093547","counter":320}, {"uid":"s2093547","counter":321}, {"uid":"s2093547","counter":322}, {"uid":"s2093547","counter":323}, {"uid":"s2093547","counter":324}, {"uid":"s2093547","counter":325}, {"uid":"s2093547","counter":326}, {"uid":"s2093547","counter":327}, {"uid":"s2093547","counter":328}, {"uid":"s2093547","counter":329}, {"uid":"s2093547","counter":330}, {"uid":"s2093547","counter":331}, {"uid":"s2093547","counter":332}, {"uid":"s2093547","counter":333}, {"uid":"s2093547","counter":334}, {"uid":"s2093547","counter":335}, {"uid":"s2093547","counter":336}, {"uid":"s2093547","counter":337}, {"uid":"s2093547","counter":338}, {"uid":"s2093547","counter":339}, {"uid":"s2093547","counter":340}, {"uid":"s2093547","counter":341}, {"uid":"s2093547","counter":342}, {"uid":"s2093547","counter":343}, {"uid":"s2093547","counter":344}, {"uid":"s2093547","counter":345}, {"uid":"s2093547","counter":346}, {"uid":"s2093547","counter":347}, {"uid":"s2093547","counter":348}, {"uid":"s2093547","counter":349}, {"uid":"s2093547","counter":350}, {"uid":"s2093547","counter":351}, {"uid":"s2093547","counter":352}, {"uid":"s2093547","counter":353}, {"uid":"s2093547","counter":354}, {"uid":"s2093547","counter":355}, {"uid":"s2093547","counter":356}, {"uid":"s2093547","counter":357}, {"uid":"s2093547","counter":358}, {"uid":"s2093547","counter":359}, {"uid":"s2093547","counter":360}, {"uid":"s2093547","counter":361}, {"uid":"s2093547","counter":362}, {"uid":"s2093547","counter":363}, {"uid":"s2093547","counter":364}, {"uid":"s2093547","counter":365}, {"uid":"s2093547","counter":366}, {"uid":"s2093547","counter":367}, {"uid":"s2093547","counter":368}, {"uid":"s2093547","counter":369}, {"uid":"s2093547","counter":370}, {"uid":"s2093547","counter":371}, {"uid":"s2093547","counter":372}, {"uid":"s2093547","counter":373}, {"uid":"s2093547","counter":374}, {"uid":"s2093547","counter":375}, {"uid":"s2093547","counter":376}, {"uid":"s2093547","counter":377}, {"uid":"s2093547","counter":378}, {"uid":"s2093547","counter":379}, {"uid":"s2093547","counter":380}, {"uid":"s2093547","counter":381}, {"uid":"s2093547","counter":382}, {"uid":"s2093547","counter":383}, {"uid":"s2093547","counter":384}, {"uid":"s2093547","counter":385}, {"uid":"s2093547","counter":386}, {"uid":"s2093547","counter":387}, {"uid":"s2093547","counter":388}, {"uid":"s2093547","counter":389}, {"uid":"s2093547","counter":390}, {"uid":"s2093547","counter":391}, {"uid":"s2093547","counter":392}, {"uid":"s2093547","counter":393}, {"uid":"s2093547","counter":394}, {"uid":"s2093547","counter":395}, {"uid":"s2093547","counter":396}, {"uid":"s2093547","counter":397}, {"uid":"s2093547","counter":398}, {"uid":"s2093547","counter":399}, {"uid":"s2093547","counter":400}, {"uid":"s2093547","counter":401}, {"uid":"s2093547","counter":402}, {"uid":"s2093547","counter":403}, {"uid":"s2093547","counter":404}, {"uid":"s2093547","counter":405}, {"uid":"s2093547","counter":406}, {"uid":"s2093547","counter":407}, {"uid":"s2093547","counter":408}, {"uid":"s2093547","counter":409}, {"uid":"s2093547","counter":410}, {"uid":"s2093547","counter":411}, {"uid":"s2093547","counter":412}, {"uid":"s2093547","counter":413}, {"uid":"s2093547","counter":414}, {"uid":"s2093547","counter":415}, {"uid":"s2093547","counter":416}, {"uid":"s2093547","counter":417}, {"uid":"s2093547","counter":418}, {"uid":"s2093547","counter":419}, {"uid":"s2093547","counter":420}, {"uid":"s2093547","counter":421}, {"uid":"s2093547","counter":422}, {"uid":"s2093547","counter":423}, {"uid":"s2093547","counter":424}, {"uid":"s2093547","counter":425}, {"uid":"s2093547","counter":426}, {"uid":"s2093547","counter":427}, {"uid":"s2093547","counter":428}, {"uid":"s2093547","counter":429}, {"uid":"s2093547","counter":430}, {"uid":"s2093547","counter":431}, {"uid":"s2093547","counter":432}, {"uid":"s2093547","counter":433}, {"uid":"s2093547","counter":434}, {"uid":"s2093547","counter":435}, {"uid":"s2093547","counter":436}, {"uid":"s2093547","counter":437}, {"uid":"s2093547","counter":438}, {"uid":"s2093547","counter":439}, {"uid":"s2093547","counter":440}, {"uid":"s2093547","counter":441}, {"uid":"s2093547","counter":442}, {"uid":"s2093547","counter":443}, {"uid":"s2093547","counter":444}, {"uid":"s2093547","counter":445}, {"uid":"s2093547","counter":446}, {"uid":"s2093547","counter":447}, {"uid":"s2093547","counter":448}, {"uid":"s2093547","counter":449}, {"uid":"s2093547","counter":450}, {"uid":"s2093547","counter":451}, {"uid":"s2093547","counter":452}, {"uid":"s2093547","counter":453}, {"uid":"s2093547","counter":454}, {"uid":"s2093547","counter":455}, {"uid":"s2093547","counter":456}, {"uid":"s2093547","counter":457}, {"uid":"s2093547","counter":458}, {"uid":"s2093547","counter":459}, {"uid":"s2093547","counter":460}, {"uid":"s2093547","counter":461}, {"uid":"s2093547","counter":462}, {"uid":"s2093547","counter":463}, {"uid":"s2093547","counter":464}, {"uid":"s2093547","counter":465}, {"uid":"s2093547","counter":466}, {"uid":"s2093547","counter":467}, {"uid":"s2093547","counter":468}, {"uid":"s2093547","counter":469}, {"uid":"s2093547","counter":470}, {"uid":"s2093547","counter":471}, {"uid":"s2093547","counter":472}, {"uid":"s2093547","counter":473}, {"uid":"s2093547","counter":474}, {"uid":"s2093547","counter":475}, {"uid":"s2093547","counter":476}, {"uid":"s2093547","counter":477}, {"uid":"s2093547","counter":478}, {"uid":"s2093547","counter":479}, {"uid":"s2093547","counter":480}, {"uid":"s2093547","counter":481}, {"uid":"s2093547","counter":482}, {"uid":"s2093547","counter":483}, {"uid":"s2093547","counter":484}, {"uid":"s2093547","counter":485}, {"uid":"s2093547","counter":486}, {"uid":"s2093547","counter":487}, {"uid":"s2093547","counter":488}, {"uid":"s2093547","counter":489}, {"uid":"s2093547","counter":490}, {"uid":"s2093547","counter":491}, {"uid":"s2093547","counter":492}, {"uid":"s2093547","counter":493}, {"uid":"s2093547","counter":494}, {"uid":"s2093547","counter":495}, {"uid":"s2093547","counter":496}, {"uid":"s2093547","counter":497}, {"uid":"s2093547","counter":498}, {"uid":"s2093547","counter":499}]
03:00:03.618 INFO  u.a.e.a.c.AcpCw2ApplicationTests - Time taken: 62 ms
03:00:03.618 INFO  u.a.e.a.c.AcpCw2ApplicationTests - ========================PASSED=========================
03:00:03.618 INFO  u.a.e.a.c.AcpCw2ApplicationTests - queueName: ShortTest-63617-WMDJX
03:00:03.650 INFO  u.a.e.a.c.s.RabbitMqService - Sent 500/500 messages to ShortTest-63617-WMDJX
03:00:03.650 INFO  u.a.e.a.c.s.RabbitMqService - Reading queue ShortTest-63617-WMDJX: timeOut=50
03:00:03.716 INFO  u.a.e.a.c.s.RabbitMqService - Received 500 messages in 66/50ms
03:00:03.716 INFO  u.a.e.a.c.s.RabbitMqService - returning: [{"uid":"s2093547","counter":0}, {"uid":"s2093547","counter":1}, {"uid":"s2093547","counter":2}, {"uid":"s2093547","counter":3}, {"uid":"s2093547","counter":4}, {"uid":"s2093547","counter":5}, {"uid":"s2093547","counter":6}, {"uid":"s2093547","counter":7}, {"uid":"s2093547","counter":8}, {"uid":"s2093547","counter":9}, {"uid":"s2093547","counter":10}, {"uid":"s2093547","counter":11}, {"uid":"s2093547","counter":12}, {"uid":"s2093547","counter":13}, {"uid":"s2093547","counter":14}, {"uid":"s2093547","counter":15}, {"uid":"s2093547","counter":16}, {"uid":"s2093547","counter":17}, {"uid":"s2093547","counter":18}, {"uid":"s2093547","counter":19}, {"uid":"s2093547","counter":20}, {"uid":"s2093547","counter":21}, {"uid":"s2093547","counter":22}, {"uid":"s2093547","counter":23}, {"uid":"s2093547","counter":24}, {"uid":"s2093547","counter":25}, {"uid":"s2093547","counter":26}, {"uid":"s2093547","counter":27}, {"uid":"s2093547","counter":28}, {"uid":"s2093547","counter":29}, {"uid":"s2093547","counter":30}, {"uid":"s2093547","counter":31}, {"uid":"s2093547","counter":32}, {"uid":"s2093547","counter":33}, {"uid":"s2093547","counter":34}, {"uid":"s2093547","counter":35}, {"uid":"s2093547","counter":36}, {"uid":"s2093547","counter":37}, {"uid":"s2093547","counter":38}, {"uid":"s2093547","counter":39}, {"uid":"s2093547","counter":40}, {"uid":"s2093547","counter":41}, {"uid":"s2093547","counter":42}, {"uid":"s2093547","counter":43}, {"uid":"s2093547","counter":44}, {"uid":"s2093547","counter":45}, {"uid":"s2093547","counter":46}, {"uid":"s2093547","counter":47}, {"uid":"s2093547","counter":48}, {"uid":"s2093547","counter":49}, {"uid":"s2093547","counter":50}, {"uid":"s2093547","counter":51}, {"uid":"s2093547","counter":52}, {"uid":"s2093547","counter":53}, {"uid":"s2093547","counter":54}, {"uid":"s2093547","counter":55}, {"uid":"s2093547","counter":56}, {"uid":"s2093547","counter":57}, {"uid":"s2093547","counter":58}, {"uid":"s2093547","counter":59}, {"uid":"s2093547","counter":60}, {"uid":"s2093547","counter":61}, {"uid":"s2093547","counter":62}, {"uid":"s2093547","counter":63}, {"uid":"s2093547","counter":64}, {"uid":"s2093547","counter":65}, {"uid":"s2093547","counter":66}, {"uid":"s2093547","counter":67}, {"uid":"s2093547","counter":68}, {"uid":"s2093547","counter":69}, {"uid":"s2093547","counter":70}, {"uid":"s2093547","counter":71}, {"uid":"s2093547","counter":72}, {"uid":"s2093547","counter":73}, {"uid":"s2093547","counter":74}, {"uid":"s2093547","counter":75}, {"uid":"s2093547","counter":76}, {"uid":"s2093547","counter":77}, {"uid":"s2093547","counter":78}, {"uid":"s2093547","counter":79}, {"uid":"s2093547","counter":80}, {"uid":"s2093547","counter":81}, {"uid":"s2093547","counter":82}, {"uid":"s2093547","counter":83}, {"uid":"s2093547","counter":84}, {"uid":"s2093547","counter":85}, {"uid":"s2093547","counter":86}, {"uid":"s2093547","counter":87}, {"uid":"s2093547","counter":88}, {"uid":"s2093547","counter":89}, {"uid":"s2093547","counter":90}, {"uid":"s2093547","counter":91}, {"uid":"s2093547","counter":92}, {"uid":"s2093547","counter":93}, {"uid":"s2093547","counter":94}, {"uid":"s2093547","counter":95}, {"uid":"s2093547","counter":96}, {"uid":"s2093547","counter":97}, {"uid":"s2093547","counter":98}, {"uid":"s2093547","counter":99}, {"uid":"s2093547","counter":100}, {"uid":"s2093547","counter":101}, {"uid":"s2093547","counter":102}, {"uid":"s2093547","counter":103}, {"uid":"s2093547","counter":104}, {"uid":"s2093547","counter":105}, {"uid":"s2093547","counter":106}, {"uid":"s2093547","counter":107}, {"uid":"s2093547","counter":108}, {"uid":"s2093547","counter":109}, {"uid":"s2093547","counter":110}, {"uid":"s2093547","counter":111}, {"uid":"s2093547","counter":112}, {"uid":"s2093547","counter":113}, {"uid":"s2093547","counter":114}, {"uid":"s2093547","counter":115}, {"uid":"s2093547","counter":116}, {"uid":"s2093547","counter":117}, {"uid":"s2093547","counter":118}, {"uid":"s2093547","counter":119}, {"uid":"s2093547","counter":120}, {"uid":"s2093547","counter":121}, {"uid":"s2093547","counter":122}, {"uid":"s2093547","counter":123}, {"uid":"s2093547","counter":124}, {"uid":"s2093547","counter":125}, {"uid":"s2093547","counter":126}, {"uid":"s2093547","counter":127}, {"uid":"s2093547","counter":128}, {"uid":"s2093547","counter":129}, {"uid":"s2093547","counter":130}, {"uid":"s2093547","counter":131}, {"uid":"s2093547","counter":132}, {"uid":"s2093547","counter":133}, {"uid":"s2093547","counter":134}, {"uid":"s2093547","counter":135}, {"uid":"s2093547","counter":136}, {"uid":"s2093547","counter":137}, {"uid":"s2093547","counter":138}, {"uid":"s2093547","counter":139}, {"uid":"s2093547","counter":140}, {"uid":"s2093547","counter":141}, {"uid":"s2093547","counter":142}, {"uid":"s2093547","counter":143}, {"uid":"s2093547","counter":144}, {"uid":"s2093547","counter":145}, {"uid":"s2093547","counter":146}, {"uid":"s2093547","counter":147}, {"uid":"s2093547","counter":148}, {"uid":"s2093547","counter":149}, {"uid":"s2093547","counter":150}, {"uid":"s2093547","counter":151}, {"uid":"s2093547","counter":152}, {"uid":"s2093547","counter":153}, {"uid":"s2093547","counter":154}, {"uid":"s2093547","counter":155}, {"uid":"s2093547","counter":156}, {"uid":"s2093547","counter":157}, {"uid":"s2093547","counter":158}, {"uid":"s2093547","counter":159}, {"uid":"s2093547","counter":160}, {"uid":"s2093547","counter":161}, {"uid":"s2093547","counter":162}, {"uid":"s2093547","counter":163}, {"uid":"s2093547","counter":164}, {"uid":"s2093547","counter":165}, {"uid":"s2093547","counter":166}, {"uid":"s2093547","counter":167}, {"uid":"s2093547","counter":168}, {"uid":"s2093547","counter":169}, {"uid":"s2093547","counter":170}, {"uid":"s2093547","counter":171}, {"uid":"s2093547","counter":172}, {"uid":"s2093547","counter":173}, {"uid":"s2093547","counter":174}, {"uid":"s2093547","counter":175}, {"uid":"s2093547","counter":176}, {"uid":"s2093547","counter":177}, {"uid":"s2093547","counter":178}, {"uid":"s2093547","counter":179}, {"uid":"s2093547","counter":180}, {"uid":"s2093547","counter":181}, {"uid":"s2093547","counter":182}, {"uid":"s2093547","counter":183}, {"uid":"s2093547","counter":184}, {"uid":"s2093547","counter":185}, {"uid":"s2093547","counter":186}, {"uid":"s2093547","counter":187}, {"uid":"s2093547","counter":188}, {"uid":"s2093547","counter":189}, {"uid":"s2093547","counter":190}, {"uid":"s2093547","counter":191}, {"uid":"s2093547","counter":192}, {"uid":"s2093547","counter":193}, {"uid":"s2093547","counter":194}, {"uid":"s2093547","counter":195}, {"uid":"s2093547","counter":196}, {"uid":"s2093547","counter":197}, {"uid":"s2093547","counter":198}, {"uid":"s2093547","counter":199}, {"uid":"s2093547","counter":200}, {"uid":"s2093547","counter":201}, {"uid":"s2093547","counter":202}, {"uid":"s2093547","counter":203}, {"uid":"s2093547","counter":204}, {"uid":"s2093547","counter":205}, {"uid":"s2093547","counter":206}, {"uid":"s2093547","counter":207}, {"uid":"s2093547","counter":208}, {"uid":"s2093547","counter":209}, {"uid":"s2093547","counter":210}, {"uid":"s2093547","counter":211}, {"uid":"s2093547","counter":212}, {"uid":"s2093547","counter":213}, {"uid":"s2093547","counter":214}, {"uid":"s2093547","counter":215}, {"uid":"s2093547","counter":216}, {"uid":"s2093547","counter":217}, {"uid":"s2093547","counter":218}, {"uid":"s2093547","counter":219}, {"uid":"s2093547","counter":220}, {"uid":"s2093547","counter":221}, {"uid":"s2093547","counter":222}, {"uid":"s2093547","counter":223}, {"uid":"s2093547","counter":224}, {"uid":"s2093547","counter":225}, {"uid":"s2093547","counter":226}, {"uid":"s2093547","counter":227}, {"uid":"s2093547","counter":228}, {"uid":"s2093547","counter":229}, {"uid":"s2093547","counter":230}, {"uid":"s2093547","counter":231}, {"uid":"s2093547","counter":232}, {"uid":"s2093547","counter":233}, {"uid":"s2093547","counter":234}, {"uid":"s2093547","counter":235}, {"uid":"s2093547","counter":236}, {"uid":"s2093547","counter":237}, {"uid":"s2093547","counter":238}, {"uid":"s2093547","counter":239}, {"uid":"s2093547","counter":240}, {"uid":"s2093547","counter":241}, {"uid":"s2093547","counter":242}, {"uid":"s2093547","counter":243}, {"uid":"s2093547","counter":244}, {"uid":"s2093547","counter":245}, {"uid":"s2093547","counter":246}, {"uid":"s2093547","counter":247}, {"uid":"s2093547","counter":248}, {"uid":"s2093547","counter":249}, {"uid":"s2093547","counter":250}, {"uid":"s2093547","counter":251}, {"uid":"s2093547","counter":252}, {"uid":"s2093547","counter":253}, {"uid":"s2093547","counter":254}, {"uid":"s2093547","counter":255}, {"uid":"s2093547","counter":256}, {"uid":"s2093547","counter":257}, {"uid":"s2093547","counter":258}, {"uid":"s2093547","counter":259}, {"uid":"s2093547","counter":260}, {"uid":"s2093547","counter":261}, {"uid":"s2093547","counter":262}, {"uid":"s2093547","counter":263}, {"uid":"s2093547","counter":264}, {"uid":"s2093547","counter":265}, {"uid":"s2093547","counter":266}, {"uid":"s2093547","counter":267}, {"uid":"s2093547","counter":268}, {"uid":"s2093547","counter":269}, {"uid":"s2093547","counter":270}, {"uid":"s2093547","counter":271}, {"uid":"s2093547","counter":272}, {"uid":"s2093547","counter":273}, {"uid":"s2093547","counter":274}, {"uid":"s2093547","counter":275}, {"uid":"s2093547","counter":276}, {"uid":"s2093547","counter":277}, {"uid":"s2093547","counter":278}, {"uid":"s2093547","counter":279}, {"uid":"s2093547","counter":280}, {"uid":"s2093547","counter":281}, {"uid":"s2093547","counter":282}, {"uid":"s2093547","counter":283}, {"uid":"s2093547","counter":284}, {"uid":"s2093547","counter":285}, {"uid":"s2093547","counter":286}, {"uid":"s2093547","counter":287}, {"uid":"s2093547","counter":288}, {"uid":"s2093547","counter":289}, {"uid":"s2093547","counter":290}, {"uid":"s2093547","counter":291}, {"uid":"s2093547","counter":292}, {"uid":"s2093547","counter":293}, {"uid":"s2093547","counter":294}, {"uid":"s2093547","counter":295}, {"uid":"s2093547","counter":296}, {"uid":"s2093547","counter":297}, {"uid":"s2093547","counter":298}, {"uid":"s2093547","counter":299}, {"uid":"s2093547","counter":300}, {"uid":"s2093547","counter":301}, {"uid":"s2093547","counter":302}, {"uid":"s2093547","counter":303}, {"uid":"s2093547","counter":304}, {"uid":"s2093547","counter":305}, {"uid":"s2093547","counter":306}, {"uid":"s2093547","counter":307}, {"uid":"s2093547","counter":308}, {"uid":"s2093547","counter":309}, {"uid":"s2093547","counter":310}, {"uid":"s2093547","counter":311}, {"uid":"s2093547","counter":312}, {"uid":"s2093547","counter":313}, {"uid":"s2093547","counter":314}, {"uid":"s2093547","counter":315}, {"uid":"s2093547","counter":316}, {"uid":"s2093547","counter":317}, {"uid":"s2093547","counter":318}, {"uid":"s2093547","counter":319}, {"uid":"s2093547","counter":320}, {"uid":"s2093547","counter":321}, {"uid":"s2093547","counter":322}, {"uid":"s2093547","counter":323}, {"uid":"s2093547","counter":324}, {"uid":"s2093547","counter":325}, {"uid":"s2093547","counter":326}, {"uid":"s2093547","counter":327}, {"uid":"s2093547","counter":328}, {"uid":"s2093547","counter":329}, {"uid":"s2093547","counter":330}, {"uid":"s2093547","counter":331}, {"uid":"s2093547","counter":332}, {"uid":"s2093547","counter":333}, {"uid":"s2093547","counter":334}, {"uid":"s2093547","counter":335}, {"uid":"s2093547","counter":336}, {"uid":"s2093547","counter":337}, {"uid":"s2093547","counter":338}, {"uid":"s2093547","counter":339}, {"uid":"s2093547","counter":340}, {"uid":"s2093547","counter":341}, {"uid":"s2093547","counter":342}, {"uid":"s2093547","counter":343}, {"uid":"s2093547","counter":344}, {"uid":"s2093547","counter":345}, {"uid":"s2093547","counter":346}, {"uid":"s2093547","counter":347}, {"uid":"s2093547","counter":348}, {"uid":"s2093547","counter":349}, {"uid":"s2093547","counter":350}, {"uid":"s2093547","counter":351}, {"uid":"s2093547","counter":352}, {"uid":"s2093547","counter":353}, {"uid":"s2093547","counter":354}, {"uid":"s2093547","counter":355}, {"uid":"s2093547","counter":356}, {"uid":"s2093547","counter":357}, {"uid":"s2093547","counter":358}, {"uid":"s2093547","counter":359}, {"uid":"s2093547","counter":360}, {"uid":"s2093547","counter":361}, {"uid":"s2093547","counter":362}, {"uid":"s2093547","counter":363}, {"uid":"s2093547","counter":364}, {"uid":"s2093547","counter":365}, {"uid":"s2093547","counter":366}, {"uid":"s2093547","counter":367}, {"uid":"s2093547","counter":368}, {"uid":"s2093547","counter":369}, {"uid":"s2093547","counter":370}, {"uid":"s2093547","counter":371}, {"uid":"s2093547","counter":372}, {"uid":"s2093547","counter":373}, {"uid":"s2093547","counter":374}, {"uid":"s2093547","counter":375}, {"uid":"s2093547","counter":376}, {"uid":"s2093547","counter":377}, {"uid":"s2093547","counter":378}, {"uid":"s2093547","counter":379}, {"uid":"s2093547","counter":380}, {"uid":"s2093547","counter":381}, {"uid":"s2093547","counter":382}, {"uid":"s2093547","counter":383}, {"uid":"s2093547","counter":384}, {"uid":"s2093547","counter":385}, {"uid":"s2093547","counter":386}, {"uid":"s2093547","counter":387}, {"uid":"s2093547","counter":388}, {"uid":"s2093547","counter":389}, {"uid":"s2093547","counter":390}, {"uid":"s2093547","counter":391}, {"uid":"s2093547","counter":392}, {"uid":"s2093547","counter":393}, {"uid":"s2093547","counter":394}, {"uid":"s2093547","counter":395}, {"uid":"s2093547","counter":396}, {"uid":"s2093547","counter":397}, {"uid":"s2093547","counter":398}, {"uid":"s2093547","counter":399}, {"uid":"s2093547","counter":400}, {"uid":"s2093547","counter":401}, {"uid":"s2093547","counter":402}, {"uid":"s2093547","counter":403}, {"uid":"s2093547","counter":404}, {"uid":"s2093547","counter":405}, {"uid":"s2093547","counter":406}, {"uid":"s2093547","counter":407}, {"uid":"s2093547","counter":408}, {"uid":"s2093547","counter":409}, {"uid":"s2093547","counter":410}, {"uid":"s2093547","counter":411}, {"uid":"s2093547","counter":412}, {"uid":"s2093547","counter":413}, {"uid":"s2093547","counter":414}, {"uid":"s2093547","counter":415}, {"uid":"s2093547","counter":416}, {"uid":"s2093547","counter":417}, {"uid":"s2093547","counter":418}, {"uid":"s2093547","counter":419}, {"uid":"s2093547","counter":420}, {"uid":"s2093547","counter":421}, {"uid":"s2093547","counter":422}, {"uid":"s2093547","counter":423}, {"uid":"s2093547","counter":424}, {"uid":"s2093547","counter":425}, {"uid":"s2093547","counter":426}, {"uid":"s2093547","counter":427}, {"uid":"s2093547","counter":428}, {"uid":"s2093547","counter":429}, {"uid":"s2093547","counter":430}, {"uid":"s2093547","counter":431}, {"uid":"s2093547","counter":432}, {"uid":"s2093547","counter":433}, {"uid":"s2093547","counter":434}, {"uid":"s2093547","counter":435}, {"uid":"s2093547","counter":436}, {"uid":"s2093547","counter":437}, {"uid":"s2093547","counter":438}, {"uid":"s2093547","counter":439}, {"uid":"s2093547","counter":440}, {"uid":"s2093547","counter":441}, {"uid":"s2093547","counter":442}, {"uid":"s2093547","counter":443}, {"uid":"s2093547","counter":444}, {"uid":"s2093547","counter":445}, {"uid":"s2093547","counter":446}, {"uid":"s2093547","counter":447}, {"uid":"s2093547","counter":448}, {"uid":"s2093547","counter":449}, {"uid":"s2093547","counter":450}, {"uid":"s2093547","counter":451}, {"uid":"s2093547","counter":452}, {"uid":"s2093547","counter":453}, {"uid":"s2093547","counter":454}, {"uid":"s2093547","counter":455}, {"uid":"s2093547","counter":456}, {"uid":"s2093547","counter":457}, {"uid":"s2093547","counter":458}, {"uid":"s2093547","counter":459}, {"uid":"s2093547","counter":460}, {"uid":"s2093547","counter":461}, {"uid":"s2093547","counter":462}, {"uid":"s2093547","counter":463}, {"uid":"s2093547","counter":464}, {"uid":"s2093547","counter":465}, {"uid":"s2093547","counter":466}, {"uid":"s2093547","counter":467}, {"uid":"s2093547","counter":468}, {"uid":"s2093547","counter":469}, {"uid":"s2093547","counter":470}, {"uid":"s2093547","counter":471}, {"uid":"s2093547","counter":472}, {"uid":"s2093547","counter":473}, {"uid":"s2093547","counter":474}, {"uid":"s2093547","counter":475}, {"uid":"s2093547","counter":476}, {"uid":"s2093547","counter":477}, {"uid":"s2093547","counter":478}, {"uid":"s2093547","counter":479}, {"uid":"s2093547","counter":480}, {"uid":"s2093547","counter":481}, {"uid":"s2093547","counter":482}, {"uid":"s2093547","counter":483}, {"uid":"s2093547","counter":484}, {"uid":"s2093547","counter":485}, {"uid":"s2093547","counter":486}, {"uid":"s2093547","counter":487}, {"uid":"s2093547","counter":488}, {"uid":"s2093547","counter":489}, {"uid":"s2093547","counter":490}, {"uid":"s2093547","counter":491}, {"uid":"s2093547","counter":492}, {"uid":"s2093547","counter":493}, {"uid":"s2093547","counter":494}, {"uid":"s2093547","counter":495}, {"uid":"s2093547","counter":496}, {"uid":"s2093547","counter":497}, {"uid":"s2093547","counter":498}, {"uid":"s2093547","counter":499}]
03:00:03.716 INFO  u.a.e.a.c.AcpCw2ApplicationTests - Time taken: 66 ms
03:00:03.716 INFO  u.a.e.a.c.AcpCw2ApplicationTests - ========================PASSED=========================
03:00:03.716 INFO  u.a.e.a.c.AcpCw2ApplicationTests - queueName: ShortTest-66746-lxfG4
03:00:03.732 INFO  u.a.e.a.c.s.RabbitMqService - Sent 500/500 messages to ShortTest-66746-lxfG4
03:00:03.732 INFO  u.a.e.a.c.s.RabbitMqService - Reading queue ShortTest-66746-lxfG4: timeOut=50
03:00:03.793 ERROR u.a.e.a.c.s.RabbitMqService - Error receiving messages: timeout value is negative
]]></system-out>
  </testcase>
  <testcase name="testTransformSingle" classname="uk.ac.ed.acp.cw2.AcpCw2ApplicationTests" time="4.15">
    <system-out><![CDATA[03:00:03.828 INFO  u.a.e.a.c.AcpCw2ApplicationTests - --------------STARTING TRANSFORM TEST----------------
03:00:03.828 INFO  u.a.e.a.c.AcpCw2ApplicationTests - Generating 30 packets
03:00:03.859 INFO  u.a.e.a.c.s.RabbitMqService - Sent 30/30 messages to TransformTestRead-35111-gXe8K
03:00:03.907 INFO  u.a.e.a.c.d.MessageTransformer - Transforming messages; read_queue:TransformTestRead-35111-gXe8K, write_queue:TransformTestWrite-72139-Munh2, count:30
03:00:03.907 INFO  u.a.e.a.c.s.RabbitMqService - [With Validation]Reading queue TransformTestRead-35111-gXe8K: count=30
03:00:03.922 INFO  u.a.e.a.c.s.RabbitMqService - [With Validation]Received 30/30 messages in 15ms
03:00:03.922 INFO  u.a.e.a.c.s.RabbitMqService - returning: [{"key":"cmGDn","version":0,"value":0.41311622}, {"key":"k2l0c","version":1,"value":15.646429}, {"key":"gFut3","version":1,"value":5.3423824}, {"key":"HqS1c","version":2,"value":7.9835725}, {"key":"6j0a2","version":1,"value":18.930182}, {"key":"o9S8k","version":1,"value":16.360983}, {"key":"6j0a2","TOTAL":0.0}, {"key":"9sIiS","version":1,"value":18.822441}, {"key":"SvPds","version":0,"value":3.3404946}, {"key":"IBKcQ","version":1,"value":1.1831295}, {"key":"gFut3","TOTAL":0.0}, {"key":"dgIRS","version":2,"value":4.6293106}, {"key":"xVwIu","version":0,"value":19.43775}, {"key":"csCDd","version":1,"value":0.4188335}, {"key":"hI9Tp","version":2,"value":4.2595825}, {"key":"9ifFA","version":2,"value":9.695068}, {"key":"4wlYp","version":1,"value":13.556491}, {"key":"EcSbI","version":0,"value":15.133116}, {"key":"MPxYE","version":2,"value":19.25416}, {"key":"Fk0Q4","version":1,"value":3.5105634}, {"key":"mYToT","version":1,"value":18.42961}, {"key":"9F5gR","version":0,"value":18.785328}, {"key":"I56KE","version":1,"value":16.112995}, {"key":"DhS8B","version":2,"value":7.4867725}, {"key":"xVwIu","version":1,"value":13.221799}, {"key":"9sIiS","version":0,"value":0.10307312}, {"key":"EcSbI","version":1,"value":6.7794}, {"key":"XlUDe","version":0,"value":7.6668606}, {"key":"Qo6uO","version":0,"value":13.0024805}, {"key":"9F5gR","TOTAL":0.0}]
03:00:03.922 INFO  u.a.e.a.c.d.MessageTransformer - 0% complete...
03:00:04.130 INFO  u.a.e.a.c.d.MessageTransformer - 10% complete...
03:00:04.286 INFO  u.a.e.a.c.d.MessageTransformer - 20% complete...
03:00:04.460 INFO  u.a.e.a.c.d.MessageTransformer - 30% complete...
03:00:04.623 INFO  u.a.e.a.c.d.MessageTransformer - 40% complete...
03:00:04.775 INFO  u.a.e.a.c.d.MessageTransformer - 50% complete...
03:00:04.924 INFO  u.a.e.a.c.d.MessageTransformer - 60% complete...
03:00:05.072 INFO  u.a.e.a.c.d.MessageTransformer - 70% complete...
03:00:05.230 INFO  u.a.e.a.c.d.MessageTransformer - 80% complete...
03:00:05.380 INFO  u.a.e.a.c.d.MessageTransformer - 90% complete...
03:00:05.534 INFO  u.a.e.a.c.d.MessageTransformer - 100% complete. Tranformed 30 messages
03:00:05.534 INFO  u.a.e.a.c.s.RabbitMqService - Reading queue TransformTestWrite-72139-Munh2: count=30
03:00:05.590 INFO  u.a.e.a.c.s.RabbitMqService - Received 30/30 messages in 56ms
03:00:05.590 INFO  u.a.e.a.c.s.RabbitMqService - returning: [{"key":"cmGDn","version":0,"value":10.913116}, {"key":"k2l0c","version":1,"value":26.14643}, {"key":"gFut3","version":1,"value":15.842382}, {"key":"HqS1c","version":2,"value":18.483572}, {"key":"6j0a2","version":1,"value":29.430182}, {"key":"o9S8k","version":1,"value":26.860983}, {"totalMessagesWritten":6,"totalMessagesProcessed":7,"totalRedisUpdates":7,"totalValueWritten":127.676674,"totalAdded":63.0}, {"key":"9sIiS","version":1,"value":29.322441}, {"key":"SvPds","version":0,"value":13.840494}, {"key":"IBKcQ","version":1,"value":11.683129}, {"totalMessagesWritten":9,"totalMessagesProcessed":11,"totalRedisUpdates":11,"totalValueWritten":182.52275,"totalAdded":94.5}, {"key":"dgIRS","version":2,"value":15.129311}, {"key":"xVwIu","version":0,"value":29.93775}, {"key":"csCDd","version":1,"value":10.918834}, {"key":"hI9Tp","version":2,"value":14.7595825}, {"key":"9ifFA","version":2,"value":20.195068}, {"key":"4wlYp","version":1,"value":24.056492}, {"key":"EcSbI","version":0,"value":25.633116}, {"key":"MPxYE","version":2,"value":29.75416}, {"key":"Fk0Q4","version":1,"value":14.010563}, {"key":"mYToT","version":1,"value":28.92961}, {"key":"9F5gR","version":0,"value":29.285328}, {"key":"I56KE","version":1,"value":26.612995}, {"key":"DhS8B","version":2,"value":17.986773}, {"key":"xVwIu","version":1,"value":23.721798}, {"key":"9sIiS","version":0,"value":0.10307312}, {"key":"EcSbI","version":1,"value":17.2794}, {"key":"XlUDe","version":0,"value":18.16686}, {"key":"Qo6uO","version":0,"value":23.50248}, {"totalMessagesWritten":27,"totalMessagesProcessed":30,"totalRedisUpdates":29,"totalValueWritten":552.506,"totalAdded":273.0}]
03:00:05.987 INFO  u.a.e.a.c.s.RabbitMqService - Sent 30/30 messages to TransformTestRead-27601-VMmpg
03:00:05.988 INFO  u.a.e.a.c.d.MessageTransformer - Transforming messages; read_queue:TransformTestRead-27601-VMmpg, write_queue:TransformTestWrite-62221-3dbA2, count:30
03:00:05.988 INFO  u.a.e.a.c.s.RabbitMqService - [With Validation]Reading queue TransformTestRead-27601-VMmpg: count=30
03:00:06.038 INFO  u.a.e.a.c.s.RabbitMqService - [With Validation]Received 30/30 messages in 50ms
03:00:06.038 INFO  u.a.e.a.c.s.RabbitMqService - returning: [{"key":"cmGDn","version":0,"value":0.41311622}, {"key":"k2l0c","version":1,"value":15.646429}, {"key":"gFut3","version":1,"value":5.3423824}, {"key":"HqS1c","version":2,"value":7.9835725}, {"key":"6j0a2","version":1,"value":18.930182}, {"key":"o9S8k","version":1,"value":16.360983}, {"key":"6j0a2","TOTAL":0.0}, {"key":"9sIiS","version":1,"value":18.822441}, {"key":"SvPds","version":0,"value":3.3404946}, {"key":"IBKcQ","version":1,"value":1.1831295}, {"key":"gFut3","TOTAL":0.0}, {"key":"dgIRS","version":2,"value":4.6293106}, {"key":"xVwIu","version":0,"value":19.43775}, {"key":"csCDd","version":1,"value":0.4188335}, {"key":"hI9Tp","version":2,"value":4.2595825}, {"key":"9ifFA","version":2,"value":9.695068}, {"key":"4wlYp","version":1,"value":13.556491}, {"key":"EcSbI","version":0,"value":15.133116}, {"key":"MPxYE","version":2,"value":19.25416}, {"key":"Fk0Q4","version":1,"value":3.5105634}, {"key":"mYToT","version":1,"value":18.42961}, {"key":"9F5gR","version":0,"value":18.785328}, {"key":"I56KE","version":1,"value":16.112995}, {"key":"DhS8B","version":2,"value":7.4867725}, {"key":"xVwIu","version":1,"value":13.221799}, {"key":"9sIiS","version":0,"value":0.10307312}, {"key":"EcSbI","version":1,"value":6.7794}, {"key":"XlUDe","version":0,"value":7.6668606}, {"key":"Qo6uO","version":0,"value":13.0024805}, {"key":"9F5gR","TOTAL":0.0}]
03:00:06.038 INFO  u.a.e.a.c.d.MessageTransformer - 0% complete...
03:00:06.184 INFO  u.a.e.a.c.d.MessageTransformer - 10% complete...
03:00:06.343 INFO  u.a.e.a.c.d.MessageTransformer - 20% complete...
03:00:06.480 INFO  u.a.e.a.c.d.MessageTransformer - 30% complete...
03:00:06.645 INFO  u.a.e.a.c.d.MessageTransformer - 40% complete...
03:00:06.809 INFO  u.a.e.a.c.d.MessageTransformer - 50% complete...
03:00:06.956 INFO  u.a.e.a.c.d.MessageTransformer - 60% complete...
03:00:07.108 INFO  u.a.e.a.c.d.MessageTransformer - 70% complete...
03:00:07.257 INFO  u.a.e.a.c.d.MessageTransformer - 80% complete...
03:00:07.422 INFO  u.a.e.a.c.d.MessageTransformer - 90% complete...
03:00:07.570 INFO  u.a.e.a.c.d.MessageTransformer - 100% complete. Tranformed 30 messages
03:00:07.570 INFO  u.a.e.a.c.s.RabbitMqService - Reading queue TransformTestWrite-62221-3dbA2: count=30
03:00:07.631 INFO  u.a.e.a.c.s.RabbitMqService - Received 30/30 messages in 61ms
03:00:07.631 INFO  u.a.e.a.c.s.RabbitMqService - returning: [{"key":"cmGDn","version":0,"value":10.913116}, {"key":"k2l0c","version":1,"value":26.14643}, {"key":"gFut3","version":1,"value":15.842382}, {"key":"HqS1c","version":2,"value":18.483572}, {"key":"6j0a2","version":1,"value":29.430182}, {"key":"o9S8k","version":1,"value":26.860983}, {"totalMessagesWritten":6,"totalMessagesProcessed":7,"totalRedisUpdates":7,"totalValueWritten":127.676674,"totalAdded":63.0}, {"key":"9sIiS","version":1,"value":29.322441}, {"key":"SvPds","version":0,"value":13.840494}, {"key":"IBKcQ","version":1,"value":11.683129}, {"totalMessagesWritten":9,"totalMessagesProcessed":11,"totalRedisUpdates":11,"totalValueWritten":182.52275,"totalAdded":94.5}, {"key":"dgIRS","version":2,"value":15.129311}, {"key":"xVwIu","version":0,"value":29.93775}, {"key":"csCDd","version":1,"value":10.918834}, {"key":"hI9Tp","version":2,"value":14.7595825}, {"key":"9ifFA","version":2,"value":20.195068}, {"key":"4wlYp","version":1,"value":24.056492}, {"key":"EcSbI","version":0,"value":25.633116}, {"key":"MPxYE","version":2,"value":29.75416}, {"key":"Fk0Q4","version":1,"value":14.010563}, {"key":"mYToT","version":1,"value":28.92961}, {"key":"9F5gR","version":0,"value":29.285328}, {"key":"I56KE","version":1,"value":26.612995}, {"key":"DhS8B","version":2,"value":17.986773}, {"key":"xVwIu","version":1,"value":23.721798}, {"key":"9sIiS","version":0,"value":0.10307312}, {"key":"EcSbI","version":1,"value":17.2794}, {"key":"XlUDe","version":0,"value":18.16686}, {"key":"Qo6uO","version":0,"value":23.50248}, {"totalMessagesWritten":27,"totalMessagesProcessed":30,"totalRedisUpdates":29,"totalValueWritten":552.506,"totalAdded":273.0}]
03:00:07.978 INFO  u.a.e.a.c.AcpCw2ApplicationTests - ===============================PASSED===================================
]]></system-out>
  </testcase>
  <testcase name="testTransformBulk" classname="uk.ac.ed.acp.cw2.AcpCw2ApplicationTests" time="281.874">
    <system-out><![CDATA[03:00:07.995 INFO  u.a.e.a.c.AcpCw2ApplicationTests - --------------STARTING TRANSFORM BULK TEST----------------
03:00:07.995 INFO  u.a.e.a.c.AcpCw2ApplicationTests - --------------STARTING TRANSFORM TEST----------------
03:00:07.995 INFO  u.a.e.a.c.AcpCw2ApplicationTests - Generating 500 packets
03:00:08.028 INFO  u.a.e.a.c.s.RabbitMqService - Sent 500/500 messages to TransformTestRead-91130-Q3XZJ
03:00:08.028 INFO  u.a.e.a.c.d.MessageTransformer - Transforming messages; read_queue:TransformTestRead-91130-Q3XZJ, write_queue:TransformTestWrite-14307-XpvKm, count:500
03:00:08.028 INFO  u.a.e.a.c.s.RabbitMqService - [With Validation]Reading queue TransformTestRead-91130-Q3XZJ: count=500
03:00:08.070 INFO  u.a.e.a.c.s.RabbitMqService - [With Validation]Received 500/500 messages in 42ms
03:00:08.070 INFO  u.a.e.a.c.s.RabbitMqService - returning: [{"key":"q2osv","version":2,"value":6.452787}, {"key":"PPKw7","version":2,"value":12.813964}, {"key":"3M2MH","version":0,"value":2.233808}, {"key":"PqO01","version":1,"value":8.940848}, {"key":"PPKw7","version":1,"value":5.091996}, {"key":"q2osv","version":2,"value":12.199292}, {"key":"PPKw7","TOTAL":0.0}, {"key":"uhiFw","version":2,"value":4.7488904}, {"key":"os4Lg","version":1,"value":14.235124}, {"key":"3M2MH","version":1,"value":1.4207315}, {"key":"os4Lg","TOTAL":0.0}, {"key":"uhiFw","TOTAL":0.0}, {"key":"qZCbq","version":0,"value":6.4844084}, {"key":"PqO01","version":1,"value":17.336037}, {"key":"xMEEr","version":1,"value":5.464821}, {"key":"FFaDe","version":0,"value":2.4252784}, {"key":"3M2MH","version":2,"value":16.662535}, {"key":"xMEEr","TOTAL":0.0}, {"key":"FFaDe","version":2,"value":2.4759197}, {"key":"3M2MH","version":0,"value":10.941067}, {"key":"q2osv","version":1,"value":4.3131995}, {"key":"q2osv","version":0,"value":6.792692}, {"key":"07ya6","version":0,"value":14.244558}, {"key":"FFaDe","version":0,"value":9.925252}, {"key":"FFaDe","version":1,"value":14.607062}, {"key":"3M2MH","version":0,"value":19.139683}, {"key":"FFaDe","version":1,"value":3.5829473}, {"key":"3M2MH","version":1,"value":2.6982844}, {"key":"FFaDe","version":2,"value":10.478518}, {"key":"qZCbq","version":0,"value":18.40927}, {"key":"qZCbq","version":1,"value":1.2013125}, {"key":"q2osv","version":2,"value":8.591137}, {"key":"FGJDl","version":2,"value":8.856089}, {"key":"FFaDe","version":0,"value":17.277494}, {"key":"FFaDe","version":1,"value":0.21391273}, {"key":"3DKyj","version":0,"value":19.03556}, {"key":"GIThL","version":2,"value":11.9967165}, {"key":"PqO01","TOTAL":65.724106}, {"key":"FFaDe","TOTAL":3.9126873}, {"key":"qZCbq","version":2,"value":9.114781}, {"key":"3M2MH","version":1,"value":2.4253714}, {"key":"wF3xa","version":1,"value":15.406123}, {"key":"qZCbq","version":0,"value":16.941498}, {"key":"u6dxX","version":0,"value":12.161745}, {"key":"07ya6","version":2,"value":0.0043821335}, {"key":"qZCbq","version":0,"value":3.219037}, {"key":"XPtF4","version":1,"value":18.979404}, {"key":"wF3xa","version":0,"value":9.984152}, {"key":"FGJDl","version":0,"value":12.023158}, {"key":"FGJDl","version":0,"value":13.890859}, {"key":"FGJDl","version":0,"value":7.190076}, {"key":"qZCbq","version":0,"value":19.112757}, {"key":"DGZr6","version":0,"value":16.18971}, {"key":"p53Di","version":2,"value":1.762625}, {"key":"FGJDl","TOTAL":0.0}, {"key":"VdA27","version":2,"value":6.2946854}, {"key":"u6dxX","version":2,"value":2.724688}, {"key":"DGZr6","version":1,"value":12.90064}, {"key":"VdA27","version":2,"value":18.929539}, {"key":"Sg04T","version":1,"value":12.949835}, {"key":"sRnQG","version":1,"value":15.110064}, {"key":"Dt8g7","version":1,"value":18.847855}, {"key":"XPtF4","version":0,"value":16.890364}, {"key":"GU6GX","version":0,"value":0.86304307}, {"key":"GIThL","version":1,"value":12.643585}, {"key":"I7PEv","version":1,"value":9.053965}, {"key":"AkaVn","version":1,"value":11.085964}, {"key":"Dt8g7","version":1,"value":15.167642}, {"key":"uKuF2","version":0,"value":16.823004}, {"key":"DGZr6","version":1,"value":10.315916}, {"key":"GU6GX","version":1,"value":9.628367}, {"key":"qZCbq","version":2,"value":14.091759}, {"key":"wF3xa","version":1,"value":6.2167764}, {"key":"3AEdb","version":1,"value":7.595639}, {"key":"sRnQG","version":1,"value":13.066776}, {"key":"dvylP","version":2,"value":17.542568}, {"key":"p53Di","version":2,"value":16.87506}, {"key":"I7PEv","version":2,"value":11.930108}, {"key":"q2osv","version":2,"value":12.653645}, {"key":"Dt8g7","version":2,"value":6.954558}, {"key":"3M2MH","version":1,"value":7.629281}, {"key":"dvylP","version":2,"value":19.477089}, {"key":"qZCbq","version":2,"value":5.265685}, {"key":"XPtF4","version":1,"value":7.4315405}, {"key":"GIThL","version":0,"value":1.0307646}, {"key":"u6dxX","version":0,"value":4.9356008}, {"key":"uKuF2","version":1,"value":9.102693}, {"key":"Sg04T","TOTAL":0.0}, {"key":"q2osv","version":1,"value":5.5276537}, {"key":"3AEdb","version":0,"value":1.3627994}, {"key":"AkaVn","version":1,"value":11.600697}, {"key":"Dt8g7","version":0,"value":14.380603}, {"key":"qZCbq","TOTAL":0.0}, {"key":"XPtF4","version":0,"value":7.0129347}, {"key":"sRnQG","version":2,"value":9.87722}, {"key":"GU6GX","version":1,"value":15.025604}, {"key":"K6iHB","version":1,"value":9.155151}, {"key":"DGZr6","version":1,"value":10.809507}, {"key":"GIThL","version":0,"value":7.378463}, {"key":"3M2MH","version":1,"value":12.154707}, {"key":"3AEdb","TOTAL":0.0}, {"key":"P1KQA","version":1,"value":9.727836}, {"key":"I7PEv","version":2,"value":0.68996906}, {"key":"3DKyj","version":2,"value":16.668566}, {"key":"3M2MH","version":1,"value":8.390217}, {"key":"dvylP","TOTAL":0.0}, {"key":"DGZr6","version":1,"value":2.881819}, {"key":"q2osv","version":1,"value":0.20392776}, {"key":"jpLcK","version":2,"value":16.405605}, {"key":"vpWZB","version":1,"value":6.217878}, {"key":"i5gS9","version":0,"value":4.0901947}, {"key":"Dt8g7","version":2,"value":16.57867}, {"key":"GU6GX","version":1,"value":5.696161}, {"key":"jpLcK","version":2,"value":18.880136}, {"key":"jpLcK","version":1,"value":2.277931}, {"key":"jwCXj","version":1,"value":16.404482}, {"key":"vpWZB","version":1,"value":8.614139}, {"key":"K6iHB","version":1,"value":1.9617939}, {"key":"GU6GX","version":1,"value":14.622134}, {"key":"q2osv","version":0,"value":4.962434}, {"key":"3DKyj","version":2,"value":12.817407}, {"key":"jpLcK","version":0,"value":11.156614}, {"key":"wF3xa","version":0,"value":19.874552}, {"key":"a470g","version":1,"value":15.757578}, {"key":"07ya6","version":0,"value":6.3612223}, {"key":"jpLcK","version":2,"value":7.6990747}, {"key":"sRnQG","version":2,"value":16.218485}, {"key":"i5gS9","version":0,"value":7.137622}, {"key":"p53Di","TOTAL":0.0}, {"key":"3DKyj","version":0,"value":4.994832}, {"key":"uKuF2","version":0,"value":8.5594425}, {"key":"sRnQG","TOTAL":3.7098825}, {"key":"jpLcK","version":1,"value":14.793638}, {"key":"GIThL","version":2,"value":19.51564}, {"key":"Byigd","version":0,"value":16.96019}, {"key":"jpLcK","TOTAL":27.144665}, {"key":"I7PEv","version":0,"value":19.465136}, {"key":"VdA27","version":2,"value":8.862715}, {"key":"d8i2S","version":0,"value":5.185654}, {"key":"TBVcc","version":0,"value":19.34217}, {"key":"u6dxX","version":0,"value":17.004467}, {"key":"Dt8g7","version":2,"value":7.5200295}, {"key":"d8i2S","version":0,"value":12.317618}, {"key":"oGPIq","version":2,"value":5.033449}, {"key":"RW9oX","version":0,"value":7.3897243}, {"key":"3M2MH","TOTAL":0.0}, {"key":"GZyXE","version":0,"value":5.274433}, {"key":"jwCXj","TOTAL":0.0}, {"key":"DGZr6","TOTAL":0.0}, {"key":"qlaCU","version":1,"value":17.039879}, {"key":"07ya6","TOTAL":0.0}, {"key":"18H2V","version":0,"value":6.7785273}, {"key":"3DKyj","version":2,"value":15.450672}, {"key":"3DKyj","version":2,"value":6.541892}, {"key":"wF3xa","version":1,"value":5.9839764}, {"key":"TBVcc","version":1,"value":12.577128}, {"key":"AkaVn","version":0,"value":14.309007}, {"key":"XPtF4","version":1,"value":14.421185}, {"key":"JtMw2","version":2,"value":11.404985}, {"key":"GU6GX","version":2,"value":8.617901}, {"key":"uKuF2","version":1,"value":1.2955582}, {"key":"XPtF4","version":1,"value":12.204293}, {"key":"oGPIq","version":0,"value":15.822783}, {"key":"HdOpG","version":2,"value":17.635696}, {"key":"73vwg","version":1,"value":3.2481515}, {"key":"TBVcc","version":0,"value":11.152578}, {"key":"SP2Yi","version":1,"value":2.8250706}, {"key":"wF3xa","version":0,"value":11.818298}, {"key":"i2Jll","version":0,"value":16.303007}, {"key":"i5gS9","version":2,"value":7.837622}, {"key":"K6iHB","TOTAL":0.0}, {"key":"qlaCU","version":0,"value":11.39337}, {"key":"P1KQA","version":2,"value":3.2615542}, {"key":"3DKyj","version":2,"value":5.9105263}, {"key":"HdOpG","version":0,"value":1.498698}, {"key":"Byigd","TOTAL":0.0}, {"key":"GZyXE","version":0,"value":17.228373}, {"key":"HdOpG","version":0,"value":2.6478076}, {"key":"a470g","TOTAL":80.66783}, {"key":"wF3xa","version":1,"value":12.266111}, {"key":"q2osv","version":1,"value":0.80426216}, {"key":"mXIyK","version":1,"value":3.1173015}, {"key":"GU6GX","version":1,"value":15.590182}, {"key":"18H2V","version":0,"value":3.9578342}, {"key":"7bQAO","version":2,"value":2.9268456}, {"key":"SP2Yi","version":1,"value":10.116091}, {"key":"JtMw2","version":0,"value":14.50539}, {"key":"I7PEv","version":2,"value":5.5066133}, {"key":"TBVcc","version":1,"value":19.262564}, {"key":"DgkQY","version":1,"value":19.723232}, {"key":"m6LKL","version":2,"value":5.751674}, {"key":"qoQiW","version":0,"value":6.103809}, {"key":"7bQAO","TOTAL":0.0}, {"key":"Dt8g7","version":0,"value":5.997863}, {"key":"I7PEv","version":1,"value":11.697135}, {"key":"m6LKL","version":0,"value":18.059208}, {"key":"Vd3Us","version":2,"value":15.708721}, {"key":"oGPIq","version":2,"value":0.47399402}, {"key":"I7PEv","version":2,"value":13.697985}, {"key":"RW9oX","version":0,"value":17.57183}, {"key":"Dt8g7","version":0,"value":13.116666}, {"key":"SP2Yi","version":1,"value":4.6372547}, {"key":"73vwg","version":0,"value":14.934077}, {"key":"qlaCU","version":1,"value":19.155453}, {"key":"nSo1B","version":2,"value":18.584812}, {"key":"jr5ML","version":0,"value":10.544695}, {"key":"JtMw2","version":1,"value":13.5199585}, {"key":"i2Jll","version":2,"value":10.823015}, {"key":"qNNGh","version":1,"value":10.226414}, {"key":"IBdNy","version":2,"value":6.0147333}, {"key":"wF3xa","version":2,"value":18.950062}, {"key":"pQQFH","version":0,"value":11.193013}, {"key":"SP2Yi","version":0,"value":13.773647}, {"key":"GIThL","version":0,"value":1.4162302}, {"key":"vpWZB","version":2,"value":19.932383}, {"key":"uKuF2","version":1,"value":2.0497286}, {"key":"BPxFV","version":0,"value":6.7650356}, {"key":"P1KQA","version":0,"value":7.825061}, {"key":"pQQFH","version":0,"value":2.174741}, {"key":"i5gS9","version":0,"value":2.5052655}, {"key":"GZyXE","version":0,"value":17.145788}, {"key":"SP2Yi","version":0,"value":2.2725558}, {"key":"XPtF4","version":2,"value":5.431652}, {"key":"I7PEv","version":2,"value":0.4554212}, {"key":"nSo1B","version":0,"value":10.850082}, {"key":"eU0gw","version":1,"value":2.4557567}, {"key":"xFHH2","version":1,"value":17.934128}, {"key":"eU0gw","TOTAL":0.0}, {"key":"18H2V","TOTAL":0.0}, {"key":"jr5ML","version":2,"value":13.96461}, {"key":"oGPIq","TOTAL":0.0}, {"key":"RW9oX","TOTAL":0.0}, {"key":"GU6GX","TOTAL":0.0}, {"key":"DgkQY","version":0,"value":18.265196}, {"key":"aGyF0","version":1,"value":3.3019936}, {"key":"mXIyK","version":1,"value":19.331455}, {"key":"qoQiW","version":0,"value":11.196074}, {"key":"vpWZB","version":0,"value":4.226942}, {"key":"NRZWp","version":0,"value":0.045650005}, {"key":"nSo1B","TOTAL":0.0}, {"key":"73vwg","version":2,"value":19.721025}, {"key":"g90uD","version":1,"value":14.387133}, {"key":"I7PEv","version":1,"value":11.527418}, {"key":"T33wp","version":1,"value":11.700692}, {"key":"AkaVn","version":2,"value":5.0871563}, {"key":"M3SOa","version":0,"value":2.2161627}, {"key":"JNQQa","version":2,"value":3.4143412}, {"key":"BPxFV","version":0,"value":4.9276533}, {"key":"mXIyK","version":0,"value":12.551161}, {"key":"pQQFH","version":2,"value":2.6325047}, {"key":"t4AmS","version":1,"value":16.548622}, {"key":"qoQiW","version":2,"value":14.280378}, {"key":"XPtF4","version":1,"value":14.324006}, {"key":"GZyXE","version":2,"value":11.39883}, {"key":"JNQQa","version":0,"value":17.43349}, {"key":"73vwg","version":1,"value":12.047177}, {"key":"M3SOa","version":1,"value":5.973302}, {"key":"q2osv","version":1,"value":12.232066}, {"key":"d8i2S","TOTAL":0.0}, {"key":"qoQiW","version":0,"value":10.02503}, {"key":"FYhom","version":2,"value":19.626364}, {"key":"3DKyj","version":1,"value":5.8210874}, {"key":"8CDQw","version":0,"value":6.316599}, {"key":"k3tSg","version":1,"value":14.123226}, {"key":"pQQFH","version":0,"value":1.0899246}, {"key":"xFHH2","version":0,"value":14.702748}, {"key":"yrysp","version":0,"value":13.608414}, {"key":"F0XJu","version":1,"value":10.583056}, {"key":"0PoZB","version":2,"value":3.0337965}, {"key":"mXIyK","TOTAL":0.0}, {"key":"qlaCU","version":2,"value":6.4536467}, {"key":"nQTya","version":0,"value":0.503422}, {"key":"q2osv","version":1,"value":17.860651}, {"key":"vpWZB","version":2,"value":6.9318094}, {"key":"AkaVn","TOTAL":0.0}, {"key":"9ULEe","version":2,"value":10.7963}, {"key":"t4AmS","version":1,"value":16.596329}, {"key":"8CDQw","version":2,"value":7.7901974}, {"key":"FYhom","version":0,"value":11.418749}, {"key":"3DKyj","version":0,"value":8.669266}, {"key":"vpWZB","version":1,"value":5.9432993}, {"key":"SP2Yi","version":0,"value":11.921169}, {"key":"i5gS9","version":0,"value":5.8882165}, {"key":"ggl3x","version":2,"value":7.3813972}, {"key":"FYhom","version":2,"value":4.5186377}, {"key":"u6dxX","TOTAL":9.57827}, {"key":"k3tSg","version":1,"value":0.013540983}, {"key":"ngne2","version":2,"value":18.232716}, {"key":"JNQQa","version":0,"value":13.081623}, {"key":"AaA3a","version":1,"value":1.4477575}, {"key":"BPxFV","version":2,"value":1.4124358}, {"key":"P1KQA","version":2,"value":2.863375}, {"key":"pbppT","version":1,"value":19.668953}, {"key":"JNQQa","version":1,"value":12.603424}, {"key":"FahLI","version":2,"value":12.547864}, {"key":"XPtF4","version":0,"value":1.9143116}, {"key":"qlaCU","version":2,"value":10.511947}, {"key":"0PoZB","version":2,"value":15.103889}, {"key":"F0XJu","version":2,"value":14.460702}, {"key":"qNNGh","version":0,"value":13.1959305}, {"key":"q2osv","version":1,"value":12.221757}, {"key":"D9vr0","version":1,"value":18.612064}, {"key":"qNNGh","version":2,"value":15.319257}, {"key":"pHi5K","version":1,"value":12.917165}, {"key":"F0XJu","version":2,"value":12.210088}, {"key":"YueN5","version":1,"value":12.985014}, {"key":"i5gS9","version":1,"value":17.044933}, {"key":"Dt8g7","version":0,"value":13.220392}, {"key":"ggl3x","version":0,"value":12.37999}, {"key":"SP2Yi","version":0,"value":7.2713184}, {"key":"pHi5K","version":1,"value":16.42448}, {"key":"DgkQY","version":2,"value":13.587921}, {"key":"IBdNy","TOTAL":0.0}, {"key":"xFHH2","TOTAL":0.0}, {"key":"JNQQa","version":2,"value":4.050715}, {"key":"yrysp","version":0,"value":3.765211}, {"key":"3DKyj","version":1,"value":19.72966}, {"key":"k3tSg","version":2,"value":16.673172}, {"key":"aGyF0","version":0,"value":9.589314}, {"key":"EqNnn","version":0,"value":6.117777}, {"key":"9ULEe","version":0,"value":9.398506}, {"key":"GIThL","version":0,"value":5.860946}, {"key":"BPxFV","version":2,"value":19.398735}, {"key":"yrysp","version":2,"value":19.972612}, {"key":"D9vr0","version":2,"value":11.8045}, {"key":"XPtF4","version":2,"value":0.14472246}, {"key":"AaA3a","version":2,"value":8.143988}, {"key":"FYhom","version":1,"value":8.661144}, {"key":"7GZLW","version":0,"value":7.822074}, {"key":"pQQFH","version":2,"value":3.1334567}, {"key":"I7PEv","version":2,"value":13.61524}, {"key":"q2osv","version":2,"value":15.136223}, {"key":"Dt8g7","TOTAL":56.31931}, {"key":"iKHki","version":0,"value":6.160303}, {"key":"pvYHH","version":1,"value":8.051391}, {"key":"0PoZB","version":1,"value":18.432457}, {"key":"831w0","version":2,"value":3.9497173}, {"key":"pvYHH","version":0,"value":4.8017015}, {"key":"oljmb","version":1,"value":6.8291187}, {"key":"AaA3a","version":0,"value":5.263157}, {"key":"YueN5","version":0,"value":15.499485}, {"key":"AF69R","version":2,"value":0.68002224}, {"key":"pvYHH","version":0,"value":15.475964}, {"key":"pHi5K","version":1,"value":1.3818872}, {"key":"qoQiW","version":1,"value":0.61206937}, {"key":"pRIjE","version":0,"value":2.3908544}, {"key":"SxlxO","version":1,"value":8.101929}, {"key":"i2Jll","TOTAL":0.0}, {"key":"wy9CJ","version":0,"value":11.3418865}, {"key":"XPtF4","version":2,"value":12.097468}, {"key":"3DKyj","version":0,"value":19.749504}, {"key":"dunNH","version":0,"value":13.050766}, {"key":"j39NA","version":1,"value":2.7893317}, {"key":"mEZoq","version":1,"value":1.2164056}, {"key":"EqNnn","TOTAL":0.0}, {"key":"AF69R","version":2,"value":4.1033735}, {"key":"SfiIu","version":0,"value":5.762222}, {"key":"DgkQY","version":1,"value":19.61907}, {"key":"NRZWp","version":1,"value":16.08494}, {"key":"vpWZB","version":2,"value":14.864588}, {"key":"vpWZB","version":2,"value":16.85717}, {"key":"8CDQw","version":1,"value":8.267092}, {"key":"Vd3Us","TOTAL":0.0}, {"key":"pHi5K","version":1,"value":15.448123}, {"key":"GqbbY","version":1,"value":16.879988}, {"key":"F0XJu","version":1,"value":4.290297}, {"key":"FahLI","TOTAL":0.0}, {"key":"P1KQA","version":0,"value":16.721676}, {"key":"GZyXE","version":2,"value":10.013228}, {"key":"EbMDt","version":0,"value":1.6547537}, {"key":"FYhom","version":2,"value":13.286458}, {"key":"ngne2","version":0,"value":14.075203}, {"key":"dunNH","version":2,"value":15.91194}, {"key":"wF3xa","version":0,"value":10.045823}, {"key":"qlaCU","version":2,"value":17.541193}, {"key":"TBVcc","TOTAL":0.0}, {"key":"wy9CJ","version":2,"value":1.887399}, {"key":"SfiIu","version":2,"value":19.88302}, {"key":"g90uD","TOTAL":0.0}, {"key":"SxlxO","version":0,"value":1.8550897}, {"key":"uKuF2","version":0,"value":10.729498}, {"key":"7GZLW","version":1,"value":12.7149315}, {"key":"IjO2J","version":2,"value":13.124265}, {"key":"iKHki","version":2,"value":15.411343}, {"key":"pvYHH","version":0,"value":5.969677}, {"key":"pHi5K","TOTAL":68.507385}, {"key":"vpWZB","version":1,"value":11.100732}, {"key":"M3SOa","version":1,"value":19.235285}, {"key":"oljmb","version":1,"value":3.9642656}, {"key":"WCFFG","version":0,"value":11.8757515}, {"key":"YueN5","version":0,"value":3.5089898}, {"key":"JNQQa","version":2,"value":0.3480792}, {"key":"DgkQY","version":0,"value":5.3142204}, {"key":"D9vr0","version":2,"value":3.5387707}, {"key":"JtMw2","version":2,"value":9.929633}, {"key":"ggl3x","version":1,"value":16.932045}, {"key":"M3SOa","version":0,"value":1.9918871}, {"key":"v6amD","version":0,"value":10.367599}, {"key":"oljmb","version":2,"value":14.592491}, {"key":"pQQFH","version":2,"value":19.738417}, {"key":"e6Sw2","version":1,"value":4.048288}, {"key":"qlaCU","TOTAL":0.0}, {"key":"3DKyj","version":0,"value":16.9577}, {"key":"wy9CJ","version":2,"value":2.576536}, {"key":"pbppT","TOTAL":94.47717}, {"key":"v6amD","version":1,"value":17.994545}, {"key":"SfiIu","version":2,"value":18.702377}, {"key":"dEE3f","version":0,"value":5.9044075}, {"key":"vpWZB","version":1,"value":19.143282}, {"key":"bcDKd","version":2,"value":18.870037}, {"key":"SrvGQ","version":1,"value":7.323762}, {"key":"ngne2","TOTAL":0.0}, {"key":"SP2Yi","version":2,"value":19.764893}, {"key":"nQTya","TOTAL":0.0}, {"key":"HH4DN","version":0,"value":5.207758}, {"key":"q2osv","TOTAL":0.0}, {"key":"wF3xa","version":1,"value":17.526438}, {"key":"SxlxO","version":0,"value":8.26413}, {"key":"WCFFG","version":0,"value":11.3008585}, {"key":"12S3l","version":1,"value":12.771055}, {"key":"i5gS9","version":2,"value":7.784313}, {"key":"OGtSU","version":0,"value":1.1727202}, {"key":"P1KQA","version":0,"value":5.879675}, {"key":"P1KQA","TOTAL":0.0}, {"key":"T33wp","TOTAL":0.0}, {"key":"vpWZB","version":2,"value":5.4138327}, {"key":"IrMcn","version":0,"value":18.148993}, {"key":"HH4DN","version":2,"value":7.273786}, {"key":"TMXPd","version":0,"value":7.2974205}, {"key":"dEE3f","version":0,"value":4.428686}, {"key":"GZyXE","version":0,"value":5.933076}, {"key":"AF69R","version":1,"value":6.8497124}, {"key":"YD3wR","version":0,"value":8.210402}, {"key":"1RAuM","version":2,"value":14.434229}, {"key":"DgkQY","TOTAL":0.0}, {"key":"vpWZB","TOTAL":0.0}, {"key":"np6eL","version":2,"value":10.859395}, {"key":"FYhom","version":0,"value":6.9486475}, {"key":"F0XJu","version":1,"value":3.2838714}, {"key":"JNQQa","version":2,"value":13.457051}, {"key":"e6Sw2","version":0,"value":2.3600173}, {"key":"evwLT","version":2,"value":19.82866}, {"key":"uKuF2","version":2,"value":18.243692}, {"key":"SrvGQ","version":1,"value":7.102926}, {"key":"Cw5SG","version":1,"value":4.1247187}, {"key":"WTcmf","version":0,"value":9.806906}, {"key":"AF69R","version":0,"value":19.774982}, {"key":"ggl3x","version":0,"value":6.650008}, {"key":"bcDKd","version":0,"value":12.13025}, {"key":"pvYHH","version":0,"value":15.48905}, {"key":"0qDAj","version":2,"value":8.298149}, {"key":"3DKyj","TOTAL":57.756382}, {"key":"1wTG6","version":1,"value":12.08}, {"key":"ggl3x","version":1,"value":12.897123}, {"key":"SxlxO","TOTAL":0.0}, {"key":"iiH3q","version":1,"value":9.475119}, {"key":"HtyED","version":2,"value":14.011874}, {"key":"SfiIu","version":2,"value":5.250169}, {"key":"7GZLW","version":0,"value":9.437197}, {"key":"iiH3q","version":2,"value":3.6679125}, {"key":"kfskg","version":0,"value":7.7851715}, {"key":"IjO2J","version":2,"value":5.7395134}, {"key":"qoQiW","version":2,"value":19.764725}, {"key":"1RAuM","TOTAL":0.0}, {"key":"7GZLW","version":1,"value":14.493536}, {"key":"IrMcn","version":0,"value":7.111411}, {"key":"M3SOa","version":2,"value":11.01642}, {"key":"GT1Ly","version":0,"value":0.19667864}, {"key":"D9vr0","version":1,"value":1.9843924}, {"key":"mEZoq","version":1,"value":13.860634}, {"key":"yrysp","version":2,"value":11.23114}, {"key":"qoQiW","version":2,"value":4.8831463}, {"key":"qNNGh","version":2,"value":3.8797855}, {"key":"uKuF2","version":2,"value":12.885052}, {"key":"EbMDt","version":0,"value":5.7214284}, {"key":"SYMrp","version":0,"value":1.8810892}, {"key":"TMXPd","version":2,"value":19.57926}, {"key":"iKHki","version":2,"value":4.5905743}, {"key":"pKOGB","version":0,"value":5.371331}, {"key":"kvbgf","version":2,"value":0.8420062}, {"key":"VdA27","version":2,"value":17.302904}, {"key":"D9vr0","version":1,"value":12.595401}, {"key":"mEZoq","version":1,"value":18.005775}, {"key":"evwLT","version":0,"value":8.394805}, {"key":"GZyXE","version":0,"value":16.57923}, {"key":"VVVwf","version":2,"value":10.076298}, {"key":"SfiIu","version":0,"value":1.5859258}, {"key":"k3tSg","version":1,"value":12.1704855}, {"key":"8u9GQ","version":2,"value":10.070633}, {"key":"I7PEv","TOTAL":0.0}, {"key":"TjMgN","version":2,"value":18.429195}, {"key":"YueN5","version":2,"value":13.019798}, {"key":"JNQQa","version":2,"value":0.8084023}, {"key":"GZyXE","TOTAL":0.0}, {"key":"np6eL","version":2,"value":17.560932}, {"key":"HH4DN","version":0,"value":4.8428917}, {"key":"12S3l","version":2,"value":16.795778}, {"key":"Ab3pk","version":0,"value":12.80272}, {"key":"SfiIu","TOTAL":0.0}, {"key":"HtyED","TOTAL":0.0}]
03:00:08.086 INFO  u.a.e.a.c.d.MessageTransformer - 0% complete...
03:00:10.600 INFO  u.a.e.a.c.d.MessageTransformer - 10% complete...
03:00:13.190 INFO  u.a.e.a.c.d.MessageTransformer - 20% complete...
03:00:15.810 INFO  u.a.e.a.c.d.MessageTransformer - 30% complete...
03:00:18.396 INFO  u.a.e.a.c.d.MessageTransformer - 40% complete...
03:00:20.981 INFO  u.a.e.a.c.d.MessageTransformer - 50% complete...
03:00:23.562 INFO  u.a.e.a.c.d.MessageTransformer - 60% complete...
03:00:26.201 INFO  u.a.e.a.c.d.MessageTransformer - 70% complete...
03:00:28.799 INFO  u.a.e.a.c.d.MessageTransformer - 80% complete...
03:00:31.401 INFO  u.a.e.a.c.d.MessageTransformer - 90% complete...
03:00:33.999 INFO  u.a.e.a.c.d.MessageTransformer - 100% complete. Tranformed 500 messages
03:00:33.999 INFO  u.a.e.a.c.s.RabbitMqService - Reading queue TransformTestWrite-14307-XpvKm: count=500
03:00:34.065 INFO  u.a.e.a.c.s.RabbitMqService - Received 500/500 messages in 66ms
03:00:34.065 INFO  u.a.e.a.c.s.RabbitMqService - returning: [{"key":"q2osv","version":2,"value":16.952787}, {"key":"PPKw7","version":2,"value":23.313965}, {"key":"3M2MH","version":0,"value":12.7338085}, {"key":"PqO01","version":1,"value":19.44085}, {"key":"PPKw7","version":1,"value":5.091996}, {"key":"q2osv","version":2,"value":12.199292}, {"totalMessagesWritten":6,"totalMessagesProcessed":7,"totalRedisUpdates":5,"totalValueWritten":89.732704,"totalAdded":42.0}, {"key":"uhiFw","version":2,"value":15.24889}, {"key":"os4Lg","version":1,"value":24.735123}, {"key":"3M2MH","version":1,"value":11.920732}, {"totalMessagesWritten":9,"totalMessagesProcessed":11,"totalRedisUpdates":9,"totalValueWritten":141.63745,"totalAdded":73.5}, {"totalMessagesWritten":9,"totalMessagesProcessed":12,"totalRedisUpdates":10,"totalValueWritten":141.63745,"totalAdded":73.5}, {"key":"qZCbq","version":0,"value":16.98441}, {"key":"PqO01","version":1,"value":17.336037}, {"key":"xMEEr","version":1,"value":15.964821}, {"key":"FFaDe","version":0,"value":12.925279}, {"key":"3M2MH","version":2,"value":27.162535}, {"totalMessagesWritten":14,"totalMessagesProcessed":18,"totalRedisUpdates":15,"totalValueWritten":232.01051,"totalAdded":115.5}, {"key":"FFaDe","version":2,"value":12.97592}, {"key":"3M2MH","version":0,"value":10.941067}, {"key":"q2osv","version":1,"value":4.3131995}, {"key":"q2osv","version":0,"value":6.792692}, {"key":"07ya6","version":0,"value":24.744558}, {"key":"FFaDe","version":0,"value":9.925252}, {"key":"FFaDe","version":1,"value":14.607062}, {"key":"3M2MH","version":0,"value":19.139683}, {"key":"FFaDe","version":1,"value":3.5829473}, {"key":"3M2MH","version":1,"value":2.6982844}, {"key":"FFaDe","version":2,"value":10.478518}, {"key":"qZCbq","version":0,"value":18.40927}, {"key":"qZCbq","version":1,"value":11.701313}, {"key":"q2osv","version":2,"value":8.591137}, {"key":"FGJDl","version":2,"value":19.356089}, {"key":"FFaDe","version":0,"value":17.277494}, {"key":"FFaDe","version":1,"value":0.21391273}, {"key":"3DKyj","version":0,"value":29.53556}, {"key":"GIThL","version":2,"value":22.496716}, {"totalMessagesWritten":33,"totalMessagesProcessed":38,"totalRedisUpdates":22,"totalValueWritten":545.51526,"totalAdded":178.5}, {"totalMessagesWritten":33,"totalMessagesProcessed":39,"totalRedisUpdates":23,"totalValueWritten":549.4279,"totalAdded":178.5}, {"key":"qZCbq","version":2,"value":19.61478}, {"key":"3M2MH","version":1,"value":2.4253714}, {"key":"wF3xa","version":1,"value":25.906124}, {"key":"qZCbq","version":0,"value":16.941498}, {"key":"u6dxX","version":0,"value":22.661745}, {"key":"07ya6","version":2,"value":10.504382}, {"key":"qZCbq","version":0,"value":3.219037}, {"key":"XPtF4","version":1,"value":29.479404}, {"key":"wF3xa","version":0,"value":9.984152}, {"key":"FGJDl","version":0,"value":12.023158}, {"key":"FGJDl","version":0,"value":13.890859}, {"key":"FGJDl","version":0,"value":7.190076}, {"key":"qZCbq","version":0,"value":19.112757}, {"key":"DGZr6","version":0,"value":26.68971}, {"key":"p53Di","version":2,"value":12.262625}, {"totalMessagesWritten":48,"totalMessagesProcessed":55,"totalRedisUpdates":31,"totalValueWritten":781.33356,"totalAdded":252.0}, {"key":"VdA27","version":2,"value":16.794685}, {"key":"u6dxX","version":2,"value":13.224688}, {"key":"DGZr6","version":1,"value":23.400639}, {"key":"VdA27","version":2,"value":18.929539}, {"key":"Sg04T","version":1,"value":23.449835}, {"key":"sRnQG","version":1,"value":25.610064}, {"key":"Dt8g7","version":1,"value":29.347855}, {"key":"XPtF4","version":0,"value":16.890364}, {"key":"GU6GX","version":0,"value":11.363043}, {"key":"GIThL","version":1,"value":12.643585}, {"key":"I7PEv","version":1,"value":19.553965}, {"key":"AkaVn","version":1,"value":21.585964}, {"key":"Dt8g7","version":1,"value":15.167642}, {"key":"uKuF2","version":0,"value":27.323004}, {"key":"DGZr6","version":1,"value":10.315916}, {"key":"GU6GX","version":1,"value":20.128368}, {"key":"qZCbq","version":2,"value":14.091759}, {"key":"wF3xa","version":1,"value":6.2167764}, {"key":"3AEdb","version":1,"value":18.095638}, {"key":"sRnQG","version":1,"value":13.066776}, {"key":"dvylP","version":2,"value":28.042568}, {"key":"p53Di","version":2,"value":16.87506}, {"key":"I7PEv","version":2,"value":22.430107}, {"key":"q2osv","version":2,"value":12.653645}, {"key":"Dt8g7","version":2,"value":17.454557}, {"key":"3M2MH","version":1,"value":7.629281}, {"key":"dvylP","version":2,"value":19.477089}, {"key":"qZCbq","version":2,"value":5.265685}, {"key":"XPtF4","version":1,"value":7.4315405}, {"key":"GIThL","version":0,"value":1.0307646}, {"key":"u6dxX","version":0,"value":4.9356008}, {"key":"uKuF2","version":1,"value":19.602692}, {"totalMessagesWritten":80,"totalMessagesProcessed":88,"totalRedisUpdates":48,"totalValueWritten":1301.3619,"totalAdded":420.0}, {"key":"q2osv","version":1,"value":5.5276537}, {"key":"3AEdb","version":0,"value":1.3627994}, {"key":"AkaVn","version":1,"value":11.600697}, {"key":"Dt8g7","version":0,"value":14.380603}, {"totalMessagesWritten":84,"totalMessagesProcessed":93,"totalRedisUpdates":49,"totalValueWritten":1334.2338,"totalAdded":420.0}, {"key":"XPtF4","version":0,"value":7.0129347}, {"key":"sRnQG","version":2,"value":20.37722}, {"key":"GU6GX","version":1,"value":15.025604}, {"key":"K6iHB","version":1,"value":19.655151}, {"key":"DGZr6","version":1,"value":10.809507}, {"key":"GIThL","version":0,"value":7.378463}, {"key":"3M2MH","version":1,"value":12.154707}, {"totalMessagesWritten":91,"totalMessagesProcessed":101,"totalRedisUpdates":52,"totalValueWritten":1426.6472,"totalAdded":441.0}, {"key":"P1KQA","version":1,"value":20.227837}, {"key":"I7PEv","version":2,"value":0.68996906}, {"key":"3DKyj","version":2,"value":27.168566}, {"key":"3M2MH","version":1,"value":8.390217}, {"totalMessagesWritten":95,"totalMessagesProcessed":106,"totalRedisUpdates":55,"totalValueWritten":1483.1238,"totalAdded":462.0}, {"key":"DGZr6","version":1,"value":2.881819}, {"key":"q2osv","version":1,"value":0.20392776}, {"key":"jpLcK","version":2,"value":26.905605}, {"key":"vpWZB","version":1,"value":16.717878}, {"key":"i5gS9","version":0,"value":14.590195}, {"key":"Dt8g7","version":2,"value":16.57867}, {"key":"GU6GX","version":1,"value":5.696161}, {"key":"jpLcK","version":2,"value":18.880136}, {"key":"jpLcK","version":1,"value":2.277931}, {"key":"jwCXj","version":1,"value":26.904482}, {"key":"vpWZB","version":1,"value":8.614139}, {"key":"K6iHB","version":1,"value":1.9617939}, {"key":"GU6GX","version":1,"value":14.622134}, {"key":"q2osv","version":0,"value":4.962434}, {"key":"3DKyj","version":2,"value":12.817407}, {"key":"jpLcK","version":0,"value":11.156614}, {"key":"wF3xa","version":0,"value":19.874552}, {"key":"a470g","version":1,"value":26.257578}, {"key":"07ya6","version":0,"value":6.3612223}, {"key":"jpLcK","version":2,"value":7.6990747}, {"key":"sRnQG","version":2,"value":16.218485}, {"key":"i5gS9","version":0,"value":7.137622}, {"totalMessagesWritten":117,"totalMessagesProcessed":129,"totalRedisUpdates":61,"totalValueWritten":1752.4437,"totalAdded":514.5}, {"key":"3DKyj","version":0,"value":4.994832}, {"key":"uKuF2","version":0,"value":8.5594425}, {"totalMessagesWritten":119,"totalMessagesProcessed":132,"totalRedisUpdates":62,"totalValueWritten":1769.7079,"totalAdded":514.5}, {"key":"jpLcK","version":1,"value":14.793638}, {"key":"GIThL","version":2,"value":19.51564}, {"key":"Byigd","version":0,"value":27.46019}, {"totalMessagesWritten":122,"totalMessagesProcessed":136,"totalRedisUpdates":64,"totalValueWritten":1858.622,"totalAdded":525.0}, {"key":"I7PEv","version":0,"value":19.465136}, {"key":"VdA27","version":2,"value":8.862715}, {"key":"d8i2S","version":0,"value":15.685654}, {"key":"TBVcc","version":0,"value":29.84217}, {"key":"u6dxX","version":0,"value":17.004467}, {"key":"Dt8g7","version":2,"value":7.5200295}, {"key":"d8i2S","version":0,"value":12.317618}, {"key":"oGPIq","version":2,"value":15.533449}, {"key":"RW9oX","version":0,"value":17.889725}, {"totalMessagesWritten":131,"totalMessagesProcessed":146,"totalRedisUpdates":69,"totalValueWritten":2002.7429,"totalAdded":567.0}, {"key":"GZyXE","version":0,"value":15.774433}, {"totalMessagesWritten":132,"totalMessagesProcessed":148,"totalRedisUpdates":71,"totalValueWritten":2018.5173,"totalAdded":577.5}, {"totalMessagesWritten":132,"totalMessagesProcessed":149,"totalRedisUpdates":72,"totalValueWritten":2018.5173,"totalAdded":577.5}, {"key":"qlaCU","version":1,"value":27.539879}, {"totalMessagesWritten":133,"totalMessagesProcessed":151,"totalRedisUpdates":74,"totalValueWritten":2046.0573,"totalAdded":588.0}, {"key":"18H2V","version":0,"value":17.278526}, {"key":"3DKyj","version":2,"value":15.450672}, {"key":"3DKyj","version":2,"value":6.541892}, {"key":"wF3xa","version":1,"value":5.9839764}, {"key":"TBVcc","version":1,"value":23.07713}, {"key":"AkaVn","version":0,"value":14.309007}, {"key":"XPtF4","version":1,"value":14.421185}, {"key":"JtMw2","version":2,"value":21.904985}, {"key":"GU6GX","version":2,"value":19.1179}, {"key":"uKuF2","version":1,"value":1.2955582}, {"key":"XPtF4","version":1,"value":12.204293}, {"key":"oGPIq","version":0,"value":15.822783}, {"key":"HdOpG","version":2,"value":28.135696}, {"key":"73vwg","version":1,"value":13.748152}, {"key":"TBVcc","version":0,"value":11.152578}, {"key":"SP2Yi","version":1,"value":13.32507}, {"key":"wF3xa","version":0,"value":11.818298}, {"key":"i2Jll","version":0,"value":26.803007}, {"key":"i5gS9","version":2,"value":18.337622}, {"totalMessagesWritten":152,"totalMessagesProcessed":171,"totalRedisUpdates":84,"totalValueWritten":2336.7856,"totalAdded":682.5}, {"key":"qlaCU","version":0,"value":11.39337}, {"key":"P1KQA","version":2,"value":13.761555}, {"key":"3DKyj","version":2,"value":5.9105263}, {"key":"HdOpG","version":0,"value":1.498698}, {"totalMessagesWritten":156,"totalMessagesProcessed":176,"totalRedisUpdates":86,"totalValueWritten":2369.3499,"totalAdded":693.0}, {"key":"GZyXE","version":0,"value":17.228373}, {"key":"HdOpG","version":0,"value":2.6478076}, {"totalMessagesWritten":158,"totalMessagesProcessed":179,"totalRedisUpdates":87,"totalValueWritten":2469.8936,"totalAdded":693.0}, {"key":"wF3xa","version":1,"value":12.266111}, {"key":"q2osv","version":1,"value":0.80426216}, {"key":"mXIyK","version":1,"value":13.617302}, {"key":"GU6GX","version":1,"value":15.590182}, {"key":"18H2V","version":0,"value":3.9578342}, {"key":"7bQAO","version":2,"value":13.426846}, {"key":"SP2Yi","version":1,"value":10.116091}, {"key":"JtMw2","version":0,"value":14.50539}, {"key":"I7PEv","version":2,"value":5.5066133}, {"key":"TBVcc","version":1,"value":19.262564}, {"key":"DgkQY","version":1,"value":30.223232}, {"key":"m6LKL","version":2,"value":16.251675}, {"key":"qoQiW","version":0,"value":16.60381}, {"totalMessagesWritten":171,"totalMessagesProcessed":193,"totalRedisUpdates":93,"totalValueWritten":2642.025,"totalAdded":745.5}, {"key":"Dt8g7","version":0,"value":5.997863}, {"key":"I7PEv","version":1,"value":11.697135}, {"key":"m6LKL","version":0,"value":18.059208}, {"key":"Vd3Us","version":2,"value":26.208721}, {"key":"oGPIq","version":2,"value":0.47399402}, {"key":"I7PEv","version":2,"value":13.697985}, {"key":"RW9oX","version":0,"value":17.57183}, {"key":"Dt8g7","version":0,"value":13.116666}, {"key":"SP2Yi","version":1,"value":4.6372547}, {"key":"73vwg","version":0,"value":14.934077}, {"key":"qlaCU","version":1,"value":19.155453}, {"key":"nSo1B","version":2,"value":29.084812}, {"key":"jr5ML","version":0,"value":21.044695}, {"key":"JtMw2","version":1,"value":13.5199585}, {"key":"i2Jll","version":2,"value":21.323015}, {"key":"qNNGh","version":1,"value":20.726414}, {"key":"IBdNy","version":2,"value":16.514732}, {"key":"wF3xa","version":2,"value":29.450062}, {"key":"pQQFH","version":0,"value":21.693012}, {"key":"SP2Yi","version":0,"value":13.773647}, {"key":"GIThL","version":0,"value":1.4162302}, {"key":"vpWZB","version":2,"value":30.432383}, {"key":"uKuF2","version":1,"value":2.0497286}, {"key":"BPxFV","version":0,"value":17.265036}, {"key":"P1KQA","version":0,"value":7.825061}, {"key":"pQQFH","version":0,"value":2.174741}, {"key":"i5gS9","version":0,"value":2.5052655}, {"key":"GZyXE","version":0,"value":17.145788}, {"key":"SP2Yi","version":0,"value":2.2725558}, {"key":"XPtF4","version":2,"value":15.931652}, {"key":"I7PEv","version":2,"value":0.4554212}, {"key":"nSo1B","version":0,"value":10.850082}, {"key":"eU0gw","version":1,"value":12.955757}, {"key":"xFHH2","version":1,"value":28.434128}, {"totalMessagesWritten":205,"totalMessagesProcessed":228,"totalRedisUpdates":107,"totalValueWritten":3126.419,"totalAdded":882.0}, {"totalMessagesWritten":205,"totalMessagesProcessed":229,"totalRedisUpdates":108,"totalValueWritten":3126.419,"totalAdded":882.0}, {"key":"jr5ML","version":2,"value":24.464611}, {"totalMessagesWritten":206,"totalMessagesProcessed":231,"totalRedisUpdates":110,"totalValueWritten":3150.8835,"totalAdded":892.5}, {"totalMessagesWritten":206,"totalMessagesProcessed":232,"totalRedisUpdates":111,"totalValueWritten":3150.8835,"totalAdded":892.5}, {"totalMessagesWritten":206,"totalMessagesProcessed":233,"totalRedisUpdates":112,"totalValueWritten":3150.8835,"totalAdded":892.5}, {"key":"DgkQY","version":0,"value":18.265196}, {"key":"aGyF0","version":1,"value":13.801993}, {"key":"mXIyK","version":1,"value":19.331455}, {"key":"qoQiW","version":0,"value":11.196074}, {"key":"vpWZB","version":0,"value":4.226942}, {"key":"NRZWp","version":0,"value":10.5456505}, {"totalMessagesWritten":212,"totalMessagesProcessed":240,"totalRedisUpdates":115,"totalValueWritten":3228.251,"totalAdded":913.5}, {"key":"73vwg","version":2,"value":30.221025}, {"key":"g90uD","version":1,"value":24.887133}, {"key":"I7PEv","version":1,"value":11.527418}, {"key":"T33wp","version":1,"value":22.200691}, {"key":"AkaVn","version":2,"value":15.587156}, {"key":"M3SOa","version":0,"value":12.716163}, {"key":"JNQQa","version":2,"value":13.914341}, {"key":"BPxFV","version":0,"value":4.9276533}, {"key":"mXIyK","version":0,"value":12.551161}, {"key":"pQQFH","version":2,"value":13.132504}, {"key":"t4AmS","version":1,"value":27.048622}, {"key":"qoQiW","version":2,"value":24.780378}, {"key":"XPtF4","version":1,"value":14.324006}, {"key":"GZyXE","version":2,"value":21.89883}, {"key":"JNQQa","version":0,"value":17.43349}, {"key":"73vwg","version":1,"value":12.047177}, {"key":"M3SOa","version":1,"value":16.4733}, {"key":"q2osv","version":1,"value":12.232066}, {"totalMessagesWritten":230,"totalMessagesProcessed":259,"totalRedisUpdates":127,"totalValueWritten":3536.1543,"totalAdded":1029.0}, {"key":"qoQiW","version":0,"value":10.02503}, {"key":"FYhom","version":2,"value":30.126364}, {"key":"3DKyj","version":1,"value":5.8210874}, {"key":"8CDQw","version":0,"value":16.816599}, {"key":"k3tSg","version":1,"value":24.623226}, {"key":"pQQFH","version":0,"value":1.0899246}, {"key":"xFHH2","version":0,"value":14.702748}, {"key":"yrysp","version":0,"value":24.108414}, {"key":"F0XJu","version":1,"value":21.083057}, {"key":"0PoZB","version":2,"value":13.533796}, {"totalMessagesWritten":240,"totalMessagesProcessed":270,"totalRedisUpdates":134,"totalValueWritten":3698.0845,"totalAdded":1092.0}, {"key":"qlaCU","version":2,"value":16.953648}, {"key":"nQTya","version":0,"value":11.003422}, {"key":"q2osv","version":1,"value":17.860651}, {"key":"vpWZB","version":2,"value":6.9318094}, {"totalMessagesWritten":244,"totalMessagesProcessed":275,"totalRedisUpdates":137,"totalValueWritten":3750.834,"totalAdded":1113.0}, {"key":"9ULEe","version":2,"value":21.296299}, {"key":"t4AmS","version":1,"value":16.596329}, {"key":"8CDQw","version":2,"value":18.290197}, {"key":"FYhom","version":0,"value":11.418749}, {"key":"3DKyj","version":0,"value":8.669266}, {"key":"vpWZB","version":1,"value":5.9432993}, {"key":"SP2Yi","version":0,"value":11.921169}, {"key":"i5gS9","version":0,"value":5.8882165}, {"key":"ggl3x","version":2,"value":17.881397}, {"key":"FYhom","version":2,"value":4.5186377}, {"totalMessagesWritten":254,"totalMessagesProcessed":286,"totalRedisUpdates":141,"totalValueWritten":3882.836,"totalAdded":1144.5}, {"key":"k3tSg","version":1,"value":0.013540983}, {"key":"ngne2","version":2,"value":28.732716}, {"key":"JNQQa","version":0,"value":13.081623}, {"key":"AaA3a","version":1,"value":11.947758}, {"key":"BPxFV","version":2,"value":11.912436}, {"key":"P1KQA","version":2,"value":2.863375}, {"key":"pbppT","version":1,"value":30.168953}, {"key":"JNQQa","version":1,"value":12.603424}, {"key":"FahLI","version":2,"value":23.047863}, {"key":"XPtF4","version":0,"value":1.9143116}, {"key":"qlaCU","version":2,"value":10.511947}, {"key":"0PoZB","version":2,"value":15.103889}, {"key":"F0XJu","version":2,"value":24.960701}, {"key":"qNNGh","version":0,"value":13.1959305}, {"key":"q2osv","version":1,"value":12.221757}, {"key":"D9vr0","version":1,"value":29.112064}, {"key":"qNNGh","version":2,"value":25.819256}, {"key":"pHi5K","version":1,"value":23.417164}, {"key":"F0XJu","version":2,"value":12.210088}, {"key":"YueN5","version":1,"value":23.485014}, {"key":"i5gS9","version":1,"value":17.044933}, {"key":"Dt8g7","version":0,"value":13.220392}, {"key":"ggl3x","version":0,"value":12.37999}, {"key":"SP2Yi","version":0,"value":7.2713184}, {"key":"pHi5K","version":1,"value":16.42448}, {"key":"DgkQY","version":2,"value":24.087921}, {"totalMessagesWritten":280,"totalMessagesProcessed":313,"totalRedisUpdates":153,"totalValueWritten":4299.588,"totalAdded":1260.0}, {"totalMessagesWritten":280,"totalMessagesProcessed":314,"totalRedisUpdates":154,"totalValueWritten":4299.588,"totalAdded":1260.0}, {"key":"JNQQa","version":2,"value":4.050715}, {"key":"yrysp","version":0,"value":3.765211}, {"key":"3DKyj","version":1,"value":19.72966}, {"key":"k3tSg","version":2,"value":27.173172}, {"key":"aGyF0","version":0,"value":9.589314}, {"key":"EqNnn","version":0,"value":16.617777}, {"key":"9ULEe","version":0,"value":9.398506}, {"key":"GIThL","version":0,"value":5.860946}, {"key":"BPxFV","version":2,"value":19.398735}, {"key":"yrysp","version":2,"value":30.472612}, {"key":"D9vr0","version":2,"value":22.3045}, {"key":"XPtF4","version":2,"value":0.14472246}, {"key":"AaA3a","version":2,"value":18.643988}, {"key":"FYhom","version":1,"value":8.661144}, {"key":"7GZLW","version":0,"value":18.322075}, {"key":"pQQFH","version":2,"value":3.1334567}, {"key":"I7PEv","version":2,"value":13.61524}, {"key":"q2osv","version":2,"value":15.136223}, {"totalMessagesWritten":298,"totalMessagesProcessed":333,"totalRedisUpdates":161,"totalValueWritten":4601.9253,"totalAdded":1323.0}, {"key":"iKHki","version":0,"value":16.660303}, {"key":"pvYHH","version":1,"value":18.551392}, {"key":"0PoZB","version":1,"value":18.432457}, {"key":"831w0","version":2,"value":14.4497175}, {"key":"pvYHH","version":0,"value":4.8017015}, {"key":"oljmb","version":1,"value":17.329119}, {"key":"AaA3a","version":0,"value":5.263157}, {"key":"YueN5","version":0,"value":15.499485}, {"key":"AF69R","version":2,"value":11.180022}, {"key":"pvYHH","version":0,"value":15.475964}, {"key":"pHi5K","version":1,"value":1.3818872}, {"key":"qoQiW","version":1,"value":0.61206937}, {"key":"pRIjE","version":0,"value":12.890854}, {"key":"SxlxO","version":1,"value":18.601929}, {"totalMessagesWritten":312,"totalMessagesProcessed":348,"totalRedisUpdates":169,"totalValueWritten":4773.0557,"totalAdded":1396.5}, {"key":"wy9CJ","version":0,"value":21.841887}, {"key":"XPtF4","version":2,"value":12.097468}, {"key":"3DKyj","version":0,"value":19.749504}, {"key":"dunNH","version":0,"value":23.550766}, {"key":"j39NA","version":1,"value":13.289331}, {"key":"mEZoq","version":1,"value":11.716406}, {"totalMessagesWritten":318,"totalMessagesProcessed":355,"totalRedisUpdates":174,"totalValueWritten":4875.3013,"totalAdded":1438.5}, {"key":"AF69R","version":2,"value":4.1033735}, {"key":"SfiIu","version":0,"value":16.262222}, {"key":"DgkQY","version":1,"value":19.61907}, {"key":"NRZWp","version":1,"value":26.58494}, {"key":"vpWZB","version":2,"value":14.864588}, {"key":"vpWZB","version":2,"value":16.85717}, {"key":"8CDQw","version":1,"value":8.267092}, {"totalMessagesWritten":325,"totalMessagesProcessed":363,"totalRedisUpdates":177,"totalValueWritten":4981.86,"totalAdded":1459.5}, {"key":"pHi5K","version":1,"value":15.448123}, {"key":"GqbbY","version":1,"value":27.379988}, {"key":"F0XJu","version":1,"value":4.290297}, {"totalMessagesWritten":328,"totalMessagesProcessed":367,"totalRedisUpdates":179,"totalValueWritten":5028.9785,"totalAdded":1470.0}, {"key":"P1KQA","version":0,"value":16.721676}, {"key":"GZyXE","version":2,"value":10.013228}, {"key":"EbMDt","version":0,"value":12.154754}, {"key":"FYhom","version":2,"value":13.286458}, {"key":"ngne2","version":0,"value":14.075203}, {"key":"dunNH","version":2,"value":26.41194}, {"key":"wF3xa","version":0,"value":10.045823}, {"key":"qlaCU","version":2,"value":17.541193}, {"totalMessagesWritten":336,"totalMessagesProcessed":376,"totalRedisUpdates":182,"totalValueWritten":5149.229,"totalAdded":1491.0}, {"key":"wy9CJ","version":2,"value":12.387399}, {"key":"SfiIu","version":2,"value":30.38302}, {"totalMessagesWritten":338,"totalMessagesProcessed":379,"totalRedisUpdates":185,"totalValueWritten":5191.999,"totalAdded":1512.0}, {"key":"SxlxO","version":0,"value":1.8550897}, {"key":"uKuF2","version":0,"value":10.729498}, {"key":"7GZLW","version":1,"value":23.214931}, {"key":"IjO2J","version":2,"value":23.624264}, {"key":"iKHki","version":2,"value":25.911343}, {"key":"pvYHH","version":0,"value":5.969677}, {"totalMessagesWritten":344,"totalMessagesProcessed":386,"totalRedisUpdates":189,"totalValueWritten":5351.8105,"totalAdded":1543.5}, {"key":"vpWZB","version":1,"value":11.100732}, {"key":"M3SOa","version":1,"value":19.235285}, {"key":"oljmb","version":1,"value":3.9642656}, {"key":"WCFFG","version":0,"value":22.375751}, {"key":"YueN5","version":0,"value":3.5089898}, {"key":"JNQQa","version":2,"value":0.3480792}, {"key":"DgkQY","version":0,"value":5.3142204}, {"key":"D9vr0","version":2,"value":3.5387707}, {"key":"JtMw2","version":2,"value":9.929633}, {"key":"ggl3x","version":1,"value":16.932045}, {"key":"M3SOa","version":0,"value":1.9918871}, {"key":"v6amD","version":0,"value":20.8676}, {"key":"oljmb","version":2,"value":25.092491}, {"key":"pQQFH","version":2,"value":19.738417}, {"key":"e6Sw2","version":1,"value":14.548288}, {"totalMessagesWritten":359,"totalMessagesProcessed":402,"totalRedisUpdates":194,"totalValueWritten":5530.297,"totalAdded":1585.5}, {"key":"3DKyj","version":0,"value":16.9577}, {"key":"wy9CJ","version":2,"value":2.576536}, {"totalMessagesWritten":361,"totalMessagesProcessed":405,"totalRedisUpdates":195,"totalValueWritten":5644.308,"totalAdded":1585.5}, {"key":"v6amD","version":1,"value":28.494545}, {"key":"SfiIu","version":2,"value":18.702377}, {"key":"dEE3f","version":0,"value":16.404408}, {"key":"vpWZB","version":1,"value":19.143282}, {"key":"bcDKd","version":2,"value":29.370037}, {"key":"SrvGQ","version":1,"value":17.823761}, {"totalMessagesWritten":367,"totalMessagesProcessed":412,"totalRedisUpdates":200,"totalValueWritten":5774.246,"totalAdded":1627.5}, {"key":"SP2Yi","version":2,"value":30.264893}, {"totalMessagesWritten":368,"totalMessagesProcessed":414,"totalRedisUpdates":202,"totalValueWritten":5804.5107,"totalAdded":1638.0}, {"key":"HH4DN","version":0,"value":15.707758}, {"totalMessagesWritten":369,"totalMessagesProcessed":416,"totalRedisUpdates":204,"totalValueWritten":5820.2183,"totalAdded":1648.5}, {"key":"wF3xa","version":1,"value":17.526438}, {"key":"SxlxO","version":0,"value":8.26413}, {"key":"WCFFG","version":0,"value":11.3008585}, {"key":"12S3l","version":1,"value":23.271055}, {"key":"i5gS9","version":2,"value":7.784313}, {"key":"OGtSU","version":0,"value":11.67272}, {"key":"P1KQA","version":0,"value":5.879675}, {"totalMessagesWritten":376,"totalMessagesProcessed":424,"totalRedisUpdates":207,"totalValueWritten":5905.9175,"totalAdded":1669.5}, {"totalMessagesWritten":376,"totalMessagesProcessed":425,"totalRedisUpdates":208,"totalValueWritten":5905.9175,"totalAdded":1669.5}, {"key":"vpWZB","version":2,"value":5.4138327}, {"key":"IrMcn","version":0,"value":28.648993}, {"key":"HH4DN","version":2,"value":17.773787}, {"key":"TMXPd","version":0,"value":17.79742}, {"key":"dEE3f","version":0,"value":4.428686}, {"key":"GZyXE","version":0,"value":5.933076}, {"key":"AF69R","version":1,"value":6.8497124}, {"key":"YD3wR","version":0,"value":18.710402}, {"key":"1RAuM","version":2,"value":24.934229}, {"totalMessagesWritten":385,"totalMessagesProcessed":435,"totalRedisUpdates":214,"totalValueWritten":6036.4077,"totalAdded":1722.0}, {"totalMessagesWritten":385,"totalMessagesProcessed":436,"totalRedisUpdates":215,"totalValueWritten":6036.4077,"totalAdded":1722.0}, {"key":"np6eL","version":2,"value":21.359394}, {"key":"FYhom","version":0,"value":6.9486475}, {"key":"F0XJu","version":1,"value":3.2838714}, {"key":"JNQQa","version":2,"value":13.457051}, {"key":"e6Sw2","version":0,"value":2.3600173}, {"key":"evwLT","version":2,"value":30.32866}, {"key":"uKuF2","version":2,"value":28.743692}, {"key":"SrvGQ","version":1,"value":7.102926}, {"key":"Cw5SG","version":1,"value":14.624719}, {"key":"WTcmf","version":0,"value":20.306906}, {"key":"AF69R","version":0,"value":19.774982}, {"key":"ggl3x","version":0,"value":6.650008}, {"key":"bcDKd","version":0,"value":12.13025}, {"key":"pvYHH","version":0,"value":15.48905}, {"key":"0qDAj","version":2,"value":18.79815}, {"totalMessagesWritten":400,"totalMessagesProcessed":452,"totalRedisUpdates":222,"totalValueWritten":6315.5225,"totalAdded":1785.0}, {"key":"1wTG6","version":1,"value":22.58}, {"key":"ggl3x","version":1,"value":12.897123}, {"totalMessagesWritten":402,"totalMessagesProcessed":455,"totalRedisUpdates":224,"totalValueWritten":6350.9995,"totalAdded":1795.5}, {"key":"iiH3q","version":1,"value":19.975119}, {"key":"HtyED","version":2,"value":24.511875}, {"key":"SfiIu","version":2,"value":5.250169}, {"key":"7GZLW","version":0,"value":9.437197}, {"key":"iiH3q","version":2,"value":14.1679125}, {"key":"kfskg","version":0,"value":18.285172}, {"key":"IjO2J","version":2,"value":5.7395134}, {"key":"qoQiW","version":2,"value":19.764725}, {"totalMessagesWritten":410,"totalMessagesProcessed":464,"totalRedisUpdates":229,"totalValueWritten":6468.131,"totalAdded":1837.5}, {"key":"7GZLW","version":1,"value":14.493536}, {"key":"IrMcn","version":0,"value":7.111411}, {"key":"M3SOa","version":2,"value":21.51642}, {"key":"GT1Ly","version":0,"value":10.696678}, {"key":"D9vr0","version":1,"value":1.9843924}, {"key":"mEZoq","version":1,"value":13.860634}, {"key":"yrysp","version":2,"value":11.23114}, {"key":"qoQiW","version":2,"value":4.8831463}, {"key":"qNNGh","version":2,"value":3.8797855}, {"key":"uKuF2","version":2,"value":12.885052}, {"key":"EbMDt","version":0,"value":5.7214284}, {"key":"SYMrp","version":0,"value":12.381089}, {"key":"TMXPd","version":2,"value":30.07926}, {"key":"iKHki","version":2,"value":4.5905743}, {"key":"pKOGB","version":0,"value":15.871331}, {"key":"kvbgf","version":2,"value":11.342007}, {"key":"VdA27","version":2,"value":17.302904}, {"key":"D9vr0","version":1,"value":12.595401}, {"key":"mEZoq","version":1,"value":18.005775}, {"key":"evwLT","version":0,"value":8.394805}, {"key":"GZyXE","version":0,"value":16.57923}, {"key":"VVVwf","version":2,"value":20.576298}, {"key":"SfiIu","version":0,"value":1.5859258}, {"key":"k3tSg","version":1,"value":12.1704855}, {"key":"8u9GQ","version":2,"value":20.570633}, {"totalMessagesWritten":435,"totalMessagesProcessed":490,"totalRedisUpdates":238,"totalValueWritten":6778.4395,"totalAdded":1921.5}, {"key":"TjMgN","version":2,"value":28.929195}, {"key":"YueN5","version":2,"value":23.519798}, {"key":"JNQQa","version":2,"value":0.8084023}, {"totalMessagesWritten":438,"totalMessagesProcessed":494,"totalRedisUpdates":241,"totalValueWritten":6831.6973,"totalAdded":1942.5}, {"key":"np6eL","version":2,"value":17.560932}, {"key":"HH4DN","version":0,"value":4.8428917}, {"key":"12S3l","version":2,"value":27.295778}, {"key":"Ab3pk","version":0,"value":23.30272}, {"totalMessagesWritten":442,"totalMessagesProcessed":499,"totalRedisUpdates":244,"totalValueWritten":6904.6997,"totalAdded":1963.5}, {"totalMessagesWritten":442,"totalMessagesProcessed":500,"totalRedisUpdates":245,"totalValueWritten":6904.6997,"totalAdded":1963.5}]
03:00:36.526 INFO  u.a.e.a.c.s.RabbitMqService - Sent 500/500 messages to TransformTestRead-45616-NvESt
03:00:36.526 INFO  u.a.e.a.c.d.MessageTransformer - Transforming messages; read_queue:TransformTestRead-45616-NvESt, write_queue:TransformTestWrite-82669-q6hQ9, count:500
03:00:36.526 INFO  u.a.e.a.c.s.RabbitMqService - [With Validation]Reading queue TransformTestRead-45616-NvESt: count=500
03:00:36.578 INFO  u.a.e.a.c.s.RabbitMqService - [With Validation]Received 500/500 messages in 52ms
03:00:36.578 INFO  u.a.e.a.c.s.RabbitMqService - returning: [{"key":"q2osv","version":2,"value":6.452787}, {"key":"PPKw7","version":2,"value":12.813964}, {"key":"3M2MH","version":0,"value":2.233808}, {"key":"PqO01","version":1,"value":8.940848}, {"key":"PPKw7","version":1,"value":5.091996}, {"key":"q2osv","version":2,"value":12.199292}, {"key":"PPKw7","TOTAL":0.0}, {"key":"uhiFw","version":2,"value":4.7488904}, {"key":"os4Lg","version":1,"value":14.235124}, {"key":"3M2MH","version":1,"value":1.4207315}, {"key":"os4Lg","TOTAL":0.0}, {"key":"uhiFw","TOTAL":0.0}, {"key":"qZCbq","version":0,"value":6.4844084}, {"key":"PqO01","version":1,"value":17.336037}, {"key":"xMEEr","version":1,"value":5.464821}, {"key":"FFaDe","version":0,"value":2.4252784}, {"key":"3M2MH","version":2,"value":16.662535}, {"key":"xMEEr","TOTAL":0.0}, {"key":"FFaDe","version":2,"value":2.4759197}, {"key":"3M2MH","version":0,"value":10.941067}, {"key":"q2osv","version":1,"value":4.3131995}, {"key":"q2osv","version":0,"value":6.792692}, {"key":"07ya6","version":0,"value":14.244558}, {"key":"FFaDe","version":0,"value":9.925252}, {"key":"FFaDe","version":1,"value":14.607062}, {"key":"3M2MH","version":0,"value":19.139683}, {"key":"FFaDe","version":1,"value":3.5829473}, {"key":"3M2MH","version":1,"value":2.6982844}, {"key":"FFaDe","version":2,"value":10.478518}, {"key":"qZCbq","version":0,"value":18.40927}, {"key":"qZCbq","version":1,"value":1.2013125}, {"key":"q2osv","version":2,"value":8.591137}, {"key":"FGJDl","version":2,"value":8.856089}, {"key":"FFaDe","version":0,"value":17.277494}, {"key":"FFaDe","version":1,"value":0.21391273}, {"key":"3DKyj","version":0,"value":19.03556}, {"key":"GIThL","version":2,"value":11.9967165}, {"key":"PqO01","TOTAL":65.724106}, {"key":"FFaDe","TOTAL":3.9126873}, {"key":"qZCbq","version":2,"value":9.114781}, {"key":"3M2MH","version":1,"value":2.4253714}, {"key":"wF3xa","version":1,"value":15.406123}, {"key":"qZCbq","version":0,"value":16.941498}, {"key":"u6dxX","version":0,"value":12.161745}, {"key":"07ya6","version":2,"value":0.0043821335}, {"key":"qZCbq","version":0,"value":3.219037}, {"key":"XPtF4","version":1,"value":18.979404}, {"key":"wF3xa","version":0,"value":9.984152}, {"key":"FGJDl","version":0,"value":12.023158}, {"key":"FGJDl","version":0,"value":13.890859}, {"key":"FGJDl","version":0,"value":7.190076}, {"key":"qZCbq","version":0,"value":19.112757}, {"key":"DGZr6","version":0,"value":16.18971}, {"key":"p53Di","version":2,"value":1.762625}, {"key":"FGJDl","TOTAL":0.0}, {"key":"VdA27","version":2,"value":6.2946854}, {"key":"u6dxX","version":2,"value":2.724688}, {"key":"DGZr6","version":1,"value":12.90064}, {"key":"VdA27","version":2,"value":18.929539}, {"key":"Sg04T","version":1,"value":12.949835}, {"key":"sRnQG","version":1,"value":15.110064}, {"key":"Dt8g7","version":1,"value":18.847855}, {"key":"XPtF4","version":0,"value":16.890364}, {"key":"GU6GX","version":0,"value":0.86304307}, {"key":"GIThL","version":1,"value":12.643585}, {"key":"I7PEv","version":1,"value":9.053965}, {"key":"AkaVn","version":1,"value":11.085964}, {"key":"Dt8g7","version":1,"value":15.167642}, {"key":"uKuF2","version":0,"value":16.823004}, {"key":"DGZr6","version":1,"value":10.315916}, {"key":"GU6GX","version":1,"value":9.628367}, {"key":"qZCbq","version":2,"value":14.091759}, {"key":"wF3xa","version":1,"value":6.2167764}, {"key":"3AEdb","version":1,"value":7.595639}, {"key":"sRnQG","version":1,"value":13.066776}, {"key":"dvylP","version":2,"value":17.542568}, {"key":"p53Di","version":2,"value":16.87506}, {"key":"I7PEv","version":2,"value":11.930108}, {"key":"q2osv","version":2,"value":12.653645}, {"key":"Dt8g7","version":2,"value":6.954558}, {"key":"3M2MH","version":1,"value":7.629281}, {"key":"dvylP","version":2,"value":19.477089}, {"key":"qZCbq","version":2,"value":5.265685}, {"key":"XPtF4","version":1,"value":7.4315405}, {"key":"GIThL","version":0,"value":1.0307646}, {"key":"u6dxX","version":0,"value":4.9356008}, {"key":"uKuF2","version":1,"value":9.102693}, {"key":"Sg04T","TOTAL":0.0}, {"key":"q2osv","version":1,"value":5.5276537}, {"key":"3AEdb","version":0,"value":1.3627994}, {"key":"AkaVn","version":1,"value":11.600697}, {"key":"Dt8g7","version":0,"value":14.380603}, {"key":"qZCbq","TOTAL":0.0}, {"key":"XPtF4","version":0,"value":7.0129347}, {"key":"sRnQG","version":2,"value":9.87722}, {"key":"GU6GX","version":1,"value":15.025604}, {"key":"K6iHB","version":1,"value":9.155151}, {"key":"DGZr6","version":1,"value":10.809507}, {"key":"GIThL","version":0,"value":7.378463}, {"key":"3M2MH","version":1,"value":12.154707}, {"key":"3AEdb","TOTAL":0.0}, {"key":"P1KQA","version":1,"value":9.727836}, {"key":"I7PEv","version":2,"value":0.68996906}, {"key":"3DKyj","version":2,"value":16.668566}, {"key":"3M2MH","version":1,"value":8.390217}, {"key":"dvylP","TOTAL":0.0}, {"key":"DGZr6","version":1,"value":2.881819}, {"key":"q2osv","version":1,"value":0.20392776}, {"key":"jpLcK","version":2,"value":16.405605}, {"key":"vpWZB","version":1,"value":6.217878}, {"key":"i5gS9","version":0,"value":4.0901947}, {"key":"Dt8g7","version":2,"value":16.57867}, {"key":"GU6GX","version":1,"value":5.696161}, {"key":"jpLcK","version":2,"value":18.880136}, {"key":"jpLcK","version":1,"value":2.277931}, {"key":"jwCXj","version":1,"value":16.404482}, {"key":"vpWZB","version":1,"value":8.614139}, {"key":"K6iHB","version":1,"value":1.9617939}, {"key":"GU6GX","version":1,"value":14.622134}, {"key":"q2osv","version":0,"value":4.962434}, {"key":"3DKyj","version":2,"value":12.817407}, {"key":"jpLcK","version":0,"value":11.156614}, {"key":"wF3xa","version":0,"value":19.874552}, {"key":"a470g","version":1,"value":15.757578}, {"key":"07ya6","version":0,"value":6.3612223}, {"key":"jpLcK","version":2,"value":7.6990747}, {"key":"sRnQG","version":2,"value":16.218485}, {"key":"i5gS9","version":0,"value":7.137622}, {"key":"p53Di","TOTAL":0.0}, {"key":"3DKyj","version":0,"value":4.994832}, {"key":"uKuF2","version":0,"value":8.5594425}, {"key":"sRnQG","TOTAL":3.7098825}, {"key":"jpLcK","version":1,"value":14.793638}, {"key":"GIThL","version":2,"value":19.51564}, {"key":"Byigd","version":0,"value":16.96019}, {"key":"jpLcK","TOTAL":27.144665}, {"key":"I7PEv","version":0,"value":19.465136}, {"key":"VdA27","version":2,"value":8.862715}, {"key":"d8i2S","version":0,"value":5.185654}, {"key":"TBVcc","version":0,"value":19.34217}, {"key":"u6dxX","version":0,"value":17.004467}, {"key":"Dt8g7","version":2,"value":7.5200295}, {"key":"d8i2S","version":0,"value":12.317618}, {"key":"oGPIq","version":2,"value":5.033449}, {"key":"RW9oX","version":0,"value":7.3897243}, {"key":"3M2MH","TOTAL":0.0}, {"key":"GZyXE","version":0,"value":5.274433}, {"key":"jwCXj","TOTAL":0.0}, {"key":"DGZr6","TOTAL":0.0}, {"key":"qlaCU","version":1,"value":17.039879}, {"key":"07ya6","TOTAL":0.0}, {"key":"18H2V","version":0,"value":6.7785273}, {"key":"3DKyj","version":2,"value":15.450672}, {"key":"3DKyj","version":2,"value":6.541892}, {"key":"wF3xa","version":1,"value":5.9839764}, {"key":"TBVcc","version":1,"value":12.577128}, {"key":"AkaVn","version":0,"value":14.309007}, {"key":"XPtF4","version":1,"value":14.421185}, {"key":"JtMw2","version":2,"value":11.404985}, {"key":"GU6GX","version":2,"value":8.617901}, {"key":"uKuF2","version":1,"value":1.2955582}, {"key":"XPtF4","version":1,"value":12.204293}, {"key":"oGPIq","version":0,"value":15.822783}, {"key":"HdOpG","version":2,"value":17.635696}, {"key":"73vwg","version":1,"value":3.2481515}, {"key":"TBVcc","version":0,"value":11.152578}, {"key":"SP2Yi","version":1,"value":2.8250706}, {"key":"wF3xa","version":0,"value":11.818298}, {"key":"i2Jll","version":0,"value":16.303007}, {"key":"i5gS9","version":2,"value":7.837622}, {"key":"K6iHB","TOTAL":0.0}, {"key":"qlaCU","version":0,"value":11.39337}, {"key":"P1KQA","version":2,"value":3.2615542}, {"key":"3DKyj","version":2,"value":5.9105263}, {"key":"HdOpG","version":0,"value":1.498698}, {"key":"Byigd","TOTAL":0.0}, {"key":"GZyXE","version":0,"value":17.228373}, {"key":"HdOpG","version":0,"value":2.6478076}, {"key":"a470g","TOTAL":80.66783}, {"key":"wF3xa","version":1,"value":12.266111}, {"key":"q2osv","version":1,"value":0.80426216}, {"key":"mXIyK","version":1,"value":3.1173015}, {"key":"GU6GX","version":1,"value":15.590182}, {"key":"18H2V","version":0,"value":3.9578342}, {"key":"7bQAO","version":2,"value":2.9268456}, {"key":"SP2Yi","version":1,"value":10.116091}, {"key":"JtMw2","version":0,"value":14.50539}, {"key":"I7PEv","version":2,"value":5.5066133}, {"key":"TBVcc","version":1,"value":19.262564}, {"key":"DgkQY","version":1,"value":19.723232}, {"key":"m6LKL","version":2,"value":5.751674}, {"key":"qoQiW","version":0,"value":6.103809}, {"key":"7bQAO","TOTAL":0.0}, {"key":"Dt8g7","version":0,"value":5.997863}, {"key":"I7PEv","version":1,"value":11.697135}, {"key":"m6LKL","version":0,"value":18.059208}, {"key":"Vd3Us","version":2,"value":15.708721}, {"key":"oGPIq","version":2,"value":0.47399402}, {"key":"I7PEv","version":2,"value":13.697985}, {"key":"RW9oX","version":0,"value":17.57183}, {"key":"Dt8g7","version":0,"value":13.116666}, {"key":"SP2Yi","version":1,"value":4.6372547}, {"key":"73vwg","version":0,"value":14.934077}, {"key":"qlaCU","version":1,"value":19.155453}, {"key":"nSo1B","version":2,"value":18.584812}, {"key":"jr5ML","version":0,"value":10.544695}, {"key":"JtMw2","version":1,"value":13.5199585}, {"key":"i2Jll","version":2,"value":10.823015}, {"key":"qNNGh","version":1,"value":10.226414}, {"key":"IBdNy","version":2,"value":6.0147333}, {"key":"wF3xa","version":2,"value":18.950062}, {"key":"pQQFH","version":0,"value":11.193013}, {"key":"SP2Yi","version":0,"value":13.773647}, {"key":"GIThL","version":0,"value":1.4162302}, {"key":"vpWZB","version":2,"value":19.932383}, {"key":"uKuF2","version":1,"value":2.0497286}, {"key":"BPxFV","version":0,"value":6.7650356}, {"key":"P1KQA","version":0,"value":7.825061}, {"key":"pQQFH","version":0,"value":2.174741}, {"key":"i5gS9","version":0,"value":2.5052655}, {"key":"GZyXE","version":0,"value":17.145788}, {"key":"SP2Yi","version":0,"value":2.2725558}, {"key":"XPtF4","version":2,"value":5.431652}, {"key":"I7PEv","version":2,"value":0.4554212}, {"key":"nSo1B","version":0,"value":10.850082}, {"key":"eU0gw","version":1,"value":2.4557567}, {"key":"xFHH2","version":1,"value":17.934128}, {"key":"eU0gw","TOTAL":0.0}, {"key":"18H2V","TOTAL":0.0}, {"key":"jr5ML","version":2,"value":13.96461}, {"key":"oGPIq","TOTAL":0.0}, {"key":"RW9oX","TOTAL":0.0}, {"key":"GU6GX","TOTAL":0.0}, {"key":"DgkQY","version":0,"value":18.265196}, {"key":"aGyF0","version":1,"value":3.3019936}, {"key":"mXIyK","version":1,"value":19.331455}, {"key":"qoQiW","version":0,"value":11.196074}, {"key":"vpWZB","version":0,"value":4.226942}, {"key":"NRZWp","version":0,"value":0.045650005}, {"key":"nSo1B","TOTAL":0.0}, {"key":"73vwg","version":2,"value":19.721025}, {"key":"g90uD","version":1,"value":14.387133}, {"key":"I7PEv","version":1,"value":11.527418}, {"key":"T33wp","version":1,"value":11.700692}, {"key":"AkaVn","version":2,"value":5.0871563}, {"key":"M3SOa","version":0,"value":2.2161627}, {"key":"JNQQa","version":2,"value":3.4143412}, {"key":"BPxFV","version":0,"value":4.9276533}, {"key":"mXIyK","version":0,"value":12.551161}, {"key":"pQQFH","version":2,"value":2.6325047}, {"key":"t4AmS","version":1,"value":16.548622}, {"key":"qoQiW","version":2,"value":14.280378}, {"key":"XPtF4","version":1,"value":14.324006}, {"key":"GZyXE","version":2,"value":11.39883}, {"key":"JNQQa","version":0,"value":17.43349}, {"key":"73vwg","version":1,"value":12.047177}, {"key":"M3SOa","version":1,"value":5.973302}, {"key":"q2osv","version":1,"value":12.232066}, {"key":"d8i2S","TOTAL":0.0}, {"key":"qoQiW","version":0,"value":10.02503}, {"key":"FYhom","version":2,"value":19.626364}, {"key":"3DKyj","version":1,"value":5.8210874}, {"key":"8CDQw","version":0,"value":6.316599}, {"key":"k3tSg","version":1,"value":14.123226}, {"key":"pQQFH","version":0,"value":1.0899246}, {"key":"xFHH2","version":0,"value":14.702748}, {"key":"yrysp","version":0,"value":13.608414}, {"key":"F0XJu","version":1,"value":10.583056}, {"key":"0PoZB","version":2,"value":3.0337965}, {"key":"mXIyK","TOTAL":0.0}, {"key":"qlaCU","version":2,"value":6.4536467}, {"key":"nQTya","version":0,"value":0.503422}, {"key":"q2osv","version":1,"value":17.860651}, {"key":"vpWZB","version":2,"value":6.9318094}, {"key":"AkaVn","TOTAL":0.0}, {"key":"9ULEe","version":2,"value":10.7963}, {"key":"t4AmS","version":1,"value":16.596329}, {"key":"8CDQw","version":2,"value":7.7901974}, {"key":"FYhom","version":0,"value":11.418749}, {"key":"3DKyj","version":0,"value":8.669266}, {"key":"vpWZB","version":1,"value":5.9432993}, {"key":"SP2Yi","version":0,"value":11.921169}, {"key":"i5gS9","version":0,"value":5.8882165}, {"key":"ggl3x","version":2,"value":7.3813972}, {"key":"FYhom","version":2,"value":4.5186377}, {"key":"u6dxX","TOTAL":9.57827}, {"key":"k3tSg","version":1,"value":0.013540983}, {"key":"ngne2","version":2,"value":18.232716}, {"key":"JNQQa","version":0,"value":13.081623}, {"key":"AaA3a","version":1,"value":1.4477575}, {"key":"BPxFV","version":2,"value":1.4124358}, {"key":"P1KQA","version":2,"value":2.863375}, {"key":"pbppT","version":1,"value":19.668953}, {"key":"JNQQa","version":1,"value":12.603424}, {"key":"FahLI","version":2,"value":12.547864}, {"key":"XPtF4","version":0,"value":1.9143116}, {"key":"qlaCU","version":2,"value":10.511947}, {"key":"0PoZB","version":2,"value":15.103889}, {"key":"F0XJu","version":2,"value":14.460702}, {"key":"qNNGh","version":0,"value":13.1959305}, {"key":"q2osv","version":1,"value":12.221757}, {"key":"D9vr0","version":1,"value":18.612064}, {"key":"qNNGh","version":2,"value":15.319257}, {"key":"pHi5K","version":1,"value":12.917165}, {"key":"F0XJu","version":2,"value":12.210088}, {"key":"YueN5","version":1,"value":12.985014}, {"key":"i5gS9","version":1,"value":17.044933}, {"key":"Dt8g7","version":0,"value":13.220392}, {"key":"ggl3x","version":0,"value":12.37999}, {"key":"SP2Yi","version":0,"value":7.2713184}, {"key":"pHi5K","version":1,"value":16.42448}, {"key":"DgkQY","version":2,"value":13.587921}, {"key":"IBdNy","TOTAL":0.0}, {"key":"xFHH2","TOTAL":0.0}, {"key":"JNQQa","version":2,"value":4.050715}, {"key":"yrysp","version":0,"value":3.765211}, {"key":"3DKyj","version":1,"value":19.72966}, {"key":"k3tSg","version":2,"value":16.673172}, {"key":"aGyF0","version":0,"value":9.589314}, {"key":"EqNnn","version":0,"value":6.117777}, {"key":"9ULEe","version":0,"value":9.398506}, {"key":"GIThL","version":0,"value":5.860946}, {"key":"BPxFV","version":2,"value":19.398735}, {"key":"yrysp","version":2,"value":19.972612}, {"key":"D9vr0","version":2,"value":11.8045}, {"key":"XPtF4","version":2,"value":0.14472246}, {"key":"AaA3a","version":2,"value":8.143988}, {"key":"FYhom","version":1,"value":8.661144}, {"key":"7GZLW","version":0,"value":7.822074}, {"key":"pQQFH","version":2,"value":3.1334567}, {"key":"I7PEv","version":2,"value":13.61524}, {"key":"q2osv","version":2,"value":15.136223}, {"key":"Dt8g7","TOTAL":56.31931}, {"key":"iKHki","version":0,"value":6.160303}, {"key":"pvYHH","version":1,"value":8.051391}, {"key":"0PoZB","version":1,"value":18.432457}, {"key":"831w0","version":2,"value":3.9497173}, {"key":"pvYHH","version":0,"value":4.8017015}, {"key":"oljmb","version":1,"value":6.8291187}, {"key":"AaA3a","version":0,"value":5.263157}, {"key":"YueN5","version":0,"value":15.499485}, {"key":"AF69R","version":2,"value":0.68002224}, {"key":"pvYHH","version":0,"value":15.475964}, {"key":"pHi5K","version":1,"value":1.3818872}, {"key":"qoQiW","version":1,"value":0.61206937}, {"key":"pRIjE","version":0,"value":2.3908544}, {"key":"SxlxO","version":1,"value":8.101929}, {"key":"i2Jll","TOTAL":0.0}, {"key":"wy9CJ","version":0,"value":11.3418865}, {"key":"XPtF4","version":2,"value":12.097468}, {"key":"3DKyj","version":0,"value":19.749504}, {"key":"dunNH","version":0,"value":13.050766}, {"key":"j39NA","version":1,"value":2.7893317}, {"key":"mEZoq","version":1,"value":1.2164056}, {"key":"EqNnn","TOTAL":0.0}, {"key":"AF69R","version":2,"value":4.1033735}, {"key":"SfiIu","version":0,"value":5.762222}, {"key":"DgkQY","version":1,"value":19.61907}, {"key":"NRZWp","version":1,"value":16.08494}, {"key":"vpWZB","version":2,"value":14.864588}, {"key":"vpWZB","version":2,"value":16.85717}, {"key":"8CDQw","version":1,"value":8.267092}, {"key":"Vd3Us","TOTAL":0.0}, {"key":"pHi5K","version":1,"value":15.448123}, {"key":"GqbbY","version":1,"value":16.879988}, {"key":"F0XJu","version":1,"value":4.290297}, {"key":"FahLI","TOTAL":0.0}, {"key":"P1KQA","version":0,"value":16.721676}, {"key":"GZyXE","version":2,"value":10.013228}, {"key":"EbMDt","version":0,"value":1.6547537}, {"key":"FYhom","version":2,"value":13.286458}, {"key":"ngne2","version":0,"value":14.075203}, {"key":"dunNH","version":2,"value":15.91194}, {"key":"wF3xa","version":0,"value":10.045823}, {"key":"qlaCU","version":2,"value":17.541193}, {"key":"TBVcc","TOTAL":0.0}, {"key":"wy9CJ","version":2,"value":1.887399}, {"key":"SfiIu","version":2,"value":19.88302}, {"key":"g90uD","TOTAL":0.0}, {"key":"SxlxO","version":0,"value":1.8550897}, {"key":"uKuF2","version":0,"value":10.729498}, {"key":"7GZLW","version":1,"value":12.7149315}, {"key":"IjO2J","version":2,"value":13.124265}, {"key":"iKHki","version":2,"value":15.411343}, {"key":"pvYHH","version":0,"value":5.969677}, {"key":"pHi5K","TOTAL":68.507385}, {"key":"vpWZB","version":1,"value":11.100732}, {"key":"M3SOa","version":1,"value":19.235285}, {"key":"oljmb","version":1,"value":3.9642656}, {"key":"WCFFG","version":0,"value":11.8757515}, {"key":"YueN5","version":0,"value":3.5089898}, {"key":"JNQQa","version":2,"value":0.3480792}, {"key":"DgkQY","version":0,"value":5.3142204}, {"key":"D9vr0","version":2,"value":3.5387707}, {"key":"JtMw2","version":2,"value":9.929633}, {"key":"ggl3x","version":1,"value":16.932045}, {"key":"M3SOa","version":0,"value":1.9918871}, {"key":"v6amD","version":0,"value":10.367599}, {"key":"oljmb","version":2,"value":14.592491}, {"key":"pQQFH","version":2,"value":19.738417}, {"key":"e6Sw2","version":1,"value":4.048288}, {"key":"qlaCU","TOTAL":0.0}, {"key":"3DKyj","version":0,"value":16.9577}, {"key":"wy9CJ","version":2,"value":2.576536}, {"key":"pbppT","TOTAL":94.47717}, {"key":"v6amD","version":1,"value":17.994545}, {"key":"SfiIu","version":2,"value":18.702377}, {"key":"dEE3f","version":0,"value":5.9044075}, {"key":"vpWZB","version":1,"value":19.143282}, {"key":"bcDKd","version":2,"value":18.870037}, {"key":"SrvGQ","version":1,"value":7.323762}, {"key":"ngne2","TOTAL":0.0}, {"key":"SP2Yi","version":2,"value":19.764893}, {"key":"nQTya","TOTAL":0.0}, {"key":"HH4DN","version":0,"value":5.207758}, {"key":"q2osv","TOTAL":0.0}, {"key":"wF3xa","version":1,"value":17.526438}, {"key":"SxlxO","version":0,"value":8.26413}, {"key":"WCFFG","version":0,"value":11.3008585}, {"key":"12S3l","version":1,"value":12.771055}, {"key":"i5gS9","version":2,"value":7.784313}, {"key":"OGtSU","version":0,"value":1.1727202}, {"key":"P1KQA","version":0,"value":5.879675}, {"key":"P1KQA","TOTAL":0.0}, {"key":"T33wp","TOTAL":0.0}, {"key":"vpWZB","version":2,"value":5.4138327}, {"key":"IrMcn","version":0,"value":18.148993}, {"key":"HH4DN","version":2,"value":7.273786}, {"key":"TMXPd","version":0,"value":7.2974205}, {"key":"dEE3f","version":0,"value":4.428686}, {"key":"GZyXE","version":0,"value":5.933076}, {"key":"AF69R","version":1,"value":6.8497124}, {"key":"YD3wR","version":0,"value":8.210402}, {"key":"1RAuM","version":2,"value":14.434229}, {"key":"DgkQY","TOTAL":0.0}, {"key":"vpWZB","TOTAL":0.0}, {"key":"np6eL","version":2,"value":10.859395}, {"key":"FYhom","version":0,"value":6.9486475}, {"key":"F0XJu","version":1,"value":3.2838714}, {"key":"JNQQa","version":2,"value":13.457051}, {"key":"e6Sw2","version":0,"value":2.3600173}, {"key":"evwLT","version":2,"value":19.82866}, {"key":"uKuF2","version":2,"value":18.243692}, {"key":"SrvGQ","version":1,"value":7.102926}, {"key":"Cw5SG","version":1,"value":4.1247187}, {"key":"WTcmf","version":0,"value":9.806906}, {"key":"AF69R","version":0,"value":19.774982}, {"key":"ggl3x","version":0,"value":6.650008}, {"key":"bcDKd","version":0,"value":12.13025}, {"key":"pvYHH","version":0,"value":15.48905}, {"key":"0qDAj","version":2,"value":8.298149}, {"key":"3DKyj","TOTAL":57.756382}, {"key":"1wTG6","version":1,"value":12.08}, {"key":"ggl3x","version":1,"value":12.897123}, {"key":"SxlxO","TOTAL":0.0}, {"key":"iiH3q","version":1,"value":9.475119}, {"key":"HtyED","version":2,"value":14.011874}, {"key":"SfiIu","version":2,"value":5.250169}, {"key":"7GZLW","version":0,"value":9.437197}, {"key":"iiH3q","version":2,"value":3.6679125}, {"key":"kfskg","version":0,"value":7.7851715}, {"key":"IjO2J","version":2,"value":5.7395134}, {"key":"qoQiW","version":2,"value":19.764725}, {"key":"1RAuM","TOTAL":0.0}, {"key":"7GZLW","version":1,"value":14.493536}, {"key":"IrMcn","version":0,"value":7.111411}, {"key":"M3SOa","version":2,"value":11.01642}, {"key":"GT1Ly","version":0,"value":0.19667864}, {"key":"D9vr0","version":1,"value":1.9843924}, {"key":"mEZoq","version":1,"value":13.860634}, {"key":"yrysp","version":2,"value":11.23114}, {"key":"qoQiW","version":2,"value":4.8831463}, {"key":"qNNGh","version":2,"value":3.8797855}, {"key":"uKuF2","version":2,"value":12.885052}, {"key":"EbMDt","version":0,"value":5.7214284}, {"key":"SYMrp","version":0,"value":1.8810892}, {"key":"TMXPd","version":2,"value":19.57926}, {"key":"iKHki","version":2,"value":4.5905743}, {"key":"pKOGB","version":0,"value":5.371331}, {"key":"kvbgf","version":2,"value":0.8420062}, {"key":"VdA27","version":2,"value":17.302904}, {"key":"D9vr0","version":1,"value":12.595401}, {"key":"mEZoq","version":1,"value":18.005775}, {"key":"evwLT","version":0,"value":8.394805}, {"key":"GZyXE","version":0,"value":16.57923}, {"key":"VVVwf","version":2,"value":10.076298}, {"key":"SfiIu","version":0,"value":1.5859258}, {"key":"k3tSg","version":1,"value":12.1704855}, {"key":"8u9GQ","version":2,"value":10.070633}, {"key":"I7PEv","TOTAL":0.0}, {"key":"TjMgN","version":2,"value":18.429195}, {"key":"YueN5","version":2,"value":13.019798}, {"key":"JNQQa","version":2,"value":0.8084023}, {"key":"GZyXE","TOTAL":0.0}, {"key":"np6eL","version":2,"value":17.560932}, {"key":"HH4DN","version":0,"value":4.8428917}, {"key":"12S3l","version":2,"value":16.795778}, {"key":"Ab3pk","version":0,"value":12.80272}, {"key":"SfiIu","TOTAL":0.0}, {"key":"HtyED","TOTAL":0.0}]
03:00:36.581 INFO  u.a.e.a.c.d.MessageTransformer - 0% complete...
03:00:39.201 INFO  u.a.e.a.c.d.MessageTransformer - 10% complete...
03:00:41.772 INFO  u.a.e.a.c.d.MessageTransformer - 20% complete...
03:00:44.382 INFO  u.a.e.a.c.d.MessageTransformer - 30% complete...
03:00:47.042 INFO  u.a.e.a.c.d.MessageTransformer - 40% complete...
03:00:49.681 INFO  u.a.e.a.c.d.MessageTransformer - 50% complete...
03:00:52.321 INFO  u.a.e.a.c.d.MessageTransformer - 60% complete...
03:00:55.011 INFO  u.a.e.a.c.d.MessageTransformer - 70% complete...
03:00:57.591 INFO  u.a.e.a.c.d.MessageTransformer - 80% complete...
03:01:00.140 INFO  u.a.e.a.c.d.MessageTransformer - 90% complete...
03:01:02.726 INFO  u.a.e.a.c.d.MessageTransformer - 100% complete. Tranformed 500 messages
03:01:02.726 INFO  u.a.e.a.c.s.RabbitMqService - Reading queue TransformTestWrite-82669-q6hQ9: count=500
03:01:02.803 INFO  u.a.e.a.c.s.RabbitMqService - Received 500/500 messages in 77ms
03:01:02.803 INFO  u.a.e.a.c.s.RabbitMqService - returning: [{"key":"q2osv","version":2,"value":16.952787}, {"key":"PPKw7","version":2,"value":23.313965}, {"key":"3M2MH","version":0,"value":12.7338085}, {"key":"PqO01","version":1,"value":19.44085}, {"key":"PPKw7","version":1,"value":5.091996}, {"key":"q2osv","version":2,"value":12.199292}, {"totalMessagesWritten":6,"totalMessagesProcessed":7,"totalRedisUpdates":5,"totalValueWritten":89.732704,"totalAdded":42.0}, {"key":"uhiFw","version":2,"value":15.24889}, {"key":"os4Lg","version":1,"value":24.735123}, {"key":"3M2MH","version":1,"value":11.920732}, {"totalMessagesWritten":9,"totalMessagesProcessed":11,"totalRedisUpdates":9,"totalValueWritten":141.63745,"totalAdded":73.5}, {"totalMessagesWritten":9,"totalMessagesProcessed":12,"totalRedisUpdates":10,"totalValueWritten":141.63745,"totalAdded":73.5}, {"key":"qZCbq","version":0,"value":16.98441}, {"key":"PqO01","version":1,"value":17.336037}, {"key":"xMEEr","version":1,"value":15.964821}, {"key":"FFaDe","version":0,"value":12.925279}, {"key":"3M2MH","version":2,"value":27.162535}, {"totalMessagesWritten":14,"totalMessagesProcessed":18,"totalRedisUpdates":15,"totalValueWritten":232.01051,"totalAdded":115.5}, {"key":"FFaDe","version":2,"value":12.97592}, {"key":"3M2MH","version":0,"value":10.941067}, {"key":"q2osv","version":1,"value":4.3131995}, {"key":"q2osv","version":0,"value":6.792692}, {"key":"07ya6","version":0,"value":24.744558}, {"key":"FFaDe","version":0,"value":9.925252}, {"key":"FFaDe","version":1,"value":14.607062}, {"key":"3M2MH","version":0,"value":19.139683}, {"key":"FFaDe","version":1,"value":3.5829473}, {"key":"3M2MH","version":1,"value":2.6982844}, {"key":"FFaDe","version":2,"value":10.478518}, {"key":"qZCbq","version":0,"value":18.40927}, {"key":"qZCbq","version":1,"value":11.701313}, {"key":"q2osv","version":2,"value":8.591137}, {"key":"FGJDl","version":2,"value":19.356089}, {"key":"FFaDe","version":0,"value":17.277494}, {"key":"FFaDe","version":1,"value":0.21391273}, {"key":"3DKyj","version":0,"value":29.53556}, {"key":"GIThL","version":2,"value":22.496716}, {"totalMessagesWritten":33,"totalMessagesProcessed":38,"totalRedisUpdates":22,"totalValueWritten":545.51526,"totalAdded":178.5}, {"totalMessagesWritten":33,"totalMessagesProcessed":39,"totalRedisUpdates":23,"totalValueWritten":549.4279,"totalAdded":178.5}, {"key":"qZCbq","version":2,"value":19.61478}, {"key":"3M2MH","version":1,"value":2.4253714}, {"key":"wF3xa","version":1,"value":25.906124}, {"key":"qZCbq","version":0,"value":16.941498}, {"key":"u6dxX","version":0,"value":22.661745}, {"key":"07ya6","version":2,"value":10.504382}, {"key":"qZCbq","version":0,"value":3.219037}, {"key":"XPtF4","version":1,"value":29.479404}, {"key":"wF3xa","version":0,"value":9.984152}, {"key":"FGJDl","version":0,"value":12.023158}, {"key":"FGJDl","version":0,"value":13.890859}, {"key":"FGJDl","version":0,"value":7.190076}, {"key":"qZCbq","version":0,"value":19.112757}, {"key":"DGZr6","version":0,"value":26.68971}, {"key":"p53Di","version":2,"value":12.262625}, {"totalMessagesWritten":48,"totalMessagesProcessed":55,"totalRedisUpdates":31,"totalValueWritten":781.33356,"totalAdded":252.0}, {"key":"VdA27","version":2,"value":16.794685}, {"key":"u6dxX","version":2,"value":13.224688}, {"key":"DGZr6","version":1,"value":23.400639}, {"key":"VdA27","version":2,"value":18.929539}, {"key":"Sg04T","version":1,"value":23.449835}, {"key":"sRnQG","version":1,"value":25.610064}, {"key":"Dt8g7","version":1,"value":29.347855}, {"key":"XPtF4","version":0,"value":16.890364}, {"key":"GU6GX","version":0,"value":11.363043}, {"key":"GIThL","version":1,"value":12.643585}, {"key":"I7PEv","version":1,"value":19.553965}, {"key":"AkaVn","version":1,"value":21.585964}, {"key":"Dt8g7","version":1,"value":15.167642}, {"key":"uKuF2","version":0,"value":27.323004}, {"key":"DGZr6","version":1,"value":10.315916}, {"key":"GU6GX","version":1,"value":20.128368}, {"key":"qZCbq","version":2,"value":14.091759}, {"key":"wF3xa","version":1,"value":6.2167764}, {"key":"3AEdb","version":1,"value":18.095638}, {"key":"sRnQG","version":1,"value":13.066776}, {"key":"dvylP","version":2,"value":28.042568}, {"key":"p53Di","version":2,"value":16.87506}, {"key":"I7PEv","version":2,"value":22.430107}, {"key":"q2osv","version":2,"value":12.653645}, {"key":"Dt8g7","version":2,"value":17.454557}, {"key":"3M2MH","version":1,"value":7.629281}, {"key":"dvylP","version":2,"value":19.477089}, {"key":"qZCbq","version":2,"value":5.265685}, {"key":"XPtF4","version":1,"value":7.4315405}, {"key":"GIThL","version":0,"value":1.0307646}, {"key":"u6dxX","version":0,"value":4.9356008}, {"key":"uKuF2","version":1,"value":19.602692}, {"totalMessagesWritten":80,"totalMessagesProcessed":88,"totalRedisUpdates":48,"totalValueWritten":1301.3619,"totalAdded":420.0}, {"key":"q2osv","version":1,"value":5.5276537}, {"key":"3AEdb","version":0,"value":1.3627994}, {"key":"AkaVn","version":1,"value":11.600697}, {"key":"Dt8g7","version":0,"value":14.380603}, {"totalMessagesWritten":84,"totalMessagesProcessed":93,"totalRedisUpdates":49,"totalValueWritten":1334.2338,"totalAdded":420.0}, {"key":"XPtF4","version":0,"value":7.0129347}, {"key":"sRnQG","version":2,"value":20.37722}, {"key":"GU6GX","version":1,"value":15.025604}, {"key":"K6iHB","version":1,"value":19.655151}, {"key":"DGZr6","version":1,"value":10.809507}, {"key":"GIThL","version":0,"value":7.378463}, {"key":"3M2MH","version":1,"value":12.154707}, {"totalMessagesWritten":91,"totalMessagesProcessed":101,"totalRedisUpdates":52,"totalValueWritten":1426.6472,"totalAdded":441.0}, {"key":"P1KQA","version":1,"value":20.227837}, {"key":"I7PEv","version":2,"value":0.68996906}, {"key":"3DKyj","version":2,"value":27.168566}, {"key":"3M2MH","version":1,"value":8.390217}, {"totalMessagesWritten":95,"totalMessagesProcessed":106,"totalRedisUpdates":55,"totalValueWritten":1483.1238,"totalAdded":462.0}, {"key":"DGZr6","version":1,"value":2.881819}, {"key":"q2osv","version":1,"value":0.20392776}, {"key":"jpLcK","version":2,"value":26.905605}, {"key":"vpWZB","version":1,"value":16.717878}, {"key":"i5gS9","version":0,"value":14.590195}, {"key":"Dt8g7","version":2,"value":16.57867}, {"key":"GU6GX","version":1,"value":5.696161}, {"key":"jpLcK","version":2,"value":18.880136}, {"key":"jpLcK","version":1,"value":2.277931}, {"key":"jwCXj","version":1,"value":26.904482}, {"key":"vpWZB","version":1,"value":8.614139}, {"key":"K6iHB","version":1,"value":1.9617939}, {"key":"GU6GX","version":1,"value":14.622134}, {"key":"q2osv","version":0,"value":4.962434}, {"key":"3DKyj","version":2,"value":12.817407}, {"key":"jpLcK","version":0,"value":11.156614}, {"key":"wF3xa","version":0,"value":19.874552}, {"key":"a470g","version":1,"value":26.257578}, {"key":"07ya6","version":0,"value":6.3612223}, {"key":"jpLcK","version":2,"value":7.6990747}, {"key":"sRnQG","version":2,"value":16.218485}, {"key":"i5gS9","version":0,"value":7.137622}, {"totalMessagesWritten":117,"totalMessagesProcessed":129,"totalRedisUpdates":61,"totalValueWritten":1752.4437,"totalAdded":514.5}, {"key":"3DKyj","version":0,"value":4.994832}, {"key":"uKuF2","version":0,"value":8.5594425}, {"totalMessagesWritten":119,"totalMessagesProcessed":132,"totalRedisUpdates":62,"totalValueWritten":1769.7079,"totalAdded":514.5}, {"key":"jpLcK","version":1,"value":14.793638}, {"key":"GIThL","version":2,"value":19.51564}, {"key":"Byigd","version":0,"value":27.46019}, {"totalMessagesWritten":122,"totalMessagesProcessed":136,"totalRedisUpdates":64,"totalValueWritten":1858.622,"totalAdded":525.0}, {"key":"I7PEv","version":0,"value":19.465136}, {"key":"VdA27","version":2,"value":8.862715}, {"key":"d8i2S","version":0,"value":15.685654}, {"key":"TBVcc","version":0,"value":29.84217}, {"key":"u6dxX","version":0,"value":17.004467}, {"key":"Dt8g7","version":2,"value":7.5200295}, {"key":"d8i2S","version":0,"value":12.317618}, {"key":"oGPIq","version":2,"value":15.533449}, {"key":"RW9oX","version":0,"value":17.889725}, {"totalMessagesWritten":131,"totalMessagesProcessed":146,"totalRedisUpdates":69,"totalValueWritten":2002.7429,"totalAdded":567.0}, {"key":"GZyXE","version":0,"value":15.774433}, {"totalMessagesWritten":132,"totalMessagesProcessed":148,"totalRedisUpdates":71,"totalValueWritten":2018.5173,"totalAdded":577.5}, {"totalMessagesWritten":132,"totalMessagesProcessed":149,"totalRedisUpdates":72,"totalValueWritten":2018.5173,"totalAdded":577.5}, {"key":"qlaCU","version":1,"value":27.539879}, {"totalMessagesWritten":133,"totalMessagesProcessed":151,"totalRedisUpdates":74,"totalValueWritten":2046.0573,"totalAdded":588.0}, {"key":"18H2V","version":0,"value":17.278526}, {"key":"3DKyj","version":2,"value":15.450672}, {"key":"3DKyj","version":2,"value":6.541892}, {"key":"wF3xa","version":1,"value":5.9839764}, {"key":"TBVcc","version":1,"value":23.07713}, {"key":"AkaVn","version":0,"value":14.309007}, {"key":"XPtF4","version":1,"value":14.421185}, {"key":"JtMw2","version":2,"value":21.904985}, {"key":"GU6GX","version":2,"value":19.1179}, {"key":"uKuF2","version":1,"value":1.2955582}, {"key":"XPtF4","version":1,"value":12.204293}, {"key":"oGPIq","version":0,"value":15.822783}, {"key":"HdOpG","version":2,"value":28.135696}, {"key":"73vwg","version":1,"value":13.748152}, {"key":"TBVcc","version":0,"value":11.152578}, {"key":"SP2Yi","version":1,"value":13.32507}, {"key":"wF3xa","version":0,"value":11.818298}, {"key":"i2Jll","version":0,"value":26.803007}, {"key":"i5gS9","version":2,"value":18.337622}, {"totalMessagesWritten":152,"totalMessagesProcessed":171,"totalRedisUpdates":84,"totalValueWritten":2336.7856,"totalAdded":682.5}, {"key":"qlaCU","version":0,"value":11.39337}, {"key":"P1KQA","version":2,"value":13.761555}, {"key":"3DKyj","version":2,"value":5.9105263}, {"key":"HdOpG","version":0,"value":1.498698}, {"totalMessagesWritten":156,"totalMessagesProcessed":176,"totalRedisUpdates":86,"totalValueWritten":2369.3499,"totalAdded":693.0}, {"key":"GZyXE","version":0,"value":17.228373}, {"key":"HdOpG","version":0,"value":2.6478076}, {"totalMessagesWritten":158,"totalMessagesProcessed":179,"totalRedisUpdates":87,"totalValueWritten":2469.8936,"totalAdded":693.0}, {"key":"wF3xa","version":1,"value":12.266111}, {"key":"q2osv","version":1,"value":0.80426216}, {"key":"mXIyK","version":1,"value":13.617302}, {"key":"GU6GX","version":1,"value":15.590182}, {"key":"18H2V","version":0,"value":3.9578342}, {"key":"7bQAO","version":2,"value":13.426846}, {"key":"SP2Yi","version":1,"value":10.116091}, {"key":"JtMw2","version":0,"value":14.50539}, {"key":"I7PEv","version":2,"value":5.5066133}, {"key":"TBVcc","version":1,"value":19.262564}, {"key":"DgkQY","version":1,"value":30.223232}, {"key":"m6LKL","version":2,"value":16.251675}, {"key":"qoQiW","version":0,"value":16.60381}, {"totalMessagesWritten":171,"totalMessagesProcessed":193,"totalRedisUpdates":93,"totalValueWritten":2642.025,"totalAdded":745.5}, {"key":"Dt8g7","version":0,"value":5.997863}, {"key":"I7PEv","version":1,"value":11.697135}, {"key":"m6LKL","version":0,"value":18.059208}, {"key":"Vd3Us","version":2,"value":26.208721}, {"key":"oGPIq","version":2,"value":0.47399402}, {"key":"I7PEv","version":2,"value":13.697985}, {"key":"RW9oX","version":0,"value":17.57183}, {"key":"Dt8g7","version":0,"value":13.116666}, {"key":"SP2Yi","version":1,"value":4.6372547}, {"key":"73vwg","version":0,"value":14.934077}, {"key":"qlaCU","version":1,"value":19.155453}, {"key":"nSo1B","version":2,"value":29.084812}, {"key":"jr5ML","version":0,"value":21.044695}, {"key":"JtMw2","version":1,"value":13.5199585}, {"key":"i2Jll","version":2,"value":21.323015}, {"key":"qNNGh","version":1,"value":20.726414}, {"key":"IBdNy","version":2,"value":16.514732}, {"key":"wF3xa","version":2,"value":29.450062}, {"key":"pQQFH","version":0,"value":21.693012}, {"key":"SP2Yi","version":0,"value":13.773647}, {"key":"GIThL","version":0,"value":1.4162302}, {"key":"vpWZB","version":2,"value":30.432383}, {"key":"uKuF2","version":1,"value":2.0497286}, {"key":"BPxFV","version":0,"value":17.265036}, {"key":"P1KQA","version":0,"value":7.825061}, {"key":"pQQFH","version":0,"value":2.174741}, {"key":"i5gS9","version":0,"value":2.5052655}, {"key":"GZyXE","version":0,"value":17.145788}, {"key":"SP2Yi","version":0,"value":2.2725558}, {"key":"XPtF4","version":2,"value":15.931652}, {"key":"I7PEv","version":2,"value":0.4554212}, {"key":"nSo1B","version":0,"value":10.850082}, {"key":"eU0gw","version":1,"value":12.955757}, {"key":"xFHH2","version":1,"value":28.434128}, {"totalMessagesWritten":205,"totalMessagesProcessed":228,"totalRedisUpdates":107,"totalValueWritten":3126.419,"totalAdded":882.0}, {"totalMessagesWritten":205,"totalMessagesProcessed":229,"totalRedisUpdates":108,"totalValueWritten":3126.419,"totalAdded":882.0}, {"key":"jr5ML","version":2,"value":24.464611}, {"totalMessagesWritten":206,"totalMessagesProcessed":231,"totalRedisUpdates":110,"totalValueWritten":3150.8835,"totalAdded":892.5}, {"totalMessagesWritten":206,"totalMessagesProcessed":232,"totalRedisUpdates":111,"totalValueWritten":3150.8835,"totalAdded":892.5}, {"totalMessagesWritten":206,"totalMessagesProcessed":233,"totalRedisUpdates":112,"totalValueWritten":3150.8835,"totalAdded":892.5}, {"key":"DgkQY","version":0,"value":18.265196}, {"key":"aGyF0","version":1,"value":13.801993}, {"key":"mXIyK","version":1,"value":19.331455}, {"key":"qoQiW","version":0,"value":11.196074}, {"key":"vpWZB","version":0,"value":4.226942}, {"key":"NRZWp","version":0,"value":10.5456505}, {"totalMessagesWritten":212,"totalMessagesProcessed":240,"totalRedisUpdates":115,"totalValueWritten":3228.251,"totalAdded":913.5}, {"key":"73vwg","version":2,"value":30.221025}, {"key":"g90uD","version":1,"value":24.887133}, {"key":"I7PEv","version":1,"value":11.527418}, {"key":"T33wp","version":1,"value":22.200691}, {"key":"AkaVn","version":2,"value":15.587156}, {"key":"M3SOa","version":0,"value":12.716163}, {"key":"JNQQa","version":2,"value":13.914341}, {"key":"BPxFV","version":0,"value":4.9276533}, {"key":"mXIyK","version":0,"value":12.551161}, {"key":"pQQFH","version":2,"value":13.132504}, {"key":"t4AmS","version":1,"value":27.048622}, {"key":"qoQiW","version":2,"value":24.780378}, {"key":"XPtF4","version":1,"value":14.324006}, {"key":"GZyXE","version":2,"value":21.89883}, {"key":"JNQQa","version":0,"value":17.43349}, {"key":"73vwg","version":1,"value":12.047177}, {"key":"M3SOa","version":1,"value":16.4733}, {"key":"q2osv","version":1,"value":12.232066}, {"totalMessagesWritten":230,"totalMessagesProcessed":259,"totalRedisUpdates":127,"totalValueWritten":3536.1543,"totalAdded":1029.0}, {"key":"qoQiW","version":0,"value":10.02503}, {"key":"FYhom","version":2,"value":30.126364}, {"key":"3DKyj","version":1,"value":5.8210874}, {"key":"8CDQw","version":0,"value":16.816599}, {"key":"k3tSg","version":1,"value":24.623226}, {"key":"pQQFH","version":0,"value":1.0899246}, {"key":"xFHH2","version":0,"value":14.702748}, {"key":"yrysp","version":0,"value":24.108414}, {"key":"F0XJu","version":1,"value":21.083057}, {"key":"0PoZB","version":2,"value":13.533796}, {"totalMessagesWritten":240,"totalMessagesProcessed":270,"totalRedisUpdates":134,"totalValueWritten":3698.0845,"totalAdded":1092.0}, {"key":"qlaCU","version":2,"value":16.953648}, {"key":"nQTya","version":0,"value":11.003422}, {"key":"q2osv","version":1,"value":17.860651}, {"key":"vpWZB","version":2,"value":6.9318094}, {"totalMessagesWritten":244,"totalMessagesProcessed":275,"totalRedisUpdates":137,"totalValueWritten":3750.834,"totalAdded":1113.0}, {"key":"9ULEe","version":2,"value":21.296299}, {"key":"t4AmS","version":1,"value":16.596329}, {"key":"8CDQw","version":2,"value":18.290197}, {"key":"FYhom","version":0,"value":11.418749}, {"key":"3DKyj","version":0,"value":8.669266}, {"key":"vpWZB","version":1,"value":5.9432993}, {"key":"SP2Yi","version":0,"value":11.921169}, {"key":"i5gS9","version":0,"value":5.8882165}, {"key":"ggl3x","version":2,"value":17.881397}, {"key":"FYhom","version":2,"value":4.5186377}, {"totalMessagesWritten":254,"totalMessagesProcessed":286,"totalRedisUpdates":141,"totalValueWritten":3882.836,"totalAdded":1144.5}, {"key":"k3tSg","version":1,"value":0.013540983}, {"key":"ngne2","version":2,"value":28.732716}, {"key":"JNQQa","version":0,"value":13.081623}, {"key":"AaA3a","version":1,"value":11.947758}, {"key":"BPxFV","version":2,"value":11.912436}, {"key":"P1KQA","version":2,"value":2.863375}, {"key":"pbppT","version":1,"value":30.168953}, {"key":"JNQQa","version":1,"value":12.603424}, {"key":"FahLI","version":2,"value":23.047863}, {"key":"XPtF4","version":0,"value":1.9143116}, {"key":"qlaCU","version":2,"value":10.511947}, {"key":"0PoZB","version":2,"value":15.103889}, {"key":"F0XJu","version":2,"value":24.960701}, {"key":"qNNGh","version":0,"value":13.1959305}, {"key":"q2osv","version":1,"value":12.221757}, {"key":"D9vr0","version":1,"value":29.112064}, {"key":"qNNGh","version":2,"value":25.819256}, {"key":"pHi5K","version":1,"value":23.417164}, {"key":"F0XJu","version":2,"value":12.210088}, {"key":"YueN5","version":1,"value":23.485014}, {"key":"i5gS9","version":1,"value":17.044933}, {"key":"Dt8g7","version":0,"value":13.220392}, {"key":"ggl3x","version":0,"value":12.37999}, {"key":"SP2Yi","version":0,"value":7.2713184}, {"key":"pHi5K","version":1,"value":16.42448}, {"key":"DgkQY","version":2,"value":24.087921}, {"totalMessagesWritten":280,"totalMessagesProcessed":313,"totalRedisUpdates":153,"totalValueWritten":4299.588,"totalAdded":1260.0}, {"totalMessagesWritten":280,"totalMessagesProcessed":314,"totalRedisUpdates":154,"totalValueWritten":4299.588,"totalAdded":1260.0}, {"key":"JNQQa","version":2,"value":4.050715}, {"key":"yrysp","version":0,"value":3.765211}, {"key":"3DKyj","version":1,"value":19.72966}, {"key":"k3tSg","version":2,"value":27.173172}, {"key":"aGyF0","version":0,"value":9.589314}, {"key":"EqNnn","version":0,"value":16.617777}, {"key":"9ULEe","version":0,"value":9.398506}, {"key":"GIThL","version":0,"value":5.860946}, {"key":"BPxFV","version":2,"value":19.398735}, {"key":"yrysp","version":2,"value":30.472612}, {"key":"D9vr0","version":2,"value":22.3045}, {"key":"XPtF4","version":2,"value":0.14472246}, {"key":"AaA3a","version":2,"value":18.643988}, {"key":"FYhom","version":1,"value":8.661144}, {"key":"7GZLW","version":0,"value":18.322075}, {"key":"pQQFH","version":2,"value":3.1334567}, {"key":"I7PEv","version":2,"value":13.61524}, {"key":"q2osv","version":2,"value":15.136223}, {"totalMessagesWritten":298,"totalMessagesProcessed":333,"totalRedisUpdates":161,"totalValueWritten":4601.9253,"totalAdded":1323.0}, {"key":"iKHki","version":0,"value":16.660303}, {"key":"pvYHH","version":1,"value":18.551392}, {"key":"0PoZB","version":1,"value":18.432457}, {"key":"831w0","version":2,"value":14.4497175}, {"key":"pvYHH","version":0,"value":4.8017015}, {"key":"oljmb","version":1,"value":17.329119}, {"key":"AaA3a","version":0,"value":5.263157}, {"key":"YueN5","version":0,"value":15.499485}, {"key":"AF69R","version":2,"value":11.180022}, {"key":"pvYHH","version":0,"value":15.475964}, {"key":"pHi5K","version":1,"value":1.3818872}, {"key":"qoQiW","version":1,"value":0.61206937}, {"key":"pRIjE","version":0,"value":12.890854}, {"key":"SxlxO","version":1,"value":18.601929}, {"totalMessagesWritten":312,"totalMessagesProcessed":348,"totalRedisUpdates":169,"totalValueWritten":4773.0557,"totalAdded":1396.5}, {"key":"wy9CJ","version":0,"value":21.841887}, {"key":"XPtF4","version":2,"value":12.097468}, {"key":"3DKyj","version":0,"value":19.749504}, {"key":"dunNH","version":0,"value":23.550766}, {"key":"j39NA","version":1,"value":13.289331}, {"key":"mEZoq","version":1,"value":11.716406}, {"totalMessagesWritten":318,"totalMessagesProcessed":355,"totalRedisUpdates":174,"totalValueWritten":4875.3013,"totalAdded":1438.5}, {"key":"AF69R","version":2,"value":4.1033735}, {"key":"SfiIu","version":0,"value":16.262222}, {"key":"DgkQY","version":1,"value":19.61907}, {"key":"NRZWp","version":1,"value":26.58494}, {"key":"vpWZB","version":2,"value":14.864588}, {"key":"vpWZB","version":2,"value":16.85717}, {"key":"8CDQw","version":1,"value":8.267092}, {"totalMessagesWritten":325,"totalMessagesProcessed":363,"totalRedisUpdates":177,"totalValueWritten":4981.86,"totalAdded":1459.5}, {"key":"pHi5K","version":1,"value":15.448123}, {"key":"GqbbY","version":1,"value":27.379988}, {"key":"F0XJu","version":1,"value":4.290297}, {"totalMessagesWritten":328,"totalMessagesProcessed":367,"totalRedisUpdates":179,"totalValueWritten":5028.9785,"totalAdded":1470.0}, {"key":"P1KQA","version":0,"value":16.721676}, {"key":"GZyXE","version":2,"value":10.013228}, {"key":"EbMDt","version":0,"value":12.154754}, {"key":"FYhom","version":2,"value":13.286458}, {"key":"ngne2","version":0,"value":14.075203}, {"key":"dunNH","version":2,"value":26.41194}, {"key":"wF3xa","version":0,"value":10.045823}, {"key":"qlaCU","version":2,"value":17.541193}, {"totalMessagesWritten":336,"totalMessagesProcessed":376,"totalRedisUpdates":182,"totalValueWritten":5149.229,"totalAdded":1491.0}, {"key":"wy9CJ","version":2,"value":12.387399}, {"key":"SfiIu","version":2,"value":30.38302}, {"totalMessagesWritten":338,"totalMessagesProcessed":379,"totalRedisUpdates":185,"totalValueWritten":5191.999,"totalAdded":1512.0}, {"key":"SxlxO","version":0,"value":1.8550897}, {"key":"uKuF2","version":0,"value":10.729498}, {"key":"7GZLW","version":1,"value":23.214931}, {"key":"IjO2J","version":2,"value":23.624264}, {"key":"iKHki","version":2,"value":25.911343}, {"key":"pvYHH","version":0,"value":5.969677}, {"totalMessagesWritten":344,"totalMessagesProcessed":386,"totalRedisUpdates":189,"totalValueWritten":5351.8105,"totalAdded":1543.5}, {"key":"vpWZB","version":1,"value":11.100732}, {"key":"M3SOa","version":1,"value":19.235285}, {"key":"oljmb","version":1,"value":3.9642656}, {"key":"WCFFG","version":0,"value":22.375751}, {"key":"YueN5","version":0,"value":3.5089898}, {"key":"JNQQa","version":2,"value":0.3480792}, {"key":"DgkQY","version":0,"value":5.3142204}, {"key":"D9vr0","version":2,"value":3.5387707}, {"key":"JtMw2","version":2,"value":9.929633}, {"key":"ggl3x","version":1,"value":16.932045}, {"key":"M3SOa","version":0,"value":1.9918871}, {"key":"v6amD","version":0,"value":20.8676}, {"key":"oljmb","version":2,"value":25.092491}, {"key":"pQQFH","version":2,"value":19.738417}, {"key":"e6Sw2","version":1,"value":14.548288}, {"totalMessagesWritten":359,"totalMessagesProcessed":402,"totalRedisUpdates":194,"totalValueWritten":5530.297,"totalAdded":1585.5}, {"key":"3DKyj","version":0,"value":16.9577}, {"key":"wy9CJ","version":2,"value":2.576536}, {"totalMessagesWritten":361,"totalMessagesProcessed":405,"totalRedisUpdates":195,"totalValueWritten":5644.308,"totalAdded":1585.5}, {"key":"v6amD","version":1,"value":28.494545}, {"key":"SfiIu","version":2,"value":18.702377}, {"key":"dEE3f","version":0,"value":16.404408}, {"key":"vpWZB","version":1,"value":19.143282}, {"key":"bcDKd","version":2,"value":29.370037}, {"key":"SrvGQ","version":1,"value":17.823761}, {"totalMessagesWritten":367,"totalMessagesProcessed":412,"totalRedisUpdates":200,"totalValueWritten":5774.246,"totalAdded":1627.5}, {"key":"SP2Yi","version":2,"value":30.264893}, {"totalMessagesWritten":368,"totalMessagesProcessed":414,"totalRedisUpdates":202,"totalValueWritten":5804.5107,"totalAdded":1638.0}, {"key":"HH4DN","version":0,"value":15.707758}, {"totalMessagesWritten":369,"totalMessagesProcessed":416,"totalRedisUpdates":204,"totalValueWritten":5820.2183,"totalAdded":1648.5}, {"key":"wF3xa","version":1,"value":17.526438}, {"key":"SxlxO","version":0,"value":8.26413}, {"key":"WCFFG","version":0,"value":11.3008585}, {"key":"12S3l","version":1,"value":23.271055}, {"key":"i5gS9","version":2,"value":7.784313}, {"key":"OGtSU","version":0,"value":11.67272}, {"key":"P1KQA","version":0,"value":5.879675}, {"totalMessagesWritten":376,"totalMessagesProcessed":424,"totalRedisUpdates":207,"totalValueWritten":5905.9175,"totalAdded":1669.5}, {"totalMessagesWritten":376,"totalMessagesProcessed":425,"totalRedisUpdates":208,"totalValueWritten":5905.9175,"totalAdded":1669.5}, {"key":"vpWZB","version":2,"value":5.4138327}, {"key":"IrMcn","version":0,"value":28.648993}, {"key":"HH4DN","version":2,"value":17.773787}, {"key":"TMXPd","version":0,"value":17.79742}, {"key":"dEE3f","version":0,"value":4.428686}, {"key":"GZyXE","version":0,"value":5.933076}, {"key":"AF69R","version":1,"value":6.8497124}, {"key":"YD3wR","version":0,"value":18.710402}, {"key":"1RAuM","version":2,"value":24.934229}, {"totalMessagesWritten":385,"totalMessagesProcessed":435,"totalRedisUpdates":214,"totalValueWritten":6036.4077,"totalAdded":1722.0}, {"totalMessagesWritten":385,"totalMessagesProcessed":436,"totalRedisUpdates":215,"totalValueWritten":6036.4077,"totalAdded":1722.0}, {"key":"np6eL","version":2,"value":21.359394}, {"key":"FYhom","version":0,"value":6.9486475}, {"key":"F0XJu","version":1,"value":3.2838714}, {"key":"JNQQa","version":2,"value":13.457051}, {"key":"e6Sw2","version":0,"value":2.3600173}, {"key":"evwLT","version":2,"value":30.32866}, {"key":"uKuF2","version":2,"value":28.743692}, {"key":"SrvGQ","version":1,"value":7.102926}, {"key":"Cw5SG","version":1,"value":14.624719}, {"key":"WTcmf","version":0,"value":20.306906}, {"key":"AF69R","version":0,"value":19.774982}, {"key":"ggl3x","version":0,"value":6.650008}, {"key":"bcDKd","version":0,"value":12.13025}, {"key":"pvYHH","version":0,"value":15.48905}, {"key":"0qDAj","version":2,"value":18.79815}, {"totalMessagesWritten":400,"totalMessagesProcessed":452,"totalRedisUpdates":222,"totalValueWritten":6315.5225,"totalAdded":1785.0}, {"key":"1wTG6","version":1,"value":22.58}, {"key":"ggl3x","version":1,"value":12.897123}, {"totalMessagesWritten":402,"totalMessagesProcessed":455,"totalRedisUpdates":224,"totalValueWritten":6350.9995,"totalAdded":1795.5}, {"key":"iiH3q","version":1,"value":19.975119}, {"key":"HtyED","version":2,"value":24.511875}, {"key":"SfiIu","version":2,"value":5.250169}, {"key":"7GZLW","version":0,"value":9.437197}, {"key":"iiH3q","version":2,"value":14.1679125}, {"key":"kfskg","version":0,"value":18.285172}, {"key":"IjO2J","version":2,"value":5.7395134}, {"key":"qoQiW","version":2,"value":19.764725}, {"totalMessagesWritten":410,"totalMessagesProcessed":464,"totalRedisUpdates":229,"totalValueWritten":6468.131,"totalAdded":1837.5}, {"key":"7GZLW","version":1,"value":14.493536}, {"key":"IrMcn","version":0,"value":7.111411}, {"key":"M3SOa","version":2,"value":21.51642}, {"key":"GT1Ly","version":0,"value":10.696678}, {"key":"D9vr0","version":1,"value":1.9843924}, {"key":"mEZoq","version":1,"value":13.860634}, {"key":"yrysp","version":2,"value":11.23114}, {"key":"qoQiW","version":2,"value":4.8831463}, {"key":"qNNGh","version":2,"value":3.8797855}, {"key":"uKuF2","version":2,"value":12.885052}, {"key":"EbMDt","version":0,"value":5.7214284}, {"key":"SYMrp","version":0,"value":12.381089}, {"key":"TMXPd","version":2,"value":30.07926}, {"key":"iKHki","version":2,"value":4.5905743}, {"key":"pKOGB","version":0,"value":15.871331}, {"key":"kvbgf","version":2,"value":11.342007}, {"key":"VdA27","version":2,"value":17.302904}, {"key":"D9vr0","version":1,"value":12.595401}, {"key":"mEZoq","version":1,"value":18.005775}, {"key":"evwLT","version":0,"value":8.394805}, {"key":"GZyXE","version":0,"value":16.57923}, {"key":"VVVwf","version":2,"value":20.576298}, {"key":"SfiIu","version":0,"value":1.5859258}, {"key":"k3tSg","version":1,"value":12.1704855}, {"key":"8u9GQ","version":2,"value":20.570633}, {"totalMessagesWritten":435,"totalMessagesProcessed":490,"totalRedisUpdates":238,"totalValueWritten":6778.4395,"totalAdded":1921.5}, {"key":"TjMgN","version":2,"value":28.929195}, {"key":"YueN5","version":2,"value":23.519798}, {"key":"JNQQa","version":2,"value":0.8084023}, {"totalMessagesWritten":438,"totalMessagesProcessed":494,"totalRedisUpdates":241,"totalValueWritten":6831.6973,"totalAdded":1942.5}, {"key":"np6eL","version":2,"value":17.560932}, {"key":"HH4DN","version":0,"value":4.8428917}, {"key":"12S3l","version":2,"value":27.295778}, {"key":"Ab3pk","version":0,"value":23.30272}, {"totalMessagesWritten":442,"totalMessagesProcessed":499,"totalRedisUpdates":244,"totalValueWritten":6904.6997,"totalAdded":1963.5}, {"totalMessagesWritten":442,"totalMessagesProcessed":500,"totalRedisUpdates":245,"totalValueWritten":6904.6997,"totalAdded":1963.5}]
03:01:05.168 INFO  u.a.e.a.c.AcpCw2ApplicationTests - ===============================PASSED===================================
03:01:05.168 INFO  u.a.e.a.c.AcpCw2ApplicationTests - --------------STARTING TRANSFORM TEST----------------
03:01:05.168 INFO  u.a.e.a.c.AcpCw2ApplicationTests - Generating 500 packets
03:01:05.200 INFO  u.a.e.a.c.s.RabbitMqService - Sent 500/500 messages to TransformTestRead-26862-0OXad
03:01:05.206 INFO  u.a.e.a.c.d.MessageTransformer - Transforming messages; read_queue:TransformTestRead-26862-0OXad, write_queue:TransformTestWrite-38464-R4ag4, count:500
03:01:05.206 INFO  u.a.e.a.c.s.RabbitMqService - [With Validation]Reading queue TransformTestRead-26862-0OXad: count=500
03:01:05.259 INFO  u.a.e.a.c.s.RabbitMqService - [With Validation]Received 500/500 messages in 53ms
03:01:05.259 INFO  u.a.e.a.c.s.RabbitMqService - returning: [{"key":"S5V6W","version":1,"value":14.348235}, {"key":"BVdry","version":2,"value":3.2284772}, {"key":"iGcTx","version":0,"value":1.8136191}, {"key":"BVdry","TOTAL":0.0}, {"key":"oL48S","version":0,"value":4.314064}, {"key":"S5V6W","TOTAL":0.0}, {"key":"2DEKP","version":0,"value":3.3225334}, {"key":"GKSmT","version":2,"value":9.865628}, {"key":"kLd7Y","version":2,"value":7.440339}, {"key":"oL48S","version":0,"value":19.544579}, {"key":"iGcTx","version":1,"value":3.584032}, {"key":"oL48S","version":0,"value":2.2746706}, {"key":"GpaYi","version":1,"value":19.45918}, {"key":"oL48S","TOTAL":0.0}, {"key":"iGcTx","TOTAL":0.0}, {"key":"kLd7Y","version":0,"value":11.571743}, {"key":"h88MM","version":0,"value":2.1970391}, {"key":"kLd7Y","TOTAL":81.41123}, {"key":"GpaYi","version":0,"value":4.418401}, {"key":"GKSmT","version":0,"value":0.102990866}, {"key":"GpaYi","version":2,"value":1.5468144}, {"key":"GKSmT","version":1,"value":7.991146}, {"key":"h88MM","version":2,"value":4.14703}, {"key":"ggaV9","version":0,"value":16.489304}, {"key":"GpaYi","version":2,"value":9.392862}, {"key":"IPWMh","version":1,"value":12.848233}, {"key":"Ups5X","version":2,"value":10.601926}, {"key":"fdcj9","version":0,"value":6.2685394}, {"key":"IPWMh","version":2,"value":12.337523}, {"key":"Ups5X","version":1,"value":8.611077}, {"key":"h88MM","version":1,"value":1.6814435}, {"key":"h88MM","version":1,"value":0.98623633}, {"key":"h88MM","version":2,"value":1.5890217}, {"key":"2DEKP","version":2,"value":8.476236}, {"key":"Ups5X","TOTAL":0.0}, {"key":"IPWMh","version":0,"value":0.2594924}, {"key":"jWSmx","version":0,"value":15.513617}, {"key":"2DEKP","version":1,"value":1.1636376}, {"key":"QP6vj","version":2,"value":7.8461933}, {"key":"GKSmT","TOTAL":44.419827}, {"key":"jWSmx","version":2,"value":1.4094365}, {"key":"GpaYi","version":1,"value":19.848385}, {"key":"fdcj9","version":0,"value":17.281734}, {"key":"GpaYi","version":1,"value":8.008958}, {"key":"IPWMh","version":0,"value":10.329171}, {"key":"ggaV9","TOTAL":0.0}, {"key":"IPWMh","TOTAL":0.0}, {"key":"GpaYi","version":2,"value":15.169602}, {"key":"fdcj9","version":0,"value":12.916702}, {"key":"uJywj","version":0,"value":12.544104}, {"key":"fdcj9","TOTAL":0.0}, {"key":"2DEKP","version":2,"value":15.851087}, {"key":"h88MM","version":2,"value":13.108089}, {"key":"fKXVw","version":1,"value":8.310522}, {"key":"QP6vj","version":1,"value":17.929346}, {"key":"jWSmx","version":2,"value":19.607437}, {"key":"uJywj","version":1,"value":17.099894}, {"key":"2DEKP","version":0,"value":3.3135176}, {"key":"2DEKP","version":2,"value":5.7606483}, {"key":"jWSmx","TOTAL":0.0}, {"key":"h88MM","version":1,"value":15.005179}, {"key":"2DEKP","version":2,"value":5.4141903}, {"key":"h88MM","version":1,"value":0.7213187}, {"key":"2DEKP","version":0,"value":7.41171}, {"key":"fKXVw","version":0,"value":1.4666176}, {"key":"fKXVw","TOTAL":20.495241}, {"key":"2DEKP","version":2,"value":2.508819}, {"key":"2DEKP","version":1,"value":15.484466}, {"key":"h88MM","version":1,"value":8.94986}, {"key":"h88MM","TOTAL":0.0}, {"key":"GpaYi","version":1,"value":0.26240468}, {"key":"GpaYi","TOTAL":0.0}, {"key":"lmRWc","version":0,"value":8.762631}, {"key":"uJywj","version":2,"value":13.08093}, {"key":"QP6vj","version":0,"value":16.185076}, {"key":"lmRWc","TOTAL":0.0}, {"key":"XGRng","version":0,"value":9.745082}, {"key":"uJywj","version":2,"value":9.28769}, {"key":"uJywj","TOTAL":0.0}, {"key":"1o9yj","version":2,"value":6.4263735}, {"key":"2DEKP","version":2,"value":19.455168}, {"key":"2DEKP","version":1,"value":6.4377546}, {"key":"aSIf1","version":2,"value":9.929551}, {"key":"XGRng","TOTAL":0.0}, {"key":"QP6vj","version":0,"value":16.150549}, {"key":"2DEKP","version":0,"value":13.98875}, {"key":"QP6vj","version":1,"value":5.0083017}, {"key":"2DEKP","version":0,"value":5.021541}, {"key":"QP6vj","TOTAL":0.0}, {"key":"GPelb","version":0,"value":4.213134}, {"key":"2DEKP","TOTAL":0.0}, {"key":"1o9yj","TOTAL":0.0}, {"key":"noKey","TOTAL":30.564022}, {"key":"im9C7","version":1,"value":15.20824}, {"key":"SQviX","version":2,"value":3.8709474}, {"key":"im9C7","version":2,"value":4.4797373}, {"key":"GPelb","version":2,"value":12.950515}, {"key":"4wqFv","version":1,"value":10.550012}, {"key":"SQviX","TOTAL":0.0}, {"key":"im9C7","version":1,"value":16.045788}, {"key":"aSIf1","version":0,"value":14.213995}, {"key":"im9C7","TOTAL":70.08377}, {"key":"7KWWo","version":2,"value":0.15081763}, {"key":"aSIf1","version":0,"value":13.424292}, {"key":"aSIf1","version":1,"value":14.891983}, {"key":"4wqFv","version":0,"value":6.142173}, {"key":"4wqFv","TOTAL":0.0}, {"key":"GPelb","TOTAL":0.0}, {"key":"2U3PC","version":1,"value":5.493119}, {"key":"aSIf1","TOTAL":0.0}, {"key":"fAlh1","version":0,"value":8.412958}, {"key":"df3yn","version":2,"value":7.192197}, {"key":"7KWWo","version":0,"value":2.8582644}, {"key":"fAlh1","version":1,"value":4.5736313}, {"key":"Ed88G","version":1,"value":6.1146965}, {"key":"YNVcs","version":2,"value":13.749389}, {"key":"2U3PC","version":1,"value":12.047674}, {"key":"df3yn","version":1,"value":7.69336}, {"key":"fAlh1","TOTAL":0.0}, {"key":"2U3PC","version":0,"value":2.1916115}, {"key":"7KWWo","TOTAL":31.58815}, {"key":"df3yn","version":1,"value":18.769981}, {"key":"df3yn","TOTAL":0.0}, {"key":"P6RHf","version":0,"value":19.190943}, {"key":"Ed88G","version":0,"value":13.644907}, {"key":"YNVcs","version":0,"value":0.67875266}, {"key":"kEUiW","version":2,"value":13.329755}, {"key":"P6RHf","version":1,"value":7.636442}, {"key":"2U3PC","version":0,"value":5.9103894}, {"key":"YNVcs","TOTAL":0.0}, {"key":"kEUiW","version":2,"value":18.186085}, {"key":"AKukI","version":2,"value":12.224964}, {"key":"Gdydt","version":0,"value":7.1665597}, {"key":"AKukI","TOTAL":0.0}, {"key":"kEUiW","version":0,"value":19.891865}, {"key":"P6RHf","TOTAL":12.527811}, {"key":"Ed88G","TOTAL":0.0}, {"key":"ZSvGg","version":1,"value":5.486796}, {"key":"2U3PC","version":2,"value":7.3956895}, {"key":"ZSvGg","version":1,"value":6.3936305}, {"key":"Ca9rM","version":1,"value":0.048998594}, {"key":"8Sy1X","version":2,"value":18.522078}, {"key":"Gdydt","TOTAL":0.0}, {"key":"Ca9rM","version":0,"value":19.66996}, {"key":"kEUiW","version":2,"value":15.019552}, {"key":"kEUiW","TOTAL":0.0}, {"key":"RoSsY","version":0,"value":9.856996}, {"key":"ZSvGg","TOTAL":0.0}, {"key":"2U3PC","version":0,"value":7.1858716}, {"key":"Ca9rM","version":0,"value":11.72879}, {"key":"2U3PC","version":1,"value":9.946914}, {"key":"8Sy1X","version":0,"value":11.4899025}, {"key":"8Sy1X","version":0,"value":5.4916153}, {"key":"2U3PC","version":2,"value":17.617054}, {"key":"Ca9rM","version":1,"value":0.26609778}, {"key":"8Sy1X","TOTAL":0.0}, {"key":"YrS0J","version":0,"value":11.108722}, {"key":"Ca9rM","TOTAL":42.57959}, {"key":"747L2","version":1,"value":6.001891}, {"key":"k8l0r","version":0,"value":18.417112}, {"key":"2U3PC","version":0,"value":1.8603933}, {"key":"RoSsY","version":0,"value":9.654894}, {"key":"YrS0J","version":1,"value":16.675879}, {"key":"RoSsY","version":1,"value":17.786423}, {"key":"YrS0J","TOTAL":0.0}, {"key":"k8l0r","version":0,"value":9.955366}, {"key":"xekJA","version":0,"value":10.799093}, {"key":"1l8jh","version":0,"value":10.849846}, {"key":"747L2","version":1,"value":3.9018083}, {"key":"RoSsY","version":2,"value":2.682159}, {"key":"k8l0r","version":2,"value":3.5130334}, {"key":"1l8jh","version":2,"value":1.3081586}, {"key":"2U3PC","version":1,"value":2.4449992}, {"key":"RoSsY","TOTAL":0.0}, {"key":"xekJA","version":0,"value":16.889357}, {"key":"747L2","TOTAL":0.0}, {"key":"2U3PC","version":2,"value":7.093025}, {"key":"xekJA","version":0,"value":10.08101}, {"key":"xekJA","version":1,"value":10.697919}, {"key":"2U3PC","version":2,"value":7.648572}, {"key":"2U3PC","version":0,"value":0.2586198}, {"key":"1l8jh","version":0,"value":0.3098154}, {"key":"k8l0r","TOTAL":0.0}, {"key":"RSZ40","version":2,"value":17.16761}, {"key":"2U3PC","version":1,"value":10.21048}, {"key":"1l8jh","version":0,"value":5.312749}, {"key":"1l8jh","version":2,"value":14.593365}, {"key":"2U3PC","TOTAL":93.81298}, {"key":"J6pjg","version":2,"value":10.491135}, {"key":"xekJA","TOTAL":0.0}, {"key":"i46yr","version":0,"value":15.846642}, {"key":"RSZ40","version":0,"value":9.717062}, {"key":"J6pjg","version":2,"value":11.078016}, {"key":"1l8jh","version":2,"value":10.576214}, {"key":"J6pjg","version":2,"value":7.2502766}, {"key":"1l8jh","version":1,"value":13.637789}, {"key":"AX7dg","version":0,"value":8.655985}, {"key":"i46yr","version":0,"value":10.323615}, {"key":"1l8jh","version":1,"value":4.9969587}, {"key":"1l8jh","version":1,"value":3.7187183}, {"key":"i46yr","version":1,"value":15.671874}, {"key":"J6pjg","TOTAL":0.0}, {"key":"AX7dg","version":2,"value":7.7734303}, {"key":"k3HCU","version":1,"value":10.76626}, {"key":"RSZ40","TOTAL":0.0}, {"key":"i46yr","version":0,"value":5.508503}, {"key":"AX7dg","version":2,"value":9.548393}, {"key":"i46yr","TOTAL":0.0}, {"key":"8bOhX","version":0,"value":12.483525}, {"key":"3QaQM","version":0,"value":12.756432}, {"key":"8bOhX","version":2,"value":18.46524}, {"key":"3QaQM","version":1,"value":10.480991}, {"key":"moaed","version":1,"value":1.7521667}, {"key":"fIBFP","version":0,"value":11.461063}, {"key":"8bOhX","version":2,"value":9.872342}, {"key":"moaed","TOTAL":0.0}, {"key":"AX7dg","version":0,"value":6.26305}, {"key":"k3HCU","version":1,"value":6.377325}, {"key":"Rml2G","version":0,"value":0.28196812}, {"key":"k3HCU","version":1,"value":8.670292}, {"key":"1l8jh","version":2,"value":18.70666}, {"key":"fIBFP","version":1,"value":2.092328}, {"key":"C9Ofs","version":2,"value":6.5222893}, {"key":"pbxS2","version":1,"value":8.755041}, {"key":"FClE7","version":2,"value":19.104874}, {"key":"Rml2G","version":2,"value":13.31776}, {"key":"8bOhX","version":1,"value":6.5083303}, {"key":"4xXeI","version":0,"value":11.624741}, {"key":"C9Ofs","version":2,"value":13.481231}, {"key":"Q6og6","version":1,"value":12.068905}, {"key":"k3HCU","version":1,"value":18.200583}, {"key":"AX7dg","version":1,"value":6.706569}, {"key":"FClE7","version":2,"value":17.364365}, {"key":"C9Ofs","version":0,"value":8.008379}, {"key":"8bOhX","version":1,"value":11.287417}, {"key":"AX7dg","version":1,"value":9.497213}, {"key":"Rml2G","version":1,"value":11.089063}, {"key":"AX7dg","version":0,"value":2.0638847}, {"key":"k3HCU","version":1,"value":0.96889853}, {"key":"pbxS2","TOTAL":0.0}, {"key":"1l8jh","TOTAL":0.0}, {"key":"Rml2G","version":1,"value":18.208296}, {"key":"k3HCU","version":0,"value":9.054771}, {"key":"4xXeI","version":0,"value":8.015974}, {"key":"FClE7","TOTAL":0.0}, {"key":"3QaQM","version":0,"value":6.6923914}, {"key":"3QaQM","version":1,"value":4.4833183}, {"key":"2rfQB","version":0,"value":13.45194}, {"key":"AX7dg","TOTAL":0.0}, {"key":"k3HCU","version":2,"value":3.798437}, {"key":"E6Su4","version":2,"value":12.900343}, {"key":"Jhtuq","version":1,"value":6.453638}, {"key":"Rml2G","version":2,"value":12.747594}, {"key":"E6Su4","TOTAL":35.18855}, {"key":"Rml2G","TOTAL":0.0}, {"key":"4xXeI","version":2,"value":9.3708935}, {"key":"W4mdq","version":1,"value":0.7665086}, {"key":"Jhtuq","version":1,"value":1.7168689}, {"key":"fIBFP","TOTAL":0.0}, {"key":"3QaQM","version":0,"value":5.0862384}, {"key":"8bOhX","version":1,"value":10.469713}, {"key":"Q6og6","version":0,"value":13.13737}, {"key":"f5sWr","version":2,"value":15.16981}, {"key":"2rfQB","TOTAL":0.0}, {"key":"W4mdq","version":1,"value":19.299744}, {"key":"72iTf","version":1,"value":10.648652}, {"key":"C9Ofs","version":1,"value":11.526074}, {"key":"ccPgy","version":0,"value":2.1610832}, {"key":"72iTf","version":2,"value":7.8635063}, {"key":"Jhtuq","version":1,"value":16.606773}, {"key":"8bOhX","version":2,"value":4.565748}, {"key":"Q6og6","version":2,"value":14.817341}, {"key":"pvg8F","version":0,"value":13.382236}, {"key":"I0pHM","version":1,"value":0.7358992}, {"key":"Q6og6","version":1,"value":4.083003}, {"key":"C9Ofs","version":0,"value":8.301349}, {"key":"t75KM","version":2,"value":11.553537}, {"key":"Q6og6","version":1,"value":0.2491951}, {"key":"ccPgy","version":1,"value":19.655245}, {"key":"k3HCU","version":2,"value":3.1239295}, {"key":"J2TUE","version":2,"value":9.89463}, {"key":"t75KM","version":2,"value":13.923166}, {"key":"Jhtuq","version":1,"value":0.99797606}, {"key":"C9Ofs","version":1,"value":16.919048}, {"key":"ccPgy","TOTAL":0.0}, {"key":"Q6og6","version":2,"value":10.860046}, {"key":"Jhtuq","TOTAL":0.0}, {"key":"t75KM","version":1,"value":0.03432274}, {"key":"t75KM","version":0,"value":4.772408}, {"key":"t75KM","version":0,"value":0.36244512}, {"key":"3lPhT","version":0,"value":3.818388}, {"key":"f5sWr","TOTAL":0.0}, {"key":"W4mdq","version":2,"value":0.69012403}, {"key":"J2TUE","version":2,"value":2.3300612}, {"key":"3lPhT","version":0,"value":15.190269}, {"key":"4xXeI","version":2,"value":10.81244}, {"key":"4xXeI","version":1,"value":4.774042}, {"key":"pvg8F","version":1,"value":2.035035}, {"key":"W4mdq","version":1,"value":4.3195987}, {"key":"W4mdq","version":0,"value":3.6717153}, {"key":"k3HCU","version":1,"value":1.8788481}, {"key":"wgmoN","version":0,"value":4.272338}, {"key":"t75KM","TOTAL":58.192516}, {"key":"72iTf","version":1,"value":2.5985575}, {"key":"3QaQM","version":0,"value":3.1906366}, {"key":"I0pHM","version":0,"value":13.289528}, {"key":"J2TUE","version":1,"value":14.542813}, {"key":"I0pHM","version":0,"value":15.713533}, {"key":"3lPhT","TOTAL":0.0}, {"key":"dCdiC","version":2,"value":12.682929}, {"key":"I0pHM","TOTAL":0.0}, {"key":"C9Ofs","version":2,"value":4.3584785}, {"key":"pvg8F","version":1,"value":19.979704}, {"key":"J2TUE","TOTAL":71.27341}, {"key":"4xXeI","TOTAL":0.0}, {"key":"8B8hR","version":0,"value":3.7924004}, {"key":"wgmoN","version":1,"value":13.633704}, {"key":"3QaQM","version":2,"value":14.007738}, {"key":"Q6og6","version":1,"value":19.839804}, {"key":"8B8hR","version":1,"value":1.3985789}, {"key":"XdVjD","version":1,"value":13.082893}, {"key":"Q6og6","version":1,"value":16.980137}, {"key":"3QaQM","TOTAL":0.0}, {"key":"1w3yx","version":0,"value":5.5366287}, {"key":"pvg8F","TOTAL":0.0}, {"key":"Q6og6","TOTAL":0.0}, {"key":"ZQm9N","version":0,"value":14.54938}, {"key":"XdVjD","version":0,"value":1.0800707}, {"key":"C9Ofs","version":2,"value":4.5376587}, {"key":"dCdiC","version":1,"value":15.9112215}, {"key":"1uLRY","version":1,"value":8.314011}, {"key":"C9Ofs","version":1,"value":0.7174158}, {"key":"wgmoN","TOTAL":0.0}, {"key":"W4mdq","version":0,"value":17.962624}, {"key":"ZQm9N","TOTAL":31.951988}, {"key":"dCdiC","version":1,"value":11.107226}, {"key":"r3Nl0","version":2,"value":2.5263548}, {"key":"6KGeB","version":0,"value":0.06480813}, {"key":"hJ2Ft","version":1,"value":2.6164925}, {"key":"72iTf","version":1,"value":4.975817}, {"key":"cBUYK","version":2,"value":17.652567}, {"key":"1w3yx","version":2,"value":4.055604}, {"key":"1uLRY","version":2,"value":10.490072}, {"key":"hJ2Ft","version":1,"value":7.363944}, {"key":"2Jl1K","version":0,"value":5.4199085}, {"key":"dCdiC","version":0,"value":5.388941}, {"key":"1w3yx","version":2,"value":7.8667784}, {"key":"cBUYK","version":1,"value":6.583043}, {"key":"4jgV0","version":0,"value":9.294047}, {"key":"8B8hR","version":1,"value":12.9833555}, {"key":"hJ2Ft","version":2,"value":1.1513937}, {"key":"dCdiC","TOTAL":0.0}, {"key":"8bOhX","version":0,"value":15.304087}, {"key":"Ucp4E","version":0,"value":9.877497}, {"key":"3YNw2","version":1,"value":15.552897}, {"key":"YwVdG","version":2,"value":9.004451}, {"key":"tPmTL","version":2,"value":11.070132}, {"key":"1w3yx","version":1,"value":10.544559}, {"key":"72iTf","TOTAL":0.0}, {"key":"r3Nl0","TOTAL":74.52699}, {"key":"hJ2Ft","version":2,"value":9.535282}, {"key":"k3HCU","version":1,"value":19.700151}, {"key":"6KGeB","version":2,"value":17.95097}, {"key":"hJ2Ft","version":1,"value":19.388649}, {"key":"cBUYK","TOTAL":0.0}, {"key":"C9Ofs","version":1,"value":17.35213}, {"key":"1w3yx","TOTAL":0.0}, {"key":"Ucp4E","version":0,"value":2.7732432}, {"key":"1DPUq","version":1,"value":4.3629875}, {"key":"8bOhX","version":1,"value":12.126542}, {"key":"1YKhq","version":0,"value":13.349144}, {"key":"wSwCv","version":1,"value":0.98703027}, {"key":"awYVp","version":2,"value":15.966366}, {"key":"XdVjD","version":1,"value":1.8098104}, {"key":"3YNw2","TOTAL":36.2387}, {"key":"8bOhX","version":1,"value":18.921516}, {"key":"dTr9E","version":0,"value":15.876286}, {"key":"8B8hR","version":2,"value":7.6504683}, {"key":"3SpIo","version":1,"value":16.822895}, {"key":"Fbgot","version":0,"value":12.9982815}, {"key":"eg5fo","version":0,"value":5.5512977}, {"key":"aHjvd","version":1,"value":5.451318}, {"key":"C9Ofs","TOTAL":0.0}, {"key":"HAPKN","version":0,"value":16.144411}, {"key":"1YKhq","version":1,"value":11.852388}, {"key":"8B8hR","version":1,"value":14.363036}, {"key":"W4mdq","TOTAL":0.0}, {"key":"aHjvd","version":2,"value":16.745209}, {"key":"KqqQB","version":0,"value":2.3307002}, {"key":"6KGeB","TOTAL":0.0}, {"key":"dxd1d","version":2,"value":5.6961575}, {"key":"5eTIU","version":0,"value":12.427579}, {"key":"Fbgot","version":2,"value":9.899849}, {"key":"wSwCv","version":0,"value":10.78241}, {"key":"dBRGb","version":2,"value":13.648676}, {"key":"8bOhX","version":2,"value":14.153469}, {"key":"wSwCv","version":0,"value":2.8056085}, {"key":"hJ2Ft","version":1,"value":14.80209}, {"key":"r7pMX","version":2,"value":0.10470867}, {"key":"5OZt8","version":0,"value":17.972885}, {"key":"3SpIo","version":0,"value":13.875131}, {"key":"HAPKN","version":2,"value":2.2882175}, {"key":"dBRGb","TOTAL":15.044487}, {"key":"8bOhX","version":2,"value":9.445758}, {"key":"8bOhX","version":0,"value":8.375923}, {"key":"K9BQA","version":1,"value":18.215172}, {"key":"4jgV0","version":2,"value":16.498306}, {"key":"HAPKN","version":0,"value":19.943325}, {"key":"2Jl1K","version":1,"value":18.065592}, {"key":"hJ2Ft","TOTAL":0.0}, {"key":"Ucp4E","version":2,"value":3.5979104}, {"key":"tPmTL","version":1,"value":19.195557}, {"key":"eg5fo","version":2,"value":4.362134}, {"key":"XdVjD","TOTAL":27.394522}, {"key":"Ucp4E","version":2,"value":13.303352}, {"key":"tPmTL","TOTAL":0.0}, {"key":"JMfVg","version":2,"value":17.447418}, {"key":"1DPUq","version":0,"value":8.846533}, {"key":"cCNVp","version":0,"value":7.872658}, {"key":"5OZt8","version":1,"value":2.0798075}, {"key":"8B8hR","version":2,"value":0.08904219}, {"key":"k3HCU","version":2,"value":12.992034}, {"key":"gCivR","version":0,"value":2.9098713}, {"key":"RUv6y","version":2,"value":5.6096544}, {"key":"k3HCU","version":1,"value":15.721847}, {"key":"dxd1d","version":1,"value":5.0205383}, {"key":"1DPUq","TOTAL":0.0}, {"key":"2Jl1K","version":1,"value":4.287269}, {"key":"awYVp","TOTAL":0.0}, {"key":"K9BQA","version":1,"value":17.430683}, {"key":"orUHl","version":2,"value":7.218945}, {"key":"JMfVg","version":2,"value":4.6889377}, {"key":"8bOhX","version":0,"value":10.507767}, {"key":"8B8hR","version":1,"value":15.751844}, {"key":"1IIF4","version":2,"value":11.634012}, {"key":"KqqQB","TOTAL":0.0}, {"key":"1YKhq","version":0,"value":15.822767}, {"key":"JMfVg","version":0,"value":19.41902}, {"key":"4jgV0","version":1,"value":7.275207}, {"key":"8B8hR","version":1,"value":18.17897}, {"key":"wSwCv","version":1,"value":9.752104}, {"key":"8bOhX","version":2,"value":0.36819696}, {"key":"4jgV0","version":0,"value":5.603491}, {"key":"aHjvd","version":1,"value":18.928513}, {"key":"r7pMX","version":0,"value":12.595011}, {"key":"gpGCq","version":0,"value":18.918583}, {"key":"mRvAD","version":0,"value":1.2665975}, {"key":"7kgxI","version":2,"value":18.021046}, {"key":"YYik9","version":2,"value":7.662052}, {"key":"2Jl1K","version":1,"value":9.02467}, {"key":"5eTIU","version":1,"value":10.542713}, {"key":"JMfVg","version":1,"value":0.61454415}, {"key":"8bOhX","version":1,"value":11.077743}, {"key":"HAPKN","version":2,"value":9.612019}, {"key":"Fbgot","version":2,"value":10.480301}, {"key":"7kgxI","version":2,"value":4.797043}, {"key":"8B8hR","version":1,"value":1.8839669}, {"key":"gCivR","version":1,"value":16.43883}, {"key":"i2qyI","version":1,"value":15.958483}, {"key":"cQyah","version":2,"value":12.661439}, {"key":"HAPKN","version":1,"value":12.026215}, {"key":"4jgV0","version":1,"value":5.851252}, {"key":"1uLRY","version":0,"value":4.5400896}, {"key":"gCivR","version":2,"value":6.5752926}, {"key":"wSwCv","version":1,"value":8.170301}, {"key":"3SpIo","version":2,"value":8.025787}, {"key":"1uLRY","version":2,"value":12.056581}, {"key":"k3HCU","version":0,"value":7.4029818}, {"key":"cCNVp","version":2,"value":18.912943}, {"key":"RJv68","version":2,"value":13.5491705}, {"key":"3Y5Ul","version":1,"value":13.813887}, {"key":"gpGCq","version":2,"value":11.647006}, {"key":"3SpIo","TOTAL":98.0311}, {"key":"8B8hR","version":1,"value":11.295042}, {"key":"K9BQA","TOTAL":0.0}, {"key":"eg5fo","version":0,"value":15.314387}, {"key":"r7pMX","TOTAL":0.0}, {"key":"8bOhX","TOTAL":0.0}, {"key":"5OZt8","version":0,"value":10.8759575}, {"key":"Ucp4E","TOTAL":0.0}, {"key":"aHjvd","version":1,"value":5.483018}, {"key":"mRvAD","version":0,"value":9.76748}, {"key":"7kgxI","TOTAL":0.0}, {"key":"mRvAD","version":0,"value":3.5190082}, {"key":"k3HCU","TOTAL":0.0}, {"key":"cQyah","version":1,"value":6.2579737}, {"key":"orUHl","version":1,"value":18.7547}, {"key":"Iexar","version":2,"value":19.638432}, {"key":"orUHl","version":2,"value":1.4117563}, {"key":"Fbgot","version":2,"value":15.634201}, {"key":"1IIF4","version":0,"value":14.446412}, {"key":"JMfVg","TOTAL":23.00055}, {"key":"orUHl","version":1,"value":12.785341}, {"key":"1uLRY","version":2,"value":1.1926258}, {"key":"jPjKT","version":0,"value":13.3957405}, {"key":"YwVdG","version":1,"value":4.4127617}, {"key":"YYik9","version":2,"value":12.8969345}, {"key":"i2qyI","TOTAL":49.15226}, {"key":"Fbgot","version":2,"value":7.9293385}, {"key":"5eTIU","TOTAL":0.0}]
03:01:05.262 INFO  u.a.e.a.c.d.MessageTransformer - 0% complete...
03:01:07.829 INFO  u.a.e.a.c.d.MessageTransformer - 10% complete...
03:01:10.450 INFO  u.a.e.a.c.d.MessageTransformer - 20% complete...
03:01:13.023 INFO  u.a.e.a.c.d.MessageTransformer - 30% complete...
03:01:15.576 INFO  u.a.e.a.c.d.MessageTransformer - 40% complete...
03:01:18.196 INFO  u.a.e.a.c.d.MessageTransformer - 50% complete...
03:01:20.815 INFO  u.a.e.a.c.d.MessageTransformer - 60% complete...
03:01:23.390 INFO  u.a.e.a.c.d.MessageTransformer - 70% complete...
03:01:25.979 INFO  u.a.e.a.c.d.MessageTransformer - 80% complete...
03:01:28.569 INFO  u.a.e.a.c.d.MessageTransformer - 90% complete...
03:01:31.175 INFO  u.a.e.a.c.d.MessageTransformer - 100% complete. Tranformed 500 messages
03:01:31.175 INFO  u.a.e.a.c.s.RabbitMqService - Reading queue TransformTestWrite-38464-R4ag4: count=500
03:01:31.254 INFO  u.a.e.a.c.s.RabbitMqService - Received 500/500 messages in 79ms
03:01:31.254 INFO  u.a.e.a.c.s.RabbitMqService - returning: [{"key":"S5V6W","version":1,"value":24.848236}, {"key":"BVdry","version":2,"value":13.7284775}, {"key":"iGcTx","version":0,"value":12.31362}, {"totalMessagesWritten":3,"totalMessagesProcessed":4,"totalRedisUpdates":4,"totalValueWritten":50.890335,"totalAdded":31.5}, {"key":"oL48S","version":0,"value":14.814064}, {"totalMessagesWritten":4,"totalMessagesProcessed":6,"totalRedisUpdates":6,"totalValueWritten":65.7044,"totalAdded":42.0}, {"key":"2DEKP","version":0,"value":13.822534}, {"key":"GKSmT","version":2,"value":20.365627}, {"key":"kLd7Y","version":2,"value":17.940338}, {"key":"oL48S","version":0,"value":19.544579}, {"key":"iGcTx","version":1,"value":14.084032}, {"key":"oL48S","version":0,"value":2.2746706}, {"key":"GpaYi","version":1,"value":29.95918}, {"totalMessagesWritten":11,"totalMessagesProcessed":14,"totalRedisUpdates":12,"totalValueWritten":183.69536,"totalAdded":94.5}, {"totalMessagesWritten":11,"totalMessagesProcessed":15,"totalRedisUpdates":13,"totalValueWritten":183.69536,"totalAdded":94.5}, {"key":"kLd7Y","version":0,"value":11.571743}, {"key":"h88MM","version":0,"value":12.697039}, {"totalMessagesWritten":13,"totalMessagesProcessed":18,"totalRedisUpdates":15,"totalValueWritten":289.37537,"totalAdded":105.0}, {"key":"GpaYi","version":0,"value":4.418401}, {"key":"GKSmT","version":0,"value":0.102990866}, {"key":"GpaYi","version":2,"value":12.046814}, {"key":"GKSmT","version":1,"value":7.991146}, {"key":"h88MM","version":2,"value":14.64703}, {"key":"ggaV9","version":0,"value":26.989304}, {"key":"GpaYi","version":2,"value":9.392862}, {"key":"IPWMh","version":1,"value":23.348232}, {"key":"Ups5X","version":2,"value":21.101925}, {"key":"fdcj9","version":0,"value":16.76854}, {"key":"IPWMh","version":2,"value":22.837524}, {"key":"Ups5X","version":1,"value":8.611077}, {"key":"h88MM","version":1,"value":1.6814435}, {"key":"h88MM","version":1,"value":0.98623633}, {"key":"h88MM","version":2,"value":1.5890217}, {"key":"2DEKP","version":2,"value":18.976236}, {"totalMessagesWritten":29,"totalMessagesProcessed":35,"totalRedisUpdates":24,"totalValueWritten":480.86417,"totalAdded":189.0}, {"key":"IPWMh","version":0,"value":0.2594924}, {"key":"jWSmx","version":0,"value":26.013617}, {"key":"2DEKP","version":1,"value":1.1636376}, {"key":"QP6vj","version":2,"value":18.346193}, {"totalMessagesWritten":33,"totalMessagesProcessed":40,"totalRedisUpdates":27,"totalValueWritten":571.0669,"totalAdded":210.0}, {"key":"jWSmx","version":2,"value":11.909436}, {"key":"GpaYi","version":1,"value":19.848385}, {"key":"fdcj9","version":0,"value":17.281734}, {"key":"GpaYi","version":1,"value":8.008958}, {"key":"IPWMh","version":0,"value":10.329171}, {"totalMessagesWritten":38,"totalMessagesProcessed":46,"totalRedisUpdates":29,"totalValueWritten":638.4446,"totalAdded":220.5}, {"totalMessagesWritten":38,"totalMessagesProcessed":47,"totalRedisUpdates":30,"totalValueWritten":638.4446,"totalAdded":220.5}, {"key":"GpaYi","version":2,"value":15.169602}, {"key":"fdcj9","version":0,"value":12.916702}, {"key":"uJywj","version":0,"value":23.044104}, {"totalMessagesWritten":41,"totalMessagesProcessed":51,"totalRedisUpdates":32,"totalValueWritten":689.575,"totalAdded":231.0}, {"key":"2DEKP","version":2,"value":15.851087}, {"key":"h88MM","version":2,"value":13.108089}, {"key":"fKXVw","version":1,"value":18.810522}, {"key":"QP6vj","version":1,"value":17.929346}, {"key":"jWSmx","version":2,"value":19.607437}, {"key":"uJywj","version":1,"value":27.599894}, {"key":"2DEKP","version":0,"value":3.3135176}, {"key":"2DEKP","version":2,"value":5.7606483}, {"totalMessagesWritten":49,"totalMessagesProcessed":60,"totalRedisUpdates":35,"totalValueWritten":811.55554,"totalAdded":252.0}, {"key":"h88MM","version":1,"value":15.005179}, {"key":"2DEKP","version":2,"value":5.4141903}, {"key":"h88MM","version":1,"value":0.7213187}, {"key":"2DEKP","version":0,"value":7.41171}, {"key":"fKXVw","version":0,"value":1.4666176}, {"totalMessagesWritten":54,"totalMessagesProcessed":66,"totalRedisUpdates":36,"totalValueWritten":862.06976,"totalAdded":252.0}, {"key":"2DEKP","version":2,"value":2.508819}, {"key":"2DEKP","version":1,"value":15.484466}, {"key":"h88MM","version":1,"value":8.94986}, {"totalMessagesWritten":57,"totalMessagesProcessed":70,"totalRedisUpdates":37,"totalValueWritten":889.0128,"totalAdded":252.0}, {"key":"GpaYi","version":1,"value":0.26240468}, {"totalMessagesWritten":58,"totalMessagesProcessed":72,"totalRedisUpdates":38,"totalValueWritten":889.2752,"totalAdded":252.0}, {"key":"lmRWc","version":0,"value":19.26263}, {"key":"uJywj","version":2,"value":23.580929}, {"key":"QP6vj","version":0,"value":16.185076}, {"totalMessagesWritten":61,"totalMessagesProcessed":76,"totalRedisUpdates":41,"totalValueWritten":948.30383,"totalAdded":273.0}, {"key":"XGRng","version":0,"value":20.245083}, {"key":"uJywj","version":2,"value":9.28769}, {"totalMessagesWritten":63,"totalMessagesProcessed":79,"totalRedisUpdates":43,"totalValueWritten":977.8366,"totalAdded":283.5}, {"key":"1o9yj","version":2,"value":16.926373}, {"key":"2DEKP","version":2,"value":19.455168}, {"key":"2DEKP","version":1,"value":6.4377546}, {"key":"aSIf1","version":2,"value":20.42955}, {"totalMessagesWritten":67,"totalMessagesProcessed":84,"totalRedisUpdates":46,"totalValueWritten":1041.0854,"totalAdded":304.5}, {"key":"QP6vj","version":0,"value":16.150549}, {"key":"2DEKP","version":0,"value":13.98875}, {"key":"QP6vj","version":1,"value":5.0083017}, {"key":"2DEKP","version":0,"value":5.021541}, {"totalMessagesWritten":71,"totalMessagesProcessed":89,"totalRedisUpdates":47,"totalValueWritten":1081.2545,"totalAdded":304.5}, {"key":"GPelb","version":0,"value":14.713134}, {"totalMessagesWritten":72,"totalMessagesProcessed":91,"totalRedisUpdates":49,"totalValueWritten":1095.9677,"totalAdded":315.0}, {"totalMessagesWritten":72,"totalMessagesProcessed":92,"totalRedisUpdates":50,"totalValueWritten":1095.9677,"totalAdded":315.0}, {"totalMessagesWritten":72,"totalMessagesProcessed":93,"totalRedisUpdates":50,"totalValueWritten":1126.5316,"totalAdded":315.0}, {"key":"im9C7","version":1,"value":25.70824}, {"key":"SQviX","version":2,"value":14.370947}, {"key":"im9C7","version":2,"value":14.979737}, {"key":"GPelb","version":2,"value":23.450516}, {"key":"4wqFv","version":1,"value":21.05001}, {"totalMessagesWritten":77,"totalMessagesProcessed":99,"totalRedisUpdates":56,"totalValueWritten":1226.0912,"totalAdded":367.5}, {"key":"im9C7","version":1,"value":16.045788}, {"key":"aSIf1","version":0,"value":14.213995}, {"totalMessagesWritten":79,"totalMessagesProcessed":102,"totalRedisUpdates":57,"totalValueWritten":1326.4347,"totalAdded":367.5}, {"key":"7KWWo","version":2,"value":10.650818}, {"key":"aSIf1","version":0,"value":13.424292}, {"key":"aSIf1","version":1,"value":14.891983}, {"key":"4wqFv","version":0,"value":6.142173}, {"totalMessagesWritten":83,"totalMessagesProcessed":107,"totalRedisUpdates":59,"totalValueWritten":1371.544,"totalAdded":378.0}, {"totalMessagesWritten":83,"totalMessagesProcessed":108,"totalRedisUpdates":60,"totalValueWritten":1371.544,"totalAdded":378.0}, {"key":"2U3PC","version":1,"value":15.993118}, {"totalMessagesWritten":84,"totalMessagesProcessed":110,"totalRedisUpdates":62,"totalValueWritten":1387.5371,"totalAdded":388.5}, {"key":"fAlh1","version":0,"value":18.912958}, {"key":"df3yn","version":2,"value":17.692196}, {"key":"7KWWo","version":0,"value":2.8582644}, {"key":"fAlh1","version":1,"value":15.073631}, {"key":"Ed88G","version":1,"value":16.614697}, {"key":"YNVcs","version":2,"value":24.24939}, {"key":"2U3PC","version":1,"value":12.047674}, {"key":"df3yn","version":1,"value":7.69336}, {"totalMessagesWritten":92,"totalMessagesProcessed":119,"totalRedisUpdates":68,"totalValueWritten":1502.6793,"totalAdded":441.0}, {"key":"2U3PC","version":0,"value":2.1916115}, {"totalMessagesWritten":93,"totalMessagesProcessed":121,"totalRedisUpdates":69,"totalValueWritten":1536.4591,"totalAdded":441.0}, {"key":"df3yn","version":1,"value":18.769981}, {"totalMessagesWritten":94,"totalMessagesProcessed":123,"totalRedisUpdates":70,"totalValueWritten":1555.2291,"totalAdded":441.0}, {"key":"P6RHf","version":0,"value":29.690943}, {"key":"Ed88G","version":0,"value":13.644907}, {"key":"YNVcs","version":0,"value":0.67875266}, {"key":"kEUiW","version":2,"value":23.829754}, {"key":"P6RHf","version":1,"value":18.136442}, {"key":"2U3PC","version":0,"value":5.9103894}, {"totalMessagesWritten":100,"totalMessagesProcessed":130,"totalRedisUpdates":74,"totalValueWritten":1647.1202,"totalAdded":472.5}, {"key":"kEUiW","version":2,"value":18.186085}, {"key":"AKukI","version":2,"value":22.724964}, {"key":"Gdydt","version":0,"value":17.66656}, {"totalMessagesWritten":103,"totalMessagesProcessed":134,"totalRedisUpdates":77,"totalValueWritten":1705.6978,"totalAdded":493.5}, {"key":"kEUiW","version":0,"value":19.891865}, {"totalMessagesWritten":104,"totalMessagesProcessed":136,"totalRedisUpdates":78,"totalValueWritten":1738.1174,"totalAdded":493.5}, {"totalMessagesWritten":104,"totalMessagesProcessed":137,"totalRedisUpdates":79,"totalValueWritten":1738.1174,"totalAdded":493.5}, {"key":"ZSvGg","version":1,"value":15.986795}, {"key":"2U3PC","version":2,"value":17.895689}, {"key":"ZSvGg","version":1,"value":6.3936305}, {"key":"Ca9rM","version":1,"value":10.548999}, {"key":"8Sy1X","version":2,"value":29.022078}, {"totalMessagesWritten":109,"totalMessagesProcessed":143,"totalRedisUpdates":84,"totalValueWritten":1817.9646,"totalAdded":535.5}, {"key":"Ca9rM","version":0,"value":19.66996}, {"key":"kEUiW","version":2,"value":15.019552}, {"totalMessagesWritten":111,"totalMessagesProcessed":146,"totalRedisUpdates":85,"totalValueWritten":1852.654,"totalAdded":535.5}, {"key":"RoSsY","version":0,"value":20.356995}, {"totalMessagesWritten":112,"totalMessagesProcessed":148,"totalRedisUpdates":87,"totalValueWritten":1873.011,"totalAdded":546.0}, {"key":"2U3PC","version":0,"value":7.1858716}, {"key":"Ca9rM","version":0,"value":11.72879}, {"key":"2U3PC","version":1,"value":9.946914}, {"key":"8Sy1X","version":0,"value":11.4899025}, {"key":"8Sy1X","version":0,"value":5.4916153}, {"key":"2U3PC","version":2,"value":17.617054}, {"key":"Ca9rM","version":1,"value":0.26609778}, {"totalMessagesWritten":119,"totalMessagesProcessed":156,"totalRedisUpdates":88,"totalValueWritten":1936.7372,"totalAdded":546.0}, {"key":"YrS0J","version":0,"value":21.608723}, {"totalMessagesWritten":120,"totalMessagesProcessed":158,"totalRedisUpdates":90,"totalValueWritten":2000.9255,"totalAdded":556.5}, {"key":"747L2","version":1,"value":16.501892}, {"key":"k8l0r","version":0,"value":28.917112}, {"key":"2U3PC","version":0,"value":1.8603933}, {"key":"RoSsY","version":0,"value":9.654894}, {"key":"YrS0J","version":1,"value":27.175879}, {"key":"RoSsY","version":1,"value":28.286423}, {"totalMessagesWritten":126,"totalMessagesProcessed":165,"totalRedisUpdates":95,"totalValueWritten":2113.322,"totalAdded":598.5}, {"key":"k8l0r","version":0,"value":9.955366}, {"key":"xekJA","version":0,"value":21.299093}, {"key":"1l8jh","version":0,"value":21.349846}, {"key":"747L2","version":1,"value":3.9018083}, {"key":"RoSsY","version":2,"value":13.182159}, {"key":"k8l0r","version":2,"value":14.013033}, {"key":"1l8jh","version":2,"value":11.808159}, {"key":"2U3PC","version":1,"value":2.4449992}, {"totalMessagesWritten":134,"totalMessagesProcessed":174,"totalRedisUpdates":101,"totalValueWritten":2211.2764,"totalAdded":651.0}, {"key":"xekJA","version":0,"value":16.889357}, {"totalMessagesWritten":135,"totalMessagesProcessed":176,"totalRedisUpdates":102,"totalValueWritten":2228.1658,"totalAdded":651.0}, {"key":"2U3PC","version":2,"value":7.093025}, {"key":"xekJA","version":0,"value":10.08101}, {"key":"xekJA","version":1,"value":21.197918}, {"key":"2U3PC","version":2,"value":7.648572}, {"key":"2U3PC","version":0,"value":0.2586198}, {"key":"1l8jh","version":0,"value":0.3098154}, {"totalMessagesWritten":141,"totalMessagesProcessed":183,"totalRedisUpdates":104,"totalValueWritten":2274.755,"totalAdded":661.5}, {"key":"RSZ40","version":2,"value":27.66761}, {"key":"2U3PC","version":1,"value":10.21048}, {"key":"1l8jh","version":0,"value":5.312749}, {"key":"1l8jh","version":2,"value":14.593365}, {"totalMessagesWritten":145,"totalMessagesProcessed":188,"totalRedisUpdates":106,"totalValueWritten":2426.352,"totalAdded":672.0}, {"key":"J6pjg","version":2,"value":20.991135}, {"totalMessagesWritten":146,"totalMessagesProcessed":190,"totalRedisUpdates":108,"totalValueWritten":2447.3433,"totalAdded":682.5}, {"key":"i46yr","version":0,"value":26.346642}, {"key":"RSZ40","version":0,"value":9.717062}, {"key":"J6pjg","version":2,"value":11.078016}, {"key":"1l8jh","version":2,"value":10.576214}, {"key":"J6pjg","version":2,"value":7.2502766}, {"key":"1l8jh","version":1,"value":13.637789}, {"key":"AX7dg","version":0,"value":19.155985}, {"key":"i46yr","version":0,"value":10.323615}, {"key":"1l8jh","version":1,"value":4.9969587}, {"key":"1l8jh","version":1,"value":3.7187183}, {"key":"i46yr","version":1,"value":26.171875}, {"totalMessagesWritten":157,"totalMessagesProcessed":202,"totalRedisUpdates":112,"totalValueWritten":2590.3167,"totalAdded":714.0}, {"key":"AX7dg","version":2,"value":18.27343}, {"key":"k3HCU","version":1,"value":21.26626}, {"totalMessagesWritten":159,"totalMessagesProcessed":205,"totalRedisUpdates":115,"totalValueWritten":2629.8564,"totalAdded":735.0}, {"key":"i46yr","version":0,"value":5.508503}, {"key":"AX7dg","version":2,"value":9.548393}, {"totalMessagesWritten":161,"totalMessagesProcessed":208,"totalRedisUpdates":116,"totalValueWritten":2644.9133,"totalAdded":735.0}, {"key":"8bOhX","version":0,"value":22.983524}, {"key":"3QaQM","version":0,"value":23.256432}, {"key":"8bOhX","version":2,"value":28.96524}, {"key":"3QaQM","version":1,"value":20.980991}, {"key":"moaed","version":1,"value":12.252167}, {"key":"fIBFP","version":0,"value":21.961063}, {"key":"8bOhX","version":2,"value":9.872342}, {"totalMessagesWritten":168,"totalMessagesProcessed":216,"totalRedisUpdates":123,"totalValueWritten":2785.1853,"totalAdded":798.0}, {"key":"AX7dg","version":0,"value":6.26305}, {"key":"k3HCU","version":1,"value":6.377325}, {"key":"Rml2G","version":0,"value":10.781968}, {"key":"k3HCU","version":1,"value":8.670292}, {"key":"1l8jh","version":2,"value":18.70666}, {"key":"fIBFP","version":1,"value":12.592328}, {"key":"C9Ofs","version":2,"value":17.02229}, {"key":"pbxS2","version":1,"value":19.255041}, {"key":"FClE7","version":2,"value":29.604874}, {"key":"Rml2G","version":2,"value":23.81776}, {"key":"8bOhX","version":1,"value":6.5083303}, {"key":"4xXeI","version":0,"value":22.12474}, {"key":"C9Ofs","version":2,"value":13.481231}, {"key":"Q6og6","version":1,"value":22.568905}, {"key":"k3HCU","version":1,"value":18.200583}, {"key":"AX7dg","version":1,"value":6.706569}, {"key":"FClE7","version":2,"value":17.364365}, {"key":"C9Ofs","version":0,"value":8.008379}, {"key":"8bOhX","version":1,"value":11.287417}, {"key":"AX7dg","version":1,"value":9.497213}, {"key":"Rml2G","version":1,"value":11.089063}, {"key":"AX7dg","version":0,"value":2.0638847}, {"key":"k3HCU","version":1,"value":0.96889853}, {"totalMessagesWritten":191,"totalMessagesProcessed":240,"totalRedisUpdates":132,"totalValueWritten":3088.1467,"totalAdded":882.0}, {"totalMessagesWritten":191,"totalMessagesProcessed":241,"totalRedisUpdates":133,"totalValueWritten":3088.1467,"totalAdded":882.0}, {"key":"Rml2G","version":1,"value":18.208296}, {"key":"k3HCU","version":0,"value":9.054771}, {"key":"4xXeI","version":0,"value":8.015974}, {"totalMessagesWritten":194,"totalMessagesProcessed":245,"totalRedisUpdates":134,"totalValueWritten":3123.4255,"totalAdded":882.0}, {"key":"3QaQM","version":0,"value":6.6923914}, {"key":"3QaQM","version":1,"value":4.4833183}, {"key":"2rfQB","version":0,"value":23.951939}, {"totalMessagesWritten":197,"totalMessagesProcessed":249,"totalRedisUpdates":136,"totalValueWritten":3158.5532,"totalAdded":892.5}, {"key":"k3HCU","version":2,"value":14.298437}, {"key":"E6Su4","version":2,"value":23.400343}, {"key":"Jhtuq","version":1,"value":16.953638}, {"key":"Rml2G","version":2,"value":12.747594}, {"totalMessagesWritten":201,"totalMessagesProcessed":254,"totalRedisUpdates":140,"totalValueWritten":3261.1416,"totalAdded":924.0}, {"totalMessagesWritten":201,"totalMessagesProcessed":255,"totalRedisUpdates":141,"totalValueWritten":3261.1416,"totalAdded":924.0}, {"key":"4xXeI","version":2,"value":19.870893}, {"key":"W4mdq","version":1,"value":11.266508}, {"key":"Jhtuq","version":1,"value":1.7168689}, {"totalMessagesWritten":204,"totalMessagesProcessed":259,"totalRedisUpdates":144,"totalValueWritten":3293.9958,"totalAdded":945.0}, {"key":"3QaQM","version":0,"value":5.0862384}, {"key":"8bOhX","version":1,"value":10.469713}, {"key":"Q6og6","version":0,"value":13.13737}, {"key":"f5sWr","version":2,"value":25.669811}, {"totalMessagesWritten":208,"totalMessagesProcessed":264,"totalRedisUpdates":146,"totalValueWritten":3348.3591,"totalAdded":955.5}, {"key":"W4mdq","version":1,"value":19.299744}, {"key":"72iTf","version":1,"value":21.148651}, {"key":"C9Ofs","version":1,"value":11.526074}, {"key":"ccPgy","version":0,"value":12.661083}, {"key":"72iTf","version":2,"value":18.363506}, {"key":"Jhtuq","version":1,"value":16.606773}, {"key":"8bOhX","version":2,"value":4.565748}, {"key":"Q6og6","version":2,"value":25.31734}, {"key":"pvg8F","version":0,"value":23.882236}, {"key":"I0pHM","version":1,"value":11.235899}, {"key":"Q6og6","version":1,"value":4.083003}, {"key":"C9Ofs","version":0,"value":8.301349}, {"key":"t75KM","version":2,"value":22.053537}, {"key":"Q6og6","version":1,"value":0.2491951}, {"key":"ccPgy","version":1,"value":30.155245}, {"key":"k3HCU","version":2,"value":3.1239295}, {"key":"J2TUE","version":2,"value":20.39463}, {"key":"t75KM","version":2,"value":13.923166}, {"key":"Jhtuq","version":1,"value":0.99797606}, {"key":"C9Ofs","version":1,"value":16.919048}, {"totalMessagesWritten":228,"totalMessagesProcessed":285,"totalRedisUpdates":156,"totalValueWritten":3633.1672,"totalAdded":1050.0}, {"key":"Q6og6","version":2,"value":10.860046}, {"totalMessagesWritten":229,"totalMessagesProcessed":287,"totalRedisUpdates":157,"totalValueWritten":3644.0273,"totalAdded":1050.0}, {"key":"t75KM","version":1,"value":0.03432274}, {"key":"t75KM","version":0,"value":4.772408}, {"key":"t75KM","version":0,"value":0.36244512}, {"key":"3lPhT","version":0,"value":14.318388}, {"totalMessagesWritten":233,"totalMessagesProcessed":292,"totalRedisUpdates":159,"totalValueWritten":3663.5151,"totalAdded":1060.5}, {"key":"W4mdq","version":2,"value":11.1901245}, {"key":"J2TUE","version":2,"value":2.3300612}, {"key":"3lPhT","version":0,"value":15.190269}, {"key":"4xXeI","version":2,"value":10.81244}, {"key":"4xXeI","version":1,"value":4.774042}, {"key":"pvg8F","version":1,"value":12.535035}, {"key":"W4mdq","version":1,"value":4.3195987}, {"key":"W4mdq","version":0,"value":3.6717153}, {"key":"k3HCU","version":1,"value":1.8788481}, {"key":"wgmoN","version":0,"value":14.772338}, {"totalMessagesWritten":243,"totalMessagesProcessed":303,"totalRedisUpdates":163,"totalValueWritten":3803.1821,"totalAdded":1092.0}, {"key":"72iTf","version":1,"value":2.5985575}, {"key":"3QaQM","version":0,"value":3.1906366}, {"key":"I0pHM","version":0,"value":13.289528}, {"key":"J2TUE","version":1,"value":14.542813}, {"key":"I0pHM","version":0,"value":15.713533}, {"totalMessagesWritten":248,"totalMessagesProcessed":309,"totalRedisUpdates":164,"totalValueWritten":3852.5173,"totalAdded":1092.0}, {"key":"dCdiC","version":2,"value":23.18293}, {"totalMessagesWritten":249,"totalMessagesProcessed":311,"totalRedisUpdates":166,"totalValueWritten":3875.7002,"totalAdded":1102.5}, {"key":"C9Ofs","version":2,"value":4.3584785}, {"key":"pvg8F","version":1,"value":19.979704}, {"totalMessagesWritten":251,"totalMessagesProcessed":314,"totalRedisUpdates":167,"totalValueWritten":3971.3118,"totalAdded":1102.5}, {"totalMessagesWritten":251,"totalMessagesProcessed":315,"totalRedisUpdates":168,"totalValueWritten":3971.3118,"totalAdded":1102.5}, {"key":"8B8hR","version":0,"value":14.2924}, {"key":"wgmoN","version":1,"value":24.133705}, {"key":"3QaQM","version":2,"value":24.507738}, {"key":"Q6og6","version":1,"value":19.839804}, {"key":"8B8hR","version":1,"value":11.898579}, {"key":"XdVjD","version":1,"value":23.582893}, {"key":"Q6og6","version":1,"value":16.980137}, {"totalMessagesWritten":258,"totalMessagesProcessed":323,"totalRedisUpdates":174,"totalValueWritten":4106.5474,"totalAdded":1155.0}, {"key":"1w3yx","version":0,"value":16.036629}, {"totalMessagesWritten":259,"totalMessagesProcessed":325,"totalRedisUpdates":176,"totalValueWritten":4122.584,"totalAdded":1165.5}, {"totalMessagesWritten":259,"totalMessagesProcessed":326,"totalRedisUpdates":177,"totalValueWritten":4122.584,"totalAdded":1165.5}, {"key":"ZQm9N","version":0,"value":25.049381}, {"key":"XdVjD","version":0,"value":1.0800707}, {"key":"C9Ofs","version":2,"value":4.5376587}, {"key":"dCdiC","version":1,"value":15.9112215}, {"key":"1uLRY","version":1,"value":18.81401}, {"key":"C9Ofs","version":1,"value":0.7174158}, {"totalMessagesWritten":265,"totalMessagesProcessed":333,"totalRedisUpdates":180,"totalValueWritten":4188.6934,"totalAdded":1186.5}, {"key":"W4mdq","version":0,"value":17.962624}, {"totalMessagesWritten":266,"totalMessagesProcessed":335,"totalRedisUpdates":181,"totalValueWritten":4238.608,"totalAdded":1186.5}, {"key":"dCdiC","version":1,"value":11.107226}, {"key":"r3Nl0","version":2,"value":13.026355}, {"key":"6KGeB","version":0,"value":10.564808}, {"key":"hJ2Ft","version":1,"value":13.116492}, {"key":"72iTf","version":1,"value":4.975817}, {"key":"cBUYK","version":2,"value":28.152567}, {"key":"1w3yx","version":2,"value":14.555604}, {"key":"1uLRY","version":2,"value":20.990072}, {"key":"hJ2Ft","version":1,"value":7.363944}, {"key":"2Jl1K","version":0,"value":15.919909}, {"key":"dCdiC","version":0,"value":5.388941}, {"key":"1w3yx","version":2,"value":7.8667784}, {"key":"cBUYK","version":1,"value":6.583043}, {"key":"4jgV0","version":0,"value":19.794048}, {"key":"8B8hR","version":1,"value":12.9833555}, {"key":"hJ2Ft","version":2,"value":11.651394}, {"totalMessagesWritten":282,"totalMessagesProcessed":352,"totalRedisUpdates":191,"totalValueWritten":4442.6484,"totalAdded":1281.0}, {"key":"8bOhX","version":0,"value":15.304087}, {"key":"Ucp4E","version":0,"value":20.377497}, {"key":"3YNw2","version":1,"value":26.052898}, {"key":"YwVdG","version":2,"value":19.504452}, {"key":"tPmTL","version":2,"value":21.570133}, {"key":"1w3yx","version":1,"value":10.544559}, {"totalMessagesWritten":288,"totalMessagesProcessed":359,"totalRedisUpdates":196,"totalValueWritten":4556.002,"totalAdded":1323.0}, {"totalMessagesWritten":288,"totalMessagesProcessed":360,"totalRedisUpdates":197,"totalValueWritten":4630.529,"totalAdded":1323.0}, {"key":"hJ2Ft","version":2,"value":9.535282}, {"key":"k3HCU","version":1,"value":19.700151}, {"key":"6KGeB","version":2,"value":28.45097}, {"key":"hJ2Ft","version":1,"value":19.388649}, {"totalMessagesWritten":292,"totalMessagesProcessed":365,"totalRedisUpdates":199,"totalValueWritten":4707.604,"totalAdded":1333.5}, {"key":"C9Ofs","version":1,"value":17.35213}, {"totalMessagesWritten":293,"totalMessagesProcessed":367,"totalRedisUpdates":200,"totalValueWritten":4724.956,"totalAdded":1333.5}, {"key":"Ucp4E","version":0,"value":2.7732432}, {"key":"1DPUq","version":1,"value":14.8629875}, {"key":"8bOhX","version":1,"value":12.126542}, {"key":"1YKhq","version":0,"value":23.849144}, {"key":"wSwCv","version":1,"value":11.48703}, {"key":"awYVp","version":2,"value":26.466366}, {"key":"XdVjD","version":1,"value":1.8098104}, {"totalMessagesWritten":300,"totalMessagesProcessed":375,"totalRedisUpdates":205,"totalValueWritten":4854.5693,"totalAdded":1375.5}, {"key":"8bOhX","version":1,"value":18.921516}, {"key":"dTr9E","version":0,"value":26.376286}, {"key":"8B8hR","version":2,"value":18.150469}, {"key":"3SpIo","version":1,"value":27.322895}, {"key":"Fbgot","version":0,"value":23.498281}, {"key":"eg5fo","version":0,"value":16.051298}, {"key":"aHjvd","version":1,"value":15.951318}, {"totalMessagesWritten":307,"totalMessagesProcessed":383,"totalRedisUpdates":212,"totalValueWritten":5000.841,"totalAdded":1438.5}, {"key":"HAPKN","version":0,"value":26.644411}, {"key":"1YKhq","version":1,"value":22.352388}, {"key":"8B8hR","version":1,"value":14.363036}, {"totalMessagesWritten":310,"totalMessagesProcessed":387,"totalRedisUpdates":215,"totalValueWritten":5064.2007,"totalAdded":1459.5}, {"key":"aHjvd","version":2,"value":27.245209}, {"key":"KqqQB","version":0,"value":12.8307}, {"totalMessagesWritten":312,"totalMessagesProcessed":390,"totalRedisUpdates":218,"totalValueWritten":5104.2764,"totalAdded":1480.5}, {"key":"dxd1d","version":2,"value":16.196157}, {"key":"5eTIU","version":0,"value":22.927578}, {"key":"Fbgot","version":2,"value":20.399849}, {"key":"wSwCv","version":0,"value":10.78241}, {"key":"dBRGb","version":2,"value":24.148676}, {"key":"8bOhX","version":2,"value":14.153469}, {"key":"wSwCv","version":0,"value":2.8056085}, {"key":"hJ2Ft","version":1,"value":14.80209}, {"key":"r7pMX","version":2,"value":10.604709}, {"key":"5OZt8","version":0,"value":28.472885}, {"key":"3SpIo","version":0,"value":13.875131}, {"key":"HAPKN","version":2,"value":12.788218}, {"totalMessagesWritten":324,"totalMessagesProcessed":403,"totalRedisUpdates":226,"totalValueWritten":5311.277,"totalAdded":1554.0}, {"key":"8bOhX","version":2,"value":9.445758}, {"key":"8bOhX","version":0,"value":8.375923}, {"key":"K9BQA","version":1,"value":28.715172}, {"key":"4jgV0","version":2,"value":26.998306}, {"key":"HAPKN","version":0,"value":19.943325}, {"key":"2Jl1K","version":1,"value":28.565592}, {"totalMessagesWritten":330,"totalMessagesProcessed":410,"totalRedisUpdates":230,"totalValueWritten":5433.3213,"totalAdded":1585.5}, {"key":"Ucp4E","version":2,"value":14.09791}, {"key":"tPmTL","version":1,"value":19.195557}, {"key":"eg5fo","version":2,"value":14.862134}, {"totalMessagesWritten":333,"totalMessagesProcessed":414,"totalRedisUpdates":233,"totalValueWritten":5508.872,"totalAdded":1606.5}, {"key":"Ucp4E","version":2,"value":13.303352}, {"totalMessagesWritten":334,"totalMessagesProcessed":416,"totalRedisUpdates":234,"totalValueWritten":5522.1753,"totalAdded":1606.5}, {"key":"JMfVg","version":2,"value":27.947418}, {"key":"1DPUq","version":0,"value":8.846533}, {"key":"cCNVp","version":0,"value":18.372658}, {"key":"5OZt8","version":1,"value":12.579807}, {"key":"8B8hR","version":2,"value":0.08904219}, {"key":"k3HCU","version":2,"value":12.992034}, {"key":"gCivR","version":0,"value":13.409871}, {"key":"RUv6y","version":2,"value":16.109653}, {"key":"k3HCU","version":1,"value":15.721847}, {"key":"dxd1d","version":1,"value":5.0205383}, {"totalMessagesWritten":344,"totalMessagesProcessed":427,"totalRedisUpdates":240,"totalValueWritten":5653.264,"totalAdded":1659.0}, {"key":"2Jl1K","version":1,"value":4.287269}, {"totalMessagesWritten":345,"totalMessagesProcessed":429,"totalRedisUpdates":241,"totalValueWritten":5657.5513,"totalAdded":1659.0}, {"key":"K9BQA","version":1,"value":17.430683}, {"key":"orUHl","version":2,"value":17.718945}, {"key":"JMfVg","version":2,"value":4.6889377}, {"key":"8bOhX","version":0,"value":10.507767}, {"key":"8B8hR","version":1,"value":15.751844}, {"key":"1IIF4","version":2,"value":22.134012}, {"totalMessagesWritten":351,"totalMessagesProcessed":436,"totalRedisUpdates":244,"totalValueWritten":5745.783,"totalAdded":1680.0}, {"key":"1YKhq","version":0,"value":15.822767}, {"key":"JMfVg","version":0,"value":19.41902}, {"key":"4jgV0","version":1,"value":7.275207}, {"key":"8B8hR","version":1,"value":18.17897}, {"key":"wSwCv","version":1,"value":9.752104}, {"key":"8bOhX","version":2,"value":0.36819696}, {"key":"4jgV0","version":0,"value":5.603491}, {"key":"aHjvd","version":1,"value":18.928513}, {"key":"r7pMX","version":0,"value":12.595011}, {"key":"gpGCq","version":0,"value":29.418583}, {"key":"mRvAD","version":0,"value":11.766598}, {"key":"7kgxI","version":2,"value":28.521046}, {"key":"YYik9","version":2,"value":18.162052}, {"key":"2Jl1K","version":1,"value":9.02467}, {"key":"5eTIU","version":1,"value":21.042713}, {"key":"JMfVg","version":1,"value":0.61454415}, {"key":"8bOhX","version":1,"value":11.077743}, {"key":"HAPKN","version":2,"value":9.612019}, {"key":"Fbgot","version":2,"value":10.480301}, {"key":"7kgxI","version":2,"value":4.797043}, {"key":"8B8hR","version":1,"value":1.8839669}, {"key":"gCivR","version":1,"value":26.93883}, {"key":"i2qyI","version":1,"value":26.458483}, {"key":"cQyah","version":2,"value":23.161438}, {"key":"HAPKN","version":1,"value":12.026215}, {"key":"4jgV0","version":1,"value":5.851252}, {"key":"1uLRY","version":0,"value":4.5400896}, {"key":"gCivR","version":2,"value":17.075293}, {"key":"wSwCv","version":1,"value":8.170301}, {"key":"3SpIo","version":2,"value":18.525787}, {"key":"1uLRY","version":2,"value":12.056581}, {"key":"k3HCU","version":0,"value":7.4029818}, {"key":"cCNVp","version":2,"value":29.412943}, {"key":"RJv68","version":2,"value":24.049171}, {"key":"3Y5Ul","version":1,"value":24.313887}, {"key":"gpGCq","version":2,"value":22.147007}, {"totalMessagesWritten":387,"totalMessagesProcessed":473,"totalRedisUpdates":259,"totalValueWritten":6370.29,"totalAdded":1827.0}, {"key":"8B8hR","version":1,"value":11.295042}, {"totalMessagesWritten":388,"totalMessagesProcessed":475,"totalRedisUpdates":260,"totalValueWritten":6381.585,"totalAdded":1827.0}, {"key":"eg5fo","version":0,"value":15.314387}, {"totalMessagesWritten":389,"totalMessagesProcessed":477,"totalRedisUpdates":261,"totalValueWritten":6396.8994,"totalAdded":1827.0}, {"totalMessagesWritten":389,"totalMessagesProcessed":478,"totalRedisUpdates":262,"totalValueWritten":6396.8994,"totalAdded":1827.0}, {"key":"5OZt8","version":0,"value":10.8759575}, {"totalMessagesWritten":390,"totalMessagesProcessed":480,"totalRedisUpdates":263,"totalValueWritten":6407.7754,"totalAdded":1827.0}, {"key":"aHjvd","version":1,"value":5.483018}, {"key":"mRvAD","version":0,"value":9.76748}, {"totalMessagesWritten":392,"totalMessagesProcessed":483,"totalRedisUpdates":264,"totalValueWritten":6423.026,"totalAdded":1827.0}, {"key":"mRvAD","version":0,"value":3.5190082}, {"totalMessagesWritten":393,"totalMessagesProcessed":485,"totalRedisUpdates":265,"totalValueWritten":6426.545,"totalAdded":1827.0}, {"key":"cQyah","version":1,"value":6.2579737}, {"key":"orUHl","version":1,"value":18.7547}, {"key":"Iexar","version":2,"value":30.138432}, {"key":"orUHl","version":2,"value":1.4117563}, {"key":"Fbgot","version":2,"value":15.634201}, {"key":"1IIF4","version":0,"value":14.446412}, {"totalMessagesWritten":399,"totalMessagesProcessed":492,"totalRedisUpdates":267,"totalValueWritten":6536.189,"totalAdded":1837.5}, {"key":"orUHl","version":1,"value":12.785341}, {"key":"1uLRY","version":2,"value":1.1926258}, {"key":"jPjKT","version":0,"value":23.89574}, {"key":"YwVdG","version":1,"value":4.4127617}, {"key":"YYik9","version":2,"value":12.8969345}, {"totalMessagesWritten":404,"totalMessagesProcessed":498,"totalRedisUpdates":269,"totalValueWritten":6640.524,"totalAdded":1848.0}, {"key":"Fbgot","version":2,"value":7.9293385}, {"totalMessagesWritten":405,"totalMessagesProcessed":500,"totalRedisUpdates":270,"totalValueWritten":6648.453,"totalAdded":1848.0}]
03:01:32.962 INFO  u.a.e.a.c.s.RabbitMqService - Sent 500/500 messages to TransformTestRead-59978-QzfXu
03:01:32.962 INFO  u.a.e.a.c.d.MessageTransformer - Transforming messages; read_queue:TransformTestRead-59978-QzfXu, write_queue:TransformTestWrite-35854-eYaYA, count:500
03:01:32.962 INFO  u.a.e.a.c.s.RabbitMqService - [With Validation]Reading queue TransformTestRead-59978-QzfXu: count=500
03:01:33.034 INFO  u.a.e.a.c.s.RabbitMqService - [With Validation]Received 500/500 messages in 72ms
03:01:33.034 INFO  u.a.e.a.c.s.RabbitMqService - returning: [{"key":"S5V6W","version":1,"value":14.348235}, {"key":"BVdry","version":2,"value":3.2284772}, {"key":"iGcTx","version":0,"value":1.8136191}, {"key":"BVdry","TOTAL":0.0}, {"key":"oL48S","version":0,"value":4.314064}, {"key":"S5V6W","TOTAL":0.0}, {"key":"2DEKP","version":0,"value":3.3225334}, {"key":"GKSmT","version":2,"value":9.865628}, {"key":"kLd7Y","version":2,"value":7.440339}, {"key":"oL48S","version":0,"value":19.544579}, {"key":"iGcTx","version":1,"value":3.584032}, {"key":"oL48S","version":0,"value":2.2746706}, {"key":"GpaYi","version":1,"value":19.45918}, {"key":"oL48S","TOTAL":0.0}, {"key":"iGcTx","TOTAL":0.0}, {"key":"kLd7Y","version":0,"value":11.571743}, {"key":"h88MM","version":0,"value":2.1970391}, {"key":"kLd7Y","TOTAL":81.41123}, {"key":"GpaYi","version":0,"value":4.418401}, {"key":"GKSmT","version":0,"value":0.102990866}, {"key":"GpaYi","version":2,"value":1.5468144}, {"key":"GKSmT","version":1,"value":7.991146}, {"key":"h88MM","version":2,"value":4.14703}, {"key":"ggaV9","version":0,"value":16.489304}, {"key":"GpaYi","version":2,"value":9.392862}, {"key":"IPWMh","version":1,"value":12.848233}, {"key":"Ups5X","version":2,"value":10.601926}, {"key":"fdcj9","version":0,"value":6.2685394}, {"key":"IPWMh","version":2,"value":12.337523}, {"key":"Ups5X","version":1,"value":8.611077}, {"key":"h88MM","version":1,"value":1.6814435}, {"key":"h88MM","version":1,"value":0.98623633}, {"key":"h88MM","version":2,"value":1.5890217}, {"key":"2DEKP","version":2,"value":8.476236}, {"key":"Ups5X","TOTAL":0.0}, {"key":"IPWMh","version":0,"value":0.2594924}, {"key":"jWSmx","version":0,"value":15.513617}, {"key":"2DEKP","version":1,"value":1.1636376}, {"key":"QP6vj","version":2,"value":7.8461933}, {"key":"GKSmT","TOTAL":44.419827}, {"key":"jWSmx","version":2,"value":1.4094365}, {"key":"GpaYi","version":1,"value":19.848385}, {"key":"fdcj9","version":0,"value":17.281734}, {"key":"GpaYi","version":1,"value":8.008958}, {"key":"IPWMh","version":0,"value":10.329171}, {"key":"ggaV9","TOTAL":0.0}, {"key":"IPWMh","TOTAL":0.0}, {"key":"GpaYi","version":2,"value":15.169602}, {"key":"fdcj9","version":0,"value":12.916702}, {"key":"uJywj","version":0,"value":12.544104}, {"key":"fdcj9","TOTAL":0.0}, {"key":"2DEKP","version":2,"value":15.851087}, {"key":"h88MM","version":2,"value":13.108089}, {"key":"fKXVw","version":1,"value":8.310522}, {"key":"QP6vj","version":1,"value":17.929346}, {"key":"jWSmx","version":2,"value":19.607437}, {"key":"uJywj","version":1,"value":17.099894}, {"key":"2DEKP","version":0,"value":3.3135176}, {"key":"2DEKP","version":2,"value":5.7606483}, {"key":"jWSmx","TOTAL":0.0}, {"key":"h88MM","version":1,"value":15.005179}, {"key":"2DEKP","version":2,"value":5.4141903}, {"key":"h88MM","version":1,"value":0.7213187}, {"key":"2DEKP","version":0,"value":7.41171}, {"key":"fKXVw","version":0,"value":1.4666176}, {"key":"fKXVw","TOTAL":20.495241}, {"key":"2DEKP","version":2,"value":2.508819}, {"key":"2DEKP","version":1,"value":15.484466}, {"key":"h88MM","version":1,"value":8.94986}, {"key":"h88MM","TOTAL":0.0}, {"key":"GpaYi","version":1,"value":0.26240468}, {"key":"GpaYi","TOTAL":0.0}, {"key":"lmRWc","version":0,"value":8.762631}, {"key":"uJywj","version":2,"value":13.08093}, {"key":"QP6vj","version":0,"value":16.185076}, {"key":"lmRWc","TOTAL":0.0}, {"key":"XGRng","version":0,"value":9.745082}, {"key":"uJywj","version":2,"value":9.28769}, {"key":"uJywj","TOTAL":0.0}, {"key":"1o9yj","version":2,"value":6.4263735}, {"key":"2DEKP","version":2,"value":19.455168}, {"key":"2DEKP","version":1,"value":6.4377546}, {"key":"aSIf1","version":2,"value":9.929551}, {"key":"XGRng","TOTAL":0.0}, {"key":"QP6vj","version":0,"value":16.150549}, {"key":"2DEKP","version":0,"value":13.98875}, {"key":"QP6vj","version":1,"value":5.0083017}, {"key":"2DEKP","version":0,"value":5.021541}, {"key":"QP6vj","TOTAL":0.0}, {"key":"GPelb","version":0,"value":4.213134}, {"key":"2DEKP","TOTAL":0.0}, {"key":"1o9yj","TOTAL":0.0}, {"key":"noKey","TOTAL":30.564022}, {"key":"im9C7","version":1,"value":15.20824}, {"key":"SQviX","version":2,"value":3.8709474}, {"key":"im9C7","version":2,"value":4.4797373}, {"key":"GPelb","version":2,"value":12.950515}, {"key":"4wqFv","version":1,"value":10.550012}, {"key":"SQviX","TOTAL":0.0}, {"key":"im9C7","version":1,"value":16.045788}, {"key":"aSIf1","version":0,"value":14.213995}, {"key":"im9C7","TOTAL":70.08377}, {"key":"7KWWo","version":2,"value":0.15081763}, {"key":"aSIf1","version":0,"value":13.424292}, {"key":"aSIf1","version":1,"value":14.891983}, {"key":"4wqFv","version":0,"value":6.142173}, {"key":"4wqFv","TOTAL":0.0}, {"key":"GPelb","TOTAL":0.0}, {"key":"2U3PC","version":1,"value":5.493119}, {"key":"aSIf1","TOTAL":0.0}, {"key":"fAlh1","version":0,"value":8.412958}, {"key":"df3yn","version":2,"value":7.192197}, {"key":"7KWWo","version":0,"value":2.8582644}, {"key":"fAlh1","version":1,"value":4.5736313}, {"key":"Ed88G","version":1,"value":6.1146965}, {"key":"YNVcs","version":2,"value":13.749389}, {"key":"2U3PC","version":1,"value":12.047674}, {"key":"df3yn","version":1,"value":7.69336}, {"key":"fAlh1","TOTAL":0.0}, {"key":"2U3PC","version":0,"value":2.1916115}, {"key":"7KWWo","TOTAL":31.58815}, {"key":"df3yn","version":1,"value":18.769981}, {"key":"df3yn","TOTAL":0.0}, {"key":"P6RHf","version":0,"value":19.190943}, {"key":"Ed88G","version":0,"value":13.644907}, {"key":"YNVcs","version":0,"value":0.67875266}, {"key":"kEUiW","version":2,"value":13.329755}, {"key":"P6RHf","version":1,"value":7.636442}, {"key":"2U3PC","version":0,"value":5.9103894}, {"key":"YNVcs","TOTAL":0.0}, {"key":"kEUiW","version":2,"value":18.186085}, {"key":"AKukI","version":2,"value":12.224964}, {"key":"Gdydt","version":0,"value":7.1665597}, {"key":"AKukI","TOTAL":0.0}, {"key":"kEUiW","version":0,"value":19.891865}, {"key":"P6RHf","TOTAL":12.527811}, {"key":"Ed88G","TOTAL":0.0}, {"key":"ZSvGg","version":1,"value":5.486796}, {"key":"2U3PC","version":2,"value":7.3956895}, {"key":"ZSvGg","version":1,"value":6.3936305}, {"key":"Ca9rM","version":1,"value":0.048998594}, {"key":"8Sy1X","version":2,"value":18.522078}, {"key":"Gdydt","TOTAL":0.0}, {"key":"Ca9rM","version":0,"value":19.66996}, {"key":"kEUiW","version":2,"value":15.019552}, {"key":"kEUiW","TOTAL":0.0}, {"key":"RoSsY","version":0,"value":9.856996}, {"key":"ZSvGg","TOTAL":0.0}, {"key":"2U3PC","version":0,"value":7.1858716}, {"key":"Ca9rM","version":0,"value":11.72879}, {"key":"2U3PC","version":1,"value":9.946914}, {"key":"8Sy1X","version":0,"value":11.4899025}, {"key":"8Sy1X","version":0,"value":5.4916153}, {"key":"2U3PC","version":2,"value":17.617054}, {"key":"Ca9rM","version":1,"value":0.26609778}, {"key":"8Sy1X","TOTAL":0.0}, {"key":"YrS0J","version":0,"value":11.108722}, {"key":"Ca9rM","TOTAL":42.57959}, {"key":"747L2","version":1,"value":6.001891}, {"key":"k8l0r","version":0,"value":18.417112}, {"key":"2U3PC","version":0,"value":1.8603933}, {"key":"RoSsY","version":0,"value":9.654894}, {"key":"YrS0J","version":1,"value":16.675879}, {"key":"RoSsY","version":1,"value":17.786423}, {"key":"YrS0J","TOTAL":0.0}, {"key":"k8l0r","version":0,"value":9.955366}, {"key":"xekJA","version":0,"value":10.799093}, {"key":"1l8jh","version":0,"value":10.849846}, {"key":"747L2","version":1,"value":3.9018083}, {"key":"RoSsY","version":2,"value":2.682159}, {"key":"k8l0r","version":2,"value":3.5130334}, {"key":"1l8jh","version":2,"value":1.3081586}, {"key":"2U3PC","version":1,"value":2.4449992}, {"key":"RoSsY","TOTAL":0.0}, {"key":"xekJA","version":0,"value":16.889357}, {"key":"747L2","TOTAL":0.0}, {"key":"2U3PC","version":2,"value":7.093025}, {"key":"xekJA","version":0,"value":10.08101}, {"key":"xekJA","version":1,"value":10.697919}, {"key":"2U3PC","version":2,"value":7.648572}, {"key":"2U3PC","version":0,"value":0.2586198}, {"key":"1l8jh","version":0,"value":0.3098154}, {"key":"k8l0r","TOTAL":0.0}, {"key":"RSZ40","version":2,"value":17.16761}, {"key":"2U3PC","version":1,"value":10.21048}, {"key":"1l8jh","version":0,"value":5.312749}, {"key":"1l8jh","version":2,"value":14.593365}, {"key":"2U3PC","TOTAL":93.81298}, {"key":"J6pjg","version":2,"value":10.491135}, {"key":"xekJA","TOTAL":0.0}, {"key":"i46yr","version":0,"value":15.846642}, {"key":"RSZ40","version":0,"value":9.717062}, {"key":"J6pjg","version":2,"value":11.078016}, {"key":"1l8jh","version":2,"value":10.576214}, {"key":"J6pjg","version":2,"value":7.2502766}, {"key":"1l8jh","version":1,"value":13.637789}, {"key":"AX7dg","version":0,"value":8.655985}, {"key":"i46yr","version":0,"value":10.323615}, {"key":"1l8jh","version":1,"value":4.9969587}, {"key":"1l8jh","version":1,"value":3.7187183}, {"key":"i46yr","version":1,"value":15.671874}, {"key":"J6pjg","TOTAL":0.0}, {"key":"AX7dg","version":2,"value":7.7734303}, {"key":"k3HCU","version":1,"value":10.76626}, {"key":"RSZ40","TOTAL":0.0}, {"key":"i46yr","version":0,"value":5.508503}, {"key":"AX7dg","version":2,"value":9.548393}, {"key":"i46yr","TOTAL":0.0}, {"key":"8bOhX","version":0,"value":12.483525}, {"key":"3QaQM","version":0,"value":12.756432}, {"key":"8bOhX","version":2,"value":18.46524}, {"key":"3QaQM","version":1,"value":10.480991}, {"key":"moaed","version":1,"value":1.7521667}, {"key":"fIBFP","version":0,"value":11.461063}, {"key":"8bOhX","version":2,"value":9.872342}, {"key":"moaed","TOTAL":0.0}, {"key":"AX7dg","version":0,"value":6.26305}, {"key":"k3HCU","version":1,"value":6.377325}, {"key":"Rml2G","version":0,"value":0.28196812}, {"key":"k3HCU","version":1,"value":8.670292}, {"key":"1l8jh","version":2,"value":18.70666}, {"key":"fIBFP","version":1,"value":2.092328}, {"key":"C9Ofs","version":2,"value":6.5222893}, {"key":"pbxS2","version":1,"value":8.755041}, {"key":"FClE7","version":2,"value":19.104874}, {"key":"Rml2G","version":2,"value":13.31776}, {"key":"8bOhX","version":1,"value":6.5083303}, {"key":"4xXeI","version":0,"value":11.624741}, {"key":"C9Ofs","version":2,"value":13.481231}, {"key":"Q6og6","version":1,"value":12.068905}, {"key":"k3HCU","version":1,"value":18.200583}, {"key":"AX7dg","version":1,"value":6.706569}, {"key":"FClE7","version":2,"value":17.364365}, {"key":"C9Ofs","version":0,"value":8.008379}, {"key":"8bOhX","version":1,"value":11.287417}, {"key":"AX7dg","version":1,"value":9.497213}, {"key":"Rml2G","version":1,"value":11.089063}, {"key":"AX7dg","version":0,"value":2.0638847}, {"key":"k3HCU","version":1,"value":0.96889853}, {"key":"pbxS2","TOTAL":0.0}, {"key":"1l8jh","TOTAL":0.0}, {"key":"Rml2G","version":1,"value":18.208296}, {"key":"k3HCU","version":0,"value":9.054771}, {"key":"4xXeI","version":0,"value":8.015974}, {"key":"FClE7","TOTAL":0.0}, {"key":"3QaQM","version":0,"value":6.6923914}, {"key":"3QaQM","version":1,"value":4.4833183}, {"key":"2rfQB","version":0,"value":13.45194}, {"key":"AX7dg","TOTAL":0.0}, {"key":"k3HCU","version":2,"value":3.798437}, {"key":"E6Su4","version":2,"value":12.900343}, {"key":"Jhtuq","version":1,"value":6.453638}, {"key":"Rml2G","version":2,"value":12.747594}, {"key":"E6Su4","TOTAL":35.18855}, {"key":"Rml2G","TOTAL":0.0}, {"key":"4xXeI","version":2,"value":9.3708935}, {"key":"W4mdq","version":1,"value":0.7665086}, {"key":"Jhtuq","version":1,"value":1.7168689}, {"key":"fIBFP","TOTAL":0.0}, {"key":"3QaQM","version":0,"value":5.0862384}, {"key":"8bOhX","version":1,"value":10.469713}, {"key":"Q6og6","version":0,"value":13.13737}, {"key":"f5sWr","version":2,"value":15.16981}, {"key":"2rfQB","TOTAL":0.0}, {"key":"W4mdq","version":1,"value":19.299744}, {"key":"72iTf","version":1,"value":10.648652}, {"key":"C9Ofs","version":1,"value":11.526074}, {"key":"ccPgy","version":0,"value":2.1610832}, {"key":"72iTf","version":2,"value":7.8635063}, {"key":"Jhtuq","version":1,"value":16.606773}, {"key":"8bOhX","version":2,"value":4.565748}, {"key":"Q6og6","version":2,"value":14.817341}, {"key":"pvg8F","version":0,"value":13.382236}, {"key":"I0pHM","version":1,"value":0.7358992}, {"key":"Q6og6","version":1,"value":4.083003}, {"key":"C9Ofs","version":0,"value":8.301349}, {"key":"t75KM","version":2,"value":11.553537}, {"key":"Q6og6","version":1,"value":0.2491951}, {"key":"ccPgy","version":1,"value":19.655245}, {"key":"k3HCU","version":2,"value":3.1239295}, {"key":"J2TUE","version":2,"value":9.89463}, {"key":"t75KM","version":2,"value":13.923166}, {"key":"Jhtuq","version":1,"value":0.99797606}, {"key":"C9Ofs","version":1,"value":16.919048}, {"key":"ccPgy","TOTAL":0.0}, {"key":"Q6og6","version":2,"value":10.860046}, {"key":"Jhtuq","TOTAL":0.0}, {"key":"t75KM","version":1,"value":0.03432274}, {"key":"t75KM","version":0,"value":4.772408}, {"key":"t75KM","version":0,"value":0.36244512}, {"key":"3lPhT","version":0,"value":3.818388}, {"key":"f5sWr","TOTAL":0.0}, {"key":"W4mdq","version":2,"value":0.69012403}, {"key":"J2TUE","version":2,"value":2.3300612}, {"key":"3lPhT","version":0,"value":15.190269}, {"key":"4xXeI","version":2,"value":10.81244}, {"key":"4xXeI","version":1,"value":4.774042}, {"key":"pvg8F","version":1,"value":2.035035}, {"key":"W4mdq","version":1,"value":4.3195987}, {"key":"W4mdq","version":0,"value":3.6717153}, {"key":"k3HCU","version":1,"value":1.8788481}, {"key":"wgmoN","version":0,"value":4.272338}, {"key":"t75KM","TOTAL":58.192516}, {"key":"72iTf","version":1,"value":2.5985575}, {"key":"3QaQM","version":0,"value":3.1906366}, {"key":"I0pHM","version":0,"value":13.289528}, {"key":"J2TUE","version":1,"value":14.542813}, {"key":"I0pHM","version":0,"value":15.713533}, {"key":"3lPhT","TOTAL":0.0}, {"key":"dCdiC","version":2,"value":12.682929}, {"key":"I0pHM","TOTAL":0.0}, {"key":"C9Ofs","version":2,"value":4.3584785}, {"key":"pvg8F","version":1,"value":19.979704}, {"key":"J2TUE","TOTAL":71.27341}, {"key":"4xXeI","TOTAL":0.0}, {"key":"8B8hR","version":0,"value":3.7924004}, {"key":"wgmoN","version":1,"value":13.633704}, {"key":"3QaQM","version":2,"value":14.007738}, {"key":"Q6og6","version":1,"value":19.839804}, {"key":"8B8hR","version":1,"value":1.3985789}, {"key":"XdVjD","version":1,"value":13.082893}, {"key":"Q6og6","version":1,"value":16.980137}, {"key":"3QaQM","TOTAL":0.0}, {"key":"1w3yx","version":0,"value":5.5366287}, {"key":"pvg8F","TOTAL":0.0}, {"key":"Q6og6","TOTAL":0.0}, {"key":"ZQm9N","version":0,"value":14.54938}, {"key":"XdVjD","version":0,"value":1.0800707}, {"key":"C9Ofs","version":2,"value":4.5376587}, {"key":"dCdiC","version":1,"value":15.9112215}, {"key":"1uLRY","version":1,"value":8.314011}, {"key":"C9Ofs","version":1,"value":0.7174158}, {"key":"wgmoN","TOTAL":0.0}, {"key":"W4mdq","version":0,"value":17.962624}, {"key":"ZQm9N","TOTAL":31.951988}, {"key":"dCdiC","version":1,"value":11.107226}, {"key":"r3Nl0","version":2,"value":2.5263548}, {"key":"6KGeB","version":0,"value":0.06480813}, {"key":"hJ2Ft","version":1,"value":2.6164925}, {"key":"72iTf","version":1,"value":4.975817}, {"key":"cBUYK","version":2,"value":17.652567}, {"key":"1w3yx","version":2,"value":4.055604}, {"key":"1uLRY","version":2,"value":10.490072}, {"key":"hJ2Ft","version":1,"value":7.363944}, {"key":"2Jl1K","version":0,"value":5.4199085}, {"key":"dCdiC","version":0,"value":5.388941}, {"key":"1w3yx","version":2,"value":7.8667784}, {"key":"cBUYK","version":1,"value":6.583043}, {"key":"4jgV0","version":0,"value":9.294047}, {"key":"8B8hR","version":1,"value":12.9833555}, {"key":"hJ2Ft","version":2,"value":1.1513937}, {"key":"dCdiC","TOTAL":0.0}, {"key":"8bOhX","version":0,"value":15.304087}, {"key":"Ucp4E","version":0,"value":9.877497}, {"key":"3YNw2","version":1,"value":15.552897}, {"key":"YwVdG","version":2,"value":9.004451}, {"key":"tPmTL","version":2,"value":11.070132}, {"key":"1w3yx","version":1,"value":10.544559}, {"key":"72iTf","TOTAL":0.0}, {"key":"r3Nl0","TOTAL":74.52699}, {"key":"hJ2Ft","version":2,"value":9.535282}, {"key":"k3HCU","version":1,"value":19.700151}, {"key":"6KGeB","version":2,"value":17.95097}, {"key":"hJ2Ft","version":1,"value":19.388649}, {"key":"cBUYK","TOTAL":0.0}, {"key":"C9Ofs","version":1,"value":17.35213}, {"key":"1w3yx","TOTAL":0.0}, {"key":"Ucp4E","version":0,"value":2.7732432}, {"key":"1DPUq","version":1,"value":4.3629875}, {"key":"8bOhX","version":1,"value":12.126542}, {"key":"1YKhq","version":0,"value":13.349144}, {"key":"wSwCv","version":1,"value":0.98703027}, {"key":"awYVp","version":2,"value":15.966366}, {"key":"XdVjD","version":1,"value":1.8098104}, {"key":"3YNw2","TOTAL":36.2387}, {"key":"8bOhX","version":1,"value":18.921516}, {"key":"dTr9E","version":0,"value":15.876286}, {"key":"8B8hR","version":2,"value":7.6504683}, {"key":"3SpIo","version":1,"value":16.822895}, {"key":"Fbgot","version":0,"value":12.9982815}, {"key":"eg5fo","version":0,"value":5.5512977}, {"key":"aHjvd","version":1,"value":5.451318}, {"key":"C9Ofs","TOTAL":0.0}, {"key":"HAPKN","version":0,"value":16.144411}, {"key":"1YKhq","version":1,"value":11.852388}, {"key":"8B8hR","version":1,"value":14.363036}, {"key":"W4mdq","TOTAL":0.0}, {"key":"aHjvd","version":2,"value":16.745209}, {"key":"KqqQB","version":0,"value":2.3307002}, {"key":"6KGeB","TOTAL":0.0}, {"key":"dxd1d","version":2,"value":5.6961575}, {"key":"5eTIU","version":0,"value":12.427579}, {"key":"Fbgot","version":2,"value":9.899849}, {"key":"wSwCv","version":0,"value":10.78241}, {"key":"dBRGb","version":2,"value":13.648676}, {"key":"8bOhX","version":2,"value":14.153469}, {"key":"wSwCv","version":0,"value":2.8056085}, {"key":"hJ2Ft","version":1,"value":14.80209}, {"key":"r7pMX","version":2,"value":0.10470867}, {"key":"5OZt8","version":0,"value":17.972885}, {"key":"3SpIo","version":0,"value":13.875131}, {"key":"HAPKN","version":2,"value":2.2882175}, {"key":"dBRGb","TOTAL":15.044487}, {"key":"8bOhX","version":2,"value":9.445758}, {"key":"8bOhX","version":0,"value":8.375923}, {"key":"K9BQA","version":1,"value":18.215172}, {"key":"4jgV0","version":2,"value":16.498306}, {"key":"HAPKN","version":0,"value":19.943325}, {"key":"2Jl1K","version":1,"value":18.065592}, {"key":"hJ2Ft","TOTAL":0.0}, {"key":"Ucp4E","version":2,"value":3.5979104}, {"key":"tPmTL","version":1,"value":19.195557}, {"key":"eg5fo","version":2,"value":4.362134}, {"key":"XdVjD","TOTAL":27.394522}, {"key":"Ucp4E","version":2,"value":13.303352}, {"key":"tPmTL","TOTAL":0.0}, {"key":"JMfVg","version":2,"value":17.447418}, {"key":"1DPUq","version":0,"value":8.846533}, {"key":"cCNVp","version":0,"value":7.872658}, {"key":"5OZt8","version":1,"value":2.0798075}, {"key":"8B8hR","version":2,"value":0.08904219}, {"key":"k3HCU","version":2,"value":12.992034}, {"key":"gCivR","version":0,"value":2.9098713}, {"key":"RUv6y","version":2,"value":5.6096544}, {"key":"k3HCU","version":1,"value":15.721847}, {"key":"dxd1d","version":1,"value":5.0205383}, {"key":"1DPUq","TOTAL":0.0}, {"key":"2Jl1K","version":1,"value":4.287269}, {"key":"awYVp","TOTAL":0.0}, {"key":"K9BQA","version":1,"value":17.430683}, {"key":"orUHl","version":2,"value":7.218945}, {"key":"JMfVg","version":2,"value":4.6889377}, {"key":"8bOhX","version":0,"value":10.507767}, {"key":"8B8hR","version":1,"value":15.751844}, {"key":"1IIF4","version":2,"value":11.634012}, {"key":"KqqQB","TOTAL":0.0}, {"key":"1YKhq","version":0,"value":15.822767}, {"key":"JMfVg","version":0,"value":19.41902}, {"key":"4jgV0","version":1,"value":7.275207}, {"key":"8B8hR","version":1,"value":18.17897}, {"key":"wSwCv","version":1,"value":9.752104}, {"key":"8bOhX","version":2,"value":0.36819696}, {"key":"4jgV0","version":0,"value":5.603491}, {"key":"aHjvd","version":1,"value":18.928513}, {"key":"r7pMX","version":0,"value":12.595011}, {"key":"gpGCq","version":0,"value":18.918583}, {"key":"mRvAD","version":0,"value":1.2665975}, {"key":"7kgxI","version":2,"value":18.021046}, {"key":"YYik9","version":2,"value":7.662052}, {"key":"2Jl1K","version":1,"value":9.02467}, {"key":"5eTIU","version":1,"value":10.542713}, {"key":"JMfVg","version":1,"value":0.61454415}, {"key":"8bOhX","version":1,"value":11.077743}, {"key":"HAPKN","version":2,"value":9.612019}, {"key":"Fbgot","version":2,"value":10.480301}, {"key":"7kgxI","version":2,"value":4.797043}, {"key":"8B8hR","version":1,"value":1.8839669}, {"key":"gCivR","version":1,"value":16.43883}, {"key":"i2qyI","version":1,"value":15.958483}, {"key":"cQyah","version":2,"value":12.661439}, {"key":"HAPKN","version":1,"value":12.026215}, {"key":"4jgV0","version":1,"value":5.851252}, {"key":"1uLRY","version":0,"value":4.5400896}, {"key":"gCivR","version":2,"value":6.5752926}, {"key":"wSwCv","version":1,"value":8.170301}, {"key":"3SpIo","version":2,"value":8.025787}, {"key":"1uLRY","version":2,"value":12.056581}, {"key":"k3HCU","version":0,"value":7.4029818}, {"key":"cCNVp","version":2,"value":18.912943}, {"key":"RJv68","version":2,"value":13.5491705}, {"key":"3Y5Ul","version":1,"value":13.813887}, {"key":"gpGCq","version":2,"value":11.647006}, {"key":"3SpIo","TOTAL":98.0311}, {"key":"8B8hR","version":1,"value":11.295042}, {"key":"K9BQA","TOTAL":0.0}, {"key":"eg5fo","version":0,"value":15.314387}, {"key":"r7pMX","TOTAL":0.0}, {"key":"8bOhX","TOTAL":0.0}, {"key":"5OZt8","version":0,"value":10.8759575}, {"key":"Ucp4E","TOTAL":0.0}, {"key":"aHjvd","version":1,"value":5.483018}, {"key":"mRvAD","version":0,"value":9.76748}, {"key":"7kgxI","TOTAL":0.0}, {"key":"mRvAD","version":0,"value":3.5190082}, {"key":"k3HCU","TOTAL":0.0}, {"key":"cQyah","version":1,"value":6.2579737}, {"key":"orUHl","version":1,"value":18.7547}, {"key":"Iexar","version":2,"value":19.638432}, {"key":"orUHl","version":2,"value":1.4117563}, {"key":"Fbgot","version":2,"value":15.634201}, {"key":"1IIF4","version":0,"value":14.446412}, {"key":"JMfVg","TOTAL":23.00055}, {"key":"orUHl","version":1,"value":12.785341}, {"key":"1uLRY","version":2,"value":1.1926258}, {"key":"jPjKT","version":0,"value":13.3957405}, {"key":"YwVdG","version":1,"value":4.4127617}, {"key":"YYik9","version":2,"value":12.8969345}, {"key":"i2qyI","TOTAL":49.15226}, {"key":"Fbgot","version":2,"value":7.9293385}, {"key":"5eTIU","TOTAL":0.0}]
03:01:33.034 INFO  u.a.e.a.c.d.MessageTransformer - 0% complete...
03:01:35.617 INFO  u.a.e.a.c.d.MessageTransformer - 10% complete...
03:01:38.268 INFO  u.a.e.a.c.d.MessageTransformer - 20% complete...
03:01:40.812 INFO  u.a.e.a.c.d.MessageTransformer - 30% complete...
03:01:43.369 INFO  u.a.e.a.c.d.MessageTransformer - 40% complete...
03:01:45.944 INFO  u.a.e.a.c.d.MessageTransformer - 50% complete...
03:01:48.515 INFO  u.a.e.a.c.d.MessageTransformer - 60% complete...
03:01:51.106 INFO  u.a.e.a.c.d.MessageTransformer - 70% complete...
03:01:53.654 INFO  u.a.e.a.c.d.MessageTransformer - 80% complete...
03:01:56.263 INFO  u.a.e.a.c.d.MessageTransformer - 90% complete...
03:01:58.807 INFO  u.a.e.a.c.d.MessageTransformer - 100% complete. Tranformed 500 messages
03:01:58.807 INFO  u.a.e.a.c.s.RabbitMqService - Reading queue TransformTestWrite-35854-eYaYA: count=500
03:01:58.868 INFO  u.a.e.a.c.s.RabbitMqService - Received 500/500 messages in 61ms
03:01:58.868 INFO  u.a.e.a.c.s.RabbitMqService - returning: [{"key":"S5V6W","version":1,"value":24.848236}, {"key":"BVdry","version":2,"value":13.7284775}, {"key":"iGcTx","version":0,"value":12.31362}, {"totalMessagesWritten":3,"totalMessagesProcessed":4,"totalRedisUpdates":4,"totalValueWritten":50.890335,"totalAdded":31.5}, {"key":"oL48S","version":0,"value":14.814064}, {"totalMessagesWritten":4,"totalMessagesProcessed":6,"totalRedisUpdates":6,"totalValueWritten":65.7044,"totalAdded":42.0}, {"key":"2DEKP","version":0,"value":13.822534}, {"key":"GKSmT","version":2,"value":20.365627}, {"key":"kLd7Y","version":2,"value":17.940338}, {"key":"oL48S","version":0,"value":19.544579}, {"key":"iGcTx","version":1,"value":14.084032}, {"key":"oL48S","version":0,"value":2.2746706}, {"key":"GpaYi","version":1,"value":29.95918}, {"totalMessagesWritten":11,"totalMessagesProcessed":14,"totalRedisUpdates":12,"totalValueWritten":183.69536,"totalAdded":94.5}, {"totalMessagesWritten":11,"totalMessagesProcessed":15,"totalRedisUpdates":13,"totalValueWritten":183.69536,"totalAdded":94.5}, {"key":"kLd7Y","version":0,"value":11.571743}, {"key":"h88MM","version":0,"value":12.697039}, {"totalMessagesWritten":13,"totalMessagesProcessed":18,"totalRedisUpdates":15,"totalValueWritten":289.37537,"totalAdded":105.0}, {"key":"GpaYi","version":0,"value":4.418401}, {"key":"GKSmT","version":0,"value":0.102990866}, {"key":"GpaYi","version":2,"value":12.046814}, {"key":"GKSmT","version":1,"value":7.991146}, {"key":"h88MM","version":2,"value":14.64703}, {"key":"ggaV9","version":0,"value":26.989304}, {"key":"GpaYi","version":2,"value":9.392862}, {"key":"IPWMh","version":1,"value":23.348232}, {"key":"Ups5X","version":2,"value":21.101925}, {"key":"fdcj9","version":0,"value":16.76854}, {"key":"IPWMh","version":2,"value":22.837524}, {"key":"Ups5X","version":1,"value":8.611077}, {"key":"h88MM","version":1,"value":1.6814435}, {"key":"h88MM","version":1,"value":0.98623633}, {"key":"h88MM","version":2,"value":1.5890217}, {"key":"2DEKP","version":2,"value":18.976236}, {"totalMessagesWritten":29,"totalMessagesProcessed":35,"totalRedisUpdates":24,"totalValueWritten":480.86417,"totalAdded":189.0}, {"key":"IPWMh","version":0,"value":0.2594924}, {"key":"jWSmx","version":0,"value":26.013617}, {"key":"2DEKP","version":1,"value":1.1636376}, {"key":"QP6vj","version":2,"value":18.346193}, {"totalMessagesWritten":33,"totalMessagesProcessed":40,"totalRedisUpdates":27,"totalValueWritten":571.0669,"totalAdded":210.0}, {"key":"jWSmx","version":2,"value":11.909436}, {"key":"GpaYi","version":1,"value":19.848385}, {"key":"fdcj9","version":0,"value":17.281734}, {"key":"GpaYi","version":1,"value":8.008958}, {"key":"IPWMh","version":0,"value":10.329171}, {"totalMessagesWritten":38,"totalMessagesProcessed":46,"totalRedisUpdates":29,"totalValueWritten":638.4446,"totalAdded":220.5}, {"totalMessagesWritten":38,"totalMessagesProcessed":47,"totalRedisUpdates":30,"totalValueWritten":638.4446,"totalAdded":220.5}, {"key":"GpaYi","version":2,"value":15.169602}, {"key":"fdcj9","version":0,"value":12.916702}, {"key":"uJywj","version":0,"value":23.044104}, {"totalMessagesWritten":41,"totalMessagesProcessed":51,"totalRedisUpdates":32,"totalValueWritten":689.575,"totalAdded":231.0}, {"key":"2DEKP","version":2,"value":15.851087}, {"key":"h88MM","version":2,"value":13.108089}, {"key":"fKXVw","version":1,"value":18.810522}, {"key":"QP6vj","version":1,"value":17.929346}, {"key":"jWSmx","version":2,"value":19.607437}, {"key":"uJywj","version":1,"value":27.599894}, {"key":"2DEKP","version":0,"value":3.3135176}, {"key":"2DEKP","version":2,"value":5.7606483}, {"totalMessagesWritten":49,"totalMessagesProcessed":60,"totalRedisUpdates":35,"totalValueWritten":811.55554,"totalAdded":252.0}, {"key":"h88MM","version":1,"value":15.005179}, {"key":"2DEKP","version":2,"value":5.4141903}, {"key":"h88MM","version":1,"value":0.7213187}, {"key":"2DEKP","version":0,"value":7.41171}, {"key":"fKXVw","version":0,"value":1.4666176}, {"totalMessagesWritten":54,"totalMessagesProcessed":66,"totalRedisUpdates":36,"totalValueWritten":862.06976,"totalAdded":252.0}, {"key":"2DEKP","version":2,"value":2.508819}, {"key":"2DEKP","version":1,"value":15.484466}, {"key":"h88MM","version":1,"value":8.94986}, {"totalMessagesWritten":57,"totalMessagesProcessed":70,"totalRedisUpdates":37,"totalValueWritten":889.0128,"totalAdded":252.0}, {"key":"GpaYi","version":1,"value":0.26240468}, {"totalMessagesWritten":58,"totalMessagesProcessed":72,"totalRedisUpdates":38,"totalValueWritten":889.2752,"totalAdded":252.0}, {"key":"lmRWc","version":0,"value":19.26263}, {"key":"uJywj","version":2,"value":23.580929}, {"key":"QP6vj","version":0,"value":16.185076}, {"totalMessagesWritten":61,"totalMessagesProcessed":76,"totalRedisUpdates":41,"totalValueWritten":948.30383,"totalAdded":273.0}, {"key":"XGRng","version":0,"value":20.245083}, {"key":"uJywj","version":2,"value":9.28769}, {"totalMessagesWritten":63,"totalMessagesProcessed":79,"totalRedisUpdates":43,"totalValueWritten":977.8366,"totalAdded":283.5}, {"key":"1o9yj","version":2,"value":16.926373}, {"key":"2DEKP","version":2,"value":19.455168}, {"key":"2DEKP","version":1,"value":6.4377546}, {"key":"aSIf1","version":2,"value":20.42955}, {"totalMessagesWritten":67,"totalMessagesProcessed":84,"totalRedisUpdates":46,"totalValueWritten":1041.0854,"totalAdded":304.5}, {"key":"QP6vj","version":0,"value":16.150549}, {"key":"2DEKP","version":0,"value":13.98875}, {"key":"QP6vj","version":1,"value":5.0083017}, {"key":"2DEKP","version":0,"value":5.021541}, {"totalMessagesWritten":71,"totalMessagesProcessed":89,"totalRedisUpdates":47,"totalValueWritten":1081.2545,"totalAdded":304.5}, {"key":"GPelb","version":0,"value":14.713134}, {"totalMessagesWritten":72,"totalMessagesProcessed":91,"totalRedisUpdates":49,"totalValueWritten":1095.9677,"totalAdded":315.0}, {"totalMessagesWritten":72,"totalMessagesProcessed":92,"totalRedisUpdates":50,"totalValueWritten":1095.9677,"totalAdded":315.0}, {"totalMessagesWritten":72,"totalMessagesProcessed":93,"totalRedisUpdates":50,"totalValueWritten":1126.5316,"totalAdded":315.0}, {"key":"im9C7","version":1,"value":25.70824}, {"key":"SQviX","version":2,"value":14.370947}, {"key":"im9C7","version":2,"value":14.979737}, {"key":"GPelb","version":2,"value":23.450516}, {"key":"4wqFv","version":1,"value":21.05001}, {"totalMessagesWritten":77,"totalMessagesProcessed":99,"totalRedisUpdates":56,"totalValueWritten":1226.0912,"totalAdded":367.5}, {"key":"im9C7","version":1,"value":16.045788}, {"key":"aSIf1","version":0,"value":14.213995}, {"totalMessagesWritten":79,"totalMessagesProcessed":102,"totalRedisUpdates":57,"totalValueWritten":1326.4347,"totalAdded":367.5}, {"key":"7KWWo","version":2,"value":10.650818}, {"key":"aSIf1","version":0,"value":13.424292}, {"key":"aSIf1","version":1,"value":14.891983}, {"key":"4wqFv","version":0,"value":6.142173}, {"totalMessagesWritten":83,"totalMessagesProcessed":107,"totalRedisUpdates":59,"totalValueWritten":1371.544,"totalAdded":378.0}, {"totalMessagesWritten":83,"totalMessagesProcessed":108,"totalRedisUpdates":60,"totalValueWritten":1371.544,"totalAdded":378.0}, {"key":"2U3PC","version":1,"value":15.993118}, {"totalMessagesWritten":84,"totalMessagesProcessed":110,"totalRedisUpdates":62,"totalValueWritten":1387.5371,"totalAdded":388.5}, {"key":"fAlh1","version":0,"value":18.912958}, {"key":"df3yn","version":2,"value":17.692196}, {"key":"7KWWo","version":0,"value":2.8582644}, {"key":"fAlh1","version":1,"value":15.073631}, {"key":"Ed88G","version":1,"value":16.614697}, {"key":"YNVcs","version":2,"value":24.24939}, {"key":"2U3PC","version":1,"value":12.047674}, {"key":"df3yn","version":1,"value":7.69336}, {"totalMessagesWritten":92,"totalMessagesProcessed":119,"totalRedisUpdates":68,"totalValueWritten":1502.6793,"totalAdded":441.0}, {"key":"2U3PC","version":0,"value":2.1916115}, {"totalMessagesWritten":93,"totalMessagesProcessed":121,"totalRedisUpdates":69,"totalValueWritten":1536.4591,"totalAdded":441.0}, {"key":"df3yn","version":1,"value":18.769981}, {"totalMessagesWritten":94,"totalMessagesProcessed":123,"totalRedisUpdates":70,"totalValueWritten":1555.2291,"totalAdded":441.0}, {"key":"P6RHf","version":0,"value":29.690943}, {"key":"Ed88G","version":0,"value":13.644907}, {"key":"YNVcs","version":0,"value":0.67875266}, {"key":"kEUiW","version":2,"value":23.829754}, {"key":"P6RHf","version":1,"value":18.136442}, {"key":"2U3PC","version":0,"value":5.9103894}, {"totalMessagesWritten":100,"totalMessagesProcessed":130,"totalRedisUpdates":74,"totalValueWritten":1647.1202,"totalAdded":472.5}, {"key":"kEUiW","version":2,"value":18.186085}, {"key":"AKukI","version":2,"value":22.724964}, {"key":"Gdydt","version":0,"value":17.66656}, {"totalMessagesWritten":103,"totalMessagesProcessed":134,"totalRedisUpdates":77,"totalValueWritten":1705.6978,"totalAdded":493.5}, {"key":"kEUiW","version":0,"value":19.891865}, {"totalMessagesWritten":104,"totalMessagesProcessed":136,"totalRedisUpdates":78,"totalValueWritten":1738.1174,"totalAdded":493.5}, {"totalMessagesWritten":104,"totalMessagesProcessed":137,"totalRedisUpdates":79,"totalValueWritten":1738.1174,"totalAdded":493.5}, {"key":"ZSvGg","version":1,"value":15.986795}, {"key":"2U3PC","version":2,"value":17.895689}, {"key":"ZSvGg","version":1,"value":6.3936305}, {"key":"Ca9rM","version":1,"value":10.548999}, {"key":"8Sy1X","version":2,"value":29.022078}, {"totalMessagesWritten":109,"totalMessagesProcessed":143,"totalRedisUpdates":84,"totalValueWritten":1817.9646,"totalAdded":535.5}, {"key":"Ca9rM","version":0,"value":19.66996}, {"key":"kEUiW","version":2,"value":15.019552}, {"totalMessagesWritten":111,"totalMessagesProcessed":146,"totalRedisUpdates":85,"totalValueWritten":1852.654,"totalAdded":535.5}, {"key":"RoSsY","version":0,"value":20.356995}, {"totalMessagesWritten":112,"totalMessagesProcessed":148,"totalRedisUpdates":87,"totalValueWritten":1873.011,"totalAdded":546.0}, {"key":"2U3PC","version":0,"value":7.1858716}, {"key":"Ca9rM","version":0,"value":11.72879}, {"key":"2U3PC","version":1,"value":9.946914}, {"key":"8Sy1X","version":0,"value":11.4899025}, {"key":"8Sy1X","version":0,"value":5.4916153}, {"key":"2U3PC","version":2,"value":17.617054}, {"key":"Ca9rM","version":1,"value":0.26609778}, {"totalMessagesWritten":119,"totalMessagesProcessed":156,"totalRedisUpdates":88,"totalValueWritten":1936.7372,"totalAdded":546.0}, {"key":"YrS0J","version":0,"value":21.608723}, {"totalMessagesWritten":120,"totalMessagesProcessed":158,"totalRedisUpdates":90,"totalValueWritten":2000.9255,"totalAdded":556.5}, {"key":"747L2","version":1,"value":16.501892}, {"key":"k8l0r","version":0,"value":28.917112}, {"key":"2U3PC","version":0,"value":1.8603933}, {"key":"RoSsY","version":0,"value":9.654894}, {"key":"YrS0J","version":1,"value":27.175879}, {"key":"RoSsY","version":1,"value":28.286423}, {"totalMessagesWritten":126,"totalMessagesProcessed":165,"totalRedisUpdates":95,"totalValueWritten":2113.322,"totalAdded":598.5}, {"key":"k8l0r","version":0,"value":9.955366}, {"key":"xekJA","version":0,"value":21.299093}, {"key":"1l8jh","version":0,"value":21.349846}, {"key":"747L2","version":1,"value":3.9018083}, {"key":"RoSsY","version":2,"value":13.182159}, {"key":"k8l0r","version":2,"value":14.013033}, {"key":"1l8jh","version":2,"value":11.808159}, {"key":"2U3PC","version":1,"value":2.4449992}, {"totalMessagesWritten":134,"totalMessagesProcessed":174,"totalRedisUpdates":101,"totalValueWritten":2211.2764,"totalAdded":651.0}, {"key":"xekJA","version":0,"value":16.889357}, {"totalMessagesWritten":135,"totalMessagesProcessed":176,"totalRedisUpdates":102,"totalValueWritten":2228.1658,"totalAdded":651.0}, {"key":"2U3PC","version":2,"value":7.093025}, {"key":"xekJA","version":0,"value":10.08101}, {"key":"xekJA","version":1,"value":21.197918}, {"key":"2U3PC","version":2,"value":7.648572}, {"key":"2U3PC","version":0,"value":0.2586198}, {"key":"1l8jh","version":0,"value":0.3098154}, {"totalMessagesWritten":141,"totalMessagesProcessed":183,"totalRedisUpdates":104,"totalValueWritten":2274.755,"totalAdded":661.5}, {"key":"RSZ40","version":2,"value":27.66761}, {"key":"2U3PC","version":1,"value":10.21048}, {"key":"1l8jh","version":0,"value":5.312749}, {"key":"1l8jh","version":2,"value":14.593365}, {"totalMessagesWritten":145,"totalMessagesProcessed":188,"totalRedisUpdates":106,"totalValueWritten":2426.352,"totalAdded":672.0}, {"key":"J6pjg","version":2,"value":20.991135}, {"totalMessagesWritten":146,"totalMessagesProcessed":190,"totalRedisUpdates":108,"totalValueWritten":2447.3433,"totalAdded":682.5}, {"key":"i46yr","version":0,"value":26.346642}, {"key":"RSZ40","version":0,"value":9.717062}, {"key":"J6pjg","version":2,"value":11.078016}, {"key":"1l8jh","version":2,"value":10.576214}, {"key":"J6pjg","version":2,"value":7.2502766}, {"key":"1l8jh","version":1,"value":13.637789}, {"key":"AX7dg","version":0,"value":19.155985}, {"key":"i46yr","version":0,"value":10.323615}, {"key":"1l8jh","version":1,"value":4.9969587}, {"key":"1l8jh","version":1,"value":3.7187183}, {"key":"i46yr","version":1,"value":26.171875}, {"totalMessagesWritten":157,"totalMessagesProcessed":202,"totalRedisUpdates":112,"totalValueWritten":2590.3167,"totalAdded":714.0}, {"key":"AX7dg","version":2,"value":18.27343}, {"key":"k3HCU","version":1,"value":21.26626}, {"totalMessagesWritten":159,"totalMessagesProcessed":205,"totalRedisUpdates":115,"totalValueWritten":2629.8564,"totalAdded":735.0}, {"key":"i46yr","version":0,"value":5.508503}, {"key":"AX7dg","version":2,"value":9.548393}, {"totalMessagesWritten":161,"totalMessagesProcessed":208,"totalRedisUpdates":116,"totalValueWritten":2644.9133,"totalAdded":735.0}, {"key":"8bOhX","version":0,"value":22.983524}, {"key":"3QaQM","version":0,"value":23.256432}, {"key":"8bOhX","version":2,"value":28.96524}, {"key":"3QaQM","version":1,"value":20.980991}, {"key":"moaed","version":1,"value":12.252167}, {"key":"fIBFP","version":0,"value":21.961063}, {"key":"8bOhX","version":2,"value":9.872342}, {"totalMessagesWritten":168,"totalMessagesProcessed":216,"totalRedisUpdates":123,"totalValueWritten":2785.1853,"totalAdded":798.0}, {"key":"AX7dg","version":0,"value":6.26305}, {"key":"k3HCU","version":1,"value":6.377325}, {"key":"Rml2G","version":0,"value":10.781968}, {"key":"k3HCU","version":1,"value":8.670292}, {"key":"1l8jh","version":2,"value":18.70666}, {"key":"fIBFP","version":1,"value":12.592328}, {"key":"C9Ofs","version":2,"value":17.02229}, {"key":"pbxS2","version":1,"value":19.255041}, {"key":"FClE7","version":2,"value":29.604874}, {"key":"Rml2G","version":2,"value":23.81776}, {"key":"8bOhX","version":1,"value":6.5083303}, {"key":"4xXeI","version":0,"value":22.12474}, {"key":"C9Ofs","version":2,"value":13.481231}, {"key":"Q6og6","version":1,"value":22.568905}, {"key":"k3HCU","version":1,"value":18.200583}, {"key":"AX7dg","version":1,"value":6.706569}, {"key":"FClE7","version":2,"value":17.364365}, {"key":"C9Ofs","version":0,"value":8.008379}, {"key":"8bOhX","version":1,"value":11.287417}, {"key":"AX7dg","version":1,"value":9.497213}, {"key":"Rml2G","version":1,"value":11.089063}, {"key":"AX7dg","version":0,"value":2.0638847}, {"key":"k3HCU","version":1,"value":0.96889853}, {"totalMessagesWritten":191,"totalMessagesProcessed":240,"totalRedisUpdates":132,"totalValueWritten":3088.1467,"totalAdded":882.0}, {"totalMessagesWritten":191,"totalMessagesProcessed":241,"totalRedisUpdates":133,"totalValueWritten":3088.1467,"totalAdded":882.0}, {"key":"Rml2G","version":1,"value":18.208296}, {"key":"k3HCU","version":0,"value":9.054771}, {"key":"4xXeI","version":0,"value":8.015974}, {"totalMessagesWritten":194,"totalMessagesProcessed":245,"totalRedisUpdates":134,"totalValueWritten":3123.4255,"totalAdded":882.0}, {"key":"3QaQM","version":0,"value":6.6923914}, {"key":"3QaQM","version":1,"value":4.4833183}, {"key":"2rfQB","version":0,"value":23.951939}, {"totalMessagesWritten":197,"totalMessagesProcessed":249,"totalRedisUpdates":136,"totalValueWritten":3158.5532,"totalAdded":892.5}, {"key":"k3HCU","version":2,"value":14.298437}, {"key":"E6Su4","version":2,"value":23.400343}, {"key":"Jhtuq","version":1,"value":16.953638}, {"key":"Rml2G","version":2,"value":12.747594}, {"totalMessagesWritten":201,"totalMessagesProcessed":254,"totalRedisUpdates":140,"totalValueWritten":3261.1416,"totalAdded":924.0}, {"totalMessagesWritten":201,"totalMessagesProcessed":255,"totalRedisUpdates":141,"totalValueWritten":3261.1416,"totalAdded":924.0}, {"key":"4xXeI","version":2,"value":19.870893}, {"key":"W4mdq","version":1,"value":11.266508}, {"key":"Jhtuq","version":1,"value":1.7168689}, {"totalMessagesWritten":204,"totalMessagesProcessed":259,"totalRedisUpdates":144,"totalValueWritten":3293.9958,"totalAdded":945.0}, {"key":"3QaQM","version":0,"value":5.0862384}, {"key":"8bOhX","version":1,"value":10.469713}, {"key":"Q6og6","version":0,"value":13.13737}, {"key":"f5sWr","version":2,"value":25.669811}, {"totalMessagesWritten":208,"totalMessagesProcessed":264,"totalRedisUpdates":146,"totalValueWritten":3348.3591,"totalAdded":955.5}, {"key":"W4mdq","version":1,"value":19.299744}, {"key":"72iTf","version":1,"value":21.148651}, {"key":"C9Ofs","version":1,"value":11.526074}, {"key":"ccPgy","version":0,"value":12.661083}, {"key":"72iTf","version":2,"value":18.363506}, {"key":"Jhtuq","version":1,"value":16.606773}, {"key":"8bOhX","version":2,"value":4.565748}, {"key":"Q6og6","version":2,"value":25.31734}, {"key":"pvg8F","version":0,"value":23.882236}, {"key":"I0pHM","version":1,"value":11.235899}, {"key":"Q6og6","version":1,"value":4.083003}, {"key":"C9Ofs","version":0,"value":8.301349}, {"key":"t75KM","version":2,"value":22.053537}, {"key":"Q6og6","version":1,"value":0.2491951}, {"key":"ccPgy","version":1,"value":30.155245}, {"key":"k3HCU","version":2,"value":3.1239295}, {"key":"J2TUE","version":2,"value":20.39463}, {"key":"t75KM","version":2,"value":13.923166}, {"key":"Jhtuq","version":1,"value":0.99797606}, {"key":"C9Ofs","version":1,"value":16.919048}, {"totalMessagesWritten":228,"totalMessagesProcessed":285,"totalRedisUpdates":156,"totalValueWritten":3633.1672,"totalAdded":1050.0}, {"key":"Q6og6","version":2,"value":10.860046}, {"totalMessagesWritten":229,"totalMessagesProcessed":287,"totalRedisUpdates":157,"totalValueWritten":3644.0273,"totalAdded":1050.0}, {"key":"t75KM","version":1,"value":0.03432274}, {"key":"t75KM","version":0,"value":4.772408}, {"key":"t75KM","version":0,"value":0.36244512}, {"key":"3lPhT","version":0,"value":14.318388}, {"totalMessagesWritten":233,"totalMessagesProcessed":292,"totalRedisUpdates":159,"totalValueWritten":3663.5151,"totalAdded":1060.5}, {"key":"W4mdq","version":2,"value":11.1901245}, {"key":"J2TUE","version":2,"value":2.3300612}, {"key":"3lPhT","version":0,"value":15.190269}, {"key":"4xXeI","version":2,"value":10.81244}, {"key":"4xXeI","version":1,"value":4.774042}, {"key":"pvg8F","version":1,"value":12.535035}, {"key":"W4mdq","version":1,"value":4.3195987}, {"key":"W4mdq","version":0,"value":3.6717153}, {"key":"k3HCU","version":1,"value":1.8788481}, {"key":"wgmoN","version":0,"value":14.772338}, {"totalMessagesWritten":243,"totalMessagesProcessed":303,"totalRedisUpdates":163,"totalValueWritten":3803.1821,"totalAdded":1092.0}, {"key":"72iTf","version":1,"value":2.5985575}, {"key":"3QaQM","version":0,"value":3.1906366}, {"key":"I0pHM","version":0,"value":13.289528}, {"key":"J2TUE","version":1,"value":14.542813}, {"key":"I0pHM","version":0,"value":15.713533}, {"totalMessagesWritten":248,"totalMessagesProcessed":309,"totalRedisUpdates":164,"totalValueWritten":3852.5173,"totalAdded":1092.0}, {"key":"dCdiC","version":2,"value":23.18293}, {"totalMessagesWritten":249,"totalMessagesProcessed":311,"totalRedisUpdates":166,"totalValueWritten":3875.7002,"totalAdded":1102.5}, {"key":"C9Ofs","version":2,"value":4.3584785}, {"key":"pvg8F","version":1,"value":19.979704}, {"totalMessagesWritten":251,"totalMessagesProcessed":314,"totalRedisUpdates":167,"totalValueWritten":3971.3118,"totalAdded":1102.5}, {"totalMessagesWritten":251,"totalMessagesProcessed":315,"totalRedisUpdates":168,"totalValueWritten":3971.3118,"totalAdded":1102.5}, {"key":"8B8hR","version":0,"value":14.2924}, {"key":"wgmoN","version":1,"value":24.133705}, {"key":"3QaQM","version":2,"value":24.507738}, {"key":"Q6og6","version":1,"value":19.839804}, {"key":"8B8hR","version":1,"value":11.898579}, {"key":"XdVjD","version":1,"value":23.582893}, {"key":"Q6og6","version":1,"value":16.980137}, {"totalMessagesWritten":258,"totalMessagesProcessed":323,"totalRedisUpdates":174,"totalValueWritten":4106.5474,"totalAdded":1155.0}, {"key":"1w3yx","version":0,"value":16.036629}, {"totalMessagesWritten":259,"totalMessagesProcessed":325,"totalRedisUpdates":176,"totalValueWritten":4122.584,"totalAdded":1165.5}, {"totalMessagesWritten":259,"totalMessagesProcessed":326,"totalRedisUpdates":177,"totalValueWritten":4122.584,"totalAdded":1165.5}, {"key":"ZQm9N","version":0,"value":25.049381}, {"key":"XdVjD","version":0,"value":1.0800707}, {"key":"C9Ofs","version":2,"value":4.5376587}, {"key":"dCdiC","version":1,"value":15.9112215}, {"key":"1uLRY","version":1,"value":18.81401}, {"key":"C9Ofs","version":1,"value":0.7174158}, {"totalMessagesWritten":265,"totalMessagesProcessed":333,"totalRedisUpdates":180,"totalValueWritten":4188.6934,"totalAdded":1186.5}, {"key":"W4mdq","version":0,"value":17.962624}, {"totalMessagesWritten":266,"totalMessagesProcessed":335,"totalRedisUpdates":181,"totalValueWritten":4238.608,"totalAdded":1186.5}, {"key":"dCdiC","version":1,"value":11.107226}, {"key":"r3Nl0","version":2,"value":13.026355}, {"key":"6KGeB","version":0,"value":10.564808}, {"key":"hJ2Ft","version":1,"value":13.116492}, {"key":"72iTf","version":1,"value":4.975817}, {"key":"cBUYK","version":2,"value":28.152567}, {"key":"1w3yx","version":2,"value":14.555604}, {"key":"1uLRY","version":2,"value":20.990072}, {"key":"hJ2Ft","version":1,"value":7.363944}, {"key":"2Jl1K","version":0,"value":15.919909}, {"key":"dCdiC","version":0,"value":5.388941}, {"key":"1w3yx","version":2,"value":7.8667784}, {"key":"cBUYK","version":1,"value":6.583043}, {"key":"4jgV0","version":0,"value":19.794048}, {"key":"8B8hR","version":1,"value":12.9833555}, {"key":"hJ2Ft","version":2,"value":11.651394}, {"totalMessagesWritten":282,"totalMessagesProcessed":352,"totalRedisUpdates":191,"totalValueWritten":4442.6484,"totalAdded":1281.0}, {"key":"8bOhX","version":0,"value":15.304087}, {"key":"Ucp4E","version":0,"value":20.377497}, {"key":"3YNw2","version":1,"value":26.052898}, {"key":"YwVdG","version":2,"value":19.504452}, {"key":"tPmTL","version":2,"value":21.570133}, {"key":"1w3yx","version":1,"value":10.544559}, {"totalMessagesWritten":288,"totalMessagesProcessed":359,"totalRedisUpdates":196,"totalValueWritten":4556.002,"totalAdded":1323.0}, {"totalMessagesWritten":288,"totalMessagesProcessed":360,"totalRedisUpdates":197,"totalValueWritten":4630.529,"totalAdded":1323.0}, {"key":"hJ2Ft","version":2,"value":9.535282}, {"key":"k3HCU","version":1,"value":19.700151}, {"key":"6KGeB","version":2,"value":28.45097}, {"key":"hJ2Ft","version":1,"value":19.388649}, {"totalMessagesWritten":292,"totalMessagesProcessed":365,"totalRedisUpdates":199,"totalValueWritten":4707.604,"totalAdded":1333.5}, {"key":"C9Ofs","version":1,"value":17.35213}, {"totalMessagesWritten":293,"totalMessagesProcessed":367,"totalRedisUpdates":200,"totalValueWritten":4724.956,"totalAdded":1333.5}, {"key":"Ucp4E","version":0,"value":2.7732432}, {"key":"1DPUq","version":1,"value":14.8629875}, {"key":"8bOhX","version":1,"value":12.126542}, {"key":"1YKhq","version":0,"value":23.849144}, {"key":"wSwCv","version":1,"value":11.48703}, {"key":"awYVp","version":2,"value":26.466366}, {"key":"XdVjD","version":1,"value":1.8098104}, {"totalMessagesWritten":300,"totalMessagesProcessed":375,"totalRedisUpdates":205,"totalValueWritten":4854.5693,"totalAdded":1375.5}, {"key":"8bOhX","version":1,"value":18.921516}, {"key":"dTr9E","version":0,"value":26.376286}, {"key":"8B8hR","version":2,"value":18.150469}, {"key":"3SpIo","version":1,"value":27.322895}, {"key":"Fbgot","version":0,"value":23.498281}, {"key":"eg5fo","version":0,"value":16.051298}, {"key":"aHjvd","version":1,"value":15.951318}, {"totalMessagesWritten":307,"totalMessagesProcessed":383,"totalRedisUpdates":212,"totalValueWritten":5000.841,"totalAdded":1438.5}, {"key":"HAPKN","version":0,"value":26.644411}, {"key":"1YKhq","version":1,"value":22.352388}, {"key":"8B8hR","version":1,"value":14.363036}, {"totalMessagesWritten":310,"totalMessagesProcessed":387,"totalRedisUpdates":215,"totalValueWritten":5064.2007,"totalAdded":1459.5}, {"key":"aHjvd","version":2,"value":27.245209}, {"key":"KqqQB","version":0,"value":12.8307}, {"totalMessagesWritten":312,"totalMessagesProcessed":390,"totalRedisUpdates":218,"totalValueWritten":5104.2764,"totalAdded":1480.5}, {"key":"dxd1d","version":2,"value":16.196157}, {"key":"5eTIU","version":0,"value":22.927578}, {"key":"Fbgot","version":2,"value":20.399849}, {"key":"wSwCv","version":0,"value":10.78241}, {"key":"dBRGb","version":2,"value":24.148676}, {"key":"8bOhX","version":2,"value":14.153469}, {"key":"wSwCv","version":0,"value":2.8056085}, {"key":"hJ2Ft","version":1,"value":14.80209}, {"key":"r7pMX","version":2,"value":10.604709}, {"key":"5OZt8","version":0,"value":28.472885}, {"key":"3SpIo","version":0,"value":13.875131}, {"key":"HAPKN","version":2,"value":12.788218}, {"totalMessagesWritten":324,"totalMessagesProcessed":403,"totalRedisUpdates":226,"totalValueWritten":5311.277,"totalAdded":1554.0}, {"key":"8bOhX","version":2,"value":9.445758}, {"key":"8bOhX","version":0,"value":8.375923}, {"key":"K9BQA","version":1,"value":28.715172}, {"key":"4jgV0","version":2,"value":26.998306}, {"key":"HAPKN","version":0,"value":19.943325}, {"key":"2Jl1K","version":1,"value":28.565592}, {"totalMessagesWritten":330,"totalMessagesProcessed":410,"totalRedisUpdates":230,"totalValueWritten":5433.3213,"totalAdded":1585.5}, {"key":"Ucp4E","version":2,"value":14.09791}, {"key":"tPmTL","version":1,"value":19.195557}, {"key":"eg5fo","version":2,"value":14.862134}, {"totalMessagesWritten":333,"totalMessagesProcessed":414,"totalRedisUpdates":233,"totalValueWritten":5508.872,"totalAdded":1606.5}, {"key":"Ucp4E","version":2,"value":13.303352}, {"totalMessagesWritten":334,"totalMessagesProcessed":416,"totalRedisUpdates":234,"totalValueWritten":5522.1753,"totalAdded":1606.5}, {"key":"JMfVg","version":2,"value":27.947418}, {"key":"1DPUq","version":0,"value":8.846533}, {"key":"cCNVp","version":0,"value":18.372658}, {"key":"5OZt8","version":1,"value":12.579807}, {"key":"8B8hR","version":2,"value":0.08904219}, {"key":"k3HCU","version":2,"value":12.992034}, {"key":"gCivR","version":0,"value":13.409871}, {"key":"RUv6y","version":2,"value":16.109653}, {"key":"k3HCU","version":1,"value":15.721847}, {"key":"dxd1d","version":1,"value":5.0205383}, {"totalMessagesWritten":344,"totalMessagesProcessed":427,"totalRedisUpdates":240,"totalValueWritten":5653.264,"totalAdded":1659.0}, {"key":"2Jl1K","version":1,"value":4.287269}, {"totalMessagesWritten":345,"totalMessagesProcessed":429,"totalRedisUpdates":241,"totalValueWritten":5657.5513,"totalAdded":1659.0}, {"key":"K9BQA","version":1,"value":17.430683}, {"key":"orUHl","version":2,"value":17.718945}, {"key":"JMfVg","version":2,"value":4.6889377}, {"key":"8bOhX","version":0,"value":10.507767}, {"key":"8B8hR","version":1,"value":15.751844}, {"key":"1IIF4","version":2,"value":22.134012}, {"totalMessagesWritten":351,"totalMessagesProcessed":436,"totalRedisUpdates":244,"totalValueWritten":5745.783,"totalAdded":1680.0}, {"key":"1YKhq","version":0,"value":15.822767}, {"key":"JMfVg","version":0,"value":19.41902}, {"key":"4jgV0","version":1,"value":7.275207}, {"key":"8B8hR","version":1,"value":18.17897}, {"key":"wSwCv","version":1,"value":9.752104}, {"key":"8bOhX","version":2,"value":0.36819696}, {"key":"4jgV0","version":0,"value":5.603491}, {"key":"aHjvd","version":1,"value":18.928513}, {"key":"r7pMX","version":0,"value":12.595011}, {"key":"gpGCq","version":0,"value":29.418583}, {"key":"mRvAD","version":0,"value":11.766598}, {"key":"7kgxI","version":2,"value":28.521046}, {"key":"YYik9","version":2,"value":18.162052}, {"key":"2Jl1K","version":1,"value":9.02467}, {"key":"5eTIU","version":1,"value":21.042713}, {"key":"JMfVg","version":1,"value":0.61454415}, {"key":"8bOhX","version":1,"value":11.077743}, {"key":"HAPKN","version":2,"value":9.612019}, {"key":"Fbgot","version":2,"value":10.480301}, {"key":"7kgxI","version":2,"value":4.797043}, {"key":"8B8hR","version":1,"value":1.8839669}, {"key":"gCivR","version":1,"value":26.93883}, {"key":"i2qyI","version":1,"value":26.458483}, {"key":"cQyah","version":2,"value":23.161438}, {"key":"HAPKN","version":1,"value":12.026215}, {"key":"4jgV0","version":1,"value":5.851252}, {"key":"1uLRY","version":0,"value":4.5400896}, {"key":"gCivR","version":2,"value":17.075293}, {"key":"wSwCv","version":1,"value":8.170301}, {"key":"3SpIo","version":2,"value":18.525787}, {"key":"1uLRY","version":2,"value":12.056581}, {"key":"k3HCU","version":0,"value":7.4029818}, {"key":"cCNVp","version":2,"value":29.412943}, {"key":"RJv68","version":2,"value":24.049171}, {"key":"3Y5Ul","version":1,"value":24.313887}, {"key":"gpGCq","version":2,"value":22.147007}, {"totalMessagesWritten":387,"totalMessagesProcessed":473,"totalRedisUpdates":259,"totalValueWritten":6370.29,"totalAdded":1827.0}, {"key":"8B8hR","version":1,"value":11.295042}, {"totalMessagesWritten":388,"totalMessagesProcessed":475,"totalRedisUpdates":260,"totalValueWritten":6381.585,"totalAdded":1827.0}, {"key":"eg5fo","version":0,"value":15.314387}, {"totalMessagesWritten":389,"totalMessagesProcessed":477,"totalRedisUpdates":261,"totalValueWritten":6396.8994,"totalAdded":1827.0}, {"totalMessagesWritten":389,"totalMessagesProcessed":478,"totalRedisUpdates":262,"totalValueWritten":6396.8994,"totalAdded":1827.0}, {"key":"5OZt8","version":0,"value":10.8759575}, {"totalMessagesWritten":390,"totalMessagesProcessed":480,"totalRedisUpdates":263,"totalValueWritten":6407.7754,"totalAdded":1827.0}, {"key":"aHjvd","version":1,"value":5.483018}, {"key":"mRvAD","version":0,"value":9.76748}, {"totalMessagesWritten":392,"totalMessagesProcessed":483,"totalRedisUpdates":264,"totalValueWritten":6423.026,"totalAdded":1827.0}, {"key":"mRvAD","version":0,"value":3.5190082}, {"totalMessagesWritten":393,"totalMessagesProcessed":485,"totalRedisUpdates":265,"totalValueWritten":6426.545,"totalAdded":1827.0}, {"key":"cQyah","version":1,"value":6.2579737}, {"key":"orUHl","version":1,"value":18.7547}, {"key":"Iexar","version":2,"value":30.138432}, {"key":"orUHl","version":2,"value":1.4117563}, {"key":"Fbgot","version":2,"value":15.634201}, {"key":"1IIF4","version":0,"value":14.446412}, {"totalMessagesWritten":399,"totalMessagesProcessed":492,"totalRedisUpdates":267,"totalValueWritten":6536.189,"totalAdded":1837.5}, {"key":"orUHl","version":1,"value":12.785341}, {"key":"1uLRY","version":2,"value":1.1926258}, {"key":"jPjKT","version":0,"value":23.89574}, {"key":"YwVdG","version":1,"value":4.4127617}, {"key":"YYik9","version":2,"value":12.8969345}, {"totalMessagesWritten":404,"totalMessagesProcessed":498,"totalRedisUpdates":269,"totalValueWritten":6640.524,"totalAdded":1848.0}, {"key":"Fbgot","version":2,"value":7.9293385}, {"totalMessagesWritten":405,"totalMessagesProcessed":500,"totalRedisUpdates":270,"totalValueWritten":6648.453,"totalAdded":1848.0}]
03:02:00.440 INFO  u.a.e.a.c.AcpCw2ApplicationTests - ===============================PASSED===================================
03:02:00.440 INFO  u.a.e.a.c.AcpCw2ApplicationTests - --------------STARTING TRANSFORM TEST----------------
03:02:00.440 INFO  u.a.e.a.c.AcpCw2ApplicationTests - Generating 500 packets
03:02:00.455 INFO  u.a.e.a.c.s.RabbitMqService - Sent 500/500 messages to TransformTestRead-38315-kdwEe
03:02:00.455 INFO  u.a.e.a.c.d.MessageTransformer - Transforming messages; read_queue:TransformTestRead-38315-kdwEe, write_queue:TransformTestWrite-25346-LIaop, count:500
03:02:00.455 INFO  u.a.e.a.c.s.RabbitMqService - [With Validation]Reading queue TransformTestRead-38315-kdwEe: count=500
03:02:00.511 INFO  u.a.e.a.c.s.RabbitMqService - [With Validation]Received 500/500 messages in 56ms
03:02:00.511 INFO  u.a.e.a.c.s.RabbitMqService - returning: [{"key":"OY6hr","version":0,"value":1.5565598}, {"key":"5NDmh","version":0,"value":7.958083}, {"key":"tmSoh","version":1,"value":19.432423}, {"key":"I4vUP","version":1,"value":18.351305}, {"key":"5NDmh","version":1,"value":7.116514}, {"key":"OY6hr","version":2,"value":4.588417}, {"key":"I4vUP","version":0,"value":16.413973}, {"key":"tmSoh","version":2,"value":13.816152}, {"key":"I4vUP","version":1,"value":1.190691}, {"key":"OY6hr","version":2,"value":1.6912079}, {"key":"5NDmh","version":2,"value":14.405461}, {"key":"tmSoh","version":1,"value":18.109314}, {"key":"PIxE3","version":2,"value":11.902718}, {"key":"OY6hr","version":0,"value":1.4352977}, {"key":"AdGTO","version":2,"value":17.138412}, {"key":"PIxE3","version":0,"value":14.501444}, {"key":"tmSoh","version":2,"value":6.663494}, {"key":"tmSoh","TOTAL":0.0}, {"key":"3b1i3","version":2,"value":16.571321}, {"key":"eQvMI","version":0,"value":16.27673}, {"key":"I4vUP","TOTAL":0.0}, {"key":"AdGTO","TOTAL":0.0}, {"key":"PIxE3","version":2,"value":0.13349414}, {"key":"3b1i3","version":1,"value":0.7565534}, {"key":"LOyLV","version":1,"value":16.471495}, {"key":"PIxE3","version":2,"value":14.228046}, {"key":"YisxE","version":2,"value":17.513378}, {"key":"PIxE3","TOTAL":0.0}, {"key":"gwhr2","version":0,"value":12.37234}, {"key":"YisxE","version":0,"value":3.1725502}, {"key":"5NDmh","version":1,"value":11.331377}, {"key":"5NDmh","version":0,"value":5.2218485}, {"key":"eQvMI","version":2,"value":9.152602}, {"key":"UEQdt","version":0,"value":19.324173}, {"key":"eQvMI","version":2,"value":19.824768}, {"key":"tE8bT","version":1,"value":17.63964}, {"key":"YisxE","version":2,"value":2.004863}, {"key":"3b1i3","version":2,"value":6.841085}, {"key":"YisxE","version":0,"value":9.025703}, {"key":"l4i8H","version":2,"value":16.404701}, {"key":"sw9oo","version":1,"value":19.291285}, {"key":"5NDmh","TOTAL":0.0}, {"key":"UEQdt","version":1,"value":13.440201}, {"key":"sw9oo","version":1,"value":16.332935}, {"key":"OY6hr","TOTAL":40.243202}, {"key":"lpWbQ","version":1,"value":10.625249}, {"key":"sw9oo","version":0,"value":12.035823}, {"key":"YisxE","version":2,"value":14.328081}, {"key":"eQvMI","version":2,"value":2.377739}, {"key":"sw9oo","version":0,"value":13.959116}, {"key":"3b1i3","version":0,"value":14.366566}, {"key":"tE8bT","version":2,"value":4.384222}, {"key":"3b1i3","version":1,"value":1.2016249}, {"key":"5IMp1","version":1,"value":0.9181297}, {"key":"LOyLV","version":1,"value":18.394878}, {"key":"lpWbQ","version":0,"value":14.8357525}, {"key":"l4i8H","version":0,"value":2.5128675}, {"key":"eQvMI","version":1,"value":14.995118}, {"key":"YisxE","version":0,"value":3.1519604}, {"key":"LOyLV","TOTAL":0.0}, {"key":"tE8bT","version":1,"value":6.2761736}, {"key":"eQvMI","version":1,"value":8.192344}, {"key":"lpWbQ","TOTAL":0.0}, {"key":"fGhBn","version":2,"value":14.805561}, {"key":"8nPaH","version":1,"value":0.92302203}, {"key":"5IMp1","TOTAL":0.0}, {"key":"mAy7R","version":0,"value":18.840578}, {"key":"YisxE","version":2,"value":13.794838}, {"key":"eQvMI","version":1,"value":11.896263}, {"key":"gwhr2","version":2,"value":13.369665}, {"key":"YisxE","TOTAL":0.0}, {"key":"fGhBn","version":0,"value":2.4311733}, {"key":"3b1i3","version":1,"value":12.531181}, {"key":"l4i8H","version":0,"value":7.0667467}, {"key":"l4i8H","version":2,"value":12.788778}, {"key":"8nPaH","TOTAL":0.0}, {"key":"eQvMI","version":0,"value":5.4422483}, {"key":"kBjoD","version":2,"value":16.363352}, {"key":"UEQdt","version":2,"value":4.961318}, {"key":"fGhBn","TOTAL":0.0}, {"key":"kBjoD","TOTAL":0.0}, {"key":"mAy7R","version":1,"value":5.7971716}, {"key":"AcXSv","version":2,"value":9.2740965}, {"key":"34E5b","version":0,"value":14.908972}, {"key":"AcXSv","version":1,"value":7.9039536}, {"key":"WeWg6","version":0,"value":8.354975}, {"key":"l4i8H","TOTAL":0.0}, {"key":"tE8bT","version":0,"value":11.180433}, {"key":"mAy7R","TOTAL":0.0}, {"key":"DEdly","version":1,"value":1.9862854}, {"key":"BHlyJ","version":2,"value":12.718735}, {"key":"Qrim8","version":0,"value":10.346909}, {"key":"UEQdt","version":2,"value":3.2552493}, {"key":"34E5b","version":2,"value":3.8066328}, {"key":"gslSg","version":0,"value":16.138115}, {"key":"DEdly","version":2,"value":7.811364}, {"key":"gslSg","version":0,"value":10.1031065}, {"key":"UEQdt","version":0,"value":10.388128}, {"key":"eQvMI","TOTAL":0.0}, {"key":"QqP11","version":2,"value":12.677445}, {"key":"DEdly","version":0,"value":18.619186}, {"key":"34E5b","TOTAL":0.0}, {"key":"WeWg6","version":0,"value":5.6750975}, {"key":"BHlyJ","version":1,"value":19.418547}, {"key":"iVmri","version":2,"value":2.1537864}, {"key":"obY8Y","version":0,"value":17.824512}, {"key":"gslSg","version":2,"value":16.44405}, {"key":"3b1i3","version":0,"value":7.5030956}, {"key":"UEQdt","version":0,"value":19.914122}, {"key":"UEQdt","version":2,"value":4.5806217}, {"key":"UEQdt","TOTAL":0.0}, {"key":"DEdly","version":2,"value":14.481708}, {"key":"dIjJA","version":0,"value":7.5596848}, {"key":"xgOZl","version":2,"value":8.718115}, {"key":"dIjJA","version":2,"value":9.402197}, {"key":"sw9oo","TOTAL":0.0}, {"key":"Qrim8","version":1,"value":5.6909847}, {"key":"dIjJA","version":1,"value":10.411009}, {"key":"gwhr2","TOTAL":0.0}, {"key":"vhCa8","version":2,"value":14.878582}, {"key":"3b1i3","version":1,"value":15.89706}, {"key":"NU7fV","version":2,"value":3.8869536}, {"key":"BHlyJ","TOTAL":31.675285}, {"key":"Qrim8","version":0,"value":17.876106}, {"key":"gslSg","version":2,"value":16.979729}, {"key":"vhCa8","version":2,"value":6.7752657}, {"key":"u6bR7","version":0,"value":9.818807}, {"key":"tE8bT","TOTAL":0.0}, {"key":"fts2l","version":1,"value":13.723947}, {"key":"T5sAs","version":1,"value":17.512764}, {"key":"DEdly","version":1,"value":13.114365}, {"key":"NU7fV","version":1,"value":4.514984}, {"key":"eDYjJ","version":0,"value":3.8064826}, {"key":"WeWg6","version":2,"value":16.321203}, {"key":"DEdly","version":0,"value":6.822709}, {"key":"T5sAs","version":2,"value":19.284298}, {"key":"eDYjJ","version":1,"value":18.837372}, {"key":"uxflp","version":1,"value":18.994274}, {"key":"AcXSv","TOTAL":0.0}, {"key":"LxQ6i","version":1,"value":4.98343}, {"key":"fts2l","version":0,"value":11.511136}, {"key":"QqP11","TOTAL":0.0}, {"key":"u6bR7","version":1,"value":9.519175}, {"key":"cIMeV","version":0,"value":19.23927}, {"key":"n3O1g","version":1,"value":9.689846}, {"key":"iVmri","version":0,"value":9.791018}, {"key":"cIMeV","version":2,"value":14.25199}, {"key":"eYQb0","version":0,"value":6.237584}, {"key":"WeWg6","TOTAL":83.750916}, {"key":"gslSg","version":2,"value":12.280947}, {"key":"eDYjJ","TOTAL":0.0}, {"key":"NU7fV","version":2,"value":15.103962}, {"key":"xgOZl","version":0,"value":12.922572}, {"key":"ORpph","version":1,"value":11.934851}, {"key":"fts2l","version":2,"value":16.264206}, {"key":"gslSg","version":1,"value":0.72315454}, {"key":"u6bR7","version":2,"value":2.5820553}, {"key":"XmrgJ","version":0,"value":12.265669}, {"key":"iVmri","TOTAL":27.113855}, {"key":"DEdly","version":2,"value":16.904642}, {"key":"n3O1g","version":0,"value":13.388473}, {"key":"LxQ6i","version":2,"value":11.915469}, {"key":"TLVei","version":1,"value":11.759899}, {"key":"gslSg","version":0,"value":12.215281}, {"key":"eYQb0","TOTAL":0.0}, {"key":"dIjJA","version":2,"value":9.660727}, {"key":"n3O1g","TOTAL":0.0}, {"key":"IKtcI","version":2,"value":19.752419}, {"key":"3b1i3","TOTAL":0.0}, {"key":"OSADC","version":2,"value":15.253119}, {"key":"wRbcD","version":2,"value":6.044916}, {"key":"sfh5H","version":0,"value":3.1945395}, {"key":"xgOZl","TOTAL":54.864357}, {"key":"T5sAs","TOTAL":0.0}, {"key":"obY8Y","TOTAL":0.0}, {"key":"dIjJA","version":1,"value":1.9250798}, {"key":"HI83s","version":1,"value":12.527514}, {"key":"vhCa8","version":1,"value":2.0572543}, {"key":"XmrgJ","TOTAL":0.0}, {"key":"2vZFO","version":2,"value":11.963707}, {"key":"LxQ6i","version":0,"value":1.3403296}, {"key":"yhruo","version":1,"value":19.829313}, {"key":"IKtcI","TOTAL":0.0}, {"key":"fty2X","version":1,"value":3.4796846}, {"key":"TLVei","version":2,"value":1.8473744}, {"key":"gslSg","TOTAL":66.922325}, {"key":"NU7fV","TOTAL":20.447618}, {"key":"vhCa8","version":2,"value":19.738031}, {"key":"OSADC","version":2,"value":10.9625435}, {"key":"LxQ6i","TOTAL":0.0}, {"key":"ZEwc9","version":1,"value":10.6651535}, {"key":"yhruo","version":0,"value":0.81195116}, {"key":"RZNTG","version":1,"value":5.505638}, {"key":"uxflp","version":1,"value":18.96805}, {"key":"u6bR7","version":1,"value":6.2906876}, {"key":"yhruo","version":2,"value":4.9697533}, {"key":"ZEwc9","version":1,"value":17.234352}, {"key":"nB3Zd","version":0,"value":9.554314}, {"key":"2vZFO","version":2,"value":17.121155}, {"key":"dIjJA","version":0,"value":8.75862}, {"key":"ZBNDn","version":1,"value":15.706668}, {"key":"sfh5H","version":2,"value":19.984854}, {"key":"yhruo","version":2,"value":2.9000604}, {"key":"HL5VW","version":0,"value":4.0917006}, {"key":"TLVei","version":1,"value":9.81349}, {"key":"uxflp","TOTAL":65.02217}, {"key":"RZNTG","version":0,"value":2.753501}, {"key":"fts2l","TOTAL":0.0}, {"key":"wRbcD","version":1,"value":11.738502}, {"key":"FtlRQ","version":1,"value":3.6144996}, {"key":"HI83s","version":1,"value":14.811535}, {"key":"7xxy5","version":1,"value":4.683317}, {"key":"wRbcD","version":1,"value":12.1189165}, {"key":"FjS9y","version":1,"value":7.254653}, {"key":"OSADC","version":1,"value":0.8708298}, {"key":"cIMeV","TOTAL":0.0}, {"key":"2vZFO","version":0,"value":19.56852}, {"key":"ZEwc9","version":2,"value":8.658447}, {"key":"vhCa8","TOTAL":0.0}, {"key":"FtlRQ","version":1,"value":11.607117}, {"key":"FtlRQ","version":0,"value":9.276538}, {"key":"2vZFO","version":0,"value":7.1443806}, {"key":"dIjJA","version":1,"value":3.4575808}, {"key":"cOGSd","version":1,"value":12.144491}, {"key":"7xxy5","version":1,"value":14.456782}, {"key":"yhruo","version":1,"value":5.4164877}, {"key":"RZNTG","version":2,"value":3.1736684}, {"key":"FjS9y","TOTAL":0.0}, {"key":"OSADC","TOTAL":0.0}, {"key":"ORpph","version":2,"value":17.145365}, {"key":"u6bR7","TOTAL":46.078117}, {"key":"RZNTG","TOTAL":0.0}, {"key":"cOGSd","version":1,"value":5.0439525}, {"key":"dIjJA","version":2,"value":1.120112}, {"key":"HL5VW","version":2,"value":5.3801727}, {"key":"7xxy5","TOTAL":57.43277}, {"key":"HI83s","version":1,"value":5.5600286}, {"key":"sfh5H","version":2,"value":19.859215}, {"key":"P1gMG","version":0,"value":14.53513}, {"key":"HI83s","TOTAL":0.0}, {"key":"FtlRQ","version":1,"value":1.564529}, {"key":"ccoHC","version":1,"value":3.5084164}, {"key":"FtlRQ","TOTAL":0.0}, {"key":"dIjJA","TOTAL":0.0}, {"key":"sfh5H","version":0,"value":10.893494}, {"key":"NDgs5","version":2,"value":1.1197484}, {"key":"TLVei","version":2,"value":9.053659}, {"key":"ZEwc9","TOTAL":8.87112}, {"key":"sfh5H","version":0,"value":3.6690235}, {"key":"2vZFO","version":1,"value":9.426061}, {"key":"sfh5H","version":0,"value":14.279633}, {"key":"sfh5H","TOTAL":0.0}, {"key":"fty2X","version":0,"value":5.431416}, {"key":"dMkL4","version":1,"value":7.9871883}, {"key":"q1uHN","version":0,"value":3.479476}, {"key":"nB3Zd","version":2,"value":8.676529}, {"key":"ZBNDn","version":2,"value":15.675792}, {"key":"yhruo","version":0,"value":2.3362362}, {"key":"dEiwv","version":0,"value":16.089577}, {"key":"DEdly","version":0,"value":10.835913}, {"key":"ORpph","version":2,"value":0.013626814}, {"key":"wRbcD","version":0,"value":17.773525}, {"key":"v4VAw","version":1,"value":17.681072}, {"key":"dMkL4","version":1,"value":15.023557}, {"key":"nB3Zd","version":1,"value":0.8892119}, {"key":"wRbcD","version":2,"value":4.0409384}, {"key":"HL5VW","version":2,"value":16.60376}, {"key":"iIreP","version":0,"value":10.742237}, {"key":"UZyHB","version":0,"value":5.577445}, {"key":"VuOXO","version":0,"value":19.304998}, {"key":"wRbcD","version":2,"value":6.704304}, {"key":"iIreP","version":2,"value":2.5407696}, {"key":"yhruo","version":2,"value":15.860976}, {"key":"q1uHN","version":1,"value":10.015302}, {"key":"wRbcD","TOTAL":0.0}, {"key":"yhruo","TOTAL":0.0}, {"key":"Qrim8","version":0,"value":2.0299816}, {"key":"cOGSd","version":0,"value":1.8076205}, {"key":"VuOXO","version":2,"value":7.2532725}, {"key":"Qrim8","version":2,"value":19.573633}, {"key":"Ul0YP","version":2,"value":17.04274}, {"key":"P1gMG","TOTAL":0.0}, {"key":"iIreP","version":2,"value":10.299681}, {"key":"q1uHN","TOTAL":0.0}, {"key":"HD8K7","version":1,"value":3.4427881}, {"key":"v4VAw","version":2,"value":4.656434}, {"key":"HL5VW","TOTAL":0.0}, {"key":"UZyHB","version":2,"value":16.664433}, {"key":"dEiwv","version":0,"value":6.0563874}, {"key":"v4VAw","version":1,"value":2.3339927}, {"key":"iIreP","version":0,"value":10.343352}, {"key":"nB3Zd","version":0,"value":6.2499404}, {"key":"fty2X","version":0,"value":2.194463}, {"key":"oNo04","version":0,"value":4.4667425}, {"key":"VuOXO","version":0,"value":9.5224905}, {"key":"Qrim8","version":1,"value":15.059247}, {"key":"7rIt8","version":0,"value":14.099301}, {"key":"ZBNDn","version":1,"value":12.480478}, {"key":"v4VAw","version":0,"value":12.645583}, {"key":"v4VAw","version":1,"value":13.13422}, {"key":"TLVei","version":1,"value":15.042392}, {"key":"HD8K7","TOTAL":0.0}, {"key":"oNo04","version":1,"value":6.200696}, {"key":"VuOXO","version":0,"value":16.625824}, {"key":"lAwKv","version":0,"value":7.096455}, {"key":"sAXEr","version":0,"value":0.52797794}, {"key":"dMkL4","version":1,"value":10.342892}, {"key":"ZBNDn","TOTAL":0.0}, {"key":"fNgV2","version":1,"value":11.267778}, {"key":"TLVei","version":0,"value":17.921625}, {"key":"iIreP","version":0,"value":5.518523}, {"key":"ChADX","version":2,"value":4.3937206}, {"key":"dMkL4","TOTAL":0.0}, {"key":"nB3Zd","version":2,"value":17.811321}, {"key":"qnhvR","version":2,"value":19.288422}, {"key":"7rIt8","version":2,"value":0.63642025}, {"key":"Qrim8","version":1,"value":10.760899}, {"key":"cQOT4","version":2,"value":10.879528}, {"key":"DEdly","version":2,"value":8.846866}, {"key":"ChADX","version":2,"value":17.980032}, {"key":"oNo04","version":0,"value":15.947294}, {"key":"eFJKU","version":0,"value":1.9263208}, {"key":"0H5UK","version":2,"value":13.227321}, {"key":"NDgs5","version":1,"value":15.443718}, {"key":"Ul0YP","TOTAL":64.19409}, {"key":"cOGSd","TOTAL":62.03874}, {"key":"ORpph","version":0,"value":7.493387}, {"key":"cQOT4","version":0,"value":9.5667305}, {"key":"lAwKv","version":0,"value":8.584033}, {"key":"WURUA","version":0,"value":16.683945}, {"key":"sAXEr","TOTAL":0.0}, {"key":"7rIt8","TOTAL":0.0}, {"key":"EoaYo","version":2,"value":0.24583578}, {"key":"eFJKU","version":0,"value":11.7396965}, {"key":"v4VAw","version":0,"value":14.580641}, {"key":"v4VAw","version":0,"value":15.968019}, {"key":"VuOXO","version":1,"value":13.466982}, {"key":"fNgV2","version":1,"value":19.147507}, {"key":"lAwKv","version":1,"value":18.723303}, {"key":"0H5UK","version":0,"value":3.707546}, {"key":"NDgs5","version":2,"value":13.931974}, {"key":"Et9lE","version":2,"value":9.370112}, {"key":"DEdly","version":2,"value":3.2197976}, {"key":"nB3Zd","version":2,"value":17.440842}, {"key":"dEiwv","TOTAL":43.43143}, {"key":"oHWOJ","version":0,"value":6.1054587}, {"key":"ghCIt","version":2,"value":15.851382}, {"key":"5L1YG","version":1,"value":16.099993}, {"key":"eFJKU","TOTAL":32.194775}, {"key":"TLVei","version":0,"value":10.401577}, {"key":"UZyHB","version":0,"value":17.484478}, {"key":"2vZFO","version":0,"value":19.223717}, {"key":"TLVei","version":0,"value":10.561159}, {"key":"NDgs5","version":0,"value":14.059752}, {"key":"oHWOJ","version":2,"value":9.818859}, {"key":"Et9lE","version":1,"value":14.205206}, {"key":"lAwKv","version":2,"value":19.748795}, {"key":"VuOXO","TOTAL":0.0}, {"key":"fty2X","version":1,"value":13.791883}, {"key":"TLVei","version":1,"value":18.469763}, {"key":"7wxmH","version":2,"value":5.248618}, {"key":"v4VAw","version":1,"value":2.7139843}, {"key":"UZyHB","version":2,"value":9.553936}, {"key":"ORpph","version":1,"value":18.251144}, {"key":"cQOT4","version":1,"value":19.67141}, {"key":"EoaYo","version":2,"value":13.277222}, {"key":"ORpph","version":2,"value":13.853968}, {"key":"ghCIt","TOTAL":0.0}, {"key":"DEdly","TOTAL":0.0}, {"key":"v4VAw","TOTAL":0.0}, {"key":"oNo04","version":0,"value":2.1648967}, {"key":"ORpph","version":2,"value":17.406742}, {"key":"ORpph","version":2,"value":4.345956}, {"key":"Et9lE","TOTAL":0.0}, {"key":"NDgs5","TOTAL":0.0}, {"key":"ccoHC","version":1,"value":3.3142197}, {"key":"oHWOJ","version":2,"value":4.0834}, {"key":"EoaYo","TOTAL":0.0}, {"key":"oHWOJ","version":0,"value":0.50374866}, {"key":"EqWy2","version":0,"value":11.429287}, {"key":"ChADX","version":0,"value":2.6256192}, {"key":"7wxmH","version":1,"value":18.564058}, {"key":"0H5UK","version":0,"value":9.861282}, {"key":"oNo04","version":1,"value":1.9892061}, {"key":"nB3Zd","version":1,"value":4.8642645}, {"key":"ORpph","version":2,"value":1.7574966}, {"key":"ccoHC","version":0,"value":7.8100348}, {"key":"qnhvR","version":2,"value":12.292069}, {"key":"cQOT4","version":2,"value":2.1245039}, {"key":"ccoHC","version":1,"value":10.470128}, {"key":"Qrim8","version":1,"value":15.836651}, {"key":"ccoHC","TOTAL":0.0}, {"key":"cQOT4","version":2,"value":13.980053}, {"key":"Qrim8","TOTAL":0.0}, {"key":"TLVei","version":2,"value":11.472622}, {"key":"gx0VB","version":2,"value":17.827604}, {"key":"oHWOJ","version":1,"value":14.083273}, {"key":"qnhvR","version":1,"value":0.6425202}, {"key":"kDrOM","version":0,"value":3.1710148}, {"key":"fNgV2","TOTAL":0.0}, {"key":"wvdNn","version":2,"value":13.90505}, {"key":"TLVei","version":0,"value":7.4063993}, {"key":"5hfPa","version":0,"value":1.3423193}, {"key":"3mEKu","version":2,"value":18.079601}, {"key":"li3YO","version":2,"value":1.6554129}, {"key":"TLVei","version":2,"value":1.571945}, {"key":"lAwKv","version":1,"value":18.700058}, {"key":"ORpph","version":2,"value":16.551146}, {"key":"iIreP","version":2,"value":18.063683}, {"key":"3mEKu","version":0,"value":7.8348756}, {"key":"7wxmH","version":2,"value":15.053549}, {"key":"kDrOM","version":1,"value":3.6973763}, {"key":"oHWOJ","version":1,"value":14.812931}, {"key":"WURUA","version":0,"value":7.034692}, {"key":"2YhRM","version":0,"value":2.694893}, {"key":"0H5UK","version":1,"value":14.787029}, {"key":"EqWy2","version":2,"value":16.262249}, {"key":"UZyHB","version":0,"value":13.512773}, {"key":"boiNs","version":1,"value":10.380875}, {"key":"EqWy2","version":0,"value":5.678849}, {"key":"oHWOJ","version":0,"value":14.679764}, {"key":"oHWOJ","TOTAL":0.0}, {"key":"vGv0W","version":1,"value":7.815995}, {"key":"kDrOM","version":1,"value":12.23095}, {"key":"fty2X","version":0,"value":4.775839}, {"key":"gI2mF","version":1,"value":1.9062448}, {"key":"43XEH","version":1,"value":11.489401}, {"key":"v0No8","version":2,"value":8.885194}, {"key":"kDrOM","version":2,"value":2.8339267}, {"key":"fty2X","version":1,"value":2.5503445}, {"key":"qnhvR","TOTAL":0.0}, {"key":"TLVei","version":0,"value":3.545307}, {"key":"v0No8","version":2,"value":3.5135067}, {"key":"boiNs","version":1,"value":15.765255}, {"key":"hoUfs","version":2,"value":4.4494667}, {"key":"2YhRM","version":2,"value":12.34458}, {"key":"V4I7y","version":1,"value":19.687614}, {"key":"0H5UK","version":2,"value":3.2051516}, {"key":"lAwKv","version":1,"value":14.540509}, {"key":"y6msQ","version":2,"value":19.726131}, {"key":"5hfPa","version":0,"value":11.186111}, {"key":"iIreP","version":0,"value":19.79247}, {"key":"v0No8","version":1,"value":13.320827}, {"key":"v0No8","version":0,"value":16.363274}, {"key":"wvdNn","version":1,"value":8.327896}, {"key":"kDrOM","version":1,"value":2.3231506}, {"key":"ChADX","version":2,"value":4.2784524}, {"key":"fty2X","TOTAL":0.0}, {"key":"lAwKv","version":2,"value":18.42881}, {"key":"oNo04","TOTAL":0.0}, {"key":"2vZFO","version":0,"value":15.072548}, {"key":"lAwKv","version":2,"value":12.075766}, {"key":"t3iPS","version":0,"value":3.897661}, {"key":"WURUA","version":0,"value":6.9851246}, {"key":"WfxkC","version":1,"value":7.8811607}, {"key":"5hfPa","version":2,"value":10.56764}, {"key":"amkI8","version":1,"value":2.0605707}, {"key":"TLVei","version":0,"value":12.087856}, {"key":"nB3Zd","TOTAL":0.0}, {"key":"WURUA","version":2,"value":18.547647}, {"key":"KepOP","version":1,"value":5.8349085}, {"key":"usdlN","version":1,"value":13.226154}, {"key":"43XEH","TOTAL":0.0}, {"key":"TLVei","version":0,"value":2.4014068}, {"key":"5hfPa","version":1,"value":6.5999784}, {"key":"li3YO","version":2,"value":3.622371}, {"key":"WfxkC","TOTAL":0.0}, {"key":"gI2mF","version":0,"value":18.76953}, {"key":"gxR1Z","version":1,"value":9.727119}, {"key":"QfW6O","version":0,"value":18.017445}, {"key":"WURUA","TOTAL":0.0}, {"key":"cQOT4","TOTAL":0.0}, {"key":"gxR1Z","version":1,"value":17.940517}, {"key":"2vZFO","TOTAL":78.84253}, {"key":"usdlN","version":2,"value":1.8824661}, {"key":"t3iPS","version":2,"value":17.665306}, {"key":"V4I7y","TOTAL":0.0}, {"key":"amkI8","version":1,"value":3.6356342}, {"key":"v0No8","TOTAL":0.0}, {"key":"0H5UK","version":0,"value":8.085222}, {"key":"wfG15","version":0,"value":10.066765}, {"key":"ORpph","TOTAL":0.0}, {"key":"boiNs","TOTAL":61.185837}, {"key":"y6msQ","version":2,"value":16.56033}, {"key":"KepOP","TOTAL":0.0}, {"key":"hoUfs","version":1,"value":10.188206}, {"key":"usdlN","version":2,"value":9.976831}, {"key":"MSncX","version":2,"value":12.893791}, {"key":"1Prxu","version":2,"value":14.146428}, {"key":"MSncX","TOTAL":0.0}, {"key":"li3YO","version":1,"value":0.11904836}, {"key":"bnkkJ","version":2,"value":9.970464}, {"key":"iIreP","version":0,"value":6.7245555}, {"key":"7wxmH","version":0,"value":0.7561195}, {"key":"iIreP","TOTAL":0.0}, {"key":"t3iPS","version":2,"value":0.67361}, {"key":"lAwKv","version":2,"value":15.211991}, {"key":"t3iPS","TOTAL":0.0}, {"key":"EZ72h","version":1,"value":12.081194}, {"key":"kDrOM","TOTAL":0.0}]
03:02:00.511 INFO  u.a.e.a.c.d.MessageTransformer - 0% complete...
03:02:03.030 INFO  u.a.e.a.c.d.MessageTransformer - 10% complete...
03:02:05.594 INFO  u.a.e.a.c.d.MessageTransformer - 20% complete...
03:02:08.183 INFO  u.a.e.a.c.d.MessageTransformer - 30% complete...
03:02:10.766 INFO  u.a.e.a.c.d.MessageTransformer - 40% complete...
03:02:13.345 INFO  u.a.e.a.c.d.MessageTransformer - 50% complete...
03:02:15.911 INFO  u.a.e.a.c.d.MessageTransformer - 60% complete...
03:02:18.495 INFO  u.a.e.a.c.d.MessageTransformer - 70% complete...
03:02:21.101 INFO  u.a.e.a.c.d.MessageTransformer - 80% complete...
03:02:23.660 INFO  u.a.e.a.c.d.MessageTransformer - 90% complete...
03:02:26.217 INFO  u.a.e.a.c.d.MessageTransformer - 100% complete. Tranformed 500 messages
03:02:26.217 INFO  u.a.e.a.c.s.RabbitMqService - Reading queue TransformTestWrite-25346-LIaop: count=500
03:02:26.279 INFO  u.a.e.a.c.s.RabbitMqService - Received 500/500 messages in 62ms
03:02:26.279 INFO  u.a.e.a.c.s.RabbitMqService - returning: [{"key":"OY6hr","version":0,"value":12.05656}, {"key":"5NDmh","version":0,"value":18.458084}, {"key":"tmSoh","version":1,"value":29.932423}, {"key":"I4vUP","version":1,"value":28.851305}, {"key":"5NDmh","version":1,"value":17.616514}, {"key":"OY6hr","version":2,"value":15.088417}, {"key":"I4vUP","version":0,"value":16.413973}, {"key":"tmSoh","version":2,"value":24.31615}, {"key":"I4vUP","version":1,"value":1.190691}, {"key":"OY6hr","version":2,"value":1.6912079}, {"key":"5NDmh","version":2,"value":24.90546}, {"key":"tmSoh","version":1,"value":18.109314}, {"key":"PIxE3","version":2,"value":22.402718}, {"key":"OY6hr","version":0,"value":1.4352977}, {"key":"AdGTO","version":2,"value":27.638412}, {"key":"PIxE3","version":0,"value":14.501444}, {"key":"tmSoh","version":2,"value":6.663494}, {"totalMessagesWritten":17,"totalMessagesProcessed":18,"totalRedisUpdates":11,"totalValueWritten":281.27142,"totalAdded":105.0}, {"key":"3b1i3","version":2,"value":27.071321}, {"key":"eQvMI","version":0,"value":26.77673}, {"totalMessagesWritten":19,"totalMessagesProcessed":21,"totalRedisUpdates":14,"totalValueWritten":335.11948,"totalAdded":126.0}, {"totalMessagesWritten":19,"totalMessagesProcessed":22,"totalRedisUpdates":15,"totalValueWritten":335.11948,"totalAdded":126.0}, {"key":"PIxE3","version":2,"value":0.13349414}, {"key":"3b1i3","version":1,"value":0.7565534}, {"key":"LOyLV","version":1,"value":26.971495}, {"key":"PIxE3","version":2,"value":14.228046}, {"key":"YisxE","version":2,"value":28.013378}, {"totalMessagesWritten":24,"totalMessagesProcessed":28,"totalRedisUpdates":18,"totalValueWritten":405.22244,"totalAdded":147.0}, {"key":"gwhr2","version":0,"value":22.872341}, {"key":"YisxE","version":0,"value":3.1725502}, {"key":"5NDmh","version":1,"value":11.331377}, {"key":"5NDmh","version":0,"value":5.2218485}, {"key":"eQvMI","version":2,"value":19.652603}, {"key":"UEQdt","version":0,"value":29.824173}, {"key":"eQvMI","version":2,"value":19.824768}, {"key":"tE8bT","version":1,"value":28.13964}, {"key":"YisxE","version":2,"value":2.004863}, {"key":"3b1i3","version":2,"value":6.841085}, {"key":"YisxE","version":0,"value":9.025703}, {"key":"l4i8H","version":2,"value":26.904701}, {"key":"sw9oo","version":1,"value":29.791285}, {"totalMessagesWritten":37,"totalMessagesProcessed":42,"totalRedisUpdates":25,"totalValueWritten":619.8294,"totalAdded":210.0}, {"key":"UEQdt","version":1,"value":23.9402}, {"key":"sw9oo","version":1,"value":16.332935}, {"totalMessagesWritten":39,"totalMessagesProcessed":45,"totalRedisUpdates":27,"totalValueWritten":700.34576,"totalAdded":220.5}, {"key":"lpWbQ","version":1,"value":21.125248}, {"key":"sw9oo","version":0,"value":12.035823}, {"key":"YisxE","version":2,"value":14.328081}, {"key":"eQvMI","version":2,"value":2.377739}, {"key":"sw9oo","version":0,"value":13.959116}, {"key":"3b1i3","version":0,"value":14.366566}, {"key":"tE8bT","version":2,"value":14.884222}, {"key":"3b1i3","version":1,"value":1.2016249}, {"key":"5IMp1","version":1,"value":11.41813}, {"key":"LOyLV","version":1,"value":18.394878}, {"key":"lpWbQ","version":0,"value":14.8357525}, {"key":"l4i8H","version":0,"value":2.5128675}, {"key":"eQvMI","version":1,"value":14.995118}, {"key":"YisxE","version":0,"value":3.1519604}, {"totalMessagesWritten":53,"totalMessagesProcessed":60,"totalRedisUpdates":31,"totalValueWritten":859.9329,"totalAdded":252.0}, {"key":"tE8bT","version":1,"value":6.2761736}, {"key":"eQvMI","version":1,"value":8.192344}, {"totalMessagesWritten":55,"totalMessagesProcessed":63,"totalRedisUpdates":32,"totalValueWritten":874.4014,"totalAdded":252.0}, {"key":"fGhBn","version":2,"value":25.305561}, {"key":"8nPaH","version":1,"value":11.423022}, {"totalMessagesWritten":57,"totalMessagesProcessed":66,"totalRedisUpdates":35,"totalValueWritten":911.13,"totalAdded":273.0}, {"key":"mAy7R","version":0,"value":29.340578}, {"key":"YisxE","version":2,"value":13.794838}, {"key":"eQvMI","version":1,"value":11.896263}, {"key":"gwhr2","version":2,"value":23.869665}, {"totalMessagesWritten":61,"totalMessagesProcessed":71,"totalRedisUpdates":38,"totalValueWritten":990.0314,"totalAdded":294.0}, {"key":"fGhBn","version":0,"value":2.4311733}, {"key":"3b1i3","version":1,"value":12.531181}, {"key":"l4i8H","version":0,"value":7.0667467}, {"key":"l4i8H","version":2,"value":12.788778}, {"totalMessagesWritten":65,"totalMessagesProcessed":76,"totalRedisUpdates":39,"totalValueWritten":1024.8492,"totalAdded":294.0}, {"key":"eQvMI","version":0,"value":5.4422483}, {"key":"kBjoD","version":2,"value":26.863352}, {"key":"UEQdt","version":2,"value":15.461318}, {"totalMessagesWritten":68,"totalMessagesProcessed":80,"totalRedisUpdates":42,"totalValueWritten":1072.6162,"totalAdded":315.0}, {"totalMessagesWritten":68,"totalMessagesProcessed":81,"totalRedisUpdates":43,"totalValueWritten":1072.6162,"totalAdded":315.0}, {"key":"mAy7R","version":1,"value":16.297173}, {"key":"AcXSv","version":2,"value":19.774097}, {"key":"34E5b","version":0,"value":25.408972}, {"key":"AcXSv","version":1,"value":7.9039536}, {"key":"WeWg6","version":0,"value":18.854975}, {"totalMessagesWritten":73,"totalMessagesProcessed":87,"totalRedisUpdates":48,"totalValueWritten":1160.8552,"totalAdded":357.0}, {"key":"tE8bT","version":0,"value":11.180433}, {"totalMessagesWritten":74,"totalMessagesProcessed":89,"totalRedisUpdates":49,"totalValueWritten":1172.0356,"totalAdded":357.0}, {"key":"DEdly","version":1,"value":12.486285}, {"key":"BHlyJ","version":2,"value":23.218735}, {"key":"Qrim8","version":0,"value":20.846909}, {"key":"UEQdt","version":2,"value":3.2552493}, {"key":"34E5b","version":2,"value":14.306633}, {"key":"gslSg","version":0,"value":26.638115}, {"key":"DEdly","version":2,"value":18.311363}, {"key":"gslSg","version":0,"value":10.1031065}, {"key":"UEQdt","version":0,"value":10.388128}, {"totalMessagesWritten":83,"totalMessagesProcessed":99,"totalRedisUpdates":56,"totalValueWritten":1311.5903,"totalAdded":420.0}, {"key":"QqP11","version":2,"value":23.177444}, {"key":"DEdly","version":0,"value":18.619186}, {"totalMessagesWritten":85,"totalMessagesProcessed":102,"totalRedisUpdates":58,"totalValueWritten":1353.387,"totalAdded":430.5}, {"key":"WeWg6","version":0,"value":5.6750975}, {"key":"BHlyJ","version":1,"value":19.418547}, {"key":"iVmri","version":2,"value":12.653787}, {"key":"obY8Y","version":0,"value":28.324512}, {"key":"gslSg","version":2,"value":26.94405}, {"key":"3b1i3","version":0,"value":7.5030956}, {"key":"UEQdt","version":0,"value":19.914122}, {"key":"UEQdt","version":2,"value":4.5806217}, {"totalMessagesWritten":93,"totalMessagesProcessed":111,"totalRedisUpdates":62,"totalValueWritten":1478.4006,"totalAdded":462.0}, {"key":"DEdly","version":2,"value":14.481708}, {"key":"dIjJA","version":0,"value":18.059685}, {"key":"xgOZl","version":2,"value":19.218115}, {"key":"dIjJA","version":2,"value":19.902197}, {"totalMessagesWritten":97,"totalMessagesProcessed":116,"totalRedisUpdates":66,"totalValueWritten":1550.0624,"totalAdded":493.5}, {"key":"Qrim8","version":1,"value":16.190985}, {"key":"dIjJA","version":1,"value":10.411009}, {"totalMessagesWritten":99,"totalMessagesProcessed":119,"totalRedisUpdates":68,"totalValueWritten":1576.6644,"totalAdded":504.0}, {"key":"vhCa8","version":2,"value":25.378582}, {"key":"3b1i3","version":1,"value":15.89706}, {"key":"NU7fV","version":2,"value":14.386953}, {"totalMessagesWritten":102,"totalMessagesProcessed":123,"totalRedisUpdates":71,"totalValueWritten":1664.0023,"totalAdded":525.0}, {"key":"Qrim8","version":0,"value":17.876106}, {"key":"gslSg","version":2,"value":16.979729}, {"key":"vhCa8","version":2,"value":6.7752657}, {"key":"u6bR7","version":0,"value":20.318806}, {"totalMessagesWritten":106,"totalMessagesProcessed":128,"totalRedisUpdates":73,"totalValueWritten":1725.9523,"totalAdded":535.5}, {"key":"fts2l","version":1,"value":24.223946}, {"key":"T5sAs","version":1,"value":28.012764}, {"key":"DEdly","version":1,"value":13.114365}, {"key":"NU7fV","version":1,"value":4.514984}, {"key":"eDYjJ","version":0,"value":14.306482}, {"key":"WeWg6","version":2,"value":26.821203}, {"key":"DEdly","version":0,"value":6.822709}, {"key":"T5sAs","version":2,"value":29.784298}, {"key":"eDYjJ","version":1,"value":29.337372}, {"key":"uxflp","version":1,"value":29.494274}, {"totalMessagesWritten":116,"totalMessagesProcessed":139,"totalRedisUpdates":81,"totalValueWritten":1932.3849,"totalAdded":609.0}, {"key":"LxQ6i","version":1,"value":15.48343}, {"key":"fts2l","version":0,"value":11.511136}, {"totalMessagesWritten":118,"totalMessagesProcessed":142,"totalRedisUpdates":83,"totalValueWritten":1959.3794,"totalAdded":619.5}, {"key":"u6bR7","version":1,"value":20.019175}, {"key":"cIMeV","version":0,"value":29.73927}, {"key":"n3O1g","version":1,"value":20.189846}, {"key":"iVmri","version":0,"value":9.791018}, {"key":"cIMeV","version":2,"value":24.751991}, {"key":"eYQb0","version":0,"value":16.737583}, {"totalMessagesWritten":124,"totalMessagesProcessed":149,"totalRedisUpdates":89,"totalValueWritten":2164.3591,"totalAdded":672.0}, {"key":"gslSg","version":2,"value":12.280947}, {"totalMessagesWritten":125,"totalMessagesProcessed":151,"totalRedisUpdates":90,"totalValueWritten":2176.6401,"totalAdded":672.0}, {"key":"NU7fV","version":2,"value":15.103962}, {"key":"xgOZl","version":0,"value":12.922572}, {"key":"ORpph","version":1,"value":22.43485}, {"key":"fts2l","version":2,"value":26.764206}, {"key":"gslSg","version":1,"value":0.72315454}, {"key":"u6bR7","version":2,"value":13.082055}, {"key":"XmrgJ","version":0,"value":22.765669}, {"totalMessagesWritten":132,"totalMessagesProcessed":159,"totalRedisUpdates":95,"totalValueWritten":2317.5503,"totalAdded":714.0}, {"key":"DEdly","version":2,"value":16.904642}, {"key":"n3O1g","version":0,"value":13.388473}, {"key":"LxQ6i","version":2,"value":22.41547}, {"key":"TLVei","version":1,"value":22.2599}, {"key":"gslSg","version":0,"value":12.215281}, {"totalMessagesWritten":137,"totalMessagesProcessed":165,"totalRedisUpdates":98,"totalValueWritten":2404.7341,"totalAdded":735.0}, {"key":"dIjJA","version":2,"value":9.660727}, {"totalMessagesWritten":138,"totalMessagesProcessed":167,"totalRedisUpdates":99,"totalValueWritten":2414.3948,"totalAdded":735.0}, {"key":"IKtcI","version":2,"value":30.252419}, {"totalMessagesWritten":139,"totalMessagesProcessed":169,"totalRedisUpdates":101,"totalValueWritten":2444.6472,"totalAdded":745.5}, {"key":"OSADC","version":2,"value":25.75312}, {"key":"wRbcD","version":2,"value":16.544916}, {"key":"sfh5H","version":0,"value":13.69454}, {"totalMessagesWritten":142,"totalMessagesProcessed":173,"totalRedisUpdates":105,"totalValueWritten":2555.5042,"totalAdded":777.0}, {"totalMessagesWritten":142,"totalMessagesProcessed":174,"totalRedisUpdates":106,"totalValueWritten":2555.5042,"totalAdded":777.0}, {"totalMessagesWritten":142,"totalMessagesProcessed":175,"totalRedisUpdates":107,"totalValueWritten":2555.5042,"totalAdded":777.0}, {"key":"dIjJA","version":1,"value":1.9250798}, {"key":"HI83s","version":1,"value":23.027515}, {"key":"vhCa8","version":1,"value":2.0572543}, {"totalMessagesWritten":145,"totalMessagesProcessed":179,"totalRedisUpdates":109,"totalValueWritten":2582.5142,"totalAdded":787.5}, {"key":"2vZFO","version":2,"value":22.463707}, {"key":"LxQ6i","version":0,"value":1.3403296}, {"key":"yhruo","version":1,"value":30.329313}, {"totalMessagesWritten":148,"totalMessagesProcessed":183,"totalRedisUpdates":112,"totalValueWritten":2636.6475,"totalAdded":808.5}, {"key":"fty2X","version":1,"value":13.979685}, {"key":"TLVei","version":2,"value":12.347374}, {"totalMessagesWritten":150,"totalMessagesProcessed":186,"totalRedisUpdates":115,"totalValueWritten":2729.897,"totalAdded":829.5}, {"totalMessagesWritten":150,"totalMessagesProcessed":187,"totalRedisUpdates":116,"totalValueWritten":2750.3445,"totalAdded":829.5}, {"key":"vhCa8","version":2,"value":19.738031}, {"key":"OSADC","version":2,"value":10.9625435}, {"totalMessagesWritten":152,"totalMessagesProcessed":190,"totalRedisUpdates":117,"totalValueWritten":2781.0452,"totalAdded":829.5}, {"key":"ZEwc9","version":1,"value":21.165154}, {"key":"yhruo","version":0,"value":0.81195116}, {"key":"RZNTG","version":1,"value":16.005638}, {"key":"uxflp","version":1,"value":18.96805}, {"key":"u6bR7","version":1,"value":6.2906876}, {"key":"yhruo","version":2,"value":15.469753}, {"key":"ZEwc9","version":1,"value":17.234352}, {"key":"nB3Zd","version":0,"value":20.054314}, {"key":"2vZFO","version":2,"value":17.121155}, {"key":"dIjJA","version":0,"value":8.75862}, {"key":"ZBNDn","version":1,"value":26.206669}, {"key":"sfh5H","version":2,"value":30.484854}, {"key":"yhruo","version":2,"value":2.9000604}, {"key":"HL5VW","version":0,"value":14.591701}, {"key":"TLVei","version":1,"value":9.81349}, {"totalMessagesWritten":167,"totalMessagesProcessed":206,"totalRedisUpdates":125,"totalValueWritten":3071.9438,"totalAdded":903.0}, {"key":"RZNTG","version":0,"value":2.753501}, {"totalMessagesWritten":168,"totalMessagesProcessed":208,"totalRedisUpdates":126,"totalValueWritten":3074.6973,"totalAdded":903.0}, {"key":"wRbcD","version":1,"value":11.738502}, {"key":"FtlRQ","version":1,"value":14.1145}, {"key":"HI83s","version":1,"value":14.811535}, {"key":"7xxy5","version":1,"value":15.183317}, {"key":"wRbcD","version":1,"value":12.1189165}, {"key":"FjS9y","version":1,"value":17.754654}, {"key":"OSADC","version":1,"value":0.8708298}, {"totalMessagesWritten":175,"totalMessagesProcessed":216,"totalRedisUpdates":130,"totalValueWritten":3161.2896,"totalAdded":934.5}, {"key":"2vZFO","version":0,"value":19.56852}, {"key":"ZEwc9","version":2,"value":19.158447}, {"totalMessagesWritten":177,"totalMessagesProcessed":219,"totalRedisUpdates":132,"totalValueWritten":3200.0166,"totalAdded":945.0}, {"key":"FtlRQ","version":1,"value":11.607117}, {"key":"FtlRQ","version":0,"value":9.276538}, {"key":"2vZFO","version":0,"value":7.1443806}, {"key":"dIjJA","version":1,"value":3.4575808}, {"key":"cOGSd","version":1,"value":22.644491}, {"key":"7xxy5","version":1,"value":14.456782}, {"key":"yhruo","version":1,"value":5.4164877}, {"key":"RZNTG","version":2,"value":13.673668}, {"totalMessagesWritten":185,"totalMessagesProcessed":228,"totalRedisUpdates":135,"totalValueWritten":3287.6936,"totalAdded":966.0}, {"totalMessagesWritten":185,"totalMessagesProcessed":229,"totalRedisUpdates":136,"totalValueWritten":3287.6936,"totalAdded":966.0}, {"key":"ORpph","version":2,"value":27.645365}, {"totalMessagesWritten":186,"totalMessagesProcessed":231,"totalRedisUpdates":138,"totalValueWritten":3361.417,"totalAdded":976.5}, {"totalMessagesWritten":186,"totalMessagesProcessed":232,"totalRedisUpdates":139,"totalValueWritten":3361.417,"totalAdded":976.5}, {"key":"cOGSd","version":1,"value":5.0439525}, {"key":"dIjJA","version":2,"value":1.120112}, {"key":"HL5VW","version":2,"value":15.880173}, {"totalMessagesWritten":189,"totalMessagesProcessed":236,"totalRedisUpdates":141,"totalValueWritten":3440.894,"totalAdded":987.0}, {"key":"HI83s","version":1,"value":5.5600286}, {"key":"sfh5H","version":2,"value":19.859215}, {"key":"P1gMG","version":0,"value":25.03513}, {"totalMessagesWritten":192,"totalMessagesProcessed":240,"totalRedisUpdates":143,"totalValueWritten":3491.3484,"totalAdded":997.5}, {"key":"FtlRQ","version":1,"value":1.564529}, {"key":"ccoHC","version":1,"value":14.008416}, {"totalMessagesWritten":194,"totalMessagesProcessed":243,"totalRedisUpdates":145,"totalValueWritten":3506.9211,"totalAdded":1008.0}, {"totalMessagesWritten":194,"totalMessagesProcessed":244,"totalRedisUpdates":146,"totalValueWritten":3506.9211,"totalAdded":1008.0}, {"key":"sfh5H","version":0,"value":10.893494}, {"key":"NDgs5","version":2,"value":11.619748}, {"key":"TLVei","version":2,"value":9.053659}, {"totalMessagesWritten":197,"totalMessagesProcessed":248,"totalRedisUpdates":148,"totalValueWritten":3547.3591,"totalAdded":1018.5}, {"key":"sfh5H","version":0,"value":3.6690235}, {"key":"2vZFO","version":1,"value":9.426061}, {"key":"sfh5H","version":0,"value":14.279633}, {"totalMessagesWritten":200,"totalMessagesProcessed":252,"totalRedisUpdates":149,"totalValueWritten":3574.7336,"totalAdded":1018.5}, {"key":"fty2X","version":0,"value":5.431416}, {"key":"dMkL4","version":1,"value":18.487188}, {"key":"q1uHN","version":0,"value":13.979476}, {"key":"nB3Zd","version":2,"value":19.176529}, {"key":"ZBNDn","version":2,"value":26.175793}, {"key":"yhruo","version":0,"value":2.3362362}, {"key":"dEiwv","version":0,"value":26.589577}, {"key":"DEdly","version":0,"value":10.835913}, {"key":"ORpph","version":2,"value":0.013626814}, {"key":"wRbcD","version":0,"value":17.773525}, {"key":"v4VAw","version":1,"value":28.181072}, {"key":"dMkL4","version":1,"value":15.023557}, {"key":"nB3Zd","version":1,"value":0.8892119}, {"key":"wRbcD","version":2,"value":4.0409384}, {"key":"HL5VW","version":2,"value":16.60376}, {"key":"iIreP","version":0,"value":21.242237}, {"key":"UZyHB","version":0,"value":16.077446}, {"key":"VuOXO","version":0,"value":29.804998}, {"key":"wRbcD","version":2,"value":6.704304}, {"key":"iIreP","version":2,"value":13.04077}, {"key":"yhruo","version":2,"value":15.860976}, {"key":"q1uHN","version":1,"value":20.5153}, {"totalMessagesWritten":222,"totalMessagesProcessed":275,"totalRedisUpdates":161,"totalValueWritten":3903.5176,"totalAdded":1134.0}, {"totalMessagesWritten":222,"totalMessagesProcessed":276,"totalRedisUpdates":162,"totalValueWritten":3903.5176,"totalAdded":1134.0}, {"key":"Qrim8","version":0,"value":2.0299816}, {"key":"cOGSd","version":0,"value":1.8076205}, {"key":"VuOXO","version":2,"value":17.753273}, {"key":"Qrim8","version":2,"value":30.073633}, {"key":"Ul0YP","version":2,"value":27.54274}, {"totalMessagesWritten":227,"totalMessagesProcessed":282,"totalRedisUpdates":166,"totalValueWritten":3982.7249,"totalAdded":1165.5}, {"key":"iIreP","version":2,"value":10.299681}, {"totalMessagesWritten":228,"totalMessagesProcessed":284,"totalRedisUpdates":167,"totalValueWritten":3993.0244,"totalAdded":1165.5}, {"key":"HD8K7","version":1,"value":13.942788}, {"key":"v4VAw","version":2,"value":15.156434}, {"totalMessagesWritten":230,"totalMessagesProcessed":287,"totalRedisUpdates":170,"totalValueWritten":4022.1238,"totalAdded":1186.5}, {"key":"UZyHB","version":2,"value":27.164433}, {"key":"dEiwv","version":0,"value":6.0563874}, {"key":"v4VAw","version":1,"value":2.3339927}, {"key":"iIreP","version":0,"value":10.343352}, {"key":"nB3Zd","version":0,"value":6.2499404}, {"key":"fty2X","version":0,"value":2.194463}, {"key":"oNo04","version":0,"value":14.9667425}, {"key":"VuOXO","version":0,"value":9.5224905}, {"key":"Qrim8","version":1,"value":15.059247}, {"key":"7rIt8","version":0,"value":24.5993}, {"key":"ZBNDn","version":1,"value":12.480478}, {"key":"v4VAw","version":0,"value":12.645583}, {"key":"v4VAw","version":1,"value":13.13422}, {"key":"TLVei","version":1,"value":15.042392}, {"totalMessagesWritten":244,"totalMessagesProcessed":302,"totalRedisUpdates":174,"totalValueWritten":4193.917,"totalAdded":1218.0}, {"key":"oNo04","version":1,"value":16.700695}, {"key":"VuOXO","version":0,"value":16.625824}, {"key":"lAwKv","version":0,"value":17.596455}, {"key":"sAXEr","version":0,"value":11.027978}, {"key":"dMkL4","version":1,"value":10.342892}, {"totalMessagesWritten":249,"totalMessagesProcessed":308,"totalRedisUpdates":178,"totalValueWritten":4266.211,"totalAdded":1249.5}, {"key":"fNgV2","version":1,"value":21.767778}, {"key":"TLVei","version":0,"value":17.921625}, {"key":"iIreP","version":0,"value":5.518523}, {"key":"ChADX","version":2,"value":14.893721}, {"totalMessagesWritten":253,"totalMessagesProcessed":313,"totalRedisUpdates":181,"totalValueWritten":4326.312,"totalAdded":1270.5}, {"key":"nB3Zd","version":2,"value":17.811321}, {"key":"qnhvR","version":2,"value":29.788422}, {"key":"7rIt8","version":2,"value":11.13642}, {"key":"Qrim8","version":1,"value":10.760899}, {"key":"cQOT4","version":2,"value":21.379528}, {"key":"DEdly","version":2,"value":8.846866}, {"key":"ChADX","version":2,"value":17.980032}, {"key":"oNo04","version":0,"value":15.947294}, {"key":"eFJKU","version":0,"value":12.426321}, {"key":"0H5UK","version":2,"value":23.727322}, {"key":"NDgs5","version":1,"value":15.443718}, {"totalMessagesWritten":264,"totalMessagesProcessed":325,"totalRedisUpdates":187,"totalValueWritten":4575.754,"totalAdded":1323.0}, {"totalMessagesWritten":264,"totalMessagesProcessed":326,"totalRedisUpdates":188,"totalValueWritten":4637.7925,"totalAdded":1323.0}, {"key":"ORpph","version":0,"value":7.493387}, {"key":"cQOT4","version":0,"value":9.5667305}, {"key":"lAwKv","version":0,"value":8.584033}, {"key":"WURUA","version":0,"value":27.183945}, {"totalMessagesWritten":268,"totalMessagesProcessed":331,"totalRedisUpdates":190,"totalValueWritten":4690.6206,"totalAdded":1333.5}, {"totalMessagesWritten":268,"totalMessagesProcessed":332,"totalRedisUpdates":191,"totalValueWritten":4690.6206,"totalAdded":1333.5}, {"key":"EoaYo","version":2,"value":10.745836}, {"key":"eFJKU","version":0,"value":11.7396965}, {"key":"v4VAw","version":0,"value":14.580641}, {"key":"v4VAw","version":0,"value":15.968019}, {"key":"VuOXO","version":1,"value":13.466982}, {"key":"fNgV2","version":1,"value":19.147507}, {"key":"lAwKv","version":1,"value":29.223303}, {"key":"0H5UK","version":0,"value":3.707546}, {"key":"NDgs5","version":2,"value":13.931974}, {"key":"Et9lE","version":2,"value":19.870113}, {"key":"DEdly","version":2,"value":3.2197976}, {"key":"nB3Zd","version":2,"value":17.440842}, {"totalMessagesWritten":280,"totalMessagesProcessed":345,"totalRedisUpdates":195,"totalValueWritten":4907.094,"totalAdded":1365.0}, {"key":"oHWOJ","version":0,"value":16.60546}, {"key":"ghCIt","version":2,"value":26.351383}, {"key":"5L1YG","version":1,"value":26.599993}, {"totalMessagesWritten":283,"totalMessagesProcessed":349,"totalRedisUpdates":199,"totalValueWritten":5008.846,"totalAdded":1396.5}, {"key":"TLVei","version":0,"value":10.401577}, {"key":"UZyHB","version":0,"value":17.484478}, {"key":"2vZFO","version":0,"value":19.223717}, {"key":"TLVei","version":0,"value":10.561159}, {"key":"NDgs5","version":0,"value":14.059752}, {"key":"oHWOJ","version":2,"value":20.31886}, {"key":"Et9lE","version":1,"value":14.205206}, {"key":"lAwKv","version":2,"value":30.248795}, {"totalMessagesWritten":291,"totalMessagesProcessed":358,"totalRedisUpdates":202,"totalValueWritten":5145.349,"totalAdded":1417.5}, {"key":"fty2X","version":1,"value":13.791883}, {"key":"TLVei","version":1,"value":18.469763}, {"key":"7wxmH","version":2,"value":15.748618}, {"key":"v4VAw","version":1,"value":2.7139843}, {"key":"UZyHB","version":2,"value":9.553936}, {"key":"ORpph","version":1,"value":18.251144}, {"key":"cQOT4","version":1,"value":19.67141}, {"key":"EoaYo","version":2,"value":13.277222}, {"key":"ORpph","version":2,"value":13.853968}, {"totalMessagesWritten":300,"totalMessagesProcessed":368,"totalRedisUpdates":204,"totalValueWritten":5270.6807,"totalAdded":1428.0}, {"totalMessagesWritten":300,"totalMessagesProcessed":369,"totalRedisUpdates":205,"totalValueWritten":5270.6807,"totalAdded":1428.0}, {"totalMessagesWritten":300,"totalMessagesProcessed":370,"totalRedisUpdates":206,"totalValueWritten":5270.6807,"totalAdded":1428.0}, {"key":"oNo04","version":0,"value":2.1648967}, {"key":"ORpph","version":2,"value":17.406742}, {"key":"ORpph","version":2,"value":4.345956}, {"totalMessagesWritten":303,"totalMessagesProcessed":374,"totalRedisUpdates":207,"totalValueWritten":5294.5986,"totalAdded":1428.0}, {"totalMessagesWritten":303,"totalMessagesProcessed":375,"totalRedisUpdates":208,"totalValueWritten":5294.5986,"totalAdded":1428.0}, {"key":"ccoHC","version":1,"value":3.3142197}, {"key":"oHWOJ","version":2,"value":4.0834}, {"totalMessagesWritten":305,"totalMessagesProcessed":378,"totalRedisUpdates":209,"totalValueWritten":5301.9966,"totalAdded":1428.0}, {"key":"oHWOJ","version":0,"value":0.50374866}, {"key":"EqWy2","version":0,"value":21.929287}, {"key":"ChADX","version":0,"value":2.6256192}, {"key":"7wxmH","version":1,"value":18.564058}, {"key":"0H5UK","version":0,"value":9.861282}, {"key":"oNo04","version":1,"value":1.9892061}, {"key":"nB3Zd","version":1,"value":4.8642645}, {"key":"ORpph","version":2,"value":1.7574966}, {"key":"ccoHC","version":0,"value":7.8100348}, {"key":"qnhvR","version":2,"value":12.292069}, {"key":"cQOT4","version":2,"value":2.1245039}, {"key":"ccoHC","version":1,"value":10.470128}, {"key":"Qrim8","version":1,"value":15.836651}, {"totalMessagesWritten":318,"totalMessagesProcessed":392,"totalRedisUpdates":211,"totalValueWritten":5412.6245,"totalAdded":1438.5}, {"key":"cQOT4","version":2,"value":13.980053}, {"totalMessagesWritten":319,"totalMessagesProcessed":394,"totalRedisUpdates":212,"totalValueWritten":5426.6045,"totalAdded":1438.5}, {"key":"TLVei","version":2,"value":11.472622}, {"key":"gx0VB","version":2,"value":28.327604}, {"key":"oHWOJ","version":1,"value":14.083273}, {"key":"qnhvR","version":1,"value":0.6425202}, {"key":"kDrOM","version":0,"value":13.671015}, {"totalMessagesWritten":324,"totalMessagesProcessed":400,"totalRedisUpdates":215,"totalValueWritten":5494.802,"totalAdded":1459.5}, {"key":"wvdNn","version":2,"value":24.40505}, {"key":"TLVei","version":0,"value":7.4063993}, {"key":"5hfPa","version":0,"value":11.8423195}, {"key":"3mEKu","version":2,"value":28.579601}, {"key":"li3YO","version":2,"value":12.155413}, {"key":"TLVei","version":2,"value":1.571945}, {"key":"lAwKv","version":1,"value":18.700058}, {"key":"ORpph","version":2,"value":16.551146}, {"key":"iIreP","version":2,"value":18.063683}, {"key":"3mEKu","version":0,"value":7.8348756}, {"key":"7wxmH","version":2,"value":15.053549}, {"key":"kDrOM","version":1,"value":14.197376}, {"key":"oHWOJ","version":1,"value":14.812931}, {"key":"WURUA","version":0,"value":7.034692}, {"key":"2YhRM","version":0,"value":13.194893}, {"key":"0H5UK","version":1,"value":14.787029}, {"key":"EqWy2","version":2,"value":26.762249}, {"key":"UZyHB","version":0,"value":13.512773}, {"key":"boiNs","version":1,"value":20.880875}, {"key":"EqWy2","version":0,"value":5.678849}, {"key":"oHWOJ","version":0,"value":14.679764}, {"totalMessagesWritten":345,"totalMessagesProcessed":422,"totalRedisUpdates":224,"totalValueWritten":5802.507,"totalAdded":1543.5}, {"key":"vGv0W","version":1,"value":18.315994}, {"key":"kDrOM","version":1,"value":12.23095}, {"key":"fty2X","version":0,"value":4.775839}, {"key":"gI2mF","version":1,"value":12.406244}, {"key":"43XEH","version":1,"value":21.9894}, {"key":"v0No8","version":2,"value":19.385193}, {"key":"kDrOM","version":2,"value":13.333927}, {"key":"fty2X","version":1,"value":2.5503445}, {"totalMessagesWritten":353,"totalMessagesProcessed":431,"totalRedisUpdates":230,"totalValueWritten":5907.4946,"totalAdded":1596.0}, {"key":"TLVei","version":0,"value":3.545307}, {"key":"v0No8","version":2,"value":3.5135067}, {"key":"boiNs","version":1,"value":15.765255}, {"key":"hoUfs","version":2,"value":14.949467}, {"key":"2YhRM","version":2,"value":22.84458}, {"key":"V4I7y","version":1,"value":30.187614}, {"key":"0H5UK","version":2,"value":3.2051516}, {"key":"lAwKv","version":1,"value":14.540509}, {"key":"y6msQ","version":2,"value":30.226131}, {"key":"5hfPa","version":0,"value":11.186111}, {"key":"iIreP","version":0,"value":19.79247}, {"key":"v0No8","version":1,"value":13.320827}, {"key":"v0No8","version":0,"value":16.363274}, {"key":"wvdNn","version":1,"value":8.327896}, {"key":"kDrOM","version":1,"value":2.3231506}, {"key":"ChADX","version":2,"value":4.2784524}, {"totalMessagesWritten":369,"totalMessagesProcessed":448,"totalRedisUpdates":235,"totalValueWritten":6121.8647,"totalAdded":1638.0}, {"key":"lAwKv","version":2,"value":18.42881}, {"totalMessagesWritten":370,"totalMessagesProcessed":450,"totalRedisUpdates":236,"totalValueWritten":6140.2935,"totalAdded":1638.0}, {"key":"2vZFO","version":0,"value":15.072548}, {"key":"lAwKv","version":2,"value":12.075766}, {"key":"t3iPS","version":0,"value":14.397661}, {"key":"WURUA","version":0,"value":6.9851246}, {"key":"WfxkC","version":1,"value":18.38116}, {"key":"5hfPa","version":2,"value":21.06764}, {"key":"amkI8","version":1,"value":12.560571}, {"key":"TLVei","version":0,"value":12.087856}, {"totalMessagesWritten":378,"totalMessagesProcessed":459,"totalRedisUpdates":241,"totalValueWritten":6252.9224,"totalAdded":1680.0}, {"key":"WURUA","version":2,"value":29.047647}, {"key":"KepOP","version":1,"value":16.334908}, {"key":"usdlN","version":1,"value":23.726154}, {"totalMessagesWritten":381,"totalMessagesProcessed":463,"totalRedisUpdates":245,"totalValueWritten":6322.0312,"totalAdded":1711.5}, {"key":"TLVei","version":0,"value":2.4014068}, {"key":"5hfPa","version":1,"value":6.5999784}, {"key":"li3YO","version":2,"value":3.622371}, {"totalMessagesWritten":384,"totalMessagesProcessed":467,"totalRedisUpdates":246,"totalValueWritten":6334.6553,"totalAdded":1711.5}, {"key":"gI2mF","version":0,"value":18.76953}, {"key":"gxR1Z","version":1,"value":20.22712}, {"key":"QfW6O","version":0,"value":28.517445}, {"totalMessagesWritten":387,"totalMessagesProcessed":471,"totalRedisUpdates":249,"totalValueWritten":6402.1694,"totalAdded":1732.5}, {"totalMessagesWritten":387,"totalMessagesProcessed":472,"totalRedisUpdates":250,"totalValueWritten":6402.1694,"totalAdded":1732.5}, {"key":"gxR1Z","version":1,"value":17.940517}, {"totalMessagesWritten":388,"totalMessagesProcessed":474,"totalRedisUpdates":251,"totalValueWritten":6498.952,"totalAdded":1732.5}, {"key":"usdlN","version":2,"value":12.382466}, {"key":"t3iPS","version":2,"value":28.165306}, {"totalMessagesWritten":390,"totalMessagesProcessed":477,"totalRedisUpdates":254,"totalValueWritten":6539.5,"totalAdded":1753.5}, {"key":"amkI8","version":1,"value":3.6356342}, {"totalMessagesWritten":391,"totalMessagesProcessed":479,"totalRedisUpdates":255,"totalValueWritten":6543.1357,"totalAdded":1753.5}, {"key":"0H5UK","version":0,"value":8.085222}, {"key":"wfG15","version":0,"value":20.566765}, {"totalMessagesWritten":393,"totalMessagesProcessed":482,"totalRedisUpdates":257,"totalValueWritten":6571.788,"totalAdded":1764.0}, {"totalMessagesWritten":393,"totalMessagesProcessed":483,"totalRedisUpdates":258,"totalValueWritten":6632.974,"totalAdded":1764.0}, {"key":"y6msQ","version":2,"value":16.56033}, {"totalMessagesWritten":394,"totalMessagesProcessed":485,"totalRedisUpdates":259,"totalValueWritten":6649.5347,"totalAdded":1764.0}, {"key":"hoUfs","version":1,"value":10.188206}, {"key":"usdlN","version":2,"value":9.976831}, {"key":"MSncX","version":2,"value":23.393791}, {"key":"1Prxu","version":2,"value":24.646427}, {"totalMessagesWritten":398,"totalMessagesProcessed":490,"totalRedisUpdates":262,"totalValueWritten":6717.7397,"totalAdded":1785.0}, {"key":"li3YO","version":1,"value":0.11904836}, {"key":"bnkkJ","version":2,"value":20.470463}, {"key":"iIreP","version":0,"value":6.7245555}, {"key":"7wxmH","version":0,"value":0.7561195}, {"totalMessagesWritten":402,"totalMessagesProcessed":495,"totalRedisUpdates":264,"totalValueWritten":6745.8105,"totalAdded":1795.5}, {"key":"t3iPS","version":2,"value":0.67361}, {"key":"lAwKv","version":2,"value":15.211991}, {"totalMessagesWritten":404,"totalMessagesProcessed":498,"totalRedisUpdates":265,"totalValueWritten":6761.6963,"totalAdded":1795.5}, {"key":"EZ72h","version":1,"value":22.581194}, {"totalMessagesWritten":405,"totalMessagesProcessed":500,"totalRedisUpdates":267,"totalValueWritten":6784.2773,"totalAdded":1806.0}]
03:02:27.827 INFO  u.a.e.a.c.s.RabbitMqService - Sent 500/500 messages to TransformTestRead-29769-smOFZ
03:02:27.827 INFO  u.a.e.a.c.d.MessageTransformer - Transforming messages; read_queue:TransformTestRead-29769-smOFZ, write_queue:TransformTestWrite-64329-nST4J, count:500
03:02:27.827 INFO  u.a.e.a.c.s.RabbitMqService - [With Validation]Reading queue TransformTestRead-29769-smOFZ: count=500
03:02:27.903 INFO  u.a.e.a.c.s.RabbitMqService - [With Validation]Received 500/500 messages in 76ms
03:02:27.903 INFO  u.a.e.a.c.s.RabbitMqService - returning: [{"key":"OY6hr","version":0,"value":1.5565598}, {"key":"5NDmh","version":0,"value":7.958083}, {"key":"tmSoh","version":1,"value":19.432423}, {"key":"I4vUP","version":1,"value":18.351305}, {"key":"5NDmh","version":1,"value":7.116514}, {"key":"OY6hr","version":2,"value":4.588417}, {"key":"I4vUP","version":0,"value":16.413973}, {"key":"tmSoh","version":2,"value":13.816152}, {"key":"I4vUP","version":1,"value":1.190691}, {"key":"OY6hr","version":2,"value":1.6912079}, {"key":"5NDmh","version":2,"value":14.405461}, {"key":"tmSoh","version":1,"value":18.109314}, {"key":"PIxE3","version":2,"value":11.902718}, {"key":"OY6hr","version":0,"value":1.4352977}, {"key":"AdGTO","version":2,"value":17.138412}, {"key":"PIxE3","version":0,"value":14.501444}, {"key":"tmSoh","version":2,"value":6.663494}, {"key":"tmSoh","TOTAL":0.0}, {"key":"3b1i3","version":2,"value":16.571321}, {"key":"eQvMI","version":0,"value":16.27673}, {"key":"I4vUP","TOTAL":0.0}, {"key":"AdGTO","TOTAL":0.0}, {"key":"PIxE3","version":2,"value":0.13349414}, {"key":"3b1i3","version":1,"value":0.7565534}, {"key":"LOyLV","version":1,"value":16.471495}, {"key":"PIxE3","version":2,"value":14.228046}, {"key":"YisxE","version":2,"value":17.513378}, {"key":"PIxE3","TOTAL":0.0}, {"key":"gwhr2","version":0,"value":12.37234}, {"key":"YisxE","version":0,"value":3.1725502}, {"key":"5NDmh","version":1,"value":11.331377}, {"key":"5NDmh","version":0,"value":5.2218485}, {"key":"eQvMI","version":2,"value":9.152602}, {"key":"UEQdt","version":0,"value":19.324173}, {"key":"eQvMI","version":2,"value":19.824768}, {"key":"tE8bT","version":1,"value":17.63964}, {"key":"YisxE","version":2,"value":2.004863}, {"key":"3b1i3","version":2,"value":6.841085}, {"key":"YisxE","version":0,"value":9.025703}, {"key":"l4i8H","version":2,"value":16.404701}, {"key":"sw9oo","version":1,"value":19.291285}, {"key":"5NDmh","TOTAL":0.0}, {"key":"UEQdt","version":1,"value":13.440201}, {"key":"sw9oo","version":1,"value":16.332935}, {"key":"OY6hr","TOTAL":40.243202}, {"key":"lpWbQ","version":1,"value":10.625249}, {"key":"sw9oo","version":0,"value":12.035823}, {"key":"YisxE","version":2,"value":14.328081}, {"key":"eQvMI","version":2,"value":2.377739}, {"key":"sw9oo","version":0,"value":13.959116}, {"key":"3b1i3","version":0,"value":14.366566}, {"key":"tE8bT","version":2,"value":4.384222}, {"key":"3b1i3","version":1,"value":1.2016249}, {"key":"5IMp1","version":1,"value":0.9181297}, {"key":"LOyLV","version":1,"value":18.394878}, {"key":"lpWbQ","version":0,"value":14.8357525}, {"key":"l4i8H","version":0,"value":2.5128675}, {"key":"eQvMI","version":1,"value":14.995118}, {"key":"YisxE","version":0,"value":3.1519604}, {"key":"LOyLV","TOTAL":0.0}, {"key":"tE8bT","version":1,"value":6.2761736}, {"key":"eQvMI","version":1,"value":8.192344}, {"key":"lpWbQ","TOTAL":0.0}, {"key":"fGhBn","version":2,"value":14.805561}, {"key":"8nPaH","version":1,"value":0.92302203}, {"key":"5IMp1","TOTAL":0.0}, {"key":"mAy7R","version":0,"value":18.840578}, {"key":"YisxE","version":2,"value":13.794838}, {"key":"eQvMI","version":1,"value":11.896263}, {"key":"gwhr2","version":2,"value":13.369665}, {"key":"YisxE","TOTAL":0.0}, {"key":"fGhBn","version":0,"value":2.4311733}, {"key":"3b1i3","version":1,"value":12.531181}, {"key":"l4i8H","version":0,"value":7.0667467}, {"key":"l4i8H","version":2,"value":12.788778}, {"key":"8nPaH","TOTAL":0.0}, {"key":"eQvMI","version":0,"value":5.4422483}, {"key":"kBjoD","version":2,"value":16.363352}, {"key":"UEQdt","version":2,"value":4.961318}, {"key":"fGhBn","TOTAL":0.0}, {"key":"kBjoD","TOTAL":0.0}, {"key":"mAy7R","version":1,"value":5.7971716}, {"key":"AcXSv","version":2,"value":9.2740965}, {"key":"34E5b","version":0,"value":14.908972}, {"key":"AcXSv","version":1,"value":7.9039536}, {"key":"WeWg6","version":0,"value":8.354975}, {"key":"l4i8H","TOTAL":0.0}, {"key":"tE8bT","version":0,"value":11.180433}, {"key":"mAy7R","TOTAL":0.0}, {"key":"DEdly","version":1,"value":1.9862854}, {"key":"BHlyJ","version":2,"value":12.718735}, {"key":"Qrim8","version":0,"value":10.346909}, {"key":"UEQdt","version":2,"value":3.2552493}, {"key":"34E5b","version":2,"value":3.8066328}, {"key":"gslSg","version":0,"value":16.138115}, {"key":"DEdly","version":2,"value":7.811364}, {"key":"gslSg","version":0,"value":10.1031065}, {"key":"UEQdt","version":0,"value":10.388128}, {"key":"eQvMI","TOTAL":0.0}, {"key":"QqP11","version":2,"value":12.677445}, {"key":"DEdly","version":0,"value":18.619186}, {"key":"34E5b","TOTAL":0.0}, {"key":"WeWg6","version":0,"value":5.6750975}, {"key":"BHlyJ","version":1,"value":19.418547}, {"key":"iVmri","version":2,"value":2.1537864}, {"key":"obY8Y","version":0,"value":17.824512}, {"key":"gslSg","version":2,"value":16.44405}, {"key":"3b1i3","version":0,"value":7.5030956}, {"key":"UEQdt","version":0,"value":19.914122}, {"key":"UEQdt","version":2,"value":4.5806217}, {"key":"UEQdt","TOTAL":0.0}, {"key":"DEdly","version":2,"value":14.481708}, {"key":"dIjJA","version":0,"value":7.5596848}, {"key":"xgOZl","version":2,"value":8.718115}, {"key":"dIjJA","version":2,"value":9.402197}, {"key":"sw9oo","TOTAL":0.0}, {"key":"Qrim8","version":1,"value":5.6909847}, {"key":"dIjJA","version":1,"value":10.411009}, {"key":"gwhr2","TOTAL":0.0}, {"key":"vhCa8","version":2,"value":14.878582}, {"key":"3b1i3","version":1,"value":15.89706}, {"key":"NU7fV","version":2,"value":3.8869536}, {"key":"BHlyJ","TOTAL":31.675285}, {"key":"Qrim8","version":0,"value":17.876106}, {"key":"gslSg","version":2,"value":16.979729}, {"key":"vhCa8","version":2,"value":6.7752657}, {"key":"u6bR7","version":0,"value":9.818807}, {"key":"tE8bT","TOTAL":0.0}, {"key":"fts2l","version":1,"value":13.723947}, {"key":"T5sAs","version":1,"value":17.512764}, {"key":"DEdly","version":1,"value":13.114365}, {"key":"NU7fV","version":1,"value":4.514984}, {"key":"eDYjJ","version":0,"value":3.8064826}, {"key":"WeWg6","version":2,"value":16.321203}, {"key":"DEdly","version":0,"value":6.822709}, {"key":"T5sAs","version":2,"value":19.284298}, {"key":"eDYjJ","version":1,"value":18.837372}, {"key":"uxflp","version":1,"value":18.994274}, {"key":"AcXSv","TOTAL":0.0}, {"key":"LxQ6i","version":1,"value":4.98343}, {"key":"fts2l","version":0,"value":11.511136}, {"key":"QqP11","TOTAL":0.0}, {"key":"u6bR7","version":1,"value":9.519175}, {"key":"cIMeV","version":0,"value":19.23927}, {"key":"n3O1g","version":1,"value":9.689846}, {"key":"iVmri","version":0,"value":9.791018}, {"key":"cIMeV","version":2,"value":14.25199}, {"key":"eYQb0","version":0,"value":6.237584}, {"key":"WeWg6","TOTAL":83.750916}, {"key":"gslSg","version":2,"value":12.280947}, {"key":"eDYjJ","TOTAL":0.0}, {"key":"NU7fV","version":2,"value":15.103962}, {"key":"xgOZl","version":0,"value":12.922572}, {"key":"ORpph","version":1,"value":11.934851}, {"key":"fts2l","version":2,"value":16.264206}, {"key":"gslSg","version":1,"value":0.72315454}, {"key":"u6bR7","version":2,"value":2.5820553}, {"key":"XmrgJ","version":0,"value":12.265669}, {"key":"iVmri","TOTAL":27.113855}, {"key":"DEdly","version":2,"value":16.904642}, {"key":"n3O1g","version":0,"value":13.388473}, {"key":"LxQ6i","version":2,"value":11.915469}, {"key":"TLVei","version":1,"value":11.759899}, {"key":"gslSg","version":0,"value":12.215281}, {"key":"eYQb0","TOTAL":0.0}, {"key":"dIjJA","version":2,"value":9.660727}, {"key":"n3O1g","TOTAL":0.0}, {"key":"IKtcI","version":2,"value":19.752419}, {"key":"3b1i3","TOTAL":0.0}, {"key":"OSADC","version":2,"value":15.253119}, {"key":"wRbcD","version":2,"value":6.044916}, {"key":"sfh5H","version":0,"value":3.1945395}, {"key":"xgOZl","TOTAL":54.864357}, {"key":"T5sAs","TOTAL":0.0}, {"key":"obY8Y","TOTAL":0.0}, {"key":"dIjJA","version":1,"value":1.9250798}, {"key":"HI83s","version":1,"value":12.527514}, {"key":"vhCa8","version":1,"value":2.0572543}, {"key":"XmrgJ","TOTAL":0.0}, {"key":"2vZFO","version":2,"value":11.963707}, {"key":"LxQ6i","version":0,"value":1.3403296}, {"key":"yhruo","version":1,"value":19.829313}, {"key":"IKtcI","TOTAL":0.0}, {"key":"fty2X","version":1,"value":3.4796846}, {"key":"TLVei","version":2,"value":1.8473744}, {"key":"gslSg","TOTAL":66.922325}, {"key":"NU7fV","TOTAL":20.447618}, {"key":"vhCa8","version":2,"value":19.738031}, {"key":"OSADC","version":2,"value":10.9625435}, {"key":"LxQ6i","TOTAL":0.0}, {"key":"ZEwc9","version":1,"value":10.6651535}, {"key":"yhruo","version":0,"value":0.81195116}, {"key":"RZNTG","version":1,"value":5.505638}, {"key":"uxflp","version":1,"value":18.96805}, {"key":"u6bR7","version":1,"value":6.2906876}, {"key":"yhruo","version":2,"value":4.9697533}, {"key":"ZEwc9","version":1,"value":17.234352}, {"key":"nB3Zd","version":0,"value":9.554314}, {"key":"2vZFO","version":2,"value":17.121155}, {"key":"dIjJA","version":0,"value":8.75862}, {"key":"ZBNDn","version":1,"value":15.706668}, {"key":"sfh5H","version":2,"value":19.984854}, {"key":"yhruo","version":2,"value":2.9000604}, {"key":"HL5VW","version":0,"value":4.0917006}, {"key":"TLVei","version":1,"value":9.81349}, {"key":"uxflp","TOTAL":65.02217}, {"key":"RZNTG","version":0,"value":2.753501}, {"key":"fts2l","TOTAL":0.0}, {"key":"wRbcD","version":1,"value":11.738502}, {"key":"FtlRQ","version":1,"value":3.6144996}, {"key":"HI83s","version":1,"value":14.811535}, {"key":"7xxy5","version":1,"value":4.683317}, {"key":"wRbcD","version":1,"value":12.1189165}, {"key":"FjS9y","version":1,"value":7.254653}, {"key":"OSADC","version":1,"value":0.8708298}, {"key":"cIMeV","TOTAL":0.0}, {"key":"2vZFO","version":0,"value":19.56852}, {"key":"ZEwc9","version":2,"value":8.658447}, {"key":"vhCa8","TOTAL":0.0}, {"key":"FtlRQ","version":1,"value":11.607117}, {"key":"FtlRQ","version":0,"value":9.276538}, {"key":"2vZFO","version":0,"value":7.1443806}, {"key":"dIjJA","version":1,"value":3.4575808}, {"key":"cOGSd","version":1,"value":12.144491}, {"key":"7xxy5","version":1,"value":14.456782}, {"key":"yhruo","version":1,"value":5.4164877}, {"key":"RZNTG","version":2,"value":3.1736684}, {"key":"FjS9y","TOTAL":0.0}, {"key":"OSADC","TOTAL":0.0}, {"key":"ORpph","version":2,"value":17.145365}, {"key":"u6bR7","TOTAL":46.078117}, {"key":"RZNTG","TOTAL":0.0}, {"key":"cOGSd","version":1,"value":5.0439525}, {"key":"dIjJA","version":2,"value":1.120112}, {"key":"HL5VW","version":2,"value":5.3801727}, {"key":"7xxy5","TOTAL":57.43277}, {"key":"HI83s","version":1,"value":5.5600286}, {"key":"sfh5H","version":2,"value":19.859215}, {"key":"P1gMG","version":0,"value":14.53513}, {"key":"HI83s","TOTAL":0.0}, {"key":"FtlRQ","version":1,"value":1.564529}, {"key":"ccoHC","version":1,"value":3.5084164}, {"key":"FtlRQ","TOTAL":0.0}, {"key":"dIjJA","TOTAL":0.0}, {"key":"sfh5H","version":0,"value":10.893494}, {"key":"NDgs5","version":2,"value":1.1197484}, {"key":"TLVei","version":2,"value":9.053659}, {"key":"ZEwc9","TOTAL":8.87112}, {"key":"sfh5H","version":0,"value":3.6690235}, {"key":"2vZFO","version":1,"value":9.426061}, {"key":"sfh5H","version":0,"value":14.279633}, {"key":"sfh5H","TOTAL":0.0}, {"key":"fty2X","version":0,"value":5.431416}, {"key":"dMkL4","version":1,"value":7.9871883}, {"key":"q1uHN","version":0,"value":3.479476}, {"key":"nB3Zd","version":2,"value":8.676529}, {"key":"ZBNDn","version":2,"value":15.675792}, {"key":"yhruo","version":0,"value":2.3362362}, {"key":"dEiwv","version":0,"value":16.089577}, {"key":"DEdly","version":0,"value":10.835913}, {"key":"ORpph","version":2,"value":0.013626814}, {"key":"wRbcD","version":0,"value":17.773525}, {"key":"v4VAw","version":1,"value":17.681072}, {"key":"dMkL4","version":1,"value":15.023557}, {"key":"nB3Zd","version":1,"value":0.8892119}, {"key":"wRbcD","version":2,"value":4.0409384}, {"key":"HL5VW","version":2,"value":16.60376}, {"key":"iIreP","version":0,"value":10.742237}, {"key":"UZyHB","version":0,"value":5.577445}, {"key":"VuOXO","version":0,"value":19.304998}, {"key":"wRbcD","version":2,"value":6.704304}, {"key":"iIreP","version":2,"value":2.5407696}, {"key":"yhruo","version":2,"value":15.860976}, {"key":"q1uHN","version":1,"value":10.015302}, {"key":"wRbcD","TOTAL":0.0}, {"key":"yhruo","TOTAL":0.0}, {"key":"Qrim8","version":0,"value":2.0299816}, {"key":"cOGSd","version":0,"value":1.8076205}, {"key":"VuOXO","version":2,"value":7.2532725}, {"key":"Qrim8","version":2,"value":19.573633}, {"key":"Ul0YP","version":2,"value":17.04274}, {"key":"P1gMG","TOTAL":0.0}, {"key":"iIreP","version":2,"value":10.299681}, {"key":"q1uHN","TOTAL":0.0}, {"key":"HD8K7","version":1,"value":3.4427881}, {"key":"v4VAw","version":2,"value":4.656434}, {"key":"HL5VW","TOTAL":0.0}, {"key":"UZyHB","version":2,"value":16.664433}, {"key":"dEiwv","version":0,"value":6.0563874}, {"key":"v4VAw","version":1,"value":2.3339927}, {"key":"iIreP","version":0,"value":10.343352}, {"key":"nB3Zd","version":0,"value":6.2499404}, {"key":"fty2X","version":0,"value":2.194463}, {"key":"oNo04","version":0,"value":4.4667425}, {"key":"VuOXO","version":0,"value":9.5224905}, {"key":"Qrim8","version":1,"value":15.059247}, {"key":"7rIt8","version":0,"value":14.099301}, {"key":"ZBNDn","version":1,"value":12.480478}, {"key":"v4VAw","version":0,"value":12.645583}, {"key":"v4VAw","version":1,"value":13.13422}, {"key":"TLVei","version":1,"value":15.042392}, {"key":"HD8K7","TOTAL":0.0}, {"key":"oNo04","version":1,"value":6.200696}, {"key":"VuOXO","version":0,"value":16.625824}, {"key":"lAwKv","version":0,"value":7.096455}, {"key":"sAXEr","version":0,"value":0.52797794}, {"key":"dMkL4","version":1,"value":10.342892}, {"key":"ZBNDn","TOTAL":0.0}, {"key":"fNgV2","version":1,"value":11.267778}, {"key":"TLVei","version":0,"value":17.921625}, {"key":"iIreP","version":0,"value":5.518523}, {"key":"ChADX","version":2,"value":4.3937206}, {"key":"dMkL4","TOTAL":0.0}, {"key":"nB3Zd","version":2,"value":17.811321}, {"key":"qnhvR","version":2,"value":19.288422}, {"key":"7rIt8","version":2,"value":0.63642025}, {"key":"Qrim8","version":1,"value":10.760899}, {"key":"cQOT4","version":2,"value":10.879528}, {"key":"DEdly","version":2,"value":8.846866}, {"key":"ChADX","version":2,"value":17.980032}, {"key":"oNo04","version":0,"value":15.947294}, {"key":"eFJKU","version":0,"value":1.9263208}, {"key":"0H5UK","version":2,"value":13.227321}, {"key":"NDgs5","version":1,"value":15.443718}, {"key":"Ul0YP","TOTAL":64.19409}, {"key":"cOGSd","TOTAL":62.03874}, {"key":"ORpph","version":0,"value":7.493387}, {"key":"cQOT4","version":0,"value":9.5667305}, {"key":"lAwKv","version":0,"value":8.584033}, {"key":"WURUA","version":0,"value":16.683945}, {"key":"sAXEr","TOTAL":0.0}, {"key":"7rIt8","TOTAL":0.0}, {"key":"EoaYo","version":2,"value":0.24583578}, {"key":"eFJKU","version":0,"value":11.7396965}, {"key":"v4VAw","version":0,"value":14.580641}, {"key":"v4VAw","version":0,"value":15.968019}, {"key":"VuOXO","version":1,"value":13.466982}, {"key":"fNgV2","version":1,"value":19.147507}, {"key":"lAwKv","version":1,"value":18.723303}, {"key":"0H5UK","version":0,"value":3.707546}, {"key":"NDgs5","version":2,"value":13.931974}, {"key":"Et9lE","version":2,"value":9.370112}, {"key":"DEdly","version":2,"value":3.2197976}, {"key":"nB3Zd","version":2,"value":17.440842}, {"key":"dEiwv","TOTAL":43.43143}, {"key":"oHWOJ","version":0,"value":6.1054587}, {"key":"ghCIt","version":2,"value":15.851382}, {"key":"5L1YG","version":1,"value":16.099993}, {"key":"eFJKU","TOTAL":32.194775}, {"key":"TLVei","version":0,"value":10.401577}, {"key":"UZyHB","version":0,"value":17.484478}, {"key":"2vZFO","version":0,"value":19.223717}, {"key":"TLVei","version":0,"value":10.561159}, {"key":"NDgs5","version":0,"value":14.059752}, {"key":"oHWOJ","version":2,"value":9.818859}, {"key":"Et9lE","version":1,"value":14.205206}, {"key":"lAwKv","version":2,"value":19.748795}, {"key":"VuOXO","TOTAL":0.0}, {"key":"fty2X","version":1,"value":13.791883}, {"key":"TLVei","version":1,"value":18.469763}, {"key":"7wxmH","version":2,"value":5.248618}, {"key":"v4VAw","version":1,"value":2.7139843}, {"key":"UZyHB","version":2,"value":9.553936}, {"key":"ORpph","version":1,"value":18.251144}, {"key":"cQOT4","version":1,"value":19.67141}, {"key":"EoaYo","version":2,"value":13.277222}, {"key":"ORpph","version":2,"value":13.853968}, {"key":"ghCIt","TOTAL":0.0}, {"key":"DEdly","TOTAL":0.0}, {"key":"v4VAw","TOTAL":0.0}, {"key":"oNo04","version":0,"value":2.1648967}, {"key":"ORpph","version":2,"value":17.406742}, {"key":"ORpph","version":2,"value":4.345956}, {"key":"Et9lE","TOTAL":0.0}, {"key":"NDgs5","TOTAL":0.0}, {"key":"ccoHC","version":1,"value":3.3142197}, {"key":"oHWOJ","version":2,"value":4.0834}, {"key":"EoaYo","TOTAL":0.0}, {"key":"oHWOJ","version":0,"value":0.50374866}, {"key":"EqWy2","version":0,"value":11.429287}, {"key":"ChADX","version":0,"value":2.6256192}, {"key":"7wxmH","version":1,"value":18.564058}, {"key":"0H5UK","version":0,"value":9.861282}, {"key":"oNo04","version":1,"value":1.9892061}, {"key":"nB3Zd","version":1,"value":4.8642645}, {"key":"ORpph","version":2,"value":1.7574966}, {"key":"ccoHC","version":0,"value":7.8100348}, {"key":"qnhvR","version":2,"value":12.292069}, {"key":"cQOT4","version":2,"value":2.1245039}, {"key":"ccoHC","version":1,"value":10.470128}, {"key":"Qrim8","version":1,"value":15.836651}, {"key":"ccoHC","TOTAL":0.0}, {"key":"cQOT4","version":2,"value":13.980053}, {"key":"Qrim8","TOTAL":0.0}, {"key":"TLVei","version":2,"value":11.472622}, {"key":"gx0VB","version":2,"value":17.827604}, {"key":"oHWOJ","version":1,"value":14.083273}, {"key":"qnhvR","version":1,"value":0.6425202}, {"key":"kDrOM","version":0,"value":3.1710148}, {"key":"fNgV2","TOTAL":0.0}, {"key":"wvdNn","version":2,"value":13.90505}, {"key":"TLVei","version":0,"value":7.4063993}, {"key":"5hfPa","version":0,"value":1.3423193}, {"key":"3mEKu","version":2,"value":18.079601}, {"key":"li3YO","version":2,"value":1.6554129}, {"key":"TLVei","version":2,"value":1.571945}, {"key":"lAwKv","version":1,"value":18.700058}, {"key":"ORpph","version":2,"value":16.551146}, {"key":"iIreP","version":2,"value":18.063683}, {"key":"3mEKu","version":0,"value":7.8348756}, {"key":"7wxmH","version":2,"value":15.053549}, {"key":"kDrOM","version":1,"value":3.6973763}, {"key":"oHWOJ","version":1,"value":14.812931}, {"key":"WURUA","version":0,"value":7.034692}, {"key":"2YhRM","version":0,"value":2.694893}, {"key":"0H5UK","version":1,"value":14.787029}, {"key":"EqWy2","version":2,"value":16.262249}, {"key":"UZyHB","version":0,"value":13.512773}, {"key":"boiNs","version":1,"value":10.380875}, {"key":"EqWy2","version":0,"value":5.678849}, {"key":"oHWOJ","version":0,"value":14.679764}, {"key":"oHWOJ","TOTAL":0.0}, {"key":"vGv0W","version":1,"value":7.815995}, {"key":"kDrOM","version":1,"value":12.23095}, {"key":"fty2X","version":0,"value":4.775839}, {"key":"gI2mF","version":1,"value":1.9062448}, {"key":"43XEH","version":1,"value":11.489401}, {"key":"v0No8","version":2,"value":8.885194}, {"key":"kDrOM","version":2,"value":2.8339267}, {"key":"fty2X","version":1,"value":2.5503445}, {"key":"qnhvR","TOTAL":0.0}, {"key":"TLVei","version":0,"value":3.545307}, {"key":"v0No8","version":2,"value":3.5135067}, {"key":"boiNs","version":1,"value":15.765255}, {"key":"hoUfs","version":2,"value":4.4494667}, {"key":"2YhRM","version":2,"value":12.34458}, {"key":"V4I7y","version":1,"value":19.687614}, {"key":"0H5UK","version":2,"value":3.2051516}, {"key":"lAwKv","version":1,"value":14.540509}, {"key":"y6msQ","version":2,"value":19.726131}, {"key":"5hfPa","version":0,"value":11.186111}, {"key":"iIreP","version":0,"value":19.79247}, {"key":"v0No8","version":1,"value":13.320827}, {"key":"v0No8","version":0,"value":16.363274}, {"key":"wvdNn","version":1,"value":8.327896}, {"key":"kDrOM","version":1,"value":2.3231506}, {"key":"ChADX","version":2,"value":4.2784524}, {"key":"fty2X","TOTAL":0.0}, {"key":"lAwKv","version":2,"value":18.42881}, {"key":"oNo04","TOTAL":0.0}, {"key":"2vZFO","version":0,"value":15.072548}, {"key":"lAwKv","version":2,"value":12.075766}, {"key":"t3iPS","version":0,"value":3.897661}, {"key":"WURUA","version":0,"value":6.9851246}, {"key":"WfxkC","version":1,"value":7.8811607}, {"key":"5hfPa","version":2,"value":10.56764}, {"key":"amkI8","version":1,"value":2.0605707}, {"key":"TLVei","version":0,"value":12.087856}, {"key":"nB3Zd","TOTAL":0.0}, {"key":"WURUA","version":2,"value":18.547647}, {"key":"KepOP","version":1,"value":5.8349085}, {"key":"usdlN","version":1,"value":13.226154}, {"key":"43XEH","TOTAL":0.0}, {"key":"TLVei","version":0,"value":2.4014068}, {"key":"5hfPa","version":1,"value":6.5999784}, {"key":"li3YO","version":2,"value":3.622371}, {"key":"WfxkC","TOTAL":0.0}, {"key":"gI2mF","version":0,"value":18.76953}, {"key":"gxR1Z","version":1,"value":9.727119}, {"key":"QfW6O","version":0,"value":18.017445}, {"key":"WURUA","TOTAL":0.0}, {"key":"cQOT4","TOTAL":0.0}, {"key":"gxR1Z","version":1,"value":17.940517}, {"key":"2vZFO","TOTAL":78.84253}, {"key":"usdlN","version":2,"value":1.8824661}, {"key":"t3iPS","version":2,"value":17.665306}, {"key":"V4I7y","TOTAL":0.0}, {"key":"amkI8","version":1,"value":3.6356342}, {"key":"v0No8","TOTAL":0.0}, {"key":"0H5UK","version":0,"value":8.085222}, {"key":"wfG15","version":0,"value":10.066765}, {"key":"ORpph","TOTAL":0.0}, {"key":"boiNs","TOTAL":61.185837}, {"key":"y6msQ","version":2,"value":16.56033}, {"key":"KepOP","TOTAL":0.0}, {"key":"hoUfs","version":1,"value":10.188206}, {"key":"usdlN","version":2,"value":9.976831}, {"key":"MSncX","version":2,"value":12.893791}, {"key":"1Prxu","version":2,"value":14.146428}, {"key":"MSncX","TOTAL":0.0}, {"key":"li3YO","version":1,"value":0.11904836}, {"key":"bnkkJ","version":2,"value":9.970464}, {"key":"iIreP","version":0,"value":6.7245555}, {"key":"7wxmH","version":0,"value":0.7561195}, {"key":"iIreP","TOTAL":0.0}, {"key":"t3iPS","version":2,"value":0.67361}, {"key":"lAwKv","version":2,"value":15.211991}, {"key":"t3iPS","TOTAL":0.0}, {"key":"EZ72h","version":1,"value":12.081194}, {"key":"kDrOM","TOTAL":0.0}]
03:02:27.903 INFO  u.a.e.a.c.d.MessageTransformer - 0% complete...
03:02:30.409 INFO  u.a.e.a.c.d.MessageTransformer - 10% complete...
03:02:32.964 INFO  u.a.e.a.c.d.MessageTransformer - 20% complete...
03:02:35.513 INFO  u.a.e.a.c.d.MessageTransformer - 30% complete...
03:02:38.075 INFO  u.a.e.a.c.d.MessageTransformer - 40% complete...
03:02:40.622 INFO  u.a.e.a.c.d.MessageTransformer - 50% complete...
03:02:43.196 INFO  u.a.e.a.c.d.MessageTransformer - 60% complete...
03:02:45.813 INFO  u.a.e.a.c.d.MessageTransformer - 70% complete...
03:02:48.414 INFO  u.a.e.a.c.d.MessageTransformer - 80% complete...
03:02:50.999 INFO  u.a.e.a.c.d.MessageTransformer - 90% complete...
03:02:53.571 INFO  u.a.e.a.c.d.MessageTransformer - 100% complete. Tranformed 500 messages
03:02:53.571 INFO  u.a.e.a.c.s.RabbitMqService - Reading queue TransformTestWrite-64329-nST4J: count=500
03:02:53.646 INFO  u.a.e.a.c.s.RabbitMqService - Received 500/500 messages in 75ms
03:02:53.646 INFO  u.a.e.a.c.s.RabbitMqService - returning: [{"key":"OY6hr","version":0,"value":12.05656}, {"key":"5NDmh","version":0,"value":18.458084}, {"key":"tmSoh","version":1,"value":29.932423}, {"key":"I4vUP","version":1,"value":28.851305}, {"key":"5NDmh","version":1,"value":17.616514}, {"key":"OY6hr","version":2,"value":15.088417}, {"key":"I4vUP","version":0,"value":16.413973}, {"key":"tmSoh","version":2,"value":24.31615}, {"key":"I4vUP","version":1,"value":1.190691}, {"key":"OY6hr","version":2,"value":1.6912079}, {"key":"5NDmh","version":2,"value":24.90546}, {"key":"tmSoh","version":1,"value":18.109314}, {"key":"PIxE3","version":2,"value":22.402718}, {"key":"OY6hr","version":0,"value":1.4352977}, {"key":"AdGTO","version":2,"value":27.638412}, {"key":"PIxE3","version":0,"value":14.501444}, {"key":"tmSoh","version":2,"value":6.663494}, {"totalMessagesWritten":17,"totalMessagesProcessed":18,"totalRedisUpdates":11,"totalValueWritten":281.27142,"totalAdded":105.0}, {"key":"3b1i3","version":2,"value":27.071321}, {"key":"eQvMI","version":0,"value":26.77673}, {"totalMessagesWritten":19,"totalMessagesProcessed":21,"totalRedisUpdates":14,"totalValueWritten":335.11948,"totalAdded":126.0}, {"totalMessagesWritten":19,"totalMessagesProcessed":22,"totalRedisUpdates":15,"totalValueWritten":335.11948,"totalAdded":126.0}, {"key":"PIxE3","version":2,"value":0.13349414}, {"key":"3b1i3","version":1,"value":0.7565534}, {"key":"LOyLV","version":1,"value":26.971495}, {"key":"PIxE3","version":2,"value":14.228046}, {"key":"YisxE","version":2,"value":28.013378}, {"totalMessagesWritten":24,"totalMessagesProcessed":28,"totalRedisUpdates":18,"totalValueWritten":405.22244,"totalAdded":147.0}, {"key":"gwhr2","version":0,"value":22.872341}, {"key":"YisxE","version":0,"value":3.1725502}, {"key":"5NDmh","version":1,"value":11.331377}, {"key":"5NDmh","version":0,"value":5.2218485}, {"key":"eQvMI","version":2,"value":19.652603}, {"key":"UEQdt","version":0,"value":29.824173}, {"key":"eQvMI","version":2,"value":19.824768}, {"key":"tE8bT","version":1,"value":28.13964}, {"key":"YisxE","version":2,"value":2.004863}, {"key":"3b1i3","version":2,"value":6.841085}, {"key":"YisxE","version":0,"value":9.025703}, {"key":"l4i8H","version":2,"value":26.904701}, {"key":"sw9oo","version":1,"value":29.791285}, {"totalMessagesWritten":37,"totalMessagesProcessed":42,"totalRedisUpdates":25,"totalValueWritten":619.8294,"totalAdded":210.0}, {"key":"UEQdt","version":1,"value":23.9402}, {"key":"sw9oo","version":1,"value":16.332935}, {"totalMessagesWritten":39,"totalMessagesProcessed":45,"totalRedisUpdates":27,"totalValueWritten":700.34576,"totalAdded":220.5}, {"key":"lpWbQ","version":1,"value":21.125248}, {"key":"sw9oo","version":0,"value":12.035823}, {"key":"YisxE","version":2,"value":14.328081}, {"key":"eQvMI","version":2,"value":2.377739}, {"key":"sw9oo","version":0,"value":13.959116}, {"key":"3b1i3","version":0,"value":14.366566}, {"key":"tE8bT","version":2,"value":14.884222}, {"key":"3b1i3","version":1,"value":1.2016249}, {"key":"5IMp1","version":1,"value":11.41813}, {"key":"LOyLV","version":1,"value":18.394878}, {"key":"lpWbQ","version":0,"value":14.8357525}, {"key":"l4i8H","version":0,"value":2.5128675}, {"key":"eQvMI","version":1,"value":14.995118}, {"key":"YisxE","version":0,"value":3.1519604}, {"totalMessagesWritten":53,"totalMessagesProcessed":60,"totalRedisUpdates":31,"totalValueWritten":859.9329,"totalAdded":252.0}, {"key":"tE8bT","version":1,"value":6.2761736}, {"key":"eQvMI","version":1,"value":8.192344}, {"totalMessagesWritten":55,"totalMessagesProcessed":63,"totalRedisUpdates":32,"totalValueWritten":874.4014,"totalAdded":252.0}, {"key":"fGhBn","version":2,"value":25.305561}, {"key":"8nPaH","version":1,"value":11.423022}, {"totalMessagesWritten":57,"totalMessagesProcessed":66,"totalRedisUpdates":35,"totalValueWritten":911.13,"totalAdded":273.0}, {"key":"mAy7R","version":0,"value":29.340578}, {"key":"YisxE","version":2,"value":13.794838}, {"key":"eQvMI","version":1,"value":11.896263}, {"key":"gwhr2","version":2,"value":23.869665}, {"totalMessagesWritten":61,"totalMessagesProcessed":71,"totalRedisUpdates":38,"totalValueWritten":990.0314,"totalAdded":294.0}, {"key":"fGhBn","version":0,"value":2.4311733}, {"key":"3b1i3","version":1,"value":12.531181}, {"key":"l4i8H","version":0,"value":7.0667467}, {"key":"l4i8H","version":2,"value":12.788778}, {"totalMessagesWritten":65,"totalMessagesProcessed":76,"totalRedisUpdates":39,"totalValueWritten":1024.8492,"totalAdded":294.0}, {"key":"eQvMI","version":0,"value":5.4422483}, {"key":"kBjoD","version":2,"value":26.863352}, {"key":"UEQdt","version":2,"value":15.461318}, {"totalMessagesWritten":68,"totalMessagesProcessed":80,"totalRedisUpdates":42,"totalValueWritten":1072.6162,"totalAdded":315.0}, {"totalMessagesWritten":68,"totalMessagesProcessed":81,"totalRedisUpdates":43,"totalValueWritten":1072.6162,"totalAdded":315.0}, {"key":"mAy7R","version":1,"value":16.297173}, {"key":"AcXSv","version":2,"value":19.774097}, {"key":"34E5b","version":0,"value":25.408972}, {"key":"AcXSv","version":1,"value":7.9039536}, {"key":"WeWg6","version":0,"value":18.854975}, {"totalMessagesWritten":73,"totalMessagesProcessed":87,"totalRedisUpdates":48,"totalValueWritten":1160.8552,"totalAdded":357.0}, {"key":"tE8bT","version":0,"value":11.180433}, {"totalMessagesWritten":74,"totalMessagesProcessed":89,"totalRedisUpdates":49,"totalValueWritten":1172.0356,"totalAdded":357.0}, {"key":"DEdly","version":1,"value":12.486285}, {"key":"BHlyJ","version":2,"value":23.218735}, {"key":"Qrim8","version":0,"value":20.846909}, {"key":"UEQdt","version":2,"value":3.2552493}, {"key":"34E5b","version":2,"value":14.306633}, {"key":"gslSg","version":0,"value":26.638115}, {"key":"DEdly","version":2,"value":18.311363}, {"key":"gslSg","version":0,"value":10.1031065}, {"key":"UEQdt","version":0,"value":10.388128}, {"totalMessagesWritten":83,"totalMessagesProcessed":99,"totalRedisUpdates":56,"totalValueWritten":1311.5903,"totalAdded":420.0}, {"key":"QqP11","version":2,"value":23.177444}, {"key":"DEdly","version":0,"value":18.619186}, {"totalMessagesWritten":85,"totalMessagesProcessed":102,"totalRedisUpdates":58,"totalValueWritten":1353.387,"totalAdded":430.5}, {"key":"WeWg6","version":0,"value":5.6750975}, {"key":"BHlyJ","version":1,"value":19.418547}, {"key":"iVmri","version":2,"value":12.653787}, {"key":"obY8Y","version":0,"value":28.324512}, {"key":"gslSg","version":2,"value":26.94405}, {"key":"3b1i3","version":0,"value":7.5030956}, {"key":"UEQdt","version":0,"value":19.914122}, {"key":"UEQdt","version":2,"value":4.5806217}, {"totalMessagesWritten":93,"totalMessagesProcessed":111,"totalRedisUpdates":62,"totalValueWritten":1478.4006,"totalAdded":462.0}, {"key":"DEdly","version":2,"value":14.481708}, {"key":"dIjJA","version":0,"value":18.059685}, {"key":"xgOZl","version":2,"value":19.218115}, {"key":"dIjJA","version":2,"value":19.902197}, {"totalMessagesWritten":97,"totalMessagesProcessed":116,"totalRedisUpdates":66,"totalValueWritten":1550.0624,"totalAdded":493.5}, {"key":"Qrim8","version":1,"value":16.190985}, {"key":"dIjJA","version":1,"value":10.411009}, {"totalMessagesWritten":99,"totalMessagesProcessed":119,"totalRedisUpdates":68,"totalValueWritten":1576.6644,"totalAdded":504.0}, {"key":"vhCa8","version":2,"value":25.378582}, {"key":"3b1i3","version":1,"value":15.89706}, {"key":"NU7fV","version":2,"value":14.386953}, {"totalMessagesWritten":102,"totalMessagesProcessed":123,"totalRedisUpdates":71,"totalValueWritten":1664.0023,"totalAdded":525.0}, {"key":"Qrim8","version":0,"value":17.876106}, {"key":"gslSg","version":2,"value":16.979729}, {"key":"vhCa8","version":2,"value":6.7752657}, {"key":"u6bR7","version":0,"value":20.318806}, {"totalMessagesWritten":106,"totalMessagesProcessed":128,"totalRedisUpdates":73,"totalValueWritten":1725.9523,"totalAdded":535.5}, {"key":"fts2l","version":1,"value":24.223946}, {"key":"T5sAs","version":1,"value":28.012764}, {"key":"DEdly","version":1,"value":13.114365}, {"key":"NU7fV","version":1,"value":4.514984}, {"key":"eDYjJ","version":0,"value":14.306482}, {"key":"WeWg6","version":2,"value":26.821203}, {"key":"DEdly","version":0,"value":6.822709}, {"key":"T5sAs","version":2,"value":29.784298}, {"key":"eDYjJ","version":1,"value":29.337372}, {"key":"uxflp","version":1,"value":29.494274}, {"totalMessagesWritten":116,"totalMessagesProcessed":139,"totalRedisUpdates":81,"totalValueWritten":1932.3849,"totalAdded":609.0}, {"key":"LxQ6i","version":1,"value":15.48343}, {"key":"fts2l","version":0,"value":11.511136}, {"totalMessagesWritten":118,"totalMessagesProcessed":142,"totalRedisUpdates":83,"totalValueWritten":1959.3794,"totalAdded":619.5}, {"key":"u6bR7","version":1,"value":20.019175}, {"key":"cIMeV","version":0,"value":29.73927}, {"key":"n3O1g","version":1,"value":20.189846}, {"key":"iVmri","version":0,"value":9.791018}, {"key":"cIMeV","version":2,"value":24.751991}, {"key":"eYQb0","version":0,"value":16.737583}, {"totalMessagesWritten":124,"totalMessagesProcessed":149,"totalRedisUpdates":89,"totalValueWritten":2164.3591,"totalAdded":672.0}, {"key":"gslSg","version":2,"value":12.280947}, {"totalMessagesWritten":125,"totalMessagesProcessed":151,"totalRedisUpdates":90,"totalValueWritten":2176.6401,"totalAdded":672.0}, {"key":"NU7fV","version":2,"value":15.103962}, {"key":"xgOZl","version":0,"value":12.922572}, {"key":"ORpph","version":1,"value":22.43485}, {"key":"fts2l","version":2,"value":26.764206}, {"key":"gslSg","version":1,"value":0.72315454}, {"key":"u6bR7","version":2,"value":13.082055}, {"key":"XmrgJ","version":0,"value":22.765669}, {"totalMessagesWritten":132,"totalMessagesProcessed":159,"totalRedisUpdates":95,"totalValueWritten":2317.5503,"totalAdded":714.0}, {"key":"DEdly","version":2,"value":16.904642}, {"key":"n3O1g","version":0,"value":13.388473}, {"key":"LxQ6i","version":2,"value":22.41547}, {"key":"TLVei","version":1,"value":22.2599}, {"key":"gslSg","version":0,"value":12.215281}, {"totalMessagesWritten":137,"totalMessagesProcessed":165,"totalRedisUpdates":98,"totalValueWritten":2404.7341,"totalAdded":735.0}, {"key":"dIjJA","version":2,"value":9.660727}, {"totalMessagesWritten":138,"totalMessagesProcessed":167,"totalRedisUpdates":99,"totalValueWritten":2414.3948,"totalAdded":735.0}, {"key":"IKtcI","version":2,"value":30.252419}, {"totalMessagesWritten":139,"totalMessagesProcessed":169,"totalRedisUpdates":101,"totalValueWritten":2444.6472,"totalAdded":745.5}, {"key":"OSADC","version":2,"value":25.75312}, {"key":"wRbcD","version":2,"value":16.544916}, {"key":"sfh5H","version":0,"value":13.69454}, {"totalMessagesWritten":142,"totalMessagesProcessed":173,"totalRedisUpdates":105,"totalValueWritten":2555.5042,"totalAdded":777.0}, {"totalMessagesWritten":142,"totalMessagesProcessed":174,"totalRedisUpdates":106,"totalValueWritten":2555.5042,"totalAdded":777.0}, {"totalMessagesWritten":142,"totalMessagesProcessed":175,"totalRedisUpdates":107,"totalValueWritten":2555.5042,"totalAdded":777.0}, {"key":"dIjJA","version":1,"value":1.9250798}, {"key":"HI83s","version":1,"value":23.027515}, {"key":"vhCa8","version":1,"value":2.0572543}, {"totalMessagesWritten":145,"totalMessagesProcessed":179,"totalRedisUpdates":109,"totalValueWritten":2582.5142,"totalAdded":787.5}, {"key":"2vZFO","version":2,"value":22.463707}, {"key":"LxQ6i","version":0,"value":1.3403296}, {"key":"yhruo","version":1,"value":30.329313}, {"totalMessagesWritten":148,"totalMessagesProcessed":183,"totalRedisUpdates":112,"totalValueWritten":2636.6475,"totalAdded":808.5}, {"key":"fty2X","version":1,"value":13.979685}, {"key":"TLVei","version":2,"value":12.347374}, {"totalMessagesWritten":150,"totalMessagesProcessed":186,"totalRedisUpdates":115,"totalValueWritten":2729.897,"totalAdded":829.5}, {"totalMessagesWritten":150,"totalMessagesProcessed":187,"totalRedisUpdates":116,"totalValueWritten":2750.3445,"totalAdded":829.5}, {"key":"vhCa8","version":2,"value":19.738031}, {"key":"OSADC","version":2,"value":10.9625435}, {"totalMessagesWritten":152,"totalMessagesProcessed":190,"totalRedisUpdates":117,"totalValueWritten":2781.0452,"totalAdded":829.5}, {"key":"ZEwc9","version":1,"value":21.165154}, {"key":"yhruo","version":0,"value":0.81195116}, {"key":"RZNTG","version":1,"value":16.005638}, {"key":"uxflp","version":1,"value":18.96805}, {"key":"u6bR7","version":1,"value":6.2906876}, {"key":"yhruo","version":2,"value":15.469753}, {"key":"ZEwc9","version":1,"value":17.234352}, {"key":"nB3Zd","version":0,"value":20.054314}, {"key":"2vZFO","version":2,"value":17.121155}, {"key":"dIjJA","version":0,"value":8.75862}, {"key":"ZBNDn","version":1,"value":26.206669}, {"key":"sfh5H","version":2,"value":30.484854}, {"key":"yhruo","version":2,"value":2.9000604}, {"key":"HL5VW","version":0,"value":14.591701}, {"key":"TLVei","version":1,"value":9.81349}, {"totalMessagesWritten":167,"totalMessagesProcessed":206,"totalRedisUpdates":125,"totalValueWritten":3071.9438,"totalAdded":903.0}, {"key":"RZNTG","version":0,"value":2.753501}, {"totalMessagesWritten":168,"totalMessagesProcessed":208,"totalRedisUpdates":126,"totalValueWritten":3074.6973,"totalAdded":903.0}, {"key":"wRbcD","version":1,"value":11.738502}, {"key":"FtlRQ","version":1,"value":14.1145}, {"key":"HI83s","version":1,"value":14.811535}, {"key":"7xxy5","version":1,"value":15.183317}, {"key":"wRbcD","version":1,"value":12.1189165}, {"key":"FjS9y","version":1,"value":17.754654}, {"key":"OSADC","version":1,"value":0.8708298}, {"totalMessagesWritten":175,"totalMessagesProcessed":216,"totalRedisUpdates":130,"totalValueWritten":3161.2896,"totalAdded":934.5}, {"key":"2vZFO","version":0,"value":19.56852}, {"key":"ZEwc9","version":2,"value":19.158447}, {"totalMessagesWritten":177,"totalMessagesProcessed":219,"totalRedisUpdates":132,"totalValueWritten":3200.0166,"totalAdded":945.0}, {"key":"FtlRQ","version":1,"value":11.607117}, {"key":"FtlRQ","version":0,"value":9.276538}, {"key":"2vZFO","version":0,"value":7.1443806}, {"key":"dIjJA","version":1,"value":3.4575808}, {"key":"cOGSd","version":1,"value":22.644491}, {"key":"7xxy5","version":1,"value":14.456782}, {"key":"yhruo","version":1,"value":5.4164877}, {"key":"RZNTG","version":2,"value":13.673668}, {"totalMessagesWritten":185,"totalMessagesProcessed":228,"totalRedisUpdates":135,"totalValueWritten":3287.6936,"totalAdded":966.0}, {"totalMessagesWritten":185,"totalMessagesProcessed":229,"totalRedisUpdates":136,"totalValueWritten":3287.6936,"totalAdded":966.0}, {"key":"ORpph","version":2,"value":27.645365}, {"totalMessagesWritten":186,"totalMessagesProcessed":231,"totalRedisUpdates":138,"totalValueWritten":3361.417,"totalAdded":976.5}, {"totalMessagesWritten":186,"totalMessagesProcessed":232,"totalRedisUpdates":139,"totalValueWritten":3361.417,"totalAdded":976.5}, {"key":"cOGSd","version":1,"value":5.0439525}, {"key":"dIjJA","version":2,"value":1.120112}, {"key":"HL5VW","version":2,"value":15.880173}, {"totalMessagesWritten":189,"totalMessagesProcessed":236,"totalRedisUpdates":141,"totalValueWritten":3440.894,"totalAdded":987.0}, {"key":"HI83s","version":1,"value":5.5600286}, {"key":"sfh5H","version":2,"value":19.859215}, {"key":"P1gMG","version":0,"value":25.03513}, {"totalMessagesWritten":192,"totalMessagesProcessed":240,"totalRedisUpdates":143,"totalValueWritten":3491.3484,"totalAdded":997.5}, {"key":"FtlRQ","version":1,"value":1.564529}, {"key":"ccoHC","version":1,"value":14.008416}, {"totalMessagesWritten":194,"totalMessagesProcessed":243,"totalRedisUpdates":145,"totalValueWritten":3506.9211,"totalAdded":1008.0}, {"totalMessagesWritten":194,"totalMessagesProcessed":244,"totalRedisUpdates":146,"totalValueWritten":3506.9211,"totalAdded":1008.0}, {"key":"sfh5H","version":0,"value":10.893494}, {"key":"NDgs5","version":2,"value":11.619748}, {"key":"TLVei","version":2,"value":9.053659}, {"totalMessagesWritten":197,"totalMessagesProcessed":248,"totalRedisUpdates":148,"totalValueWritten":3547.3591,"totalAdded":1018.5}, {"key":"sfh5H","version":0,"value":3.6690235}, {"key":"2vZFO","version":1,"value":9.426061}, {"key":"sfh5H","version":0,"value":14.279633}, {"totalMessagesWritten":200,"totalMessagesProcessed":252,"totalRedisUpdates":149,"totalValueWritten":3574.7336,"totalAdded":1018.5}, {"key":"fty2X","version":0,"value":5.431416}, {"key":"dMkL4","version":1,"value":18.487188}, {"key":"q1uHN","version":0,"value":13.979476}, {"key":"nB3Zd","version":2,"value":19.176529}, {"key":"ZBNDn","version":2,"value":26.175793}, {"key":"yhruo","version":0,"value":2.3362362}, {"key":"dEiwv","version":0,"value":26.589577}, {"key":"DEdly","version":0,"value":10.835913}, {"key":"ORpph","version":2,"value":0.013626814}, {"key":"wRbcD","version":0,"value":17.773525}, {"key":"v4VAw","version":1,"value":28.181072}, {"key":"dMkL4","version":1,"value":15.023557}, {"key":"nB3Zd","version":1,"value":0.8892119}, {"key":"wRbcD","version":2,"value":4.0409384}, {"key":"HL5VW","version":2,"value":16.60376}, {"key":"iIreP","version":0,"value":21.242237}, {"key":"UZyHB","version":0,"value":16.077446}, {"key":"VuOXO","version":0,"value":29.804998}, {"key":"wRbcD","version":2,"value":6.704304}, {"key":"iIreP","version":2,"value":13.04077}, {"key":"yhruo","version":2,"value":15.860976}, {"key":"q1uHN","version":1,"value":20.5153}, {"totalMessagesWritten":222,"totalMessagesProcessed":275,"totalRedisUpdates":161,"totalValueWritten":3903.5176,"totalAdded":1134.0}, {"totalMessagesWritten":222,"totalMessagesProcessed":276,"totalRedisUpdates":162,"totalValueWritten":3903.5176,"totalAdded":1134.0}, {"key":"Qrim8","version":0,"value":2.0299816}, {"key":"cOGSd","version":0,"value":1.8076205}, {"key":"VuOXO","version":2,"value":17.753273}, {"key":"Qrim8","version":2,"value":30.073633}, {"key":"Ul0YP","version":2,"value":27.54274}, {"totalMessagesWritten":227,"totalMessagesProcessed":282,"totalRedisUpdates":166,"totalValueWritten":3982.7249,"totalAdded":1165.5}, {"key":"iIreP","version":2,"value":10.299681}, {"totalMessagesWritten":228,"totalMessagesProcessed":284,"totalRedisUpdates":167,"totalValueWritten":3993.0244,"totalAdded":1165.5}, {"key":"HD8K7","version":1,"value":13.942788}, {"key":"v4VAw","version":2,"value":15.156434}, {"totalMessagesWritten":230,"totalMessagesProcessed":287,"totalRedisUpdates":170,"totalValueWritten":4022.1238,"totalAdded":1186.5}, {"key":"UZyHB","version":2,"value":27.164433}, {"key":"dEiwv","version":0,"value":6.0563874}, {"key":"v4VAw","version":1,"value":2.3339927}, {"key":"iIreP","version":0,"value":10.343352}, {"key":"nB3Zd","version":0,"value":6.2499404}, {"key":"fty2X","version":0,"value":2.194463}, {"key":"oNo04","version":0,"value":14.9667425}, {"key":"VuOXO","version":0,"value":9.5224905}, {"key":"Qrim8","version":1,"value":15.059247}, {"key":"7rIt8","version":0,"value":24.5993}, {"key":"ZBNDn","version":1,"value":12.480478}, {"key":"v4VAw","version":0,"value":12.645583}, {"key":"v4VAw","version":1,"value":13.13422}, {"key":"TLVei","version":1,"value":15.042392}, {"totalMessagesWritten":244,"totalMessagesProcessed":302,"totalRedisUpdates":174,"totalValueWritten":4193.917,"totalAdded":1218.0}, {"key":"oNo04","version":1,"value":16.700695}, {"key":"VuOXO","version":0,"value":16.625824}, {"key":"lAwKv","version":0,"value":17.596455}, {"key":"sAXEr","version":0,"value":11.027978}, {"key":"dMkL4","version":1,"value":10.342892}, {"totalMessagesWritten":249,"totalMessagesProcessed":308,"totalRedisUpdates":178,"totalValueWritten":4266.211,"totalAdded":1249.5}, {"key":"fNgV2","version":1,"value":21.767778}, {"key":"TLVei","version":0,"value":17.921625}, {"key":"iIreP","version":0,"value":5.518523}, {"key":"ChADX","version":2,"value":14.893721}, {"totalMessagesWritten":253,"totalMessagesProcessed":313,"totalRedisUpdates":181,"totalValueWritten":4326.312,"totalAdded":1270.5}, {"key":"nB3Zd","version":2,"value":17.811321}, {"key":"qnhvR","version":2,"value":29.788422}, {"key":"7rIt8","version":2,"value":11.13642}, {"key":"Qrim8","version":1,"value":10.760899}, {"key":"cQOT4","version":2,"value":21.379528}, {"key":"DEdly","version":2,"value":8.846866}, {"key":"ChADX","version":2,"value":17.980032}, {"key":"oNo04","version":0,"value":15.947294}, {"key":"eFJKU","version":0,"value":12.426321}, {"key":"0H5UK","version":2,"value":23.727322}, {"key":"NDgs5","version":1,"value":15.443718}, {"totalMessagesWritten":264,"totalMessagesProcessed":325,"totalRedisUpdates":187,"totalValueWritten":4575.754,"totalAdded":1323.0}, {"totalMessagesWritten":264,"totalMessagesProcessed":326,"totalRedisUpdates":188,"totalValueWritten":4637.7925,"totalAdded":1323.0}, {"key":"ORpph","version":0,"value":7.493387}, {"key":"cQOT4","version":0,"value":9.5667305}, {"key":"lAwKv","version":0,"value":8.584033}, {"key":"WURUA","version":0,"value":27.183945}, {"totalMessagesWritten":268,"totalMessagesProcessed":331,"totalRedisUpdates":190,"totalValueWritten":4690.6206,"totalAdded":1333.5}, {"totalMessagesWritten":268,"totalMessagesProcessed":332,"totalRedisUpdates":191,"totalValueWritten":4690.6206,"totalAdded":1333.5}, {"key":"EoaYo","version":2,"value":10.745836}, {"key":"eFJKU","version":0,"value":11.7396965}, {"key":"v4VAw","version":0,"value":14.580641}, {"key":"v4VAw","version":0,"value":15.968019}, {"key":"VuOXO","version":1,"value":13.466982}, {"key":"fNgV2","version":1,"value":19.147507}, {"key":"lAwKv","version":1,"value":29.223303}, {"key":"0H5UK","version":0,"value":3.707546}, {"key":"NDgs5","version":2,"value":13.931974}, {"key":"Et9lE","version":2,"value":19.870113}, {"key":"DEdly","version":2,"value":3.2197976}, {"key":"nB3Zd","version":2,"value":17.440842}, {"totalMessagesWritten":280,"totalMessagesProcessed":345,"totalRedisUpdates":195,"totalValueWritten":4907.094,"totalAdded":1365.0}, {"key":"oHWOJ","version":0,"value":16.60546}, {"key":"ghCIt","version":2,"value":26.351383}, {"key":"5L1YG","version":1,"value":26.599993}, {"totalMessagesWritten":283,"totalMessagesProcessed":349,"totalRedisUpdates":199,"totalValueWritten":5008.846,"totalAdded":1396.5}, {"key":"TLVei","version":0,"value":10.401577}, {"key":"UZyHB","version":0,"value":17.484478}, {"key":"2vZFO","version":0,"value":19.223717}, {"key":"TLVei","version":0,"value":10.561159}, {"key":"NDgs5","version":0,"value":14.059752}, {"key":"oHWOJ","version":2,"value":20.31886}, {"key":"Et9lE","version":1,"value":14.205206}, {"key":"lAwKv","version":2,"value":30.248795}, {"totalMessagesWritten":291,"totalMessagesProcessed":358,"totalRedisUpdates":202,"totalValueWritten":5145.349,"totalAdded":1417.5}, {"key":"fty2X","version":1,"value":13.791883}, {"key":"TLVei","version":1,"value":18.469763}, {"key":"7wxmH","version":2,"value":15.748618}, {"key":"v4VAw","version":1,"value":2.7139843}, {"key":"UZyHB","version":2,"value":9.553936}, {"key":"ORpph","version":1,"value":18.251144}, {"key":"cQOT4","version":1,"value":19.67141}, {"key":"EoaYo","version":2,"value":13.277222}, {"key":"ORpph","version":2,"value":13.853968}, {"totalMessagesWritten":300,"totalMessagesProcessed":368,"totalRedisUpdates":204,"totalValueWritten":5270.6807,"totalAdded":1428.0}, {"totalMessagesWritten":300,"totalMessagesProcessed":369,"totalRedisUpdates":205,"totalValueWritten":5270.6807,"totalAdded":1428.0}, {"totalMessagesWritten":300,"totalMessagesProcessed":370,"totalRedisUpdates":206,"totalValueWritten":5270.6807,"totalAdded":1428.0}, {"key":"oNo04","version":0,"value":2.1648967}, {"key":"ORpph","version":2,"value":17.406742}, {"key":"ORpph","version":2,"value":4.345956}, {"totalMessagesWritten":303,"totalMessagesProcessed":374,"totalRedisUpdates":207,"totalValueWritten":5294.5986,"totalAdded":1428.0}, {"totalMessagesWritten":303,"totalMessagesProcessed":375,"totalRedisUpdates":208,"totalValueWritten":5294.5986,"totalAdded":1428.0}, {"key":"ccoHC","version":1,"value":3.3142197}, {"key":"oHWOJ","version":2,"value":4.0834}, {"totalMessagesWritten":305,"totalMessagesProcessed":378,"totalRedisUpdates":209,"totalValueWritten":5301.9966,"totalAdded":1428.0}, {"key":"oHWOJ","version":0,"value":0.50374866}, {"key":"EqWy2","version":0,"value":21.929287}, {"key":"ChADX","version":0,"value":2.6256192}, {"key":"7wxmH","version":1,"value":18.564058}, {"key":"0H5UK","version":0,"value":9.861282}, {"key":"oNo04","version":1,"value":1.9892061}, {"key":"nB3Zd","version":1,"value":4.8642645}, {"key":"ORpph","version":2,"value":1.7574966}, {"key":"ccoHC","version":0,"value":7.8100348}, {"key":"qnhvR","version":2,"value":12.292069}, {"key":"cQOT4","version":2,"value":2.1245039}, {"key":"ccoHC","version":1,"value":10.470128}, {"key":"Qrim8","version":1,"value":15.836651}, {"totalMessagesWritten":318,"totalMessagesProcessed":392,"totalRedisUpdates":211,"totalValueWritten":5412.6245,"totalAdded":1438.5}, {"key":"cQOT4","version":2,"value":13.980053}, {"totalMessagesWritten":319,"totalMessagesProcessed":394,"totalRedisUpdates":212,"totalValueWritten":5426.6045,"totalAdded":1438.5}, {"key":"TLVei","version":2,"value":11.472622}, {"key":"gx0VB","version":2,"value":28.327604}, {"key":"oHWOJ","version":1,"value":14.083273}, {"key":"qnhvR","version":1,"value":0.6425202}, {"key":"kDrOM","version":0,"value":13.671015}, {"totalMessagesWritten":324,"totalMessagesProcessed":400,"totalRedisUpdates":215,"totalValueWritten":5494.802,"totalAdded":1459.5}, {"key":"wvdNn","version":2,"value":24.40505}, {"key":"TLVei","version":0,"value":7.4063993}, {"key":"5hfPa","version":0,"value":11.8423195}, {"key":"3mEKu","version":2,"value":28.579601}, {"key":"li3YO","version":2,"value":12.155413}, {"key":"TLVei","version":2,"value":1.571945}, {"key":"lAwKv","version":1,"value":18.700058}, {"key":"ORpph","version":2,"value":16.551146}, {"key":"iIreP","version":2,"value":18.063683}, {"key":"3mEKu","version":0,"value":7.8348756}, {"key":"7wxmH","version":2,"value":15.053549}, {"key":"kDrOM","version":1,"value":14.197376}, {"key":"oHWOJ","version":1,"value":14.812931}, {"key":"WURUA","version":0,"value":7.034692}, {"key":"2YhRM","version":0,"value":13.194893}, {"key":"0H5UK","version":1,"value":14.787029}, {"key":"EqWy2","version":2,"value":26.762249}, {"key":"UZyHB","version":0,"value":13.512773}, {"key":"boiNs","version":1,"value":20.880875}, {"key":"EqWy2","version":0,"value":5.678849}, {"key":"oHWOJ","version":0,"value":14.679764}, {"totalMessagesWritten":345,"totalMessagesProcessed":422,"totalRedisUpdates":224,"totalValueWritten":5802.507,"totalAdded":1543.5}, {"key":"vGv0W","version":1,"value":18.315994}, {"key":"kDrOM","version":1,"value":12.23095}, {"key":"fty2X","version":0,"value":4.775839}, {"key":"gI2mF","version":1,"value":12.406244}, {"key":"43XEH","version":1,"value":21.9894}, {"key":"v0No8","version":2,"value":19.385193}, {"key":"kDrOM","version":2,"value":13.333927}, {"key":"fty2X","version":1,"value":2.5503445}, {"totalMessagesWritten":353,"totalMessagesProcessed":431,"totalRedisUpdates":230,"totalValueWritten":5907.4946,"totalAdded":1596.0}, {"key":"TLVei","version":0,"value":3.545307}, {"key":"v0No8","version":2,"value":3.5135067}, {"key":"boiNs","version":1,"value":15.765255}, {"key":"hoUfs","version":2,"value":14.949467}, {"key":"2YhRM","version":2,"value":22.84458}, {"key":"V4I7y","version":1,"value":30.187614}, {"key":"0H5UK","version":2,"value":3.2051516}, {"key":"lAwKv","version":1,"value":14.540509}, {"key":"y6msQ","version":2,"value":30.226131}, {"key":"5hfPa","version":0,"value":11.186111}, {"key":"iIreP","version":0,"value":19.79247}, {"key":"v0No8","version":1,"value":13.320827}, {"key":"v0No8","version":0,"value":16.363274}, {"key":"wvdNn","version":1,"value":8.327896}, {"key":"kDrOM","version":1,"value":2.3231506}, {"key":"ChADX","version":2,"value":4.2784524}, {"totalMessagesWritten":369,"totalMessagesProcessed":448,"totalRedisUpdates":235,"totalValueWritten":6121.8647,"totalAdded":1638.0}, {"key":"lAwKv","version":2,"value":18.42881}, {"totalMessagesWritten":370,"totalMessagesProcessed":450,"totalRedisUpdates":236,"totalValueWritten":6140.2935,"totalAdded":1638.0}, {"key":"2vZFO","version":0,"value":15.072548}, {"key":"lAwKv","version":2,"value":12.075766}, {"key":"t3iPS","version":0,"value":14.397661}, {"key":"WURUA","version":0,"value":6.9851246}, {"key":"WfxkC","version":1,"value":18.38116}, {"key":"5hfPa","version":2,"value":21.06764}, {"key":"amkI8","version":1,"value":12.560571}, {"key":"TLVei","version":0,"value":12.087856}, {"totalMessagesWritten":378,"totalMessagesProcessed":459,"totalRedisUpdates":241,"totalValueWritten":6252.9224,"totalAdded":1680.0}, {"key":"WURUA","version":2,"value":29.047647}, {"key":"KepOP","version":1,"value":16.334908}, {"key":"usdlN","version":1,"value":23.726154}, {"totalMessagesWritten":381,"totalMessagesProcessed":463,"totalRedisUpdates":245,"totalValueWritten":6322.0312,"totalAdded":1711.5}, {"key":"TLVei","version":0,"value":2.4014068}, {"key":"5hfPa","version":1,"value":6.5999784}, {"key":"li3YO","version":2,"value":3.622371}, {"totalMessagesWritten":384,"totalMessagesProcessed":467,"totalRedisUpdates":246,"totalValueWritten":6334.6553,"totalAdded":1711.5}, {"key":"gI2mF","version":0,"value":18.76953}, {"key":"gxR1Z","version":1,"value":20.22712}, {"key":"QfW6O","version":0,"value":28.517445}, {"totalMessagesWritten":387,"totalMessagesProcessed":471,"totalRedisUpdates":249,"totalValueWritten":6402.1694,"totalAdded":1732.5}, {"totalMessagesWritten":387,"totalMessagesProcessed":472,"totalRedisUpdates":250,"totalValueWritten":6402.1694,"totalAdded":1732.5}, {"key":"gxR1Z","version":1,"value":17.940517}, {"totalMessagesWritten":388,"totalMessagesProcessed":474,"totalRedisUpdates":251,"totalValueWritten":6498.952,"totalAdded":1732.5}, {"key":"usdlN","version":2,"value":12.382466}, {"key":"t3iPS","version":2,"value":28.165306}, {"totalMessagesWritten":390,"totalMessagesProcessed":477,"totalRedisUpdates":254,"totalValueWritten":6539.5,"totalAdded":1753.5}, {"key":"amkI8","version":1,"value":3.6356342}, {"totalMessagesWritten":391,"totalMessagesProcessed":479,"totalRedisUpdates":255,"totalValueWritten":6543.1357,"totalAdded":1753.5}, {"key":"0H5UK","version":0,"value":8.085222}, {"key":"wfG15","version":0,"value":20.566765}, {"totalMessagesWritten":393,"totalMessagesProcessed":482,"totalRedisUpdates":257,"totalValueWritten":6571.788,"totalAdded":1764.0}, {"totalMessagesWritten":393,"totalMessagesProcessed":483,"totalRedisUpdates":258,"totalValueWritten":6632.974,"totalAdded":1764.0}, {"key":"y6msQ","version":2,"value":16.56033}, {"totalMessagesWritten":394,"totalMessagesProcessed":485,"totalRedisUpdates":259,"totalValueWritten":6649.5347,"totalAdded":1764.0}, {"key":"hoUfs","version":1,"value":10.188206}, {"key":"usdlN","version":2,"value":9.976831}, {"key":"MSncX","version":2,"value":23.393791}, {"key":"1Prxu","version":2,"value":24.646427}, {"totalMessagesWritten":398,"totalMessagesProcessed":490,"totalRedisUpdates":262,"totalValueWritten":6717.7397,"totalAdded":1785.0}, {"key":"li3YO","version":1,"value":0.11904836}, {"key":"bnkkJ","version":2,"value":20.470463}, {"key":"iIreP","version":0,"value":6.7245555}, {"key":"7wxmH","version":0,"value":0.7561195}, {"totalMessagesWritten":402,"totalMessagesProcessed":495,"totalRedisUpdates":264,"totalValueWritten":6745.8105,"totalAdded":1795.5}, {"key":"t3iPS","version":2,"value":0.67361}, {"key":"lAwKv","version":2,"value":15.211991}, {"totalMessagesWritten":404,"totalMessagesProcessed":498,"totalRedisUpdates":265,"totalValueWritten":6761.6963,"totalAdded":1795.5}, {"key":"EZ72h","version":1,"value":22.581194}, {"totalMessagesWritten":405,"totalMessagesProcessed":500,"totalRedisUpdates":267,"totalValueWritten":6784.2773,"totalAdded":1806.0}]
03:02:55.233 INFO  u.a.e.a.c.AcpCw2ApplicationTests - ===============================PASSED===================================
03:02:55.233 INFO  u.a.e.a.c.AcpCw2ApplicationTests - --------------STARTING TRANSFORM TEST----------------
03:02:55.233 INFO  u.a.e.a.c.AcpCw2ApplicationTests - Generating 500 packets
03:02:55.249 INFO  u.a.e.a.c.s.RabbitMqService - Sent 500/500 messages to TransformTestRead-96785-MTyPB
03:02:55.265 INFO  u.a.e.a.c.d.MessageTransformer - Transforming messages; read_queue:TransformTestRead-96785-MTyPB, write_queue:TransformTestWrite-16622-mQRHq, count:500
03:02:55.265 INFO  u.a.e.a.c.s.RabbitMqService - [With Validation]Reading queue TransformTestRead-96785-MTyPB: count=500
03:02:55.335 INFO  u.a.e.a.c.s.RabbitMqService - [With Validation]Received 500/500 messages in 70ms
03:02:55.335 INFO  u.a.e.a.c.s.RabbitMqService - returning: [{"key":"Irfck","version":1,"value":2.0810091}, {"key":"hApb4","version":1,"value":13.642172}, {"key":"bwbk4","version":0,"value":8.619628}, {"key":"dyiBQ","version":2,"value":13.093272}, {"key":"bwbk4","version":1,"value":12.821861}, {"key":"Irfck","version":2,"value":18.638283}, {"key":"bwbk4","version":0,"value":9.103193}, {"key":"T9HSI","version":0,"value":16.707867}, {"key":"Irfck","version":0,"value":0.7815349}, {"key":"dyiBQ","version":0,"value":9.322229}, {"key":"dyiBQ","TOTAL":0.0}, {"key":"hApb4","version":2,"value":4.966743}, {"key":"bwbk4","version":1,"value":17.743052}, {"key":"KrgCq","version":1,"value":0.12942553}, {"key":"Gpc6x","version":1,"value":16.088024}, {"key":"hApb4","version":1,"value":15.709953}, {"key":"T9HSI","version":2,"value":15.278494}, {"key":"KrgCq","version":1,"value":14.676462}, {"key":"hApb4","version":2,"value":7.220255}, {"key":"sGavn","version":0,"value":9.885242}, {"key":"bwbk4","version":2,"value":16.379595}, {"key":"T9HSI","version":0,"value":17.952097}, {"key":"sGavn","version":1,"value":12.775626}, {"key":"bn9R7","version":2,"value":8.899217}, {"key":"PmUgJ","version":1,"value":7.3753834}, {"key":"KrgCq","version":1,"value":3.2653677}, {"key":"Gpc6x","version":1,"value":13.673755}, {"key":"nbyvl","version":1,"value":16.6986}, {"key":"Gpc6x","version":0,"value":8.043627}, {"key":"sGavn","version":0,"value":7.235135}, {"key":"Irfck","version":2,"value":4.5887127}, {"key":"T9HSI","version":1,"value":14.84918}, {"key":"MNCde","version":2,"value":0.12757778}, {"key":"B2PUY","version":1,"value":2.2541046}, {"key":"bn9R7","version":0,"value":6.053469}, {"key":"Irfck","version":1,"value":18.001038}, {"key":"bn9R7","version":2,"value":7.4174223}, {"key":"nbyvl","version":2,"value":10.484291}, {"key":"Gpc6x","version":1,"value":6.7016315}, {"key":"pvJNv","version":2,"value":5.233659}, {"key":"3ZcR4","version":0,"value":2.8885615}, {"key":"IJ6BW","version":1,"value":9.256378}, {"key":"pvJNv","version":2,"value":11.3438}, {"key":"fJa7I","version":1,"value":1.8808985}, {"key":"H2Up8","version":0,"value":2.0542252}, {"key":"bwbk4","version":2,"value":9.484127}, {"key":"nbyvl","version":1,"value":8.441189}, {"key":"nbyvl","version":0,"value":17.078512}, {"key":"bn9R7","version":0,"value":11.1561575}, {"key":"37m8m","version":2,"value":13.281862}, {"key":"pvJNv","TOTAL":0.0}, {"key":"IJ6BW","version":1,"value":6.6175423}, {"key":"vkVw7","version":1,"value":9.956322}, {"key":"PmUgJ","version":0,"value":1.7658079}, {"key":"pnLle","version":1,"value":4.4134846}, {"key":"H2Up8","version":1,"value":16.06913}, {"key":"KrgCq","version":0,"value":2.2094464}, {"key":"fJa7I","version":0,"value":1.3947248}, {"key":"Np446","version":2,"value":1.0882509}, {"key":"GRAwF","version":2,"value":15.504165}, {"key":"Irfck","version":0,"value":19.874454}, {"key":"c2OET","version":1,"value":5.048976}, {"key":"H2Up8","version":2,"value":9.702258}, {"key":"0ssSj","version":1,"value":11.240101}, {"key":"SWrHc","version":2,"value":15.117287}, {"key":"ujdUo","version":1,"value":11.329916}, {"key":"sGavn","version":2,"value":7.9017744}, {"key":"Irfck","version":2,"value":5.9252586}, {"key":"H2Up8","TOTAL":0.0}, {"key":"ujdUo","version":0,"value":13.706059}, {"key":"Lyc1S","version":2,"value":9.629801}, {"key":"bn9R7","version":0,"value":1.9973874}, {"key":"c2OET","version":2,"value":0.9760654}, {"key":"Lyc1S","version":2,"value":18.242493}, {"key":"MNCde","version":1,"value":10.334934}, {"key":"MNCde","version":1,"value":15.55847}, {"key":"Gpc6x","version":1,"value":3.0474663}, {"key":"hApb4","TOTAL":97.36817}, {"key":"X4eeB","version":1,"value":19.849333}, {"key":"WvnWB","version":2,"value":3.5570788}, {"key":"SWrHc","version":2,"value":11.885803}, {"key":"0ssSj","version":0,"value":0.21241784}, {"key":"c2OET","version":0,"value":14.262853}, {"key":"KrgCq","TOTAL":0.0}, {"key":"B2PUY","version":1,"value":16.215082}, {"key":"nt6sY","version":0,"value":16.876934}, {"key":"YmxdU","version":2,"value":7.199979}, {"key":"vaoNw","version":0,"value":16.774817}, {"key":"37m8m","version":0,"value":1.8606961}, {"key":"SWrHc","version":2,"value":9.758159}, {"key":"sGavn","version":1,"value":6.1630344}, {"key":"bn9R7","version":0,"value":11.79639}, {"key":"3ZcR4","version":0,"value":4.4645286}, {"key":"T9HSI","version":2,"value":9.102229}, {"key":"bn9R7","version":1,"value":19.668957}, {"key":"sGavn","version":2,"value":3.7795508}, {"key":"Np446","version":1,"value":7.00686}, {"key":"QN8Bo","version":1,"value":14.417427}, {"key":"nbyvl","version":0,"value":11.276561}, {"key":"HZhFi","version":1,"value":14.619927}, {"key":"SLLhK","version":2,"value":1.7270982}, {"key":"Gpc6x","version":1,"value":8.30077}, {"key":"oWv1N","version":0,"value":6.4124146}, {"key":"6ch2Y","version":1,"value":13.579164}, {"key":"mAmpN","version":0,"value":7.179743}, {"key":"B2PUY","version":2,"value":19.177225}, {"key":"Lyc1S","version":1,"value":15.305015}, {"key":"SLLhK","version":1,"value":3.6610126}, {"key":"0A0lE","version":1,"value":15.620471}, {"key":"GRAwF","version":2,"value":2.5350893}, {"key":"d4CAD","version":0,"value":4.1746235}, {"key":"dRMPx","version":0,"value":8.677749}, {"key":"Ai7ns","version":1,"value":13.350524}, {"key":"vkVw7","version":0,"value":19.610807}, {"key":"KOco8","version":2,"value":11.4182}, {"key":"T9HSI","TOTAL":0.0}, {"key":"pqQRp","version":1,"value":4.8229384}, {"key":"X4eeB","version":1,"value":1.3811231}, {"key":"3ZcR4","version":1,"value":0.5324185}, {"key":"b8IZX","version":0,"value":13.02464}, {"key":"stmRR","version":0,"value":5.950717}, {"key":"oWv1N","version":1,"value":4.3984404}, {"key":"pqQRp","version":1,"value":13.277285}, {"key":"Np446","version":0,"value":6.608534}, {"key":"SLLhK","version":1,"value":8.377472}, {"key":"vaoNw","version":1,"value":12.376417}, {"key":"vhO4b","version":2,"value":8.55065}, {"key":"0A0lE","version":2,"value":5.9819674}, {"key":"Mcwm2","version":1,"value":1.6468227}, {"key":"huJUw","version":2,"value":4.8531055}, {"key":"b8IZX","version":2,"value":5.3789463}, {"key":"a3Pli","version":2,"value":10.494361}, {"key":"KOco8","version":2,"value":4.416972}, {"key":"nt6sY","version":1,"value":10.622803}, {"key":"IJ6BW","version":1,"value":19.377438}, {"key":"GRAwF","version":1,"value":7.500975}, {"key":"PmUgJ","version":1,"value":12.220083}, {"key":"lnHot","version":2,"value":19.750206}, {"key":"MNCde","version":2,"value":5.829092}, {"key":"oWv1N","version":1,"value":19.535421}, {"key":"jqq43","version":1,"value":3.9582503}, {"key":"oWv1N","version":0,"value":18.44775}, {"key":"37m8m","version":1,"value":10.923003}, {"key":"MUK3W","version":1,"value":5.211874}, {"key":"qNfw2","version":0,"value":9.584912}, {"key":"fJa7I","TOTAL":0.0}, {"key":"SLLhK","version":1,"value":14.936893}, {"key":"ijWp3","version":0,"value":8.037196}, {"key":"stmRR","version":2,"value":3.0159485}, {"key":"PmUgJ","version":2,"value":19.532116}, {"key":"MNCde","version":2,"value":7.4984226}, {"key":"CbGjJ","version":1,"value":6.874176}, {"key":"iTNA8","version":2,"value":18.002804}, {"key":"lZku2","version":2,"value":0.4853022}, {"key":"KOco8","version":0,"value":10.272473}, {"key":"c2OET","version":2,"value":11.322252}, {"key":"w0dFy","version":2,"value":6.4555035}, {"key":"nbyvl","TOTAL":0.0}, {"key":"VoArQ","version":1,"value":2.4862635}, {"key":"JVVZ3","version":0,"value":15.797909}, {"key":"WvnWB","version":2,"value":15.231143}, {"key":"2XUqH","version":2,"value":15.393506}, {"key":"ghhEs","version":0,"value":13.748741}, {"key":"RJXrd","version":0,"value":11.015444}, {"key":"ujdUo","version":0,"value":19.071877}, {"key":"nt6sY","version":0,"value":13.176738}, {"key":"rltfV","version":1,"value":1.909684}, {"key":"Ai7ns","TOTAL":0.0}, {"key":"MUK3W","version":2,"value":16.159466}, {"key":"7Y7CS","version":1,"value":3.1746829}, {"key":"qNfw2","version":1,"value":4.964671}, {"key":"vkVw7","version":0,"value":2.2245705}, {"key":"PmUgJ","version":0,"value":18.415157}, {"key":"b8IZX","version":0,"value":15.420018}, {"key":"ijWp3","version":1,"value":3.1656396}, {"key":"bwbk4","version":0,"value":11.831003}, {"key":"ewGt1","version":0,"value":2.3412383}, {"key":"MNCde","version":2,"value":10.235333}, {"key":"RJXrd","version":0,"value":9.643177}, {"key":"Np446","version":2,"value":1.6580486}, {"key":"pnLle","version":2,"value":1.4498687}, {"key":"VoArQ","version":2,"value":3.0853963}, {"key":"w0dFy","version":0,"value":18.169783}, {"key":"b8IZX","version":2,"value":1.7788613}, {"key":"mAmpN","TOTAL":0.0}, {"key":"rIZq2","version":0,"value":13.322294}, {"key":"nt6sY","version":0,"value":10.990559}, {"key":"WNQXm","version":2,"value":10.139629}, {"key":"Mcwm2","version":1,"value":11.171156}, {"key":"stmRR","version":0,"value":9.272628}, {"key":"YmxdU","version":2,"value":17.093626}, {"key":"bn9R7","version":1,"value":1.7401505}, {"key":"QN8Bo","version":2,"value":16.167171}, {"key":"SLLhK","version":2,"value":12.43807}, {"key":"KT2gX","version":0,"value":0.19122005}, {"key":"Np446","version":2,"value":9.674869}, {"key":"WUS3x","version":2,"value":7.5362206}, {"key":"lnHot","version":2,"value":19.233704}, {"key":"bn9R7","version":1,"value":10.657846}, {"key":"Irfck","version":1,"value":1.2239254}, {"key":"VoArQ","version":0,"value":5.024534}, {"key":"pj4mn","version":1,"value":16.539719}, {"key":"UDl0O","version":2,"value":14.354002}, {"key":"2XUqH","TOTAL":0.0}, {"key":"0A0lE","version":0,"value":8.914815}, {"key":"SJfIL","version":0,"value":13.80282}, {"key":"MUK3W","version":1,"value":8.522724}, {"key":"ujdUo","version":0,"value":0.5641794}, {"key":"CbGjJ","version":1,"value":6.4363537}, {"key":"xks7X","version":2,"value":2.6111543}, {"key":"pnLle","version":1,"value":19.97583}, {"key":"au5PF","version":0,"value":7.1644998}, {"key":"b8IZX","version":2,"value":3.231541}, {"key":"JQDuf","version":0,"value":3.4384704}, {"key":"lZku2","version":1,"value":17.071173}, {"key":"pqQRp","version":0,"value":9.577708}, {"key":"7Y7CS","version":2,"value":2.0403838}, {"key":"jqq43","version":1,"value":0.648849}, {"key":"lnHot","version":0,"value":0.7367456}, {"key":"KT2gX","version":0,"value":15.706072}, {"key":"rltfV","version":2,"value":14.458067}, {"key":"pj4mn","version":0,"value":2.237953}, {"key":"MUK3W","version":1,"value":8.717598}, {"key":"ewGt1","version":2,"value":12.923299}, {"key":"sLQ6E","version":2,"value":12.814408}, {"key":"B1Pbp","version":2,"value":4.487419}, {"key":"GRAwF","version":2,"value":3.0863667}, {"key":"qNfw2","version":2,"value":14.812698}, {"key":"Y5JcT","version":2,"value":4.33831}, {"key":"b8IZX","version":1,"value":14.868723}, {"key":"I71Gq","version":0,"value":9.945354}, {"key":"Irfck","version":2,"value":18.834076}, {"key":"ghhEs","version":1,"value":1.2128496}, {"key":"98mgb","version":1,"value":18.984951}, {"key":"MwM3r","version":1,"value":13.277599}, {"key":"jOZyh","version":2,"value":0.5576253}, {"key":"CcvsJ","version":0,"value":6.1928167}, {"key":"jqq43","version":1,"value":11.294317}, {"key":"UDl0O","version":2,"value":6.4616003}, {"key":"B1Pbp","version":1,"value":5.125339}, {"key":"dWf44","version":2,"value":7.636137}, {"key":"Lyc1S","version":2,"value":6.154052}, {"key":"7Y7CS","version":1,"value":10.468708}, {"key":"jqQoR","version":2,"value":1.1372864}, {"key":"fbhYR","version":1,"value":13.868429}, {"key":"a3Pli","version":1,"value":12.95038}, {"key":"XbMpv","version":0,"value":19.333157}, {"key":"huJUw","version":2,"value":14.016694}, {"key":"rIZq2","version":2,"value":1.6302598}, {"key":"lnHot","version":2,"value":11.069579}, {"key":"jqq43","version":0,"value":11.323853}, {"key":"eaLG6","version":2,"value":19.975018}, {"key":"fpDHv","version":1,"value":1.3098776}, {"key":"qNfw2","version":0,"value":12.327275}, {"key":"Mcwm2","version":0,"value":3.026967}, {"key":"XFawJ","version":1,"value":7.6668158}, {"key":"0A0lE","version":2,"value":18.687593}, {"key":"RiVX0","version":2,"value":1.3757622}, {"key":"Fj262","version":1,"value":4.6789193}, {"key":"RiVX0","version":0,"value":16.47381}, {"key":"A73WN","version":0,"value":10.725671}, {"key":"YKDLF","version":1,"value":10.909916}, {"key":"0ssSj","version":0,"value":10.051912}, {"key":"HZhFi","version":2,"value":18.364752}, {"key":"pj4mn","version":0,"value":16.61279}, {"key":"Np446","version":1,"value":13.366222}, {"key":"SWrHc","version":0,"value":14.200661}, {"key":"rsS4N","version":0,"value":12.322179}, {"key":"0A0lE","version":1,"value":16.381687}, {"key":"VaVFe","version":0,"value":17.123653}, {"key":"jqQoR","version":1,"value":17.882923}, {"key":"jqq43","version":2,"value":18.692698}, {"key":"b8IZX","version":1,"value":5.686594}, {"key":"JQDuf","version":2,"value":14.180203}, {"key":"lxaIu","version":2,"value":17.148348}, {"key":"98mgb","version":2,"value":2.818042}, {"key":"mUXNZ","version":1,"value":10.509018}, {"key":"Irfck","version":0,"value":8.867458}, {"key":"nt6sY","version":0,"value":19.871096}, {"key":"HZhFi","version":1,"value":12.848973}, {"key":"MTnkt","version":2,"value":6.2282395}, {"key":"C8kNH","version":2,"value":7.7060485}, {"key":"bwbk4","version":1,"value":2.5384915}, {"key":"mUXNZ","version":1,"value":17.258587}, {"key":"YmxdU","version":2,"value":14.615271}, {"key":"ewGt1","version":1,"value":8.301962}, {"key":"MTnkt","version":2,"value":10.6197405}, {"key":"jRhs9","version":0,"value":13.065825}, {"key":"CbGjJ","version":0,"value":13.639012}, {"key":"dWf44","version":1,"value":17.49389}, {"key":"B1Pbp","version":0,"value":7.966262}, {"key":"UDl0O","version":0,"value":13.328361}, {"key":"Irfck","version":0,"value":6.1261463}, {"key":"HLxFo","version":0,"value":0.78265667}, {"key":"rsS4N","version":1,"value":11.318926}, {"key":"pYOCq","version":0,"value":3.0962765}, {"key":"KT2gX","version":2,"value":2.1069455}, {"key":"CbGjJ","version":2,"value":13.830492}, {"key":"rsS4N","version":0,"value":12.860403}, {"key":"HLxFo","version":0,"value":5.200528}, {"key":"oWv1N","version":2,"value":3.864398}, {"key":"tO4B4","version":0,"value":8.308568}, {"key":"6ch2Y","version":0,"value":12.357117}, {"key":"au5PF","version":2,"value":4.2365637}, {"key":"XIVx9","version":0,"value":7.4612927}, {"key":"pqQRp","version":0,"value":7.7561045}, {"key":"SJfIL","version":1,"value":3.5830975}, {"key":"0ssSj","version":1,"value":0.97758174}, {"key":"N2IPu","version":0,"value":13.538751}, {"key":"a3Pli","version":0,"value":11.785336}, {"key":"98mgb","TOTAL":14.460021}, {"key":"mUXNZ","version":2,"value":10.941919}, {"key":"lZku2","version":0,"value":13.474694}, {"key":"Np446","version":2,"value":19.229624}, {"key":"c2OET","version":2,"value":1.201061}, {"key":"A73WN","version":1,"value":8.412036}, {"key":"hZ8QA","version":1,"value":1.1097836}, {"key":"ngxtU","version":2,"value":15.179019}, {"key":"vaoNw","version":1,"value":9.493308}, {"key":"N2IPu","version":2,"value":3.3426297}, {"key":"A73WN","version":0,"value":5.1926556}, {"key":"eaLG6","version":2,"value":7.0722103}, {"key":"pc42t","version":0,"value":14.752717}, {"key":"VoArQ","version":1,"value":9.684787}, {"key":"rfnEb","version":1,"value":18.869404}, {"key":"VoArQ","version":2,"value":13.135562}, {"key":"I71Gq","version":1,"value":5.2908397}, {"key":"7Y7CS","version":0,"value":16.156021}, {"key":"BwJ5H","version":1,"value":9.23986}, {"key":"WvnWB","version":1,"value":7.636052}, {"key":"HIW0Y","version":1,"value":18.446123}, {"key":"jqQoR","version":1,"value":19.961838}, {"key":"InCjq","version":0,"value":5.5282903}, {"key":"C8kNH","version":1,"value":3.202089}, {"key":"byo1V","version":2,"value":4.2150116}, {"key":"WUS3x","version":1,"value":0.2662301}, {"key":"fpDHv","version":2,"value":17.284416}, {"key":"N2IPu","TOTAL":0.0}, {"key":"HEG9p","version":1,"value":9.3505745}, {"key":"mUXNZ","version":2,"value":11.436807}, {"key":"BwJ5H","version":2,"value":4.6941447}, {"key":"sfO7A","version":1,"value":16.086758}, {"key":"IJ6BW","version":1,"value":0.86408377}, {"key":"CbGjJ","version":1,"value":3.363607}, {"key":"37m8m","version":2,"value":7.2949743}, {"key":"MwM3r","version":0,"value":17.859383}, {"key":"bn9R7","version":0,"value":6.654004}, {"key":"YKDLF","version":0,"value":8.548832}, {"key":"0RMxi","version":1,"value":4.7381616}, {"key":"JQDuf","version":0,"value":2.8449774}, {"key":"HLxFo","version":2,"value":11.824017}, {"key":"XbMpv","version":2,"value":3.9435828}, {"key":"P5DZH","version":2,"value":8.311553}, {"key":"JOt1C","version":2,"value":2.482109}, {"key":"r5SD4","version":0,"value":1.1856616}, {"key":"ghhEs","version":1,"value":15.990381}, {"key":"HEG9p","version":2,"value":14.437137}, {"key":"pc42t","version":2,"value":14.446281}, {"key":"7Y7CS","version":2,"value":18.6496}, {"key":"SLLhK","TOTAL":0.0}, {"key":"SJfIL","version":1,"value":4.3257523}, {"key":"tk4Ce","version":2,"value":1.0426927}, {"key":"eaLG6","version":0,"value":3.2498014}, {"key":"lnHot","version":1,"value":7.342956}, {"key":"Y5JcT","version":1,"value":16.833778}, {"key":"YKDLF","version":1,"value":8.051143}, {"key":"rfnEb","version":2,"value":11.806944}, {"key":"YKDLF","version":1,"value":17.433878}, {"key":"Np446","version":1,"value":9.396029}, {"key":"sfO7A","version":0,"value":0.9531653}, {"key":"B2PUY","version":0,"value":5.7748327}, {"key":"7Y7CS","version":0,"value":4.5482073}, {"key":"Tl50V","version":1,"value":13.207669}, {"key":"ujdUo","version":0,"value":10.000905}, {"key":"SMf7O","version":1,"value":8.36649}, {"key":"ZsFom","version":0,"value":10.036623}, {"key":"lxaIu","version":0,"value":5.66424}, {"key":"JepL6","version":2,"value":19.673973}, {"key":"xI5Kw","version":1,"value":8.299397}, {"key":"7bcg7","version":1,"value":12.49538}, {"key":"OS2cN","version":2,"value":7.5772486}, {"key":"MJRGo","version":2,"value":19.726456}, {"key":"JepL6","version":0,"value":9.681904}, {"key":"c2OET","version":0,"value":0.25220633}, {"key":"Irfck","version":0,"value":8.785442}, {"key":"Y8Bph","version":2,"value":10.739236}, {"key":"Np446","version":2,"value":3.67306}, {"key":"ZsFom","version":1,"value":14.981118}, {"key":"LviJ6","version":0,"value":6.63918}, {"key":"ZsFom","version":2,"value":15.607643}, {"key":"pj4mn","version":1,"value":4.0884376}, {"key":"Yy6Oi","version":2,"value":0.09890556}, {"key":"byo1V","version":1,"value":19.689873}, {"key":"BwJ5H","version":0,"value":12.600834}, {"key":"pnLle","version":0,"value":19.74335}, {"key":"LviJ6","version":0,"value":13.680798}, {"key":"ZsFom","version":2,"value":7.4444556}, {"key":"jqQoR","version":1,"value":19.887}, {"key":"0VfUe","version":2,"value":19.811459}, {"key":"EafW8","version":0,"value":14.303286}, {"key":"S1bjb","version":1,"value":2.166239}, {"key":"pj4mn","TOTAL":0.0}, {"key":"QBPMZ","version":1,"value":12.7680025}, {"key":"Fj262","version":1,"value":11.00768}, {"key":"Rg7cY","version":2,"value":2.4589682}, {"key":"jOZyh","version":0,"value":0.7825494}, {"key":"dWf44","version":0,"value":13.5776825}, {"key":"7bcg7","version":2,"value":3.0585527}, {"key":"0JOjl","version":1,"value":5.2151117}, {"key":"nky4Y","version":0,"value":11.973186}, {"key":"Gpc6x","version":2,"value":8.342656}, {"key":"au5PF","version":2,"value":0.8758688}, {"key":"ijWp3","version":2,"value":4.7393045}, {"key":"7Y7CS","version":1,"value":6.9903255}, {"key":"oWv1N","version":0,"value":4.3865433}, {"key":"tk4Ce","version":2,"value":2.5123584}, {"key":"Tl50V","TOTAL":0.0}, {"key":"xks7X","version":2,"value":1.8014038}, {"key":"MTnkt","version":2,"value":16.36356}, {"key":"lZku2","version":0,"value":9.830647}, {"key":"pc42t","version":1,"value":8.307961}, {"key":"w0dFy","version":2,"value":6.3388433}, {"key":"B2PUY","version":2,"value":10.480555}, {"key":"JepL6","version":1,"value":10.828285}, {"key":"h5UnK","version":1,"value":14.337922}, {"key":"7bcg7","version":1,"value":14.995455}, {"key":"pYOCq","version":0,"value":12.26327}, {"key":"Yy6Oi","version":0,"value":7.593498}, {"key":"ngxtU","version":1,"value":12.140194}, {"key":"CEL9h","version":2,"value":0.27009845}, {"key":"vi9bv","version":0,"value":3.0186176}, {"key":"sfO7A","version":1,"value":6.9445324}, {"key":"xks7X","version":1,"value":9.163477}, {"key":"lqnQH","version":1,"value":9.703731}, {"key":"L4blT","version":0,"value":16.406404}, {"key":"h5UnK","version":0,"value":18.181698}, {"key":"Kf4YU","version":2,"value":14.072258}, {"key":"7bcg7","version":1,"value":4.90005}, {"key":"ghYer","version":2,"value":14.82843}, {"key":"ewGt1","version":2,"value":17.880741}, {"key":"P5DZH","version":1,"value":0.9960532}, {"key":"OmtDS","version":0,"value":0.3091216}, {"key":"qfKmx","version":2,"value":17.195734}, {"key":"htXhE","version":2,"value":3.4678352}, {"key":"X4eeB","version":0,"value":18.986313}, {"key":"7ZgbT","version":0,"value":9.077691}, {"key":"pYOCq","version":0,"value":7.378291}, {"key":"47lXC","version":2,"value":17.69604}, {"key":"nFQq8","version":1,"value":18.708061}, {"key":"CEL9h","version":2,"value":3.5779154}, {"key":"pnZOU","version":1,"value":19.830557}, {"key":"y9c0R","version":0,"value":19.200102}, {"key":"7ZgbT","version":2,"value":15.7121105}, {"key":"IJ6BW","version":2,"value":0.9771037}, {"key":"JVVZ3","version":2,"value":14.434899}, {"key":"f2Ums","version":0,"value":1.9571126}, {"key":"sLQ6E","version":1,"value":13.136005}, {"key":"vi9bv","version":1,"value":6.4848995}, {"key":"HIW0Y","version":1,"value":5.434538}, {"key":"huJUw","version":1,"value":18.080343}, {"key":"dWf44","version":1,"value":11.361905}, {"key":"KT2gX","version":0,"value":9.649878}, {"key":"JOt1C","version":0,"value":14.039444}, {"key":"5hv2C","version":1,"value":13.449226}, {"key":"MwM3r","version":0,"value":17.984077}, {"key":"jyVyZ","version":0,"value":16.153526}, {"key":"xL7LZ","version":0,"value":0.65221786}, {"key":"VoArQ","version":1,"value":18.090786}, {"key":"UDl0O","version":0,"value":16.433067}, {"key":"0JOjl","version":2,"value":12.39142}, {"key":"JepL6","version":0,"value":12.586459}, {"key":"EafW8","version":2,"value":0.8379066}, {"key":"Mu6S9","version":0,"value":8.142218}, {"key":"AI74Q","version":0,"value":10.566601}, {"key":"vhO4b","version":2,"value":16.651491}, {"key":"hZ8QA","version":1,"value":14.103757}, {"key":"CbGjJ","version":2,"value":9.088745}, {"key":"tO4B4","version":2,"value":15.519304}, {"key":"f2Ums","version":2,"value":18.283623}, {"key":"HIW0Y","version":1,"value":16.79944}, {"key":"vkVw7","version":1,"value":19.94667}, {"key":"Gpc6x","version":2,"value":19.187338}, {"key":"OmtDS","TOTAL":0.0}, {"key":"WvnWB","version":0,"value":12.961607}, {"key":"d6a6U","version":1,"value":9.937679}, {"key":"wykWg","version":0,"value":4.3961835}, {"key":"dWf44","version":1,"value":14.183762}, {"key":"huJUw","version":2,"value":2.65319}, {"key":"PmUgJ","version":1,"value":9.691735}, {"key":"Np446","version":2,"value":1.5176785}, {"key":"xL7LZ","version":1,"value":14.79705}, {"key":"stmRR","version":0,"value":1.6423142}, {"key":"JepL6","version":1,"value":19.22551}, {"key":"au5PF","version":0,"value":16.422579}, {"key":"rIZq2","version":2,"value":16.266685}, {"key":"X4eeB","version":1,"value":4.5461264}, {"key":"Kf4YU","version":2,"value":14.468575}, {"key":"ujdUo","version":2,"value":8.072871}, {"key":"QBPMZ","TOTAL":0.0}, {"key":"vkVw7","TOTAL":0.0}]
03:02:55.335 INFO  u.a.e.a.c.d.MessageTransformer - 0% complete...
03:02:57.821 INFO  u.a.e.a.c.d.MessageTransformer - 10% complete...
03:03:00.383 INFO  u.a.e.a.c.d.MessageTransformer - 20% complete...
03:03:02.918 INFO  u.a.e.a.c.d.MessageTransformer - 30% complete...
03:03:05.543 INFO  u.a.e.a.c.d.MessageTransformer - 40% complete...
03:03:08.128 INFO  u.a.e.a.c.d.MessageTransformer - 50% complete...
03:03:10.728 INFO  u.a.e.a.c.d.MessageTransformer - 60% complete...
03:03:13.326 INFO  u.a.e.a.c.d.MessageTransformer - 70% complete...
03:03:15.947 INFO  u.a.e.a.c.d.MessageTransformer - 80% complete...
03:03:18.591 INFO  u.a.e.a.c.d.MessageTransformer - 90% complete...
03:03:21.179 INFO  u.a.e.a.c.d.MessageTransformer - 100% complete. Tranformed 500 messages
03:03:21.179 INFO  u.a.e.a.c.s.RabbitMqService - Reading queue TransformTestWrite-16622-mQRHq: count=500
03:03:21.227 INFO  u.a.e.a.c.s.RabbitMqService - Received 500/500 messages in 48ms
03:03:21.227 INFO  u.a.e.a.c.s.RabbitMqService - returning: [{"key":"Irfck","version":1,"value":12.581009}, {"key":"hApb4","version":1,"value":24.142172}, {"key":"bwbk4","version":0,"value":19.119629}, {"key":"dyiBQ","version":2,"value":23.593273}, {"key":"bwbk4","version":1,"value":23.321861}, {"key":"Irfck","version":2,"value":29.138283}, {"key":"bwbk4","version":0,"value":9.103193}, {"key":"T9HSI","version":0,"value":27.207867}, {"key":"Irfck","version":0,"value":0.7815349}, {"key":"dyiBQ","version":0,"value":9.322229}, {"totalMessagesWritten":10,"totalMessagesProcessed":11,"totalRedisUpdates":8,"totalValueWritten":178.31107,"totalAdded":73.5}, {"key":"hApb4","version":2,"value":15.466743}, {"key":"bwbk4","version":1,"value":17.743052}, {"key":"KrgCq","version":1,"value":10.629425}, {"key":"Gpc6x","version":1,"value":26.588024}, {"key":"hApb4","version":1,"value":15.709953}, {"key":"T9HSI","version":2,"value":25.778494}, {"key":"KrgCq","version":1,"value":14.676462}, {"key":"hApb4","version":2,"value":7.220255}, {"key":"sGavn","version":0,"value":20.385242}, {"key":"bwbk4","version":2,"value":26.879595}, {"key":"T9HSI","version":0,"value":17.952097}, {"key":"sGavn","version":1,"value":23.275627}, {"key":"bn9R7","version":2,"value":19.399216}, {"key":"PmUgJ","version":1,"value":17.875383}, {"key":"KrgCq","version":1,"value":3.2653677}, {"key":"Gpc6x","version":1,"value":13.673755}, {"key":"nbyvl","version":1,"value":27.1986}, {"key":"Gpc6x","version":0,"value":8.043627}, {"key":"sGavn","version":0,"value":7.235135}, {"key":"Irfck","version":2,"value":4.5887127}, {"key":"T9HSI","version":1,"value":14.84918}, {"key":"MNCde","version":2,"value":10.627578}, {"key":"B2PUY","version":1,"value":12.754105}, {"key":"bn9R7","version":0,"value":6.053469}, {"key":"Irfck","version":1,"value":18.001038}, {"key":"bn9R7","version":2,"value":7.4174223}, {"key":"nbyvl","version":2,"value":20.984291}, {"key":"Gpc6x","version":1,"value":6.7016315}, {"key":"pvJNv","version":2,"value":15.733659}, {"key":"3ZcR4","version":0,"value":13.388561}, {"key":"IJ6BW","version":1,"value":19.756378}, {"key":"pvJNv","version":2,"value":11.3438}, {"key":"fJa7I","version":1,"value":12.380898}, {"key":"H2Up8","version":0,"value":12.554225}, {"key":"bwbk4","version":2,"value":9.484127}, {"key":"nbyvl","version":1,"value":8.441189}, {"key":"nbyvl","version":0,"value":17.078512}, {"key":"bn9R7","version":0,"value":11.1561575}, {"key":"37m8m","version":2,"value":23.781862}, {"totalMessagesWritten":49,"totalMessagesProcessed":51,"totalRedisUpdates":28,"totalValueWritten":754.3839,"totalAdded":273.0}, {"key":"IJ6BW","version":1,"value":6.6175423}, {"key":"vkVw7","version":1,"value":20.456322}, {"key":"PmUgJ","version":0,"value":1.7658079}, {"key":"pnLle","version":1,"value":14.913485}, {"key":"H2Up8","version":1,"value":26.56913}, {"key":"KrgCq","version":0,"value":2.2094464}, {"key":"fJa7I","version":0,"value":1.3947248}, {"key":"Np446","version":2,"value":11.588251}, {"key":"GRAwF","version":2,"value":26.004166}, {"key":"Irfck","version":0,"value":19.874454}, {"key":"c2OET","version":1,"value":15.548976}, {"key":"H2Up8","version":2,"value":20.20226}, {"key":"0ssSj","version":1,"value":21.7401}, {"key":"SWrHc","version":2,"value":25.617287}, {"key":"ujdUo","version":1,"value":21.829916}, {"key":"sGavn","version":2,"value":18.401775}, {"key":"Irfck","version":2,"value":5.9252586}, {"totalMessagesWritten":66,"totalMessagesProcessed":69,"totalRedisUpdates":40,"totalValueWritten":1015.04285,"totalAdded":388.5}, {"key":"ujdUo","version":0,"value":13.706059}, {"key":"Lyc1S","version":2,"value":20.1298}, {"key":"bn9R7","version":0,"value":1.9973874}, {"key":"c2OET","version":2,"value":11.476066}, {"key":"Lyc1S","version":2,"value":18.242493}, {"key":"MNCde","version":1,"value":10.334934}, {"key":"MNCde","version":1,"value":15.55847}, {"key":"Gpc6x","version":1,"value":3.0474663}, {"totalMessagesWritten":74,"totalMessagesProcessed":78,"totalRedisUpdates":43,"totalValueWritten":1206.9038,"totalAdded":409.5}, {"key":"X4eeB","version":1,"value":30.349333}, {"key":"WvnWB","version":2,"value":14.057079}, {"key":"SWrHc","version":2,"value":11.885803}, {"key":"0ssSj","version":0,"value":0.21241784}, {"key":"c2OET","version":0,"value":14.262853}, {"totalMessagesWritten":79,"totalMessagesProcessed":84,"totalRedisUpdates":46,"totalValueWritten":1277.6713,"totalAdded":430.5}, {"key":"B2PUY","version":1,"value":16.215082}, {"key":"nt6sY","version":0,"value":27.376934}, {"key":"YmxdU","version":2,"value":17.699978}, {"key":"vaoNw","version":0,"value":27.274817}, {"key":"37m8m","version":0,"value":1.8606961}, {"key":"SWrHc","version":2,"value":9.758159}, {"key":"sGavn","version":1,"value":6.1630344}, {"key":"bn9R7","version":0,"value":11.79639}, {"key":"3ZcR4","version":0,"value":4.4645286}, {"key":"T9HSI","version":2,"value":9.102229}, {"key":"bn9R7","version":1,"value":19.668957}, {"key":"sGavn","version":2,"value":3.7795508}, {"key":"Np446","version":1,"value":7.00686}, {"key":"QN8Bo","version":1,"value":24.917427}, {"key":"nbyvl","version":0,"value":11.276561}, {"key":"HZhFi","version":1,"value":25.119926}, {"key":"SLLhK","version":2,"value":12.227098}, {"key":"Gpc6x","version":1,"value":8.30077}, {"key":"oWv1N","version":0,"value":16.912415}, {"key":"6ch2Y","version":1,"value":24.079163}, {"key":"mAmpN","version":0,"value":17.679743}, {"key":"B2PUY","version":2,"value":29.677225}, {"key":"Lyc1S","version":1,"value":15.305015}, {"key":"SLLhK","version":1,"value":3.6610126}, {"key":"0A0lE","version":1,"value":26.120472}, {"key":"GRAwF","version":2,"value":2.5350893}, {"key":"d4CAD","version":0,"value":14.6746235}, {"key":"dRMPx","version":0,"value":19.17775}, {"key":"Ai7ns","version":1,"value":23.850525}, {"key":"vkVw7","version":0,"value":19.610807}, {"key":"KOco8","version":2,"value":21.9182}, {"totalMessagesWritten":110,"totalMessagesProcessed":116,"totalRedisUpdates":62,"totalValueWritten":1756.8821,"totalAdded":588.0}, {"key":"pqQRp","version":1,"value":15.322939}, {"key":"X4eeB","version":1,"value":1.3811231}, {"key":"3ZcR4","version":1,"value":11.032418}, {"key":"b8IZX","version":0,"value":23.52464}, {"key":"stmRR","version":0,"value":16.450718}, {"key":"oWv1N","version":1,"value":14.89844}, {"key":"pqQRp","version":1,"value":13.277285}, {"key":"Np446","version":0,"value":6.608534}, {"key":"SLLhK","version":1,"value":8.377472}, {"key":"vaoNw","version":1,"value":22.876417}, {"key":"vhO4b","version":2,"value":19.05065}, {"key":"0A0lE","version":2,"value":16.481968}, {"key":"Mcwm2","version":1,"value":12.146823}, {"key":"huJUw","version":2,"value":15.353106}, {"key":"b8IZX","version":2,"value":15.878946}, {"key":"a3Pli","version":2,"value":20.994362}, {"key":"KOco8","version":2,"value":4.416972}, {"key":"nt6sY","version":1,"value":21.122803}, {"key":"IJ6BW","version":1,"value":19.377438}, {"key":"GRAwF","version":1,"value":7.500975}, {"key":"PmUgJ","version":1,"value":12.220083}, {"key":"lnHot","version":2,"value":30.250206}, {"key":"MNCde","version":2,"value":5.829092}, {"key":"oWv1N","version":1,"value":19.535421}, {"key":"jqq43","version":1,"value":14.45825}, {"key":"oWv1N","version":0,"value":18.44775}, {"key":"37m8m","version":1,"value":10.923003}, {"key":"MUK3W","version":1,"value":15.711874}, {"key":"qNfw2","version":0,"value":20.084911}, {"totalMessagesWritten":139,"totalMessagesProcessed":146,"totalRedisUpdates":80,"totalValueWritten":2190.417,"totalAdded":766.5}, {"key":"SLLhK","version":1,"value":14.936893}, {"key":"ijWp3","version":0,"value":18.537197}, {"key":"stmRR","version":2,"value":13.515948}, {"key":"PmUgJ","version":2,"value":30.032116}, {"key":"MNCde","version":2,"value":7.4984226}, {"key":"CbGjJ","version":1,"value":17.374176}, {"key":"iTNA8","version":2,"value":28.502804}, {"key":"lZku2","version":2,"value":10.985302}, {"key":"KOco8","version":0,"value":10.272473}, {"key":"c2OET","version":2,"value":11.322252}, {"key":"w0dFy","version":2,"value":16.955503}, {"totalMessagesWritten":150,"totalMessagesProcessed":158,"totalRedisUpdates":88,"totalValueWritten":2370.3503,"totalAdded":840.0}, {"key":"VoArQ","version":1,"value":12.986263}, {"key":"JVVZ3","version":0,"value":26.297909}, {"key":"WvnWB","version":2,"value":15.231143}, {"key":"2XUqH","version":2,"value":25.893505}, {"key":"ghhEs","version":0,"value":24.248741}, {"key":"RJXrd","version":0,"value":21.515444}, {"key":"ujdUo","version":0,"value":19.071877}, {"key":"nt6sY","version":0,"value":13.176738}, {"key":"rltfV","version":1,"value":12.409684}, {"totalMessagesWritten":159,"totalMessagesProcessed":168,"totalRedisUpdates":95,"totalValueWritten":2541.1816,"totalAdded":903.0}, {"key":"MUK3W","version":2,"value":26.659466}, {"key":"7Y7CS","version":1,"value":13.674683}, {"key":"qNfw2","version":1,"value":15.464671}, {"key":"vkVw7","version":0,"value":2.2245705}, {"key":"PmUgJ","version":0,"value":18.415157}, {"key":"b8IZX","version":0,"value":15.420018}, {"key":"ijWp3","version":1,"value":13.66564}, {"key":"bwbk4","version":0,"value":11.831003}, {"key":"ewGt1","version":0,"value":12.841238}, {"key":"MNCde","version":2,"value":10.235333}, {"key":"RJXrd","version":0,"value":9.643177}, {"key":"Np446","version":2,"value":1.6580486}, {"key":"pnLle","version":2,"value":11.949869}, {"key":"VoArQ","version":2,"value":13.585396}, {"key":"w0dFy","version":0,"value":18.169783}, {"key":"b8IZX","version":2,"value":1.7788613}, {"totalMessagesWritten":175,"totalMessagesProcessed":185,"totalRedisUpdates":103,"totalValueWritten":2738.398,"totalAdded":976.5}, {"key":"rIZq2","version":0,"value":23.822294}, {"key":"nt6sY","version":0,"value":10.990559}, {"key":"WNQXm","version":2,"value":20.63963}, {"key":"Mcwm2","version":1,"value":11.171156}, {"key":"stmRR","version":0,"value":9.272628}, {"key":"YmxdU","version":2,"value":17.093626}, {"key":"bn9R7","version":1,"value":1.7401505}, {"key":"QN8Bo","version":2,"value":26.667171}, {"key":"SLLhK","version":2,"value":12.43807}, {"key":"KT2gX","version":0,"value":10.69122}, {"key":"Np446","version":2,"value":9.674869}, {"key":"WUS3x","version":2,"value":18.03622}, {"key":"lnHot","version":2,"value":19.233704}, {"key":"bn9R7","version":1,"value":10.657846}, {"key":"Irfck","version":1,"value":1.2239254}, {"key":"VoArQ","version":0,"value":5.024534}, {"key":"pj4mn","version":1,"value":27.039719}, {"key":"UDl0O","version":2,"value":24.854002}, {"totalMessagesWritten":193,"totalMessagesProcessed":204,"totalRedisUpdates":111,"totalValueWritten":2998.669,"totalAdded":1050.0}, {"key":"0A0lE","version":0,"value":8.914815}, {"key":"SJfIL","version":0,"value":24.30282}, {"key":"MUK3W","version":1,"value":8.522724}, {"key":"ujdUo","version":0,"value":0.5641794}, {"key":"CbGjJ","version":1,"value":6.4363537}, {"key":"xks7X","version":2,"value":13.111155}, {"key":"pnLle","version":1,"value":19.97583}, {"key":"au5PF","version":0,"value":17.6645}, {"key":"b8IZX","version":2,"value":3.231541}, {"key":"JQDuf","version":0,"value":13.938471}, {"key":"lZku2","version":1,"value":17.071173}, {"key":"pqQRp","version":0,"value":9.577708}, {"key":"7Y7CS","version":2,"value":12.540384}, {"key":"jqq43","version":1,"value":0.648849}, {"key":"lnHot","version":0,"value":0.7367456}, {"key":"KT2gX","version":0,"value":15.706072}, {"key":"rltfV","version":2,"value":24.958067}, {"key":"pj4mn","version":0,"value":2.237953}, {"key":"MUK3W","version":1,"value":8.717598}, {"key":"ewGt1","version":2,"value":23.423298}, {"key":"sLQ6E","version":2,"value":23.314407}, {"key":"B1Pbp","version":2,"value":14.987419}, {"key":"GRAwF","version":2,"value":3.0863667}, {"key":"qNfw2","version":2,"value":25.312698}, {"key":"Y5JcT","version":2,"value":14.83831}, {"key":"b8IZX","version":1,"value":14.868723}, {"key":"I71Gq","version":0,"value":20.445354}, {"key":"Irfck","version":2,"value":18.834076}, {"key":"ghhEs","version":1,"value":11.71285}, {"key":"98mgb","version":1,"value":29.484951}, {"key":"MwM3r","version":1,"value":23.7776}, {"key":"jOZyh","version":2,"value":11.057625}, {"key":"CcvsJ","version":0,"value":16.692818}, {"key":"jqq43","version":1,"value":11.294317}, {"key":"UDl0O","version":2,"value":6.4616003}, {"key":"B1Pbp","version":1,"value":5.125339}, {"key":"dWf44","version":2,"value":18.136137}, {"key":"Lyc1S","version":2,"value":6.154052}, {"key":"7Y7CS","version":1,"value":10.468708}, {"key":"jqQoR","version":2,"value":11.637286}, {"key":"fbhYR","version":1,"value":24.36843}, {"key":"a3Pli","version":1,"value":12.95038}, {"key":"XbMpv","version":0,"value":29.833157}, {"key":"huJUw","version":2,"value":14.016694}, {"key":"rIZq2","version":2,"value":12.1302595}, {"key":"lnHot","version":2,"value":11.069579}, {"key":"jqq43","version":0,"value":11.323853}, {"key":"eaLG6","version":2,"value":30.475018}, {"key":"fpDHv","version":1,"value":11.809877}, {"key":"qNfw2","version":0,"value":12.327275}, {"key":"Mcwm2","version":0,"value":3.026967}, {"key":"XFawJ","version":1,"value":18.166817}, {"key":"0A0lE","version":2,"value":18.687593}, {"key":"RiVX0","version":2,"value":11.875762}, {"key":"Fj262","version":1,"value":15.178919}, {"key":"RiVX0","version":0,"value":16.47381}, {"key":"A73WN","version":0,"value":21.22567}, {"key":"YKDLF","version":1,"value":21.409916}, {"key":"0ssSj","version":0,"value":10.051912}, {"key":"HZhFi","version":2,"value":28.864752}, {"key":"pj4mn","version":0,"value":16.61279}, {"key":"Np446","version":1,"value":13.366222}, {"key":"SWrHc","version":0,"value":14.200661}, {"key":"rsS4N","version":0,"value":22.822178}, {"key":"0A0lE","version":1,"value":16.381687}, {"key":"VaVFe","version":0,"value":27.623653}, {"key":"jqQoR","version":1,"value":17.882923}, {"key":"jqq43","version":2,"value":29.192698}, {"key":"b8IZX","version":1,"value":5.686594}, {"key":"JQDuf","version":2,"value":24.680202}, {"key":"lxaIu","version":2,"value":27.648348}, {"key":"98mgb","version":2,"value":13.318042}, {"key":"mUXNZ","version":1,"value":21.009018}, {"key":"Irfck","version":0,"value":8.867458}, {"key":"nt6sY","version":0,"value":19.871096}, {"key":"HZhFi","version":1,"value":12.848973}, {"key":"MTnkt","version":2,"value":16.72824}, {"key":"C8kNH","version":2,"value":18.206049}, {"key":"bwbk4","version":1,"value":2.5384915}, {"key":"mUXNZ","version":1,"value":17.258587}, {"key":"YmxdU","version":2,"value":14.615271}, {"key":"ewGt1","version":1,"value":8.301962}, {"key":"MTnkt","version":2,"value":10.6197405}, {"key":"jRhs9","version":0,"value":23.565826}, {"key":"CbGjJ","version":0,"value":13.639012}, {"key":"dWf44","version":1,"value":17.49389}, {"key":"B1Pbp","version":0,"value":7.966262}, {"key":"UDl0O","version":0,"value":13.328361}, {"key":"Irfck","version":0,"value":6.1261463}, {"key":"HLxFo","version":0,"value":11.282657}, {"key":"rsS4N","version":1,"value":21.818926}, {"key":"pYOCq","version":0,"value":13.596276}, {"key":"KT2gX","version":2,"value":12.606945}, {"key":"CbGjJ","version":2,"value":24.330492}, {"key":"rsS4N","version":0,"value":12.860403}, {"key":"HLxFo","version":0,"value":5.200528}, {"key":"oWv1N","version":2,"value":14.364398}, {"key":"tO4B4","version":0,"value":18.808567}, {"key":"6ch2Y","version":0,"value":12.357117}, {"key":"au5PF","version":2,"value":14.736564}, {"key":"XIVx9","version":0,"value":17.961292}, {"key":"pqQRp","version":0,"value":7.7561045}, {"key":"SJfIL","version":1,"value":14.083097}, {"key":"0ssSj","version":1,"value":0.97758174}, {"key":"N2IPu","version":0,"value":24.03875}, {"key":"a3Pli","version":0,"value":11.785336}, {"totalMessagesWritten":299,"totalMessagesProcessed":311,"totalRedisUpdates":163,"totalValueWritten":4579.3306,"totalAdded":1585.5}, {"key":"mUXNZ","version":2,"value":21.44192}, {"key":"lZku2","version":0,"value":13.474694}, {"key":"Np446","version":2,"value":19.229624}, {"key":"c2OET","version":2,"value":1.201061}, {"key":"A73WN","version":1,"value":18.912037}, {"key":"hZ8QA","version":1,"value":11.609783}, {"key":"ngxtU","version":2,"value":25.67902}, {"key":"vaoNw","version":1,"value":9.493308}, {"key":"N2IPu","version":2,"value":13.842629}, {"key":"A73WN","version":0,"value":5.1926556}, {"key":"eaLG6","version":2,"value":7.0722103}, {"key":"pc42t","version":0,"value":25.252716}, {"key":"VoArQ","version":1,"value":9.684787}, {"key":"rfnEb","version":1,"value":29.369404}, {"key":"VoArQ","version":2,"value":13.135562}, {"key":"I71Gq","version":1,"value":15.79084}, {"key":"7Y7CS","version":0,"value":16.156021}, {"key":"BwJ5H","version":1,"value":19.73986}, {"key":"WvnWB","version":1,"value":7.636052}, {"key":"HIW0Y","version":1,"value":28.946123}, {"key":"jqQoR","version":1,"value":19.961838}, {"key":"InCjq","version":0,"value":16.02829}, {"key":"C8kNH","version":1,"value":3.202089}, {"key":"byo1V","version":2,"value":14.715012}, {"key":"WUS3x","version":1,"value":0.2662301}, {"key":"fpDHv","version":2,"value":27.784416}, {"totalMessagesWritten":325,"totalMessagesProcessed":338,"totalRedisUpdates":177,"totalValueWritten":4974.15,"totalAdded":1722.0}, {"key":"HEG9p","version":1,"value":19.850574}, {"key":"mUXNZ","version":2,"value":11.436807}, {"key":"BwJ5H","version":2,"value":15.194145}, {"key":"sfO7A","version":1,"value":26.586758}, {"key":"IJ6BW","version":1,"value":0.86408377}, {"key":"CbGjJ","version":1,"value":3.363607}, {"key":"37m8m","version":2,"value":7.2949743}, {"key":"MwM3r","version":0,"value":17.859383}, {"key":"bn9R7","version":0,"value":6.654004}, {"key":"YKDLF","version":0,"value":8.548832}, {"key":"0RMxi","version":1,"value":15.238161}, {"key":"JQDuf","version":0,"value":2.8449774}, {"key":"HLxFo","version":2,"value":22.324017}, {"key":"XbMpv","version":2,"value":14.443583}, {"key":"P5DZH","version":2,"value":18.811554}, {"key":"JOt1C","version":2,"value":12.982109}, {"key":"r5SD4","version":0,"value":11.685661}, {"key":"ghhEs","version":1,"value":15.990381}, {"key":"HEG9p","version":2,"value":24.937138}, {"key":"pc42t","version":2,"value":24.946281}, {"key":"7Y7CS","version":2,"value":18.6496}, {"totalMessagesWritten":346,"totalMessagesProcessed":360,"totalRedisUpdates":189,"totalValueWritten":5274.6567,"totalAdded":1837.5}, {"key":"SJfIL","version":1,"value":4.3257523}, {"key":"tk4Ce","version":2,"value":11.542692}, {"key":"eaLG6","version":0,"value":3.2498014}, {"key":"lnHot","version":1,"value":7.342956}, {"key":"Y5JcT","version":1,"value":16.833778}, {"key":"YKDLF","version":1,"value":8.051143}, {"key":"rfnEb","version":2,"value":22.306944}, {"key":"YKDLF","version":1,"value":17.433878}, {"key":"Np446","version":1,"value":9.396029}, {"key":"sfO7A","version":0,"value":0.9531653}, {"key":"B2PUY","version":0,"value":5.7748327}, {"key":"7Y7CS","version":0,"value":4.5482073}, {"key":"Tl50V","version":1,"value":23.707668}, {"key":"ujdUo","version":0,"value":10.000905}, {"key":"SMf7O","version":1,"value":18.86649}, {"key":"ZsFom","version":0,"value":20.536623}, {"key":"lxaIu","version":0,"value":5.66424}, {"key":"JepL6","version":2,"value":30.173973}, {"key":"xI5Kw","version":1,"value":18.799397}, {"key":"7bcg7","version":1,"value":22.99538}, {"key":"OS2cN","version":2,"value":18.077248}, {"key":"MJRGo","version":2,"value":30.226456}, {"key":"JepL6","version":0,"value":9.681904}, {"key":"c2OET","version":0,"value":0.25220633}, {"key":"Irfck","version":0,"value":8.785442}, {"key":"Y8Bph","version":2,"value":21.239235}, {"key":"Np446","version":2,"value":3.67306}, {"key":"ZsFom","version":1,"value":25.481117}, {"key":"LviJ6","version":0,"value":17.13918}, {"key":"ZsFom","version":2,"value":26.107643}, {"key":"pj4mn","version":1,"value":4.0884376}, {"key":"Yy6Oi","version":2,"value":10.598906}, {"key":"byo1V","version":1,"value":19.689873}, {"key":"BwJ5H","version":0,"value":12.600834}, {"key":"pnLle","version":0,"value":19.74335}, {"key":"LviJ6","version":0,"value":13.680798}, {"key":"ZsFom","version":2,"value":7.4444556}, {"key":"jqQoR","version":1,"value":19.887}, {"key":"0VfUe","version":2,"value":30.311459}, {"key":"EafW8","version":0,"value":24.803286}, {"key":"S1bjb","version":1,"value":12.666239}, {"totalMessagesWritten":387,"totalMessagesProcessed":402,"totalRedisUpdates":208,"totalValueWritten":5873.3394,"totalAdded":2026.5}, {"key":"QBPMZ","version":1,"value":23.268002}, {"key":"Fj262","version":1,"value":11.00768}, {"key":"Rg7cY","version":2,"value":12.958968}, {"key":"jOZyh","version":0,"value":0.7825494}, {"key":"dWf44","version":0,"value":13.5776825}, {"key":"7bcg7","version":2,"value":13.558553}, {"key":"0JOjl","version":1,"value":15.715112}, {"key":"nky4Y","version":0,"value":22.473186}, {"key":"Gpc6x","version":2,"value":18.842655}, {"key":"au5PF","version":2,"value":0.8758688}, {"key":"ijWp3","version":2,"value":15.239305}, {"key":"7Y7CS","version":1,"value":6.9903255}, {"key":"oWv1N","version":0,"value":4.3865433}, {"key":"tk4Ce","version":2,"value":2.5123584}, {"totalMessagesWritten":401,"totalMessagesProcessed":417,"totalRedisUpdates":216,"totalValueWritten":6035.529,"totalAdded":2100.0}, {"key":"xks7X","version":2,"value":1.8014038}, {"key":"MTnkt","version":2,"value":16.36356}, {"key":"lZku2","version":0,"value":9.830647}, {"key":"pc42t","version":1,"value":8.307961}, {"key":"w0dFy","version":2,"value":6.3388433}, {"key":"B2PUY","version":2,"value":10.480555}, {"key":"JepL6","version":1,"value":10.828285}, {"key":"h5UnK","version":1,"value":24.837921}, {"key":"7bcg7","version":1,"value":14.995455}, {"key":"pYOCq","version":0,"value":12.26327}, {"key":"Yy6Oi","version":0,"value":7.593498}, {"key":"ngxtU","version":1,"value":12.140194}, {"key":"CEL9h","version":2,"value":10.770099}, {"key":"vi9bv","version":0,"value":13.518618}, {"key":"sfO7A","version":1,"value":6.9445324}, {"key":"xks7X","version":1,"value":9.163477}, {"key":"lqnQH","version":1,"value":20.203732}, {"key":"L4blT","version":0,"value":26.906404}, {"key":"h5UnK","version":0,"value":18.181698}, {"key":"Kf4YU","version":2,"value":24.572258}, {"key":"7bcg7","version":1,"value":4.90005}, {"key":"ghYer","version":2,"value":25.32843}, {"key":"ewGt1","version":2,"value":17.880741}, {"key":"P5DZH","version":1,"value":0.9960532}, {"key":"OmtDS","version":0,"value":10.809122}, {"key":"qfKmx","version":2,"value":27.695734}, {"key":"htXhE","version":2,"value":13.967835}, {"key":"X4eeB","version":0,"value":18.986313}, {"key":"7ZgbT","version":0,"value":19.57769}, {"key":"pYOCq","version":0,"value":7.378291}, {"key":"47lXC","version":2,"value":28.19604}, {"key":"nFQq8","version":1,"value":29.208061}, {"key":"CEL9h","version":2,"value":3.5779154}, {"key":"pnZOU","version":1,"value":30.330557}, {"key":"y9c0R","version":0,"value":29.700102}, {"key":"7ZgbT","version":2,"value":26.21211}, {"key":"IJ6BW","version":2,"value":11.477104}, {"key":"JVVZ3","version":2,"value":24.934898}, {"key":"f2Ums","version":0,"value":12.457112}, {"key":"sLQ6E","version":1,"value":13.136005}, {"key":"vi9bv","version":1,"value":16.9849}, {"key":"HIW0Y","version":1,"value":5.434538}, {"key":"huJUw","version":1,"value":18.080343}, {"key":"dWf44","version":1,"value":11.361905}, {"key":"KT2gX","version":0,"value":9.649878}, {"key":"JOt1C","version":0,"value":14.039444}, {"key":"5hv2C","version":1,"value":23.949226}, {"key":"MwM3r","version":0,"value":17.984077}, {"key":"jyVyZ","version":0,"value":26.653526}, {"key":"xL7LZ","version":0,"value":11.152218}, {"key":"VoArQ","version":1,"value":18.090786}, {"key":"UDl0O","version":0,"value":16.433067}, {"key":"0JOjl","version":2,"value":22.89142}, {"key":"JepL6","version":0,"value":12.586459}, {"key":"EafW8","version":2,"value":11.337907}, {"key":"Mu6S9","version":0,"value":18.642218}, {"key":"AI74Q","version":0,"value":21.0666}, {"key":"vhO4b","version":2,"value":16.651491}, {"key":"hZ8QA","version":1,"value":14.103757}, {"key":"CbGjJ","version":2,"value":9.088745}, {"key":"tO4B4","version":2,"value":26.019304}, {"key":"f2Ums","version":2,"value":28.783623}, {"key":"HIW0Y","version":1,"value":16.79944}, {"key":"vkVw7","version":1,"value":19.94667}, {"key":"Gpc6x","version":2,"value":19.187338}, {"totalMessagesWritten":466,"totalMessagesProcessed":483,"totalRedisUpdates":246,"totalValueWritten":7085.2397,"totalAdded":2404.5}, {"key":"WvnWB","version":0,"value":12.961607}, {"key":"d6a6U","version":1,"value":20.43768}, {"key":"wykWg","version":0,"value":14.896183}, {"key":"dWf44","version":1,"value":14.183762}, {"key":"huJUw","version":2,"value":2.65319}, {"key":"PmUgJ","version":1,"value":9.691735}, {"key":"Np446","version":2,"value":1.5176785}, {"key":"xL7LZ","version":1,"value":25.29705}, {"key":"stmRR","version":0,"value":1.6423142}, {"key":"JepL6","version":1,"value":19.22551}, {"key":"au5PF","version":0,"value":16.422579}, {"key":"rIZq2","version":2,"value":16.266685}, {"key":"X4eeB","version":1,"value":4.5461264}, {"key":"Kf4YU","version":2,"value":14.468575}, {"key":"ujdUo","version":2,"value":18.572872}, {"totalMessagesWritten":481,"totalMessagesProcessed":499,"totalRedisUpdates":251,"totalValueWritten":7278.022,"totalAdded":2446.5}, {"totalMessagesWritten":481,"totalMessagesProcessed":500,"totalRedisUpdates":252,"totalValueWritten":7278.022,"totalAdded":2446.5}]
03:03:24.346 INFO  u.a.e.a.c.s.RabbitMqService - Sent 500/500 messages to TransformTestRead-35493-dkUtg
03:03:24.346 INFO  u.a.e.a.c.d.MessageTransformer - Transforming messages; read_queue:TransformTestRead-35493-dkUtg, write_queue:TransformTestWrite-29657-Wpvm3, count:500
03:03:24.346 INFO  u.a.e.a.c.s.RabbitMqService - [With Validation]Reading queue TransformTestRead-35493-dkUtg: count=500
03:03:24.418 INFO  u.a.e.a.c.s.RabbitMqService - [With Validation]Received 500/500 messages in 72ms
03:03:24.418 INFO  u.a.e.a.c.s.RabbitMqService - returning: [{"key":"Irfck","version":1,"value":2.0810091}, {"key":"hApb4","version":1,"value":13.642172}, {"key":"bwbk4","version":0,"value":8.619628}, {"key":"dyiBQ","version":2,"value":13.093272}, {"key":"bwbk4","version":1,"value":12.821861}, {"key":"Irfck","version":2,"value":18.638283}, {"key":"bwbk4","version":0,"value":9.103193}, {"key":"T9HSI","version":0,"value":16.707867}, {"key":"Irfck","version":0,"value":0.7815349}, {"key":"dyiBQ","version":0,"value":9.322229}, {"key":"dyiBQ","TOTAL":0.0}, {"key":"hApb4","version":2,"value":4.966743}, {"key":"bwbk4","version":1,"value":17.743052}, {"key":"KrgCq","version":1,"value":0.12942553}, {"key":"Gpc6x","version":1,"value":16.088024}, {"key":"hApb4","version":1,"value":15.709953}, {"key":"T9HSI","version":2,"value":15.278494}, {"key":"KrgCq","version":1,"value":14.676462}, {"key":"hApb4","version":2,"value":7.220255}, {"key":"sGavn","version":0,"value":9.885242}, {"key":"bwbk4","version":2,"value":16.379595}, {"key":"T9HSI","version":0,"value":17.952097}, {"key":"sGavn","version":1,"value":12.775626}, {"key":"bn9R7","version":2,"value":8.899217}, {"key":"PmUgJ","version":1,"value":7.3753834}, {"key":"KrgCq","version":1,"value":3.2653677}, {"key":"Gpc6x","version":1,"value":13.673755}, {"key":"nbyvl","version":1,"value":16.6986}, {"key":"Gpc6x","version":0,"value":8.043627}, {"key":"sGavn","version":0,"value":7.235135}, {"key":"Irfck","version":2,"value":4.5887127}, {"key":"T9HSI","version":1,"value":14.84918}, {"key":"MNCde","version":2,"value":0.12757778}, {"key":"B2PUY","version":1,"value":2.2541046}, {"key":"bn9R7","version":0,"value":6.053469}, {"key":"Irfck","version":1,"value":18.001038}, {"key":"bn9R7","version":2,"value":7.4174223}, {"key":"nbyvl","version":2,"value":10.484291}, {"key":"Gpc6x","version":1,"value":6.7016315}, {"key":"pvJNv","version":2,"value":5.233659}, {"key":"3ZcR4","version":0,"value":2.8885615}, {"key":"IJ6BW","version":1,"value":9.256378}, {"key":"pvJNv","version":2,"value":11.3438}, {"key":"fJa7I","version":1,"value":1.8808985}, {"key":"H2Up8","version":0,"value":2.0542252}, {"key":"bwbk4","version":2,"value":9.484127}, {"key":"nbyvl","version":1,"value":8.441189}, {"key":"nbyvl","version":0,"value":17.078512}, {"key":"bn9R7","version":0,"value":11.1561575}, {"key":"37m8m","version":2,"value":13.281862}, {"key":"pvJNv","TOTAL":0.0}, {"key":"IJ6BW","version":1,"value":6.6175423}, {"key":"vkVw7","version":1,"value":9.956322}, {"key":"PmUgJ","version":0,"value":1.7658079}, {"key":"pnLle","version":1,"value":4.4134846}, {"key":"H2Up8","version":1,"value":16.06913}, {"key":"KrgCq","version":0,"value":2.2094464}, {"key":"fJa7I","version":0,"value":1.3947248}, {"key":"Np446","version":2,"value":1.0882509}, {"key":"GRAwF","version":2,"value":15.504165}, {"key":"Irfck","version":0,"value":19.874454}, {"key":"c2OET","version":1,"value":5.048976}, {"key":"H2Up8","version":2,"value":9.702258}, {"key":"0ssSj","version":1,"value":11.240101}, {"key":"SWrHc","version":2,"value":15.117287}, {"key":"ujdUo","version":1,"value":11.329916}, {"key":"sGavn","version":2,"value":7.9017744}, {"key":"Irfck","version":2,"value":5.9252586}, {"key":"H2Up8","TOTAL":0.0}, {"key":"ujdUo","version":0,"value":13.706059}, {"key":"Lyc1S","version":2,"value":9.629801}, {"key":"bn9R7","version":0,"value":1.9973874}, {"key":"c2OET","version":2,"value":0.9760654}, {"key":"Lyc1S","version":2,"value":18.242493}, {"key":"MNCde","version":1,"value":10.334934}, {"key":"MNCde","version":1,"value":15.55847}, {"key":"Gpc6x","version":1,"value":3.0474663}, {"key":"hApb4","TOTAL":97.36817}, {"key":"X4eeB","version":1,"value":19.849333}, {"key":"WvnWB","version":2,"value":3.5570788}, {"key":"SWrHc","version":2,"value":11.885803}, {"key":"0ssSj","version":0,"value":0.21241784}, {"key":"c2OET","version":0,"value":14.262853}, {"key":"KrgCq","TOTAL":0.0}, {"key":"B2PUY","version":1,"value":16.215082}, {"key":"nt6sY","version":0,"value":16.876934}, {"key":"YmxdU","version":2,"value":7.199979}, {"key":"vaoNw","version":0,"value":16.774817}, {"key":"37m8m","version":0,"value":1.8606961}, {"key":"SWrHc","version":2,"value":9.758159}, {"key":"sGavn","version":1,"value":6.1630344}, {"key":"bn9R7","version":0,"value":11.79639}, {"key":"3ZcR4","version":0,"value":4.4645286}, {"key":"T9HSI","version":2,"value":9.102229}, {"key":"bn9R7","version":1,"value":19.668957}, {"key":"sGavn","version":2,"value":3.7795508}, {"key":"Np446","version":1,"value":7.00686}, {"key":"QN8Bo","version":1,"value":14.417427}, {"key":"nbyvl","version":0,"value":11.276561}, {"key":"HZhFi","version":1,"value":14.619927}, {"key":"SLLhK","version":2,"value":1.7270982}, {"key":"Gpc6x","version":1,"value":8.30077}, {"key":"oWv1N","version":0,"value":6.4124146}, {"key":"6ch2Y","version":1,"value":13.579164}, {"key":"mAmpN","version":0,"value":7.179743}, {"key":"B2PUY","version":2,"value":19.177225}, {"key":"Lyc1S","version":1,"value":15.305015}, {"key":"SLLhK","version":1,"value":3.6610126}, {"key":"0A0lE","version":1,"value":15.620471}, {"key":"GRAwF","version":2,"value":2.5350893}, {"key":"d4CAD","version":0,"value":4.1746235}, {"key":"dRMPx","version":0,"value":8.677749}, {"key":"Ai7ns","version":1,"value":13.350524}, {"key":"vkVw7","version":0,"value":19.610807}, {"key":"KOco8","version":2,"value":11.4182}, {"key":"T9HSI","TOTAL":0.0}, {"key":"pqQRp","version":1,"value":4.8229384}, {"key":"X4eeB","version":1,"value":1.3811231}, {"key":"3ZcR4","version":1,"value":0.5324185}, {"key":"b8IZX","version":0,"value":13.02464}, {"key":"stmRR","version":0,"value":5.950717}, {"key":"oWv1N","version":1,"value":4.3984404}, {"key":"pqQRp","version":1,"value":13.277285}, {"key":"Np446","version":0,"value":6.608534}, {"key":"SLLhK","version":1,"value":8.377472}, {"key":"vaoNw","version":1,"value":12.376417}, {"key":"vhO4b","version":2,"value":8.55065}, {"key":"0A0lE","version":2,"value":5.9819674}, {"key":"Mcwm2","version":1,"value":1.6468227}, {"key":"huJUw","version":2,"value":4.8531055}, {"key":"b8IZX","version":2,"value":5.3789463}, {"key":"a3Pli","version":2,"value":10.494361}, {"key":"KOco8","version":2,"value":4.416972}, {"key":"nt6sY","version":1,"value":10.622803}, {"key":"IJ6BW","version":1,"value":19.377438}, {"key":"GRAwF","version":1,"value":7.500975}, {"key":"PmUgJ","version":1,"value":12.220083}, {"key":"lnHot","version":2,"value":19.750206}, {"key":"MNCde","version":2,"value":5.829092}, {"key":"oWv1N","version":1,"value":19.535421}, {"key":"jqq43","version":1,"value":3.9582503}, {"key":"oWv1N","version":0,"value":18.44775}, {"key":"37m8m","version":1,"value":10.923003}, {"key":"MUK3W","version":1,"value":5.211874}, {"key":"qNfw2","version":0,"value":9.584912}, {"key":"fJa7I","TOTAL":0.0}, {"key":"SLLhK","version":1,"value":14.936893}, {"key":"ijWp3","version":0,"value":8.037196}, {"key":"stmRR","version":2,"value":3.0159485}, {"key":"PmUgJ","version":2,"value":19.532116}, {"key":"MNCde","version":2,"value":7.4984226}, {"key":"CbGjJ","version":1,"value":6.874176}, {"key":"iTNA8","version":2,"value":18.002804}, {"key":"lZku2","version":2,"value":0.4853022}, {"key":"KOco8","version":0,"value":10.272473}, {"key":"c2OET","version":2,"value":11.322252}, {"key":"w0dFy","version":2,"value":6.4555035}, {"key":"nbyvl","TOTAL":0.0}, {"key":"VoArQ","version":1,"value":2.4862635}, {"key":"JVVZ3","version":0,"value":15.797909}, {"key":"WvnWB","version":2,"value":15.231143}, {"key":"2XUqH","version":2,"value":15.393506}, {"key":"ghhEs","version":0,"value":13.748741}, {"key":"RJXrd","version":0,"value":11.015444}, {"key":"ujdUo","version":0,"value":19.071877}, {"key":"nt6sY","version":0,"value":13.176738}, {"key":"rltfV","version":1,"value":1.909684}, {"key":"Ai7ns","TOTAL":0.0}, {"key":"MUK3W","version":2,"value":16.159466}, {"key":"7Y7CS","version":1,"value":3.1746829}, {"key":"qNfw2","version":1,"value":4.964671}, {"key":"vkVw7","version":0,"value":2.2245705}, {"key":"PmUgJ","version":0,"value":18.415157}, {"key":"b8IZX","version":0,"value":15.420018}, {"key":"ijWp3","version":1,"value":3.1656396}, {"key":"bwbk4","version":0,"value":11.831003}, {"key":"ewGt1","version":0,"value":2.3412383}, {"key":"MNCde","version":2,"value":10.235333}, {"key":"RJXrd","version":0,"value":9.643177}, {"key":"Np446","version":2,"value":1.6580486}, {"key":"pnLle","version":2,"value":1.4498687}, {"key":"VoArQ","version":2,"value":3.0853963}, {"key":"w0dFy","version":0,"value":18.169783}, {"key":"b8IZX","version":2,"value":1.7788613}, {"key":"mAmpN","TOTAL":0.0}, {"key":"rIZq2","version":0,"value":13.322294}, {"key":"nt6sY","version":0,"value":10.990559}, {"key":"WNQXm","version":2,"value":10.139629}, {"key":"Mcwm2","version":1,"value":11.171156}, {"key":"stmRR","version":0,"value":9.272628}, {"key":"YmxdU","version":2,"value":17.093626}, {"key":"bn9R7","version":1,"value":1.7401505}, {"key":"QN8Bo","version":2,"value":16.167171}, {"key":"SLLhK","version":2,"value":12.43807}, {"key":"KT2gX","version":0,"value":0.19122005}, {"key":"Np446","version":2,"value":9.674869}, {"key":"WUS3x","version":2,"value":7.5362206}, {"key":"lnHot","version":2,"value":19.233704}, {"key":"bn9R7","version":1,"value":10.657846}, {"key":"Irfck","version":1,"value":1.2239254}, {"key":"VoArQ","version":0,"value":5.024534}, {"key":"pj4mn","version":1,"value":16.539719}, {"key":"UDl0O","version":2,"value":14.354002}, {"key":"2XUqH","TOTAL":0.0}, {"key":"0A0lE","version":0,"value":8.914815}, {"key":"SJfIL","version":0,"value":13.80282}, {"key":"MUK3W","version":1,"value":8.522724}, {"key":"ujdUo","version":0,"value":0.5641794}, {"key":"CbGjJ","version":1,"value":6.4363537}, {"key":"xks7X","version":2,"value":2.6111543}, {"key":"pnLle","version":1,"value":19.97583}, {"key":"au5PF","version":0,"value":7.1644998}, {"key":"b8IZX","version":2,"value":3.231541}, {"key":"JQDuf","version":0,"value":3.4384704}, {"key":"lZku2","version":1,"value":17.071173}, {"key":"pqQRp","version":0,"value":9.577708}, {"key":"7Y7CS","version":2,"value":2.0403838}, {"key":"jqq43","version":1,"value":0.648849}, {"key":"lnHot","version":0,"value":0.7367456}, {"key":"KT2gX","version":0,"value":15.706072}, {"key":"rltfV","version":2,"value":14.458067}, {"key":"pj4mn","version":0,"value":2.237953}, {"key":"MUK3W","version":1,"value":8.717598}, {"key":"ewGt1","version":2,"value":12.923299}, {"key":"sLQ6E","version":2,"value":12.814408}, {"key":"B1Pbp","version":2,"value":4.487419}, {"key":"GRAwF","version":2,"value":3.0863667}, {"key":"qNfw2","version":2,"value":14.812698}, {"key":"Y5JcT","version":2,"value":4.33831}, {"key":"b8IZX","version":1,"value":14.868723}, {"key":"I71Gq","version":0,"value":9.945354}, {"key":"Irfck","version":2,"value":18.834076}, {"key":"ghhEs","version":1,"value":1.2128496}, {"key":"98mgb","version":1,"value":18.984951}, {"key":"MwM3r","version":1,"value":13.277599}, {"key":"jOZyh","version":2,"value":0.5576253}, {"key":"CcvsJ","version":0,"value":6.1928167}, {"key":"jqq43","version":1,"value":11.294317}, {"key":"UDl0O","version":2,"value":6.4616003}, {"key":"B1Pbp","version":1,"value":5.125339}, {"key":"dWf44","version":2,"value":7.636137}, {"key":"Lyc1S","version":2,"value":6.154052}, {"key":"7Y7CS","version":1,"value":10.468708}, {"key":"jqQoR","version":2,"value":1.1372864}, {"key":"fbhYR","version":1,"value":13.868429}, {"key":"a3Pli","version":1,"value":12.95038}, {"key":"XbMpv","version":0,"value":19.333157}, {"key":"huJUw","version":2,"value":14.016694}, {"key":"rIZq2","version":2,"value":1.6302598}, {"key":"lnHot","version":2,"value":11.069579}, {"key":"jqq43","version":0,"value":11.323853}, {"key":"eaLG6","version":2,"value":19.975018}, {"key":"fpDHv","version":1,"value":1.3098776}, {"key":"qNfw2","version":0,"value":12.327275}, {"key":"Mcwm2","version":0,"value":3.026967}, {"key":"XFawJ","version":1,"value":7.6668158}, {"key":"0A0lE","version":2,"value":18.687593}, {"key":"RiVX0","version":2,"value":1.3757622}, {"key":"Fj262","version":1,"value":4.6789193}, {"key":"RiVX0","version":0,"value":16.47381}, {"key":"A73WN","version":0,"value":10.725671}, {"key":"YKDLF","version":1,"value":10.909916}, {"key":"0ssSj","version":0,"value":10.051912}, {"key":"HZhFi","version":2,"value":18.364752}, {"key":"pj4mn","version":0,"value":16.61279}, {"key":"Np446","version":1,"value":13.366222}, {"key":"SWrHc","version":0,"value":14.200661}, {"key":"rsS4N","version":0,"value":12.322179}, {"key":"0A0lE","version":1,"value":16.381687}, {"key":"VaVFe","version":0,"value":17.123653}, {"key":"jqQoR","version":1,"value":17.882923}, {"key":"jqq43","version":2,"value":18.692698}, {"key":"b8IZX","version":1,"value":5.686594}, {"key":"JQDuf","version":2,"value":14.180203}, {"key":"lxaIu","version":2,"value":17.148348}, {"key":"98mgb","version":2,"value":2.818042}, {"key":"mUXNZ","version":1,"value":10.509018}, {"key":"Irfck","version":0,"value":8.867458}, {"key":"nt6sY","version":0,"value":19.871096}, {"key":"HZhFi","version":1,"value":12.848973}, {"key":"MTnkt","version":2,"value":6.2282395}, {"key":"C8kNH","version":2,"value":7.7060485}, {"key":"bwbk4","version":1,"value":2.5384915}, {"key":"mUXNZ","version":1,"value":17.258587}, {"key":"YmxdU","version":2,"value":14.615271}, {"key":"ewGt1","version":1,"value":8.301962}, {"key":"MTnkt","version":2,"value":10.6197405}, {"key":"jRhs9","version":0,"value":13.065825}, {"key":"CbGjJ","version":0,"value":13.639012}, {"key":"dWf44","version":1,"value":17.49389}, {"key":"B1Pbp","version":0,"value":7.966262}, {"key":"UDl0O","version":0,"value":13.328361}, {"key":"Irfck","version":0,"value":6.1261463}, {"key":"HLxFo","version":0,"value":0.78265667}, {"key":"rsS4N","version":1,"value":11.318926}, {"key":"pYOCq","version":0,"value":3.0962765}, {"key":"KT2gX","version":2,"value":2.1069455}, {"key":"CbGjJ","version":2,"value":13.830492}, {"key":"rsS4N","version":0,"value":12.860403}, {"key":"HLxFo","version":0,"value":5.200528}, {"key":"oWv1N","version":2,"value":3.864398}, {"key":"tO4B4","version":0,"value":8.308568}, {"key":"6ch2Y","version":0,"value":12.357117}, {"key":"au5PF","version":2,"value":4.2365637}, {"key":"XIVx9","version":0,"value":7.4612927}, {"key":"pqQRp","version":0,"value":7.7561045}, {"key":"SJfIL","version":1,"value":3.5830975}, {"key":"0ssSj","version":1,"value":0.97758174}, {"key":"N2IPu","version":0,"value":13.538751}, {"key":"a3Pli","version":0,"value":11.785336}, {"key":"98mgb","TOTAL":14.460021}, {"key":"mUXNZ","version":2,"value":10.941919}, {"key":"lZku2","version":0,"value":13.474694}, {"key":"Np446","version":2,"value":19.229624}, {"key":"c2OET","version":2,"value":1.201061}, {"key":"A73WN","version":1,"value":8.412036}, {"key":"hZ8QA","version":1,"value":1.1097836}, {"key":"ngxtU","version":2,"value":15.179019}, {"key":"vaoNw","version":1,"value":9.493308}, {"key":"N2IPu","version":2,"value":3.3426297}, {"key":"A73WN","version":0,"value":5.1926556}, {"key":"eaLG6","version":2,"value":7.0722103}, {"key":"pc42t","version":0,"value":14.752717}, {"key":"VoArQ","version":1,"value":9.684787}, {"key":"rfnEb","version":1,"value":18.869404}, {"key":"VoArQ","version":2,"value":13.135562}, {"key":"I71Gq","version":1,"value":5.2908397}, {"key":"7Y7CS","version":0,"value":16.156021}, {"key":"BwJ5H","version":1,"value":9.23986}, {"key":"WvnWB","version":1,"value":7.636052}, {"key":"HIW0Y","version":1,"value":18.446123}, {"key":"jqQoR","version":1,"value":19.961838}, {"key":"InCjq","version":0,"value":5.5282903}, {"key":"C8kNH","version":1,"value":3.202089}, {"key":"byo1V","version":2,"value":4.2150116}, {"key":"WUS3x","version":1,"value":0.2662301}, {"key":"fpDHv","version":2,"value":17.284416}, {"key":"N2IPu","TOTAL":0.0}, {"key":"HEG9p","version":1,"value":9.3505745}, {"key":"mUXNZ","version":2,"value":11.436807}, {"key":"BwJ5H","version":2,"value":4.6941447}, {"key":"sfO7A","version":1,"value":16.086758}, {"key":"IJ6BW","version":1,"value":0.86408377}, {"key":"CbGjJ","version":1,"value":3.363607}, {"key":"37m8m","version":2,"value":7.2949743}, {"key":"MwM3r","version":0,"value":17.859383}, {"key":"bn9R7","version":0,"value":6.654004}, {"key":"YKDLF","version":0,"value":8.548832}, {"key":"0RMxi","version":1,"value":4.7381616}, {"key":"JQDuf","version":0,"value":2.8449774}, {"key":"HLxFo","version":2,"value":11.824017}, {"key":"XbMpv","version":2,"value":3.9435828}, {"key":"P5DZH","version":2,"value":8.311553}, {"key":"JOt1C","version":2,"value":2.482109}, {"key":"r5SD4","version":0,"value":1.1856616}, {"key":"ghhEs","version":1,"value":15.990381}, {"key":"HEG9p","version":2,"value":14.437137}, {"key":"pc42t","version":2,"value":14.446281}, {"key":"7Y7CS","version":2,"value":18.6496}, {"key":"SLLhK","TOTAL":0.0}, {"key":"SJfIL","version":1,"value":4.3257523}, {"key":"tk4Ce","version":2,"value":1.0426927}, {"key":"eaLG6","version":0,"value":3.2498014}, {"key":"lnHot","version":1,"value":7.342956}, {"key":"Y5JcT","version":1,"value":16.833778}, {"key":"YKDLF","version":1,"value":8.051143}, {"key":"rfnEb","version":2,"value":11.806944}, {"key":"YKDLF","version":1,"value":17.433878}, {"key":"Np446","version":1,"value":9.396029}, {"key":"sfO7A","version":0,"value":0.9531653}, {"key":"B2PUY","version":0,"value":5.7748327}, {"key":"7Y7CS","version":0,"value":4.5482073}, {"key":"Tl50V","version":1,"value":13.207669}, {"key":"ujdUo","version":0,"value":10.000905}, {"key":"SMf7O","version":1,"value":8.36649}, {"key":"ZsFom","version":0,"value":10.036623}, {"key":"lxaIu","version":0,"value":5.66424}, {"key":"JepL6","version":2,"value":19.673973}, {"key":"xI5Kw","version":1,"value":8.299397}, {"key":"7bcg7","version":1,"value":12.49538}, {"key":"OS2cN","version":2,"value":7.5772486}, {"key":"MJRGo","version":2,"value":19.726456}, {"key":"JepL6","version":0,"value":9.681904}, {"key":"c2OET","version":0,"value":0.25220633}, {"key":"Irfck","version":0,"value":8.785442}, {"key":"Y8Bph","version":2,"value":10.739236}, {"key":"Np446","version":2,"value":3.67306}, {"key":"ZsFom","version":1,"value":14.981118}, {"key":"LviJ6","version":0,"value":6.63918}, {"key":"ZsFom","version":2,"value":15.607643}, {"key":"pj4mn","version":1,"value":4.0884376}, {"key":"Yy6Oi","version":2,"value":0.09890556}, {"key":"byo1V","version":1,"value":19.689873}, {"key":"BwJ5H","version":0,"value":12.600834}, {"key":"pnLle","version":0,"value":19.74335}, {"key":"LviJ6","version":0,"value":13.680798}, {"key":"ZsFom","version":2,"value":7.4444556}, {"key":"jqQoR","version":1,"value":19.887}, {"key":"0VfUe","version":2,"value":19.811459}, {"key":"EafW8","version":0,"value":14.303286}, {"key":"S1bjb","version":1,"value":2.166239}, {"key":"pj4mn","TOTAL":0.0}, {"key":"QBPMZ","version":1,"value":12.7680025}, {"key":"Fj262","version":1,"value":11.00768}, {"key":"Rg7cY","version":2,"value":2.4589682}, {"key":"jOZyh","version":0,"value":0.7825494}, {"key":"dWf44","version":0,"value":13.5776825}, {"key":"7bcg7","version":2,"value":3.0585527}, {"key":"0JOjl","version":1,"value":5.2151117}, {"key":"nky4Y","version":0,"value":11.973186}, {"key":"Gpc6x","version":2,"value":8.342656}, {"key":"au5PF","version":2,"value":0.8758688}, {"key":"ijWp3","version":2,"value":4.7393045}, {"key":"7Y7CS","version":1,"value":6.9903255}, {"key":"oWv1N","version":0,"value":4.3865433}, {"key":"tk4Ce","version":2,"value":2.5123584}, {"key":"Tl50V","TOTAL":0.0}, {"key":"xks7X","version":2,"value":1.8014038}, {"key":"MTnkt","version":2,"value":16.36356}, {"key":"lZku2","version":0,"value":9.830647}, {"key":"pc42t","version":1,"value":8.307961}, {"key":"w0dFy","version":2,"value":6.3388433}, {"key":"B2PUY","version":2,"value":10.480555}, {"key":"JepL6","version":1,"value":10.828285}, {"key":"h5UnK","version":1,"value":14.337922}, {"key":"7bcg7","version":1,"value":14.995455}, {"key":"pYOCq","version":0,"value":12.26327}, {"key":"Yy6Oi","version":0,"value":7.593498}, {"key":"ngxtU","version":1,"value":12.140194}, {"key":"CEL9h","version":2,"value":0.27009845}, {"key":"vi9bv","version":0,"value":3.0186176}, {"key":"sfO7A","version":1,"value":6.9445324}, {"key":"xks7X","version":1,"value":9.163477}, {"key":"lqnQH","version":1,"value":9.703731}, {"key":"L4blT","version":0,"value":16.406404}, {"key":"h5UnK","version":0,"value":18.181698}, {"key":"Kf4YU","version":2,"value":14.072258}, {"key":"7bcg7","version":1,"value":4.90005}, {"key":"ghYer","version":2,"value":14.82843}, {"key":"ewGt1","version":2,"value":17.880741}, {"key":"P5DZH","version":1,"value":0.9960532}, {"key":"OmtDS","version":0,"value":0.3091216}, {"key":"qfKmx","version":2,"value":17.195734}, {"key":"htXhE","version":2,"value":3.4678352}, {"key":"X4eeB","version":0,"value":18.986313}, {"key":"7ZgbT","version":0,"value":9.077691}, {"key":"pYOCq","version":0,"value":7.378291}, {"key":"47lXC","version":2,"value":17.69604}, {"key":"nFQq8","version":1,"value":18.708061}, {"key":"CEL9h","version":2,"value":3.5779154}, {"key":"pnZOU","version":1,"value":19.830557}, {"key":"y9c0R","version":0,"value":19.200102}, {"key":"7ZgbT","version":2,"value":15.7121105}, {"key":"IJ6BW","version":2,"value":0.9771037}, {"key":"JVVZ3","version":2,"value":14.434899}, {"key":"f2Ums","version":0,"value":1.9571126}, {"key":"sLQ6E","version":1,"value":13.136005}, {"key":"vi9bv","version":1,"value":6.4848995}, {"key":"HIW0Y","version":1,"value":5.434538}, {"key":"huJUw","version":1,"value":18.080343}, {"key":"dWf44","version":1,"value":11.361905}, {"key":"KT2gX","version":0,"value":9.649878}, {"key":"JOt1C","version":0,"value":14.039444}, {"key":"5hv2C","version":1,"value":13.449226}, {"key":"MwM3r","version":0,"value":17.984077}, {"key":"jyVyZ","version":0,"value":16.153526}, {"key":"xL7LZ","version":0,"value":0.65221786}, {"key":"VoArQ","version":1,"value":18.090786}, {"key":"UDl0O","version":0,"value":16.433067}, {"key":"0JOjl","version":2,"value":12.39142}, {"key":"JepL6","version":0,"value":12.586459}, {"key":"EafW8","version":2,"value":0.8379066}, {"key":"Mu6S9","version":0,"value":8.142218}, {"key":"AI74Q","version":0,"value":10.566601}, {"key":"vhO4b","version":2,"value":16.651491}, {"key":"hZ8QA","version":1,"value":14.103757}, {"key":"CbGjJ","version":2,"value":9.088745}, {"key":"tO4B4","version":2,"value":15.519304}, {"key":"f2Ums","version":2,"value":18.283623}, {"key":"HIW0Y","version":1,"value":16.79944}, {"key":"vkVw7","version":1,"value":19.94667}, {"key":"Gpc6x","version":2,"value":19.187338}, {"key":"OmtDS","TOTAL":0.0}, {"key":"WvnWB","version":0,"value":12.961607}, {"key":"d6a6U","version":1,"value":9.937679}, {"key":"wykWg","version":0,"value":4.3961835}, {"key":"dWf44","version":1,"value":14.183762}, {"key":"huJUw","version":2,"value":2.65319}, {"key":"PmUgJ","version":1,"value":9.691735}, {"key":"Np446","version":2,"value":1.5176785}, {"key":"xL7LZ","version":1,"value":14.79705}, {"key":"stmRR","version":0,"value":1.6423142}, {"key":"JepL6","version":1,"value":19.22551}, {"key":"au5PF","version":0,"value":16.422579}, {"key":"rIZq2","version":2,"value":16.266685}, {"key":"X4eeB","version":1,"value":4.5461264}, {"key":"Kf4YU","version":2,"value":14.468575}, {"key":"ujdUo","version":2,"value":8.072871}, {"key":"QBPMZ","TOTAL":0.0}, {"key":"vkVw7","TOTAL":0.0}]
03:03:24.418 INFO  u.a.e.a.c.d.MessageTransformer - 0% complete...
03:03:26.981 INFO  u.a.e.a.c.d.MessageTransformer - 10% complete...
03:03:29.580 INFO  u.a.e.a.c.d.MessageTransformer - 20% complete...
03:03:32.143 INFO  u.a.e.a.c.d.MessageTransformer - 30% complete...
03:03:34.736 INFO  u.a.e.a.c.d.MessageTransformer - 40% complete...
03:03:37.379 INFO  u.a.e.a.c.d.MessageTransformer - 50% complete...
03:03:39.965 INFO  u.a.e.a.c.d.MessageTransformer - 60% complete...
03:03:42.590 INFO  u.a.e.a.c.d.MessageTransformer - 70% complete...
03:03:45.179 INFO  u.a.e.a.c.d.MessageTransformer - 80% complete...
03:03:47.799 INFO  u.a.e.a.c.d.MessageTransformer - 90% complete...
03:03:50.432 INFO  u.a.e.a.c.d.MessageTransformer - 100% complete. Tranformed 500 messages
03:03:50.432 INFO  u.a.e.a.c.s.RabbitMqService - Reading queue TransformTestWrite-29657-Wpvm3: count=500
03:03:50.504 INFO  u.a.e.a.c.s.RabbitMqService - Received 500/500 messages in 72ms
03:03:50.504 INFO  u.a.e.a.c.s.RabbitMqService - returning: [{"key":"Irfck","version":1,"value":12.581009}, {"key":"hApb4","version":1,"value":24.142172}, {"key":"bwbk4","version":0,"value":19.119629}, {"key":"dyiBQ","version":2,"value":23.593273}, {"key":"bwbk4","version":1,"value":23.321861}, {"key":"Irfck","version":2,"value":29.138283}, {"key":"bwbk4","version":0,"value":9.103193}, {"key":"T9HSI","version":0,"value":27.207867}, {"key":"Irfck","version":0,"value":0.7815349}, {"key":"dyiBQ","version":0,"value":9.322229}, {"totalMessagesWritten":10,"totalMessagesProcessed":11,"totalRedisUpdates":8,"totalValueWritten":178.31107,"totalAdded":73.5}, {"key":"hApb4","version":2,"value":15.466743}, {"key":"bwbk4","version":1,"value":17.743052}, {"key":"KrgCq","version":1,"value":10.629425}, {"key":"Gpc6x","version":1,"value":26.588024}, {"key":"hApb4","version":1,"value":15.709953}, {"key":"T9HSI","version":2,"value":25.778494}, {"key":"KrgCq","version":1,"value":14.676462}, {"key":"hApb4","version":2,"value":7.220255}, {"key":"sGavn","version":0,"value":20.385242}, {"key":"bwbk4","version":2,"value":26.879595}, {"key":"T9HSI","version":0,"value":17.952097}, {"key":"sGavn","version":1,"value":23.275627}, {"key":"bn9R7","version":2,"value":19.399216}, {"key":"PmUgJ","version":1,"value":17.875383}, {"key":"KrgCq","version":1,"value":3.2653677}, {"key":"Gpc6x","version":1,"value":13.673755}, {"key":"nbyvl","version":1,"value":27.1986}, {"key":"Gpc6x","version":0,"value":8.043627}, {"key":"sGavn","version":0,"value":7.235135}, {"key":"Irfck","version":2,"value":4.5887127}, {"key":"T9HSI","version":1,"value":14.84918}, {"key":"MNCde","version":2,"value":10.627578}, {"key":"B2PUY","version":1,"value":12.754105}, {"key":"bn9R7","version":0,"value":6.053469}, {"key":"Irfck","version":1,"value":18.001038}, {"key":"bn9R7","version":2,"value":7.4174223}, {"key":"nbyvl","version":2,"value":20.984291}, {"key":"Gpc6x","version":1,"value":6.7016315}, {"key":"pvJNv","version":2,"value":15.733659}, {"key":"3ZcR4","version":0,"value":13.388561}, {"key":"IJ6BW","version":1,"value":19.756378}, {"key":"pvJNv","version":2,"value":11.3438}, {"key":"fJa7I","version":1,"value":12.380898}, {"key":"H2Up8","version":0,"value":12.554225}, {"key":"bwbk4","version":2,"value":9.484127}, {"key":"nbyvl","version":1,"value":8.441189}, {"key":"nbyvl","version":0,"value":17.078512}, {"key":"bn9R7","version":0,"value":11.1561575}, {"key":"37m8m","version":2,"value":23.781862}, {"totalMessagesWritten":49,"totalMessagesProcessed":51,"totalRedisUpdates":28,"totalValueWritten":754.3839,"totalAdded":273.0}, {"key":"IJ6BW","version":1,"value":6.6175423}, {"key":"vkVw7","version":1,"value":20.456322}, {"key":"PmUgJ","version":0,"value":1.7658079}, {"key":"pnLle","version":1,"value":14.913485}, {"key":"H2Up8","version":1,"value":26.56913}, {"key":"KrgCq","version":0,"value":2.2094464}, {"key":"fJa7I","version":0,"value":1.3947248}, {"key":"Np446","version":2,"value":11.588251}, {"key":"GRAwF","version":2,"value":26.004166}, {"key":"Irfck","version":0,"value":19.874454}, {"key":"c2OET","version":1,"value":15.548976}, {"key":"H2Up8","version":2,"value":20.20226}, {"key":"0ssSj","version":1,"value":21.7401}, {"key":"SWrHc","version":2,"value":25.617287}, {"key":"ujdUo","version":1,"value":21.829916}, {"key":"sGavn","version":2,"value":18.401775}, {"key":"Irfck","version":2,"value":5.9252586}, {"totalMessagesWritten":66,"totalMessagesProcessed":69,"totalRedisUpdates":40,"totalValueWritten":1015.04285,"totalAdded":388.5}, {"key":"ujdUo","version":0,"value":13.706059}, {"key":"Lyc1S","version":2,"value":20.1298}, {"key":"bn9R7","version":0,"value":1.9973874}, {"key":"c2OET","version":2,"value":11.476066}, {"key":"Lyc1S","version":2,"value":18.242493}, {"key":"MNCde","version":1,"value":10.334934}, {"key":"MNCde","version":1,"value":15.55847}, {"key":"Gpc6x","version":1,"value":3.0474663}, {"totalMessagesWritten":74,"totalMessagesProcessed":78,"totalRedisUpdates":43,"totalValueWritten":1206.9038,"totalAdded":409.5}, {"key":"X4eeB","version":1,"value":30.349333}, {"key":"WvnWB","version":2,"value":14.057079}, {"key":"SWrHc","version":2,"value":11.885803}, {"key":"0ssSj","version":0,"value":0.21241784}, {"key":"c2OET","version":0,"value":14.262853}, {"totalMessagesWritten":79,"totalMessagesProcessed":84,"totalRedisUpdates":46,"totalValueWritten":1277.6713,"totalAdded":430.5}, {"key":"B2PUY","version":1,"value":16.215082}, {"key":"nt6sY","version":0,"value":27.376934}, {"key":"YmxdU","version":2,"value":17.699978}, {"key":"vaoNw","version":0,"value":27.274817}, {"key":"37m8m","version":0,"value":1.8606961}, {"key":"SWrHc","version":2,"value":9.758159}, {"key":"sGavn","version":1,"value":6.1630344}, {"key":"bn9R7","version":0,"value":11.79639}, {"key":"3ZcR4","version":0,"value":4.4645286}, {"key":"T9HSI","version":2,"value":9.102229}, {"key":"bn9R7","version":1,"value":19.668957}, {"key":"sGavn","version":2,"value":3.7795508}, {"key":"Np446","version":1,"value":7.00686}, {"key":"QN8Bo","version":1,"value":24.917427}, {"key":"nbyvl","version":0,"value":11.276561}, {"key":"HZhFi","version":1,"value":25.119926}, {"key":"SLLhK","version":2,"value":12.227098}, {"key":"Gpc6x","version":1,"value":8.30077}, {"key":"oWv1N","version":0,"value":16.912415}, {"key":"6ch2Y","version":1,"value":24.079163}, {"key":"mAmpN","version":0,"value":17.679743}, {"key":"B2PUY","version":2,"value":29.677225}, {"key":"Lyc1S","version":1,"value":15.305015}, {"key":"SLLhK","version":1,"value":3.6610126}, {"key":"0A0lE","version":1,"value":26.120472}, {"key":"GRAwF","version":2,"value":2.5350893}, {"key":"d4CAD","version":0,"value":14.6746235}, {"key":"dRMPx","version":0,"value":19.17775}, {"key":"Ai7ns","version":1,"value":23.850525}, {"key":"vkVw7","version":0,"value":19.610807}, {"key":"KOco8","version":2,"value":21.9182}, {"totalMessagesWritten":110,"totalMessagesProcessed":116,"totalRedisUpdates":62,"totalValueWritten":1756.8821,"totalAdded":588.0}, {"key":"pqQRp","version":1,"value":15.322939}, {"key":"X4eeB","version":1,"value":1.3811231}, {"key":"3ZcR4","version":1,"value":11.032418}, {"key":"b8IZX","version":0,"value":23.52464}, {"key":"stmRR","version":0,"value":16.450718}, {"key":"oWv1N","version":1,"value":14.89844}, {"key":"pqQRp","version":1,"value":13.277285}, {"key":"Np446","version":0,"value":6.608534}, {"key":"SLLhK","version":1,"value":8.377472}, {"key":"vaoNw","version":1,"value":22.876417}, {"key":"vhO4b","version":2,"value":19.05065}, {"key":"0A0lE","version":2,"value":16.481968}, {"key":"Mcwm2","version":1,"value":12.146823}, {"key":"huJUw","version":2,"value":15.353106}, {"key":"b8IZX","version":2,"value":15.878946}, {"key":"a3Pli","version":2,"value":20.994362}, {"key":"KOco8","version":2,"value":4.416972}, {"key":"nt6sY","version":1,"value":21.122803}, {"key":"IJ6BW","version":1,"value":19.377438}, {"key":"GRAwF","version":1,"value":7.500975}, {"key":"PmUgJ","version":1,"value":12.220083}, {"key":"lnHot","version":2,"value":30.250206}, {"key":"MNCde","version":2,"value":5.829092}, {"key":"oWv1N","version":1,"value":19.535421}, {"key":"jqq43","version":1,"value":14.45825}, {"key":"oWv1N","version":0,"value":18.44775}, {"key":"37m8m","version":1,"value":10.923003}, {"key":"MUK3W","version":1,"value":15.711874}, {"key":"qNfw2","version":0,"value":20.084911}, {"totalMessagesWritten":139,"totalMessagesProcessed":146,"totalRedisUpdates":80,"totalValueWritten":2190.417,"totalAdded":766.5}, {"key":"SLLhK","version":1,"value":14.936893}, {"key":"ijWp3","version":0,"value":18.537197}, {"key":"stmRR","version":2,"value":13.515948}, {"key":"PmUgJ","version":2,"value":30.032116}, {"key":"MNCde","version":2,"value":7.4984226}, {"key":"CbGjJ","version":1,"value":17.374176}, {"key":"iTNA8","version":2,"value":28.502804}, {"key":"lZku2","version":2,"value":10.985302}, {"key":"KOco8","version":0,"value":10.272473}, {"key":"c2OET","version":2,"value":11.322252}, {"key":"w0dFy","version":2,"value":16.955503}, {"totalMessagesWritten":150,"totalMessagesProcessed":158,"totalRedisUpdates":88,"totalValueWritten":2370.3503,"totalAdded":840.0}, {"key":"VoArQ","version":1,"value":12.986263}, {"key":"JVVZ3","version":0,"value":26.297909}, {"key":"WvnWB","version":2,"value":15.231143}, {"key":"2XUqH","version":2,"value":25.893505}, {"key":"ghhEs","version":0,"value":24.248741}, {"key":"RJXrd","version":0,"value":21.515444}, {"key":"ujdUo","version":0,"value":19.071877}, {"key":"nt6sY","version":0,"value":13.176738}, {"key":"rltfV","version":1,"value":12.409684}, {"totalMessagesWritten":159,"totalMessagesProcessed":168,"totalRedisUpdates":95,"totalValueWritten":2541.1816,"totalAdded":903.0}, {"key":"MUK3W","version":2,"value":26.659466}, {"key":"7Y7CS","version":1,"value":13.674683}, {"key":"qNfw2","version":1,"value":15.464671}, {"key":"vkVw7","version":0,"value":2.2245705}, {"key":"PmUgJ","version":0,"value":18.415157}, {"key":"b8IZX","version":0,"value":15.420018}, {"key":"ijWp3","version":1,"value":13.66564}, {"key":"bwbk4","version":0,"value":11.831003}, {"key":"ewGt1","version":0,"value":12.841238}, {"key":"MNCde","version":2,"value":10.235333}, {"key":"RJXrd","version":0,"value":9.643177}, {"key":"Np446","version":2,"value":1.6580486}, {"key":"pnLle","version":2,"value":11.949869}, {"key":"VoArQ","version":2,"value":13.585396}, {"key":"w0dFy","version":0,"value":18.169783}, {"key":"b8IZX","version":2,"value":1.7788613}, {"totalMessagesWritten":175,"totalMessagesProcessed":185,"totalRedisUpdates":103,"totalValueWritten":2738.398,"totalAdded":976.5}, {"key":"rIZq2","version":0,"value":23.822294}, {"key":"nt6sY","version":0,"value":10.990559}, {"key":"WNQXm","version":2,"value":20.63963}, {"key":"Mcwm2","version":1,"value":11.171156}, {"key":"stmRR","version":0,"value":9.272628}, {"key":"YmxdU","version":2,"value":17.093626}, {"key":"bn9R7","version":1,"value":1.7401505}, {"key":"QN8Bo","version":2,"value":26.667171}, {"key":"SLLhK","version":2,"value":12.43807}, {"key":"KT2gX","version":0,"value":10.69122}, {"key":"Np446","version":2,"value":9.674869}, {"key":"WUS3x","version":2,"value":18.03622}, {"key":"lnHot","version":2,"value":19.233704}, {"key":"bn9R7","version":1,"value":10.657846}, {"key":"Irfck","version":1,"value":1.2239254}, {"key":"VoArQ","version":0,"value":5.024534}, {"key":"pj4mn","version":1,"value":27.039719}, {"key":"UDl0O","version":2,"value":24.854002}, {"totalMessagesWritten":193,"totalMessagesProcessed":204,"totalRedisUpdates":111,"totalValueWritten":2998.669,"totalAdded":1050.0}, {"key":"0A0lE","version":0,"value":8.914815}, {"key":"SJfIL","version":0,"value":24.30282}, {"key":"MUK3W","version":1,"value":8.522724}, {"key":"ujdUo","version":0,"value":0.5641794}, {"key":"CbGjJ","version":1,"value":6.4363537}, {"key":"xks7X","version":2,"value":13.111155}, {"key":"pnLle","version":1,"value":19.97583}, {"key":"au5PF","version":0,"value":17.6645}, {"key":"b8IZX","version":2,"value":3.231541}, {"key":"JQDuf","version":0,"value":13.938471}, {"key":"lZku2","version":1,"value":17.071173}, {"key":"pqQRp","version":0,"value":9.577708}, {"key":"7Y7CS","version":2,"value":12.540384}, {"key":"jqq43","version":1,"value":0.648849}, {"key":"lnHot","version":0,"value":0.7367456}, {"key":"KT2gX","version":0,"value":15.706072}, {"key":"rltfV","version":2,"value":24.958067}, {"key":"pj4mn","version":0,"value":2.237953}, {"key":"MUK3W","version":1,"value":8.717598}, {"key":"ewGt1","version":2,"value":23.423298}, {"key":"sLQ6E","version":2,"value":23.314407}, {"key":"B1Pbp","version":2,"value":14.987419}, {"key":"GRAwF","version":2,"value":3.0863667}, {"key":"qNfw2","version":2,"value":25.312698}, {"key":"Y5JcT","version":2,"value":14.83831}, {"key":"b8IZX","version":1,"value":14.868723}, {"key":"I71Gq","version":0,"value":20.445354}, {"key":"Irfck","version":2,"value":18.834076}, {"key":"ghhEs","version":1,"value":11.71285}, {"key":"98mgb","version":1,"value":29.484951}, {"key":"MwM3r","version":1,"value":23.7776}, {"key":"jOZyh","version":2,"value":11.057625}, {"key":"CcvsJ","version":0,"value":16.692818}, {"key":"jqq43","version":1,"value":11.294317}, {"key":"UDl0O","version":2,"value":6.4616003}, {"key":"B1Pbp","version":1,"value":5.125339}, {"key":"dWf44","version":2,"value":18.136137}, {"key":"Lyc1S","version":2,"value":6.154052}, {"key":"7Y7CS","version":1,"value":10.468708}, {"key":"jqQoR","version":2,"value":11.637286}, {"key":"fbhYR","version":1,"value":24.36843}, {"key":"a3Pli","version":1,"value":12.95038}, {"key":"XbMpv","version":0,"value":29.833157}, {"key":"huJUw","version":2,"value":14.016694}, {"key":"rIZq2","version":2,"value":12.1302595}, {"key":"lnHot","version":2,"value":11.069579}, {"key":"jqq43","version":0,"value":11.323853}, {"key":"eaLG6","version":2,"value":30.475018}, {"key":"fpDHv","version":1,"value":11.809877}, {"key":"qNfw2","version":0,"value":12.327275}, {"key":"Mcwm2","version":0,"value":3.026967}, {"key":"XFawJ","version":1,"value":18.166817}, {"key":"0A0lE","version":2,"value":18.687593}, {"key":"RiVX0","version":2,"value":11.875762}, {"key":"Fj262","version":1,"value":15.178919}, {"key":"RiVX0","version":0,"value":16.47381}, {"key":"A73WN","version":0,"value":21.22567}, {"key":"YKDLF","version":1,"value":21.409916}, {"key":"0ssSj","version":0,"value":10.051912}, {"key":"HZhFi","version":2,"value":28.864752}, {"key":"pj4mn","version":0,"value":16.61279}, {"key":"Np446","version":1,"value":13.366222}, {"key":"SWrHc","version":0,"value":14.200661}, {"key":"rsS4N","version":0,"value":22.822178}, {"key":"0A0lE","version":1,"value":16.381687}, {"key":"VaVFe","version":0,"value":27.623653}, {"key":"jqQoR","version":1,"value":17.882923}, {"key":"jqq43","version":2,"value":29.192698}, {"key":"b8IZX","version":1,"value":5.686594}, {"key":"JQDuf","version":2,"value":24.680202}, {"key":"lxaIu","version":2,"value":27.648348}, {"key":"98mgb","version":2,"value":13.318042}, {"key":"mUXNZ","version":1,"value":21.009018}, {"key":"Irfck","version":0,"value":8.867458}, {"key":"nt6sY","version":0,"value":19.871096}, {"key":"HZhFi","version":1,"value":12.848973}, {"key":"MTnkt","version":2,"value":16.72824}, {"key":"C8kNH","version":2,"value":18.206049}, {"key":"bwbk4","version":1,"value":2.5384915}, {"key":"mUXNZ","version":1,"value":17.258587}, {"key":"YmxdU","version":2,"value":14.615271}, {"key":"ewGt1","version":1,"value":8.301962}, {"key":"MTnkt","version":2,"value":10.6197405}, {"key":"jRhs9","version":0,"value":23.565826}, {"key":"CbGjJ","version":0,"value":13.639012}, {"key":"dWf44","version":1,"value":17.49389}, {"key":"B1Pbp","version":0,"value":7.966262}, {"key":"UDl0O","version":0,"value":13.328361}, {"key":"Irfck","version":0,"value":6.1261463}, {"key":"HLxFo","version":0,"value":11.282657}, {"key":"rsS4N","version":1,"value":21.818926}, {"key":"pYOCq","version":0,"value":13.596276}, {"key":"KT2gX","version":2,"value":12.606945}, {"key":"CbGjJ","version":2,"value":24.330492}, {"key":"rsS4N","version":0,"value":12.860403}, {"key":"HLxFo","version":0,"value":5.200528}, {"key":"oWv1N","version":2,"value":14.364398}, {"key":"tO4B4","version":0,"value":18.808567}, {"key":"6ch2Y","version":0,"value":12.357117}, {"key":"au5PF","version":2,"value":14.736564}, {"key":"XIVx9","version":0,"value":17.961292}, {"key":"pqQRp","version":0,"value":7.7561045}, {"key":"SJfIL","version":1,"value":14.083097}, {"key":"0ssSj","version":1,"value":0.97758174}, {"key":"N2IPu","version":0,"value":24.03875}, {"key":"a3Pli","version":0,"value":11.785336}, {"totalMessagesWritten":299,"totalMessagesProcessed":311,"totalRedisUpdates":163,"totalValueWritten":4579.3306,"totalAdded":1585.5}, {"key":"mUXNZ","version":2,"value":21.44192}, {"key":"lZku2","version":0,"value":13.474694}, {"key":"Np446","version":2,"value":19.229624}, {"key":"c2OET","version":2,"value":1.201061}, {"key":"A73WN","version":1,"value":18.912037}, {"key":"hZ8QA","version":1,"value":11.609783}, {"key":"ngxtU","version":2,"value":25.67902}, {"key":"vaoNw","version":1,"value":9.493308}, {"key":"N2IPu","version":2,"value":13.842629}, {"key":"A73WN","version":0,"value":5.1926556}, {"key":"eaLG6","version":2,"value":7.0722103}, {"key":"pc42t","version":0,"value":25.252716}, {"key":"VoArQ","version":1,"value":9.684787}, {"key":"rfnEb","version":1,"value":29.369404}, {"key":"VoArQ","version":2,"value":13.135562}, {"key":"I71Gq","version":1,"value":15.79084}, {"key":"7Y7CS","version":0,"value":16.156021}, {"key":"BwJ5H","version":1,"value":19.73986}, {"key":"WvnWB","version":1,"value":7.636052}, {"key":"HIW0Y","version":1,"value":28.946123}, {"key":"jqQoR","version":1,"value":19.961838}, {"key":"InCjq","version":0,"value":16.02829}, {"key":"C8kNH","version":1,"value":3.202089}, {"key":"byo1V","version":2,"value":14.715012}, {"key":"WUS3x","version":1,"value":0.2662301}, {"key":"fpDHv","version":2,"value":27.784416}, {"totalMessagesWritten":325,"totalMessagesProcessed":338,"totalRedisUpdates":177,"totalValueWritten":4974.15,"totalAdded":1722.0}, {"key":"HEG9p","version":1,"value":19.850574}, {"key":"mUXNZ","version":2,"value":11.436807}, {"key":"BwJ5H","version":2,"value":15.194145}, {"key":"sfO7A","version":1,"value":26.586758}, {"key":"IJ6BW","version":1,"value":0.86408377}, {"key":"CbGjJ","version":1,"value":3.363607}, {"key":"37m8m","version":2,"value":7.2949743}, {"key":"MwM3r","version":0,"value":17.859383}, {"key":"bn9R7","version":0,"value":6.654004}, {"key":"YKDLF","version":0,"value":8.548832}, {"key":"0RMxi","version":1,"value":15.238161}, {"key":"JQDuf","version":0,"value":2.8449774}, {"key":"HLxFo","version":2,"value":22.324017}, {"key":"XbMpv","version":2,"value":14.443583}, {"key":"P5DZH","version":2,"value":18.811554}, {"key":"JOt1C","version":2,"value":12.982109}, {"key":"r5SD4","version":0,"value":11.685661}, {"key":"ghhEs","version":1,"value":15.990381}, {"key":"HEG9p","version":2,"value":24.937138}, {"key":"pc42t","version":2,"value":24.946281}, {"key":"7Y7CS","version":2,"value":18.6496}, {"totalMessagesWritten":346,"totalMessagesProcessed":360,"totalRedisUpdates":189,"totalValueWritten":5274.6567,"totalAdded":1837.5}, {"key":"SJfIL","version":1,"value":4.3257523}, {"key":"tk4Ce","version":2,"value":11.542692}, {"key":"eaLG6","version":0,"value":3.2498014}, {"key":"lnHot","version":1,"value":7.342956}, {"key":"Y5JcT","version":1,"value":16.833778}, {"key":"YKDLF","version":1,"value":8.051143}, {"key":"rfnEb","version":2,"value":22.306944}, {"key":"YKDLF","version":1,"value":17.433878}, {"key":"Np446","version":1,"value":9.396029}, {"key":"sfO7A","version":0,"value":0.9531653}, {"key":"B2PUY","version":0,"value":5.7748327}, {"key":"7Y7CS","version":0,"value":4.5482073}, {"key":"Tl50V","version":1,"value":23.707668}, {"key":"ujdUo","version":0,"value":10.000905}, {"key":"SMf7O","version":1,"value":18.86649}, {"key":"ZsFom","version":0,"value":20.536623}, {"key":"lxaIu","version":0,"value":5.66424}, {"key":"JepL6","version":2,"value":30.173973}, {"key":"xI5Kw","version":1,"value":18.799397}, {"key":"7bcg7","version":1,"value":22.99538}, {"key":"OS2cN","version":2,"value":18.077248}, {"key":"MJRGo","version":2,"value":30.226456}, {"key":"JepL6","version":0,"value":9.681904}, {"key":"c2OET","version":0,"value":0.25220633}, {"key":"Irfck","version":0,"value":8.785442}, {"key":"Y8Bph","version":2,"value":21.239235}, {"key":"Np446","version":2,"value":3.67306}, {"key":"ZsFom","version":1,"value":25.481117}, {"key":"LviJ6","version":0,"value":17.13918}, {"key":"ZsFom","version":2,"value":26.107643}, {"key":"pj4mn","version":1,"value":4.0884376}, {"key":"Yy6Oi","version":2,"value":10.598906}, {"key":"byo1V","version":1,"value":19.689873}, {"key":"BwJ5H","version":0,"value":12.600834}, {"key":"pnLle","version":0,"value":19.74335}, {"key":"LviJ6","version":0,"value":13.680798}, {"key":"ZsFom","version":2,"value":7.4444556}, {"key":"jqQoR","version":1,"value":19.887}, {"key":"0VfUe","version":2,"value":30.311459}, {"key":"EafW8","version":0,"value":24.803286}, {"key":"S1bjb","version":1,"value":12.666239}, {"totalMessagesWritten":387,"totalMessagesProcessed":402,"totalRedisUpdates":208,"totalValueWritten":5873.3394,"totalAdded":2026.5}, {"key":"QBPMZ","version":1,"value":23.268002}, {"key":"Fj262","version":1,"value":11.00768}, {"key":"Rg7cY","version":2,"value":12.958968}, {"key":"jOZyh","version":0,"value":0.7825494}, {"key":"dWf44","version":0,"value":13.5776825}, {"key":"7bcg7","version":2,"value":13.558553}, {"key":"0JOjl","version":1,"value":15.715112}, {"key":"nky4Y","version":0,"value":22.473186}, {"key":"Gpc6x","version":2,"value":18.842655}, {"key":"au5PF","version":2,"value":0.8758688}, {"key":"ijWp3","version":2,"value":15.239305}, {"key":"7Y7CS","version":1,"value":6.9903255}, {"key":"oWv1N","version":0,"value":4.3865433}, {"key":"tk4Ce","version":2,"value":2.5123584}, {"totalMessagesWritten":401,"totalMessagesProcessed":417,"totalRedisUpdates":216,"totalValueWritten":6035.529,"totalAdded":2100.0}, {"key":"xks7X","version":2,"value":1.8014038}, {"key":"MTnkt","version":2,"value":16.36356}, {"key":"lZku2","version":0,"value":9.830647}, {"key":"pc42t","version":1,"value":8.307961}, {"key":"w0dFy","version":2,"value":6.3388433}, {"key":"B2PUY","version":2,"value":10.480555}, {"key":"JepL6","version":1,"value":10.828285}, {"key":"h5UnK","version":1,"value":24.837921}, {"key":"7bcg7","version":1,"value":14.995455}, {"key":"pYOCq","version":0,"value":12.26327}, {"key":"Yy6Oi","version":0,"value":7.593498}, {"key":"ngxtU","version":1,"value":12.140194}, {"key":"CEL9h","version":2,"value":10.770099}, {"key":"vi9bv","version":0,"value":13.518618}, {"key":"sfO7A","version":1,"value":6.9445324}, {"key":"xks7X","version":1,"value":9.163477}, {"key":"lqnQH","version":1,"value":20.203732}, {"key":"L4blT","version":0,"value":26.906404}, {"key":"h5UnK","version":0,"value":18.181698}, {"key":"Kf4YU","version":2,"value":24.572258}, {"key":"7bcg7","version":1,"value":4.90005}, {"key":"ghYer","version":2,"value":25.32843}, {"key":"ewGt1","version":2,"value":17.880741}, {"key":"P5DZH","version":1,"value":0.9960532}, {"key":"OmtDS","version":0,"value":10.809122}, {"key":"qfKmx","version":2,"value":27.695734}, {"key":"htXhE","version":2,"value":13.967835}, {"key":"X4eeB","version":0,"value":18.986313}, {"key":"7ZgbT","version":0,"value":19.57769}, {"key":"pYOCq","version":0,"value":7.378291}, {"key":"47lXC","version":2,"value":28.19604}, {"key":"nFQq8","version":1,"value":29.208061}, {"key":"CEL9h","version":2,"value":3.5779154}, {"key":"pnZOU","version":1,"value":30.330557}, {"key":"y9c0R","version":0,"value":29.700102}, {"key":"7ZgbT","version":2,"value":26.21211}, {"key":"IJ6BW","version":2,"value":11.477104}, {"key":"JVVZ3","version":2,"value":24.934898}, {"key":"f2Ums","version":0,"value":12.457112}, {"key":"sLQ6E","version":1,"value":13.136005}, {"key":"vi9bv","version":1,"value":16.9849}, {"key":"HIW0Y","version":1,"value":5.434538}, {"key":"huJUw","version":1,"value":18.080343}, {"key":"dWf44","version":1,"value":11.361905}, {"key":"KT2gX","version":0,"value":9.649878}, {"key":"JOt1C","version":0,"value":14.039444}, {"key":"5hv2C","version":1,"value":23.949226}, {"key":"MwM3r","version":0,"value":17.984077}, {"key":"jyVyZ","version":0,"value":26.653526}, {"key":"xL7LZ","version":0,"value":11.152218}, {"key":"VoArQ","version":1,"value":18.090786}, {"key":"UDl0O","version":0,"value":16.433067}, {"key":"0JOjl","version":2,"value":22.89142}, {"key":"JepL6","version":0,"value":12.586459}, {"key":"EafW8","version":2,"value":11.337907}, {"key":"Mu6S9","version":0,"value":18.642218}, {"key":"AI74Q","version":0,"value":21.0666}, {"key":"vhO4b","version":2,"value":16.651491}, {"key":"hZ8QA","version":1,"value":14.103757}, {"key":"CbGjJ","version":2,"value":9.088745}, {"key":"tO4B4","version":2,"value":26.019304}, {"key":"f2Ums","version":2,"value":28.783623}, {"key":"HIW0Y","version":1,"value":16.79944}, {"key":"vkVw7","version":1,"value":19.94667}, {"key":"Gpc6x","version":2,"value":19.187338}, {"totalMessagesWritten":466,"totalMessagesProcessed":483,"totalRedisUpdates":246,"totalValueWritten":7085.2397,"totalAdded":2404.5}, {"key":"WvnWB","version":0,"value":12.961607}, {"key":"d6a6U","version":1,"value":20.43768}, {"key":"wykWg","version":0,"value":14.896183}, {"key":"dWf44","version":1,"value":14.183762}, {"key":"huJUw","version":2,"value":2.65319}, {"key":"PmUgJ","version":1,"value":9.691735}, {"key":"Np446","version":2,"value":1.5176785}, {"key":"xL7LZ","version":1,"value":25.29705}, {"key":"stmRR","version":0,"value":1.6423142}, {"key":"JepL6","version":1,"value":19.22551}, {"key":"au5PF","version":0,"value":16.422579}, {"key":"rIZq2","version":2,"value":16.266685}, {"key":"X4eeB","version":1,"value":4.5461264}, {"key":"Kf4YU","version":2,"value":14.468575}, {"key":"ujdUo","version":2,"value":18.572872}, {"totalMessagesWritten":481,"totalMessagesProcessed":499,"totalRedisUpdates":251,"totalValueWritten":7278.022,"totalAdded":2446.5}, {"totalMessagesWritten":481,"totalMessagesProcessed":500,"totalRedisUpdates":252,"totalValueWritten":7278.022,"totalAdded":2446.5}]
03:03:53.640 INFO  u.a.e.a.c.AcpCw2ApplicationTests - ===============================PASSED===================================
03:03:53.640 INFO  u.a.e.a.c.AcpCw2ApplicationTests - --------------STARTING TRANSFORM TEST----------------
03:03:53.640 INFO  u.a.e.a.c.AcpCw2ApplicationTests - Generating 500 packets
03:03:53.665 INFO  u.a.e.a.c.s.RabbitMqService - Sent 500/500 messages to TransformTestRead-40746-up7AZ
03:03:53.672 INFO  u.a.e.a.c.d.MessageTransformer - Transforming messages; read_queue:TransformTestRead-40746-up7AZ, write_queue:TransformTestWrite-50648-trsw6, count:500
03:03:53.672 INFO  u.a.e.a.c.s.RabbitMqService - [With Validation]Reading queue TransformTestRead-40746-up7AZ: count=500
03:03:53.725 INFO  u.a.e.a.c.s.RabbitMqService - [With Validation]Received 500/500 messages in 53ms
03:03:53.725 INFO  u.a.e.a.c.s.RabbitMqService - returning: [{"key":"WQww2","version":1,"value":10.870957}, {"key":"8biug","version":0,"value":8.411895}, {"key":"E3Whq","version":1,"value":9.941831}, {"key":"WQww2","TOTAL":20.538103}, {"key":"woDIn","version":2,"value":15.475217}, {"key":"GvdaH","version":0,"value":18.091217}, {"key":"woDIn","version":0,"value":0.62550545}, {"key":"E3Whq","version":0,"value":5.4840684}, {"key":"KhPEr","version":2,"value":5.2005444}, {"key":"Fm4WI","version":0,"value":12.071543}, {"key":"GvdaH","TOTAL":0.0}, {"key":"E3Whq","version":2,"value":18.998682}, {"key":"KhPEr","version":1,"value":14.642986}, {"key":"8biug","TOTAL":0.0}, {"key":"pJ0aB","version":2,"value":1.7500389}, {"key":"fJ6hp","version":0,"value":17.87885}, {"key":"woDIn","TOTAL":0.0}, {"key":"Fm4WI","version":2,"value":0.6544411}, {"key":"UoYDi","version":0,"value":10.934509}, {"key":"KhPEr","version":1,"value":14.747944}, {"key":"fJ6hp","version":2,"value":16.972742}, {"key":"Fm4WI","version":1,"value":10.838692}, {"key":"iy2Sm","version":0,"value":1.5511644}, {"key":"dxMvg","version":0,"value":11.145563}, {"key":"iy2Sm","version":2,"value":15.867115}, {"key":"Fm4WI","version":1,"value":19.43473}, {"key":"OnY1P","version":2,"value":8.658007}, {"key":"UoYDi","TOTAL":0.0}, {"key":"iy2Sm","version":0,"value":11.82267}, {"key":"E3Whq","TOTAL":15.564579}, {"key":"dxMvg","TOTAL":0.0}, {"key":"KhPEr","version":0,"value":5.0749683}, {"key":"Pw7to","version":2,"value":16.918217}, {"key":"iy2Sm","version":0,"value":1.7644441}, {"key":"QGjDi","version":1,"value":5.5759583}, {"key":"hccL2","version":0,"value":6.73177}, {"key":"fJ6hp","version":2,"value":4.8233724}, {"key":"Fm4WI","version":0,"value":18.99088}, {"key":"o9QAh","version":1,"value":19.81555}, {"key":"pJ0aB","TOTAL":0.0}, {"key":"Fm4WI","version":1,"value":11.650274}, {"key":"OnY1P","version":1,"value":12.213326}, {"key":"Pw7to","TOTAL":0.0}, {"key":"hIIHB","version":2,"value":17.65438}, {"key":"Fm4WI","version":2,"value":12.874348}, {"key":"iy2Sm","version":2,"value":7.086302}, {"key":"99Cth","version":1,"value":7.5729966}, {"key":"o9QAh","TOTAL":59.269585}, {"key":"Fm4WI","version":1,"value":12.632517}, {"key":"fJ6hp","version":1,"value":8.326093}, {"key":"fJ6hp","version":0,"value":6.113789}, {"key":"hccL2","version":0,"value":3.8379467}, {"key":"hccL2","version":2,"value":12.252045}, {"key":"iy2Sm","version":0,"value":17.16607}, {"key":"JkWPC","version":0,"value":19.674273}, {"key":"KhPEr","version":2,"value":7.6822844}, {"key":"KhPEr","TOTAL":0.0}, {"key":"QGjDi","version":0,"value":7.5638666}, {"key":"fJ6hp","version":1,"value":9.078583}, {"key":"fJWGa","version":1,"value":9.127921}, {"key":"iy2Sm","TOTAL":0.0}, {"key":"JkWPC","version":2,"value":16.16126}, {"key":"F6EBp","version":1,"value":9.46703}, {"key":"G3X7O","version":0,"value":1.3449073}, {"key":"OnY1P","version":2,"value":12.080092}, {"key":"QGjDi","version":1,"value":12.229786}, {"key":"Ehc4a","version":0,"value":12.455846}, {"key":"99Cth","version":1,"value":3.1566155}, {"key":"Fm4WI","version":2,"value":9.560856}, {"key":"OnY1P","version":0,"value":12.034169}, {"key":"PQU1o","version":1,"value":11.269759}, {"key":"nayxm","version":2,"value":12.40996}, {"key":"rFu4W","version":0,"value":18.862198}, {"key":"8pGZG","version":1,"value":16.573505}, {"key":"99Cth","version":0,"value":0.9904671}, {"key":"PQU1o","version":1,"value":0.5891931}, {"key":"PQU1o","version":0,"value":10.569363}, {"key":"fJWGa","version":0,"value":7.250451}, {"key":"Fm4WI","TOTAL":0.0}, {"key":"fJWGa","TOTAL":0.0}, {"key":"Ehc4a","version":2,"value":8.840273}, {"key":"nayxm","version":2,"value":14.913326}, {"key":"QGjDi","version":0,"value":0.75343966}, {"key":"PQU1o","version":2,"value":4.049945}, {"key":"JkWPC","version":0,"value":2.368536}, {"key":"XmHIo","version":0,"value":14.168931}, {"key":"OnY1P","version":2,"value":14.757515}, {"key":"PQU1o","version":0,"value":12.707144}, {"key":"F6EBp","version":1,"value":5.444963}, {"key":"F6EBp","version":0,"value":2.2210002}, {"key":"fJ6hp","version":2,"value":0.34782767}, {"key":"pu3Gf","version":0,"value":17.047398}, {"key":"Ehc4a","TOTAL":20.384472}, {"key":"99Cth","version":1,"value":4.158901}, {"key":"rFu4W","TOTAL":0.0}, {"key":"F6EBp","version":0,"value":5.9636354}, {"key":"fJ6hp","version":1,"value":3.1982577}, {"key":"F6EBp","version":1,"value":0.034167767}, {"key":"u77VE","version":1,"value":3.694446}, {"key":"XmHIo","version":0,"value":8.580587}, {"key":"QGjDi","version":1,"value":12.892765}, {"key":"nayxm","version":1,"value":19.904728}, {"key":"F6EBp","TOTAL":0.0}, {"key":"q9bNU","version":1,"value":4.227519}, {"key":"QGjDi","version":1,"value":3.682872}, {"key":"8pGZG","version":0,"value":6.3472643}, {"key":"3TEXe","version":1,"value":11.423841}, {"key":"XmHIo","version":2,"value":15.805176}, {"key":"nayxm","version":1,"value":2.3849976}, {"key":"hIIHB","version":2,"value":8.772731}, {"key":"OnY1P","version":1,"value":1.5836406}, {"key":"fJ6hp","TOTAL":0.0}, {"key":"hccL2","version":2,"value":18.298225}, {"key":"pu3Gf","version":2,"value":2.2169828}, {"key":"nayxm","version":1,"value":9.749577}, {"key":"3TEXe","version":0,"value":0.058939457}, {"key":"hccL2","version":2,"value":9.8625765}, {"key":"KBolO","version":1,"value":13.830545}, {"key":"FdjwI","version":1,"value":12.544214}, {"key":"PQU1o","version":1,"value":19.752253}, {"key":"99Cth","version":1,"value":5.7010927}, {"key":"u77VE","version":0,"value":7.6234474}, {"key":"hIIHB","version":2,"value":15.065395}, {"key":"q9bNU","version":2,"value":15.439669}, {"key":"nayxm","version":2,"value":13.965677}, {"key":"hccL2","TOTAL":0.0}, {"key":"u77VE","version":2,"value":5.8820558}, {"key":"PQU1o","version":1,"value":17.12234}, {"key":"3TEXe","version":0,"value":4.207835}, {"key":"yWVSR","version":2,"value":11.808003}, {"key":"PQU1o","version":2,"value":5.1037636}, {"key":"eFLFx","version":2,"value":7.2958946}, {"key":"3TEXe","version":2,"value":16.62716}, {"key":"JkWPC","version":2,"value":12.213539}, {"key":"XmHIo","version":0,"value":19.289816}, {"key":"OnY1P","version":1,"value":14.105786}, {"key":"6bWAV","version":0,"value":14.8786745}, {"key":"QGjDi","version":2,"value":10.26423}, {"key":"1JdhB","version":2,"value":10.777399}, {"key":"XmHIo","version":0,"value":10.255942}, {"key":"HE7BJ","version":1,"value":14.957886}, {"key":"6bWAV","version":1,"value":12.769584}, {"key":"eFLFx","TOTAL":0.0}, {"key":"99Cth","version":1,"value":4.5038977}, {"key":"Xv3OP","version":1,"value":13.82183}, {"key":"UETOu","version":2,"value":5.46084}, {"key":"3TEXe","version":0,"value":6.391475}, {"key":"A1hgb","version":0,"value":9.984694}, {"key":"G3X7O","version":2,"value":18.974524}, {"key":"FdjwI","TOTAL":0.0}, {"key":"YCssB","version":0,"value":3.2408786}, {"key":"XmHIo","version":0,"value":8.649549}, {"key":"GToBG","version":1,"value":18.419212}, {"key":"A1hgb","TOTAL":0.0}, {"key":"KBolO","TOTAL":0.0}, {"key":"6bWAV","version":0,"value":6.1511207}, {"key":"OnY1P","version":0,"value":12.270898}, {"key":"6bWAV","version":2,"value":2.6375973}, {"key":"G3X7O","version":0,"value":7.913266}, {"key":"XmHIo","TOTAL":0.0}, {"key":"GToBG","TOTAL":0.0}, {"key":"QTboU","version":2,"value":13.200842}, {"key":"Bw8T4","version":1,"value":3.165288}, {"key":"JkWPC","version":0,"value":12.372997}, {"key":"2FbmU","version":0,"value":11.7321005}, {"key":"i52tk","version":1,"value":16.47451}, {"key":"YCssB","version":2,"value":7.710099}, {"key":"Bw8T4","version":2,"value":12.3382225}, {"key":"nayxm","version":0,"value":1.3377488}, {"key":"Rqngl","version":2,"value":8.157278}, {"key":"OnY1P","TOTAL":0.0}, {"key":"Bw8T4","version":2,"value":19.639507}, {"key":"2FbmU","version":0,"value":4.2617807}, {"key":"3TEXe","version":2,"value":10.294442}, {"key":"ssTMr","version":2,"value":11.896888}, {"key":"niRkP","version":1,"value":5.27956}, {"key":"Bw8T4","version":0,"value":16.909988}, {"key":"JkWPC","version":2,"value":3.0591786}, {"key":"99Cth","TOTAL":0.0}, {"key":"hIIHB","version":0,"value":2.5408852}, {"key":"QTboU","version":0,"value":7.6000714}, {"key":"pu3Gf","version":1,"value":2.585535}, {"key":"PQU1o","version":1,"value":13.425593}, {"key":"OZVsr","version":1,"value":8.712234}, {"key":"nayxm","version":1,"value":14.998325}, {"key":"1JdhB","version":0,"value":7.70591}, {"key":"i52tk","version":0,"value":7.129793}, {"key":"Rqngl","TOTAL":0.0}, {"key":"PpVK2","version":2,"value":0.8105862}, {"key":"yWVSR","TOTAL":0.0}, {"key":"UETOu","version":2,"value":10.895512}, {"key":"3tCw3","version":1,"value":0.5104518}, {"key":"xBEdH","version":2,"value":18.084267}, {"key":"ssTMr","version":1,"value":10.960732}, {"key":"G3X7O","TOTAL":0.0}, {"key":"ba8Vh","version":2,"value":14.4160595}, {"key":"Xv3OP","version":2,"value":13.686516}, {"key":"HAuaY","version":0,"value":9.868442}, {"key":"Q62Ww","version":2,"value":16.383526}, {"key":"hIIHB","version":0,"value":0.2147305}, {"key":"NPaPU","version":1,"value":14.076739}, {"key":"ZofBZ","version":2,"value":18.597809}, {"key":"3TEXe","TOTAL":95.99039}, {"key":"QGjDi","version":0,"value":9.777836}, {"key":"JkWPC","TOTAL":0.0}, {"key":"Q62Ww","version":0,"value":6.6875267}, {"key":"OZVsr","version":1,"value":1.6747046}, {"key":"ssTMr","version":2,"value":9.574272}, {"key":"HE7BJ","version":2,"value":16.744215}, {"key":"YCssB","TOTAL":0.0}, {"key":"HAuaY","TOTAL":58.013363}, {"key":"xBEdH","TOTAL":0.0}, {"key":"u77VE","TOTAL":0.0}, {"key":"2FbmU","version":1,"value":1.5963209}, {"key":"Bw8T4","version":1,"value":11.189103}, {"key":"QGjDi","version":0,"value":3.4218085}, {"key":"3tCw3","TOTAL":0.0}, {"key":"MSesA","version":0,"value":10.994531}, {"key":"hIIHB","version":2,"value":6.0909843}, {"key":"Q62Ww","version":2,"value":19.351513}, {"key":"1JdhB","version":0,"value":8.035849}, {"key":"ssTMr","TOTAL":11.363763}, {"key":"ROnBd","version":1,"value":13.263777}, {"key":"Xv3OP","version":2,"value":2.2449708}, {"key":"q9bNU","TOTAL":0.0}, {"key":"ArrOY","version":1,"value":1.9937813}, {"key":"MSesA","TOTAL":0.0}, {"key":"Q62Ww","version":1,"value":11.233505}, {"key":"nayxm","TOTAL":0.0}, {"key":"Pu9vd","version":0,"value":8.370439}, {"key":"1JdhB","TOTAL":0.0}, {"key":"QTboU","TOTAL":0.0}, {"key":"1vPUc","version":1,"value":14.838085}, {"key":"Xv3OP","version":2,"value":18.592646}, {"key":"hIIHB","version":0,"value":1.4070857}, {"key":"8pGZG","version":0,"value":4.995571}, {"key":"PQU1o","version":0,"value":14.553001}, {"key":"NPaPU","version":1,"value":6.162467}, {"key":"HE7BJ","TOTAL":0.0}, {"key":"fFKdC","version":0,"value":3.2627654}, {"key":"UETOu","version":0,"value":8.178837}, {"key":"Q62Ww","version":0,"value":4.580225}, {"key":"Bw8T4","version":1,"value":6.5314865}, {"key":"I8Oe9","version":1,"value":10.216547}, {"key":"QGjDi","version":1,"value":12.9795685}, {"key":"i52tk","version":0,"value":12.733786}, {"key":"CPMQr","version":0,"value":9.776266}, {"key":"PTvRN","version":0,"value":11.965232}, {"key":"xYimU","version":0,"value":6.875725}, {"key":"ba8Vh","version":0,"value":5.9639835}, {"key":"8pGZG","TOTAL":55.563046}, {"key":"hq2gv","version":0,"value":12.383327}, {"key":"1vPUc","version":1,"value":5.8039656}, {"key":"Bw8T4","TOTAL":0.0}, {"key":"QGjDi","version":1,"value":8.701788}, {"key":"OZVsr","version":1,"value":12.756191}, {"key":"1vPUc","TOTAL":81.40179}, {"key":"UETOu","version":0,"value":2.5825334}, {"key":"ArrOY","version":0,"value":12.443333}, {"key":"ArrOY","version":0,"value":10.965399}, {"key":"tbK1x","version":1,"value":16.079807}, {"key":"6bWAV","TOTAL":0.0}, {"key":"PQU1o","TOTAL":0.0}, {"key":"ZofBZ","version":0,"value":9.807772}, {"key":"pu3Gf","TOTAL":0.0}, {"key":"n5v95","version":0,"value":4.7056923}, {"key":"jvpx9","version":1,"value":16.745016}, {"key":"ZofBZ","version":2,"value":11.294804}, {"key":"fFKdC","version":1,"value":17.688032}, {"key":"PpVK2","version":0,"value":0.9146786}, {"key":"N3xrG","version":1,"value":12.674887}, {"key":"Xv3OP","TOTAL":0.0}, {"key":"Pu9vd","version":2,"value":13.078513}, {"key":"QGjDi","TOTAL":0.0}, {"key":"NPaPU","version":1,"value":13.311045}, {"key":"jvpx9","version":0,"value":18.613276}, {"key":"1aWTE","version":0,"value":6.4363136}, {"key":"Pu9vd","version":2,"value":0.6652677}, {"key":"NPaPU","TOTAL":0.0}, {"key":"ba8Vh","version":1,"value":15.463692}, {"key":"OZVsr","version":1,"value":13.864752}, {"key":"ArrOY","version":1,"value":2.7287352}, {"key":"2FbmU","version":2,"value":13.109602}, {"key":"xYimU","TOTAL":0.0}, {"key":"1aWTE","version":0,"value":19.394075}, {"key":"fFKdC","version":0,"value":14.67249}, {"key":"eHpH5","version":0,"value":5.811038}, {"key":"I8Oe9","version":2,"value":11.501836}, {"key":"PTvRN","version":1,"value":19.32618}, {"key":"n5v95","version":1,"value":15.344171}, {"key":"N3xrG","version":0,"value":1.5816486}, {"key":"PTvRN","TOTAL":51.543552}, {"key":"VBkFL","version":0,"value":2.5715113}, {"key":"Hr8YU","version":2,"value":9.291874}, {"key":"2FbmU","version":0,"value":4.8225555}, {"key":"6EwNE","version":1,"value":3.9964974}, {"key":"I8Oe9","version":1,"value":19.368214}, {"key":"ba8Vh","version":0,"value":19.548985}, {"key":"LEfq1","version":1,"value":5.426589}, {"key":"i52tk","version":0,"value":7.8202715}, {"key":"Q62Ww","version":0,"value":2.5856805}, {"key":"1aWTE","TOTAL":0.0}, {"key":"I8Oe9","version":0,"value":3.905927}, {"key":"UETOu","version":2,"value":5.156975}, {"key":"ZofBZ","version":0,"value":8.066566}, {"key":"6EwNE","version":0,"value":1.8074906}, {"key":"VBkFL","version":1,"value":15.576687}, {"key":"4Q8rd","version":2,"value":1.2587535}, {"key":"ba8Vh","version":1,"value":8.478579}, {"key":"6EwNE","TOTAL":0.0}, {"key":"Q1yCp","version":0,"value":10.283552}, {"key":"hq2gv","version":1,"value":8.016493}, {"key":"niRkP","TOTAL":0.0}, {"key":"2FbmU","TOTAL":0.0}, {"key":"mseAO","version":1,"value":2.6412022}, {"key":"qZIMJ","version":0,"value":17.274254}, {"key":"Dq2Gh","version":0,"value":17.927254}, {"key":"sdL8V","version":2,"value":19.786697}, {"key":"jvpx9","TOTAL":0.0}, {"key":"OXYb2","version":0,"value":11.2855835}, {"key":"VBkFL","TOTAL":89.7453}, {"key":"n5v95","version":2,"value":6.2236795}, {"key":"hq2gv","version":2,"value":8.060959}, {"key":"hIIHB","TOTAL":0.0}, {"key":"dhT2k","version":0,"value":9.051619}, {"key":"Q1yCp","version":1,"value":0.7463229}, {"key":"KibnW","version":2,"value":9.784475}, {"key":"Hr8YU","version":1,"value":14.061844}, {"key":"3TwXF","version":0,"value":5.004607}, {"key":"Pu9vd","version":2,"value":9.360757}, {"key":"i52tk","TOTAL":0.0}, {"key":"bKvFT","version":1,"value":5.918789}, {"key":"jZxON","version":2,"value":1.1160302}, {"key":"PPBSn","version":0,"value":15.157621}, {"key":"hIiYN","version":1,"value":7.6157928}, {"key":"L7u6d","version":0,"value":16.405811}, {"key":"KibnW","version":2,"value":7.295018}, {"key":"i6x19","version":2,"value":3.9138734}, {"key":"UETOu","version":1,"value":12.188879}, {"key":"bKvFT","TOTAL":39.182655}, {"key":"Bi0qD","version":0,"value":10.928298}, {"key":"Pu9vd","version":0,"value":7.9568887}, {"key":"CPMQr","TOTAL":41.16921}, {"key":"OXYb2","TOTAL":0.0}, {"key":"KibnW","TOTAL":0.0}, {"key":"Q62Ww","version":2,"value":14.465676}, {"key":"G8Ey7","version":0,"value":0.44220686}, {"key":"hIiYN","version":2,"value":4.0120926}, {"key":"G8Ey7","version":0,"value":19.271452}, {"key":"sdL8V","version":1,"value":16.364172}, {"key":"PPBSn","version":1,"value":8.877254}, {"key":"ZofBZ","version":1,"value":13.724203}, {"key":"Q62Ww","version":1,"value":6.6855764}, {"key":"4Q8rd","version":0,"value":0.86930156}, {"key":"n5v95","TOTAL":0.0}, {"key":"Q1yCp","version":1,"value":1.7797446}, {"key":"bWDWr","version":2,"value":0.09366393}, {"key":"L7u6d","version":0,"value":6.919763}, {"key":"PZIec","version":2,"value":6.797254}, {"key":"I8Oe9","TOTAL":84.39572}, {"key":"ArrOY","TOTAL":0.0}, {"key":"bWDWr","version":2,"value":17.089123}, {"key":"eHpH5","version":0,"value":13.13725}, {"key":"ROnBd","version":2,"value":1.7241776}, {"key":"dhT2k","TOTAL":0.0}, {"key":"UETOu","TOTAL":0.0}, {"key":"G8Ey7","version":1,"value":1.6246724}, {"key":"wKMJ3","version":1,"value":10.052795}, {"key":"3TwXF","version":0,"value":10.929156}, {"key":"DXNbh","version":2,"value":0.6624079}, {"key":"ZAcqS","version":1,"value":17.45168}, {"key":"Bi0qD","version":2,"value":16.54649}, {"key":"mseAO","TOTAL":0.0}, {"key":"3TwXF","TOTAL":59.22236}, {"key":"tjUQo","version":0,"value":9.692578}, {"key":"KgmIp","version":0,"value":14.795871}, {"key":"PPBSn","version":2,"value":12.141983}, {"key":"fFKdC","version":0,"value":4.3059587}, {"key":"i6x19","version":0,"value":17.354237}, {"key":"G8Ey7","version":1,"value":13.207582}, {"key":"PpVK2","TOTAL":0.0}, {"key":"ZofBZ","version":2,"value":7.508161}, {"key":"jZxON","version":0,"value":8.782258}, {"key":"G8Ey7","version":2,"value":13.887264}, {"key":"qZIMJ","TOTAL":0.0}, {"key":"E7W1W","version":1,"value":14.489897}, {"key":"OZVsr","TOTAL":0.0}, {"key":"Hr8YU","version":0,"value":2.7203977}, {"key":"DXNbh","version":0,"value":10.1506815}, {"key":"DXNbh","version":0,"value":12.218077}, {"key":"g7aZL","version":2,"value":16.820705}, {"key":"Q1yCp","TOTAL":0.0}, {"key":"hIiYN","version":2,"value":13.248735}, {"key":"E7W1W","version":0,"value":10.878088}, {"key":"i6x19","version":1,"value":11.410066}, {"key":"s52vi","version":2,"value":6.0601306}, {"key":"bRIWy","version":1,"value":4.928542}, {"key":"L7u6d","version":0,"value":9.133124}, {"key":"XVWYi","version":2,"value":5.9339404}, {"key":"hq2gv","TOTAL":0.0}, {"key":"yOGmf","version":2,"value":12.814971}, {"key":"pFt73","version":1,"value":11.441271}, {"key":"L7u6d","version":1,"value":10.879215}, {"key":"g7aZL","version":2,"value":1.371187}, {"key":"Dq2Gh","version":2,"value":17.130562}, {"key":"bRIWy","version":2,"value":11.055198}, {"key":"tjUQo","version":1,"value":9.951402}, {"key":"e99DB","version":2,"value":6.0316763}, {"key":"md9V6","version":2,"value":16.970173}, {"key":"sdL8V","version":0,"value":19.648094}, {"key":"ES76s","version":1,"value":15.611067}, {"key":"PPBSn","version":1,"value":11.652676}, {"key":"x8SSn","version":2,"value":4.6039095}, {"key":"ZAcqS","version":2,"value":8.413408}, {"key":"PPBSn","TOTAL":0.0}, {"key":"eHpH5","version":2,"value":8.521025}, {"key":"E7W1W","version":1,"value":17.403027}, {"key":"x8SSn","version":0,"value":9.758636}, {"key":"L7u6d","TOTAL":0.0}, {"key":"Dq2Gh","version":2,"value":15.469283}, {"key":"sU4a0","version":1,"value":13.428011}, {"key":"8HmCL","version":0,"value":12.894422}, {"key":"wKMJ3","version":2,"value":3.9685726}, {"key":"eV5QJ","version":0,"value":17.13535}, {"key":"G8Ey7","version":2,"value":17.111883}, {"key":"yGufV","version":2,"value":15.410603}, {"key":"eXBNu","version":2,"value":16.178028}, {"key":"q3o1t","version":2,"value":5.1756477}, {"key":"bWDWr","version":1,"value":5.1889553}, {"key":"DXNbh","version":0,"value":2.1547186}, {"key":"OdKu9","version":1,"value":14.726886}, {"key":"ba8Vh","version":1,"value":16.952585}, {"key":"ba8Vh","version":0,"value":2.5164378}, {"key":"DXNbh","version":2,"value":6.3396606}, {"key":"ZAcqS","version":1,"value":16.15064}, {"key":"tbK1x","version":2,"value":1.9115686}, {"key":"sU4a0","TOTAL":73.50617}, {"key":"JN50H","version":0,"value":4.641819}, {"key":"ZAcqS","version":1,"value":8.728384}, {"key":"i6x19","version":1,"value":14.733619}, {"key":"gjN6l","version":1,"value":3.91227}, {"key":"wKMJ3","version":1,"value":7.298874}, {"key":"bWDWr","version":2,"value":16.452137}, {"key":"tjUQo","version":0,"value":5.1136065}, {"key":"XVWYi","version":0,"value":1.2371492}, {"key":"i6x19","version":2,"value":5.194832}, {"key":"OdKu9","TOTAL":0.0}, {"key":"JN50H","version":0,"value":14.784089}, {"key":"R0NQa","version":2,"value":18.601486}, {"key":"eHpH5","version":1,"value":3.9723992}, {"key":"ES76s","version":0,"value":18.540867}, {"key":"ORp72","version":0,"value":5.6204376}, {"key":"eV5QJ","TOTAL":11.725921}, {"key":"XVWYi","version":2,"value":19.069687}, {"key":"bWDWr","version":0,"value":5.5689692}, {"key":"gjN6l","version":0,"value":10.682429}, {"key":"LEfq1","version":0,"value":18.832144}, {"key":"q3o1t","version":1,"value":12.268694}, {"key":"Pu9vd","version":0,"value":10.991051}, {"key":"R0NQa","TOTAL":0.0}, {"key":"POrRD","version":1,"value":0.4245603}, {"key":"sdL8V","version":2,"value":1.7396116}, {"key":"jZxON","version":0,"value":10.098777}, {"key":"ZAcqS","version":1,"value":6.062131}, {"key":"jZxON","version":1,"value":17.499157}, {"key":"E7W1W","version":1,"value":0.53814054}, {"key":"N3xrG","version":1,"value":11.835986}, {"key":"a2Lo8","version":1,"value":2.0543027}, {"key":"Riavy","version":0,"value":17.521723}, {"key":"ZofBZ","version":2,"value":8.186293}, {"key":"a2Lo8","version":2,"value":1.220628}, {"key":"qQNj1","version":2,"value":5.1115084}, {"key":"jErDO","version":2,"value":2.4925542}, {"key":"bWDWr","version":2,"value":11.194587}, {"key":"T1J5k","version":1,"value":14.883419}, {"key":"N3xrG","version":1,"value":17.644075}, {"key":"8dZvR","version":2,"value":8.054675}, {"key":"eXBNu","version":1,"value":6.4552474}, {"key":"Q62Ww","version":0,"value":19.010168}, {"key":"mkv31","version":2,"value":10.086216}, {"key":"hIiYN","version":2,"value":12.845619}, {"key":"bRIWy","TOTAL":0.0}, {"key":"Dq2Gh","version":1,"value":2.8421783}, {"key":"eHpH5","version":1,"value":16.522594}, {"key":"WkEr0","version":1,"value":13.492485}, {"key":"tjUQo","TOTAL":87.956985}, {"key":"q3o1t","version":2,"value":3.5127437}, {"key":"a2Lo8","version":0,"value":19.128904}, {"key":"mTOTY","version":2,"value":5.060419}, {"key":"ORp72","TOTAL":17.749107}, {"key":"qQNj1","version":1,"value":19.14181}, {"key":"Pu9vd","TOTAL":65.38533}, {"key":"jErDO","version":2,"value":2.1006417}, {"key":"yGufV","version":0,"value":2.9191256}, {"key":"Vs2Oc","version":0,"value":7.924467}, {"key":"q3o1t","version":2,"value":7.4546947}, {"key":"Ji1E4","version":1,"value":14.780674}, {"key":"yGufV","TOTAL":56.54938}, {"key":"mTOTY","version":1,"value":9.130777}, {"key":"pFt73","TOTAL":0.0}]
03:03:53.725 INFO  u.a.e.a.c.d.MessageTransformer - 0% complete...
03:03:56.259 INFO  u.a.e.a.c.d.MessageTransformer - 10% complete...
03:03:58.800 INFO  u.a.e.a.c.d.MessageTransformer - 20% complete...
03:04:01.419 INFO  u.a.e.a.c.d.MessageTransformer - 30% complete...
03:04:03.998 INFO  u.a.e.a.c.d.MessageTransformer - 40% complete...
03:04:06.578 INFO  u.a.e.a.c.d.MessageTransformer - 50% complete...
03:04:09.218 INFO  u.a.e.a.c.d.MessageTransformer - 60% complete...
03:04:11.817 INFO  u.a.e.a.c.d.MessageTransformer - 70% complete...
03:04:14.418 INFO  u.a.e.a.c.d.MessageTransformer - 80% complete...
03:04:16.989 INFO  u.a.e.a.c.d.MessageTransformer - 90% complete...
03:04:19.558 INFO  u.a.e.a.c.d.MessageTransformer - 100% complete. Tranformed 500 messages
03:04:19.558 INFO  u.a.e.a.c.s.RabbitMqService - Reading queue TransformTestWrite-50648-trsw6: count=500
03:04:19.630 INFO  u.a.e.a.c.s.RabbitMqService - Received 500/500 messages in 72ms
03:04:19.630 INFO  u.a.e.a.c.s.RabbitMqService - returning: [{"key":"WQww2","version":1,"value":21.370956}, {"key":"8biug","version":0,"value":18.911896}, {"key":"E3Whq","version":1,"value":20.44183}, {"totalMessagesWritten":3,"totalMessagesProcessed":4,"totalRedisUpdates":4,"totalValueWritten":81.26279,"totalAdded":31.5}, {"key":"woDIn","version":2,"value":25.975216}, {"key":"GvdaH","version":0,"value":28.591217}, {"key":"woDIn","version":0,"value":0.62550545}, {"key":"E3Whq","version":0,"value":5.4840684}, {"key":"KhPEr","version":2,"value":15.700544}, {"key":"Fm4WI","version":0,"value":22.571543}, {"totalMessagesWritten":9,"totalMessagesProcessed":11,"totalRedisUpdates":9,"totalValueWritten":180.21089,"totalAdded":73.5}, {"key":"E3Whq","version":2,"value":29.498682}, {"key":"KhPEr","version":1,"value":14.642986}, {"totalMessagesWritten":11,"totalMessagesProcessed":14,"totalRedisUpdates":11,"totalValueWritten":224.35257,"totalAdded":84.0}, {"key":"pJ0aB","version":2,"value":12.250039}, {"key":"fJ6hp","version":0,"value":28.37885}, {"totalMessagesWritten":13,"totalMessagesProcessed":17,"totalRedisUpdates":14,"totalValueWritten":264.98148,"totalAdded":105.0}, {"key":"Fm4WI","version":2,"value":11.154441}, {"key":"UoYDi","version":0,"value":21.43451}, {"key":"KhPEr","version":1,"value":14.747944}, {"key":"fJ6hp","version":2,"value":27.472742}, {"key":"Fm4WI","version":1,"value":10.838692}, {"key":"iy2Sm","version":0,"value":12.051165}, {"key":"dxMvg","version":0,"value":21.645563}, {"key":"iy2Sm","version":2,"value":26.367115}, {"key":"Fm4WI","version":1,"value":19.43473}, {"key":"OnY1P","version":2,"value":19.158007}, {"totalMessagesWritten":23,"totalMessagesProcessed":28,"totalRedisUpdates":22,"totalValueWritten":449.28644,"totalAdded":178.5}, {"key":"iy2Sm","version":0,"value":11.82267}, {"totalMessagesWritten":24,"totalMessagesProcessed":30,"totalRedisUpdates":23,"totalValueWritten":476.67368,"totalAdded":178.5}, {"totalMessagesWritten":24,"totalMessagesProcessed":31,"totalRedisUpdates":24,"totalValueWritten":476.67368,"totalAdded":178.5}, {"key":"KhPEr","version":0,"value":5.0749683}, {"key":"Pw7to","version":2,"value":27.418217}, {"key":"iy2Sm","version":0,"value":1.7644441}, {"key":"QGjDi","version":1,"value":16.075958}, {"key":"hccL2","version":0,"value":17.23177}, {"key":"fJ6hp","version":2,"value":4.8233724}, {"key":"Fm4WI","version":0,"value":18.99088}, {"key":"o9QAh","version":1,"value":30.31555}, {"totalMessagesWritten":32,"totalMessagesProcessed":40,"totalRedisUpdates":29,"totalValueWritten":598.36884,"totalAdded":220.5}, {"key":"Fm4WI","version":1,"value":11.650274}, {"key":"OnY1P","version":1,"value":12.213326}, {"totalMessagesWritten":34,"totalMessagesProcessed":43,"totalRedisUpdates":30,"totalValueWritten":622.2324,"totalAdded":220.5}, {"key":"hIIHB","version":2,"value":28.15438}, {"key":"Fm4WI","version":2,"value":12.874348}, {"key":"iy2Sm","version":2,"value":7.086302}, {"key":"99Cth","version":1,"value":18.072996}, {"totalMessagesWritten":38,"totalMessagesProcessed":48,"totalRedisUpdates":33,"totalValueWritten":747.69,"totalAdded":241.5}, {"key":"Fm4WI","version":1,"value":12.632517}, {"key":"fJ6hp","version":1,"value":8.326093}, {"key":"fJ6hp","version":0,"value":6.113789}, {"key":"hccL2","version":0,"value":3.8379467}, {"key":"hccL2","version":2,"value":22.752045}, {"key":"iy2Sm","version":0,"value":17.16607}, {"key":"JkWPC","version":0,"value":30.174273}, {"key":"KhPEr","version":2,"value":7.6822844}, {"totalMessagesWritten":46,"totalMessagesProcessed":57,"totalRedisUpdates":36,"totalValueWritten":856.37506,"totalAdded":262.5}, {"key":"QGjDi","version":0,"value":7.5638666}, {"key":"fJ6hp","version":1,"value":9.078583}, {"key":"fJWGa","version":1,"value":19.627922}, {"totalMessagesWritten":49,"totalMessagesProcessed":61,"totalRedisUpdates":38,"totalValueWritten":892.6454,"totalAdded":273.0}, {"key":"JkWPC","version":2,"value":26.66126}, {"key":"F6EBp","version":1,"value":19.96703}, {"key":"G3X7O","version":0,"value":11.844908}, {"key":"OnY1P","version":2,"value":12.080092}, {"key":"QGjDi","version":1,"value":12.229786}, {"key":"Ehc4a","version":0,"value":22.955845}, {"key":"99Cth","version":1,"value":3.1566155}, {"key":"Fm4WI","version":2,"value":9.560856}, {"key":"OnY1P","version":0,"value":12.034169}, {"key":"PQU1o","version":1,"value":21.76976}, {"key":"nayxm","version":2,"value":22.90996}, {"key":"rFu4W","version":0,"value":29.362198}, {"key":"8pGZG","version":1,"value":27.073505}, {"key":"99Cth","version":0,"value":0.9904671}, {"key":"PQU1o","version":1,"value":0.5891931}, {"key":"PQU1o","version":0,"value":10.569363}, {"key":"fJWGa","version":0,"value":7.250451}, {"totalMessagesWritten":66,"totalMessagesProcessed":79,"totalRedisUpdates":47,"totalValueWritten":1143.6509,"totalAdded":357.0}, {"totalMessagesWritten":66,"totalMessagesProcessed":80,"totalRedisUpdates":48,"totalValueWritten":1143.6509,"totalAdded":357.0}, {"key":"Ehc4a","version":2,"value":19.340273}, {"key":"nayxm","version":2,"value":14.913326}, {"key":"QGjDi","version":0,"value":0.75343966}, {"key":"PQU1o","version":2,"value":14.549945}, {"key":"JkWPC","version":0,"value":2.368536}, {"key":"XmHIo","version":0,"value":24.66893}, {"key":"OnY1P","version":2,"value":14.757515}, {"key":"PQU1o","version":0,"value":12.707144}, {"key":"F6EBp","version":1,"value":5.444963}, {"key":"F6EBp","version":0,"value":2.2210002}, {"key":"fJ6hp","version":2,"value":0.34782767}, {"key":"pu3Gf","version":0,"value":27.547398}, {"totalMessagesWritten":78,"totalMessagesProcessed":93,"totalRedisUpdates":53,"totalValueWritten":1303.6556,"totalAdded":399.0}, {"key":"99Cth","version":1,"value":4.158901}, {"totalMessagesWritten":79,"totalMessagesProcessed":95,"totalRedisUpdates":54,"totalValueWritten":1307.8146,"totalAdded":399.0}, {"key":"F6EBp","version":0,"value":5.9636354}, {"key":"fJ6hp","version":1,"value":3.1982577}, {"key":"F6EBp","version":1,"value":0.034167767}, {"key":"u77VE","version":1,"value":14.194447}, {"key":"XmHIo","version":0,"value":8.580587}, {"key":"QGjDi","version":1,"value":12.892765}, {"key":"nayxm","version":1,"value":19.904728}, {"totalMessagesWritten":86,"totalMessagesProcessed":103,"totalRedisUpdates":56,"totalValueWritten":1372.5833,"totalAdded":409.5}, {"key":"q9bNU","version":1,"value":14.727519}, {"key":"QGjDi","version":1,"value":3.682872}, {"key":"8pGZG","version":0,"value":6.3472643}, {"key":"3TEXe","version":1,"value":21.923841}, {"key":"XmHIo","version":2,"value":26.305176}, {"key":"nayxm","version":1,"value":2.3849976}, {"key":"hIIHB","version":2,"value":8.772731}, {"key":"OnY1P","version":1,"value":1.5836406}, {"totalMessagesWritten":94,"totalMessagesProcessed":112,"totalRedisUpdates":60,"totalValueWritten":1458.3113,"totalAdded":441.0}, {"key":"hccL2","version":2,"value":18.298225}, {"key":"pu3Gf","version":2,"value":12.716983}, {"key":"nayxm","version":1,"value":9.749577}, {"key":"3TEXe","version":0,"value":0.058939457}, {"key":"hccL2","version":2,"value":9.8625765}, {"key":"KBolO","version":1,"value":24.330545}, {"key":"FdjwI","version":1,"value":23.044214}, {"key":"PQU1o","version":1,"value":19.752253}, {"key":"99Cth","version":1,"value":5.7010927}, {"key":"u77VE","version":0,"value":7.6234474}, {"key":"hIIHB","version":2,"value":15.065395}, {"key":"q9bNU","version":2,"value":25.939669}, {"key":"nayxm","version":2,"value":13.965677}, {"totalMessagesWritten":107,"totalMessagesProcessed":126,"totalRedisUpdates":65,"totalValueWritten":1644.4199,"totalAdded":483.0}, {"key":"u77VE","version":2,"value":16.382055}, {"key":"PQU1o","version":1,"value":17.12234}, {"key":"3TEXe","version":0,"value":4.207835}, {"key":"yWVSR","version":2,"value":22.308002}, {"key":"PQU1o","version":2,"value":5.1037636}, {"key":"eFLFx","version":2,"value":17.795895}, {"key":"3TEXe","version":2,"value":27.12716}, {"key":"JkWPC","version":2,"value":12.213539}, {"key":"XmHIo","version":0,"value":19.289816}, {"key":"OnY1P","version":1,"value":14.105786}, {"key":"6bWAV","version":0,"value":25.378674}, {"key":"QGjDi","version":2,"value":20.764229}, {"key":"1JdhB","version":2,"value":21.2774}, {"key":"XmHIo","version":0,"value":10.255942}, {"key":"HE7BJ","version":1,"value":25.457886}, {"key":"6bWAV","version":1,"value":23.269585}, {"totalMessagesWritten":123,"totalMessagesProcessed":143,"totalRedisUpdates":75,"totalValueWritten":1926.4799,"totalAdded":577.5}, {"key":"99Cth","version":1,"value":4.5038977}, {"key":"Xv3OP","version":1,"value":24.32183}, {"key":"UETOu","version":2,"value":15.96084}, {"key":"3TEXe","version":0,"value":6.391475}, {"key":"A1hgb","version":0,"value":20.484694}, {"key":"G3X7O","version":2,"value":29.474524}, {"totalMessagesWritten":129,"totalMessagesProcessed":150,"totalRedisUpdates":80,"totalValueWritten":2027.6171,"totalAdded":619.5}, {"key":"YCssB","version":0,"value":13.740879}, {"key":"XmHIo","version":0,"value":8.649549}, {"key":"GToBG","version":1,"value":28.919212}, {"totalMessagesWritten":132,"totalMessagesProcessed":154,"totalRedisUpdates":83,"totalValueWritten":2078.9268,"totalAdded":640.5}, {"totalMessagesWritten":132,"totalMessagesProcessed":155,"totalRedisUpdates":84,"totalValueWritten":2078.9268,"totalAdded":640.5}, {"key":"6bWAV","version":0,"value":6.1511207}, {"key":"OnY1P","version":0,"value":12.270898}, {"key":"6bWAV","version":2,"value":13.137597}, {"key":"G3X7O","version":0,"value":7.913266}, {"totalMessagesWritten":136,"totalMessagesProcessed":160,"totalRedisUpdates":86,"totalValueWritten":2118.4,"totalAdded":651.0}, {"totalMessagesWritten":136,"totalMessagesProcessed":161,"totalRedisUpdates":87,"totalValueWritten":2118.4,"totalAdded":651.0}, {"key":"QTboU","version":2,"value":23.700842}, {"key":"Bw8T4","version":1,"value":13.665288}, {"key":"JkWPC","version":0,"value":12.372997}, {"key":"2FbmU","version":0,"value":22.232101}, {"key":"i52tk","version":1,"value":26.97451}, {"key":"YCssB","version":2,"value":18.210098}, {"key":"Bw8T4","version":2,"value":22.838223}, {"key":"nayxm","version":0,"value":1.3377488}, {"key":"Rqngl","version":2,"value":18.657278}, {"totalMessagesWritten":145,"totalMessagesProcessed":171,"totalRedisUpdates":95,"totalValueWritten":2278.3892,"totalAdded":724.5}, {"key":"Bw8T4","version":2,"value":19.639507}, {"key":"2FbmU","version":0,"value":4.2617807}, {"key":"3TEXe","version":2,"value":10.294442}, {"key":"ssTMr","version":2,"value":22.396889}, {"key":"niRkP","version":1,"value":15.77956}, {"key":"Bw8T4","version":0,"value":16.909988}, {"key":"JkWPC","version":2,"value":3.0591786}, {"totalMessagesWritten":152,"totalMessagesProcessed":179,"totalRedisUpdates":98,"totalValueWritten":2370.7302,"totalAdded":745.5}, {"key":"hIIHB","version":0,"value":2.5408852}, {"key":"QTboU","version":0,"value":7.6000714}, {"key":"pu3Gf","version":1,"value":2.585535}, {"key":"PQU1o","version":1,"value":13.425593}, {"key":"OZVsr","version":1,"value":19.212234}, {"key":"nayxm","version":1,"value":14.998325}, {"key":"1JdhB","version":0,"value":7.70591}, {"key":"i52tk","version":0,"value":7.129793}, {"totalMessagesWritten":160,"totalMessagesProcessed":188,"totalRedisUpdates":100,"totalValueWritten":2445.9282,"totalAdded":756.0}, {"key":"PpVK2","version":2,"value":11.310586}, {"totalMessagesWritten":161,"totalMessagesProcessed":190,"totalRedisUpdates":102,"totalValueWritten":2457.2388,"totalAdded":766.5}, {"key":"UETOu","version":2,"value":10.895512}, {"key":"3tCw3","version":1,"value":11.010452}, {"key":"xBEdH","version":2,"value":28.584267}, {"key":"ssTMr","version":1,"value":10.960732}, {"totalMessagesWritten":165,"totalMessagesProcessed":195,"totalRedisUpdates":105,"totalValueWritten":2518.6897,"totalAdded":787.5}, {"key":"ba8Vh","version":2,"value":24.91606}, {"key":"Xv3OP","version":2,"value":24.186516}, {"key":"HAuaY","version":0,"value":20.368443}, {"key":"Q62Ww","version":2,"value":26.883526}, {"key":"hIIHB","version":0,"value":0.2147305}, {"key":"NPaPU","version":1,"value":24.57674}, {"key":"ZofBZ","version":2,"value":29.097809}, {"totalMessagesWritten":172,"totalMessagesProcessed":203,"totalRedisUpdates":112,"totalValueWritten":2764.924,"totalAdded":850.5}, {"key":"QGjDi","version":0,"value":9.777836}, {"totalMessagesWritten":173,"totalMessagesProcessed":205,"totalRedisUpdates":113,"totalValueWritten":2774.702,"totalAdded":850.5}, {"key":"Q62Ww","version":0,"value":6.6875267}, {"key":"OZVsr","version":1,"value":1.6747046}, {"key":"ssTMr","version":2,"value":9.574272}, {"key":"HE7BJ","version":2,"value":27.244215}, {"totalMessagesWritten":177,"totalMessagesProcessed":210,"totalRedisUpdates":115,"totalValueWritten":2819.8826,"totalAdded":861.0}, {"totalMessagesWritten":177,"totalMessagesProcessed":211,"totalRedisUpdates":116,"totalValueWritten":2877.896,"totalAdded":861.0}, {"totalMessagesWritten":177,"totalMessagesProcessed":212,"totalRedisUpdates":117,"totalValueWritten":2877.896,"totalAdded":861.0}, {"totalMessagesWritten":177,"totalMessagesProcessed":213,"totalRedisUpdates":118,"totalValueWritten":2877.896,"totalAdded":861.0}, {"key":"2FbmU","version":1,"value":12.096321}, {"key":"Bw8T4","version":1,"value":11.189103}, {"key":"QGjDi","version":0,"value":3.4218085}, {"totalMessagesWritten":180,"totalMessagesProcessed":217,"totalRedisUpdates":120,"totalValueWritten":2904.6035,"totalAdded":871.5}, {"key":"MSesA","version":0,"value":21.49453}, {"key":"hIIHB","version":2,"value":6.0909843}, {"key":"Q62Ww","version":2,"value":19.351513}, {"key":"1JdhB","version":0,"value":8.035849}, {"totalMessagesWritten":184,"totalMessagesProcessed":222,"totalRedisUpdates":122,"totalValueWritten":2970.9404,"totalAdded":882.0}, {"key":"ROnBd","version":1,"value":23.763777}, {"key":"Xv3OP","version":2,"value":2.2449708}, {"totalMessagesWritten":186,"totalMessagesProcessed":225,"totalRedisUpdates":124,"totalValueWritten":2996.949,"totalAdded":892.5}, {"key":"ArrOY","version":1,"value":12.493781}, {"totalMessagesWritten":187,"totalMessagesProcessed":227,"totalRedisUpdates":126,"totalValueWritten":3009.4429,"totalAdded":903.0}, {"key":"Q62Ww","version":1,"value":11.233505}, {"totalMessagesWritten":188,"totalMessagesProcessed":229,"totalRedisUpdates":127,"totalValueWritten":3020.6763,"totalAdded":903.0}, {"key":"Pu9vd","version":0,"value":18.870438}, {"totalMessagesWritten":189,"totalMessagesProcessed":231,"totalRedisUpdates":129,"totalValueWritten":3039.5466,"totalAdded":913.5}, {"totalMessagesWritten":189,"totalMessagesProcessed":232,"totalRedisUpdates":130,"totalValueWritten":3039.5466,"totalAdded":913.5}, {"key":"1vPUc","version":1,"value":25.338085}, {"key":"Xv3OP","version":2,"value":18.592646}, {"key":"hIIHB","version":0,"value":1.4070857}, {"key":"8pGZG","version":0,"value":4.995571}, {"key":"PQU1o","version":0,"value":14.553001}, {"key":"NPaPU","version":1,"value":6.162467}, {"totalMessagesWritten":195,"totalMessagesProcessed":239,"totalRedisUpdates":132,"totalValueWritten":3110.5952,"totalAdded":924.0}, {"key":"fFKdC","version":0,"value":13.762766}, {"key":"UETOu","version":0,"value":8.178837}, {"key":"Q62Ww","version":0,"value":4.580225}, {"key":"Bw8T4","version":1,"value":6.5314865}, {"key":"I8Oe9","version":1,"value":20.716547}, {"key":"QGjDi","version":1,"value":12.9795685}, {"key":"i52tk","version":0,"value":12.733786}, {"key":"CPMQr","version":0,"value":20.276266}, {"key":"PTvRN","version":0,"value":22.465233}, {"key":"xYimU","version":0,"value":17.375725}, {"key":"ba8Vh","version":0,"value":5.9639835}, {"totalMessagesWritten":206,"totalMessagesProcessed":251,"totalRedisUpdates":138,"totalValueWritten":3311.723,"totalAdded":976.5}, {"key":"hq2gv","version":0,"value":22.883327}, {"key":"1vPUc","version":1,"value":5.8039656}, {"totalMessagesWritten":208,"totalMessagesProcessed":254,"totalRedisUpdates":140,"totalValueWritten":3340.4102,"totalAdded":987.0}, {"key":"QGjDi","version":1,"value":8.701788}, {"key":"OZVsr","version":1,"value":12.756191}, {"totalMessagesWritten":210,"totalMessagesProcessed":257,"totalRedisUpdates":141,"totalValueWritten":3443.27,"totalAdded":987.0}, {"key":"UETOu","version":0,"value":2.5825334}, {"key":"ArrOY","version":0,"value":12.443333}, {"key":"ArrOY","version":0,"value":10.965399}, {"key":"tbK1x","version":1,"value":26.579807}, {"totalMessagesWritten":214,"totalMessagesProcessed":262,"totalRedisUpdates":143,"totalValueWritten":3495.841,"totalAdded":997.5}, {"totalMessagesWritten":214,"totalMessagesProcessed":263,"totalRedisUpdates":144,"totalValueWritten":3495.841,"totalAdded":997.5}, {"key":"ZofBZ","version":0,"value":9.807772}, {"totalMessagesWritten":215,"totalMessagesProcessed":265,"totalRedisUpdates":145,"totalValueWritten":3505.649,"totalAdded":997.5}, {"key":"n5v95","version":0,"value":15.205692}, {"key":"jvpx9","version":1,"value":27.245016}, {"key":"ZofBZ","version":2,"value":11.294804}, {"key":"fFKdC","version":1,"value":28.188032}, {"key":"PpVK2","version":0,"value":0.9146786}, {"key":"N3xrG","version":1,"value":23.174887}, {"totalMessagesWritten":221,"totalMessagesProcessed":272,"totalRedisUpdates":150,"totalValueWritten":3611.6724,"totalAdded":1039.5}, {"key":"Pu9vd","version":2,"value":23.578514}, {"totalMessagesWritten":222,"totalMessagesProcessed":274,"totalRedisUpdates":152,"totalValueWritten":3635.251,"totalAdded":1050.0}, {"key":"NPaPU","version":1,"value":13.311045}, {"key":"jvpx9","version":0,"value":18.613276}, {"key":"1aWTE","version":0,"value":16.936314}, {"key":"Pu9vd","version":2,"value":0.6652677}, {"totalMessagesWritten":226,"totalMessagesProcessed":279,"totalRedisUpdates":154,"totalValueWritten":3684.7769,"totalAdded":1060.5}, {"key":"ba8Vh","version":1,"value":15.463692}, {"key":"OZVsr","version":1,"value":13.864752}, {"key":"ArrOY","version":1,"value":2.7287352}, {"key":"2FbmU","version":2,"value":23.609602}, {"totalMessagesWritten":230,"totalMessagesProcessed":284,"totalRedisUpdates":156,"totalValueWritten":3740.4436,"totalAdded":1071.0}, {"key":"1aWTE","version":0,"value":19.394075}, {"key":"fFKdC","version":0,"value":14.67249}, {"key":"eHpH5","version":0,"value":16.311039}, {"key":"I8Oe9","version":2,"value":22.001835}, {"key":"PTvRN","version":1,"value":29.82618}, {"key":"n5v95","version":1,"value":25.84417}, {"key":"N3xrG","version":0,"value":1.5816486}, {"totalMessagesWritten":237,"totalMessagesProcessed":292,"totalRedisUpdates":161,"totalValueWritten":3921.6187,"totalAdded":1113.0}, {"key":"VBkFL","version":0,"value":13.071511}, {"key":"Hr8YU","version":2,"value":19.791874}, {"key":"2FbmU","version":0,"value":4.8225555}, {"key":"6EwNE","version":1,"value":14.496497}, {"key":"I8Oe9","version":1,"value":19.368214}, {"key":"ba8Vh","version":0,"value":19.548985}, {"key":"LEfq1","version":1,"value":15.926589}, {"key":"i52tk","version":0,"value":7.8202715}, {"key":"Q62Ww","version":0,"value":2.5856805}, {"totalMessagesWritten":246,"totalMessagesProcessed":302,"totalRedisUpdates":166,"totalValueWritten":4039.051,"totalAdded":1155.0}, {"key":"I8Oe9","version":0,"value":3.905927}, {"key":"UETOu","version":2,"value":5.156975}, {"key":"ZofBZ","version":0,"value":8.066566}, {"key":"6EwNE","version":0,"value":1.8074906}, {"key":"VBkFL","version":1,"value":26.076687}, {"key":"4Q8rd","version":2,"value":11.758754}, {"key":"ba8Vh","version":1,"value":8.478579}, {"totalMessagesWritten":253,"totalMessagesProcessed":310,"totalRedisUpdates":169,"totalValueWritten":4104.3022,"totalAdded":1176.0}, {"key":"Q1yCp","version":0,"value":20.783552}, {"key":"hq2gv","version":1,"value":18.516493}, {"totalMessagesWritten":255,"totalMessagesProcessed":313,"totalRedisUpdates":172,"totalValueWritten":4143.6025,"totalAdded":1197.0}, {"totalMessagesWritten":255,"totalMessagesProcessed":314,"totalRedisUpdates":173,"totalValueWritten":4143.6025,"totalAdded":1197.0}, {"key":"mseAO","version":1,"value":13.141202}, {"key":"qZIMJ","version":0,"value":27.774254}, {"key":"Dq2Gh","version":0,"value":28.427254}, {"key":"sdL8V","version":2,"value":30.286697}, {"totalMessagesWritten":259,"totalMessagesProcessed":319,"totalRedisUpdates":178,"totalValueWritten":4243.232,"totalAdded":1239.0}, {"key":"OXYb2","version":0,"value":21.785583}, {"totalMessagesWritten":260,"totalMessagesProcessed":321,"totalRedisUpdates":180,"totalValueWritten":4354.7627,"totalAdded":1249.5}, {"key":"n5v95","version":2,"value":16.723679}, {"key":"hq2gv","version":2,"value":18.560959}, {"totalMessagesWritten":262,"totalMessagesProcessed":324,"totalRedisUpdates":183,"totalValueWritten":4390.0474,"totalAdded":1270.5}, {"key":"dhT2k","version":0,"value":19.551619}, {"key":"Q1yCp","version":1,"value":11.246323}, {"key":"KibnW","version":2,"value":20.284475}, {"key":"Hr8YU","version":1,"value":14.061844}, {"key":"3TwXF","version":0,"value":15.504607}, {"key":"Pu9vd","version":2,"value":9.360757}, {"totalMessagesWritten":268,"totalMessagesProcessed":331,"totalRedisUpdates":188,"totalValueWritten":4480.057,"totalAdded":1312.5}, {"key":"bKvFT","version":1,"value":16.418789}, {"key":"jZxON","version":2,"value":11.61603}, {"key":"PPBSn","version":0,"value":25.657621}, {"key":"hIiYN","version":1,"value":18.115793}, {"key":"L7u6d","version":0,"value":26.905811}, {"key":"KibnW","version":2,"value":7.295018}, {"key":"i6x19","version":2,"value":14.413874}, {"key":"UETOu","version":1,"value":12.188879}, {"totalMessagesWritten":276,"totalMessagesProcessed":340,"totalRedisUpdates":195,"totalValueWritten":4651.852,"totalAdded":1375.5}, {"key":"Bi0qD","version":0,"value":21.428299}, {"key":"Pu9vd","version":0,"value":7.9568887}, {"totalMessagesWritten":278,"totalMessagesProcessed":343,"totalRedisUpdates":197,"totalValueWritten":4722.4067,"totalAdded":1386.0}, {"totalMessagesWritten":278,"totalMessagesProcessed":344,"totalRedisUpdates":198,"totalValueWritten":4722.4067,"totalAdded":1386.0}, {"totalMessagesWritten":278,"totalMessagesProcessed":345,"totalRedisUpdates":199,"totalValueWritten":4722.4067,"totalAdded":1386.0}, {"key":"Q62Ww","version":2,"value":14.465676}, {"key":"G8Ey7","version":0,"value":10.942207}, {"key":"hIiYN","version":2,"value":14.512093}, {"key":"G8Ey7","version":0,"value":19.271452}, {"key":"sdL8V","version":1,"value":16.364172}, {"key":"PPBSn","version":1,"value":19.377254}, {"key":"ZofBZ","version":1,"value":13.724203}, {"key":"Q62Ww","version":1,"value":6.6855764}, {"key":"4Q8rd","version":0,"value":0.86930156}, {"totalMessagesWritten":287,"totalMessagesProcessed":355,"totalRedisUpdates":203,"totalValueWritten":4838.619,"totalAdded":1417.5}, {"key":"Q1yCp","version":1,"value":1.7797446}, {"key":"bWDWr","version":2,"value":10.593664}, {"key":"L7u6d","version":0,"value":6.919763}, {"key":"PZIec","version":2,"value":17.297255}, {"totalMessagesWritten":291,"totalMessagesProcessed":360,"totalRedisUpdates":206,"totalValueWritten":4959.6055,"totalAdded":1438.5}, {"totalMessagesWritten":291,"totalMessagesProcessed":361,"totalRedisUpdates":207,"totalValueWritten":4959.6055,"totalAdded":1438.5}, {"key":"bWDWr","version":2,"value":17.089123}, {"key":"eHpH5","version":0,"value":13.13725}, {"key":"ROnBd","version":2,"value":12.224177}, {"totalMessagesWritten":294,"totalMessagesProcessed":365,"totalRedisUpdates":209,"totalValueWritten":5002.056,"totalAdded":1449.0}, {"totalMessagesWritten":294,"totalMessagesProcessed":366,"totalRedisUpdates":210,"totalValueWritten":5002.056,"totalAdded":1449.0}, {"key":"G8Ey7","version":1,"value":12.124672}, {"key":"wKMJ3","version":1,"value":20.552795}, {"key":"3TwXF","version":0,"value":10.929156}, {"key":"DXNbh","version":2,"value":11.162408}, {"key":"ZAcqS","version":1,"value":27.95168}, {"key":"Bi0qD","version":2,"value":27.04649}, {"totalMessagesWritten":300,"totalMessagesProcessed":373,"totalRedisUpdates":216,"totalValueWritten":5111.823,"totalAdded":1501.5}, {"totalMessagesWritten":300,"totalMessagesProcessed":374,"totalRedisUpdates":217,"totalValueWritten":5171.0454,"totalAdded":1501.5}, {"key":"tjUQo","version":0,"value":20.192577}, {"key":"KgmIp","version":0,"value":25.295872}, {"key":"PPBSn","version":2,"value":22.641983}, {"key":"fFKdC","version":0,"value":4.3059587}, {"key":"i6x19","version":0,"value":17.354237}, {"key":"G8Ey7","version":1,"value":13.207582}, {"totalMessagesWritten":306,"totalMessagesProcessed":381,"totalRedisUpdates":221,"totalValueWritten":5274.0435,"totalAdded":1533.0}, {"key":"ZofBZ","version":2,"value":7.508161}, {"key":"jZxON","version":0,"value":8.782258}, {"key":"G8Ey7","version":2,"value":24.387264}, {"totalMessagesWritten":309,"totalMessagesProcessed":385,"totalRedisUpdates":223,"totalValueWritten":5314.721,"totalAdded":1543.5}, {"key":"E7W1W","version":1,"value":24.989897}, {"totalMessagesWritten":310,"totalMessagesProcessed":387,"totalRedisUpdates":225,"totalValueWritten":5339.711,"totalAdded":1554.0}, {"key":"Hr8YU","version":0,"value":2.7203977}, {"key":"DXNbh","version":0,"value":10.1506815}, {"key":"DXNbh","version":0,"value":12.218077}, {"key":"g7aZL","version":2,"value":27.320705}, {"totalMessagesWritten":314,"totalMessagesProcessed":392,"totalRedisUpdates":227,"totalValueWritten":5392.121,"totalAdded":1564.5}, {"key":"hIiYN","version":2,"value":13.248735}, {"key":"E7W1W","version":0,"value":10.878088}, {"key":"i6x19","version":1,"value":11.410066}, {"key":"s52vi","version":2,"value":16.560131}, {"key":"bRIWy","version":1,"value":15.428542}, {"key":"L7u6d","version":0,"value":9.133124}, {"key":"XVWYi","version":2,"value":16.43394}, {"totalMessagesWritten":321,"totalMessagesProcessed":400,"totalRedisUpdates":231,"totalValueWritten":5485.214,"totalAdded":1596.0}, {"key":"yOGmf","version":2,"value":23.314972}, {"key":"pFt73","version":1,"value":21.94127}, {"key":"L7u6d","version":1,"value":21.379215}, {"key":"g7aZL","version":2,"value":1.371187}, {"key":"Dq2Gh","version":2,"value":27.630562}, {"key":"bRIWy","version":2,"value":21.555199}, {"key":"tjUQo","version":1,"value":20.4514}, {"key":"e99DB","version":2,"value":16.531677}, {"key":"md9V6","version":2,"value":27.470173}, {"key":"sdL8V","version":0,"value":19.648094}, {"key":"ES76s","version":1,"value":26.111067}, {"key":"PPBSn","version":1,"value":11.652676}, {"key":"x8SSn","version":2,"value":15.1039095}, {"key":"ZAcqS","version":2,"value":18.913408}, {"totalMessagesWritten":335,"totalMessagesProcessed":415,"totalRedisUpdates":243,"totalValueWritten":5758.2886,"totalAdded":1711.5}, {"key":"eHpH5","version":2,"value":19.021025}, {"key":"E7W1W","version":1,"value":17.403027}, {"key":"x8SSn","version":0,"value":9.758636}, {"totalMessagesWritten":338,"totalMessagesProcessed":419,"totalRedisUpdates":245,"totalValueWritten":5804.471,"totalAdded":1722.0}, {"key":"Dq2Gh","version":2,"value":15.469283}, {"key":"sU4a0","version":1,"value":23.92801}, {"key":"8HmCL","version":0,"value":23.39442}, {"key":"wKMJ3","version":2,"value":14.468573}, {"key":"eV5QJ","version":0,"value":27.63535}, {"key":"G8Ey7","version":2,"value":17.111883}, {"key":"yGufV","version":2,"value":25.910603}, {"key":"eXBNu","version":2,"value":26.678028}, {"key":"q3o1t","version":2,"value":15.675648}, {"key":"bWDWr","version":1,"value":5.1889553}, {"key":"DXNbh","version":0,"value":2.1547186}, {"key":"OdKu9","version":1,"value":25.226887}, {"key":"ba8Vh","version":1,"value":16.952585}, {"key":"ba8Vh","version":0,"value":2.5164378}, {"key":"DXNbh","version":2,"value":6.3396606}, {"key":"ZAcqS","version":1,"value":16.15064}, {"key":"tbK1x","version":2,"value":12.411569}, {"totalMessagesWritten":355,"totalMessagesProcessed":437,"totalRedisUpdates":255,"totalValueWritten":6155.1924,"totalAdded":1816.5}, {"key":"JN50H","version":0,"value":15.141819}, {"key":"ZAcqS","version":1,"value":8.728384}, {"key":"i6x19","version":1,"value":14.733619}, {"key":"gjN6l","version":1,"value":14.41227}, {"key":"wKMJ3","version":1,"value":7.298874}, {"key":"bWDWr","version":2,"value":16.452137}, {"key":"tjUQo","version":0,"value":5.1136065}, {"key":"XVWYi","version":0,"value":1.2371492}, {"key":"i6x19","version":2,"value":5.194832}, {"totalMessagesWritten":364,"totalMessagesProcessed":447,"totalRedisUpdates":258,"totalValueWritten":6243.505,"totalAdded":1837.5}, {"key":"JN50H","version":0,"value":14.784089}, {"key":"R0NQa","version":2,"value":29.101486}, {"key":"eHpH5","version":1,"value":3.9723992}, {"key":"ES76s","version":0,"value":18.540867}, {"key":"ORp72","version":0,"value":16.120438}, {"totalMessagesWritten":369,"totalMessagesProcessed":453,"totalRedisUpdates":261,"totalValueWritten":6337.7505,"totalAdded":1858.5}, {"key":"XVWYi","version":2,"value":19.069687}, {"key":"bWDWr","version":0,"value":5.5689692}, {"key":"gjN6l","version":0,"value":10.682429}, {"key":"LEfq1","version":0,"value":18.832144}, {"key":"q3o1t","version":1,"value":12.268694}, {"key":"Pu9vd","version":0,"value":10.991051}, {"totalMessagesWritten":375,"totalMessagesProcessed":460,"totalRedisUpdates":262,"totalValueWritten":6415.1636,"totalAdded":1858.5}, {"key":"POrRD","version":1,"value":10.924561}, {"key":"sdL8V","version":2,"value":1.7396116}, {"key":"jZxON","version":0,"value":10.098777}, {"key":"ZAcqS","version":1,"value":6.062131}, {"key":"jZxON","version":1,"value":17.499157}, {"key":"E7W1W","version":1,"value":0.53814054}, {"key":"N3xrG","version":1,"value":11.835986}, {"key":"a2Lo8","version":1,"value":12.554302}, {"key":"Riavy","version":0,"value":28.021723}, {"key":"ZofBZ","version":2,"value":8.186293}, {"key":"a2Lo8","version":2,"value":11.720628}, {"key":"qQNj1","version":2,"value":15.611508}, {"key":"jErDO","version":2,"value":12.992554}, {"key":"bWDWr","version":2,"value":11.194587}, {"key":"T1J5k","version":1,"value":25.383419}, {"key":"N3xrG","version":1,"value":17.644075}, {"key":"8dZvR","version":2,"value":18.554676}, {"key":"eXBNu","version":1,"value":6.4552474}, {"key":"Q62Ww","version":0,"value":19.010168}, {"key":"mkv31","version":2,"value":20.586216}, {"key":"hIiYN","version":2,"value":12.845619}, {"totalMessagesWritten":396,"totalMessagesProcessed":482,"totalRedisUpdates":272,"totalValueWritten":6694.6226,"totalAdded":1953.0}, {"key":"Dq2Gh","version":1,"value":2.8421783}, {"key":"eHpH5","version":1,"value":16.522594}, {"key":"WkEr0","version":1,"value":23.992485}, {"totalMessagesWritten":399,"totalMessagesProcessed":486,"totalRedisUpdates":274,"totalValueWritten":6825.937,"totalAdded":1963.5}, {"key":"q3o1t","version":2,"value":3.5127437}, {"key":"a2Lo8","version":0,"value":19.128904}, {"key":"mTOTY","version":2,"value":15.560419}, {"totalMessagesWritten":402,"totalMessagesProcessed":490,"totalRedisUpdates":276,"totalValueWritten":6881.888,"totalAdded":1974.0}, {"key":"qQNj1","version":1,"value":19.14181}, {"totalMessagesWritten":403,"totalMessagesProcessed":492,"totalRedisUpdates":277,"totalValueWritten":6966.415,"totalAdded":1974.0}, {"key":"jErDO","version":2,"value":2.1006417}, {"key":"yGufV","version":0,"value":2.9191256}, {"key":"Vs2Oc","version":0,"value":18.424467}, {"key":"q3o1t","version":2,"value":7.4546947}, {"key":"Ji1E4","version":1,"value":25.280674}, {"totalMessagesWritten":408,"totalMessagesProcessed":498,"totalRedisUpdates":280,"totalValueWritten":7079.1436,"totalAdded":1995.0}, {"key":"mTOTY","version":1,"value":9.130777}, {"totalMessagesWritten":409,"totalMessagesProcessed":500,"totalRedisUpdates":281,"totalValueWritten":7088.2744,"totalAdded":1995.0}]
03:04:21.544 INFO  u.a.e.a.c.s.RabbitMqService - Sent 500/500 messages to TransformTestRead-35010-HOGjo
03:04:21.544 INFO  u.a.e.a.c.d.MessageTransformer - Transforming messages; read_queue:TransformTestRead-35010-HOGjo, write_queue:TransformTestWrite-33272-eWumP, count:500
03:04:21.544 INFO  u.a.e.a.c.s.RabbitMqService - [With Validation]Reading queue TransformTestRead-35010-HOGjo: count=500
03:04:21.608 INFO  u.a.e.a.c.s.RabbitMqService - [With Validation]Received 500/500 messages in 64ms
03:04:21.608 INFO  u.a.e.a.c.s.RabbitMqService - returning: [{"key":"WQww2","version":1,"value":10.870957}, {"key":"8biug","version":0,"value":8.411895}, {"key":"E3Whq","version":1,"value":9.941831}, {"key":"WQww2","TOTAL":20.538103}, {"key":"woDIn","version":2,"value":15.475217}, {"key":"GvdaH","version":0,"value":18.091217}, {"key":"woDIn","version":0,"value":0.62550545}, {"key":"E3Whq","version":0,"value":5.4840684}, {"key":"KhPEr","version":2,"value":5.2005444}, {"key":"Fm4WI","version":0,"value":12.071543}, {"key":"GvdaH","TOTAL":0.0}, {"key":"E3Whq","version":2,"value":18.998682}, {"key":"KhPEr","version":1,"value":14.642986}, {"key":"8biug","TOTAL":0.0}, {"key":"pJ0aB","version":2,"value":1.7500389}, {"key":"fJ6hp","version":0,"value":17.87885}, {"key":"woDIn","TOTAL":0.0}, {"key":"Fm4WI","version":2,"value":0.6544411}, {"key":"UoYDi","version":0,"value":10.934509}, {"key":"KhPEr","version":1,"value":14.747944}, {"key":"fJ6hp","version":2,"value":16.972742}, {"key":"Fm4WI","version":1,"value":10.838692}, {"key":"iy2Sm","version":0,"value":1.5511644}, {"key":"dxMvg","version":0,"value":11.145563}, {"key":"iy2Sm","version":2,"value":15.867115}, {"key":"Fm4WI","version":1,"value":19.43473}, {"key":"OnY1P","version":2,"value":8.658007}, {"key":"UoYDi","TOTAL":0.0}, {"key":"iy2Sm","version":0,"value":11.82267}, {"key":"E3Whq","TOTAL":15.564579}, {"key":"dxMvg","TOTAL":0.0}, {"key":"KhPEr","version":0,"value":5.0749683}, {"key":"Pw7to","version":2,"value":16.918217}, {"key":"iy2Sm","version":0,"value":1.7644441}, {"key":"QGjDi","version":1,"value":5.5759583}, {"key":"hccL2","version":0,"value":6.73177}, {"key":"fJ6hp","version":2,"value":4.8233724}, {"key":"Fm4WI","version":0,"value":18.99088}, {"key":"o9QAh","version":1,"value":19.81555}, {"key":"pJ0aB","TOTAL":0.0}, {"key":"Fm4WI","version":1,"value":11.650274}, {"key":"OnY1P","version":1,"value":12.213326}, {"key":"Pw7to","TOTAL":0.0}, {"key":"hIIHB","version":2,"value":17.65438}, {"key":"Fm4WI","version":2,"value":12.874348}, {"key":"iy2Sm","version":2,"value":7.086302}, {"key":"99Cth","version":1,"value":7.5729966}, {"key":"o9QAh","TOTAL":59.269585}, {"key":"Fm4WI","version":1,"value":12.632517}, {"key":"fJ6hp","version":1,"value":8.326093}, {"key":"fJ6hp","version":0,"value":6.113789}, {"key":"hccL2","version":0,"value":3.8379467}, {"key":"hccL2","version":2,"value":12.252045}, {"key":"iy2Sm","version":0,"value":17.16607}, {"key":"JkWPC","version":0,"value":19.674273}, {"key":"KhPEr","version":2,"value":7.6822844}, {"key":"KhPEr","TOTAL":0.0}, {"key":"QGjDi","version":0,"value":7.5638666}, {"key":"fJ6hp","version":1,"value":9.078583}, {"key":"fJWGa","version":1,"value":9.127921}, {"key":"iy2Sm","TOTAL":0.0}, {"key":"JkWPC","version":2,"value":16.16126}, {"key":"F6EBp","version":1,"value":9.46703}, {"key":"G3X7O","version":0,"value":1.3449073}, {"key":"OnY1P","version":2,"value":12.080092}, {"key":"QGjDi","version":1,"value":12.229786}, {"key":"Ehc4a","version":0,"value":12.455846}, {"key":"99Cth","version":1,"value":3.1566155}, {"key":"Fm4WI","version":2,"value":9.560856}, {"key":"OnY1P","version":0,"value":12.034169}, {"key":"PQU1o","version":1,"value":11.269759}, {"key":"nayxm","version":2,"value":12.40996}, {"key":"rFu4W","version":0,"value":18.862198}, {"key":"8pGZG","version":1,"value":16.573505}, {"key":"99Cth","version":0,"value":0.9904671}, {"key":"PQU1o","version":1,"value":0.5891931}, {"key":"PQU1o","version":0,"value":10.569363}, {"key":"fJWGa","version":0,"value":7.250451}, {"key":"Fm4WI","TOTAL":0.0}, {"key":"fJWGa","TOTAL":0.0}, {"key":"Ehc4a","version":2,"value":8.840273}, {"key":"nayxm","version":2,"value":14.913326}, {"key":"QGjDi","version":0,"value":0.75343966}, {"key":"PQU1o","version":2,"value":4.049945}, {"key":"JkWPC","version":0,"value":2.368536}, {"key":"XmHIo","version":0,"value":14.168931}, {"key":"OnY1P","version":2,"value":14.757515}, {"key":"PQU1o","version":0,"value":12.707144}, {"key":"F6EBp","version":1,"value":5.444963}, {"key":"F6EBp","version":0,"value":2.2210002}, {"key":"fJ6hp","version":2,"value":0.34782767}, {"key":"pu3Gf","version":0,"value":17.047398}, {"key":"Ehc4a","TOTAL":20.384472}, {"key":"99Cth","version":1,"value":4.158901}, {"key":"rFu4W","TOTAL":0.0}, {"key":"F6EBp","version":0,"value":5.9636354}, {"key":"fJ6hp","version":1,"value":3.1982577}, {"key":"F6EBp","version":1,"value":0.034167767}, {"key":"u77VE","version":1,"value":3.694446}, {"key":"XmHIo","version":0,"value":8.580587}, {"key":"QGjDi","version":1,"value":12.892765}, {"key":"nayxm","version":1,"value":19.904728}, {"key":"F6EBp","TOTAL":0.0}, {"key":"q9bNU","version":1,"value":4.227519}, {"key":"QGjDi","version":1,"value":3.682872}, {"key":"8pGZG","version":0,"value":6.3472643}, {"key":"3TEXe","version":1,"value":11.423841}, {"key":"XmHIo","version":2,"value":15.805176}, {"key":"nayxm","version":1,"value":2.3849976}, {"key":"hIIHB","version":2,"value":8.772731}, {"key":"OnY1P","version":1,"value":1.5836406}, {"key":"fJ6hp","TOTAL":0.0}, {"key":"hccL2","version":2,"value":18.298225}, {"key":"pu3Gf","version":2,"value":2.2169828}, {"key":"nayxm","version":1,"value":9.749577}, {"key":"3TEXe","version":0,"value":0.058939457}, {"key":"hccL2","version":2,"value":9.8625765}, {"key":"KBolO","version":1,"value":13.830545}, {"key":"FdjwI","version":1,"value":12.544214}, {"key":"PQU1o","version":1,"value":19.752253}, {"key":"99Cth","version":1,"value":5.7010927}, {"key":"u77VE","version":0,"value":7.6234474}, {"key":"hIIHB","version":2,"value":15.065395}, {"key":"q9bNU","version":2,"value":15.439669}, {"key":"nayxm","version":2,"value":13.965677}, {"key":"hccL2","TOTAL":0.0}, {"key":"u77VE","version":2,"value":5.8820558}, {"key":"PQU1o","version":1,"value":17.12234}, {"key":"3TEXe","version":0,"value":4.207835}, {"key":"yWVSR","version":2,"value":11.808003}, {"key":"PQU1o","version":2,"value":5.1037636}, {"key":"eFLFx","version":2,"value":7.2958946}, {"key":"3TEXe","version":2,"value":16.62716}, {"key":"JkWPC","version":2,"value":12.213539}, {"key":"XmHIo","version":0,"value":19.289816}, {"key":"OnY1P","version":1,"value":14.105786}, {"key":"6bWAV","version":0,"value":14.8786745}, {"key":"QGjDi","version":2,"value":10.26423}, {"key":"1JdhB","version":2,"value":10.777399}, {"key":"XmHIo","version":0,"value":10.255942}, {"key":"HE7BJ","version":1,"value":14.957886}, {"key":"6bWAV","version":1,"value":12.769584}, {"key":"eFLFx","TOTAL":0.0}, {"key":"99Cth","version":1,"value":4.5038977}, {"key":"Xv3OP","version":1,"value":13.82183}, {"key":"UETOu","version":2,"value":5.46084}, {"key":"3TEXe","version":0,"value":6.391475}, {"key":"A1hgb","version":0,"value":9.984694}, {"key":"G3X7O","version":2,"value":18.974524}, {"key":"FdjwI","TOTAL":0.0}, {"key":"YCssB","version":0,"value":3.2408786}, {"key":"XmHIo","version":0,"value":8.649549}, {"key":"GToBG","version":1,"value":18.419212}, {"key":"A1hgb","TOTAL":0.0}, {"key":"KBolO","TOTAL":0.0}, {"key":"6bWAV","version":0,"value":6.1511207}, {"key":"OnY1P","version":0,"value":12.270898}, {"key":"6bWAV","version":2,"value":2.6375973}, {"key":"G3X7O","version":0,"value":7.913266}, {"key":"XmHIo","TOTAL":0.0}, {"key":"GToBG","TOTAL":0.0}, {"key":"QTboU","version":2,"value":13.200842}, {"key":"Bw8T4","version":1,"value":3.165288}, {"key":"JkWPC","version":0,"value":12.372997}, {"key":"2FbmU","version":0,"value":11.7321005}, {"key":"i52tk","version":1,"value":16.47451}, {"key":"YCssB","version":2,"value":7.710099}, {"key":"Bw8T4","version":2,"value":12.3382225}, {"key":"nayxm","version":0,"value":1.3377488}, {"key":"Rqngl","version":2,"value":8.157278}, {"key":"OnY1P","TOTAL":0.0}, {"key":"Bw8T4","version":2,"value":19.639507}, {"key":"2FbmU","version":0,"value":4.2617807}, {"key":"3TEXe","version":2,"value":10.294442}, {"key":"ssTMr","version":2,"value":11.896888}, {"key":"niRkP","version":1,"value":5.27956}, {"key":"Bw8T4","version":0,"value":16.909988}, {"key":"JkWPC","version":2,"value":3.0591786}, {"key":"99Cth","TOTAL":0.0}, {"key":"hIIHB","version":0,"value":2.5408852}, {"key":"QTboU","version":0,"value":7.6000714}, {"key":"pu3Gf","version":1,"value":2.585535}, {"key":"PQU1o","version":1,"value":13.425593}, {"key":"OZVsr","version":1,"value":8.712234}, {"key":"nayxm","version":1,"value":14.998325}, {"key":"1JdhB","version":0,"value":7.70591}, {"key":"i52tk","version":0,"value":7.129793}, {"key":"Rqngl","TOTAL":0.0}, {"key":"PpVK2","version":2,"value":0.8105862}, {"key":"yWVSR","TOTAL":0.0}, {"key":"UETOu","version":2,"value":10.895512}, {"key":"3tCw3","version":1,"value":0.5104518}, {"key":"xBEdH","version":2,"value":18.084267}, {"key":"ssTMr","version":1,"value":10.960732}, {"key":"G3X7O","TOTAL":0.0}, {"key":"ba8Vh","version":2,"value":14.4160595}, {"key":"Xv3OP","version":2,"value":13.686516}, {"key":"HAuaY","version":0,"value":9.868442}, {"key":"Q62Ww","version":2,"value":16.383526}, {"key":"hIIHB","version":0,"value":0.2147305}, {"key":"NPaPU","version":1,"value":14.076739}, {"key":"ZofBZ","version":2,"value":18.597809}, {"key":"3TEXe","TOTAL":95.99039}, {"key":"QGjDi","version":0,"value":9.777836}, {"key":"JkWPC","TOTAL":0.0}, {"key":"Q62Ww","version":0,"value":6.6875267}, {"key":"OZVsr","version":1,"value":1.6747046}, {"key":"ssTMr","version":2,"value":9.574272}, {"key":"HE7BJ","version":2,"value":16.744215}, {"key":"YCssB","TOTAL":0.0}, {"key":"HAuaY","TOTAL":58.013363}, {"key":"xBEdH","TOTAL":0.0}, {"key":"u77VE","TOTAL":0.0}, {"key":"2FbmU","version":1,"value":1.5963209}, {"key":"Bw8T4","version":1,"value":11.189103}, {"key":"QGjDi","version":0,"value":3.4218085}, {"key":"3tCw3","TOTAL":0.0}, {"key":"MSesA","version":0,"value":10.994531}, {"key":"hIIHB","version":2,"value":6.0909843}, {"key":"Q62Ww","version":2,"value":19.351513}, {"key":"1JdhB","version":0,"value":8.035849}, {"key":"ssTMr","TOTAL":11.363763}, {"key":"ROnBd","version":1,"value":13.263777}, {"key":"Xv3OP","version":2,"value":2.2449708}, {"key":"q9bNU","TOTAL":0.0}, {"key":"ArrOY","version":1,"value":1.9937813}, {"key":"MSesA","TOTAL":0.0}, {"key":"Q62Ww","version":1,"value":11.233505}, {"key":"nayxm","TOTAL":0.0}, {"key":"Pu9vd","version":0,"value":8.370439}, {"key":"1JdhB","TOTAL":0.0}, {"key":"QTboU","TOTAL":0.0}, {"key":"1vPUc","version":1,"value":14.838085}, {"key":"Xv3OP","version":2,"value":18.592646}, {"key":"hIIHB","version":0,"value":1.4070857}, {"key":"8pGZG","version":0,"value":4.995571}, {"key":"PQU1o","version":0,"value":14.553001}, {"key":"NPaPU","version":1,"value":6.162467}, {"key":"HE7BJ","TOTAL":0.0}, {"key":"fFKdC","version":0,"value":3.2627654}, {"key":"UETOu","version":0,"value":8.178837}, {"key":"Q62Ww","version":0,"value":4.580225}, {"key":"Bw8T4","version":1,"value":6.5314865}, {"key":"I8Oe9","version":1,"value":10.216547}, {"key":"QGjDi","version":1,"value":12.9795685}, {"key":"i52tk","version":0,"value":12.733786}, {"key":"CPMQr","version":0,"value":9.776266}, {"key":"PTvRN","version":0,"value":11.965232}, {"key":"xYimU","version":0,"value":6.875725}, {"key":"ba8Vh","version":0,"value":5.9639835}, {"key":"8pGZG","TOTAL":55.563046}, {"key":"hq2gv","version":0,"value":12.383327}, {"key":"1vPUc","version":1,"value":5.8039656}, {"key":"Bw8T4","TOTAL":0.0}, {"key":"QGjDi","version":1,"value":8.701788}, {"key":"OZVsr","version":1,"value":12.756191}, {"key":"1vPUc","TOTAL":81.40179}, {"key":"UETOu","version":0,"value":2.5825334}, {"key":"ArrOY","version":0,"value":12.443333}, {"key":"ArrOY","version":0,"value":10.965399}, {"key":"tbK1x","version":1,"value":16.079807}, {"key":"6bWAV","TOTAL":0.0}, {"key":"PQU1o","TOTAL":0.0}, {"key":"ZofBZ","version":0,"value":9.807772}, {"key":"pu3Gf","TOTAL":0.0}, {"key":"n5v95","version":0,"value":4.7056923}, {"key":"jvpx9","version":1,"value":16.745016}, {"key":"ZofBZ","version":2,"value":11.294804}, {"key":"fFKdC","version":1,"value":17.688032}, {"key":"PpVK2","version":0,"value":0.9146786}, {"key":"N3xrG","version":1,"value":12.674887}, {"key":"Xv3OP","TOTAL":0.0}, {"key":"Pu9vd","version":2,"value":13.078513}, {"key":"QGjDi","TOTAL":0.0}, {"key":"NPaPU","version":1,"value":13.311045}, {"key":"jvpx9","version":0,"value":18.613276}, {"key":"1aWTE","version":0,"value":6.4363136}, {"key":"Pu9vd","version":2,"value":0.6652677}, {"key":"NPaPU","TOTAL":0.0}, {"key":"ba8Vh","version":1,"value":15.463692}, {"key":"OZVsr","version":1,"value":13.864752}, {"key":"ArrOY","version":1,"value":2.7287352}, {"key":"2FbmU","version":2,"value":13.109602}, {"key":"xYimU","TOTAL":0.0}, {"key":"1aWTE","version":0,"value":19.394075}, {"key":"fFKdC","version":0,"value":14.67249}, {"key":"eHpH5","version":0,"value":5.811038}, {"key":"I8Oe9","version":2,"value":11.501836}, {"key":"PTvRN","version":1,"value":19.32618}, {"key":"n5v95","version":1,"value":15.344171}, {"key":"N3xrG","version":0,"value":1.5816486}, {"key":"PTvRN","TOTAL":51.543552}, {"key":"VBkFL","version":0,"value":2.5715113}, {"key":"Hr8YU","version":2,"value":9.291874}, {"key":"2FbmU","version":0,"value":4.8225555}, {"key":"6EwNE","version":1,"value":3.9964974}, {"key":"I8Oe9","version":1,"value":19.368214}, {"key":"ba8Vh","version":0,"value":19.548985}, {"key":"LEfq1","version":1,"value":5.426589}, {"key":"i52tk","version":0,"value":7.8202715}, {"key":"Q62Ww","version":0,"value":2.5856805}, {"key":"1aWTE","TOTAL":0.0}, {"key":"I8Oe9","version":0,"value":3.905927}, {"key":"UETOu","version":2,"value":5.156975}, {"key":"ZofBZ","version":0,"value":8.066566}, {"key":"6EwNE","version":0,"value":1.8074906}, {"key":"VBkFL","version":1,"value":15.576687}, {"key":"4Q8rd","version":2,"value":1.2587535}, {"key":"ba8Vh","version":1,"value":8.478579}, {"key":"6EwNE","TOTAL":0.0}, {"key":"Q1yCp","version":0,"value":10.283552}, {"key":"hq2gv","version":1,"value":8.016493}, {"key":"niRkP","TOTAL":0.0}, {"key":"2FbmU","TOTAL":0.0}, {"key":"mseAO","version":1,"value":2.6412022}, {"key":"qZIMJ","version":0,"value":17.274254}, {"key":"Dq2Gh","version":0,"value":17.927254}, {"key":"sdL8V","version":2,"value":19.786697}, {"key":"jvpx9","TOTAL":0.0}, {"key":"OXYb2","version":0,"value":11.2855835}, {"key":"VBkFL","TOTAL":89.7453}, {"key":"n5v95","version":2,"value":6.2236795}, {"key":"hq2gv","version":2,"value":8.060959}, {"key":"hIIHB","TOTAL":0.0}, {"key":"dhT2k","version":0,"value":9.051619}, {"key":"Q1yCp","version":1,"value":0.7463229}, {"key":"KibnW","version":2,"value":9.784475}, {"key":"Hr8YU","version":1,"value":14.061844}, {"key":"3TwXF","version":0,"value":5.004607}, {"key":"Pu9vd","version":2,"value":9.360757}, {"key":"i52tk","TOTAL":0.0}, {"key":"bKvFT","version":1,"value":5.918789}, {"key":"jZxON","version":2,"value":1.1160302}, {"key":"PPBSn","version":0,"value":15.157621}, {"key":"hIiYN","version":1,"value":7.6157928}, {"key":"L7u6d","version":0,"value":16.405811}, {"key":"KibnW","version":2,"value":7.295018}, {"key":"i6x19","version":2,"value":3.9138734}, {"key":"UETOu","version":1,"value":12.188879}, {"key":"bKvFT","TOTAL":39.182655}, {"key":"Bi0qD","version":0,"value":10.928298}, {"key":"Pu9vd","version":0,"value":7.9568887}, {"key":"CPMQr","TOTAL":41.16921}, {"key":"OXYb2","TOTAL":0.0}, {"key":"KibnW","TOTAL":0.0}, {"key":"Q62Ww","version":2,"value":14.465676}, {"key":"G8Ey7","version":0,"value":0.44220686}, {"key":"hIiYN","version":2,"value":4.0120926}, {"key":"G8Ey7","version":0,"value":19.271452}, {"key":"sdL8V","version":1,"value":16.364172}, {"key":"PPBSn","version":1,"value":8.877254}, {"key":"ZofBZ","version":1,"value":13.724203}, {"key":"Q62Ww","version":1,"value":6.6855764}, {"key":"4Q8rd","version":0,"value":0.86930156}, {"key":"n5v95","TOTAL":0.0}, {"key":"Q1yCp","version":1,"value":1.7797446}, {"key":"bWDWr","version":2,"value":0.09366393}, {"key":"L7u6d","version":0,"value":6.919763}, {"key":"PZIec","version":2,"value":6.797254}, {"key":"I8Oe9","TOTAL":84.39572}, {"key":"ArrOY","TOTAL":0.0}, {"key":"bWDWr","version":2,"value":17.089123}, {"key":"eHpH5","version":0,"value":13.13725}, {"key":"ROnBd","version":2,"value":1.7241776}, {"key":"dhT2k","TOTAL":0.0}, {"key":"UETOu","TOTAL":0.0}, {"key":"G8Ey7","version":1,"value":1.6246724}, {"key":"wKMJ3","version":1,"value":10.052795}, {"key":"3TwXF","version":0,"value":10.929156}, {"key":"DXNbh","version":2,"value":0.6624079}, {"key":"ZAcqS","version":1,"value":17.45168}, {"key":"Bi0qD","version":2,"value":16.54649}, {"key":"mseAO","TOTAL":0.0}, {"key":"3TwXF","TOTAL":59.22236}, {"key":"tjUQo","version":0,"value":9.692578}, {"key":"KgmIp","version":0,"value":14.795871}, {"key":"PPBSn","version":2,"value":12.141983}, {"key":"fFKdC","version":0,"value":4.3059587}, {"key":"i6x19","version":0,"value":17.354237}, {"key":"G8Ey7","version":1,"value":13.207582}, {"key":"PpVK2","TOTAL":0.0}, {"key":"ZofBZ","version":2,"value":7.508161}, {"key":"jZxON","version":0,"value":8.782258}, {"key":"G8Ey7","version":2,"value":13.887264}, {"key":"qZIMJ","TOTAL":0.0}, {"key":"E7W1W","version":1,"value":14.489897}, {"key":"OZVsr","TOTAL":0.0}, {"key":"Hr8YU","version":0,"value":2.7203977}, {"key":"DXNbh","version":0,"value":10.1506815}, {"key":"DXNbh","version":0,"value":12.218077}, {"key":"g7aZL","version":2,"value":16.820705}, {"key":"Q1yCp","TOTAL":0.0}, {"key":"hIiYN","version":2,"value":13.248735}, {"key":"E7W1W","version":0,"value":10.878088}, {"key":"i6x19","version":1,"value":11.410066}, {"key":"s52vi","version":2,"value":6.0601306}, {"key":"bRIWy","version":1,"value":4.928542}, {"key":"L7u6d","version":0,"value":9.133124}, {"key":"XVWYi","version":2,"value":5.9339404}, {"key":"hq2gv","TOTAL":0.0}, {"key":"yOGmf","version":2,"value":12.814971}, {"key":"pFt73","version":1,"value":11.441271}, {"key":"L7u6d","version":1,"value":10.879215}, {"key":"g7aZL","version":2,"value":1.371187}, {"key":"Dq2Gh","version":2,"value":17.130562}, {"key":"bRIWy","version":2,"value":11.055198}, {"key":"tjUQo","version":1,"value":9.951402}, {"key":"e99DB","version":2,"value":6.0316763}, {"key":"md9V6","version":2,"value":16.970173}, {"key":"sdL8V","version":0,"value":19.648094}, {"key":"ES76s","version":1,"value":15.611067}, {"key":"PPBSn","version":1,"value":11.652676}, {"key":"x8SSn","version":2,"value":4.6039095}, {"key":"ZAcqS","version":2,"value":8.413408}, {"key":"PPBSn","TOTAL":0.0}, {"key":"eHpH5","version":2,"value":8.521025}, {"key":"E7W1W","version":1,"value":17.403027}, {"key":"x8SSn","version":0,"value":9.758636}, {"key":"L7u6d","TOTAL":0.0}, {"key":"Dq2Gh","version":2,"value":15.469283}, {"key":"sU4a0","version":1,"value":13.428011}, {"key":"8HmCL","version":0,"value":12.894422}, {"key":"wKMJ3","version":2,"value":3.9685726}, {"key":"eV5QJ","version":0,"value":17.13535}, {"key":"G8Ey7","version":2,"value":17.111883}, {"key":"yGufV","version":2,"value":15.410603}, {"key":"eXBNu","version":2,"value":16.178028}, {"key":"q3o1t","version":2,"value":5.1756477}, {"key":"bWDWr","version":1,"value":5.1889553}, {"key":"DXNbh","version":0,"value":2.1547186}, {"key":"OdKu9","version":1,"value":14.726886}, {"key":"ba8Vh","version":1,"value":16.952585}, {"key":"ba8Vh","version":0,"value":2.5164378}, {"key":"DXNbh","version":2,"value":6.3396606}, {"key":"ZAcqS","version":1,"value":16.15064}, {"key":"tbK1x","version":2,"value":1.9115686}, {"key":"sU4a0","TOTAL":73.50617}, {"key":"JN50H","version":0,"value":4.641819}, {"key":"ZAcqS","version":1,"value":8.728384}, {"key":"i6x19","version":1,"value":14.733619}, {"key":"gjN6l","version":1,"value":3.91227}, {"key":"wKMJ3","version":1,"value":7.298874}, {"key":"bWDWr","version":2,"value":16.452137}, {"key":"tjUQo","version":0,"value":5.1136065}, {"key":"XVWYi","version":0,"value":1.2371492}, {"key":"i6x19","version":2,"value":5.194832}, {"key":"OdKu9","TOTAL":0.0}, {"key":"JN50H","version":0,"value":14.784089}, {"key":"R0NQa","version":2,"value":18.601486}, {"key":"eHpH5","version":1,"value":3.9723992}, {"key":"ES76s","version":0,"value":18.540867}, {"key":"ORp72","version":0,"value":5.6204376}, {"key":"eV5QJ","TOTAL":11.725921}, {"key":"XVWYi","version":2,"value":19.069687}, {"key":"bWDWr","version":0,"value":5.5689692}, {"key":"gjN6l","version":0,"value":10.682429}, {"key":"LEfq1","version":0,"value":18.832144}, {"key":"q3o1t","version":1,"value":12.268694}, {"key":"Pu9vd","version":0,"value":10.991051}, {"key":"R0NQa","TOTAL":0.0}, {"key":"POrRD","version":1,"value":0.4245603}, {"key":"sdL8V","version":2,"value":1.7396116}, {"key":"jZxON","version":0,"value":10.098777}, {"key":"ZAcqS","version":1,"value":6.062131}, {"key":"jZxON","version":1,"value":17.499157}, {"key":"E7W1W","version":1,"value":0.53814054}, {"key":"N3xrG","version":1,"value":11.835986}, {"key":"a2Lo8","version":1,"value":2.0543027}, {"key":"Riavy","version":0,"value":17.521723}, {"key":"ZofBZ","version":2,"value":8.186293}, {"key":"a2Lo8","version":2,"value":1.220628}, {"key":"qQNj1","version":2,"value":5.1115084}, {"key":"jErDO","version":2,"value":2.4925542}, {"key":"bWDWr","version":2,"value":11.194587}, {"key":"T1J5k","version":1,"value":14.883419}, {"key":"N3xrG","version":1,"value":17.644075}, {"key":"8dZvR","version":2,"value":8.054675}, {"key":"eXBNu","version":1,"value":6.4552474}, {"key":"Q62Ww","version":0,"value":19.010168}, {"key":"mkv31","version":2,"value":10.086216}, {"key":"hIiYN","version":2,"value":12.845619}, {"key":"bRIWy","TOTAL":0.0}, {"key":"Dq2Gh","version":1,"value":2.8421783}, {"key":"eHpH5","version":1,"value":16.522594}, {"key":"WkEr0","version":1,"value":13.492485}, {"key":"tjUQo","TOTAL":87.956985}, {"key":"q3o1t","version":2,"value":3.5127437}, {"key":"a2Lo8","version":0,"value":19.128904}, {"key":"mTOTY","version":2,"value":5.060419}, {"key":"ORp72","TOTAL":17.749107}, {"key":"qQNj1","version":1,"value":19.14181}, {"key":"Pu9vd","TOTAL":65.38533}, {"key":"jErDO","version":2,"value":2.1006417}, {"key":"yGufV","version":0,"value":2.9191256}, {"key":"Vs2Oc","version":0,"value":7.924467}, {"key":"q3o1t","version":2,"value":7.4546947}, {"key":"Ji1E4","version":1,"value":14.780674}, {"key":"yGufV","TOTAL":56.54938}, {"key":"mTOTY","version":1,"value":9.130777}, {"key":"pFt73","TOTAL":0.0}]
03:04:21.608 INFO  u.a.e.a.c.d.MessageTransformer - 0% complete...
03:04:24.165 INFO  u.a.e.a.c.d.MessageTransformer - 10% complete...
03:04:26.771 INFO  u.a.e.a.c.d.MessageTransformer - 20% complete...
03:04:29.323 INFO  u.a.e.a.c.d.MessageTransformer - 30% complete...
03:04:31.903 INFO  u.a.e.a.c.d.MessageTransformer - 40% complete...
03:04:34.492 INFO  u.a.e.a.c.d.MessageTransformer - 50% complete...
03:04:37.084 INFO  u.a.e.a.c.d.MessageTransformer - 60% complete...
03:04:39.636 INFO  u.a.e.a.c.d.MessageTransformer - 70% complete...
03:04:42.236 INFO  u.a.e.a.c.d.MessageTransformer - 80% complete...
03:04:44.829 INFO  u.a.e.a.c.d.MessageTransformer - 90% complete...
03:04:47.597 INFO  u.a.e.a.c.d.MessageTransformer - 100% complete. Tranformed 500 messages
03:04:47.597 INFO  u.a.e.a.c.s.RabbitMqService - Reading queue TransformTestWrite-33272-eWumP: count=500
03:04:47.660 INFO  u.a.e.a.c.s.RabbitMqService - Received 500/500 messages in 63ms
03:04:47.660 INFO  u.a.e.a.c.s.RabbitMqService - returning: [{"key":"WQww2","version":1,"value":21.370956}, {"key":"8biug","version":0,"value":18.911896}, {"key":"E3Whq","version":1,"value":20.44183}, {"totalMessagesWritten":3,"totalMessagesProcessed":4,"totalRedisUpdates":4,"totalValueWritten":81.26279,"totalAdded":31.5}, {"key":"woDIn","version":2,"value":25.975216}, {"key":"GvdaH","version":0,"value":28.591217}, {"key":"woDIn","version":0,"value":0.62550545}, {"key":"E3Whq","version":0,"value":5.4840684}, {"key":"KhPEr","version":2,"value":15.700544}, {"key":"Fm4WI","version":0,"value":22.571543}, {"totalMessagesWritten":9,"totalMessagesProcessed":11,"totalRedisUpdates":9,"totalValueWritten":180.21089,"totalAdded":73.5}, {"key":"E3Whq","version":2,"value":29.498682}, {"key":"KhPEr","version":1,"value":14.642986}, {"totalMessagesWritten":11,"totalMessagesProcessed":14,"totalRedisUpdates":11,"totalValueWritten":224.35257,"totalAdded":84.0}, {"key":"pJ0aB","version":2,"value":12.250039}, {"key":"fJ6hp","version":0,"value":28.37885}, {"totalMessagesWritten":13,"totalMessagesProcessed":17,"totalRedisUpdates":14,"totalValueWritten":264.98148,"totalAdded":105.0}, {"key":"Fm4WI","version":2,"value":11.154441}, {"key":"UoYDi","version":0,"value":21.43451}, {"key":"KhPEr","version":1,"value":14.747944}, {"key":"fJ6hp","version":2,"value":27.472742}, {"key":"Fm4WI","version":1,"value":10.838692}, {"key":"iy2Sm","version":0,"value":12.051165}, {"key":"dxMvg","version":0,"value":21.645563}, {"key":"iy2Sm","version":2,"value":26.367115}, {"key":"Fm4WI","version":1,"value":19.43473}, {"key":"OnY1P","version":2,"value":19.158007}, {"totalMessagesWritten":23,"totalMessagesProcessed":28,"totalRedisUpdates":22,"totalValueWritten":449.28644,"totalAdded":178.5}, {"key":"iy2Sm","version":0,"value":11.82267}, {"totalMessagesWritten":24,"totalMessagesProcessed":30,"totalRedisUpdates":23,"totalValueWritten":476.67368,"totalAdded":178.5}, {"totalMessagesWritten":24,"totalMessagesProcessed":31,"totalRedisUpdates":24,"totalValueWritten":476.67368,"totalAdded":178.5}, {"key":"KhPEr","version":0,"value":5.0749683}, {"key":"Pw7to","version":2,"value":27.418217}, {"key":"iy2Sm","version":0,"value":1.7644441}, {"key":"QGjDi","version":1,"value":16.075958}, {"key":"hccL2","version":0,"value":17.23177}, {"key":"fJ6hp","version":2,"value":4.8233724}, {"key":"Fm4WI","version":0,"value":18.99088}, {"key":"o9QAh","version":1,"value":30.31555}, {"totalMessagesWritten":32,"totalMessagesProcessed":40,"totalRedisUpdates":29,"totalValueWritten":598.36884,"totalAdded":220.5}, {"key":"Fm4WI","version":1,"value":11.650274}, {"key":"OnY1P","version":1,"value":12.213326}, {"totalMessagesWritten":34,"totalMessagesProcessed":43,"totalRedisUpdates":30,"totalValueWritten":622.2324,"totalAdded":220.5}, {"key":"hIIHB","version":2,"value":28.15438}, {"key":"Fm4WI","version":2,"value":12.874348}, {"key":"iy2Sm","version":2,"value":7.086302}, {"key":"99Cth","version":1,"value":18.072996}, {"totalMessagesWritten":38,"totalMessagesProcessed":48,"totalRedisUpdates":33,"totalValueWritten":747.69,"totalAdded":241.5}, {"key":"Fm4WI","version":1,"value":12.632517}, {"key":"fJ6hp","version":1,"value":8.326093}, {"key":"fJ6hp","version":0,"value":6.113789}, {"key":"hccL2","version":0,"value":3.8379467}, {"key":"hccL2","version":2,"value":22.752045}, {"key":"iy2Sm","version":0,"value":17.16607}, {"key":"JkWPC","version":0,"value":30.174273}, {"key":"KhPEr","version":2,"value":7.6822844}, {"totalMessagesWritten":46,"totalMessagesProcessed":57,"totalRedisUpdates":36,"totalValueWritten":856.37506,"totalAdded":262.5}, {"key":"QGjDi","version":0,"value":7.5638666}, {"key":"fJ6hp","version":1,"value":9.078583}, {"key":"fJWGa","version":1,"value":19.627922}, {"totalMessagesWritten":49,"totalMessagesProcessed":61,"totalRedisUpdates":38,"totalValueWritten":892.6454,"totalAdded":273.0}, {"key":"JkWPC","version":2,"value":26.66126}, {"key":"F6EBp","version":1,"value":19.96703}, {"key":"G3X7O","version":0,"value":11.844908}, {"key":"OnY1P","version":2,"value":12.080092}, {"key":"QGjDi","version":1,"value":12.229786}, {"key":"Ehc4a","version":0,"value":22.955845}, {"key":"99Cth","version":1,"value":3.1566155}, {"key":"Fm4WI","version":2,"value":9.560856}, {"key":"OnY1P","version":0,"value":12.034169}, {"key":"PQU1o","version":1,"value":21.76976}, {"key":"nayxm","version":2,"value":22.90996}, {"key":"rFu4W","version":0,"value":29.362198}, {"key":"8pGZG","version":1,"value":27.073505}, {"key":"99Cth","version":0,"value":0.9904671}, {"key":"PQU1o","version":1,"value":0.5891931}, {"key":"PQU1o","version":0,"value":10.569363}, {"key":"fJWGa","version":0,"value":7.250451}, {"totalMessagesWritten":66,"totalMessagesProcessed":79,"totalRedisUpdates":47,"totalValueWritten":1143.6509,"totalAdded":357.0}, {"totalMessagesWritten":66,"totalMessagesProcessed":80,"totalRedisUpdates":48,"totalValueWritten":1143.6509,"totalAdded":357.0}, {"key":"Ehc4a","version":2,"value":19.340273}, {"key":"nayxm","version":2,"value":14.913326}, {"key":"QGjDi","version":0,"value":0.75343966}, {"key":"PQU1o","version":2,"value":14.549945}, {"key":"JkWPC","version":0,"value":2.368536}, {"key":"XmHIo","version":0,"value":24.66893}, {"key":"OnY1P","version":2,"value":14.757515}, {"key":"PQU1o","version":0,"value":12.707144}, {"key":"F6EBp","version":1,"value":5.444963}, {"key":"F6EBp","version":0,"value":2.2210002}, {"key":"fJ6hp","version":2,"value":0.34782767}, {"key":"pu3Gf","version":0,"value":27.547398}, {"totalMessagesWritten":78,"totalMessagesProcessed":93,"totalRedisUpdates":53,"totalValueWritten":1303.6556,"totalAdded":399.0}, {"key":"99Cth","version":1,"value":4.158901}, {"totalMessagesWritten":79,"totalMessagesProcessed":95,"totalRedisUpdates":54,"totalValueWritten":1307.8146,"totalAdded":399.0}, {"key":"F6EBp","version":0,"value":5.9636354}, {"key":"fJ6hp","version":1,"value":3.1982577}, {"key":"F6EBp","version":1,"value":0.034167767}, {"key":"u77VE","version":1,"value":14.194447}, {"key":"XmHIo","version":0,"value":8.580587}, {"key":"QGjDi","version":1,"value":12.892765}, {"key":"nayxm","version":1,"value":19.904728}, {"totalMessagesWritten":86,"totalMessagesProcessed":103,"totalRedisUpdates":56,"totalValueWritten":1372.5833,"totalAdded":409.5}, {"key":"q9bNU","version":1,"value":14.727519}, {"key":"QGjDi","version":1,"value":3.682872}, {"key":"8pGZG","version":0,"value":6.3472643}, {"key":"3TEXe","version":1,"value":21.923841}, {"key":"XmHIo","version":2,"value":26.305176}, {"key":"nayxm","version":1,"value":2.3849976}, {"key":"hIIHB","version":2,"value":8.772731}, {"key":"OnY1P","version":1,"value":1.5836406}, {"totalMessagesWritten":94,"totalMessagesProcessed":112,"totalRedisUpdates":60,"totalValueWritten":1458.3113,"totalAdded":441.0}, {"key":"hccL2","version":2,"value":18.298225}, {"key":"pu3Gf","version":2,"value":12.716983}, {"key":"nayxm","version":1,"value":9.749577}, {"key":"3TEXe","version":0,"value":0.058939457}, {"key":"hccL2","version":2,"value":9.8625765}, {"key":"KBolO","version":1,"value":24.330545}, {"key":"FdjwI","version":1,"value":23.044214}, {"key":"PQU1o","version":1,"value":19.752253}, {"key":"99Cth","version":1,"value":5.7010927}, {"key":"u77VE","version":0,"value":7.6234474}, {"key":"hIIHB","version":2,"value":15.065395}, {"key":"q9bNU","version":2,"value":25.939669}, {"key":"nayxm","version":2,"value":13.965677}, {"totalMessagesWritten":107,"totalMessagesProcessed":126,"totalRedisUpdates":65,"totalValueWritten":1644.4199,"totalAdded":483.0}, {"key":"u77VE","version":2,"value":16.382055}, {"key":"PQU1o","version":1,"value":17.12234}, {"key":"3TEXe","version":0,"value":4.207835}, {"key":"yWVSR","version":2,"value":22.308002}, {"key":"PQU1o","version":2,"value":5.1037636}, {"key":"eFLFx","version":2,"value":17.795895}, {"key":"3TEXe","version":2,"value":27.12716}, {"key":"JkWPC","version":2,"value":12.213539}, {"key":"XmHIo","version":0,"value":19.289816}, {"key":"OnY1P","version":1,"value":14.105786}, {"key":"6bWAV","version":0,"value":25.378674}, {"key":"QGjDi","version":2,"value":20.764229}, {"key":"1JdhB","version":2,"value":21.2774}, {"key":"XmHIo","version":0,"value":10.255942}, {"key":"HE7BJ","version":1,"value":25.457886}, {"key":"6bWAV","version":1,"value":23.269585}, {"totalMessagesWritten":123,"totalMessagesProcessed":143,"totalRedisUpdates":75,"totalValueWritten":1926.4799,"totalAdded":577.5}, {"key":"99Cth","version":1,"value":4.5038977}, {"key":"Xv3OP","version":1,"value":24.32183}, {"key":"UETOu","version":2,"value":15.96084}, {"key":"3TEXe","version":0,"value":6.391475}, {"key":"A1hgb","version":0,"value":20.484694}, {"key":"G3X7O","version":2,"value":29.474524}, {"totalMessagesWritten":129,"totalMessagesProcessed":150,"totalRedisUpdates":80,"totalValueWritten":2027.6171,"totalAdded":619.5}, {"key":"YCssB","version":0,"value":13.740879}, {"key":"XmHIo","version":0,"value":8.649549}, {"key":"GToBG","version":1,"value":28.919212}, {"totalMessagesWritten":132,"totalMessagesProcessed":154,"totalRedisUpdates":83,"totalValueWritten":2078.9268,"totalAdded":640.5}, {"totalMessagesWritten":132,"totalMessagesProcessed":155,"totalRedisUpdates":84,"totalValueWritten":2078.9268,"totalAdded":640.5}, {"key":"6bWAV","version":0,"value":6.1511207}, {"key":"OnY1P","version":0,"value":12.270898}, {"key":"6bWAV","version":2,"value":13.137597}, {"key":"G3X7O","version":0,"value":7.913266}, {"totalMessagesWritten":136,"totalMessagesProcessed":160,"totalRedisUpdates":86,"totalValueWritten":2118.4,"totalAdded":651.0}, {"totalMessagesWritten":136,"totalMessagesProcessed":161,"totalRedisUpdates":87,"totalValueWritten":2118.4,"totalAdded":651.0}, {"key":"QTboU","version":2,"value":23.700842}, {"key":"Bw8T4","version":1,"value":13.665288}, {"key":"JkWPC","version":0,"value":12.372997}, {"key":"2FbmU","version":0,"value":22.232101}, {"key":"i52tk","version":1,"value":26.97451}, {"key":"YCssB","version":2,"value":18.210098}, {"key":"Bw8T4","version":2,"value":22.838223}, {"key":"nayxm","version":0,"value":1.3377488}, {"key":"Rqngl","version":2,"value":18.657278}, {"totalMessagesWritten":145,"totalMessagesProcessed":171,"totalRedisUpdates":95,"totalValueWritten":2278.3892,"totalAdded":724.5}, {"key":"Bw8T4","version":2,"value":19.639507}, {"key":"2FbmU","version":0,"value":4.2617807}, {"key":"3TEXe","version":2,"value":10.294442}, {"key":"ssTMr","version":2,"value":22.396889}, {"key":"niRkP","version":1,"value":15.77956}, {"key":"Bw8T4","version":0,"value":16.909988}, {"key":"JkWPC","version":2,"value":3.0591786}, {"totalMessagesWritten":152,"totalMessagesProcessed":179,"totalRedisUpdates":98,"totalValueWritten":2370.7302,"totalAdded":745.5}, {"key":"hIIHB","version":0,"value":2.5408852}, {"key":"QTboU","version":0,"value":7.6000714}, {"key":"pu3Gf","version":1,"value":2.585535}, {"key":"PQU1o","version":1,"value":13.425593}, {"key":"OZVsr","version":1,"value":19.212234}, {"key":"nayxm","version":1,"value":14.998325}, {"key":"1JdhB","version":0,"value":7.70591}, {"key":"i52tk","version":0,"value":7.129793}, {"totalMessagesWritten":160,"totalMessagesProcessed":188,"totalRedisUpdates":100,"totalValueWritten":2445.9282,"totalAdded":756.0}, {"key":"PpVK2","version":2,"value":11.310586}, {"totalMessagesWritten":161,"totalMessagesProcessed":190,"totalRedisUpdates":102,"totalValueWritten":2457.2388,"totalAdded":766.5}, {"key":"UETOu","version":2,"value":10.895512}, {"key":"3tCw3","version":1,"value":11.010452}, {"key":"xBEdH","version":2,"value":28.584267}, {"key":"ssTMr","version":1,"value":10.960732}, {"totalMessagesWritten":165,"totalMessagesProcessed":195,"totalRedisUpdates":105,"totalValueWritten":2518.6897,"totalAdded":787.5}, {"key":"ba8Vh","version":2,"value":24.91606}, {"key":"Xv3OP","version":2,"value":24.186516}, {"key":"HAuaY","version":0,"value":20.368443}, {"key":"Q62Ww","version":2,"value":26.883526}, {"key":"hIIHB","version":0,"value":0.2147305}, {"key":"NPaPU","version":1,"value":24.57674}, {"key":"ZofBZ","version":2,"value":29.097809}, {"totalMessagesWritten":172,"totalMessagesProcessed":203,"totalRedisUpdates":112,"totalValueWritten":2764.924,"totalAdded":850.5}, {"key":"QGjDi","version":0,"value":9.777836}, {"totalMessagesWritten":173,"totalMessagesProcessed":205,"totalRedisUpdates":113,"totalValueWritten":2774.702,"totalAdded":850.5}, {"key":"Q62Ww","version":0,"value":6.6875267}, {"key":"OZVsr","version":1,"value":1.6747046}, {"key":"ssTMr","version":2,"value":9.574272}, {"key":"HE7BJ","version":2,"value":27.244215}, {"totalMessagesWritten":177,"totalMessagesProcessed":210,"totalRedisUpdates":115,"totalValueWritten":2819.8826,"totalAdded":861.0}, {"totalMessagesWritten":177,"totalMessagesProcessed":211,"totalRedisUpdates":116,"totalValueWritten":2877.896,"totalAdded":861.0}, {"totalMessagesWritten":177,"totalMessagesProcessed":212,"totalRedisUpdates":117,"totalValueWritten":2877.896,"totalAdded":861.0}, {"totalMessagesWritten":177,"totalMessagesProcessed":213,"totalRedisUpdates":118,"totalValueWritten":2877.896,"totalAdded":861.0}, {"key":"2FbmU","version":1,"value":12.096321}, {"key":"Bw8T4","version":1,"value":11.189103}, {"key":"QGjDi","version":0,"value":3.4218085}, {"totalMessagesWritten":180,"totalMessagesProcessed":217,"totalRedisUpdates":120,"totalValueWritten":2904.6035,"totalAdded":871.5}, {"key":"MSesA","version":0,"value":21.49453}, {"key":"hIIHB","version":2,"value":6.0909843}, {"key":"Q62Ww","version":2,"value":19.351513}, {"key":"1JdhB","version":0,"value":8.035849}, {"totalMessagesWritten":184,"totalMessagesProcessed":222,"totalRedisUpdates":122,"totalValueWritten":2970.9404,"totalAdded":882.0}, {"key":"ROnBd","version":1,"value":23.763777}, {"key":"Xv3OP","version":2,"value":2.2449708}, {"totalMessagesWritten":186,"totalMessagesProcessed":225,"totalRedisUpdates":124,"totalValueWritten":2996.949,"totalAdded":892.5}, {"key":"ArrOY","version":1,"value":12.493781}, {"totalMessagesWritten":187,"totalMessagesProcessed":227,"totalRedisUpdates":126,"totalValueWritten":3009.4429,"totalAdded":903.0}, {"key":"Q62Ww","version":1,"value":11.233505}, {"totalMessagesWritten":188,"totalMessagesProcessed":229,"totalRedisUpdates":127,"totalValueWritten":3020.6763,"totalAdded":903.0}, {"key":"Pu9vd","version":0,"value":18.870438}, {"totalMessagesWritten":189,"totalMessagesProcessed":231,"totalRedisUpdates":129,"totalValueWritten":3039.5466,"totalAdded":913.5}, {"totalMessagesWritten":189,"totalMessagesProcessed":232,"totalRedisUpdates":130,"totalValueWritten":3039.5466,"totalAdded":913.5}, {"key":"1vPUc","version":1,"value":25.338085}, {"key":"Xv3OP","version":2,"value":18.592646}, {"key":"hIIHB","version":0,"value":1.4070857}, {"key":"8pGZG","version":0,"value":4.995571}, {"key":"PQU1o","version":0,"value":14.553001}, {"key":"NPaPU","version":1,"value":6.162467}, {"totalMessagesWritten":195,"totalMessagesProcessed":239,"totalRedisUpdates":132,"totalValueWritten":3110.5952,"totalAdded":924.0}, {"key":"fFKdC","version":0,"value":13.762766}, {"key":"UETOu","version":0,"value":8.178837}, {"key":"Q62Ww","version":0,"value":4.580225}, {"key":"Bw8T4","version":1,"value":6.5314865}, {"key":"I8Oe9","version":1,"value":20.716547}, {"key":"QGjDi","version":1,"value":12.9795685}, {"key":"i52tk","version":0,"value":12.733786}, {"key":"CPMQr","version":0,"value":20.276266}, {"key":"PTvRN","version":0,"value":22.465233}, {"key":"xYimU","version":0,"value":17.375725}, {"key":"ba8Vh","version":0,"value":5.9639835}, {"totalMessagesWritten":206,"totalMessagesProcessed":251,"totalRedisUpdates":138,"totalValueWritten":3311.723,"totalAdded":976.5}, {"key":"hq2gv","version":0,"value":22.883327}, {"key":"1vPUc","version":1,"value":5.8039656}, {"totalMessagesWritten":208,"totalMessagesProcessed":254,"totalRedisUpdates":140,"totalValueWritten":3340.4102,"totalAdded":987.0}, {"key":"QGjDi","version":1,"value":8.701788}, {"key":"OZVsr","version":1,"value":12.756191}, {"totalMessagesWritten":210,"totalMessagesProcessed":257,"totalRedisUpdates":141,"totalValueWritten":3443.27,"totalAdded":987.0}, {"key":"UETOu","version":0,"value":2.5825334}, {"key":"ArrOY","version":0,"value":12.443333}, {"key":"ArrOY","version":0,"value":10.965399}, {"key":"tbK1x","version":1,"value":26.579807}, {"totalMessagesWritten":214,"totalMessagesProcessed":262,"totalRedisUpdates":143,"totalValueWritten":3495.841,"totalAdded":997.5}, {"totalMessagesWritten":214,"totalMessagesProcessed":263,"totalRedisUpdates":144,"totalValueWritten":3495.841,"totalAdded":997.5}, {"key":"ZofBZ","version":0,"value":9.807772}, {"totalMessagesWritten":215,"totalMessagesProcessed":265,"totalRedisUpdates":145,"totalValueWritten":3505.649,"totalAdded":997.5}, {"key":"n5v95","version":0,"value":15.205692}, {"key":"jvpx9","version":1,"value":27.245016}, {"key":"ZofBZ","version":2,"value":11.294804}, {"key":"fFKdC","version":1,"value":28.188032}, {"key":"PpVK2","version":0,"value":0.9146786}, {"key":"N3xrG","version":1,"value":23.174887}, {"totalMessagesWritten":221,"totalMessagesProcessed":272,"totalRedisUpdates":150,"totalValueWritten":3611.6724,"totalAdded":1039.5}, {"key":"Pu9vd","version":2,"value":23.578514}, {"totalMessagesWritten":222,"totalMessagesProcessed":274,"totalRedisUpdates":152,"totalValueWritten":3635.251,"totalAdded":1050.0}, {"key":"NPaPU","version":1,"value":13.311045}, {"key":"jvpx9","version":0,"value":18.613276}, {"key":"1aWTE","version":0,"value":16.936314}, {"key":"Pu9vd","version":2,"value":0.6652677}, {"totalMessagesWritten":226,"totalMessagesProcessed":279,"totalRedisUpdates":154,"totalValueWritten":3684.7769,"totalAdded":1060.5}, {"key":"ba8Vh","version":1,"value":15.463692}, {"key":"OZVsr","version":1,"value":13.864752}, {"key":"ArrOY","version":1,"value":2.7287352}, {"key":"2FbmU","version":2,"value":23.609602}, {"totalMessagesWritten":230,"totalMessagesProcessed":284,"totalRedisUpdates":156,"totalValueWritten":3740.4436,"totalAdded":1071.0}, {"key":"1aWTE","version":0,"value":19.394075}, {"key":"fFKdC","version":0,"value":14.67249}, {"key":"eHpH5","version":0,"value":16.311039}, {"key":"I8Oe9","version":2,"value":22.001835}, {"key":"PTvRN","version":1,"value":29.82618}, {"key":"n5v95","version":1,"value":25.84417}, {"key":"N3xrG","version":0,"value":1.5816486}, {"totalMessagesWritten":237,"totalMessagesProcessed":292,"totalRedisUpdates":161,"totalValueWritten":3921.6187,"totalAdded":1113.0}, {"key":"VBkFL","version":0,"value":13.071511}, {"key":"Hr8YU","version":2,"value":19.791874}, {"key":"2FbmU","version":0,"value":4.8225555}, {"key":"6EwNE","version":1,"value":14.496497}, {"key":"I8Oe9","version":1,"value":19.368214}, {"key":"ba8Vh","version":0,"value":19.548985}, {"key":"LEfq1","version":1,"value":15.926589}, {"key":"i52tk","version":0,"value":7.8202715}, {"key":"Q62Ww","version":0,"value":2.5856805}, {"totalMessagesWritten":246,"totalMessagesProcessed":302,"totalRedisUpdates":166,"totalValueWritten":4039.051,"totalAdded":1155.0}, {"key":"I8Oe9","version":0,"value":3.905927}, {"key":"UETOu","version":2,"value":5.156975}, {"key":"ZofBZ","version":0,"value":8.066566}, {"key":"6EwNE","version":0,"value":1.8074906}, {"key":"VBkFL","version":1,"value":26.076687}, {"key":"4Q8rd","version":2,"value":11.758754}, {"key":"ba8Vh","version":1,"value":8.478579}, {"totalMessagesWritten":253,"totalMessagesProcessed":310,"totalRedisUpdates":169,"totalValueWritten":4104.3022,"totalAdded":1176.0}, {"key":"Q1yCp","version":0,"value":20.783552}, {"key":"hq2gv","version":1,"value":18.516493}, {"totalMessagesWritten":255,"totalMessagesProcessed":313,"totalRedisUpdates":172,"totalValueWritten":4143.6025,"totalAdded":1197.0}, {"totalMessagesWritten":255,"totalMessagesProcessed":314,"totalRedisUpdates":173,"totalValueWritten":4143.6025,"totalAdded":1197.0}, {"key":"mseAO","version":1,"value":13.141202}, {"key":"qZIMJ","version":0,"value":27.774254}, {"key":"Dq2Gh","version":0,"value":28.427254}, {"key":"sdL8V","version":2,"value":30.286697}, {"totalMessagesWritten":259,"totalMessagesProcessed":319,"totalRedisUpdates":178,"totalValueWritten":4243.232,"totalAdded":1239.0}, {"key":"OXYb2","version":0,"value":21.785583}, {"totalMessagesWritten":260,"totalMessagesProcessed":321,"totalRedisUpdates":180,"totalValueWritten":4354.7627,"totalAdded":1249.5}, {"key":"n5v95","version":2,"value":16.723679}, {"key":"hq2gv","version":2,"value":18.560959}, {"totalMessagesWritten":262,"totalMessagesProcessed":324,"totalRedisUpdates":183,"totalValueWritten":4390.0474,"totalAdded":1270.5}, {"key":"dhT2k","version":0,"value":19.551619}, {"key":"Q1yCp","version":1,"value":11.246323}, {"key":"KibnW","version":2,"value":20.284475}, {"key":"Hr8YU","version":1,"value":14.061844}, {"key":"3TwXF","version":0,"value":15.504607}, {"key":"Pu9vd","version":2,"value":9.360757}, {"totalMessagesWritten":268,"totalMessagesProcessed":331,"totalRedisUpdates":188,"totalValueWritten":4480.057,"totalAdded":1312.5}, {"key":"bKvFT","version":1,"value":16.418789}, {"key":"jZxON","version":2,"value":11.61603}, {"key":"PPBSn","version":0,"value":25.657621}, {"key":"hIiYN","version":1,"value":18.115793}, {"key":"L7u6d","version":0,"value":26.905811}, {"key":"KibnW","version":2,"value":7.295018}, {"key":"i6x19","version":2,"value":14.413874}, {"key":"UETOu","version":1,"value":12.188879}, {"totalMessagesWritten":276,"totalMessagesProcessed":340,"totalRedisUpdates":195,"totalValueWritten":4651.852,"totalAdded":1375.5}, {"key":"Bi0qD","version":0,"value":21.428299}, {"key":"Pu9vd","version":0,"value":7.9568887}, {"totalMessagesWritten":278,"totalMessagesProcessed":343,"totalRedisUpdates":197,"totalValueWritten":4722.4067,"totalAdded":1386.0}, {"totalMessagesWritten":278,"totalMessagesProcessed":344,"totalRedisUpdates":198,"totalValueWritten":4722.4067,"totalAdded":1386.0}, {"totalMessagesWritten":278,"totalMessagesProcessed":345,"totalRedisUpdates":199,"totalValueWritten":4722.4067,"totalAdded":1386.0}, {"key":"Q62Ww","version":2,"value":14.465676}, {"key":"G8Ey7","version":0,"value":10.942207}, {"key":"hIiYN","version":2,"value":14.512093}, {"key":"G8Ey7","version":0,"value":19.271452}, {"key":"sdL8V","version":1,"value":16.364172}, {"key":"PPBSn","version":1,"value":19.377254}, {"key":"ZofBZ","version":1,"value":13.724203}, {"key":"Q62Ww","version":1,"value":6.6855764}, {"key":"4Q8rd","version":0,"value":0.86930156}, {"totalMessagesWritten":287,"totalMessagesProcessed":355,"totalRedisUpdates":203,"totalValueWritten":4838.619,"totalAdded":1417.5}, {"key":"Q1yCp","version":1,"value":1.7797446}, {"key":"bWDWr","version":2,"value":10.593664}, {"key":"L7u6d","version":0,"value":6.919763}, {"key":"PZIec","version":2,"value":17.297255}, {"totalMessagesWritten":291,"totalMessagesProcessed":360,"totalRedisUpdates":206,"totalValueWritten":4959.6055,"totalAdded":1438.5}, {"totalMessagesWritten":291,"totalMessagesProcessed":361,"totalRedisUpdates":207,"totalValueWritten":4959.6055,"totalAdded":1438.5}, {"key":"bWDWr","version":2,"value":17.089123}, {"key":"eHpH5","version":0,"value":13.13725}, {"key":"ROnBd","version":2,"value":12.224177}, {"totalMessagesWritten":294,"totalMessagesProcessed":365,"totalRedisUpdates":209,"totalValueWritten":5002.056,"totalAdded":1449.0}, {"totalMessagesWritten":294,"totalMessagesProcessed":366,"totalRedisUpdates":210,"totalValueWritten":5002.056,"totalAdded":1449.0}, {"key":"G8Ey7","version":1,"value":12.124672}, {"key":"wKMJ3","version":1,"value":20.552795}, {"key":"3TwXF","version":0,"value":10.929156}, {"key":"DXNbh","version":2,"value":11.162408}, {"key":"ZAcqS","version":1,"value":27.95168}, {"key":"Bi0qD","version":2,"value":27.04649}, {"totalMessagesWritten":300,"totalMessagesProcessed":373,"totalRedisUpdates":216,"totalValueWritten":5111.823,"totalAdded":1501.5}, {"totalMessagesWritten":300,"totalMessagesProcessed":374,"totalRedisUpdates":217,"totalValueWritten":5171.0454,"totalAdded":1501.5}, {"key":"tjUQo","version":0,"value":20.192577}, {"key":"KgmIp","version":0,"value":25.295872}, {"key":"PPBSn","version":2,"value":22.641983}, {"key":"fFKdC","version":0,"value":4.3059587}, {"key":"i6x19","version":0,"value":17.354237}, {"key":"G8Ey7","version":1,"value":13.207582}, {"totalMessagesWritten":306,"totalMessagesProcessed":381,"totalRedisUpdates":221,"totalValueWritten":5274.0435,"totalAdded":1533.0}, {"key":"ZofBZ","version":2,"value":7.508161}, {"key":"jZxON","version":0,"value":8.782258}, {"key":"G8Ey7","version":2,"value":24.387264}, {"totalMessagesWritten":309,"totalMessagesProcessed":385,"totalRedisUpdates":223,"totalValueWritten":5314.721,"totalAdded":1543.5}, {"key":"E7W1W","version":1,"value":24.989897}, {"totalMessagesWritten":310,"totalMessagesProcessed":387,"totalRedisUpdates":225,"totalValueWritten":5339.711,"totalAdded":1554.0}, {"key":"Hr8YU","version":0,"value":2.7203977}, {"key":"DXNbh","version":0,"value":10.1506815}, {"key":"DXNbh","version":0,"value":12.218077}, {"key":"g7aZL","version":2,"value":27.320705}, {"totalMessagesWritten":314,"totalMessagesProcessed":392,"totalRedisUpdates":227,"totalValueWritten":5392.121,"totalAdded":1564.5}, {"key":"hIiYN","version":2,"value":13.248735}, {"key":"E7W1W","version":0,"value":10.878088}, {"key":"i6x19","version":1,"value":11.410066}, {"key":"s52vi","version":2,"value":16.560131}, {"key":"bRIWy","version":1,"value":15.428542}, {"key":"L7u6d","version":0,"value":9.133124}, {"key":"XVWYi","version":2,"value":16.43394}, {"totalMessagesWritten":321,"totalMessagesProcessed":400,"totalRedisUpdates":231,"totalValueWritten":5485.214,"totalAdded":1596.0}, {"key":"yOGmf","version":2,"value":23.314972}, {"key":"pFt73","version":1,"value":21.94127}, {"key":"L7u6d","version":1,"value":21.379215}, {"key":"g7aZL","version":2,"value":1.371187}, {"key":"Dq2Gh","version":2,"value":27.630562}, {"key":"bRIWy","version":2,"value":21.555199}, {"key":"tjUQo","version":1,"value":20.4514}, {"key":"e99DB","version":2,"value":16.531677}, {"key":"md9V6","version":2,"value":27.470173}, {"key":"sdL8V","version":0,"value":19.648094}, {"key":"ES76s","version":1,"value":26.111067}, {"key":"PPBSn","version":1,"value":11.652676}, {"key":"x8SSn","version":2,"value":15.1039095}, {"key":"ZAcqS","version":2,"value":18.913408}, {"totalMessagesWritten":335,"totalMessagesProcessed":415,"totalRedisUpdates":243,"totalValueWritten":5758.2886,"totalAdded":1711.5}, {"key":"eHpH5","version":2,"value":19.021025}, {"key":"E7W1W","version":1,"value":17.403027}, {"key":"x8SSn","version":0,"value":9.758636}, {"totalMessagesWritten":338,"totalMessagesProcessed":419,"totalRedisUpdates":245,"totalValueWritten":5804.471,"totalAdded":1722.0}, {"key":"Dq2Gh","version":2,"value":15.469283}, {"key":"sU4a0","version":1,"value":23.92801}, {"key":"8HmCL","version":0,"value":23.39442}, {"key":"wKMJ3","version":2,"value":14.468573}, {"key":"eV5QJ","version":0,"value":27.63535}, {"key":"G8Ey7","version":2,"value":17.111883}, {"key":"yGufV","version":2,"value":25.910603}, {"key":"eXBNu","version":2,"value":26.678028}, {"key":"q3o1t","version":2,"value":15.675648}, {"key":"bWDWr","version":1,"value":5.1889553}, {"key":"DXNbh","version":0,"value":2.1547186}, {"key":"OdKu9","version":1,"value":25.226887}, {"key":"ba8Vh","version":1,"value":16.952585}, {"key":"ba8Vh","version":0,"value":2.5164378}, {"key":"DXNbh","version":2,"value":6.3396606}, {"key":"ZAcqS","version":1,"value":16.15064}, {"key":"tbK1x","version":2,"value":12.411569}, {"totalMessagesWritten":355,"totalMessagesProcessed":437,"totalRedisUpdates":255,"totalValueWritten":6155.1924,"totalAdded":1816.5}, {"key":"JN50H","version":0,"value":15.141819}, {"key":"ZAcqS","version":1,"value":8.728384}, {"key":"i6x19","version":1,"value":14.733619}, {"key":"gjN6l","version":1,"value":14.41227}, {"key":"wKMJ3","version":1,"value":7.298874}, {"key":"bWDWr","version":2,"value":16.452137}, {"key":"tjUQo","version":0,"value":5.1136065}, {"key":"XVWYi","version":0,"value":1.2371492}, {"key":"i6x19","version":2,"value":5.194832}, {"totalMessagesWritten":364,"totalMessagesProcessed":447,"totalRedisUpdates":258,"totalValueWritten":6243.505,"totalAdded":1837.5}, {"key":"JN50H","version":0,"value":14.784089}, {"key":"R0NQa","version":2,"value":29.101486}, {"key":"eHpH5","version":1,"value":3.9723992}, {"key":"ES76s","version":0,"value":18.540867}, {"key":"ORp72","version":0,"value":16.120438}, {"totalMessagesWritten":369,"totalMessagesProcessed":453,"totalRedisUpdates":261,"totalValueWritten":6337.7505,"totalAdded":1858.5}, {"key":"XVWYi","version":2,"value":19.069687}, {"key":"bWDWr","version":0,"value":5.5689692}, {"key":"gjN6l","version":0,"value":10.682429}, {"key":"LEfq1","version":0,"value":18.832144}, {"key":"q3o1t","version":1,"value":12.268694}, {"key":"Pu9vd","version":0,"value":10.991051}, {"totalMessagesWritten":375,"totalMessagesProcessed":460,"totalRedisUpdates":262,"totalValueWritten":6415.1636,"totalAdded":1858.5}, {"key":"POrRD","version":1,"value":10.924561}, {"key":"sdL8V","version":2,"value":1.7396116}, {"key":"jZxON","version":0,"value":10.098777}, {"key":"ZAcqS","version":1,"value":6.062131}, {"key":"jZxON","version":1,"value":17.499157}, {"key":"E7W1W","version":1,"value":0.53814054}, {"key":"N3xrG","version":1,"value":11.835986}, {"key":"a2Lo8","version":1,"value":12.554302}, {"key":"Riavy","version":0,"value":28.021723}, {"key":"ZofBZ","version":2,"value":8.186293}, {"key":"a2Lo8","version":2,"value":11.720628}, {"key":"qQNj1","version":2,"value":15.611508}, {"key":"jErDO","version":2,"value":12.992554}, {"key":"bWDWr","version":2,"value":11.194587}, {"key":"T1J5k","version":1,"value":25.383419}, {"key":"N3xrG","version":1,"value":17.644075}, {"key":"8dZvR","version":2,"value":18.554676}, {"key":"eXBNu","version":1,"value":6.4552474}, {"key":"Q62Ww","version":0,"value":19.010168}, {"key":"mkv31","version":2,"value":20.586216}, {"key":"hIiYN","version":2,"value":12.845619}, {"totalMessagesWritten":396,"totalMessagesProcessed":482,"totalRedisUpdates":272,"totalValueWritten":6694.6226,"totalAdded":1953.0}, {"key":"Dq2Gh","version":1,"value":2.8421783}, {"key":"eHpH5","version":1,"value":16.522594}, {"key":"WkEr0","version":1,"value":23.992485}, {"totalMessagesWritten":399,"totalMessagesProcessed":486,"totalRedisUpdates":274,"totalValueWritten":6825.937,"totalAdded":1963.5}, {"key":"q3o1t","version":2,"value":3.5127437}, {"key":"a2Lo8","version":0,"value":19.128904}, {"key":"mTOTY","version":2,"value":15.560419}, {"totalMessagesWritten":402,"totalMessagesProcessed":490,"totalRedisUpdates":276,"totalValueWritten":6881.888,"totalAdded":1974.0}, {"key":"qQNj1","version":1,"value":19.14181}, {"totalMessagesWritten":403,"totalMessagesProcessed":492,"totalRedisUpdates":277,"totalValueWritten":6966.415,"totalAdded":1974.0}, {"key":"jErDO","version":2,"value":2.1006417}, {"key":"yGufV","version":0,"value":2.9191256}, {"key":"Vs2Oc","version":0,"value":18.424467}, {"key":"q3o1t","version":2,"value":7.4546947}, {"key":"Ji1E4","version":1,"value":25.280674}, {"totalMessagesWritten":408,"totalMessagesProcessed":498,"totalRedisUpdates":280,"totalValueWritten":7079.1436,"totalAdded":1995.0}, {"key":"mTOTY","version":1,"value":9.130777}, {"totalMessagesWritten":409,"totalMessagesProcessed":500,"totalRedisUpdates":281,"totalValueWritten":7088.2744,"totalAdded":1995.0}]
03:04:49.864 INFO  u.a.e.a.c.AcpCw2ApplicationTests - ===============================PASSED===================================
03:04:49.865 INFO  u.a.e.a.c.AcpCw2ApplicationTests - ========================PASSED=========================
]]></system-out>
  </testcase>
  <testcase name="testRabbitTimeout" classname="uk.ac.ed.acp.cw2.AcpCw2ApplicationTests" time="1.026">
    <system-out><![CDATA[03:04:49.871 INFO  u.a.e.a.c.AcpCw2ApplicationTests - --------------STARTING RABBIT TIMEOUT TEST-------------
03:04:49.872 INFO  u.a.e.a.c.AcpCw2ApplicationTests - queueName: RabbitMQ-18879-PDtGM
03:04:49.880 INFO  u.a.e.a.c.s.RabbitMqService - Sent 5/5 messages to RabbitMQ-18879-PDtGM
03:04:49.886 INFO  u.a.e.a.c.s.RabbitMqService - Reading queue RabbitMQ-18879-PDtGM: timeOut=1000
03:04:50.889 INFO  u.a.e.a.c.s.RabbitMqService - Received 5 messages in 1003/1000ms
03:04:50.889 INFO  u.a.e.a.c.s.RabbitMqService - returning: [{"uid":"s2093547","counter":0}, {"uid":"s2093547","counter":1}, {"uid":"s2093547","counter":2}, {"uid":"s2093547","counter":3}, {"uid":"s2093547","counter":4}]
RabbitMQ Message - uid: s2093547, counter: 0
03:04:50.893 INFO  u.a.e.a.c.AcpCw2ApplicationTests - ========================PASSED=========================
]]></system-out>
  </testcase>
  <testcase name="testTransormMultiple" classname="uk.ac.ed.acp.cw2.AcpCw2ApplicationTests" time="16.888">
    <system-out><![CDATA[03:04:50.901 INFO  u.a.e.a.c.AcpCw2ApplicationTests - --------------STARTING TRANSFORM MULTIPLE TEST----------------
03:04:50.901 INFO  u.a.e.a.c.AcpCw2ApplicationTests - --------------STARTING TRANSFORM TEST----------------
03:04:50.901 INFO  u.a.e.a.c.AcpCw2ApplicationTests - Generating 19 packets
03:04:50.908 INFO  u.a.e.a.c.s.RabbitMqService - Sent 19/19 messages to TransformTestRead-13314-xQir1
03:04:50.912 INFO  u.a.e.a.c.d.MessageTransformer - Transforming messages; read_queue:TransformTestRead-13314-xQir1, write_queue:TransformTestWrite-61180-tQFQz, count:19
03:04:50.912 INFO  u.a.e.a.c.s.RabbitMqService - [With Validation]Reading queue TransformTestRead-13314-xQir1: count=19
03:04:50.959 INFO  u.a.e.a.c.s.RabbitMqService - [With Validation]Received 19/19 messages in 47ms
03:04:50.959 INFO  u.a.e.a.c.s.RabbitMqService - returning: [{"key":"C3MLI","version":1,"value":18.452381}, {"key":"UxwuZ","version":1,"value":2.1433735}, {"key":"36ZDF","version":0,"value":2.3803234}, {"key":"0Hs6c","version":0,"value":6.550889}, {"key":"43rNj","version":2,"value":1.3906968}, {"key":"b2aDq","version":0,"value":15.235953}, {"key":"2yIa3","version":2,"value":17.581366}, {"key":"yJQ6I","version":1,"value":4.5774937}, {"key":"36ZDF","version":0,"value":16.692852}, {"key":"q1ihi","version":1,"value":10.811441}, {"key":"oyMfU","version":1,"value":16.048344}, {"key":"RCuTn","version":2,"value":9.066881}, {"key":"Lfc6P","version":1,"value":12.9893875}, {"key":"fkRrd","version":0,"value":4.6961727}, {"key":"QA3Nl","version":2,"value":17.710382}, {"key":"0oSVI","version":1,"value":10.000311}, {"key":"ZkYTt","version":2,"value":5.3885183}, {"key":"g8Dtp","version":2,"value":8.356302}, {"key":"yJQ6I","TOTAL":0.0}]
03:04:50.959 INFO  u.a.e.a.c.d.MessageTransformer - 0% complete...
03:04:50.971 INFO  u.a.e.a.c.d.MessageTransformer - 10% complete...
03:04:51.014 INFO  u.a.e.a.c.d.MessageTransformer - 20% complete...
03:04:51.063 INFO  u.a.e.a.c.d.MessageTransformer - 30% complete...
03:04:51.113 INFO  u.a.e.a.c.d.MessageTransformer - 40% complete...
03:04:51.164 INFO  u.a.e.a.c.d.MessageTransformer - 50% complete...
03:04:51.213 INFO  u.a.e.a.c.d.MessageTransformer - 60% complete...
03:04:51.274 INFO  u.a.e.a.c.d.MessageTransformer - 70% complete...
03:04:51.324 INFO  u.a.e.a.c.d.MessageTransformer - 80% complete...
03:04:51.374 INFO  u.a.e.a.c.d.MessageTransformer - 90% complete...
03:04:51.424 INFO  u.a.e.a.c.d.MessageTransformer - 100% complete...
03:04:51.473 INFO  u.a.e.a.c.d.MessageTransformer - 110% complete...
03:04:51.525 INFO  u.a.e.a.c.d.MessageTransformer - 120% complete...
03:04:51.574 INFO  u.a.e.a.c.d.MessageTransformer - 130% complete...
03:04:51.625 INFO  u.a.e.a.c.d.MessageTransformer - 140% complete...
03:04:51.685 INFO  u.a.e.a.c.d.MessageTransformer - 150% complete...
03:04:51.735 INFO  u.a.e.a.c.d.MessageTransformer - 160% complete...
03:04:51.784 INFO  u.a.e.a.c.d.MessageTransformer - 170% complete...
03:04:51.834 INFO  u.a.e.a.c.d.MessageTransformer - 180% complete...
03:04:51.885 INFO  u.a.e.a.c.d.MessageTransformer - 100% complete. Tranformed 19 messages
03:04:51.889 INFO  u.a.e.a.c.s.RabbitMqService - Reading queue TransformTestWrite-61180-tQFQz: count=19
03:04:51.940 INFO  u.a.e.a.c.s.RabbitMqService - Received 19/19 messages in 51ms
03:04:51.940 INFO  u.a.e.a.c.s.RabbitMqService - returning: [{"key":"C3MLI","version":1,"value":28.952381}, {"key":"UxwuZ","version":1,"value":12.6433735}, {"key":"36ZDF","version":0,"value":12.880323}, {"key":"0Hs6c","version":0,"value":17.050888}, {"key":"43rNj","version":2,"value":11.890697}, {"key":"b2aDq","version":0,"value":25.735954}, {"key":"2yIa3","version":2,"value":28.081366}, {"key":"yJQ6I","version":1,"value":15.077494}, {"key":"36ZDF","version":0,"value":16.692852}, {"key":"q1ihi","version":1,"value":21.311441}, {"key":"oyMfU","version":1,"value":26.548344}, {"key":"RCuTn","version":2,"value":19.566881}, {"key":"Lfc6P","version":1,"value":23.489388}, {"key":"fkRrd","version":0,"value":15.196173}, {"key":"QA3Nl","version":2,"value":28.210382}, {"key":"0oSVI","version":1,"value":20.50031}, {"key":"ZkYTt","version":2,"value":15.888518}, {"key":"g8Dtp","version":2,"value":18.856302}, {"totalMessagesWritten":18,"totalMessagesProcessed":19,"totalRedisUpdates":18,"totalValueWritten":358.57306,"totalAdded":178.5}]
03:04:52.140 INFO  u.a.e.a.c.s.RabbitMqService - Sent 19/19 messages to TransformTestRead-37859-oex3B
03:04:52.140 INFO  u.a.e.a.c.d.MessageTransformer - Transforming messages; read_queue:TransformTestRead-37859-oex3B, write_queue:TransformTestWrite-15790-gMWO5, count:19
03:04:52.140 INFO  u.a.e.a.c.s.RabbitMqService - [With Validation]Reading queue TransformTestRead-37859-oex3B: count=19
03:04:52.200 INFO  u.a.e.a.c.s.RabbitMqService - [With Validation]Received 19/19 messages in 60ms
03:04:52.200 INFO  u.a.e.a.c.s.RabbitMqService - returning: [{"key":"C3MLI","version":1,"value":18.452381}, {"key":"UxwuZ","version":1,"value":2.1433735}, {"key":"36ZDF","version":0,"value":2.3803234}, {"key":"0Hs6c","version":0,"value":6.550889}, {"key":"43rNj","version":2,"value":1.3906968}, {"key":"b2aDq","version":0,"value":15.235953}, {"key":"2yIa3","version":2,"value":17.581366}, {"key":"yJQ6I","version":1,"value":4.5774937}, {"key":"36ZDF","version":0,"value":16.692852}, {"key":"q1ihi","version":1,"value":10.811441}, {"key":"oyMfU","version":1,"value":16.048344}, {"key":"RCuTn","version":2,"value":9.066881}, {"key":"Lfc6P","version":1,"value":12.9893875}, {"key":"fkRrd","version":0,"value":4.6961727}, {"key":"QA3Nl","version":2,"value":17.710382}, {"key":"0oSVI","version":1,"value":10.000311}, {"key":"ZkYTt","version":2,"value":5.3885183}, {"key":"g8Dtp","version":2,"value":8.356302}, {"key":"yJQ6I","TOTAL":0.0}]
03:04:52.200 INFO  u.a.e.a.c.d.MessageTransformer - 0% complete...
03:04:52.210 INFO  u.a.e.a.c.d.MessageTransformer - 10% complete...
03:04:52.254 INFO  u.a.e.a.c.d.MessageTransformer - 20% complete...
03:04:52.304 INFO  u.a.e.a.c.d.MessageTransformer - 30% complete...
03:04:52.364 INFO  u.a.e.a.c.d.MessageTransformer - 40% complete...
03:04:52.424 INFO  u.a.e.a.c.d.MessageTransformer - 50% complete...
03:04:52.473 INFO  u.a.e.a.c.d.MessageTransformer - 60% complete...
03:04:52.523 INFO  u.a.e.a.c.d.MessageTransformer - 70% complete...
03:04:52.574 INFO  u.a.e.a.c.d.MessageTransformer - 80% complete...
03:04:52.624 INFO  u.a.e.a.c.d.MessageTransformer - 90% complete...
03:04:52.684 INFO  u.a.e.a.c.d.MessageTransformer - 100% complete...
03:04:52.734 INFO  u.a.e.a.c.d.MessageTransformer - 110% complete...
03:04:52.783 INFO  u.a.e.a.c.d.MessageTransformer - 120% complete...
03:04:52.844 INFO  u.a.e.a.c.d.MessageTransformer - 130% complete...
03:04:52.894 INFO  u.a.e.a.c.d.MessageTransformer - 140% complete...
03:04:52.943 INFO  u.a.e.a.c.d.MessageTransformer - 150% complete...
03:04:52.994 INFO  u.a.e.a.c.d.MessageTransformer - 160% complete...
03:04:53.054 INFO  u.a.e.a.c.d.MessageTransformer - 170% complete...
03:04:53.113 INFO  u.a.e.a.c.d.MessageTransformer - 180% complete...
03:04:53.164 INFO  u.a.e.a.c.d.MessageTransformer - 100% complete. Tranformed 19 messages
03:04:53.165 INFO  u.a.e.a.c.s.RabbitMqService - Reading queue TransformTestWrite-15790-gMWO5: count=19
03:04:53.217 INFO  u.a.e.a.c.s.RabbitMqService - Received 19/19 messages in 52ms
03:04:53.217 INFO  u.a.e.a.c.s.RabbitMqService - returning: [{"key":"C3MLI","version":1,"value":28.952381}, {"key":"UxwuZ","version":1,"value":12.6433735}, {"key":"36ZDF","version":0,"value":12.880323}, {"key":"0Hs6c","version":0,"value":17.050888}, {"key":"43rNj","version":2,"value":11.890697}, {"key":"b2aDq","version":0,"value":25.735954}, {"key":"2yIa3","version":2,"value":28.081366}, {"key":"yJQ6I","version":1,"value":15.077494}, {"key":"36ZDF","version":0,"value":16.692852}, {"key":"q1ihi","version":1,"value":21.311441}, {"key":"oyMfU","version":1,"value":26.548344}, {"key":"RCuTn","version":2,"value":19.566881}, {"key":"Lfc6P","version":1,"value":23.489388}, {"key":"fkRrd","version":0,"value":15.196173}, {"key":"QA3Nl","version":2,"value":28.210382}, {"key":"0oSVI","version":1,"value":20.50031}, {"key":"ZkYTt","version":2,"value":15.888518}, {"key":"g8Dtp","version":2,"value":18.856302}, {"totalMessagesWritten":18,"totalMessagesProcessed":19,"totalRedisUpdates":18,"totalValueWritten":358.57306,"totalAdded":178.5}]
03:04:53.420 INFO  u.a.e.a.c.AcpCw2ApplicationTests - ===============================PASSED===================================
03:04:53.421 INFO  u.a.e.a.c.AcpCw2ApplicationTests - --------------STARTING TRANSFORM TEST----------------
03:04:53.422 INFO  u.a.e.a.c.AcpCw2ApplicationTests - Generating 40 packets
03:04:53.426 INFO  u.a.e.a.c.s.RabbitMqService - Sent 40/40 messages to TransformTestRead-20939-K4sgR
03:04:53.429 INFO  u.a.e.a.c.d.MessageTransformer - Transforming messages; read_queue:TransformTestRead-20939-K4sgR, write_queue:TransformTestWrite-73980-j5OZq, count:40
03:04:53.429 INFO  u.a.e.a.c.s.RabbitMqService - [With Validation]Reading queue TransformTestRead-20939-K4sgR: count=40
03:04:53.479 INFO  u.a.e.a.c.s.RabbitMqService - [With Validation]Received 40/40 messages in 49ms
03:04:53.479 INFO  u.a.e.a.c.s.RabbitMqService - returning: [{"key":"FWok2","version":2,"value":16.987364}, {"key":"j9RSx","version":0,"value":6.7404213}, {"key":"noKey","TOTAL":20.114708}, {"key":"NrqDl","version":1,"value":16.679276}, {"key":"JHuXg","version":2,"value":7.4520087}, {"key":"sMUdQ","version":2,"value":17.08617}, {"key":"j9RSx","TOTAL":0.0}, {"key":"TcjQm","version":2,"value":16.69953}, {"key":"di10e","version":2,"value":0.06322384}, {"key":"327W5","version":0,"value":6.118455}, {"key":"sMUdQ","version":1,"value":7.0555344}, {"key":"GQNEp","version":1,"value":13.258386}, {"key":"ISvW5","version":0,"value":18.762375}, {"key":"TcjQm","TOTAL":0.0}, {"key":"JHuXg","TOTAL":0.0}, {"key":"NrqDl","version":2,"value":9.33703}, {"key":"PIJst","version":0,"value":16.746424}, {"key":"WW3LP","version":2,"value":13.698467}, {"key":"di10e","version":0,"value":16.316408}, {"key":"FUR7A","version":0,"value":13.870479}, {"key":"TqrBm","version":2,"value":17.89904}, {"key":"cqh35","version":2,"value":15.720597}, {"key":"5ZZyL","version":0,"value":18.077696}, {"key":"i5TT9","version":2,"value":12.575218}, {"key":"o4ryc","version":2,"value":0.5214274}, {"key":"NND3V","version":0,"value":15.034491}, {"key":"GQNEp","TOTAL":0.0}, {"key":"dWsLb","version":2,"value":11.27925}, {"key":"mwIp2","version":1,"value":6.3607893}, {"key":"VMu3L","version":2,"value":2.8655076}, {"key":"ojrhf","version":2,"value":13.796413}, {"key":"hUFGv","version":0,"value":1.4646912}, {"key":"9Omqw","version":0,"value":12.553495}, {"key":"mwIp2","version":0,"value":17.174437}, {"key":"CGk9v","version":2,"value":4.6127424}, {"key":"1x7Ke","version":0,"value":8.838836}, {"key":"VMu3L","TOTAL":0.0}, {"key":"OwdPK","version":1,"value":5.550514}, {"key":"iSc3t","version":1,"value":13.930034}, {"key":"hUFGv","TOTAL":0.0}]
03:04:53.482 INFO  u.a.e.a.c.d.MessageTransformer - 0% complete...
03:04:53.644 INFO  u.a.e.a.c.d.MessageTransformer - 10% complete...
03:04:53.844 INFO  u.a.e.a.c.d.MessageTransformer - 20% complete...
03:04:54.065 INFO  u.a.e.a.c.d.MessageTransformer - 30% complete...
03:04:54.274 INFO  u.a.e.a.c.d.MessageTransformer - 40% complete...
03:04:54.484 INFO  u.a.e.a.c.d.MessageTransformer - 50% complete...
03:04:54.704 INFO  u.a.e.a.c.d.MessageTransformer - 60% complete...
03:04:54.923 INFO  u.a.e.a.c.d.MessageTransformer - 70% complete...
03:04:55.123 INFO  u.a.e.a.c.d.MessageTransformer - 80% complete...
03:04:55.344 INFO  u.a.e.a.c.d.MessageTransformer - 90% complete...
03:04:55.545 INFO  u.a.e.a.c.d.MessageTransformer - 100% complete. Tranformed 40 messages
03:04:55.550 INFO  u.a.e.a.c.s.RabbitMqService - Reading queue TransformTestWrite-73980-j5OZq: count=40
03:04:55.608 INFO  u.a.e.a.c.s.RabbitMqService - Received 40/40 messages in 58ms
03:04:55.608 INFO  u.a.e.a.c.s.RabbitMqService - returning: [{"key":"FWok2","version":2,"value":27.487364}, {"key":"j9RSx","version":0,"value":17.240421}, {"totalMessagesWritten":2,"totalMessagesProcessed":3,"totalRedisUpdates":2,"totalValueWritten":64.84249,"totalAdded":21.0}, {"key":"NrqDl","version":1,"value":27.179276}, {"key":"JHuXg","version":2,"value":17.95201}, {"key":"sMUdQ","version":2,"value":27.58617}, {"totalMessagesWritten":5,"totalMessagesProcessed":7,"totalRedisUpdates":6,"totalValueWritten":137.55995,"totalAdded":52.5}, {"key":"TcjQm","version":2,"value":27.19953}, {"key":"di10e","version":2,"value":10.563224}, {"key":"327W5","version":0,"value":16.618454}, {"key":"sMUdQ","version":1,"value":7.0555344}, {"key":"GQNEp","version":1,"value":23.758385}, {"key":"ISvW5","version":0,"value":29.262375}, {"totalMessagesWritten":11,"totalMessagesProcessed":14,"totalRedisUpdates":12,"totalValueWritten":252.01744,"totalAdded":105.0}, {"totalMessagesWritten":11,"totalMessagesProcessed":15,"totalRedisUpdates":13,"totalValueWritten":252.01744,"totalAdded":105.0}, {"key":"NrqDl","version":2,"value":19.83703}, {"key":"PIJst","version":0,"value":27.246424}, {"key":"WW3LP","version":2,"value":24.198467}, {"key":"di10e","version":0,"value":16.316408}, {"key":"FUR7A","version":0,"value":24.37048}, {"key":"TqrBm","version":2,"value":28.39904}, {"key":"cqh35","version":2,"value":26.220596}, {"key":"5ZZyL","version":0,"value":28.577696}, {"key":"i5TT9","version":2,"value":23.075218}, {"key":"o4ryc","version":2,"value":11.021427}, {"key":"NND3V","version":0,"value":25.53449}, {"totalMessagesWritten":22,"totalMessagesProcessed":27,"totalRedisUpdates":24,"totalValueWritten":506.81473,"totalAdded":210.0}, {"key":"dWsLb","version":2,"value":21.779251}, {"key":"mwIp2","version":1,"value":16.86079}, {"key":"VMu3L","version":2,"value":13.365507}, {"key":"ojrhf","version":2,"value":24.296413}, {"key":"hUFGv","version":0,"value":11.964691}, {"key":"9Omqw","version":0,"value":23.053495}, {"key":"mwIp2","version":0,"value":17.174437}, {"key":"CGk9v","version":2,"value":15.112742}, {"key":"1x7Ke","version":0,"value":19.338837}, {"totalMessagesWritten":31,"totalMessagesProcessed":37,"totalRedisUpdates":33,"totalValueWritten":669.76074,"totalAdded":294.0}, {"key":"OwdPK","version":1,"value":16.050514}, {"key":"iSc3t","version":1,"value":24.430035}, {"totalMessagesWritten":33,"totalMessagesProcessed":40,"totalRedisUpdates":36,"totalValueWritten":710.24133,"totalAdded":315.0}]
03:04:55.907 INFO  u.a.e.a.c.s.RabbitMqService - Sent 40/40 messages to TransformTestRead-20556-tIA8Z
03:04:55.908 INFO  u.a.e.a.c.d.MessageTransformer - Transforming messages; read_queue:TransformTestRead-20556-tIA8Z, write_queue:TransformTestWrite-39889-mRWof, count:40
03:04:55.908 INFO  u.a.e.a.c.s.RabbitMqService - [With Validation]Reading queue TransformTestRead-20556-tIA8Z: count=40
03:04:55.975 INFO  u.a.e.a.c.s.RabbitMqService - [With Validation]Received 40/40 messages in 67ms
03:04:55.975 INFO  u.a.e.a.c.s.RabbitMqService - returning: [{"key":"FWok2","version":2,"value":16.987364}, {"key":"j9RSx","version":0,"value":6.7404213}, {"key":"noKey","TOTAL":20.114708}, {"key":"NrqDl","version":1,"value":16.679276}, {"key":"JHuXg","version":2,"value":7.4520087}, {"key":"sMUdQ","version":2,"value":17.08617}, {"key":"j9RSx","TOTAL":0.0}, {"key":"TcjQm","version":2,"value":16.69953}, {"key":"di10e","version":2,"value":0.06322384}, {"key":"327W5","version":0,"value":6.118455}, {"key":"sMUdQ","version":1,"value":7.0555344}, {"key":"GQNEp","version":1,"value":13.258386}, {"key":"ISvW5","version":0,"value":18.762375}, {"key":"TcjQm","TOTAL":0.0}, {"key":"JHuXg","TOTAL":0.0}, {"key":"NrqDl","version":2,"value":9.33703}, {"key":"PIJst","version":0,"value":16.746424}, {"key":"WW3LP","version":2,"value":13.698467}, {"key":"di10e","version":0,"value":16.316408}, {"key":"FUR7A","version":0,"value":13.870479}, {"key":"TqrBm","version":2,"value":17.89904}, {"key":"cqh35","version":2,"value":15.720597}, {"key":"5ZZyL","version":0,"value":18.077696}, {"key":"i5TT9","version":2,"value":12.575218}, {"key":"o4ryc","version":2,"value":0.5214274}, {"key":"NND3V","version":0,"value":15.034491}, {"key":"GQNEp","TOTAL":0.0}, {"key":"dWsLb","version":2,"value":11.27925}, {"key":"mwIp2","version":1,"value":6.3607893}, {"key":"VMu3L","version":2,"value":2.8655076}, {"key":"ojrhf","version":2,"value":13.796413}, {"key":"hUFGv","version":0,"value":1.4646912}, {"key":"9Omqw","version":0,"value":12.553495}, {"key":"mwIp2","version":0,"value":17.174437}, {"key":"CGk9v","version":2,"value":4.6127424}, {"key":"1x7Ke","version":0,"value":8.838836}, {"key":"VMu3L","TOTAL":0.0}, {"key":"OwdPK","version":1,"value":5.550514}, {"key":"iSc3t","version":1,"value":13.930034}, {"key":"hUFGv","TOTAL":0.0}]
03:04:55.976 INFO  u.a.e.a.c.d.MessageTransformer - 0% complete...
03:04:56.134 INFO  u.a.e.a.c.d.MessageTransformer - 10% complete...
03:04:56.333 INFO  u.a.e.a.c.d.MessageTransformer - 20% complete...
03:04:56.535 INFO  u.a.e.a.c.d.MessageTransformer - 30% complete...
03:04:56.745 INFO  u.a.e.a.c.d.MessageTransformer - 40% complete...
03:04:56.955 INFO  u.a.e.a.c.d.MessageTransformer - 50% complete...
03:04:57.154 INFO  u.a.e.a.c.d.MessageTransformer - 60% complete...
03:04:57.354 INFO  u.a.e.a.c.d.MessageTransformer - 70% complete...
03:04:57.554 INFO  u.a.e.a.c.d.MessageTransformer - 80% complete...
03:04:57.754 INFO  u.a.e.a.c.d.MessageTransformer - 90% complete...
03:04:57.963 INFO  u.a.e.a.c.d.MessageTransformer - 100% complete. Tranformed 40 messages
03:04:57.963 INFO  u.a.e.a.c.s.RabbitMqService - Reading queue TransformTestWrite-39889-mRWof: count=40
03:04:58.018 INFO  u.a.e.a.c.s.RabbitMqService - Received 40/40 messages in 55ms
03:04:58.018 INFO  u.a.e.a.c.s.RabbitMqService - returning: [{"key":"FWok2","version":2,"value":27.487364}, {"key":"j9RSx","version":0,"value":17.240421}, {"totalMessagesWritten":2,"totalMessagesProcessed":3,"totalRedisUpdates":2,"totalValueWritten":64.84249,"totalAdded":21.0}, {"key":"NrqDl","version":1,"value":27.179276}, {"key":"JHuXg","version":2,"value":17.95201}, {"key":"sMUdQ","version":2,"value":27.58617}, {"totalMessagesWritten":5,"totalMessagesProcessed":7,"totalRedisUpdates":6,"totalValueWritten":137.55995,"totalAdded":52.5}, {"key":"TcjQm","version":2,"value":27.19953}, {"key":"di10e","version":2,"value":10.563224}, {"key":"327W5","version":0,"value":16.618454}, {"key":"sMUdQ","version":1,"value":7.0555344}, {"key":"GQNEp","version":1,"value":23.758385}, {"key":"ISvW5","version":0,"value":29.262375}, {"totalMessagesWritten":11,"totalMessagesProcessed":14,"totalRedisUpdates":12,"totalValueWritten":252.01744,"totalAdded":105.0}, {"totalMessagesWritten":11,"totalMessagesProcessed":15,"totalRedisUpdates":13,"totalValueWritten":252.01744,"totalAdded":105.0}, {"key":"NrqDl","version":2,"value":19.83703}, {"key":"PIJst","version":0,"value":27.246424}, {"key":"WW3LP","version":2,"value":24.198467}, {"key":"di10e","version":0,"value":16.316408}, {"key":"FUR7A","version":0,"value":24.37048}, {"key":"TqrBm","version":2,"value":28.39904}, {"key":"cqh35","version":2,"value":26.220596}, {"key":"5ZZyL","version":0,"value":28.577696}, {"key":"i5TT9","version":2,"value":23.075218}, {"key":"o4ryc","version":2,"value":11.021427}, {"key":"NND3V","version":0,"value":25.53449}, {"totalMessagesWritten":22,"totalMessagesProcessed":27,"totalRedisUpdates":24,"totalValueWritten":506.81473,"totalAdded":210.0}, {"key":"dWsLb","version":2,"value":21.779251}, {"key":"mwIp2","version":1,"value":16.86079}, {"key":"VMu3L","version":2,"value":13.365507}, {"key":"ojrhf","version":2,"value":24.296413}, {"key":"hUFGv","version":0,"value":11.964691}, {"key":"9Omqw","version":0,"value":23.053495}, {"key":"mwIp2","version":0,"value":17.174437}, {"key":"CGk9v","version":2,"value":15.112742}, {"key":"1x7Ke","version":0,"value":19.338837}, {"totalMessagesWritten":31,"totalMessagesProcessed":37,"totalRedisUpdates":33,"totalValueWritten":669.76074,"totalAdded":294.0}, {"key":"OwdPK","version":1,"value":16.050514}, {"key":"iSc3t","version":1,"value":24.430035}, {"totalMessagesWritten":33,"totalMessagesProcessed":40,"totalRedisUpdates":36,"totalValueWritten":710.24133,"totalAdded":315.0}]
03:04:58.353 INFO  u.a.e.a.c.AcpCw2ApplicationTests - ===============================PASSED===================================
03:04:58.353 INFO  u.a.e.a.c.AcpCw2ApplicationTests - --------------STARTING TRANSFORM TEST----------------
03:04:58.353 INFO  u.a.e.a.c.AcpCw2ApplicationTests - Generating 77 packets
03:04:58.357 INFO  u.a.e.a.c.s.RabbitMqService - Sent 77/77 messages to TransformTestRead-10568-fJFC7
03:04:58.361 INFO  u.a.e.a.c.d.MessageTransformer - Transforming messages; read_queue:TransformTestRead-10568-fJFC7, write_queue:TransformTestWrite-15840-wpMF0, count:77
03:04:58.361 INFO  u.a.e.a.c.s.RabbitMqService - [With Validation]Reading queue TransformTestRead-10568-fJFC7: count=77
03:04:58.409 INFO  u.a.e.a.c.s.RabbitMqService - [With Validation]Received 77/77 messages in 48ms
03:04:58.409 INFO  u.a.e.a.c.s.RabbitMqService - returning: [{"key":"0NK7w","version":0,"value":9.940216}, {"key":"gNFei","version":2,"value":6.563798}, {"key":"ig3sg","version":2,"value":7.4136553}, {"key":"dnNu2","version":1,"value":9.153587}, {"key":"TdZgg","version":2,"value":16.267569}, {"key":"Dd6Y5","version":2,"value":11.332302}, {"key":"gNFei","version":2,"value":9.509459}, {"key":"kmbwt","version":0,"value":18.043266}, {"key":"5n9lI","version":0,"value":1.9081259}, {"key":"tnb1k","version":1,"value":2.7406406}, {"key":"dnNu2","version":2,"value":14.870863}, {"key":"gNFei","TOTAL":0.0}, {"key":"tnb1k","TOTAL":7.43795}, {"key":"5n9lI","version":1,"value":9.972301}, {"key":"IThms","version":1,"value":3.8995695}, {"key":"TZVeu","version":1,"value":4.5669985}, {"key":"ig3sg","TOTAL":0.0}, {"key":"ibDNj","version":1,"value":6.208918}, {"key":"VIToj","version":2,"value":1.6788876}, {"key":"xR01h","version":0,"value":11.465633}, {"key":"y3QTh","version":0,"value":14.209433}, {"key":"VIToj","version":2,"value":14.664935}, {"key":"NgIDH","version":0,"value":2.7246118}, {"key":"NFkC3","version":0,"value":14.002729}, {"key":"y3QTh","version":1,"value":12.4026165}, {"key":"cB3nR","version":2,"value":6.469736}, {"key":"j8Yx3","version":1,"value":14.35478}, {"key":"r9ueA","version":2,"value":4.353217}, {"key":"Ail4j","version":1,"value":3.7880874}, {"key":"xkTHg","version":2,"value":14.937592}, {"key":"r9ueA","TOTAL":0.0}, {"key":"oA4Pr","version":1,"value":11.323736}, {"key":"XImGB","version":1,"value":7.1617675}, {"key":"nvXJQ","version":2,"value":16.623209}, {"key":"cB3nR","TOTAL":0.0}, {"key":"M2cxC","version":2,"value":14.05545}, {"key":"CgpCQ","version":2,"value":17.094978}, {"key":"NCU4x","version":1,"value":11.557953}, {"key":"1YMBw","version":2,"value":14.891668}, {"key":"LB2tH","version":1,"value":10.115603}, {"key":"vFQPm","version":1,"value":7.6662865}, {"key":"l6Wnb","version":1,"value":14.364614}, {"key":"w3Xdt","version":1,"value":5.210228}, {"key":"RvQ4X","version":2,"value":14.9516945}, {"key":"5n9lI","version":1,"value":13.949748}, {"key":"T8RZM","version":2,"value":1.0841858}, {"key":"5n9lI","version":0,"value":1.0761619}, {"key":"99EHL","version":0,"value":1.8930316}, {"key":"xR01h","version":2,"value":19.741714}, {"key":"9QFdK","version":0,"value":8.89736}, {"key":"2uia3","version":1,"value":10.233922}, {"key":"4JyRa","version":1,"value":6.6434727}, {"key":"1YMBw","TOTAL":0.0}, {"key":"vFQPm","TOTAL":50.28305}, {"key":"y3QTh","version":0,"value":3.9286196}, {"key":"y3QTh","TOTAL":0.0}, {"key":"oA4Pr","version":2,"value":12.701864}, {"key":"SIJ5a","version":1,"value":14.905359}, {"key":"4JyRa","version":1,"value":2.5263715}, {"key":"2uia3","version":2,"value":7.1809506}, {"key":"hcLQk","version":2,"value":1.2494671}, {"key":"UsMSV","version":1,"value":16.296904}, {"key":"FAsrq","version":0,"value":9.209371}, {"key":"OoPBK","version":0,"value":3.2737064}, {"key":"NCU4x","version":0,"value":0.07669687}, {"key":"w3Xdt","TOTAL":0.0}, {"key":"gphfX","version":2,"value":1.9115496}, {"key":"ZXjfl","version":1,"value":15.001679}, {"key":"yUHf7","version":0,"value":19.623873}, {"key":"0saHK","version":2,"value":17.329048}, {"key":"FAsrq","version":0,"value":9.772029}, {"key":"Q4lZ2","version":2,"value":11.825239}, {"key":"OK6Hx","version":1,"value":8.055719}, {"key":"ByXVY","version":0,"value":3.2686102}, {"key":"5ROsA","version":1,"value":18.978033}, {"key":"qYicB","version":2,"value":11.085819}, {"key":"NgIDH","TOTAL":0.0}]
03:04:58.409 INFO  u.a.e.a.c.d.MessageTransformer - 0% complete...
03:04:58.724 INFO  u.a.e.a.c.d.MessageTransformer - 10% complete...
03:04:59.113 INFO  u.a.e.a.c.d.MessageTransformer - 20% complete...
03:04:59.483 INFO  u.a.e.a.c.d.MessageTransformer - 30% complete...
03:04:59.844 INFO  u.a.e.a.c.d.MessageTransformer - 40% complete...
03:05:00.203 INFO  u.a.e.a.c.d.MessageTransformer - 50% complete...
03:05:00.574 INFO  u.a.e.a.c.d.MessageTransformer - 60% complete...
03:05:00.944 INFO  u.a.e.a.c.d.MessageTransformer - 70% complete...
03:05:01.313 INFO  u.a.e.a.c.d.MessageTransformer - 80% complete...
03:05:01.683 INFO  u.a.e.a.c.d.MessageTransformer - 90% complete...
03:05:02.053 INFO  u.a.e.a.c.d.MessageTransformer - 100% complete...
03:05:02.404 INFO  u.a.e.a.c.d.MessageTransformer - 100% complete. Tranformed 77 messages
03:05:02.407 INFO  u.a.e.a.c.s.RabbitMqService - Reading queue TransformTestWrite-15840-wpMF0: count=77
03:05:02.458 INFO  u.a.e.a.c.s.RabbitMqService - Received 77/77 messages in 51ms
03:05:02.458 INFO  u.a.e.a.c.s.RabbitMqService - returning: [{"key":"0NK7w","version":0,"value":20.440216}, {"key":"gNFei","version":2,"value":17.063797}, {"key":"ig3sg","version":2,"value":17.913654}, {"key":"dnNu2","version":1,"value":19.653587}, {"key":"TdZgg","version":2,"value":26.767569}, {"key":"Dd6Y5","version":2,"value":21.832302}, {"key":"gNFei","version":2,"value":9.509459}, {"key":"kmbwt","version":0,"value":28.543266}, {"key":"5n9lI","version":0,"value":12.408126}, {"key":"tnb1k","version":1,"value":13.240641}, {"key":"dnNu2","version":2,"value":25.370863}, {"totalMessagesWritten":11,"totalMessagesProcessed":12,"totalRedisUpdates":11,"totalValueWritten":212.74348,"totalAdded":105.0}, {"totalMessagesWritten":11,"totalMessagesProcessed":13,"totalRedisUpdates":12,"totalValueWritten":220.18143,"totalAdded":105.0}, {"key":"5n9lI","version":1,"value":20.472301}, {"key":"IThms","version":1,"value":14.3995695}, {"key":"TZVeu","version":1,"value":15.0669985}, {"totalMessagesWritten":14,"totalMessagesProcessed":17,"totalRedisUpdates":16,"totalValueWritten":270.1203,"totalAdded":136.5}, {"key":"ibDNj","version":1,"value":16.708918}, {"key":"VIToj","version":2,"value":12.178887}, {"key":"xR01h","version":0,"value":21.965633}, {"key":"y3QTh","version":0,"value":24.709433}, {"key":"VIToj","version":2,"value":14.664935}, {"key":"NgIDH","version":0,"value":13.224611}, {"key":"NFkC3","version":0,"value":24.50273}, {"key":"y3QTh","version":1,"value":22.902617}, {"key":"cB3nR","version":2,"value":16.969736}, {"key":"j8Yx3","version":1,"value":24.85478}, {"key":"r9ueA","version":2,"value":14.853217}, {"key":"Ail4j","version":1,"value":14.288088}, {"key":"xkTHg","version":2,"value":25.437592}, {"totalMessagesWritten":27,"totalMessagesProcessed":31,"totalRedisUpdates":29,"totalValueWritten":517.3815,"totalAdded":262.5}, {"key":"oA4Pr","version":1,"value":21.823736}, {"key":"XImGB","version":1,"value":17.661768}, {"key":"nvXJQ","version":2,"value":27.123209}, {"totalMessagesWritten":30,"totalMessagesProcessed":35,"totalRedisUpdates":33,"totalValueWritten":583.9902,"totalAdded":294.0}, {"key":"M2cxC","version":2,"value":24.55545}, {"key":"CgpCQ","version":2,"value":27.594978}, {"key":"NCU4x","version":1,"value":22.057953}, {"key":"1YMBw","version":2,"value":25.391668}, {"key":"LB2tH","version":1,"value":20.615604}, {"key":"vFQPm","version":1,"value":18.166286}, {"key":"l6Wnb","version":1,"value":24.864613}, {"key":"w3Xdt","version":1,"value":15.710228}, {"key":"RvQ4X","version":2,"value":25.451694}, {"key":"5n9lI","version":1,"value":13.949748}, {"key":"T8RZM","version":2,"value":11.584186}, {"key":"5n9lI","version":0,"value":1.0761619}, {"key":"99EHL","version":0,"value":12.393032}, {"key":"xR01h","version":2,"value":30.241714}, {"key":"9QFdK","version":0,"value":19.39736}, {"key":"2uia3","version":1,"value":20.733921}, {"key":"4JyRa","version":1,"value":17.143473}, {"totalMessagesWritten":47,"totalMessagesProcessed":53,"totalRedisUpdates":49,"totalValueWritten":914.9183,"totalAdded":451.5}, {"totalMessagesWritten":47,"totalMessagesProcessed":54,"totalRedisUpdates":50,"totalValueWritten":965.2013,"totalAdded":451.5}, {"key":"y3QTh","version":0,"value":3.9286196}, {"totalMessagesWritten":48,"totalMessagesProcessed":56,"totalRedisUpdates":51,"totalValueWritten":969.12994,"totalAdded":451.5}, {"key":"oA4Pr","version":2,"value":23.201864}, {"key":"SIJ5a","version":1,"value":25.40536}, {"key":"4JyRa","version":1,"value":2.5263715}, {"key":"2uia3","version":2,"value":17.68095}, {"key":"hcLQk","version":2,"value":11.749467}, {"key":"UsMSV","version":1,"value":26.796904}, {"key":"FAsrq","version":0,"value":19.70937}, {"key":"OoPBK","version":0,"value":13.773706}, {"key":"NCU4x","version":0,"value":0.07669687}, {"totalMessagesWritten":57,"totalMessagesProcessed":66,"totalRedisUpdates":59,"totalValueWritten":1110.0505,"totalAdded":525.0}, {"key":"gphfX","version":2,"value":12.41155}, {"key":"ZXjfl","version":1,"value":25.501678}, {"key":"yUHf7","version":0,"value":30.123873}, {"key":"0saHK","version":2,"value":27.829048}, {"key":"FAsrq","version":0,"value":9.772029}, {"key":"Q4lZ2","version":2,"value":22.32524}, {"key":"OK6Hx","version":1,"value":18.55572}, {"key":"ByXVY","version":0,"value":13.76861}, {"key":"5ROsA","version":1,"value":29.478033}, {"key":"qYicB","version":2,"value":21.58582}, {"totalMessagesWritten":67,"totalMessagesProcessed":77,"totalRedisUpdates":69,"totalValueWritten":1321.402,"totalAdded":619.5}]
03:05:03.116 INFO  u.a.e.a.c.s.RabbitMqService - Sent 77/77 messages to TransformTestRead-58291-Sb4tg
03:05:03.116 INFO  u.a.e.a.c.d.MessageTransformer - Transforming messages; read_queue:TransformTestRead-58291-Sb4tg, write_queue:TransformTestWrite-20459-CC5Dc, count:77
03:05:03.116 INFO  u.a.e.a.c.s.RabbitMqService - [With Validation]Reading queue TransformTestRead-58291-Sb4tg: count=77
03:05:03.169 INFO  u.a.e.a.c.s.RabbitMqService - [With Validation]Received 77/77 messages in 53ms
03:05:03.169 INFO  u.a.e.a.c.s.RabbitMqService - returning: [{"key":"0NK7w","version":0,"value":9.940216}, {"key":"gNFei","version":2,"value":6.563798}, {"key":"ig3sg","version":2,"value":7.4136553}, {"key":"dnNu2","version":1,"value":9.153587}, {"key":"TdZgg","version":2,"value":16.267569}, {"key":"Dd6Y5","version":2,"value":11.332302}, {"key":"gNFei","version":2,"value":9.509459}, {"key":"kmbwt","version":0,"value":18.043266}, {"key":"5n9lI","version":0,"value":1.9081259}, {"key":"tnb1k","version":1,"value":2.7406406}, {"key":"dnNu2","version":2,"value":14.870863}, {"key":"gNFei","TOTAL":0.0}, {"key":"tnb1k","TOTAL":7.43795}, {"key":"5n9lI","version":1,"value":9.972301}, {"key":"IThms","version":1,"value":3.8995695}, {"key":"TZVeu","version":1,"value":4.5669985}, {"key":"ig3sg","TOTAL":0.0}, {"key":"ibDNj","version":1,"value":6.208918}, {"key":"VIToj","version":2,"value":1.6788876}, {"key":"xR01h","version":0,"value":11.465633}, {"key":"y3QTh","version":0,"value":14.209433}, {"key":"VIToj","version":2,"value":14.664935}, {"key":"NgIDH","version":0,"value":2.7246118}, {"key":"NFkC3","version":0,"value":14.002729}, {"key":"y3QTh","version":1,"value":12.4026165}, {"key":"cB3nR","version":2,"value":6.469736}, {"key":"j8Yx3","version":1,"value":14.35478}, {"key":"r9ueA","version":2,"value":4.353217}, {"key":"Ail4j","version":1,"value":3.7880874}, {"key":"xkTHg","version":2,"value":14.937592}, {"key":"r9ueA","TOTAL":0.0}, {"key":"oA4Pr","version":1,"value":11.323736}, {"key":"XImGB","version":1,"value":7.1617675}, {"key":"nvXJQ","version":2,"value":16.623209}, {"key":"cB3nR","TOTAL":0.0}, {"key":"M2cxC","version":2,"value":14.05545}, {"key":"CgpCQ","version":2,"value":17.094978}, {"key":"NCU4x","version":1,"value":11.557953}, {"key":"1YMBw","version":2,"value":14.891668}, {"key":"LB2tH","version":1,"value":10.115603}, {"key":"vFQPm","version":1,"value":7.6662865}, {"key":"l6Wnb","version":1,"value":14.364614}, {"key":"w3Xdt","version":1,"value":5.210228}, {"key":"RvQ4X","version":2,"value":14.9516945}, {"key":"5n9lI","version":1,"value":13.949748}, {"key":"T8RZM","version":2,"value":1.0841858}, {"key":"5n9lI","version":0,"value":1.0761619}, {"key":"99EHL","version":0,"value":1.8930316}, {"key":"xR01h","version":2,"value":19.741714}, {"key":"9QFdK","version":0,"value":8.89736}, {"key":"2uia3","version":1,"value":10.233922}, {"key":"4JyRa","version":1,"value":6.6434727}, {"key":"1YMBw","TOTAL":0.0}, {"key":"vFQPm","TOTAL":50.28305}, {"key":"y3QTh","version":0,"value":3.9286196}, {"key":"y3QTh","TOTAL":0.0}, {"key":"oA4Pr","version":2,"value":12.701864}, {"key":"SIJ5a","version":1,"value":14.905359}, {"key":"4JyRa","version":1,"value":2.5263715}, {"key":"2uia3","version":2,"value":7.1809506}, {"key":"hcLQk","version":2,"value":1.2494671}, {"key":"UsMSV","version":1,"value":16.296904}, {"key":"FAsrq","version":0,"value":9.209371}, {"key":"OoPBK","version":0,"value":3.2737064}, {"key":"NCU4x","version":0,"value":0.07669687}, {"key":"w3Xdt","TOTAL":0.0}, {"key":"gphfX","version":2,"value":1.9115496}, {"key":"ZXjfl","version":1,"value":15.001679}, {"key":"yUHf7","version":0,"value":19.623873}, {"key":"0saHK","version":2,"value":17.329048}, {"key":"FAsrq","version":0,"value":9.772029}, {"key":"Q4lZ2","version":2,"value":11.825239}, {"key":"OK6Hx","version":1,"value":8.055719}, {"key":"ByXVY","version":0,"value":3.2686102}, {"key":"5ROsA","version":1,"value":18.978033}, {"key":"qYicB","version":2,"value":11.085819}, {"key":"NgIDH","TOTAL":0.0}]
03:05:03.169 INFO  u.a.e.a.c.d.MessageTransformer - 0% complete...
03:05:03.345 WARN  o.a.k.c.c.i.ConsumerCoordinator - [Consumer clientId=consumer-cbaf3eac-68f4-41b0-b806-2493bb377e58-1, groupId=cbaf3eac-68f4-41b0-b806-2493bb377e58] consumer poll timeout has expired. This means the time between subsequent calls to poll() was longer than the configured max.poll.interval.ms, which typically implies that the poll loop is spending too much time processing messages. You can address this either by increasing max.poll.interval.ms or by reducing the maximum size of batches returned in poll() with max.poll.records.
03:05:03.484 INFO  u.a.e.a.c.d.MessageTransformer - 10% complete...
03:05:03.843 INFO  u.a.e.a.c.d.MessageTransformer - 20% complete...
03:05:04.203 INFO  u.a.e.a.c.d.MessageTransformer - 30% complete...
03:05:04.564 INFO  u.a.e.a.c.d.MessageTransformer - 40% complete...
03:05:04.923 INFO  u.a.e.a.c.d.MessageTransformer - 50% complete...
03:05:05.313 INFO  u.a.e.a.c.d.MessageTransformer - 60% complete...
03:05:05.673 INFO  u.a.e.a.c.d.MessageTransformer - 70% complete...
03:05:06.034 INFO  u.a.e.a.c.d.MessageTransformer - 80% complete...
03:05:06.393 INFO  u.a.e.a.c.d.MessageTransformer - 90% complete...
03:05:06.743 INFO  u.a.e.a.c.d.MessageTransformer - 100% complete...
03:05:07.093 INFO  u.a.e.a.c.d.MessageTransformer - 100% complete. Tranformed 77 messages
03:05:07.093 INFO  u.a.e.a.c.s.RabbitMqService - Reading queue TransformTestWrite-20459-CC5Dc: count=77
03:05:07.149 INFO  u.a.e.a.c.s.RabbitMqService - Received 77/77 messages in 56ms
03:05:07.149 INFO  u.a.e.a.c.s.RabbitMqService - returning: [{"key":"0NK7w","version":0,"value":20.440216}, {"key":"gNFei","version":2,"value":17.063797}, {"key":"ig3sg","version":2,"value":17.913654}, {"key":"dnNu2","version":1,"value":19.653587}, {"key":"TdZgg","version":2,"value":26.767569}, {"key":"Dd6Y5","version":2,"value":21.832302}, {"key":"gNFei","version":2,"value":9.509459}, {"key":"kmbwt","version":0,"value":28.543266}, {"key":"5n9lI","version":0,"value":12.408126}, {"key":"tnb1k","version":1,"value":13.240641}, {"key":"dnNu2","version":2,"value":25.370863}, {"totalMessagesWritten":11,"totalMessagesProcessed":12,"totalRedisUpdates":11,"totalValueWritten":212.74348,"totalAdded":105.0}, {"totalMessagesWritten":11,"totalMessagesProcessed":13,"totalRedisUpdates":12,"totalValueWritten":220.18143,"totalAdded":105.0}, {"key":"5n9lI","version":1,"value":20.472301}, {"key":"IThms","version":1,"value":14.3995695}, {"key":"TZVeu","version":1,"value":15.0669985}, {"totalMessagesWritten":14,"totalMessagesProcessed":17,"totalRedisUpdates":16,"totalValueWritten":270.1203,"totalAdded":136.5}, {"key":"ibDNj","version":1,"value":16.708918}, {"key":"VIToj","version":2,"value":12.178887}, {"key":"xR01h","version":0,"value":21.965633}, {"key":"y3QTh","version":0,"value":24.709433}, {"key":"VIToj","version":2,"value":14.664935}, {"key":"NgIDH","version":0,"value":13.224611}, {"key":"NFkC3","version":0,"value":24.50273}, {"key":"y3QTh","version":1,"value":22.902617}, {"key":"cB3nR","version":2,"value":16.969736}, {"key":"j8Yx3","version":1,"value":24.85478}, {"key":"r9ueA","version":2,"value":14.853217}, {"key":"Ail4j","version":1,"value":14.288088}, {"key":"xkTHg","version":2,"value":25.437592}, {"totalMessagesWritten":27,"totalMessagesProcessed":31,"totalRedisUpdates":29,"totalValueWritten":517.3815,"totalAdded":262.5}, {"key":"oA4Pr","version":1,"value":21.823736}, {"key":"XImGB","version":1,"value":17.661768}, {"key":"nvXJQ","version":2,"value":27.123209}, {"totalMessagesWritten":30,"totalMessagesProcessed":35,"totalRedisUpdates":33,"totalValueWritten":583.9902,"totalAdded":294.0}, {"key":"M2cxC","version":2,"value":24.55545}, {"key":"CgpCQ","version":2,"value":27.594978}, {"key":"NCU4x","version":1,"value":22.057953}, {"key":"1YMBw","version":2,"value":25.391668}, {"key":"LB2tH","version":1,"value":20.615604}, {"key":"vFQPm","version":1,"value":18.166286}, {"key":"l6Wnb","version":1,"value":24.864613}, {"key":"w3Xdt","version":1,"value":15.710228}, {"key":"RvQ4X","version":2,"value":25.451694}, {"key":"5n9lI","version":1,"value":13.949748}, {"key":"T8RZM","version":2,"value":11.584186}, {"key":"5n9lI","version":0,"value":1.0761619}, {"key":"99EHL","version":0,"value":12.393032}, {"key":"xR01h","version":2,"value":30.241714}, {"key":"9QFdK","version":0,"value":19.39736}, {"key":"2uia3","version":1,"value":20.733921}, {"key":"4JyRa","version":1,"value":17.143473}, {"totalMessagesWritten":47,"totalMessagesProcessed":53,"totalRedisUpdates":49,"totalValueWritten":914.9183,"totalAdded":451.5}, {"totalMessagesWritten":47,"totalMessagesProcessed":54,"totalRedisUpdates":50,"totalValueWritten":965.2013,"totalAdded":451.5}, {"key":"y3QTh","version":0,"value":3.9286196}, {"totalMessagesWritten":48,"totalMessagesProcessed":56,"totalRedisUpdates":51,"totalValueWritten":969.12994,"totalAdded":451.5}, {"key":"oA4Pr","version":2,"value":23.201864}, {"key":"SIJ5a","version":1,"value":25.40536}, {"key":"4JyRa","version":1,"value":2.5263715}, {"key":"2uia3","version":2,"value":17.68095}, {"key":"hcLQk","version":2,"value":11.749467}, {"key":"UsMSV","version":1,"value":26.796904}, {"key":"FAsrq","version":0,"value":19.70937}, {"key":"OoPBK","version":0,"value":13.773706}, {"key":"NCU4x","version":0,"value":0.07669687}, {"totalMessagesWritten":57,"totalMessagesProcessed":66,"totalRedisUpdates":59,"totalValueWritten":1110.0505,"totalAdded":525.0}, {"key":"gphfX","version":2,"value":12.41155}, {"key":"ZXjfl","version":1,"value":25.501678}, {"key":"yUHf7","version":0,"value":30.123873}, {"key":"0saHK","version":2,"value":27.829048}, {"key":"FAsrq","version":0,"value":9.772029}, {"key":"Q4lZ2","version":2,"value":22.32524}, {"key":"OK6Hx","version":1,"value":18.55572}, {"key":"ByXVY","version":0,"value":13.76861}, {"key":"5ROsA","version":1,"value":29.478033}, {"key":"qYicB","version":2,"value":21.58582}, {"totalMessagesWritten":67,"totalMessagesProcessed":77,"totalRedisUpdates":69,"totalValueWritten":1321.402,"totalAdded":619.5}]
03:05:07.783 INFO  u.a.e.a.c.AcpCw2ApplicationTests - ===============================PASSED===================================
03:05:07.784 INFO  u.a.e.a.c.AcpCw2ApplicationTests - ========================PASSED=========================
]]></system-out>
  </testcase>
  <testcase name="testKafkaCount" classname="uk.ac.ed.acp.cw2.AcpCw2ApplicationTests" time="3.176">
    <system-out><![CDATA[03:05:07.790 INFO  u.a.e.a.c.AcpCw2ApplicationTests - -----------STARTING KAFKA COUNT TEST-------------
03:05:07.790 INFO  u.a.e.a.c.AcpCw2ApplicationTests - topicName: KafkaSent-93282-9wtFf
03:05:07.793 INFO  u.a.e.a.c.s.KafkaService - Pushing 5 messages to KafkaSent-93282-9wtFf
03:05:07.796 WARN  o.a.k.c.NetworkClient - [Producer clientId=producer-1] The metadata response from the cluster reported a recoverable issue with correlation id 14 : {KafkaSent-93282-9wtFf=UNKNOWN_TOPIC_OR_PARTITION}
03:05:07.933 INFO  u.a.e.a.c.s.KafkaService - Reading topic KafkaSent-93282-9wtFf: count=5
03:05:10.962 INFO  u.a.e.a.c.s.KafkaService - Checking count: 1 >= 5 -> false
03:05:10.962 INFO  u.a.e.a.c.s.KafkaService - Checking count: 2 >= 5 -> false
03:05:10.962 INFO  u.a.e.a.c.s.KafkaService - Checking count: 3 >= 5 -> false
03:05:10.962 INFO  u.a.e.a.c.s.KafkaService - Checking count: 4 >= 5 -> false
03:05:10.962 INFO  u.a.e.a.c.s.KafkaService - Checking count: 5 >= 5 -> true
03:05:10.962 INFO  u.a.e.a.c.s.KafkaService - Received 5/5 messages in 3029ms
Kafka Message - uid: s2093547, counter: 0
03:05:10.962 INFO  u.a.e.a.c.AcpCw2ApplicationTests - ========================PASSED=========================
]]></system-out>
  </testcase>
  <testcase name="testKafkaShort" classname="uk.ac.ed.acp.cw2.AcpCw2ApplicationTests" time="14.665">
    <system-out><![CDATA[03:05:10.968 INFO  u.a.e.a.c.AcpCw2ApplicationTests - --------------KAFKA SHORT TEST----------------
03:05:10.969 INFO  u.a.e.a.c.AcpCw2ApplicationTests - topicName: ShortTest-46499-UFZBB
03:05:10.971 INFO  u.a.e.a.c.s.KafkaService - Pushing 500 messages to ShortTest-46499-UFZBB
03:05:10.973 WARN  o.a.k.c.NetworkClient - [Producer clientId=producer-1] The metadata response from the cluster reported a recoverable issue with correlation id 21 : {ShortTest-46499-UFZBB=UNKNOWN_TOPIC_OR_PARTITION}
03:05:12.072 INFO  u.a.e.a.c.s.KafkaService - Reading topic ShortTest-46499-UFZBB: timeOut=500
03:05:12.585 INFO  u.a.e.a.c.s.KafkaService - Received 0 messages in 513/500ms
03:05:12.585 INFO  u.a.e.a.c.AcpCw2ApplicationTests - Time taken: 516 ms
03:05:14.089 INFO  u.a.e.a.c.AcpCw2ApplicationTests - ========================PASSED=========================
03:05:14.089 INFO  u.a.e.a.c.AcpCw2ApplicationTests - topicName: ShortTest-59426-tJvPq
03:05:14.089 INFO  u.a.e.a.c.s.KafkaService - Pushing 500 messages to ShortTest-59426-tJvPq
03:05:14.099 WARN  o.a.k.c.NetworkClient - [Producer clientId=producer-1] The metadata response from the cluster reported a recoverable issue with correlation id 523 : {ShortTest-59426-tJvPq=UNKNOWN_TOPIC_OR_PARTITION}
03:05:15.035 INFO  u.a.e.a.c.s.KafkaService - Reading topic ShortTest-59426-tJvPq: timeOut=500
03:05:15.539 INFO  u.a.e.a.c.s.KafkaService - Received 0 messages in 504/500ms
03:05:15.539 INFO  u.a.e.a.c.AcpCw2ApplicationTests - Time taken: 507 ms
03:05:17.045 INFO  u.a.e.a.c.AcpCw2ApplicationTests - ========================PASSED=========================
03:05:17.045 INFO  u.a.e.a.c.AcpCw2ApplicationTests - topicName: ShortTest-58376-Lkh7X
03:05:17.045 INFO  u.a.e.a.c.s.KafkaService - Pushing 500 messages to ShortTest-58376-Lkh7X
03:05:17.050 WARN  o.a.k.c.NetworkClient - [Producer clientId=producer-1] The metadata response from the cluster reported a recoverable issue with correlation id 1025 : {ShortTest-58376-Lkh7X=UNKNOWN_TOPIC_OR_PARTITION}
03:05:17.889 INFO  u.a.e.a.c.s.KafkaService - Reading topic ShortTest-58376-Lkh7X: timeOut=500
03:05:18.409 INFO  u.a.e.a.c.s.KafkaService - Received 0 messages in 520/500ms
03:05:18.409 INFO  u.a.e.a.c.AcpCw2ApplicationTests - Time taken: 522 ms
03:05:19.922 INFO  u.a.e.a.c.AcpCw2ApplicationTests - ========================PASSED=========================
03:05:19.922 INFO  u.a.e.a.c.AcpCw2ApplicationTests - topicName: ShortTest-90716-iCSgq
03:05:19.922 INFO  u.a.e.a.c.s.KafkaService - Pushing 500 messages to ShortTest-90716-iCSgq
03:05:19.932 WARN  o.a.k.c.NetworkClient - [Producer clientId=producer-1] The metadata response from the cluster reported a recoverable issue with correlation id 1527 : {ShortTest-90716-iCSgq=UNKNOWN_TOPIC_OR_PARTITION}
03:05:20.764 INFO  u.a.e.a.c.s.KafkaService - Reading topic ShortTest-90716-iCSgq: timeOut=500
03:05:21.278 INFO  u.a.e.a.c.s.KafkaService - Received 0 messages in 514/500ms
03:05:21.279 INFO  u.a.e.a.c.AcpCw2ApplicationTests - Time taken: 518 ms
03:05:22.793 INFO  u.a.e.a.c.AcpCw2ApplicationTests - ========================PASSED=========================
03:05:22.793 INFO  u.a.e.a.c.AcpCw2ApplicationTests - topicName: ShortTest-98633-7nwqj
03:05:22.793 INFO  u.a.e.a.c.s.KafkaService - Pushing 500 messages to ShortTest-98633-7nwqj
03:05:22.802 WARN  o.a.k.c.NetworkClient - [Producer clientId=producer-1] The metadata response from the cluster reported a recoverable issue with correlation id 2029 : {ShortTest-98633-7nwqj=UNKNOWN_TOPIC_OR_PARTITION}
03:05:23.602 INFO  u.a.e.a.c.s.KafkaService - Reading topic ShortTest-98633-7nwqj: timeOut=500
03:05:24.116 INFO  u.a.e.a.c.s.KafkaService - Received 0 messages in 514/500ms
03:05:24.116 INFO  u.a.e.a.c.AcpCw2ApplicationTests - Time taken: 517 ms
03:05:25.631 INFO  u.a.e.a.c.AcpCw2ApplicationTests - ========================PASSED=========================
]]></system-out>
  </testcase>
  <testcase name="testKafkaBulk" classname="uk.ac.ed.acp.cw2.AcpCw2ApplicationTests" time="5.862">
    <system-out><![CDATA[03:05:25.631 INFO  u.a.e.a.c.AcpCw2ApplicationTests - --------------KAFKA BULK TEST----------------
03:05:25.631 INFO  u.a.e.a.c.AcpCw2ApplicationTests - topicName: BulkTest-12475-W31cg
03:05:25.631 INFO  u.a.e.a.c.s.KafkaService - Pushing 500 messages to BulkTest-12475-W31cg
03:05:25.643 WARN  o.a.k.c.NetworkClient - [Producer clientId=producer-1] The metadata response from the cluster reported a recoverable issue with correlation id 2531 : {BulkTest-12475-W31cg=UNKNOWN_TOPIC_OR_PARTITION}
03:05:26.483 INFO  u.a.e.a.c.s.KafkaService - Reading topic BulkTest-12475-W31cg: timeOut=5000
03:05:31.493 INFO  u.a.e.a.c.s.KafkaService - Received 500 messages in 5010/5000ms
03:05:31.493 INFO  u.a.e.a.c.AcpCw2ApplicationTests - Time taken: 5012 ms
03:05:31.493 INFO  u.a.e.a.c.AcpCw2ApplicationTests - ========================PASSED=========================
]]></system-out>
  </testcase>
  <testcase name="testKafkaMultipleReads" classname="uk.ac.ed.acp.cw2.AcpCw2ApplicationTests" time="15.326">
    <system-out><![CDATA[03:05:31.493 INFO  u.a.e.a.c.AcpCw2ApplicationTests - --------------STARTING KAFKA MULTIPLE READS TEST----------------
03:05:31.493 INFO  u.a.e.a.c.AcpCw2ApplicationTests - topicName: KafkaMultipleReads-57695-GnjAk
03:05:31.493 INFO  u.a.e.a.c.s.KafkaService - Pushing 100 messages to KafkaMultipleReads-57695-GnjAk
03:05:31.505 WARN  o.a.k.c.NetworkClient - [Producer clientId=producer-1] The metadata response from the cluster reported a recoverable issue with correlation id 3033 : {KafkaMultipleReads-57695-GnjAk=UNKNOWN_TOPIC_OR_PARTITION}
03:05:31.777 INFO  u.a.e.a.c.s.KafkaService - Reading topic KafkaMultipleReads-57695-GnjAk: timeOut=5000
03:05:36.784 INFO  u.a.e.a.c.s.KafkaService - Received 100 messages in 5007/5000ms
03:05:36.787 INFO  u.a.e.a.c.AcpCw2ApplicationTests - [0] MessageCount: 100, readMessages: 100, timeout: 5000, time: 5013
03:05:36.790 INFO  u.a.e.a.c.s.KafkaService - Reading topic KafkaMultipleReads-57695-GnjAk: timeOut=5000
03:05:41.798 INFO  u.a.e.a.c.s.KafkaService - Received 100 messages in 5008/5000ms
03:05:41.801 INFO  u.a.e.a.c.AcpCw2ApplicationTests - [1] MessageCount: 100, readMessages: 100, timeout: 5000, time: 5014
03:05:41.804 INFO  u.a.e.a.c.s.KafkaService - Reading topic KafkaMultipleReads-57695-GnjAk: timeOut=5000
03:05:46.809 INFO  u.a.e.a.c.s.KafkaService - Received 100 messages in 5005/5000ms
03:05:46.813 INFO  u.a.e.a.c.AcpCw2ApplicationTests - [2] MessageCount: 100, readMessages: 100, timeout: 5000, time: 5012
03:05:46.813 INFO  u.a.e.a.c.AcpCw2ApplicationTests - ========================PASSED=========================
]]></system-out>
  </testcase>
</testsuite>