<?xml version="1.0" encoding="UTF-8"?>
<testsuite xmlns:xsi="http://www.w3.org/2001/XMLSchema-instance" xsi:noNamespaceSchemaLocation="https://maven.apache.org/surefire/maven-surefire-plugin/xsd/surefire-test-report.xsd" version="3.0.2" name="uk.ac.ed.acp.cw2.AcpCw2ApplicationTests" time="46.876" tests="6" errors="0" skipped="0" failures="0">
  <properties>
    <property name="java.specification.version" value="21"/>
    <property name="sun.cpu.isalist" value="amd64"/>
    <property name="sun.jnu.encoding" value="Cp1252"/>
    <property name="java.class.path" value="C:\Users\miles\Documents\GitHub\AcpCw2\target\test-classes;C:\Users\miles\Documents\GitHub\AcpCw2\target\classes;C:\Users\miles\.m2\repository\org\springframework\boot\spring-boot-starter-web\3.4.3\spring-boot-starter-web-3.4.3.jar;C:\Users\miles\.m2\repository\org\springframework\boot\spring-boot-starter\3.4.3\spring-boot-starter-3.4.3.jar;C:\Users\miles\.m2\repository\org\springframework\boot\spring-boot\3.4.3\spring-boot-3.4.3.jar;C:\Users\miles\.m2\repository\org\springframework\boot\spring-boot-autoconfigure\3.4.3\spring-boot-autoconfigure-3.4.3.jar;C:\Users\miles\.m2\repository\org\springframework\boot\spring-boot-starter-logging\3.4.3\spring-boot-starter-logging-3.4.3.jar;C:\Users\miles\.m2\repository\ch\qos\logback\logback-classic\1.5.16\logback-classic-1.5.16.jar;C:\Users\miles\.m2\repository\ch\qos\logback\logback-core\1.5.16\logback-core-1.5.16.jar;C:\Users\miles\.m2\repository\org\apache\logging\log4j\log4j-to-slf4j\2.24.3\log4j-to-slf4j-2.24.3.jar;C:\Users\miles\.m2\repository\org\apache\logging\log4j\log4j-api\2.24.3\log4j-api-2.24.3.jar;C:\Users\miles\.m2\repository\org\slf4j\jul-to-slf4j\2.0.16\jul-to-slf4j-2.0.16.jar;C:\Users\miles\.m2\repository\jakarta\annotation\jakarta.annotation-api\2.1.1\jakarta.annotation-api-2.1.1.jar;C:\Users\miles\.m2\repository\org\yaml\snakeyaml\2.3\snakeyaml-2.3.jar;C:\Users\miles\.m2\repository\org\springframework\boot\spring-boot-starter-json\3.4.3\spring-boot-starter-json-3.4.3.jar;C:\Users\miles\.m2\repository\com\fasterxml\jackson\core\jackson-databind\2.18.2\jackson-databind-2.18.2.jar;C:\Users\miles\.m2\repository\com\fasterxml\jackson\core\jackson-core\2.18.2\jackson-core-2.18.2.jar;C:\Users\miles\.m2\repository\com\fasterxml\jackson\datatype\jackson-datatype-jdk8\2.18.2\jackson-datatype-jdk8-2.18.2.jar;C:\Users\miles\.m2\repository\com\fasterxml\jackson\datatype\jackson-datatype-jsr310\2.18.2\jackson-datatype-jsr310-2.18.2.jar;C:\Users\miles\.m2\repository\com\fasterxml\jackson\module\jackson-module-parameter-names\2.18.2\jackson-module-parameter-names-2.18.2.jar;C:\Users\miles\.m2\repository\org\springframework\boot\spring-boot-starter-tomcat\3.4.3\spring-boot-starter-tomcat-3.4.3.jar;C:\Users\miles\.m2\repository\org\apache\tomcat\embed\tomcat-embed-core\10.1.36\tomcat-embed-core-10.1.36.jar;C:\Users\miles\.m2\repository\org\apache\tomcat\embed\tomcat-embed-websocket\10.1.36\tomcat-embed-websocket-10.1.36.jar;C:\Users\miles\.m2\repository\org\springframework\spring-web\6.2.3\spring-web-6.2.3.jar;C:\Users\miles\.m2\repository\org\springframework\spring-beans\6.2.3\spring-beans-6.2.3.jar;C:\Users\miles\.m2\repository\org\springframework\spring-webmvc\6.2.3\spring-webmvc-6.2.3.jar;C:\Users\miles\.m2\repository\org\springframework\spring-context\6.2.3\spring-context-6.2.3.jar;C:\Users\miles\.m2\repository\org\springframework\spring-expression\6.2.3\spring-expression-6.2.3.jar;C:\Users\miles\.m2\repository\org\springframework\boot\spring-boot-starter-test\3.4.3\spring-boot-starter-test-3.4.3.jar;C:\Users\miles\.m2\repository\org\springframework\boot\spring-boot-test\3.4.3\spring-boot-test-3.4.3.jar;C:\Users\miles\.m2\repository\org\springframework\boot\spring-boot-test-autoconfigure\3.4.3\spring-boot-test-autoconfigure-3.4.3.jar;C:\Users\miles\.m2\repository\com\jayway\jsonpath\json-path\2.9.0\json-path-2.9.0.jar;C:\Users\miles\.m2\repository\jakarta\xml\bind\jakarta.xml.bind-api\4.0.2\jakarta.xml.bind-api-4.0.2.jar;C:\Users\miles\.m2\repository\jakarta\activation\jakarta.activation-api\2.1.3\jakarta.activation-api-2.1.3.jar;C:\Users\miles\.m2\repository\net\minidev\json-smart\2.5.2\json-smart-2.5.2.jar;C:\Users\miles\.m2\repository\net\minidev\accessors-smart\2.5.2\accessors-smart-2.5.2.jar;C:\Users\miles\.m2\repository\org\ow2\asm\asm\9.7.1\asm-9.7.1.jar;C:\Users\miles\.m2\repository\org\assertj\assertj-core\3.26.3\assertj-core-3.26.3.jar;C:\Users\miles\.m2\repository\net\bytebuddy\byte-buddy\1.15.11\byte-buddy-1.15.11.jar;C:\Users\miles\.m2\repository\org\awaitility\awaitility\4.2.2\awaitility-4.2.2.jar;C:\Users\miles\.m2\repository\org\hamcrest\hamcrest\2.2\hamcrest-2.2.jar;C:\Users\miles\.m2\repository\org\junit\jupiter\junit-jupiter\5.11.4\junit-jupiter-5.11.4.jar;C:\Users\miles\.m2\repository\org\junit\jupiter\junit-jupiter-api\5.11.4\junit-jupiter-api-5.11.4.jar;C:\Users\miles\.m2\repository\org\opentest4j\opentest4j\1.3.0\opentest4j-1.3.0.jar;C:\Users\miles\.m2\repository\org\junit\platform\junit-platform-commons\1.11.4\junit-platform-commons-1.11.4.jar;C:\Users\miles\.m2\repository\org\apiguardian\apiguardian-api\1.1.2\apiguardian-api-1.1.2.jar;C:\Users\miles\.m2\repository\org\junit\jupiter\junit-jupiter-params\5.11.4\junit-jupiter-params-5.11.4.jar;C:\Users\miles\.m2\repository\org\junit\jupiter\junit-jupiter-engine\5.11.4\junit-jupiter-engine-5.11.4.jar;C:\Users\miles\.m2\repository\org\junit\platform\junit-platform-engine\1.11.4\junit-platform-engine-1.11.4.jar;C:\Users\miles\.m2\repository\org\mockito\mockito-core\5.14.2\mockito-core-5.14.2.jar;C:\Users\miles\.m2\repository\net\bytebuddy\byte-buddy-agent\1.15.11\byte-buddy-agent-1.15.11.jar;C:\Users\miles\.m2\repository\org\objenesis\objenesis\3.3\objenesis-3.3.jar;C:\Users\miles\.m2\repository\org\mockito\mockito-junit-jupiter\5.14.2\mockito-junit-jupiter-5.14.2.jar;C:\Users\miles\.m2\repository\org\skyscreamer\jsonassert\1.5.3\jsonassert-1.5.3.jar;C:\Users\miles\.m2\repository\com\vaadin\external\google\android-json\0.0.20131108.vaadin1\android-json-0.0.20131108.vaadin1.jar;C:\Users\miles\.m2\repository\org\springframework\spring-core\6.2.3\spring-core-6.2.3.jar;C:\Users\miles\.m2\repository\org\springframework\spring-jcl\6.2.3\spring-jcl-6.2.3.jar;C:\Users\miles\.m2\repository\org\springframework\spring-test\6.2.3\spring-test-6.2.3.jar;C:\Users\miles\.m2\repository\org\xmlunit\xmlunit-core\2.10.0\xmlunit-core-2.10.0.jar;C:\Users\miles\.m2\repository\com\google\code\gson\gson\2.10.1\gson-2.10.1.jar;C:\Users\miles\.m2\repository\com\rabbitmq\amqp-client\5.20.0\amqp-client-5.20.0.jar;C:\Users\miles\.m2\repository\redis\clients\jedis\4.3.1\jedis-4.3.1.jar;C:\Users\miles\.m2\repository\org\apache\commons\commons-pool2\2.12.1\commons-pool2-2.12.1.jar;C:\Users\miles\.m2\repository\org\json\json\20220320\json-20220320.jar;C:\Users\miles\.m2\repository\org\projectlombok\lombok\1.18.36\lombok-1.18.36.jar;C:\Users\miles\.m2\repository\org\springframework\boot\spring-boot-starter-actuator\3.4.1\spring-boot-starter-actuator-3.4.1.jar;C:\Users\miles\.m2\repository\org\springframework\boot\spring-boot-actuator-autoconfigure\3.4.3\spring-boot-actuator-autoconfigure-3.4.3.jar;C:\Users\miles\.m2\repository\org\springframework\boot\spring-boot-actuator\3.4.3\spring-boot-actuator-3.4.3.jar;C:\Users\miles\.m2\repository\io\micrometer\micrometer-observation\1.14.4\micrometer-observation-1.14.4.jar;C:\Users\miles\.m2\repository\io\micrometer\micrometer-commons\1.14.4\micrometer-commons-1.14.4.jar;C:\Users\miles\.m2\repository\io\micrometer\micrometer-jakarta9\1.14.4\micrometer-jakarta9-1.14.4.jar;C:\Users\miles\.m2\repository\io\micrometer\micrometer-core\1.14.4\micrometer-core-1.14.4.jar;C:\Users\miles\.m2\repository\org\hdrhistogram\HdrHistogram\2.2.2\HdrHistogram-2.2.2.jar;C:\Users\miles\.m2\repository\org\latencyutils\LatencyUtils\2.0.3\LatencyUtils-2.0.3.jar;C:\Users\miles\.m2\repository\org\springframework\boot\spring-boot-starter-validation\3.4.2\spring-boot-starter-validation-3.4.2.jar;C:\Users\miles\.m2\repository\org\apache\tomcat\embed\tomcat-embed-el\10.1.36\tomcat-embed-el-10.1.36.jar;C:\Users\miles\.m2\repository\org\hibernate\validator\hibernate-validator\8.0.2.Final\hibernate-validator-8.0.2.Final.jar;C:\Users\miles\.m2\repository\jakarta\validation\jakarta.validation-api\3.0.2\jakarta.validation-api-3.0.2.jar;C:\Users\miles\.m2\repository\org\jboss\logging\jboss-logging\3.6.1.Final\jboss-logging-3.6.1.Final.jar;C:\Users\miles\.m2\repository\com\fasterxml\classmate\1.7.0\classmate-1.7.0.jar;C:\Users\miles\.m2\repository\org\springframework\boot\spring-boot-starter-aop\3.4.2\spring-boot-starter-aop-3.4.2.jar;C:\Users\miles\.m2\repository\org\springframework\spring-aop\6.2.3\spring-aop-6.2.3.jar;C:\Users\miles\.m2\repository\org\aspectj\aspectjweaver\1.9.22.1\aspectjweaver-1.9.22.1.jar;C:\Users\miles\.m2\repository\org\apache\kafka\kafka-clients\3.9.0\kafka-clients-3.9.0.jar;C:\Users\miles\.m2\repository\com\github\luben\zstd-jni\1.5.6-4\zstd-jni-1.5.6-4.jar;C:\Users\miles\.m2\repository\org\lz4\lz4-java\1.8.0\lz4-java-1.8.0.jar;C:\Users\miles\.m2\repository\org\xerial\snappy\snappy-java\1.1.10.5\snappy-java-1.1.10.5.jar;C:\Users\miles\.m2\repository\org\springdoc\springdoc-openapi-starter-webmvc-ui\2.8.5\springdoc-openapi-starter-webmvc-ui-2.8.5.jar;C:\Users\miles\.m2\repository\org\springdoc\springdoc-openapi-starter-webmvc-api\2.8.5\springdoc-openapi-starter-webmvc-api-2.8.5.jar;C:\Users\miles\.m2\repository\org\webjars\swagger-ui\5.18.3\swagger-ui-5.18.3.jar;C:\Users\miles\.m2\repository\org\webjars\webjars-locator-lite\1.0.1\webjars-locator-lite-1.0.1.jar;C:\Users\miles\.m2\repository\org\jspecify\jspecify\1.0.0\jspecify-1.0.0.jar;C:\Users\miles\.m2\repository\org\springdoc\springdoc-openapi-starter-webflux-api\2.8.5\springdoc-openapi-starter-webflux-api-2.8.5.jar;C:\Users\miles\.m2\repository\org\springdoc\springdoc-openapi-starter-common\2.8.5\springdoc-openapi-starter-common-2.8.5.jar;C:\Users\miles\.m2\repository\io\swagger\core\v3\swagger-core-jakarta\2.2.28\swagger-core-jakarta-2.2.28.jar;C:\Users\miles\.m2\repository\org\apache\commons\commons-lang3\3.17.0\commons-lang3-3.17.0.jar;C:\Users\miles\.m2\repository\io\swagger\core\v3\swagger-annotations-jakarta\2.2.28\swagger-annotations-jakarta-2.2.28.jar;C:\Users\miles\.m2\repository\io\swagger\core\v3\swagger-models-jakarta\2.2.28\swagger-models-jakarta-2.2.28.jar;C:\Users\miles\.m2\repository\com\fasterxml\jackson\dataformat\jackson-dataformat-yaml\2.18.2\jackson-dataformat-yaml-2.18.2.jar;C:\Users\miles\.m2\repository\org\springframework\spring-webflux\6.2.3\spring-webflux-6.2.3.jar;C:\Users\miles\.m2\repository\io\projectreactor\reactor-core\3.7.3\reactor-core-3.7.3.jar;C:\Users\miles\.m2\repository\org\reactivestreams\reactive-streams\1.0.4\reactive-streams-1.0.4.jar;C:\Users\miles\.m2\repository\org\testcontainers\testcontainers\1.20.5\testcontainers-1.20.5.jar;C:\Users\miles\.m2\repository\junit\junit\4.13.2\junit-4.13.2.jar;C:\Users\miles\.m2\repository\org\hamcrest\hamcrest-core\2.2\hamcrest-core-2.2.jar;C:\Users\miles\.m2\repository\org\apache\commons\commons-compress\1.24.0\commons-compress-1.24.0.jar;C:\Users\miles\.m2\repository\org\rnorth\duct-tape\duct-tape\1.0.8\duct-tape-1.0.8.jar;C:\Users\miles\.m2\repository\org\jetbrains\annotations\17.0.0\annotations-17.0.0.jar;C:\Users\miles\.m2\repository\com\github\docker-java\docker-java-api\3.4.1\docker-java-api-3.4.1.jar;C:\Users\miles\.m2\repository\com\fasterxml\jackson\core\jackson-annotations\2.18.2\jackson-annotations-2.18.2.jar;C:\Users\miles\.m2\repository\com\github\docker-java\docker-java-transport-zerodep\3.4.1\docker-java-transport-zerodep-3.4.1.jar;C:\Users\miles\.m2\repository\com\github\docker-java\docker-java-transport\3.4.1\docker-java-transport-3.4.1.jar;C:\Users\miles\.m2\repository\net\java\dev\jna\jna\5.13.0\jna-5.13.0.jar;C:\Users\miles\.m2\repository\org\testcontainers\junit-jupiter\1.20.5\junit-jupiter-1.20.5.jar;C:\Users\miles\.m2\repository\org\testcontainers\kafka\1.20.5\kafka-1.20.5.jar;C:\Users\miles\.m2\repository\org\testcontainers\rabbitmq\1.20.5\rabbitmq-1.20.5.jar;C:\Users\miles\.m2\repository\org\springframework\boot\spring-boot-starter-amqp\3.4.3\spring-boot-starter-amqp-3.4.3.jar;C:\Users\miles\.m2\repository\org\springframework\spring-messaging\6.2.3\spring-messaging-6.2.3.jar;C:\Users\miles\.m2\repository\org\springframework\amqp\spring-rabbit\3.2.3\spring-rabbit-3.2.3.jar;C:\Users\miles\.m2\repository\org\springframework\amqp\spring-amqp\3.2.3\spring-amqp-3.2.3.jar;C:\Users\miles\.m2\repository\org\springframework\retry\spring-retry\2.0.11\spring-retry-2.0.11.jar;C:\Users\miles\.m2\repository\org\springframework\spring-tx\6.2.3\spring-tx-6.2.3.jar;C:\Users\miles\.m2\repository\org\slf4j\slf4j-api\2.0.9\slf4j-api-2.0.9.jar;"/>
    <property name="java.vm.vendor" value="Oracle Corporation"/>
    <property name="sun.arch.data.model" value="64"/>
    <property name="user.variant" value=""/>
    <property name="catalina.useNaming" value="false"/>
    <property name="java.vendor.url" value="https://java.oracle.com/"/>
    <property name="user.timezone" value="Europe/London"/>
    <property name="org.jboss.logging.provider" value="slf4j"/>
    <property name="os.name" value="Windows 10"/>
    <property name="java.vm.specification.version" value="21"/>
    <property name="APPLICATION_NAME" value="acpCw2Service"/>
    <property name="sun.java.launcher" value="SUN_STANDARD"/>
    <property name="user.country" value="GB"/>
    <property name="sun.boot.library.path" value="C:\Program Files\Java\jdk-21\bin"/>
    <property name="sun.java.command" value="C:\Users\miles\AppData\Local\Temp\surefire9019135090088088996\surefirebooter-20250423162046313_3.jar C:\Users\miles\AppData\Local\Temp\surefire9019135090088088996 2025-04-23T16-20-46_095-jvmRun1 surefire-20250423162046313_1tmp surefire_0-20250423162046313_2tmp"/>
    <property name="jdk.debug" value="release"/>
    <property name="surefire.test.class.path" value="C:\Users\miles\Documents\GitHub\AcpCw2\target\test-classes;C:\Users\miles\Documents\GitHub\AcpCw2\target\classes;C:\Users\miles\.m2\repository\org\springframework\boot\spring-boot-starter-web\3.4.3\spring-boot-starter-web-3.4.3.jar;C:\Users\miles\.m2\repository\org\springframework\boot\spring-boot-starter\3.4.3\spring-boot-starter-3.4.3.jar;C:\Users\miles\.m2\repository\org\springframework\boot\spring-boot\3.4.3\spring-boot-3.4.3.jar;C:\Users\miles\.m2\repository\org\springframework\boot\spring-boot-autoconfigure\3.4.3\spring-boot-autoconfigure-3.4.3.jar;C:\Users\miles\.m2\repository\org\springframework\boot\spring-boot-starter-logging\3.4.3\spring-boot-starter-logging-3.4.3.jar;C:\Users\miles\.m2\repository\ch\qos\logback\logback-classic\1.5.16\logback-classic-1.5.16.jar;C:\Users\miles\.m2\repository\ch\qos\logback\logback-core\1.5.16\logback-core-1.5.16.jar;C:\Users\miles\.m2\repository\org\apache\logging\log4j\log4j-to-slf4j\2.24.3\log4j-to-slf4j-2.24.3.jar;C:\Users\miles\.m2\repository\org\apache\logging\log4j\log4j-api\2.24.3\log4j-api-2.24.3.jar;C:\Users\miles\.m2\repository\org\slf4j\jul-to-slf4j\2.0.16\jul-to-slf4j-2.0.16.jar;C:\Users\miles\.m2\repository\jakarta\annotation\jakarta.annotation-api\2.1.1\jakarta.annotation-api-2.1.1.jar;C:\Users\miles\.m2\repository\org\yaml\snakeyaml\2.3\snakeyaml-2.3.jar;C:\Users\miles\.m2\repository\org\springframework\boot\spring-boot-starter-json\3.4.3\spring-boot-starter-json-3.4.3.jar;C:\Users\miles\.m2\repository\com\fasterxml\jackson\core\jackson-databind\2.18.2\jackson-databind-2.18.2.jar;C:\Users\miles\.m2\repository\com\fasterxml\jackson\core\jackson-core\2.18.2\jackson-core-2.18.2.jar;C:\Users\miles\.m2\repository\com\fasterxml\jackson\datatype\jackson-datatype-jdk8\2.18.2\jackson-datatype-jdk8-2.18.2.jar;C:\Users\miles\.m2\repository\com\fasterxml\jackson\datatype\jackson-datatype-jsr310\2.18.2\jackson-datatype-jsr310-2.18.2.jar;C:\Users\miles\.m2\repository\com\fasterxml\jackson\module\jackson-module-parameter-names\2.18.2\jackson-module-parameter-names-2.18.2.jar;C:\Users\miles\.m2\repository\org\springframework\boot\spring-boot-starter-tomcat\3.4.3\spring-boot-starter-tomcat-3.4.3.jar;C:\Users\miles\.m2\repository\org\apache\tomcat\embed\tomcat-embed-core\10.1.36\tomcat-embed-core-10.1.36.jar;C:\Users\miles\.m2\repository\org\apache\tomcat\embed\tomcat-embed-websocket\10.1.36\tomcat-embed-websocket-10.1.36.jar;C:\Users\miles\.m2\repository\org\springframework\spring-web\6.2.3\spring-web-6.2.3.jar;C:\Users\miles\.m2\repository\org\springframework\spring-beans\6.2.3\spring-beans-6.2.3.jar;C:\Users\miles\.m2\repository\org\springframework\spring-webmvc\6.2.3\spring-webmvc-6.2.3.jar;C:\Users\miles\.m2\repository\org\springframework\spring-context\6.2.3\spring-context-6.2.3.jar;C:\Users\miles\.m2\repository\org\springframework\spring-expression\6.2.3\spring-expression-6.2.3.jar;C:\Users\miles\.m2\repository\org\springframework\boot\spring-boot-starter-test\3.4.3\spring-boot-starter-test-3.4.3.jar;C:\Users\miles\.m2\repository\org\springframework\boot\spring-boot-test\3.4.3\spring-boot-test-3.4.3.jar;C:\Users\miles\.m2\repository\org\springframework\boot\spring-boot-test-autoconfigure\3.4.3\spring-boot-test-autoconfigure-3.4.3.jar;C:\Users\miles\.m2\repository\com\jayway\jsonpath\json-path\2.9.0\json-path-2.9.0.jar;C:\Users\miles\.m2\repository\jakarta\xml\bind\jakarta.xml.bind-api\4.0.2\jakarta.xml.bind-api-4.0.2.jar;C:\Users\miles\.m2\repository\jakarta\activation\jakarta.activation-api\2.1.3\jakarta.activation-api-2.1.3.jar;C:\Users\miles\.m2\repository\net\minidev\json-smart\2.5.2\json-smart-2.5.2.jar;C:\Users\miles\.m2\repository\net\minidev\accessors-smart\2.5.2\accessors-smart-2.5.2.jar;C:\Users\miles\.m2\repository\org\ow2\asm\asm\9.7.1\asm-9.7.1.jar;C:\Users\miles\.m2\repository\org\assertj\assertj-core\3.26.3\assertj-core-3.26.3.jar;C:\Users\miles\.m2\repository\net\bytebuddy\byte-buddy\1.15.11\byte-buddy-1.15.11.jar;C:\Users\miles\.m2\repository\org\awaitility\awaitility\4.2.2\awaitility-4.2.2.jar;C:\Users\miles\.m2\repository\org\hamcrest\hamcrest\2.2\hamcrest-2.2.jar;C:\Users\miles\.m2\repository\org\junit\jupiter\junit-jupiter\5.11.4\junit-jupiter-5.11.4.jar;C:\Users\miles\.m2\repository\org\junit\jupiter\junit-jupiter-api\5.11.4\junit-jupiter-api-5.11.4.jar;C:\Users\miles\.m2\repository\org\opentest4j\opentest4j\1.3.0\opentest4j-1.3.0.jar;C:\Users\miles\.m2\repository\org\junit\platform\junit-platform-commons\1.11.4\junit-platform-commons-1.11.4.jar;C:\Users\miles\.m2\repository\org\apiguardian\apiguardian-api\1.1.2\apiguardian-api-1.1.2.jar;C:\Users\miles\.m2\repository\org\junit\jupiter\junit-jupiter-params\5.11.4\junit-jupiter-params-5.11.4.jar;C:\Users\miles\.m2\repository\org\junit\jupiter\junit-jupiter-engine\5.11.4\junit-jupiter-engine-5.11.4.jar;C:\Users\miles\.m2\repository\org\junit\platform\junit-platform-engine\1.11.4\junit-platform-engine-1.11.4.jar;C:\Users\miles\.m2\repository\org\mockito\mockito-core\5.14.2\mockito-core-5.14.2.jar;C:\Users\miles\.m2\repository\net\bytebuddy\byte-buddy-agent\1.15.11\byte-buddy-agent-1.15.11.jar;C:\Users\miles\.m2\repository\org\objenesis\objenesis\3.3\objenesis-3.3.jar;C:\Users\miles\.m2\repository\org\mockito\mockito-junit-jupiter\5.14.2\mockito-junit-jupiter-5.14.2.jar;C:\Users\miles\.m2\repository\org\skyscreamer\jsonassert\1.5.3\jsonassert-1.5.3.jar;C:\Users\miles\.m2\repository\com\vaadin\external\google\android-json\0.0.20131108.vaadin1\android-json-0.0.20131108.vaadin1.jar;C:\Users\miles\.m2\repository\org\springframework\spring-core\6.2.3\spring-core-6.2.3.jar;C:\Users\miles\.m2\repository\org\springframework\spring-jcl\6.2.3\spring-jcl-6.2.3.jar;C:\Users\miles\.m2\repository\org\springframework\spring-test\6.2.3\spring-test-6.2.3.jar;C:\Users\miles\.m2\repository\org\xmlunit\xmlunit-core\2.10.0\xmlunit-core-2.10.0.jar;C:\Users\miles\.m2\repository\com\google\code\gson\gson\2.10.1\gson-2.10.1.jar;C:\Users\miles\.m2\repository\com\rabbitmq\amqp-client\5.20.0\amqp-client-5.20.0.jar;C:\Users\miles\.m2\repository\redis\clients\jedis\4.3.1\jedis-4.3.1.jar;C:\Users\miles\.m2\repository\org\apache\commons\commons-pool2\2.12.1\commons-pool2-2.12.1.jar;C:\Users\miles\.m2\repository\org\json\json\20220320\json-20220320.jar;C:\Users\miles\.m2\repository\org\projectlombok\lombok\1.18.36\lombok-1.18.36.jar;C:\Users\miles\.m2\repository\org\springframework\boot\spring-boot-starter-actuator\3.4.1\spring-boot-starter-actuator-3.4.1.jar;C:\Users\miles\.m2\repository\org\springframework\boot\spring-boot-actuator-autoconfigure\3.4.3\spring-boot-actuator-autoconfigure-3.4.3.jar;C:\Users\miles\.m2\repository\org\springframework\boot\spring-boot-actuator\3.4.3\spring-boot-actuator-3.4.3.jar;C:\Users\miles\.m2\repository\io\micrometer\micrometer-observation\1.14.4\micrometer-observation-1.14.4.jar;C:\Users\miles\.m2\repository\io\micrometer\micrometer-commons\1.14.4\micrometer-commons-1.14.4.jar;C:\Users\miles\.m2\repository\io\micrometer\micrometer-jakarta9\1.14.4\micrometer-jakarta9-1.14.4.jar;C:\Users\miles\.m2\repository\io\micrometer\micrometer-core\1.14.4\micrometer-core-1.14.4.jar;C:\Users\miles\.m2\repository\org\hdrhistogram\HdrHistogram\2.2.2\HdrHistogram-2.2.2.jar;C:\Users\miles\.m2\repository\org\latencyutils\LatencyUtils\2.0.3\LatencyUtils-2.0.3.jar;C:\Users\miles\.m2\repository\org\springframework\boot\spring-boot-starter-validation\3.4.2\spring-boot-starter-validation-3.4.2.jar;C:\Users\miles\.m2\repository\org\apache\tomcat\embed\tomcat-embed-el\10.1.36\tomcat-embed-el-10.1.36.jar;C:\Users\miles\.m2\repository\org\hibernate\validator\hibernate-validator\8.0.2.Final\hibernate-validator-8.0.2.Final.jar;C:\Users\miles\.m2\repository\jakarta\validation\jakarta.validation-api\3.0.2\jakarta.validation-api-3.0.2.jar;C:\Users\miles\.m2\repository\org\jboss\logging\jboss-logging\3.6.1.Final\jboss-logging-3.6.1.Final.jar;C:\Users\miles\.m2\repository\com\fasterxml\classmate\1.7.0\classmate-1.7.0.jar;C:\Users\miles\.m2\repository\org\springframework\boot\spring-boot-starter-aop\3.4.2\spring-boot-starter-aop-3.4.2.jar;C:\Users\miles\.m2\repository\org\springframework\spring-aop\6.2.3\spring-aop-6.2.3.jar;C:\Users\miles\.m2\repository\org\aspectj\aspectjweaver\1.9.22.1\aspectjweaver-1.9.22.1.jar;C:\Users\miles\.m2\repository\org\apache\kafka\kafka-clients\3.9.0\kafka-clients-3.9.0.jar;C:\Users\miles\.m2\repository\com\github\luben\zstd-jni\1.5.6-4\zstd-jni-1.5.6-4.jar;C:\Users\miles\.m2\repository\org\lz4\lz4-java\1.8.0\lz4-java-1.8.0.jar;C:\Users\miles\.m2\repository\org\xerial\snappy\snappy-java\1.1.10.5\snappy-java-1.1.10.5.jar;C:\Users\miles\.m2\repository\org\springdoc\springdoc-openapi-starter-webmvc-ui\2.8.5\springdoc-openapi-starter-webmvc-ui-2.8.5.jar;C:\Users\miles\.m2\repository\org\springdoc\springdoc-openapi-starter-webmvc-api\2.8.5\springdoc-openapi-starter-webmvc-api-2.8.5.jar;C:\Users\miles\.m2\repository\org\webjars\swagger-ui\5.18.3\swagger-ui-5.18.3.jar;C:\Users\miles\.m2\repository\org\webjars\webjars-locator-lite\1.0.1\webjars-locator-lite-1.0.1.jar;C:\Users\miles\.m2\repository\org\jspecify\jspecify\1.0.0\jspecify-1.0.0.jar;C:\Users\miles\.m2\repository\org\springdoc\springdoc-openapi-starter-webflux-api\2.8.5\springdoc-openapi-starter-webflux-api-2.8.5.jar;C:\Users\miles\.m2\repository\org\springdoc\springdoc-openapi-starter-common\2.8.5\springdoc-openapi-starter-common-2.8.5.jar;C:\Users\miles\.m2\repository\io\swagger\core\v3\swagger-core-jakarta\2.2.28\swagger-core-jakarta-2.2.28.jar;C:\Users\miles\.m2\repository\org\apache\commons\commons-lang3\3.17.0\commons-lang3-3.17.0.jar;C:\Users\miles\.m2\repository\io\swagger\core\v3\swagger-annotations-jakarta\2.2.28\swagger-annotations-jakarta-2.2.28.jar;C:\Users\miles\.m2\repository\io\swagger\core\v3\swagger-models-jakarta\2.2.28\swagger-models-jakarta-2.2.28.jar;C:\Users\miles\.m2\repository\com\fasterxml\jackson\dataformat\jackson-dataformat-yaml\2.18.2\jackson-dataformat-yaml-2.18.2.jar;C:\Users\miles\.m2\repository\org\springframework\spring-webflux\6.2.3\spring-webflux-6.2.3.jar;C:\Users\miles\.m2\repository\io\projectreactor\reactor-core\3.7.3\reactor-core-3.7.3.jar;C:\Users\miles\.m2\repository\org\reactivestreams\reactive-streams\1.0.4\reactive-streams-1.0.4.jar;C:\Users\miles\.m2\repository\org\testcontainers\testcontainers\1.20.5\testcontainers-1.20.5.jar;C:\Users\miles\.m2\repository\junit\junit\4.13.2\junit-4.13.2.jar;C:\Users\miles\.m2\repository\org\hamcrest\hamcrest-core\2.2\hamcrest-core-2.2.jar;C:\Users\miles\.m2\repository\org\apache\commons\commons-compress\1.24.0\commons-compress-1.24.0.jar;C:\Users\miles\.m2\repository\org\rnorth\duct-tape\duct-tape\1.0.8\duct-tape-1.0.8.jar;C:\Users\miles\.m2\repository\org\jetbrains\annotations\17.0.0\annotations-17.0.0.jar;C:\Users\miles\.m2\repository\com\github\docker-java\docker-java-api\3.4.1\docker-java-api-3.4.1.jar;C:\Users\miles\.m2\repository\com\fasterxml\jackson\core\jackson-annotations\2.18.2\jackson-annotations-2.18.2.jar;C:\Users\miles\.m2\repository\com\github\docker-java\docker-java-transport-zerodep\3.4.1\docker-java-transport-zerodep-3.4.1.jar;C:\Users\miles\.m2\repository\com\github\docker-java\docker-java-transport\3.4.1\docker-java-transport-3.4.1.jar;C:\Users\miles\.m2\repository\net\java\dev\jna\jna\5.13.0\jna-5.13.0.jar;C:\Users\miles\.m2\repository\org\testcontainers\junit-jupiter\1.20.5\junit-jupiter-1.20.5.jar;C:\Users\miles\.m2\repository\org\testcontainers\kafka\1.20.5\kafka-1.20.5.jar;C:\Users\miles\.m2\repository\org\testcontainers\rabbitmq\1.20.5\rabbitmq-1.20.5.jar;C:\Users\miles\.m2\repository\org\springframework\boot\spring-boot-starter-amqp\3.4.3\spring-boot-starter-amqp-3.4.3.jar;C:\Users\miles\.m2\repository\org\springframework\spring-messaging\6.2.3\spring-messaging-6.2.3.jar;C:\Users\miles\.m2\repository\org\springframework\amqp\spring-rabbit\3.2.3\spring-rabbit-3.2.3.jar;C:\Users\miles\.m2\repository\org\springframework\amqp\spring-amqp\3.2.3\spring-amqp-3.2.3.jar;C:\Users\miles\.m2\repository\org\springframework\retry\spring-retry\2.0.11\spring-retry-2.0.11.jar;C:\Users\miles\.m2\repository\org\springframework\spring-tx\6.2.3\spring-tx-6.2.3.jar;C:\Users\miles\.m2\repository\org\slf4j\slf4j-api\2.0.9\slf4j-api-2.0.9.jar;"/>
    <property name="sun.cpu.endian" value="little"/>
    <property name="user.home" value="C:\Users\miles"/>
    <property name="user.language" value="en"/>
    <property name="java.specification.vendor" value="Oracle Corporation"/>
    <property name="java.version.date" value="2024-10-15"/>
    <property name="java.home" value="C:\Program Files\Java\jdk-21"/>
    <property name="file.separator" value="\"/>
    <property name="basedir" value="C:\Users\miles\Documents\GitHub\AcpCw2"/>
    <property name="java.vm.compressedOopsMode" value="32-bit"/>
    <property name="line.separator" value="&#10;"/>
    <property name="java.vm.specification.vendor" value="Oracle Corporation"/>
    <property name="java.specification.name" value="Java Platform API Specification"/>
    <property name="FILE_LOG_CHARSET" value="UTF-8"/>
    <property name="java.awt.headless" value="true"/>
    <property name="surefire.real.class.path" value="C:\Users\miles\AppData\Local\Temp\surefire9019135090088088996\surefirebooter-20250423162046313_3.jar"/>
    <property name="user.script" value=""/>
    <property name="sun.management.compiler" value="HotSpot 64-Bit Tiered Compilers"/>
    <property name="java.runtime.version" value="21.0.5+9-LTS-239"/>
    <property name="user.name" value="miles"/>
    <property name="stdout.encoding" value="Cp1252"/>
    <property name="path.separator" value=";"/>
    <property name="os.version" value="10.0"/>
    <property name="java.runtime.name" value="Java(TM) SE Runtime Environment"/>
    <property name="file.encoding" value="UTF-8"/>
    <property name="java.vm.name" value="Java HotSpot(TM) 64-Bit Server VM"/>
    <property name="localRepository" value="C:\Users\miles\.m2\repository"/>
    <property name="java.vendor.url.bug" value="https://bugreport.java.com/bugreport/"/>
    <property name="java.io.tmpdir" value="C:\Users\miles\AppData\Local\Temp\"/>
    <property name="idea.version" value="2023.2.3"/>
    <property name="catalina.home" value="C:\Users\miles\AppData\Local\Temp\tomcat.0.18294170095334677448"/>
    <property name="java.version" value="21.0.5"/>
    <property name="user.dir" value="C:\Users\miles\Documents\GitHub\AcpCw2"/>
    <property name="os.arch" value="amd64"/>
    <property name="java.vm.specification.name" value="Java Virtual Machine Specification"/>
    <property name="PID" value="13436"/>
    <property name="sun.os.patch.level" value=""/>
    <property name="CONSOLE_LOG_CHARSET" value="UTF-8"/>
    <property name="catalina.base" value="C:\Users\miles\AppData\Local\Temp\tomcat.0.18294170095334677448"/>
    <property name="native.encoding" value="Cp1252"/>
    <property name="java.library.path" value="C:\Program Files\Java\jdk-21\bin;C:\WINDOWS\Sun\Java\bin;C:\WINDOWS\system32;C:\WINDOWS;C:\Program Files\Common Files\Oracle\Java\javapath;C:\Program Files (x86)\Razer Chroma SDK\bin;C:\Program Files\Razer Chroma SDK\bin;C:\windows\system32;C:\windows;C:\windows\System32\Wbem;C:\windows\System32\WindowsPowerShell\v1.0\;C:\windows\System32\OpenSSH\;C:\ProgramData\chocolatey\bin;C:\Program Files (x86)\Razer\ChromaBroadcast\bin;C:\Program Files\Razer\ChromaBroadcast\bin;C:\windows\system32\config\systemprofile\AppData\Local\Microsoft\WindowsApps;C:\WINDOWS\system32;C:\WINDOWS;C:\WINDOWS\System32\Wbem;C:\WINDOWS\System32\WindowsPowerShell\v1.0\;C:\WINDOWS\System32\OpenSSH\;C:\Program Files\Git\cmd;C:\Program Files\WireGuard\;C:\Program Files\Docker\Docker\resources\bin;C:\Program Files\dotnet\;C:\Users\miles\AppData\Local\Microsoft\WindowsApps;C:\Users\miles\AppData\Roaming\cabal\bin;C:\ProgramData\chocolatey\lib\ghc\tools\ghc-8.10.2\bin;C:\tools\msys64;C:\Users\miles\AppData\Local\atom\bin;C:\Users\miles\AppData\Local\Microsoft\WindowsApps;C:\Users\miles\AppData\Local\Programs\Microsoft VS Code\bin;C:\Users\miles\AppData\Local\GitHubDesktop\bin;C:\Program Files\JetBrains\IntelliJ IDEA Community Edition 2022.2.2\bin;;C:\Users\miles\AppData\Local\Packages\PythonSoftwareFoundation.Python.3.10_qbz5n2kfra8p0\LocalCache\local-packages\Python310\Scripts;C:\Users\miles\AppData\Local\Packages\PythonSoftwareFoundation.Python.3.11_qbz5n2kfra8p0\LocalCache\local-packages\Python311\Scripts;C:\Users\miles\AppData\Local\Programs\cursor\resources\app\bin;."/>
    <property name="java.vm.info" value="mixed mode, sharing"/>
    <property name="stderr.encoding" value="Cp1252"/>
    <property name="java.vendor" value="Oracle Corporation"/>
    <property name="java.vm.version" value="21.0.5+9-LTS-239"/>
    <property name="sun.io.unicode.encoding" value="UnicodeLittle"/>
    <property name="java.class.version" value="65.0"/>
    <property name="CONSOLE_LOG_PATTERN" value="%d{HH:mm:ss.SSS} %-5level %logger{20} - %msg%n"/>
    <property name="LOGGED_APPLICATION_NAME" value="[acpCw2Service] "/>
  </properties>
  <testcase name="testStorageService" classname="uk.ac.ed.acp.cw2.AcpCw2ApplicationTests" time="1.97">
    <system-out><![CDATA[16:20:47.656 [main] INFO org.springframework.test.context.support.AnnotationConfigContextLoaderUtils -- Could not detect default configuration classes for test class [uk.ac.ed.acp.cw2.AcpCw2ApplicationTests]: AcpCw2ApplicationTests does not declare any static, non-private, non-final, nested classes annotated with @Configuration.
16:20:47.856 [main] INFO org.springframework.boot.test.context.SpringBootTestContextBootstrapper -- Found @SpringBootConfiguration uk.ac.ed.acp.cw2.Application for test class uk.ac.ed.acp.cw2.AcpCw2ApplicationTests

  .   ____          _            __ _ _
 /\\ / ___'_ __ _ _(_)_ __  __ _ \ \ \ \
( ( )\___ | '_ | '_| | '_ \/ _` | \ \ \ \
 \\/  ___)| |_)| | | | | || (_| |  ) ) ) )
  '  |____| .__|_| |_|_| |_\__, | / / / /
 =========|_|==============|___/=/_/_/_/

 :: Spring Boot ::                (v3.4.3)

16:20:48.835 WARN  o.s.b.t.j.DuplicateJsonObjectContextCustomizerFactory$DuplicateJsonObjectContextCustomizer - 

Found multiple occurrences of org.json.JSONObject on the class path:

	jar:file:/C:/Users/miles/.m2/repository/com/vaadin/external/google/android-json/0.0.20131108.vaadin1/android-json-0.0.20131108.vaadin1.jar!/org/json/JSONObject.class
	jar:file:/C:/Users/miles/.m2/repository/org/json/json/20220320/json-20220320.jar!/org/json/JSONObject.class

You may wish to exclude one of them to ensure predictable runtime behavior

16:20:48.865 INFO  u.a.e.a.c.AcpCw2ApplicationTests - Starting AcpCw2ApplicationTests using Java 21.0.5 with PID 13436 (started by miles in C:\Users\miles\Documents\GitHub\AcpCw2)
16:20:48.866 INFO  u.a.e.a.c.AcpCw2ApplicationTests - No active profile set, falling back to 1 default profile: "default"
16:20:52.166 INFO  o.s.b.w.e.t.TomcatWebServer - Tomcat initialized with port 0 (http)
16:20:52.288 INFO  o.s.b.w.s.c.ServletWebServerApplicationContext - Root WebApplicationContext: initialization completed in 3378 ms
16:20:54.633 INFO  o.s.b.a.e.w.EndpointLinksResolver - Exposing 3 endpoints beneath base path '/actuator'
16:20:54.805 INFO  o.s.b.w.e.t.TomcatWebServer - Tomcat started on port 53048 (http) with context path '/'
16:20:54.823 INFO  u.a.e.a.c.AcpCw2ApplicationTests - Started AcpCw2ApplicationTests in 6.481 seconds (process running for 8.317)
16:20:56.004 INFO  u.a.e.a.c.AcpCw2ApplicationTests - -------------- STORAGE SERVICE TEST ----------------
16:20:56.005 INFO  u.a.e.a.c.AcpCw2ApplicationTests - Pushing blob to storage service
16:20:56.008 INFO  u.a.e.a.c.s.StorageService - Pushing blob to storage service: { "uid": "s2093547", "datasetName": "store-test-65645-7m6Qp", "data": "store-test-55807-VAEaX" }
16:20:56.591 INFO  u.a.e.a.c.s.StorageService - Uploaded string to storage service: "f0618760-030f-42a1-a612-b6a63f747add" (f0618760-030f-42a1-a612-b6a63f747add)
16:20:56.595 INFO  u.a.e.a.c.AcpCw2ApplicationTests - Receiving blob from storage service
16:20:56.595 INFO  u.a.e.a.c.s.StorageService - Receiving blob from storage service: f0618760-030f-42a1-a612-b6a63f747add
16:20:56.723 INFO  u.a.e.a.c.s.StorageService - Received blob from storage service: uk.ac.ed.acp.cw2.model.BlobPacket@4d1a763c (store-test-65645-7m6Qp, store-test-55807-VAEaX)
16:20:56.727 INFO  u.a.e.a.c.AcpCw2ApplicationTests - Deleting blob from storage service
16:20:56.785 INFO  u.a.e.a.c.s.StorageService - Deleted blob from storage service: f0618760-030f-42a1-a612-b6a63f747add
16:20:56.786 INFO  u.a.e.a.c.AcpCw2ApplicationTests - Checking if blob is deleted
16:20:56.786 INFO  u.a.e.a.c.s.StorageService - Receiving blob from storage service: f0618760-030f-42a1-a612-b6a63f747add
16:20:56.885 ERROR u.a.e.a.c.s.StorageService - Failed to receive blob from storage service: https://acp-storage.azurewebsites.net/api/v1/blob/f0618760-030f-42a1-a612-b6a63f747add 500 Internal Server Error on GET request for "https://acp-storage.azurewebsites.net/api/v1/blob/f0618760-030f-42a1-a612-b6a63f747add": "<html><body><h1>ACP-Storage-Service - Error Page</h1><div>Status code: <b>null</b></div><div>Exception Message: <b>N/A</b></div> <div>Original URL: <b>/api/v1/blob/f0618760-030f-42a1-a612-b6a63f747add</b></div> <br/><div>Timestamp: <b>2025/04/23 15:20:57</b></div><body></html>"
]]></system-out>
    <system-err><![CDATA[Mockito is currently self-attaching to enable the inline-mock-maker. This will no longer work in future releases of the JDK. Please add Mockito as an agent to your build what is described in Mockito's documentation: https://javadoc.io/doc/org.mockito/mockito-core/latest/org/mockito/Mockito.html#0.3
WARNING: A Java agent has been loaded dynamically (C:\Users\miles\.m2\repository\net\bytebuddy\byte-buddy-agent\1.15.11\byte-buddy-agent-1.15.11.jar)
WARNING: If a serviceability tool is in use, please run with -XX:+EnableDynamicAgentLoading to hide this warning
WARNING: If a serviceability tool is not in use, please run with -Djdk.instrument.traceUsage for more information
WARNING: Dynamic loading of agents will be disallowed by default in a future release
]]></system-err>
  </testcase>
  <testcase name="testRabbitMQ" classname="uk.ac.ed.acp.cw2.AcpCw2ApplicationTests" time="1.514">
    <system-out><![CDATA[16:20:56.914 INFO  u.a.e.a.c.AcpCw2ApplicationTests - --------------STARTING RABBIT MQ TEST-------------
16:20:56.915 INFO  u.a.e.a.c.AcpCw2ApplicationTests - queueName: RabbitMQ-17502-0deqI
16:20:57.084 INFO  o.s.w.s.DispatcherServlet - Initializing Servlet 'dispatcherServlet'
16:20:57.087 INFO  o.s.w.s.DispatcherServlet - Completed initialization in 3 ms
16:20:57.146 INFO  u.a.e.a.c.s.RabbitMqService - =-= Pushing 5 messages to queue RabbitMQ-17502-0deqI
16:20:57.325 INFO  u.a.e.a.c.s.RabbitMqService - Sent 5 messages to RabbitMQ-17502-0deqI
16:20:57.377 INFO  u.a.e.a.c.s.RabbitMqService - =-= Reading messages from queue RabbitMQ-17502-0deqI with timeout 1000 msec
16:20:58.393 INFO  u.a.e.a.c.s.RabbitMqService - Returned 5 messages in 1015, timeout was 1000 (max:1200)
RabbitMQ Message - uid: s2093547, counter: 0
]]></system-out>
  </testcase>
  <testcase name="testKafkaSent" classname="uk.ac.ed.acp.cw2.AcpCw2ApplicationTests" time="6.559">
    <system-out><![CDATA[16:20:58.429 INFO  u.a.e.a.c.AcpCw2ApplicationTests - -----------STARTING KAFKA TEST-------------
16:20:58.429 INFO  u.a.e.a.c.AcpCw2ApplicationTests - topicName: KafkaSent-11640-DyeVj
16:20:58.433 INFO  u.a.e.a.c.s.KafkaService - Pushing 5 count messages to topic KafkaSent-11640-DyeVj
16:20:58.434 INFO  u.a.e.a.c.s.KafkaService - Pushing 5 messages to KafkaSent-11640-DyeVj
16:20:59.397 WARN  o.a.k.c.NetworkClient - [Producer clientId=producer-1] The metadata response from the cluster reported a recoverable issue with correlation id 1 : {KafkaSent-11640-DyeVj=UNKNOWN_TOPIC_OR_PARTITION}
16:20:59.698 INFO  u.a.e.a.c.s.KafkaService - Reading messages from topic KafkaSent-11640-DyeVj with timeout 5000 msec
16:21:04.709 INFO  u.a.e.a.c.s.KafkaService - Returned 5 messages in 5010 ms, timeout was 5000 ms (max:5200 ms)
Kafka Message - uid: s2093547, counter: 0
]]></system-out>
  </testcase>
  <testcase name="testService" classname="uk.ac.ed.acp.cw2.AcpCw2ApplicationTests" time="7.671">
    <system-out><![CDATA[16:21:04.989 INFO  u.a.e.a.c.AcpCw2ApplicationTests - --------------STARTING SERVICE TEST----------------
16:21:04.990 INFO  u.a.e.a.c.AcpCw2ApplicationTests - readTopic: ServiceTestRead-21706-htX9D, Good: ServiceTestGood-49348-6h6tY, Bad: ServiceTestBad-84320-HuGjS, Count: 10
16:21:04.994 INFO  u.a.e.a.c.AcpCw2ApplicationTests - Created 5 good messages, 5 bad messages
16:21:05.015 INFO  u.a.e.a.c.s.KafkaService - Pushing 10 messages to ServiceTestRead-21706-htX9D
16:21:05.032 WARN  o.a.k.c.NetworkClient - [Producer clientId=producer-6] The metadata response from the cluster reported a recoverable issue with correlation id 1 : {ServiceTestRead-21706-htX9D=UNKNOWN_TOPIC_OR_PARTITION}
16:21:05.379 INFO  u.a.e.a.c.s.MainService - Processing messages; topic:ServiceTestRead-21706-htX9D, good_queue:ServiceTestGood-49348-6h6tY, bad_queue:ServiceTestBad-84320-HuGjS, count:10
16:21:05.379 INFO  u.a.e.a.c.s.KafkaService - Reading messages from topic ServiceTestRead-21706-htX9D with timeout 5000 msec
16:21:09.330 INFO  u.a.e.a.c.s.KafkaService - Returned 10 messages in 3951 ms, timeout was 5000 ms (max:5200 ms)
16:21:09.906 INFO  u.a.e.a.c.s.MainService - Received 10/10 valid messages
16:21:09.962 INFO  u.a.e.a.c.s.MessageProcessor - goodTotal: 0.0, badTotal: 0.0
16:21:09.967 INFO  u.a.e.a.c.s.StorageService - Pushing blob to storage service: { "uid": "s2093547", "datasetName": "store-s2093547", "data": "{\"uid\":\"s2093547\",\"key\":\"GNXX\",\"comment\":\" \",\"value\":16.18,\"runningTotalValue\":16.18}" }
16:21:10.254 INFO  u.a.e.a.c.s.StorageService - Uploaded string to storage service: "0208160d-ae7f-4b12-9bd6-a41659909641" (0208160d-ae7f-4b12-9bd6-a41659909641)
16:21:10.254 INFO  u.a.e.a.c.s.StorageService - Pushing blob to storage service: { "uid": "s2093547", "datasetName": "store-s2093547", "data": "{\"uid\":\"s2093547\",\"key\":\"KKI\",\"comment\":\" \",\"value\":8.28,\"runningTotalValue\":24.46}" }
16:21:10.376 INFO  u.a.e.a.c.s.StorageService - Uploaded string to storage service: "22751acb-39b5-4aac-9b55-74fd998e5a40" (22751acb-39b5-4aac-9b55-74fd998e5a40)
16:21:10.377 INFO  u.a.e.a.c.s.StorageService - Pushing blob to storage service: { "uid": "s2093547", "datasetName": "store-s2093547", "data": "{\"uid\":\"s2093547\",\"key\":\"GJS\",\"comment\":\" \",\"value\":27.59,\"runningTotalValue\":52.05}" }
16:21:10.483 INFO  u.a.e.a.c.s.StorageService - Uploaded string to storage service: "fcdb63d0-a16d-4463-9b8d-8963e3f03be5" (fcdb63d0-a16d-4463-9b8d-8963e3f03be5)
16:21:10.484 INFO  u.a.e.a.c.s.StorageService - Pushing blob to storage service: { "uid": "s2093547", "datasetName": "store-s2093547", "data": "{\"uid\":\"s2093547\",\"key\":\"ARM\",\"comment\":\" \",\"value\":27.03,\"runningTotalValue\":79.08}" }
16:21:10.594 INFO  u.a.e.a.c.s.StorageService - Uploaded string to storage service: "6ad86d74-94bf-48d1-8862-566dfee57b4c" (6ad86d74-94bf-48d1-8862-566dfee57b4c)
16:21:10.595 INFO  u.a.e.a.c.s.StorageService - Pushing blob to storage service: { "uid": "s2093547", "datasetName": "store-s2093547", "data": "{\"uid\":\"s2093547\",\"key\":\"IUV\",\"comment\":\" \",\"value\":26.62,\"runningTotalValue\":105.700005}" }
16:21:10.678 INFO  u.a.e.a.c.s.StorageService - Uploaded string to storage service: "53135efb-cb9b-4b0f-b137-937dbf9fa485" (53135efb-cb9b-4b0f-b137-937dbf9fa485)
16:21:11.076 INFO  u.a.e.a.c.s.RabbitMqService - Sent 5 messages to ServiceTestGood-49348-6h6tY
16:21:11.227 INFO  u.a.e.a.c.s.RabbitMqService - Sent 5 messages to ServiceTestBad-84320-HuGjS
16:21:11.274 INFO  u.a.e.a.c.AcpCw2ApplicationTests - -------------- RECEIVING MESSAGES ----------------
16:21:11.278 INFO  u.a.e.a.c.s.RabbitMqService - =-= Reading messages from queue ServiceTestGood-49348-6h6tY with timeout 500 msec
16:21:11.791 INFO  u.a.e.a.c.s.RabbitMqService - Returned 6 messages in 513, timeout was 500 (max:700)
16:21:11.808 INFO  u.a.e.a.c.s.RabbitMqService - =-= Reading messages from queue ServiceTestBad-84320-HuGjS with timeout 500 msec
16:21:12.310 INFO  u.a.e.a.c.s.RabbitMqService - Returned 6 messages in 502, timeout was 500 (max:700)
16:21:12.321 INFO  u.a.e.a.c.AcpCw2ApplicationTests - -------------- GOOD QUEUE ----------------
16:21:12.321 INFO  u.a.e.a.c.s.StorageService - Receiving blob from storage service: 0208160d-ae7f-4b12-9bd6-a41659909641
16:21:12.370 INFO  u.a.e.a.c.s.StorageService - Received blob from storage service: uk.ac.ed.acp.cw2.model.BlobPacket@27558dee (store-s2093547, {"uid":"s2093547","key":"GNXX","comment":" ","value":16.18,"runningTotalValue":16.18})
16:21:12.371 INFO  u.a.e.a.c.s.StorageService - Receiving blob from storage service: 22751acb-39b5-4aac-9b55-74fd998e5a40
16:21:12.412 INFO  u.a.e.a.c.s.StorageService - Received blob from storage service: uk.ac.ed.acp.cw2.model.BlobPacket@6108c962 (store-s2093547, {"uid":"s2093547","key":"KKI","comment":" ","value":8.28,"runningTotalValue":24.46})
16:21:12.413 INFO  u.a.e.a.c.s.StorageService - Receiving blob from storage service: fcdb63d0-a16d-4463-9b8d-8963e3f03be5
16:21:12.463 INFO  u.a.e.a.c.s.StorageService - Received blob from storage service: uk.ac.ed.acp.cw2.model.BlobPacket@41c05747 (store-s2093547, {"uid":"s2093547","key":"GJS","comment":" ","value":27.59,"runningTotalValue":52.05})
16:21:12.463 INFO  u.a.e.a.c.s.StorageService - Receiving blob from storage service: 6ad86d74-94bf-48d1-8862-566dfee57b4c
16:21:12.566 INFO  u.a.e.a.c.s.StorageService - Received blob from storage service: uk.ac.ed.acp.cw2.model.BlobPacket@64455184 (store-s2093547, {"uid":"s2093547","key":"ARM","comment":" ","value":27.03,"runningTotalValue":79.08})
16:21:12.566 INFO  u.a.e.a.c.s.StorageService - Receiving blob from storage service: 53135efb-cb9b-4b0f-b137-937dbf9fa485
16:21:12.653 INFO  u.a.e.a.c.s.StorageService - Received blob from storage service: uk.ac.ed.acp.cw2.model.BlobPacket@6f749a1f (store-s2093547, {"uid":"s2093547","key":"IUV","comment":" ","value":26.62,"runningTotalValue":105.700005})
16:21:12.653 INFO  u.a.e.a.c.AcpCw2ApplicationTests - Good packets passed
16:21:12.654 INFO  u.a.e.a.c.AcpCw2ApplicationTests - -------------- BAD QUEUE ----------------
16:21:12.654 INFO  u.a.e.a.c.AcpCw2ApplicationTests - Bad packets passed
]]></system-out>
  </testcase>
  <testcase name="testKafkaMultipleReads" classname="uk.ac.ed.acp.cw2.AcpCw2ApplicationTests" time="17.361">
    <system-out><![CDATA[16:21:12.661 INFO  u.a.e.a.c.AcpCw2ApplicationTests - --------------STARTING KAFKA MULTIPLE READS TEST----------------
16:21:12.661 INFO  u.a.e.a.c.AcpCw2ApplicationTests - topicName: KafkaMultipleReads-46625-XB5mo
16:21:12.664 INFO  u.a.e.a.c.s.KafkaService - Pushing 100 count messages to topic KafkaMultipleReads-46625-XB5mo
16:21:12.667 INFO  u.a.e.a.c.s.KafkaService - Pushing 100 messages to KafkaMultipleReads-46625-XB5mo
16:21:12.690 WARN  o.a.k.c.NetworkClient - [Producer clientId=producer-16] The metadata response from the cluster reported a recoverable issue with correlation id 1 : {KafkaMultipleReads-46625-XB5mo=UNKNOWN_TOPIC_OR_PARTITION}
16:21:14.811 INFO  u.a.e.a.c.s.KafkaService - Reading messages from topic KafkaMultipleReads-46625-XB5mo with timeout 5000 msec
16:21:19.824 INFO  u.a.e.a.c.s.KafkaService - Returned 100 messages in 5012 ms, timeout was 5000 ms (max:5200 ms)
16:21:19.881 INFO  u.a.e.a.c.AcpCw2ApplicationTests - [0] MessageCount: 100, readMessages: 100, timeout: 5000, time: 5073
16:21:19.884 INFO  u.a.e.a.c.s.KafkaService - Reading messages from topic KafkaMultipleReads-46625-XB5mo with timeout 5000 msec
16:21:24.893 INFO  u.a.e.a.c.s.KafkaService - Returned 100 messages in 5009 ms, timeout was 5000 ms (max:5200 ms)
16:21:24.955 INFO  u.a.e.a.c.AcpCw2ApplicationTests - [1] MessageCount: 100, readMessages: 100, timeout: 5000, time: 5074
16:21:24.958 INFO  u.a.e.a.c.s.KafkaService - Reading messages from topic KafkaMultipleReads-46625-XB5mo with timeout 5000 msec
16:21:29.967 INFO  u.a.e.a.c.s.KafkaService - Returned 100 messages in 5009 ms, timeout was 5000 ms (max:5200 ms)
16:21:30.016 INFO  u.a.e.a.c.AcpCw2ApplicationTests - [2] MessageCount: 100, readMessages: 100, timeout: 5000, time: 5061
]]></system-out>
  </testcase>
  <testcase name="testTransform" classname="uk.ac.ed.acp.cw2.AcpCw2ApplicationTests" time="4.229">
    <system-out><![CDATA[16:21:30.025 INFO  u.a.e.a.c.AcpCw2ApplicationTests - --------------STARTING TRANSFORM TEST----------------
16:21:30.053 INFO  u.a.e.a.c.s.RabbitMqService - Sent 10 messages to TransformTestRead-77089-dSAuz
16:21:30.062 INFO  u.a.e.a.c.s.MainService - Transforming messages; read_queue:TransformTestRead-77089-dSAuz, write_queue:TransformTestWrite-43194-yZD2V, count:10
16:21:30.062 INFO  u.a.e.a.c.s.RabbitMqService - =-= Reading messages from queue TransformTestRead-77089-dSAuz with timeout 500 msec
16:21:30.571 INFO  u.a.e.a.c.s.RabbitMqService - Returned 10 messages in 509, timeout was 500 (max:700)
16:21:30.583 INFO  u.a.e.a.c.s.MainService - Handing 10 messages to the transformer
16:21:30.652 INFO  u.a.e.a.c.s.CacheService - Checking Znpl8
16:21:30.847 INFO  u.a.e.a.c.s.CacheService - Checking ydALE
16:21:30.968 INFO  u.a.e.a.c.s.CacheService - Checking NuG6g
16:21:31.087 INFO  u.a.e.a.c.s.CacheService - Checking ld20d
16:21:31.206 INFO  u.a.e.a.c.s.CacheService - Checking V77xs
16:21:31.327 INFO  u.a.e.a.c.s.CacheService - Checking nFGqt
16:21:31.458 INFO  u.a.e.a.c.s.CacheService - Checking V77xs
16:21:31.484 INFO  u.a.e.a.c.s.CacheService - Checking 8Rx5d
16:21:31.597 INFO  u.a.e.a.c.s.CacheService - Checking 66VYL
16:21:31.623 INFO  u.a.e.a.c.s.CacheService - Checking 7I5GT
16:21:31.645 INFO  u.a.e.a.c.s.RabbitMqService - =-= Reading messages from queue TransformTestWrite-43194-yZD2V with timeout 500 msec
16:21:32.156 INFO  u.a.e.a.c.s.RabbitMqService - Returned 10 messages in 510, timeout was 500 (max:700)
16:21:32.164 INFO  u.a.e.a.c.s.CacheService - Checking Znpl8
16:21:32.169 INFO  u.a.e.a.c.s.CacheService - Checking ydALE
16:21:32.174 INFO  u.a.e.a.c.s.CacheService - Checking NuG6g
16:21:32.179 INFO  u.a.e.a.c.s.CacheService - Checking ld20d
16:21:32.185 INFO  u.a.e.a.c.s.CacheService - Checking V77xs
16:21:32.190 INFO  u.a.e.a.c.s.CacheService - Checking nFGqt
16:21:32.195 INFO  u.a.e.a.c.s.CacheService - Checking V77xs
16:21:32.200 INFO  u.a.e.a.c.s.CacheService - Checking 8Rx5d
16:21:32.204 INFO  u.a.e.a.c.s.CacheService - Checking 66VYL
16:21:32.210 INFO  u.a.e.a.c.s.CacheService - Checking 7I5GT
16:21:32.213 INFO  u.a.e.a.c.s.CacheService - Retrieving NuG6g from cache
16:21:32.223 INFO  u.a.e.a.c.s.CacheService - Retrieving 8Rx5d from cache
16:21:32.233 INFO  u.a.e.a.c.s.CacheService - Retrieving ydALE from cache
16:21:32.242 INFO  u.a.e.a.c.s.CacheService - Retrieving 7I5GT from cache
16:21:32.251 INFO  u.a.e.a.c.s.CacheService - Retrieving 66VYL from cache
16:21:32.259 INFO  u.a.e.a.c.s.CacheService - Retrieving nFGqt from cache
16:21:32.270 INFO  u.a.e.a.c.s.CacheService - Retrieving ld20d from cache
16:21:32.278 INFO  u.a.e.a.c.s.CacheService - Retrieving Znpl8 from cache
16:21:32.350 INFO  u.a.e.a.c.s.RabbitMqService - Sent 10 messages to TransformTestRead-17114-8wFdI
16:21:32.392 INFO  u.a.e.a.c.AcpCw2ApplicationTests - Transforming messages; read_queue:TransformTestRead-17114-8wFdI, write_queue:TransformTestWrite-26372-PjOrl, count:10
16:21:32.392 INFO  u.a.e.a.c.s.RabbitMqService - =-= Reading messages from queue TransformTestRead-17114-8wFdI with timeout 500 msec
16:21:32.902 INFO  u.a.e.a.c.s.RabbitMqService - Returned 10 messages in 510, timeout was 500 (max:700)
16:21:32.907 INFO  u.a.e.a.c.AcpCw2ApplicationTests - Handing 10 messages to the transformer
16:21:32.909 INFO  u.a.e.a.c.s.CacheService - Checking Znpl8
16:21:32.936 INFO  u.a.e.a.c.s.CacheService - Checking ydALE
16:21:32.961 INFO  u.a.e.a.c.s.CacheService - Checking NuG6g
16:21:33.076 INFO  u.a.e.a.c.s.CacheService - Checking ld20d
16:21:33.097 INFO  u.a.e.a.c.s.CacheService - Checking V77xs
16:21:33.227 INFO  u.a.e.a.c.s.CacheService - Checking nFGqt
16:21:33.252 INFO  u.a.e.a.c.s.CacheService - Checking V77xs
16:21:33.377 INFO  u.a.e.a.c.s.CacheService - Checking 8Rx5d
16:21:33.498 INFO  u.a.e.a.c.s.CacheService - Checking 66VYL
16:21:33.615 INFO  u.a.e.a.c.s.CacheService - Checking 7I5GT
16:21:33.728 INFO  u.a.e.a.c.s.RabbitMqService - =-= Reading messages from queue TransformTestWrite-26372-PjOrl with timeout 500 msec
16:21:34.238 INFO  u.a.e.a.c.s.RabbitMqService - Returned 10 messages in 509, timeout was 500 (max:700)
]]></system-out>
  </testcase>
</testsuite>